slurmstepd: info: Setting TMPDIR to /scratch/10899128. Previous errors about TMPDIR can be discarded
Slurm job started at 07/03/2025_10:36:07 AM

In transit.
Initing Ray (1 head node + 2 worker nodes + 4 simulation nodes) on nodes: 
	ilk-145 ilk-146 ilk-147 ilk-148 ilk-149 ilk-150 ilk-151
Head node: 172.30.204.1:6379


RAY_DEPLOY_TIME:     23.23406
2025-03-07 10:36:34,105	INFO packaging.py:520 -- Creating a file package for local directory '/mnt/lustre/scratch/nlsas/home/ulc/cursos/curso341/dask_on_reisa_tests/E1/DASK_ON_REISA/derivative/P128-SN4-LS134-GS17179-I10-AN2-D2025-03-07_09-35-23'.
2025-03-07 10:36:34,134	INFO packaging.py:347 -- Pushing file package 'gcs://_ray_pkg_af46544d63657c02.zip' (0.48MiB) to Ray cluster...
2025-03-07 10:36:34,140	INFO packaging.py:360 -- Successfully pushed file package 'gcs://_ray_pkg_af46544d63657c02.zip'.
RAY_INIT_TIME:       4.12596
Iter [0]
Iter [1]
[2m[36m(iter_task pid=1298408, ip=10.120.204.2)[0m /home/ulc/cursos/curso341/.local/lib/python3.9/site-packages/dask/config.py:693: UserWarning: Configuration key "shuffle" has been deprecated. Please use "dataframe.shuffle.algorithm" instead
[2m[36m(iter_task pid=1298408, ip=10.120.204.2)[0m   warnings.warn(
[2m[36m(iter_task pid=1298407, ip=10.120.204.2)[0m /home/ulc/cursos/curso341/.local/lib/python3.9/site-packages/dask/config.py:693: UserWarning: Configuration key "shuffle" has been deprecated. Please use "dataframe.shuffle.algorithm" instead
[2m[36m(iter_task pid=1298407, ip=10.120.204.2)[0m   warnings.warn(
[2m[36m(iter_task pid=584647, ip=10.120.204.3)[0m /home/ulc/cursos/curso341/.local/lib/python3.9/site-packages/dask/config.py:693: UserWarning: Configuration key "shuffle" has been deprecated. Please use "dataframe.shuffle.algorithm" instead
[2m[36m(iter_task pid=584647, ip=10.120.204.3)[0m   warnings.warn(
[2m[36m(iter_task pid=584646, ip=10.120.204.3)[0m /home/ulc/cursos/curso341/.local/lib/python3.9/site-packages/dask/config.py:693: UserWarning: Configuration key "shuffle" has been deprecated. Please use "dataframe.shuffle.algorithm" instead
[2m[36m(iter_task pid=584646, ip=10.120.204.3)[0m   warnings.warn(
Iter [2]
Iter [3]
Iter [4]
Iter [5]
Iter [6]
Iter [7]
Iter [8]
Iter [9]
GLOBAL_PUT_TIME:     7.141716480255127 (avg:0.71417)
ACTOR_CONCURRENCY:   8
SIMULATION_TIME:     197.368274563999989 (avg: 19.736827456400000)
SIM_WTHOUT_PDI:      27.398994722999984 (avg: 2.739899472299999)
PDI_DELAY:           169.969279841000002 (avg: 16.996927984100001)

GLOBAL_SIZE_(GiB):   16777216
LOCAL_SIZE_(MiB):    128
ITERATIONS:          10

MPI_PER_NODE:        32
MPI_PARALLELISM:     128

WORKER_NODES:        2
CPUS_PER_WORKER:     64
WORKER_PARALLELISM:  128


SLURM_JOB_ID:        10899128
[2m[36m(iter_task pid=1298408, ip=10.120.204.2)[0m /home/ulc/cursos/curso341/.local/lib/python3.9/site-packages/dask/config.py:693: UserWarning: Configuration key "shuffle" has been deprecated. Please use "dataframe.shuffle.algorithm" instead
[2m[36m(iter_task pid=1298408, ip=10.120.204.2)[0m   warnings.warn(
[2m[36m(iter_task pid=584647, ip=10.120.204.3)[0m /home/ulc/cursos/curso341/.local/lib/python3.9/site-packages/dask/config.py:693: UserWarning: Configuration key "shuffle" has been deprecated. Please use "dataframe.shuffle.algorithm" instead
[2m[36m(iter_task pid=584647, ip=10.120.204.3)[0m   warnings.warn(
EST_ANALYTICS_TIME:  835.61795 (avg:83.56180)

Slurm job finished at 07/03/2025_10:50:33 AM

*****************************************************************************
*                                                                           *
*                    JOB EFFICIENCY REPORT (seff 10899128)                   *
*                                                                           *
*****************************************************************************

Job ID: 10899128
Cluster: finisterrae3
User/Group: curso341/ulc
State: COMPLETED (exit code 0)
Nodes: 7
Cores per node: 64
CPU Utilized: 06:49:06
CPU Efficiency: 6.32% of 4-11:53:36 core-walltime
Job Wall-clock time: 00:14:27
Memory Utilized: 4.11 GB
Memory Efficiency: 0.27% of 1.48 TB

 +++++++++++++++++++++++++++++++++++++++++++++++++++++++++++++++++++++++++++
 ++   Memory Efficiency is too small. Please review the requested memory. ++
 ++ It seems that you do not need that much memory so we recommend        ++
 ++ requesting less memory in other similar jobs.                         ++
 +++++++++++++++++++++++++++++++++++++++++++++++++++++++++++++++++++++++++++
 
*****************************************************************************


*****************************************************************************
*                                                                           *
*                    JOB EFFICIENCY REPORT (seff 10899128)                   *
*                                                                           *
*****************************************************************************

Job ID: 10899128
Cluster: finisterrae3
User/Group: curso341/ulc
State: COMPLETED (exit code 0)
Nodes: 7
Cores per node: 64
CPU Utilized: 10:33:11
CPU Efficiency: 9.78% of 4-11:53:36 core-walltime
Job Wall-clock time: 00:14:27
Memory Utilized: 24.26 GB
Memory Efficiency: 1.60% of 1.48 TB

 +++++++++++++++++++++++++++++++++++++++++++++++++++++++++++++++++++++++++++
 ++   Memory Efficiency is too small. Please review the requested memory. ++
 ++ It seems that you do not need that much memory so we recommend        ++
 ++ requesting less memory in other similar jobs.                         ++
 +++++++++++++++++++++++++++++++++++++++++++++++++++++++++++++++++++++++++++
 
*****************************************************************************


*****************************************************************************
*                                                                           *
*                    JOB EFFICIENCY REPORT (seff 10899128)                   *
*                                                                           *
*****************************************************************************

Job ID: 10899128
Cluster: finisterrae3
User/Group: curso341/ulc
State: COMPLETED (exit code 0)
Nodes: 7
Cores per node: 64
CPU Utilized: 10:33:11
CPU Efficiency: 9.78% of 4-11:53:36 core-walltime
Job Wall-clock time: 00:14:27
Memory Utilized: 24.26 GB
Memory Efficiency: 1.60% of 1.48 TB

 +++++++++++++++++++++++++++++++++++++++++++++++++++++++++++++++++++++++++++
 ++   Memory Efficiency is too small. Please review the requested memory. ++
 ++ It seems that you do not need that much memory so we recommend        ++
 ++ requesting less memory in other similar jobs.                         ++
 +++++++++++++++++++++++++++++++++++++++++++++++++++++++++++++++++++++++++++
 
*****************************************************************************


*****************************************************************************
*                                                                           *
*                    JOB EFFICIENCY REPORT (seff 10899128)                   *
*                                                                           *
*****************************************************************************

Job ID: 10899128
Cluster: finisterrae3
User/Group: curso341/ulc
State: COMPLETED (exit code 0)
Nodes: 7
Cores per node: 64
CPU Utilized: 10:33:11
CPU Efficiency: 9.78% of 4-11:53:36 core-walltime
Job Wall-clock time: 00:14:27
Memory Utilized: 24.26 GB
Memory Efficiency: 1.60% of 1.48 TB

 +++++++++++++++++++++++++++++++++++++++++++++++++++++++++++++++++++++++++++
 ++   Memory Efficiency is too small. Please review the requested memory. ++
 ++ It seems that you do not need that much memory so we recommend        ++
 ++ requesting less memory in other similar jobs.                         ++
 +++++++++++++++++++++++++++++++++++++++++++++++++++++++++++++++++++++++++++
 
*****************************************************************************


*****************************************************************************
*                                                                           *
*                    JOB EFFICIENCY REPORT (seff 10899128)                   *
*                                                                           *
*****************************************************************************

Job ID: 10899128
Cluster: finisterrae3
User/Group: curso341/ulc
State: COMPLETED (exit code 0)
Nodes: 7
Cores per node: 64
CPU Utilized: 10:33:11
CPU Efficiency: 9.78% of 4-11:53:36 core-walltime
Job Wall-clock time: 00:14:27
Memory Utilized: 24.26 GB
Memory Efficiency: 1.60% of 1.48 TB

 +++++++++++++++++++++++++++++++++++++++++++++++++++++++++++++++++++++++++++
 ++   Memory Efficiency is too small. Please review the requested memory. ++
 ++ It seems that you do not need that much memory so we recommend        ++
 ++ requesting less memory in other similar jobs.                         ++
 +++++++++++++++++++++++++++++++++++++++++++++++++++++++++++++++++++++++++++
 
*****************************************************************************


*****************************************************************************
*                                                                           *
*                    JOB EFFICIENCY REPORT (seff 10899128)                   *
*                                                                           *
*****************************************************************************

Job ID: 10899128
Cluster: finisterrae3
User/Group: curso341/ulc
State: COMPLETED (exit code 0)
Nodes: 7
Cores per node: 64
CPU Utilized: 10:33:11
CPU Efficiency: 9.78% of 4-11:53:36 core-walltime
Job Wall-clock time: 00:14:27
Memory Utilized: 24.26 GB
Memory Efficiency: 1.60% of 1.48 TB

 +++++++++++++++++++++++++++++++++++++++++++++++++++++++++++++++++++++++++++
 ++   Memory Efficiency is too small. Please review the requested memory. ++
 ++ It seems that you do not need that much memory so we recommend        ++
 ++ requesting less memory in other similar jobs.                         ++
 +++++++++++++++++++++++++++++++++++++++++++++++++++++++++++++++++++++++++++
 
*****************************************************************************


*****************************************************************************
*                                                                           *
*                    JOB EFFICIENCY REPORT (seff 10899128)                   *
*                                                                           *
*****************************************************************************

Job ID: 10899128
Cluster: finisterrae3
User/Group: curso341/ulc
State: COMPLETED (exit code 0)
Nodes: 7
Cores per node: 64
CPU Utilized: 10:33:11
CPU Efficiency: 9.78% of 4-11:53:36 core-walltime
Job Wall-clock time: 00:14:27
Memory Utilized: 24.26 GB
Memory Efficiency: 1.60% of 1.48 TB

 +++++++++++++++++++++++++++++++++++++++++++++++++++++++++++++++++++++++++++
 ++   Memory Efficiency is too small. Please review the requested memory. ++
 ++ It seems that you do not need that much memory so we recommend        ++
 ++ requesting less memory in other similar jobs.                         ++
 +++++++++++++++++++++++++++++++++++++++++++++++++++++++++++++++++++++++++++
 
*****************************************************************************

