slurmstepd: info: Setting TMPDIR to /scratch/10934002. Previous errors about TMPDIR can be discarded
Slurm job started at 10/03/2025_11:42:34 PM

In transit.
Initing Ray (1 head node + 8 worker nodes + 8 simulation nodes) on nodes: 
	ilk-145 ilk-146 ilk-147 ilk-148 ilk-150 ilk-151 ilk-152 ilk-153 ilk-154 ilk-155 ilk-156 ilk-157 ilk-159 ilk-160 ilk-161 ilk-162 ilk-163
Head node: 172.30.204.1:6379


RAY_DEPLOY_TIME:     23.41161
2025-03-10 23:43:00,487	INFO packaging.py:520 -- Creating a file package for local directory '/mnt/lustre/scratch/nlsas/home/ulc/cursos/curso341/dask_on_reisa_tests/E5/DASK_ON_REISA_ONE_ACTOR/derivative/P16-SN8-LS268-GS4294-I10-AN8-D2025-03-10_22-50-25'.
2025-03-10 23:43:00,511	INFO packaging.py:347 -- Pushing file package 'gcs://_ray_pkg_c5e5ff80461368d9.zip' (0.48MiB) to Ray cluster...
2025-03-10 23:43:00,518	INFO packaging.py:360 -- Successfully pushed file package 'gcs://_ray_pkg_c5e5ff80461368d9.zip'.
RAY_INIT_TIME:       9.23466
Iter [0]
Iter [1]
Iter [2]
Iter [3]
Iter [4]
Iter [5]
Iter [6]
Iter [7]
Iter [8]
Iter [9]
GLOBAL_PUT_TIME:     4.256929159164429 (avg:0.42569)
ACTOR_CONCURRENCY:   8
SIMULATION_TIME:     43.700173351000004 (avg: 4.370017335100000)
SIM_WTHOUT_PDI:      27.899988561000001 (avg: 2.789998856100000)
PDI_DELAY:           15.800184790000003 (avg: 1.580018479000000)

GLOBAL_SIZE_(GiB):   4194304
LOCAL_SIZE_(MiB):    256
ITERATIONS:          10

MPI_PER_NODE:        2
MPI_PARALLELISM:     16

WORKER_NODES:        8
CPUS_PER_WORKER:     64
WORKER_PARALLELISM:  512


SLURM_JOB_ID:        10934002
EST_ANALYTICS_TIME:  329.86935 (avg:32.98694)

Slurm job finished at 10/03/2025_11:48:36 PM

*****************************************************************************
*                                                                           *
*                    JOB EFFICIENCY REPORT (seff 10934002)                   *
*                                                                           *
*****************************************************************************

Job ID: 10934002
Cluster: finisterrae3
User/Group: curso341/ulc
State: COMPLETED (exit code 0)
Nodes: 17
Cores per node: 64
CPU Utilized: 00:10:28
CPU Efficiency: 0.16% of 4-14:00:32 core-walltime
Job Wall-clock time: 00:06:04
Memory Utilized: 12.09 GB (estimated maximum)
Memory Efficiency: 0.33% of 3.60 TB (3.39 GB/core)

 +++++++++++++++++++++++++++++++++++++++++++++++++++++++++++++++++++++++++++
 ++   Memory Efficiency is too small. Please review the requested memory. ++
 ++ It seems that you do not need that much memory so we recommend        ++
 ++ requesting less memory in other similar jobs.                         ++
 +++++++++++++++++++++++++++++++++++++++++++++++++++++++++++++++++++++++++++
 
*****************************************************************************


*****************************************************************************
*                                                                           *
*                    JOB EFFICIENCY REPORT (seff 10934002)                   *
*                                                                           *
*****************************************************************************

Job ID: 10934002
Cluster: finisterrae3
User/Group: curso341/ulc
State: COMPLETED (exit code 0)
Nodes: 17
Cores per node: 64
CPU Utilized: 00:10:28
CPU Efficiency: 0.16% of 4-14:00:32 core-walltime
Job Wall-clock time: 00:06:04
Memory Utilized: 12.09 GB (estimated maximum)
Memory Efficiency: 0.33% of 3.60 TB (3.39 GB/core)

 +++++++++++++++++++++++++++++++++++++++++++++++++++++++++++++++++++++++++++
 ++   Memory Efficiency is too small. Please review the requested memory. ++
 ++ It seems that you do not need that much memory so we recommend        ++
 ++ requesting less memory in other similar jobs.                         ++
 +++++++++++++++++++++++++++++++++++++++++++++++++++++++++++++++++++++++++++
 
*****************************************************************************


*****************************************************************************
*                                                                           *
*                    JOB EFFICIENCY REPORT (seff 10934002)                   *
*                                                                           *
*****************************************************************************

Job ID: 10934002
Cluster: finisterrae3
User/Group: curso341/ulc
State: COMPLETED (exit code 0)
Nodes: 17
Cores per node: 64
CPU Utilized: 00:17:32
CPU Efficiency: 0.27% of 4-14:00:32 core-walltime
Job Wall-clock time: 00:06:04
Memory Utilized: 6.51 GB
Memory Efficiency: 0.18% of 3.60 TB

 +++++++++++++++++++++++++++++++++++++++++++++++++++++++++++++++++++++++++++
 ++   Memory Efficiency is too small. Please review the requested memory. ++
 ++ It seems that you do not need that much memory so we recommend        ++
 ++ requesting less memory in other similar jobs.                         ++
 +++++++++++++++++++++++++++++++++++++++++++++++++++++++++++++++++++++++++++
 
*****************************************************************************


*****************************************************************************
*                                                                           *
*                    JOB EFFICIENCY REPORT (seff 10934002)                   *
*                                                                           *
*****************************************************************************

Job ID: 10934002
Cluster: finisterrae3
User/Group: curso341/ulc
State: COMPLETED (exit code 0)
Nodes: 17
Cores per node: 64
CPU Utilized: 00:17:32
CPU Efficiency: 0.27% of 4-14:00:32 core-walltime
Job Wall-clock time: 00:06:04
Memory Utilized: 6.51 GB
Memory Efficiency: 0.18% of 3.60 TB

 +++++++++++++++++++++++++++++++++++++++++++++++++++++++++++++++++++++++++++
 ++   Memory Efficiency is too small. Please review the requested memory. ++
 ++ It seems that you do not need that much memory so we recommend        ++
 ++ requesting less memory in other similar jobs.                         ++
 +++++++++++++++++++++++++++++++++++++++++++++++++++++++++++++++++++++++++++
 
*****************************************************************************


*****************************************************************************
*                                                                           *
*                    JOB EFFICIENCY REPORT (seff 10934002)                   *
*                                                                           *
*****************************************************************************

Job ID: 10934002
Cluster: finisterrae3
User/Group: curso341/ulc
State: COMPLETED (exit code 0)
Nodes: 17
Cores per node: 64
CPU Utilized: 00:17:32
CPU Efficiency: 0.27% of 4-14:00:32 core-walltime
Job Wall-clock time: 00:06:04
Memory Utilized: 6.51 GB
Memory Efficiency: 0.18% of 3.60 TB

 +++++++++++++++++++++++++++++++++++++++++++++++++++++++++++++++++++++++++++
 ++   Memory Efficiency is too small. Please review the requested memory. ++
 ++ It seems that you do not need that much memory so we recommend        ++
 ++ requesting less memory in other similar jobs.                         ++
 +++++++++++++++++++++++++++++++++++++++++++++++++++++++++++++++++++++++++++
 
*****************************************************************************


*****************************************************************************
*                                                                           *
*                    JOB EFFICIENCY REPORT (seff 10934002)                   *
*                                                                           *
*****************************************************************************

Job ID: 10934002
Cluster: finisterrae3
User/Group: curso341/ulc
State: COMPLETED (exit code 0)
Nodes: 17
Cores per node: 64
CPU Utilized: 00:17:32
CPU Efficiency: 0.27% of 4-14:00:32 core-walltime
Job Wall-clock time: 00:06:04
Memory Utilized: 6.51 GB
Memory Efficiency: 0.18% of 3.60 TB

 +++++++++++++++++++++++++++++++++++++++++++++++++++++++++++++++++++++++++++
 ++   Memory Efficiency is too small. Please review the requested memory. ++
 ++ It seems that you do not need that much memory so we recommend        ++
 ++ requesting less memory in other similar jobs.                         ++
 +++++++++++++++++++++++++++++++++++++++++++++++++++++++++++++++++++++++++++
 
*****************************************************************************


*****************************************************************************
*                                                                           *
*                    JOB EFFICIENCY REPORT (seff 10934002)                   *
*                                                                           *
*****************************************************************************

Job ID: 10934002
Cluster: finisterrae3
User/Group: curso341/ulc
State: COMPLETED (exit code 0)
Nodes: 17
Cores per node: 64
CPU Utilized: 00:17:32
CPU Efficiency: 0.27% of 4-14:00:32 core-walltime
Job Wall-clock time: 00:06:04
Memory Utilized: 6.51 GB
Memory Efficiency: 0.18% of 3.60 TB

 +++++++++++++++++++++++++++++++++++++++++++++++++++++++++++++++++++++++++++
 ++   Memory Efficiency is too small. Please review the requested memory. ++
 ++ It seems that you do not need that much memory so we recommend        ++
 ++ requesting less memory in other similar jobs.                         ++
 +++++++++++++++++++++++++++++++++++++++++++++++++++++++++++++++++++++++++++
 
*****************************************************************************


*****************************************************************************
*                                                                           *
*                    JOB EFFICIENCY REPORT (seff 10934002)                   *
*                                                                           *
*****************************************************************************

Job ID: 10934002
Cluster: finisterrae3
User/Group: curso341/ulc
State: COMPLETED (exit code 0)
Nodes: 17
Cores per node: 64
CPU Utilized: 00:17:32
CPU Efficiency: 0.27% of 4-14:00:32 core-walltime
Job Wall-clock time: 00:06:04
Memory Utilized: 6.51 GB
Memory Efficiency: 0.18% of 3.60 TB

 +++++++++++++++++++++++++++++++++++++++++++++++++++++++++++++++++++++++++++
 ++   Memory Efficiency is too small. Please review the requested memory. ++
 ++ It seems that you do not need that much memory so we recommend        ++
 ++ requesting less memory in other similar jobs.                         ++
 +++++++++++++++++++++++++++++++++++++++++++++++++++++++++++++++++++++++++++
 
*****************************************************************************


*****************************************************************************
*                                                                           *
*                    JOB EFFICIENCY REPORT (seff 10934002)                   *
*                                                                           *
*****************************************************************************

Job ID: 10934002
Cluster: finisterrae3
User/Group: curso341/ulc
State: COMPLETED (exit code 0)
Nodes: 17
Cores per node: 64
CPU Utilized: 00:17:32
CPU Efficiency: 0.27% of 4-14:00:32 core-walltime
Job Wall-clock time: 00:06:04
Memory Utilized: 6.51 GB
Memory Efficiency: 0.18% of 3.60 TB

 +++++++++++++++++++++++++++++++++++++++++++++++++++++++++++++++++++++++++++
 ++   Memory Efficiency is too small. Please review the requested memory. ++
 ++ It seems that you do not need that much memory so we recommend        ++
 ++ requesting less memory in other similar jobs.                         ++
 +++++++++++++++++++++++++++++++++++++++++++++++++++++++++++++++++++++++++++
 
*****************************************************************************


*****************************************************************************
*                                                                           *
*                    JOB EFFICIENCY REPORT (seff 10934002)                   *
*                                                                           *
*****************************************************************************

Job ID: 10934002
Cluster: finisterrae3
User/Group: curso341/ulc
State: COMPLETED (exit code 0)
Nodes: 17
Cores per node: 64
CPU Utilized: 00:17:32
CPU Efficiency: 0.27% of 4-14:00:32 core-walltime
Job Wall-clock time: 00:06:04
Memory Utilized: 6.51 GB
Memory Efficiency: 0.18% of 3.60 TB

 +++++++++++++++++++++++++++++++++++++++++++++++++++++++++++++++++++++++++++
 ++   Memory Efficiency is too small. Please review the requested memory. ++
 ++ It seems that you do not need that much memory so we recommend        ++
 ++ requesting less memory in other similar jobs.                         ++
 +++++++++++++++++++++++++++++++++++++++++++++++++++++++++++++++++++++++++++
 
*****************************************************************************


*****************************************************************************
*                                                                           *
*                    JOB EFFICIENCY REPORT (seff 10934002)                   *
*                                                                           *
*****************************************************************************

Job ID: 10934002
Cluster: finisterrae3
User/Group: curso341/ulc
State: COMPLETED (exit code 0)
Nodes: 17
Cores per node: 64
CPU Utilized: 00:17:32
CPU Efficiency: 0.27% of 4-14:00:32 core-walltime
Job Wall-clock time: 00:06:04
Memory Utilized: 6.51 GB
Memory Efficiency: 0.18% of 3.60 TB

 +++++++++++++++++++++++++++++++++++++++++++++++++++++++++++++++++++++++++++
 ++   Memory Efficiency is too small. Please review the requested memory. ++
 ++ It seems that you do not need that much memory so we recommend        ++
 ++ requesting less memory in other similar jobs.                         ++
 +++++++++++++++++++++++++++++++++++++++++++++++++++++++++++++++++++++++++++
 
*****************************************************************************


*****************************************************************************
*                                                                           *
*                    JOB EFFICIENCY REPORT (seff 10934002)                   *
*                                                                           *
*****************************************************************************

Job ID: 10934002
Cluster: finisterrae3
User/Group: curso341/ulc
State: COMPLETED (exit code 0)
Nodes: 17
Cores per node: 64
CPU Utilized: 00:18:45
CPU Efficiency: 0.28% of 4-14:00:32 core-walltime
Job Wall-clock time: 00:06:04
Memory Utilized: 6.51 GB
Memory Efficiency: 0.18% of 3.60 TB

 +++++++++++++++++++++++++++++++++++++++++++++++++++++++++++++++++++++++++++
 ++   Memory Efficiency is too small. Please review the requested memory. ++
 ++ It seems that you do not need that much memory so we recommend        ++
 ++ requesting less memory in other similar jobs.                         ++
 +++++++++++++++++++++++++++++++++++++++++++++++++++++++++++++++++++++++++++
 
*****************************************************************************


*****************************************************************************
*                                                                           *
*                    JOB EFFICIENCY REPORT (seff 10934002)                   *
*                                                                           *
*****************************************************************************

Job ID: 10934002
Cluster: finisterrae3
User/Group: curso341/ulc
State: COMPLETED (exit code 0)
Nodes: 17
Cores per node: 64
CPU Utilized: 00:20:01
CPU Efficiency: 0.30% of 4-14:00:32 core-walltime
Job Wall-clock time: 00:06:04
Memory Utilized: 6.51 GB
Memory Efficiency: 0.18% of 3.60 TB

 +++++++++++++++++++++++++++++++++++++++++++++++++++++++++++++++++++++++++++
 ++   Memory Efficiency is too small. Please review the requested memory. ++
 ++ It seems that you do not need that much memory so we recommend        ++
 ++ requesting less memory in other similar jobs.                         ++
 +++++++++++++++++++++++++++++++++++++++++++++++++++++++++++++++++++++++++++
 
*****************************************************************************


*****************************************************************************
*                                                                           *
*                    JOB EFFICIENCY REPORT (seff 10934002)                   *
*                                                                           *
*****************************************************************************

Job ID: 10934002
Cluster: finisterrae3
User/Group: curso341/ulc
State: COMPLETED (exit code 0)
Nodes: 17
Cores per node: 64
CPU Utilized: 01:19:42
CPU Efficiency: 1.21% of 4-14:00:32 core-walltime
Job Wall-clock time: 00:06:04
Memory Utilized: 15.68 GB
Memory Efficiency: 0.43% of 3.60 TB

 +++++++++++++++++++++++++++++++++++++++++++++++++++++++++++++++++++++++++++
 ++   Memory Efficiency is too small. Please review the requested memory. ++
 ++ It seems that you do not need that much memory so we recommend        ++
 ++ requesting less memory in other similar jobs.                         ++
 +++++++++++++++++++++++++++++++++++++++++++++++++++++++++++++++++++++++++++
 
*****************************************************************************


*****************************************************************************
*                                                                           *
*                    JOB EFFICIENCY REPORT (seff 10934002)                   *
*                                                                           *
*****************************************************************************

Job ID: 10934002
Cluster: finisterrae3
User/Group: curso341/ulc
State: COMPLETED (exit code 0)
Nodes: 17
Cores per node: 64
CPU Utilized: 01:19:42
CPU Efficiency: 1.21% of 4-14:00:32 core-walltime
Job Wall-clock time: 00:06:04
Memory Utilized: 15.68 GB
Memory Efficiency: 0.43% of 3.60 TB

 +++++++++++++++++++++++++++++++++++++++++++++++++++++++++++++++++++++++++++
 ++   Memory Efficiency is too small. Please review the requested memory. ++
 ++ It seems that you do not need that much memory so we recommend        ++
 ++ requesting less memory in other similar jobs.                         ++
 +++++++++++++++++++++++++++++++++++++++++++++++++++++++++++++++++++++++++++
 
*****************************************************************************


*****************************************************************************
*                                                                           *
*                    JOB EFFICIENCY REPORT (seff 10934002)                   *
*                                                                           *
*****************************************************************************

Job ID: 10934002
Cluster: finisterrae3
User/Group: curso341/ulc
State: COMPLETED (exit code 0)
Nodes: 17
Cores per node: 64
CPU Utilized: 01:19:42
CPU Efficiency: 1.21% of 4-14:00:32 core-walltime
Job Wall-clock time: 00:06:04
Memory Utilized: 15.68 GB
Memory Efficiency: 0.43% of 3.60 TB

 +++++++++++++++++++++++++++++++++++++++++++++++++++++++++++++++++++++++++++
 ++   Memory Efficiency is too small. Please review the requested memory. ++
 ++ It seems that you do not need that much memory so we recommend        ++
 ++ requesting less memory in other similar jobs.                         ++
 +++++++++++++++++++++++++++++++++++++++++++++++++++++++++++++++++++++++++++
 
*****************************************************************************


*****************************************************************************
*                                                                           *
*                    JOB EFFICIENCY REPORT (seff 10934002)                   *
*                                                                           *
*****************************************************************************

Job ID: 10934002
Cluster: finisterrae3
User/Group: curso341/ulc
State: COMPLETED (exit code 0)
Nodes: 17
Cores per node: 64
CPU Utilized: 01:34:51
CPU Efficiency: 1.44% of 4-14:00:32 core-walltime
Job Wall-clock time: 00:06:04
Memory Utilized: 25.24 GB
Memory Efficiency: 0.68% of 3.60 TB

 +++++++++++++++++++++++++++++++++++++++++++++++++++++++++++++++++++++++++++
 ++   Memory Efficiency is too small. Please review the requested memory. ++
 ++ It seems that you do not need that much memory so we recommend        ++
 ++ requesting less memory in other similar jobs.                         ++
 +++++++++++++++++++++++++++++++++++++++++++++++++++++++++++++++++++++++++++
 
*****************************************************************************

