slurmstepd: info: Setting TMPDIR to /scratch/10934022. Previous errors about TMPDIR can be discarded
Slurm job started at 11/03/2025_02:51:06 AM

In transit.
Initing Ray (1 head node + 2 worker nodes + 4 simulation nodes) on nodes: 
	ilk-193 ilk-206 ilk-211 ilk-214 ilk-225 ilk-228 ilk-230
Head node: 172.30.205.1:6379


RAY_DEPLOY_TIME:     23.82003
2025-03-11 02:51:34,626	INFO packaging.py:520 -- Creating a file package for local directory '/mnt/lustre/scratch/nlsas/home/ulc/cursos/curso341/dask_on_reisa_tests/E5/DASK_ON_REISA_ONE_ACTOR/reduction/P128-SN4-LS1-GS134-I20-AN2-D2025-03-10_22-51-11'.
2025-03-11 02:51:34,652	INFO packaging.py:347 -- Pushing file package 'gcs://_ray_pkg_cd3a2b8c7c310520.zip' (0.48MiB) to Ray cluster...
2025-03-11 02:51:34,659	INFO packaging.py:360 -- Successfully pushed file package 'gcs://_ray_pkg_cd3a2b8c7c310520.zip'.
RAY_INIT_TIME:       4.58934
Iter [0]
Iter [2]
Iter [4]
Iter [6]
Iter [8]
Iter [10]
Iter [12]
Iter [14]
Iter [16]
Iter [18]
GLOBAL_PUT_TIME:     6.027130365371704 (avg:0.30136)
ACTOR_CONCURRENCY:   8
SIMULATION_TIME:     75.768549419000010 (avg: 3.788427470950000)
SIM_WTHOUT_PDI:      29.004891832999984 (avg: 1.450244591649999)
PDI_DELAY:           46.763657586000022 (avg: 2.338182879300001)

GLOBAL_SIZE_(GiB):   131072
LOCAL_SIZE_(MiB):    1
ITERATIONS:          20

MPI_PER_NODE:        32
MPI_PARALLELISM:     128

WORKER_NODES:        2
CPUS_PER_WORKER:     64
WORKER_PARALLELISM:  128


SLURM_JOB_ID:        10934022
EST_ANALYTICS_TIME:  774.47617 (avg:38.72381)

Slurm job finished at 11/03/2025_03:04:33 AM

*****************************************************************************
*                                                                           *
*                    JOB EFFICIENCY REPORT (seff 10934022)                   *
*                                                                           *
*****************************************************************************

Job ID: 10934022
Cluster: finisterrae3
User/Group: curso341/ulc
State: COMPLETED (exit code 0)
Nodes: 7
Cores per node: 64
CPU Utilized: 01:12:19
CPU Efficiency: 1.20% of 4-04:33:04 core-walltime
Job Wall-clock time: 00:13:28
Memory Utilized: 229.31 MB
Memory Efficiency: 0.01% of 1.48 TB

 +++++++++++++++++++++++++++++++++++++++++++++++++++++++++++++++++++++++++++
 ++   Memory Efficiency is too small. Please review the requested memory. ++
 ++ It seems that you do not need that much memory so we recommend        ++
 ++ requesting less memory in other similar jobs.                         ++
 +++++++++++++++++++++++++++++++++++++++++++++++++++++++++++++++++++++++++++
 
*****************************************************************************


*****************************************************************************
*                                                                           *
*                    JOB EFFICIENCY REPORT (seff 10934022)                   *
*                                                                           *
*****************************************************************************

Job ID: 10934022
Cluster: finisterrae3
User/Group: curso341/ulc
State: COMPLETED (exit code 0)
Nodes: 7
Cores per node: 64
CPU Utilized: 01:12:19
CPU Efficiency: 1.20% of 4-04:33:04 core-walltime
Job Wall-clock time: 00:13:28
Memory Utilized: 229.31 MB
Memory Efficiency: 0.01% of 1.48 TB

 +++++++++++++++++++++++++++++++++++++++++++++++++++++++++++++++++++++++++++
 ++   Memory Efficiency is too small. Please review the requested memory. ++
 ++ It seems that you do not need that much memory so we recommend        ++
 ++ requesting less memory in other similar jobs.                         ++
 +++++++++++++++++++++++++++++++++++++++++++++++++++++++++++++++++++++++++++
 
*****************************************************************************


*****************************************************************************
*                                                                           *
*                    JOB EFFICIENCY REPORT (seff 10934022)                   *
*                                                                           *
*****************************************************************************

Job ID: 10934022
Cluster: finisterrae3
User/Group: curso341/ulc
State: COMPLETED (exit code 0)
Nodes: 7
Cores per node: 64
CPU Utilized: 01:12:19
CPU Efficiency: 1.20% of 4-04:33:04 core-walltime
Job Wall-clock time: 00:13:28
Memory Utilized: 229.31 MB
Memory Efficiency: 0.01% of 1.48 TB

 +++++++++++++++++++++++++++++++++++++++++++++++++++++++++++++++++++++++++++
 ++   Memory Efficiency is too small. Please review the requested memory. ++
 ++ It seems that you do not need that much memory so we recommend        ++
 ++ requesting less memory in other similar jobs.                         ++
 +++++++++++++++++++++++++++++++++++++++++++++++++++++++++++++++++++++++++++
 
*****************************************************************************


*****************************************************************************
*                                                                           *
*                    JOB EFFICIENCY REPORT (seff 10934022)                   *
*                                                                           *
*****************************************************************************

Job ID: 10934022
Cluster: finisterrae3
User/Group: curso341/ulc
State: COMPLETED (exit code 0)
Nodes: 7
Cores per node: 64
CPU Utilized: 01:34:44
CPU Efficiency: 1.57% of 4-04:33:04 core-walltime
Job Wall-clock time: 00:13:28
Memory Utilized: 5.10 GB
Memory Efficiency: 0.34% of 1.48 TB

 +++++++++++++++++++++++++++++++++++++++++++++++++++++++++++++++++++++++++++
 ++   Memory Efficiency is too small. Please review the requested memory. ++
 ++ It seems that you do not need that much memory so we recommend        ++
 ++ requesting less memory in other similar jobs.                         ++
 +++++++++++++++++++++++++++++++++++++++++++++++++++++++++++++++++++++++++++
 
*****************************************************************************


*****************************************************************************
*                                                                           *
*                    JOB EFFICIENCY REPORT (seff 10934022)                   *
*                                                                           *
*****************************************************************************

Job ID: 10934022
Cluster: finisterrae3
User/Group: curso341/ulc
State: COMPLETED (exit code 0)
Nodes: 7
Cores per node: 64
CPU Utilized: 01:38:02
CPU Efficiency: 1.62% of 4-04:33:04 core-walltime
Job Wall-clock time: 00:13:28
Memory Utilized: 5.10 GB
Memory Efficiency: 0.34% of 1.48 TB

 +++++++++++++++++++++++++++++++++++++++++++++++++++++++++++++++++++++++++++
 ++   Memory Efficiency is too small. Please review the requested memory. ++
 ++ It seems that you do not need that much memory so we recommend        ++
 ++ requesting less memory in other similar jobs.                         ++
 +++++++++++++++++++++++++++++++++++++++++++++++++++++++++++++++++++++++++++
 
*****************************************************************************


*****************************************************************************
*                                                                           *
*                    JOB EFFICIENCY REPORT (seff 10934022)                   *
*                                                                           *
*****************************************************************************

Job ID: 10934022
Cluster: finisterrae3
User/Group: curso341/ulc
State: COMPLETED (exit code 0)
Nodes: 7
Cores per node: 64
CPU Utilized: 03:17:04
CPU Efficiency: 3.27% of 4-04:33:04 core-walltime
Job Wall-clock time: 00:13:28
Memory Utilized: 6.52 GB
Memory Efficiency: 0.43% of 1.48 TB

 +++++++++++++++++++++++++++++++++++++++++++++++++++++++++++++++++++++++++++
 ++   Memory Efficiency is too small. Please review the requested memory. ++
 ++ It seems that you do not need that much memory so we recommend        ++
 ++ requesting less memory in other similar jobs.                         ++
 +++++++++++++++++++++++++++++++++++++++++++++++++++++++++++++++++++++++++++
 
*****************************************************************************


*****************************************************************************
*                                                                           *
*                    JOB EFFICIENCY REPORT (seff 10934022)                   *
*                                                                           *
*****************************************************************************

Job ID: 10934022
Cluster: finisterrae3
User/Group: curso341/ulc
State: COMPLETED (exit code 0)
Nodes: 7
Cores per node: 64
CPU Utilized: 03:17:04
CPU Efficiency: 3.27% of 4-04:33:04 core-walltime
Job Wall-clock time: 00:13:28
Memory Utilized: 6.52 GB
Memory Efficiency: 0.43% of 1.48 TB

 +++++++++++++++++++++++++++++++++++++++++++++++++++++++++++++++++++++++++++
 ++   Memory Efficiency is too small. Please review the requested memory. ++
 ++ It seems that you do not need that much memory so we recommend        ++
 ++ requesting less memory in other similar jobs.                         ++
 +++++++++++++++++++++++++++++++++++++++++++++++++++++++++++++++++++++++++++
 
*****************************************************************************

