slurmstepd: info: Setting TMPDIR to /scratch/10932530. Previous errors about TMPDIR can be discarded
Slurm job started at 10/03/2025_06:36:21 PM

In transit.
Initing Ray (1 head node + 8 worker nodes + 8 simulation nodes) on nodes: 
	ilk-115 ilk-116 ilk-119 ilk-120 ilk-121 ilk-122 ilk-166 ilk-167 ilk-170 ilk-171 ilk-172 ilk-173 ilk-175 ilk-177 ilk-180 ilk-181 ilk-252
Head node: 172.30.203.19:6379


RAY_DEPLOY_TIME:     24.12528
2025-03-10 18:36:47,193	INFO packaging.py:520 -- Creating a file package for local directory '/mnt/lustre/scratch/nlsas/home/ulc/cursos/curso341/dask_on_reisa_tests/E5/REISA/derivative/P16-SN8-LS536-GS8589-I10-AN8-D2025-03-10_18-34-54'.
2025-03-10 18:36:47,370	INFO packaging.py:347 -- Pushing file package 'gcs://_ray_pkg_60a33a4424c2d0d9.zip' (0.48MiB) to Ray cluster...
2025-03-10 18:36:47,377	INFO packaging.py:360 -- Successfully pushed file package 'gcs://_ray_pkg_60a33a4424c2d0d9.zip'.
RAY_INIT_TIME:       4.00767
Iter [0]
Iter [1]
Iter [2]
Iter [3]
Iter [4]
Iter [5]
Iter [6]
Iter [7]
Iter [8]
Iter [9]
GLOBAL_PUT_TIME:     8.477880239486694 (avg:0.84779)
ACTOR_CONCURRENCY:   8
SIMULATION_TIME:     57.118409606000000 (avg: 5.711840960600000)
SIM_WTHOUT_PDI:      47.222344076000006 (avg: 4.722234407600000)
PDI_DELAY:           9.896065529999994 (avg: 0.989606552999999)

GLOBAL_SIZE_(GiB):   8388608
LOCAL_SIZE_(MiB):    512
ITERATIONS:          10

MPI_PER_NODE:        2
MPI_PARALLELISM:     16

WORKER_NODES:        8
CPUS_PER_WORKER:     64
WORKER_PARALLELISM:  512


SLURM_JOB_ID:        10932530
EST_ANALYTICS_TIME:  64.93878 (avg:6.49388)

Slurm job finished at 10/03/2025_06:37:56 PM





*****************************************************************************




*****************************************************************************




*****************************************************************************
*****************************************************************************

*****************************************************************************
*                                                                           *
*****************************************************************************
*****************************************************************************
*****************************************************************************
*****************************************************************************
*                                                                           *
*****************************************************************************
*****************************************************************************
*****************************************************************************
*****************************************************************************
*                                                                           *
*                                                                           *
*****************************************************************************
*                                                                           *
*                    JOB EFFICIENCY REPORT (seff 10932530)                   *
*                                                                           *
*                                                                           *
*                                                                           *
*                                                                           *
*                    JOB EFFICIENCY REPORT (seff 10932530)                   *
*                                                                           *
*                                                                           *
*                                                                           *

*                                                                           *


*                    JOB EFFICIENCY REPORT (seff 10932530)                   *
*                    JOB EFFICIENCY REPORT (seff 10932530)                   *
*                                                                           *
*                    JOB EFFICIENCY REPORT (seff 10932530)                   *
*                                                                           *
*                    JOB EFFICIENCY REPORT (seff 10932530)                   *
*                    JOB EFFICIENCY REPORT (seff 10932530)                   *
*                    JOB EFFICIENCY REPORT (seff 10932530)                   *
*                    JOB EFFICIENCY REPORT (seff 10932530)                   *
*                                                                           *
*                    JOB EFFICIENCY REPORT (seff 10932530)                   *
*                    JOB EFFICIENCY REPORT (seff 10932530)                   *
*                    JOB EFFICIENCY REPORT (seff 10932530)                   *
*****************************************************************************
*                    JOB EFFICIENCY REPORT (seff 10932530)                   *
*****************************************************************************
*****************************************************************************
*                                                                           *
*                                                                           *
*                    JOB EFFICIENCY REPORT (seff 10932530)                   *
*                                                                           *
*****************************************************************************
*                                                                           *
*                                                                           *
*                                                                           *
*                                                                           *
*****************************************************************************
*                                                                           *
*                                                                           *
*                                                                           *
*                                                                           *
*                                                                           *
*                                                                           *
*                                                                           *
*****************************************************************************
*****************************************************************************
*                                                                           *
*****************************************************************************

*****************************************************************************
*****************************************************************************
*****************************************************************************
*****************************************************************************

*****************************************************************************
*****************************************************************************
*****************************************************************************
*                    JOB EFFICIENCY REPORT (seff 10932530)                   *
*****************************************************************************
*                    JOB EFFICIENCY REPORT (seff 10932530)                   *
*                    JOB EFFICIENCY REPORT (seff 10932530)                   *


*****************************************************************************

Job ID: 10932530




Job ID: 10932530



*                                                                           *

*                                                                           *
*                                                                           *
Job ID: 10932530
Job ID: 10932530

Job ID: 10932530
Cluster: finisterrae3
Job ID: 10932530
Job ID: 10932530
Job ID: 10932530
Job ID: 10932530
Cluster: finisterrae3
Job ID: 10932530
Job ID: 10932530
Job ID: 10932530
*****************************************************************************
Job ID: 10932530
*****************************************************************************
*****************************************************************************
Cluster: finisterrae3
Cluster: finisterrae3
Job ID: 10932530
Cluster: finisterrae3
User/Group: curso341/ulc
Cluster: finisterrae3
Cluster: finisterrae3
Cluster: finisterrae3
Cluster: finisterrae3
User/Group: curso341/ulc
Cluster: finisterrae3
Cluster: finisterrae3
Cluster: finisterrae3

Cluster: finisterrae3


User/Group: curso341/ulc
User/Group: curso341/ulc
Cluster: finisterrae3
User/Group: curso341/ulc
State: COMPLETED (exit code 0)
User/Group: curso341/ulc
User/Group: curso341/ulc
User/Group: curso341/ulc
User/Group: curso341/ulc
State: COMPLETED (exit code 0)
User/Group: curso341/ulc
User/Group: curso341/ulc
User/Group: curso341/ulc
Job ID: 10932530
User/Group: curso341/ulc
Job ID: 10932530
Job ID: 10932530
State: COMPLETED (exit code 0)
State: COMPLETED (exit code 0)
User/Group: curso341/ulc
State: COMPLETED (exit code 0)
Nodes: 17
State: COMPLETED (exit code 0)
State: COMPLETED (exit code 0)
State: COMPLETED (exit code 0)
State: COMPLETED (exit code 0)
Nodes: 17
State: COMPLETED (exit code 0)
State: COMPLETED (exit code 0)
State: COMPLETED (exit code 0)
Cluster: finisterrae3
State: COMPLETED (exit code 0)
Cluster: finisterrae3
Cluster: finisterrae3
Nodes: 17
Nodes: 17
State: COMPLETED (exit code 0)
Nodes: 17
Cores per node: 64
Nodes: 17
Nodes: 17
Nodes: 17
Nodes: 17
Cores per node: 64
Nodes: 17
Nodes: 17
Nodes: 17
User/Group: curso341/ulc
Nodes: 17
User/Group: curso341/ulc
User/Group: curso341/ulc
Cores per node: 64
Cores per node: 64
Nodes: 17
Cores per node: 64
CPU Utilized: 00:15:43
Cores per node: 64
Cores per node: 64
Cores per node: 64
Cores per node: 64
CPU Utilized: 00:15:43
Cores per node: 64
Cores per node: 64
Cores per node: 64
State: COMPLETED (exit code 0)
Cores per node: 64
State: COMPLETED (exit code 0)
State: COMPLETED (exit code 0)
CPU Utilized: 00:15:43
CPU Utilized: 00:15:43
Cores per node: 64
CPU Utilized: 00:15:43
CPU Efficiency: 0.89% of 1-05:18:56 core-walltime
CPU Utilized: 00:24:40
CPU Utilized: 00:24:40
CPU Utilized: 00:24:40
CPU Utilized: 00:24:40
CPU Efficiency: 0.89% of 1-05:18:56 core-walltime
CPU Utilized: 00:24:40
CPU Utilized: 00:24:40
CPU Utilized: 00:24:40
Nodes: 17
CPU Utilized: 00:24:40
Nodes: 17
Nodes: 17
CPU Efficiency: 0.89% of 1-05:18:56 core-walltime
CPU Efficiency: 0.89% of 1-05:18:56 core-walltime
CPU Utilized: 00:25:02
CPU Efficiency: 0.89% of 1-05:18:56 core-walltime
Job Wall-clock time: 00:01:37
CPU Efficiency: 1.40% of 1-05:18:56 core-walltime
CPU Efficiency: 1.40% of 1-05:18:56 core-walltime
CPU Efficiency: 1.40% of 1-05:18:56 core-walltime
CPU Efficiency: 1.40% of 1-05:18:56 core-walltime
Job Wall-clock time: 00:01:37
CPU Efficiency: 1.40% of 1-05:18:56 core-walltime
CPU Efficiency: 1.40% of 1-05:18:56 core-walltime
CPU Efficiency: 1.40% of 1-05:18:56 core-walltime
Cores per node: 64
CPU Efficiency: 1.40% of 1-05:18:56 core-walltime
Cores per node: 64
Cores per node: 64
Job Wall-clock time: 00:01:37
Job Wall-clock time: 00:01:37
CPU Efficiency: 1.42% of 1-05:18:56 core-walltime
Job Wall-clock time: 00:01:37
Memory Utilized: 19.81 GB (estimated maximum)
Job Wall-clock time: 00:01:37
Job Wall-clock time: 00:01:37
Job Wall-clock time: 00:01:37
Job Wall-clock time: 00:01:37
Memory Utilized: 19.81 GB (estimated maximum)
Job Wall-clock time: 00:01:37
Job Wall-clock time: 00:01:37
Job Wall-clock time: 00:01:37
CPU Utilized: 00:41:07
Job Wall-clock time: 00:01:37
CPU Utilized: 00:41:07
CPU Utilized: 00:41:07
Memory Utilized: 19.81 GB (estimated maximum)
Memory Utilized: 19.81 GB (estimated maximum)
Job Wall-clock time: 00:01:37
Memory Utilized: 19.81 GB (estimated maximum)
Memory Efficiency: 0.54% of 3.60 TB (3.39 GB/core)
Memory Utilized: 19.81 GB (estimated maximum)
Memory Utilized: 19.81 GB (estimated maximum)
Memory Utilized: 19.81 GB (estimated maximum)
Memory Utilized: 19.81 GB (estimated maximum)
Memory Efficiency: 0.54% of 3.60 TB (3.39 GB/core)
Memory Utilized: 19.81 GB (estimated maximum)
Memory Utilized: 19.81 GB (estimated maximum)
Memory Utilized: 19.81 GB (estimated maximum)
CPU Efficiency: 2.34% of 1-05:18:56 core-walltime
Memory Utilized: 19.81 GB (estimated maximum)
CPU Efficiency: 2.34% of 1-05:18:56 core-walltime
CPU Efficiency: 2.34% of 1-05:18:56 core-walltime
Memory Efficiency: 0.54% of 3.60 TB (3.39 GB/core)
Memory Efficiency: 0.54% of 3.60 TB (3.39 GB/core)
Memory Utilized: 19.81 GB (estimated maximum)
Memory Efficiency: 0.54% of 3.60 TB (3.39 GB/core)

Memory Efficiency: 0.54% of 3.60 TB (3.39 GB/core)
Memory Efficiency: 0.54% of 3.60 TB (3.39 GB/core)
Memory Efficiency: 0.54% of 3.60 TB (3.39 GB/core)
Memory Efficiency: 0.54% of 3.60 TB (3.39 GB/core)

Memory Efficiency: 0.54% of 3.60 TB (3.39 GB/core)
Memory Efficiency: 0.54% of 3.60 TB (3.39 GB/core)
Memory Efficiency: 0.54% of 3.60 TB (3.39 GB/core)
Job Wall-clock time: 00:01:37
Memory Efficiency: 0.54% of 3.60 TB (3.39 GB/core)
Job Wall-clock time: 00:01:37
Job Wall-clock time: 00:01:37


Memory Efficiency: 0.54% of 3.60 TB (3.39 GB/core)

 +++++++++++++++++++++++++++++++++++++++++++++++++++++++++++++++++++++++++++




 +++++++++++++++++++++++++++++++++++++++++++++++++++++++++++++++++++++++++++



Memory Utilized: 18.07 GB

Memory Utilized: 18.07 GB
Memory Utilized: 18.07 GB
 +++++++++++++++++++++++++++++++++++++++++++++++++++++++++++++++++++++++++++
 +++++++++++++++++++++++++++++++++++++++++++++++++++++++++++++++++++++++++++

 +++++++++++++++++++++++++++++++++++++++++++++++++++++++++++++++++++++++++++
 ++   Memory Efficiency is too small. Please review the requested memory. ++
 +++++++++++++++++++++++++++++++++++++++++++++++++++++++++++++++++++++++++++
 +++++++++++++++++++++++++++++++++++++++++++++++++++++++++++++++++++++++++++
 +++++++++++++++++++++++++++++++++++++++++++++++++++++++++++++++++++++++++++
 +++++++++++++++++++++++++++++++++++++++++++++++++++++++++++++++++++++++++++
 ++   Memory Efficiency is too small. Please review the requested memory. ++
 +++++++++++++++++++++++++++++++++++++++++++++++++++++++++++++++++++++++++++
 +++++++++++++++++++++++++++++++++++++++++++++++++++++++++++++++++++++++++++
 +++++++++++++++++++++++++++++++++++++++++++++++++++++++++++++++++++++++++++
Memory Efficiency: 0.49% of 3.60 TB
 +++++++++++++++++++++++++++++++++++++++++++++++++++++++++++++++++++++++++++
Memory Efficiency: 0.49% of 3.60 TB
Memory Efficiency: 0.49% of 3.60 TB
 ++   Memory Efficiency is too small. Please review the requested memory. ++
 ++   Memory Efficiency is too small. Please review the requested memory. ++
 +++++++++++++++++++++++++++++++++++++++++++++++++++++++++++++++++++++++++++
 ++   Memory Efficiency is too small. Please review the requested memory. ++
 ++ It seems that you do not need that much memory so we recommend        ++
 ++   Memory Efficiency is too small. Please review the requested memory. ++
 ++   Memory Efficiency is too small. Please review the requested memory. ++
 ++   Memory Efficiency is too small. Please review the requested memory. ++
 ++   Memory Efficiency is too small. Please review the requested memory. ++
 ++ It seems that you do not need that much memory so we recommend        ++
 ++   Memory Efficiency is too small. Please review the requested memory. ++
 ++   Memory Efficiency is too small. Please review the requested memory. ++
 ++   Memory Efficiency is too small. Please review the requested memory. ++

 ++   Memory Efficiency is too small. Please review the requested memory. ++


 ++ It seems that you do not need that much memory so we recommend        ++
 ++ It seems that you do not need that much memory so we recommend        ++
 ++   Memory Efficiency is too small. Please review the requested memory. ++
 ++ It seems that you do not need that much memory so we recommend        ++
 ++ requesting less memory in other similar jobs.                         ++
 ++ It seems that you do not need that much memory so we recommend        ++
 ++ It seems that you do not need that much memory so we recommend        ++
 ++ It seems that you do not need that much memory so we recommend        ++
 ++ It seems that you do not need that much memory so we recommend        ++
 ++ requesting less memory in other similar jobs.                         ++
 ++ It seems that you do not need that much memory so we recommend        ++
 ++ It seems that you do not need that much memory so we recommend        ++
 ++ It seems that you do not need that much memory so we recommend        ++
 +++++++++++++++++++++++++++++++++++++++++++++++++++++++++++++++++++++++++++
 ++ It seems that you do not need that much memory so we recommend        ++
 +++++++++++++++++++++++++++++++++++++++++++++++++++++++++++++++++++++++++++
 +++++++++++++++++++++++++++++++++++++++++++++++++++++++++++++++++++++++++++
 ++ requesting less memory in other similar jobs.                         ++
 ++ requesting less memory in other similar jobs.                         ++
 ++ It seems that you do not need that much memory so we recommend        ++
 ++ requesting less memory in other similar jobs.                         ++
 +++++++++++++++++++++++++++++++++++++++++++++++++++++++++++++++++++++++++++
 ++ requesting less memory in other similar jobs.                         ++
 ++ requesting less memory in other similar jobs.                         ++
 ++ requesting less memory in other similar jobs.                         ++
 ++ requesting less memory in other similar jobs.                         ++
 +++++++++++++++++++++++++++++++++++++++++++++++++++++++++++++++++++++++++++
 ++ requesting less memory in other similar jobs.                         ++
 ++ requesting less memory in other similar jobs.                         ++
 ++ requesting less memory in other similar jobs.                         ++
 ++   Memory Efficiency is too small. Please review the requested memory. ++
 ++ requesting less memory in other similar jobs.                         ++
 ++   Memory Efficiency is too small. Please review the requested memory. ++
 ++   Memory Efficiency is too small. Please review the requested memory. ++
 +++++++++++++++++++++++++++++++++++++++++++++++++++++++++++++++++++++++++++
 +++++++++++++++++++++++++++++++++++++++++++++++++++++++++++++++++++++++++++
 ++ requesting less memory in other similar jobs.                         ++
 +++++++++++++++++++++++++++++++++++++++++++++++++++++++++++++++++++++++++++
 
 +++++++++++++++++++++++++++++++++++++++++++++++++++++++++++++++++++++++++++
 +++++++++++++++++++++++++++++++++++++++++++++++++++++++++++++++++++++++++++
 +++++++++++++++++++++++++++++++++++++++++++++++++++++++++++++++++++++++++++
 +++++++++++++++++++++++++++++++++++++++++++++++++++++++++++++++++++++++++++
 
 +++++++++++++++++++++++++++++++++++++++++++++++++++++++++++++++++++++++++++
 +++++++++++++++++++++++++++++++++++++++++++++++++++++++++++++++++++++++++++
 +++++++++++++++++++++++++++++++++++++++++++++++++++++++++++++++++++++++++++
 ++ It seems that you do not need that much memory so we recommend        ++
 +++++++++++++++++++++++++++++++++++++++++++++++++++++++++++++++++++++++++++
 ++ It seems that you do not need that much memory so we recommend        ++
 ++ It seems that you do not need that much memory so we recommend        ++
 
 
 +++++++++++++++++++++++++++++++++++++++++++++++++++++++++++++++++++++++++++
 
*****************************************************************************
 
 
 
 
*****************************************************************************
 
 
 
 ++ requesting less memory in other similar jobs.                         ++
 
 ++ requesting less memory in other similar jobs.                         ++
 ++ requesting less memory in other similar jobs.                         ++
*****************************************************************************
*****************************************************************************
 
*****************************************************************************

*****************************************************************************
*****************************************************************************
*****************************************************************************
*****************************************************************************

*****************************************************************************
*****************************************************************************
*****************************************************************************
 +++++++++++++++++++++++++++++++++++++++++++++++++++++++++++++++++++++++++++
*****************************************************************************
 +++++++++++++++++++++++++++++++++++++++++++++++++++++++++++++++++++++++++++
 +++++++++++++++++++++++++++++++++++++++++++++++++++++++++++++++++++++++++++


*****************************************************************************








 

 
 

*****************************************************************************
*****************************************************************************
*****************************************************************************



