slurmstepd: info: Setting TMPDIR to /scratch/10927316. Previous errors about TMPDIR can be discarded
Slurm job started at 10/03/2025_12:18:56 PM

In transit.
Initing Ray (1 head node + 2 worker nodes + 2 simulation nodes) on nodes: 
	ilk-145 ilk-146 ilk-147 ilk-148 ilk-149
Head node: 172.30.204.1:6379


RAY_DEPLOY_TIME:     24.57997
2025-03-10 12:19:25,392	INFO packaging.py:520 -- Creating a file package for local directory '/mnt/lustre/scratch/nlsas/home/ulc/cursos/curso341/dask_on_reisa_tests/E4/DASK_ON_REISA_ONE_ACTOR/reduction/P4-SN2-LS268-GS1073-I20-AN2-D2025-03-10_08-47-55'.
2025-03-10 12:19:25,419	INFO packaging.py:347 -- Pushing file package 'gcs://_ray_pkg_f83e8b30053ca3a1.zip' (0.48MiB) to Ray cluster...
2025-03-10 12:19:25,426	INFO packaging.py:360 -- Successfully pushed file package 'gcs://_ray_pkg_f83e8b30053ca3a1.zip'.
RAY_INIT_TIME:       14.12514
Iter [0]
Iter [2]
Iter [4]
Iter [6]
Iter [8]
Iter [10]
Iter [12]
Iter [14]
Iter [16]
Iter [18]
GLOBAL_PUT_TIME:     6.539988279342651 (avg:0.32700)
ACTOR_CONCURRENCY:   8
SIMULATION_TIME:     108.871528510999994 (avg: 5.443576425550000)
SIM_WTHOUT_PDI:      53.988329111999988 (avg: 2.699416455599999)
PDI_DELAY:           54.883199399000006 (avg: 2.744159969950000)

GLOBAL_SIZE_(GiB):   1048576
LOCAL_SIZE_(MiB):    256
ITERATIONS:          20

MPI_PER_NODE:        2
MPI_PARALLELISM:     4

WORKER_NODES:        2
CPUS_PER_WORKER:     64
WORKER_PARALLELISM:  128


SLURM_JOB_ID:        10927316
srun: Job step aborted: Waiting up to 32 seconds for job step to finish.
slurmstepd: error: *** JOB 10927316 ON ilk-145 CANCELLED AT 2025-03-10T12:39:02 DUE TO TIME LIMIT ***
slurmstepd: error: *** STEP 10927316.6 ON ilk-146 CANCELLED AT 2025-03-10T12:39:02 DUE TO TIME LIMIT ***
