slurmstepd: info: Setting TMPDIR to /scratch/10899156. Previous errors about TMPDIR can be discarded
Slurm job started at 07/03/2025_11:15:59 AM

In transit.
Initing Ray (1 head node + 4 worker nodes + 4 simulation nodes) on nodes: 
	ilk-17 ilk-197 ilk-218 ilk-222 ilk-229 ilk-234 ilk-237 ilk-255 ilk-256
Head node: 172.30.201.17:6379


RAY_DEPLOY_TIME:     24.81662
2025-03-07 11:16:29,319	INFO packaging.py:520 -- Creating a file package for local directory '/mnt/lustre/scratch/nlsas/home/ulc/cursos/curso341/dask_on_reisa_tests/E1/DASK_ON_REISA_ONE_ACTOR/reduction/P8-SN4-LS536-GS4294-I20-AN4-D2025-03-07_09-36-21'.
2025-03-07 11:16:29,345	INFO packaging.py:347 -- Pushing file package 'gcs://_ray_pkg_7b1dca224626cdc5.zip' (0.48MiB) to Ray cluster...
2025-03-07 11:16:29,351	INFO packaging.py:360 -- Successfully pushed file package 'gcs://_ray_pkg_7b1dca224626cdc5.zip'.
RAY_INIT_TIME:       4.10162
Iter [0]
Iter [2]
Iter [4]
Iter [6]
Iter [8]
Iter [10]
Iter [12]
Iter [14]
Iter [16]
Iter [18]
GLOBAL_PUT_TIME:     14.611387014389038 (avg:0.73057)
ACTOR_CONCURRENCY:   8
SIMULATION_TIME:     266.749779901000011 (avg: 13.337488995050000)
SIM_WTHOUT_PDI:      97.653975972000055 (avg: 4.882698798600003)
PDI_DELAY:           169.095803928999942 (avg: 8.454790196449997)

GLOBAL_SIZE_(GiB):   4194304
LOCAL_SIZE_(MiB):    512
ITERATIONS:          20

MPI_PER_NODE:        2
MPI_PARALLELISM:     8

WORKER_NODES:        4
CPUS_PER_WORKER:     64
WORKER_PARALLELISM:  256


SLURM_JOB_ID:        10899156
srun: Job step aborted: Waiting up to 32 seconds for job step to finish.
slurmstepd: error: *** JOB 10899156 ON ilk-17 CANCELLED AT 2025-03-07T11:36:07 DUE TO TIME LIMIT ***
slurmstepd: error: *** STEP 10899156.10 ON ilk-197 CANCELLED AT 2025-03-07T11:36:07 DUE TO TIME LIMIT ***
