slurmstepd: info: Setting TMPDIR to /scratch/10908881. Previous errors about TMPDIR can be discarded
Slurm job started at 07/03/2025_10:14:14 PM

In transit.
Initing Ray (1 head node + 2 worker nodes + 4 simulation nodes) on nodes: 
	ilk-241 ilk-243 ilk-244 ilk-245 ilk-246 ilk-247 ilk-248
Head node: 172.30.211.14:6379


RAY_DEPLOY_TIME:     23.37623
2025-03-07 22:14:39,499	INFO packaging.py:520 -- Creating a file package for local directory '/mnt/lustre/scratch/nlsas/home/ulc/cursos/curso341/dask_on_reisa_tests/E2/REISA_ONE_ACTOR/derivative/P128-SN4-LS1-GS134-I10-AN2-D2025-03-07_21-32-19'.
2025-03-07 22:14:39,525	INFO packaging.py:347 -- Pushing file package 'gcs://_ray_pkg_f00c6c806e3fc5d2.zip' (0.48MiB) to Ray cluster...
2025-03-07 22:14:39,531	INFO packaging.py:360 -- Successfully pushed file package 'gcs://_ray_pkg_f00c6c806e3fc5d2.zip'.
RAY_INIT_TIME:       3.43744
Iter [0]
Iter [1]
Iter [2]
Iter [3]
Iter [4]
Iter [5]
Iter [6]
Iter [7]
Iter [8]
Iter [9]
GLOBAL_PUT_TIME:     0.043060302734375 (avg:0.00431)
ACTOR_CONCURRENCY:   8
EST_ANALYTICS_TIME:  31.22466 (avg:3.12247)
SIMULATION_TIME:     30.648217312000003 (avg: 3.064821731200000)
SIM_WTHOUT_PDI:      10.031373774999992 (avg: 1.003137377499999)
PDI_DELAY:           20.616843537000012 (avg: 2.061684353700001)

GLOBAL_SIZE_(GiB):   131072
LOCAL_SIZE_(MiB):    1
ITERATIONS:          10

MPI_PER_NODE:        32
MPI_PARALLELISM:     128

WORKER_NODES:        2
CPUS_PER_WORKER:     64
WORKER_PARALLELISM:  128


SLURM_JOB_ID:        10908881

Slurm job finished at 07/03/2025_10:15:15 PM


*****************************************************************************
*****************************************************************************
*                                                                           *
*                                                                           *
*                    JOB EFFICIENCY REPORT (seff 10908881)                   *
*                    JOB EFFICIENCY REPORT (seff 10908881)                   *
*                                                                           *
*                                                                           *
*****************************************************************************
*****************************************************************************


Job ID: 10908881
Job ID: 10908881

Cluster: finisterrae3
Cluster: finisterrae3

*****************************************************************************
User/Group: curso341/ulc
User/Group: curso341/ulc
*****************************************************************************
*                                                                           *
State: COMPLETED (exit code 0)
State: COMPLETED (exit code 0)
*                                                                           *
*                    JOB EFFICIENCY REPORT (seff 10908881)                   *
Nodes: 7
Nodes: 7
*                    JOB EFFICIENCY REPORT (seff 10908881)                   *
*                                                                           *
Cores per node: 64
Cores per node: 64
*                                                                           *

*****************************************************************************
CPU Utilized: 00:40:13
CPU Utilized: 00:40:13
*****************************************************************************
*****************************************************************************

CPU Efficiency: 8.42% of 07:57:52 core-walltime
CPU Efficiency: 8.42% of 07:57:52 core-walltime

*                                                                           *
Job ID: 10908881
Job Wall-clock time: 00:01:04
Job Wall-clock time: 00:01:04
Job ID: 10908881

*                    JOB EFFICIENCY REPORT (seff 10908881)                   *
Cluster: finisterrae3
Memory Utilized: 307.00 MB
Memory Utilized: 307.00 MB
Cluster: finisterrae3
*****************************************************************************
*                                                                           *
User/Group: curso341/ulc
Memory Efficiency: 0.02% of 1.48 TB
Memory Efficiency: 0.02% of 1.48 TB
User/Group: curso341/ulc
*                                                                           *
*****************************************************************************
State: COMPLETED (exit code 0)


State: COMPLETED (exit code 0)
*                    JOB EFFICIENCY REPORT (seff 10908881)                   *

Nodes: 7
 +++++++++++++++++++++++++++++++++++++++++++++++++++++++++++++++++++++++++++
 +++++++++++++++++++++++++++++++++++++++++++++++++++++++++++++++++++++++++++
Nodes: 7
*                                                                           *
Job ID: 10908881
Cores per node: 64
 ++   Memory Efficiency is too small. Please review the requested memory. ++
 ++   Memory Efficiency is too small. Please review the requested memory. ++
Cores per node: 64
*****************************************************************************
Cluster: finisterrae3
CPU Utilized: 00:40:13
 ++ It seems that you do not need that much memory so we recommend        ++
 ++ It seems that you do not need that much memory so we recommend        ++
CPU Utilized: 00:40:13

User/Group: curso341/ulc
CPU Efficiency: 8.42% of 07:57:52 core-walltime
 ++ requesting less memory in other similar jobs.                         ++
 ++ requesting less memory in other similar jobs.                         ++
CPU Efficiency: 8.42% of 07:57:52 core-walltime
Job ID: 10908881
State: COMPLETED (exit code 0)
Job Wall-clock time: 00:01:04
 +++++++++++++++++++++++++++++++++++++++++++++++++++++++++++++++++++++++++++
 +++++++++++++++++++++++++++++++++++++++++++++++++++++++++++++++++++++++++++
Job Wall-clock time: 00:01:04
Cluster: finisterrae3
Nodes: 7
Memory Utilized: 307.00 MB
 
 
Memory Utilized: 307.00 MB
User/Group: curso341/ulc
Cores per node: 64
Memory Efficiency: 0.02% of 1.48 TB
*****************************************************************************
*****************************************************************************
Memory Efficiency: 0.02% of 1.48 TB
State: COMPLETED (exit code 0)
CPU Utilized: 00:40:13




Nodes: 7
CPU Efficiency: 8.42% of 07:57:52 core-walltime
 +++++++++++++++++++++++++++++++++++++++++++++++++++++++++++++++++++++++++++
 +++++++++++++++++++++++++++++++++++++++++++++++++++++++++++++++++++++++++++
Cores per node: 64
Job Wall-clock time: 00:01:04
 ++   Memory Efficiency is too small. Please review the requested memory. ++
 ++   Memory Efficiency is too small. Please review the requested memory. ++
CPU Utilized: 00:40:13
Memory Utilized: 307.00 MB
 ++ It seems that you do not need that much memory so we recommend        ++
 ++ It seems that you do not need that much memory so we recommend        ++
CPU Efficiency: 8.42% of 07:57:52 core-walltime
Memory Efficiency: 0.02% of 1.48 TB
 ++ requesting less memory in other similar jobs.                         ++
 ++ requesting less memory in other similar jobs.                         ++
Job Wall-clock time: 00:01:04

 +++++++++++++++++++++++++++++++++++++++++++++++++++++++++++++++++++++++++++
 +++++++++++++++++++++++++++++++++++++++++++++++++++++++++++++++++++++++++++
Memory Utilized: 307.00 MB
 +++++++++++++++++++++++++++++++++++++++++++++++++++++++++++++++++++++++++++
 
 
Memory Efficiency: 0.02% of 1.48 TB
 ++   Memory Efficiency is too small. Please review the requested memory. ++
*****************************************************************************
*****************************************************************************

 ++ It seems that you do not need that much memory so we recommend        ++


 +++++++++++++++++++++++++++++++++++++++++++++++++++++++++++++++++++++++++++
 ++ requesting less memory in other similar jobs.                         ++
 ++   Memory Efficiency is too small. Please review the requested memory. ++
 +++++++++++++++++++++++++++++++++++++++++++++++++++++++++++++++++++++++++++
 ++ It seems that you do not need that much memory so we recommend        ++
 
 ++ requesting less memory in other similar jobs.                         ++
*****************************************************************************
 +++++++++++++++++++++++++++++++++++++++++++++++++++++++++++++++++++++++++++

 
*****************************************************************************


*****************************************************************************
*                                                                           *
*                    JOB EFFICIENCY REPORT (seff 10908881)                   *
*                                                                           *
*****************************************************************************

Job ID: 10908881
Cluster: finisterrae3
User/Group: curso341/ulc
State: COMPLETED (exit code 0)
Nodes: 7
Cores per node: 64
CPU Utilized: 00:40:35
CPU Efficiency: 8.49% of 07:57:52 core-walltime
Job Wall-clock time: 00:01:04
Memory Utilized: 630.45 MB
Memory Efficiency: 0.04% of 1.48 TB

 +++++++++++++++++++++++++++++++++++++++++++++++++++++++++++++++++++++++++++
 ++   Memory Efficiency is too small. Please review the requested memory. ++
 ++ It seems that you do not need that much memory so we recommend        ++
 ++ requesting less memory in other similar jobs.                         ++
 +++++++++++++++++++++++++++++++++++++++++++++++++++++++++++++++++++++++++++
 
*****************************************************************************

