slurmstepd: info: Setting TMPDIR to /scratch/10770602. Previous errors about TMPDIR can be discarded
Slurm job started at 25/02/2025_07:19:37 PM

In transit.
Initing Ray (1 head node + 8 worker nodes + 16 simulation nodes) on nodes: 
	ilk-4 ilk-34 ilk-67 ilk-69 ilk-82 ilk-109 ilk-112 ilk-116 ilk-138 ilk-152 ilk-161 ilk-162 ilk-166 ilk-167 ilk-170 ilk-177 ilk-178 ilk-185 ilk-188 ilk-198 ilk-206 ilk-233 ilk-234 ilk-244 ilk-245
Head node: 172.30.201.4:6379


RAY_DEPLOY_TIME:     24.09059
2025-02-25 19:20:06,072	INFO packaging.py:520 -- Creating a file package for local directory '/mnt/lustre/scratch/nlsas/home/ulc/cursos/curso341/dask_on_reisa_tests/E1/REISA/derivative/P512-SN16-LS1-GS536-I12-AN8-D2025-02-25_18-09-00'.
2025-02-25 19:20:06,101	INFO packaging.py:347 -- Pushing file package 'gcs://_ray_pkg_2d35cebbb0dab321.zip' (0.48MiB) to Ray cluster...
2025-02-25 19:20:06,108	INFO packaging.py:360 -- Successfully pushed file package 'gcs://_ray_pkg_2d35cebbb0dab321.zip'.
RAY_INIT_TIME:       9.52903
Iter [0]
Iter [1]
Iter [2]
Iter [3]
Iter [4]
Iter [5]
Iter [6]
Iter [7]
Iter [8]
Iter [9]
Iter [10]
Iter [11]
GLOBAL_PUT_TIME:     0.04333233833312988 (avg:0.00361)
ACTOR_CONCURRENCY:   8
SIMULATION_TIME:     16.183810442000002 (avg: 1.348650870166667)
SIM_WTHOUT_PDI:      6.461417605999998 (avg: 0.538451467166666)
PDI_DELAY:           9.722392836000004 (avg: 0.810199403000000)

GLOBAL_SIZE_(GiB):   524288
LOCAL_SIZE_(MiB):    1
ITERATIONS:          12

MPI_PER_NODE:        32
MPI_PARALLELISM:     512

WORKER_NODES:        8
CPUS_PER_WORKER:     30
WORKER_PARALLELISM:  240


SLURM_JOB_ID:        10770602
EST_ANALYTICS_TIME:  17.30262 (avg:1.44189)

Slurm job finished at 25/02/2025_07:20:33 PM

*****************************************************************************
*                                                                           *
*                    JOB EFFICIENCY REPORT (seff 10770602)                   *
*                                                                           *
*****************************************************************************

Job ID: 10770602
Cluster: finisterrae3
User/Group: curso341/ulc
State: COMPLETED (exit code 0)
Nodes: 25
Cores per node: 40
CPU Utilized: 02:46:51
CPU Efficiency: 17.56% of 15:50:00 core-walltime
Job Wall-clock time: 00:00:57
Memory Utilized: 1.16 GB
Memory Efficiency: 0.03% of 3.91 TB

 +++++++++++++++++++++++++++++++++++++++++++++++++++++++++++++++++++++++++++
 ++   Memory Efficiency is too small. Please review the requested memory. ++
 ++ It seems that you do not need that much memory so we recommend        ++
 ++ requesting less memory in other similar jobs.                         ++
 +++++++++++++++++++++++++++++++++++++++++++++++++++++++++++++++++++++++++++
 
*****************************************************************************


*****************************************************************************
*                                                                           *
*                    JOB EFFICIENCY REPORT (seff 10770602)                   *
*                                                                           *
*****************************************************************************

Job ID: 10770602
Cluster: finisterrae3
User/Group: curso341/ulc
State: COMPLETED (exit code 0)
Nodes: 25
Cores per node: 40
CPU Utilized: 02:46:51
CPU Efficiency: 17.56% of 15:50:00 core-walltime
Job Wall-clock time: 00:00:57
Memory Utilized: 1.16 GB
Memory Efficiency: 0.03% of 3.91 TB

 +++++++++++++++++++++++++++++++++++++++++++++++++++++++++++++++++++++++++++
 ++   Memory Efficiency is too small. Please review the requested memory. ++
 ++ It seems that you do not need that much memory so we recommend        ++
 ++ requesting less memory in other similar jobs.                         ++
 +++++++++++++++++++++++++++++++++++++++++++++++++++++++++++++++++++++++++++
 
*****************************************************************************


*****************************************************************************
*                                                                           *
*                    JOB EFFICIENCY REPORT (seff 10770602)                   *
*                                                                           *
*****************************************************************************

Job ID: 10770602
Cluster: finisterrae3
User/Group: curso341/ulc
State: COMPLETED (exit code 0)
Nodes: 25
Cores per node: 40
CPU Utilized: 02:46:51
CPU Efficiency: 17.56% of 15:50:00 core-walltime
Job Wall-clock time: 00:00:57
Memory Utilized: 1.16 GB
Memory Efficiency: 0.03% of 3.91 TB

 +++++++++++++++++++++++++++++++++++++++++++++++++++++++++++++++++++++++++++
 ++   Memory Efficiency is too small. Please review the requested memory. ++
 ++ It seems that you do not need that much memory so we recommend        ++
 ++ requesting less memory in other similar jobs.                         ++
 +++++++++++++++++++++++++++++++++++++++++++++++++++++++++++++++++++++++++++
 
*****************************************************************************


*****************************************************************************
*                                                                           *
*                    JOB EFFICIENCY REPORT (seff 10770602)                   *
*                                                                           *
*****************************************************************************

Job ID: 10770602
Cluster: finisterrae3
User/Group: curso341/ulc
State: COMPLETED (exit code 0)
Nodes: 25
Cores per node: 40
CPU Utilized: 02:46:51
CPU Efficiency: 17.56% of 15:50:00 core-walltime
Job Wall-clock time: 00:00:57
Memory Utilized: 1.16 GB
Memory Efficiency: 0.03% of 3.91 TB

 +++++++++++++++++++++++++++++++++++++++++++++++++++++++++++++++++++++++++++
 ++   Memory Efficiency is too small. Please review the requested memory. ++
 ++ It seems that you do not need that much memory so we recommend        ++
 ++ requesting less memory in other similar jobs.                         ++
 +++++++++++++++++++++++++++++++++++++++++++++++++++++++++++++++++++++++++++
 
*****************************************************************************



*****************************************************************************
*****************************************************************************
*                                                                           *

*                                                                           *
*                    JOB EFFICIENCY REPORT (seff 10770602)                   *
*****************************************************************************
*                    JOB EFFICIENCY REPORT (seff 10770602)                   *
*                                                                           *
*                                                                           *
*                                                                           *
*****************************************************************************
*                    JOB EFFICIENCY REPORT (seff 10770602)                   *
*****************************************************************************

*                                                                           *

Job ID: 10770602
*****************************************************************************
Job ID: 10770602
Cluster: finisterrae3

Cluster: finisterrae3
User/Group: curso341/ulc
Job ID: 10770602

User/Group: curso341/ulc
State: COMPLETED (exit code 0)
Cluster: finisterrae3
*****************************************************************************
State: COMPLETED (exit code 0)
Nodes: 25
User/Group: curso341/ulc
*                                                                           *
Nodes: 25
Cores per node: 40
State: COMPLETED (exit code 0)
*                    JOB EFFICIENCY REPORT (seff 10770602)                   *
Cores per node: 40
CPU Utilized: 02:46:51
Nodes: 25
*                                                                           *
CPU Utilized: 02:46:51
CPU Efficiency: 17.56% of 15:50:00 core-walltime
Cores per node: 40
*****************************************************************************
CPU Efficiency: 17.56% of 15:50:00 core-walltime
Job Wall-clock time: 00:00:57
CPU Utilized: 02:46:51

Job Wall-clock time: 00:00:57
Memory Utilized: 1.16 GB
CPU Efficiency: 17.56% of 15:50:00 core-walltime
Job ID: 10770602
Memory Utilized: 1.16 GB
Memory Efficiency: 0.03% of 3.91 TB
Job Wall-clock time: 00:00:57
Cluster: finisterrae3
Memory Efficiency: 0.03% of 3.91 TB

Memory Utilized: 1.16 GB
User/Group: curso341/ulc

 +++++++++++++++++++++++++++++++++++++++++++++++++++++++++++++++++++++++++++
Memory Efficiency: 0.03% of 3.91 TB
State: COMPLETED (exit code 0)
 +++++++++++++++++++++++++++++++++++++++++++++++++++++++++++++++++++++++++++
 ++   Memory Efficiency is too small. Please review the requested memory. ++

Nodes: 25
 ++   Memory Efficiency is too small. Please review the requested memory. ++
 ++ It seems that you do not need that much memory so we recommend        ++
 +++++++++++++++++++++++++++++++++++++++++++++++++++++++++++++++++++++++++++
Cores per node: 40
 ++ It seems that you do not need that much memory so we recommend        ++
 ++ requesting less memory in other similar jobs.                         ++
 ++   Memory Efficiency is too small. Please review the requested memory. ++
CPU Utilized: 02:46:51
 ++ requesting less memory in other similar jobs.                         ++
 +++++++++++++++++++++++++++++++++++++++++++++++++++++++++++++++++++++++++++
 ++ It seems that you do not need that much memory so we recommend        ++
CPU Efficiency: 17.56% of 15:50:00 core-walltime
 +++++++++++++++++++++++++++++++++++++++++++++++++++++++++++++++++++++++++++
 
 ++ requesting less memory in other similar jobs.                         ++
Job Wall-clock time: 00:00:57
 
*****************************************************************************
 +++++++++++++++++++++++++++++++++++++++++++++++++++++++++++++++++++++++++++
Memory Utilized: 1.16 GB
*****************************************************************************

 
Memory Efficiency: 0.03% of 3.91 TB

*****************************************************************************


 +++++++++++++++++++++++++++++++++++++++++++++++++++++++++++++++++++++++++++
 ++   Memory Efficiency is too small. Please review the requested memory. ++
 ++ It seems that you do not need that much memory so we recommend        ++
 ++ requesting less memory in other similar jobs.                         ++
 +++++++++++++++++++++++++++++++++++++++++++++++++++++++++++++++++++++++++++
 
*****************************************************************************


*****************************************************************************
*                                                                           *
*                    JOB EFFICIENCY REPORT (seff 10770602)                   *
*                                                                           *
*****************************************************************************

Job ID: 10770602
Cluster: finisterrae3
User/Group: curso341/ulc
State: COMPLETED (exit code 0)
Nodes: 25
Cores per node: 40
CPU Utilized: 02:46:51
CPU Efficiency: 17.56% of 15:50:00 core-walltime
Job Wall-clock time: 00:00:57
Memory Utilized: 1.16 GB
Memory Efficiency: 0.03% of 3.91 TB

 +++++++++++++++++++++++++++++++++++++++++++++++++++++++++++++++++++++++++++
 ++   Memory Efficiency is too small. Please review the requested memory. ++
 ++ It seems that you do not need that much memory so we recommend        ++
 ++ requesting less memory in other similar jobs.                         ++
 +++++++++++++++++++++++++++++++++++++++++++++++++++++++++++++++++++++++++++
 
*****************************************************************************


*****************************************************************************
*                                                                           *
*                    JOB EFFICIENCY REPORT (seff 10770602)                   *
*                                                                           *
*****************************************************************************

Job ID: 10770602
Cluster: finisterrae3
User/Group: curso341/ulc
State: COMPLETED (exit code 0)
Nodes: 25
Cores per node: 40
CPU Utilized: 02:46:51
CPU Efficiency: 17.56% of 15:50:00 core-walltime
Job Wall-clock time: 00:00:57
Memory Utilized: 1.16 GB
Memory Efficiency: 0.03% of 3.91 TB

 +++++++++++++++++++++++++++++++++++++++++++++++++++++++++++++++++++++++++++
 ++   Memory Efficiency is too small. Please review the requested memory. ++
 ++ It seems that you do not need that much memory so we recommend        ++
 ++ requesting less memory in other similar jobs.                         ++
 +++++++++++++++++++++++++++++++++++++++++++++++++++++++++++++++++++++++++++
 
*****************************************************************************


*****************************************************************************
*                                                                           *
*                    JOB EFFICIENCY REPORT (seff 10770602)                   *
*                                                                           *
*****************************************************************************

Job ID: 10770602
Cluster: finisterrae3
User/Group: curso341/ulc
State: COMPLETED (exit code 0)
Nodes: 25
Cores per node: 40
CPU Utilized: 02:46:51
CPU Efficiency: 17.56% of 15:50:00 core-walltime
Job Wall-clock time: 00:00:57
Memory Utilized: 1.16 GB
Memory Efficiency: 0.03% of 3.91 TB

 +++++++++++++++++++++++++++++++++++++++++++++++++++++++++++++++++++++++++++
 ++   Memory Efficiency is too small. Please review the requested memory. ++
 ++ It seems that you do not need that much memory so we recommend        ++
 ++ requesting less memory in other similar jobs.                         ++
 +++++++++++++++++++++++++++++++++++++++++++++++++++++++++++++++++++++++++++
 
*****************************************************************************


*****************************************************************************
*                                                                           *
*                    JOB EFFICIENCY REPORT (seff 10770602)                   *
*                                                                           *
*****************************************************************************

Job ID: 10770602
Cluster: finisterrae3
User/Group: curso341/ulc
State: COMPLETED (exit code 0)
Nodes: 25
Cores per node: 40
CPU Utilized: 02:46:51
CPU Efficiency: 17.56% of 15:50:00 core-walltime
Job Wall-clock time: 00:00:57
Memory Utilized: 1.16 GB
Memory Efficiency: 0.03% of 3.91 TB

 +++++++++++++++++++++++++++++++++++++++++++++++++++++++++++++++++++++++++++
 ++   Memory Efficiency is too small. Please review the requested memory. ++
 ++ It seems that you do not need that much memory so we recommend        ++
 ++ requesting less memory in other similar jobs.                         ++
 +++++++++++++++++++++++++++++++++++++++++++++++++++++++++++++++++++++++++++
 
*****************************************************************************


*****************************************************************************
*                                                                           *
*                    JOB EFFICIENCY REPORT (seff 10770602)                   *
*                                                                           *
*****************************************************************************

Job ID: 10770602
Cluster: finisterrae3
User/Group: curso341/ulc
State: COMPLETED (exit code 0)
Nodes: 25
Cores per node: 40
CPU Utilized: 02:46:51
CPU Efficiency: 17.56% of 15:50:00 core-walltime
Job Wall-clock time: 00:00:57
Memory Utilized: 1.16 GB
Memory Efficiency: 0.03% of 3.91 TB

 +++++++++++++++++++++++++++++++++++++++++++++++++++++++++++++++++++++++++++
 ++   Memory Efficiency is too small. Please review the requested memory. ++
 ++ It seems that you do not need that much memory so we recommend        ++
 ++ requesting less memory in other similar jobs.                         ++
 +++++++++++++++++++++++++++++++++++++++++++++++++++++++++++++++++++++++++++
 
*****************************************************************************


*****************************************************************************
*                                                                           *
*                    JOB EFFICIENCY REPORT (seff 10770602)                   *
*                                                                           *
*****************************************************************************

Job ID: 10770602
Cluster: finisterrae3
User/Group: curso341/ulc
State: COMPLETED (exit code 0)
Nodes: 25
Cores per node: 40
CPU Utilized: 02:46:51
CPU Efficiency: 17.56% of 15:50:00 core-walltime
Job Wall-clock time: 00:00:57
Memory Utilized: 1.16 GB
Memory Efficiency: 0.03% of 3.91 TB

 +++++++++++++++++++++++++++++++++++++++++++++++++++++++++++++++++++++++++++
 ++   Memory Efficiency is too small. Please review the requested memory. ++
 ++ It seems that you do not need that much memory so we recommend        ++
 ++ requesting less memory in other similar jobs.                         ++
 +++++++++++++++++++++++++++++++++++++++++++++++++++++++++++++++++++++++++++
 
*****************************************************************************


*****************************************************************************
*                                                                           *
*                    JOB EFFICIENCY REPORT (seff 10770602)                   *
*                                                                           *
*****************************************************************************

Job ID: 10770602
Cluster: finisterrae3
User/Group: curso341/ulc
State: COMPLETED (exit code 0)
Nodes: 25
Cores per node: 40
CPU Utilized: 02:46:51
CPU Efficiency: 17.56% of 15:50:00 core-walltime
Job Wall-clock time: 00:00:57
Memory Utilized: 1.16 GB
Memory Efficiency: 0.03% of 3.91 TB

 +++++++++++++++++++++++++++++++++++++++++++++++++++++++++++++++++++++++++++
 ++   Memory Efficiency is too small. Please review the requested memory. ++
 ++ It seems that you do not need that much memory so we recommend        ++
 ++ requesting less memory in other similar jobs.                         ++
 +++++++++++++++++++++++++++++++++++++++++++++++++++++++++++++++++++++++++++
 
*****************************************************************************


*****************************************************************************
*                                                                           *
*                    JOB EFFICIENCY REPORT (seff 10770602)                   *
*                                                                           *
*****************************************************************************

Job ID: 10770602
Cluster: finisterrae3
User/Group: curso341/ulc
State: COMPLETED (exit code 0)
Nodes: 25
Cores per node: 40
CPU Utilized: 02:46:51
CPU Efficiency: 17.56% of 15:50:00 core-walltime
Job Wall-clock time: 00:00:57
Memory Utilized: 1.16 GB
Memory Efficiency: 0.03% of 3.91 TB

 +++++++++++++++++++++++++++++++++++++++++++++++++++++++++++++++++++++++++++
 ++   Memory Efficiency is too small. Please review the requested memory. ++
 ++ It seems that you do not need that much memory so we recommend        ++
 ++ requesting less memory in other similar jobs.                         ++
 +++++++++++++++++++++++++++++++++++++++++++++++++++++++++++++++++++++++++++
 
*****************************************************************************


*****************************************************************************
*                                                                           *
*                    JOB EFFICIENCY REPORT (seff 10770602)                   *
*                                                                           *
*****************************************************************************

Job ID: 10770602
Cluster: finisterrae3
User/Group: curso341/ulc
State: COMPLETED (exit code 0)
Nodes: 25
Cores per node: 40
CPU Utilized: 02:46:51
CPU Efficiency: 17.56% of 15:50:00 core-walltime
Job Wall-clock time: 00:00:57
Memory Utilized: 1.16 GB
Memory Efficiency: 0.03% of 3.91 TB

 +++++++++++++++++++++++++++++++++++++++++++++++++++++++++++++++++++++++++++
 ++   Memory Efficiency is too small. Please review the requested memory. ++
 ++ It seems that you do not need that much memory so we recommend        ++
 ++ requesting less memory in other similar jobs.                         ++
 +++++++++++++++++++++++++++++++++++++++++++++++++++++++++++++++++++++++++++
 
*****************************************************************************


*****************************************************************************
*                                                                           *
*                    JOB EFFICIENCY REPORT (seff 10770602)                   *
*                                                                           *
*****************************************************************************

Job ID: 10770602
Cluster: finisterrae3
User/Group: curso341/ulc
State: COMPLETED (exit code 0)
Nodes: 25
Cores per node: 40
CPU Utilized: 02:46:51
CPU Efficiency: 17.56% of 15:50:00 core-walltime
Job Wall-clock time: 00:00:57
Memory Utilized: 1.16 GB
Memory Efficiency: 0.03% of 3.91 TB

 +++++++++++++++++++++++++++++++++++++++++++++++++++++++++++++++++++++++++++
 ++   Memory Efficiency is too small. Please review the requested memory. ++
 ++ It seems that you do not need that much memory so we recommend        ++
 ++ requesting less memory in other similar jobs.                         ++
 +++++++++++++++++++++++++++++++++++++++++++++++++++++++++++++++++++++++++++
 
*****************************************************************************


*****************************************************************************
*                                                                           *
*                    JOB EFFICIENCY REPORT (seff 10770602)                   *
*                                                                           *
*****************************************************************************

Job ID: 10770602
Cluster: finisterrae3
User/Group: curso341/ulc
State: COMPLETED (exit code 0)
Nodes: 25
Cores per node: 40
CPU Utilized: 02:46:51
CPU Efficiency: 17.56% of 15:50:00 core-walltime
Job Wall-clock time: 00:00:57
Memory Utilized: 1.16 GB
Memory Efficiency: 0.03% of 3.91 TB

 +++++++++++++++++++++++++++++++++++++++++++++++++++++++++++++++++++++++++++
 ++   Memory Efficiency is too small. Please review the requested memory. ++
 ++ It seems that you do not need that much memory so we recommend        ++
 ++ requesting less memory in other similar jobs.                         ++
 +++++++++++++++++++++++++++++++++++++++++++++++++++++++++++++++++++++++++++
 
*****************************************************************************


*****************************************************************************
*                                                                           *
*                    JOB EFFICIENCY REPORT (seff 10770602)                   *
*                                                                           *
*****************************************************************************

Job ID: 10770602
Cluster: finisterrae3
User/Group: curso341/ulc
State: COMPLETED (exit code 0)
Nodes: 25
Cores per node: 40
CPU Utilized: 02:46:51
CPU Efficiency: 17.56% of 15:50:00 core-walltime
Job Wall-clock time: 00:00:57
Memory Utilized: 1.16 GB
Memory Efficiency: 0.03% of 3.91 TB

 +++++++++++++++++++++++++++++++++++++++++++++++++++++++++++++++++++++++++++
 ++   Memory Efficiency is too small. Please review the requested memory. ++
 ++ It seems that you do not need that much memory so we recommend        ++
 ++ requesting less memory in other similar jobs.                         ++
 +++++++++++++++++++++++++++++++++++++++++++++++++++++++++++++++++++++++++++
 
*****************************************************************************


*****************************************************************************
*                                                                           *
*                    JOB EFFICIENCY REPORT (seff 10770602)                   *
*                                                                           *
*****************************************************************************

Job ID: 10770602
Cluster: finisterrae3
User/Group: curso341/ulc
State: COMPLETED (exit code 0)
Nodes: 25
Cores per node: 40
CPU Utilized: 02:46:51
CPU Efficiency: 17.56% of 15:50:00 core-walltime
Job Wall-clock time: 00:00:57
Memory Utilized: 1.16 GB
Memory Efficiency: 0.03% of 3.91 TB

 +++++++++++++++++++++++++++++++++++++++++++++++++++++++++++++++++++++++++++
 ++   Memory Efficiency is too small. Please review the requested memory. ++
 ++ It seems that you do not need that much memory so we recommend        ++
 ++ requesting less memory in other similar jobs.                         ++
 +++++++++++++++++++++++++++++++++++++++++++++++++++++++++++++++++++++++++++
 
*****************************************************************************


*****************************************************************************
*                                                                           *
*                    JOB EFFICIENCY REPORT (seff 10770602)                   *
*                                                                           *
*****************************************************************************

Job ID: 10770602
Cluster: finisterrae3
User/Group: curso341/ulc
State: COMPLETED (exit code 0)
Nodes: 25
Cores per node: 40
CPU Utilized: 02:46:51
CPU Efficiency: 17.56% of 15:50:00 core-walltime
Job Wall-clock time: 00:00:57
Memory Utilized: 1.16 GB
Memory Efficiency: 0.03% of 3.91 TB

 +++++++++++++++++++++++++++++++++++++++++++++++++++++++++++++++++++++++++++
 ++   Memory Efficiency is too small. Please review the requested memory. ++
 ++ It seems that you do not need that much memory so we recommend        ++
 ++ requesting less memory in other similar jobs.                         ++
 +++++++++++++++++++++++++++++++++++++++++++++++++++++++++++++++++++++++++++
 
*****************************************************************************


*****************************************************************************
*                                                                           *
*                    JOB EFFICIENCY REPORT (seff 10770602)                   *
*                                                                           *
*****************************************************************************

Job ID: 10770602
Cluster: finisterrae3
User/Group: curso341/ulc
State: COMPLETED (exit code 0)
Nodes: 25
Cores per node: 40
CPU Utilized: 02:46:51
CPU Efficiency: 17.56% of 15:50:00 core-walltime
Job Wall-clock time: 00:00:57
Memory Utilized: 1.16 GB
Memory Efficiency: 0.03% of 3.91 TB

 +++++++++++++++++++++++++++++++++++++++++++++++++++++++++++++++++++++++++++
 ++   Memory Efficiency is too small. Please review the requested memory. ++
 ++ It seems that you do not need that much memory so we recommend        ++
 ++ requesting less memory in other similar jobs.                         ++
 +++++++++++++++++++++++++++++++++++++++++++++++++++++++++++++++++++++++++++
 
*****************************************************************************


*****************************************************************************
*                                                                           *
*                    JOB EFFICIENCY REPORT (seff 10770602)                   *
*                                                                           *
*****************************************************************************

Job ID: 10770602
Cluster: finisterrae3
User/Group: curso341/ulc
State: COMPLETED (exit code 0)
Nodes: 25
Cores per node: 40
CPU Utilized: 02:50:54
CPU Efficiency: 17.99% of 15:50:00 core-walltime
Job Wall-clock time: 00:00:57
Memory Utilized: 1.16 GB
Memory Efficiency: 0.03% of 3.91 TB

 +++++++++++++++++++++++++++++++++++++++++++++++++++++++++++++++++++++++++++
 ++   Memory Efficiency is too small. Please review the requested memory. ++
 ++ It seems that you do not need that much memory so we recommend        ++
 ++ requesting less memory in other similar jobs.                         ++
 +++++++++++++++++++++++++++++++++++++++++++++++++++++++++++++++++++++++++++
 
*****************************************************************************


*****************************************************************************
*                                                                           *
*                    JOB EFFICIENCY REPORT (seff 10770602)                   *
*                                                                           *
*****************************************************************************

Job ID: 10770602
Cluster: finisterrae3
User/Group: curso341/ulc
State: COMPLETED (exit code 0)
Nodes: 25
Cores per node: 40
CPU Utilized: 02:51:19
CPU Efficiency: 18.03% of 15:50:00 core-walltime
Job Wall-clock time: 00:00:57
Memory Utilized: 1.16 GB
Memory Efficiency: 0.03% of 3.91 TB

 +++++++++++++++++++++++++++++++++++++++++++++++++++++++++++++++++++++++++++
 ++   Memory Efficiency is too small. Please review the requested memory. ++
 ++ It seems that you do not need that much memory so we recommend        ++
 ++ requesting less memory in other similar jobs.                         ++
 +++++++++++++++++++++++++++++++++++++++++++++++++++++++++++++++++++++++++++
 
*****************************************************************************

