slurmstepd: info: Setting TMPDIR to /scratch/10925238. Previous errors about TMPDIR can be discarded
Slurm job started at 09/03/2025_07:58:53 PM

In transit.
Initing Ray (1 head node + 2 worker nodes + 4 simulation nodes) on nodes: 
	ilk-172 ilk-244 ilk-245 ilk-246 ilk-247 ilk-248 ilk-253
Head node: 172.30.204.28:6379


RAY_DEPLOY_TIME:     24.54150
2025-03-09 19:59:20,056	INFO packaging.py:520 -- Creating a file package for local directory '/mnt/lustre/scratch/nlsas/home/ulc/cursos/curso341/dask_on_reisa_tests/E4/REISA/reduction/P128-SN4-LS134-GS17179-I20-AN2-D2025-03-09_18-43-03'.
2025-03-09 19:59:20,083	INFO packaging.py:347 -- Pushing file package 'gcs://_ray_pkg_e49b4ec9da8c0acd.zip' (0.48MiB) to Ray cluster...
2025-03-09 19:59:20,090	INFO packaging.py:360 -- Successfully pushed file package 'gcs://_ray_pkg_e49b4ec9da8c0acd.zip'.
RAY_INIT_TIME:       3.91464
Iter [0]
Iter [2]
Iter [4]
Iter [6]
Iter [8]
Iter [10]
Iter [12]
slurmstepd: error: *** JOB 10925238 ON ilk-172 CANCELLED AT 2025-03-09T20:19:09 DUE TO TIME LIMIT ***
srun: Job step aborted: Waiting up to 32 seconds for job step to finish.
srun: Job step aborted: Waiting up to 32 seconds for job step to finish.
slurmstepd: error: *** STEP 10925238.8 ON ilk-244 CANCELLED AT 2025-03-09T20:19:09 DUE TO TIME LIMIT ***
slurmstepd: error: *** STEP 10925238.9 ON ilk-246 CANCELLED AT 2025-03-09T20:19:09 DUE TO TIME LIMIT ***
*** SIGTERM received at time=1741547949 on cpu 13 ***
*** SIGTERM received at time=1741547949 on cpu 4 ***
*** SIGTERM received at time=1741547949 on cpu 11 ***
*** SIGTERM received at time=1741547949 on cpu 0 ***
*** SIGTERM received at time=1741547949 on cpu 32 ***
*** SIGTERM received at time=1741547949 on cpu 31 ***
*** SIGTERM received at time=1741547949 on cpu 15 ***
*** SIGTERM received at time=1741547949 on cpu 6 ***
*** SIGTERM received at time=1741547949 on cpu 50 ***
*** SIGTERM received at time=1741547949 on cpu 29 ***
*** SIGTERM received at time=1741547949 on cpu 55 ***
*** SIGTERM received at time=1741547949 on cpu 20 ***
*** SIGTERM received at time=1741547949 on cpu 7 ***
*** SIGTERM received at time=1741547949 on cpu 33 ***
*** SIGTERM received at time=1741547949 on cpu 12 ***
*** SIGTERM received at time=1741547949 on cpu 5 ***
*** SIGTERM received at time=1741547949 on cpu 25 ***
*** SIGTERM received at time=1741547949 on cpu 23 ***
*** SIGTERM received at time=1741547949 on cpu 60 ***
*** SIGTERM received at time=1741547949 on cpu 15 ***
*** SIGTERM received at time=1741547949 on cpu 27 ***
*** SIGTERM received at time=1741547949 on cpu 14 ***
*** SIGTERM received at time=1741547949 on cpu 45 ***
*** SIGTERM received at time=1741547949 on cpu 53 ***
*** SIGTERM received at time=1741547949 on cpu 58 ***
*** SIGTERM received at time=1741547949 on cpu 48 ***
*** SIGTERM received at time=1741547949 on cpu 5 ***
*** SIGTERM received at time=1741547949 on cpu 59 ***
*** SIGTERM received at time=1741547949 on cpu 54 ***
*** SIGTERM received at time=1741547949 on cpu 51 ***
*** SIGTERM received at time=1741547949 on cpu 6 ***
*** SIGTERM received at time=1741547949 on cpu 14 ***
*** SIGTERM received at time=1741547949 on cpu 30 ***
*** SIGTERM received at time=1741547949 on cpu 10 ***
*** SIGTERM received at time=1741547949 on cpu 7 ***
*** SIGTERM received at time=1741547949 on cpu 18 ***
*** SIGTERM received at time=1741547949 on cpu 52 ***
*** SIGTERM received at time=1741547949 on cpu 43 ***
*** SIGTERM received at time=1741547949 on cpu 9 ***
*** SIGTERM received at time=1741547949 on cpu 44 ***
*** SIGTERM received at time=1741547949 on cpu 52 ***
*** SIGTERM received at time=1741547949 on cpu 3 ***
*** SIGTERM received at time=1741547949 on cpu 56 ***
*** SIGTERM received at time=1741547949 on cpu 12 ***
*** SIGTERM received at time=1741547949 on cpu 11 ***
*** SIGTERM received at time=1741547949 on cpu 35 ***
*** SIGTERM received at time=1741547949 on cpu 43 ***
*** SIGTERM received at time=1741547949 on cpu 2 ***
*** SIGTERM received at time=1741547949 on cpu 36 ***
*** SIGTERM received at time=1741547949 on cpu 47 ***
*** SIGTERM received at time=1741547949 on cpu 57 ***
*** SIGTERM received at time=1741547949 on cpu 15 ***
*** SIGTERM received at time=1741547949 on cpu 8 ***
*** SIGTERM received at time=1741547949 on cpu 1 ***
*** SIGTERM received at time=1741547949 on cpu 58 ***
*** SIGTERM received at time=1741547949 on cpu 25 ***
*** SIGTERM received at time=1741547949 on cpu 43 ***
*** SIGTERM received at time=1741547949 on cpu 48 ***
*** SIGTERM received at time=1741547949 on cpu 23 ***
*** SIGTERM received at time=1741547949 on cpu 24 ***
*** SIGTERM received at time=1741547949 on cpu 62 ***
*** SIGTERM received at time=1741547949 on cpu 16 ***
*** SIGTERM received at time=1741547949 on cpu 44 ***
*** SIGTERM received at time=1741547949 on cpu 13 ***
*** SIGTERM received at time=1741547949 on cpu 40 ***
*** SIGTERM received at time=1741547949 on cpu 3 ***
*** SIGTERM received at time=1741547949 on cpu 20 ***
*** SIGTERM received at time=1741547949 on cpu 7 ***
*** SIGTERM received at time=1741547949 on cpu 53 ***
*** SIGTERM received at time=1741547949 on cpu 9 ***
*** SIGTERM received at time=1741547949 on cpu 9 ***
*** SIGTERM received at time=1741547949 on cpu 21 ***
*** SIGTERM received at time=1741547949 on cpu 26 ***
*** SIGTERM received at time=1741547949 on cpu 6 ***
*** SIGTERM received at time=1741547949 on cpu 6 ***
*** SIGTERM received at time=1741547949 on cpu 47 ***
*** SIGTERM received at time=1741547949 on cpu 36 ***
*** SIGTERM received at time=1741547949 on cpu 5 ***
*** SIGTERM received at time=1741547949 on cpu 19 ***
*** SIGTERM received at time=1741547949 on cpu 62 ***
*** SIGTERM received at time=1741547949 on cpu 56 ***
*** SIGTERM received at time=1741547949 on cpu 48 ***
*** SIGTERM received at time=1741547949 on cpu 10 ***
*** SIGTERM received at time=1741547949 on cpu 34 ***
*** SIGTERM received at time=1741547949 on cpu 50 ***
*** SIGTERM received at time=1741547949 on cpu 52 ***
*** SIGTERM received at time=1741547949 on cpu 11 ***
*** SIGTERM received at time=1741547949 on cpu 42 ***
*** SIGTERM received at time=1741547949 on cpu 63 ***
*** SIGTERM received at time=1741547949 on cpu 44 ***
*** SIGTERM received at time=1741547949 on cpu 48 ***
*** SIGTERM received at time=1741547949 on cpu 29 ***
*** SIGTERM received at time=1741547949 on cpu 4 ***
*** SIGTERM received at time=1741547949 on cpu 60 ***
*** SIGTERM received at time=1741547949 on cpu 31 ***
*** SIGTERM received at time=1741547949 on cpu 9 ***
*** SIGTERM received at time=1741547949 on cpu 0 ***
*** SIGTERM received at time=1741547949 on cpu 55 ***
*** SIGTERM received at time=1741547949 on cpu 10 ***
*** SIGTERM received at time=1741547949 on cpu 2 ***
*** SIGTERM received at time=1741547949 on cpu 2 ***
*** SIGTERM received at time=1741547949 on cpu 27 ***
*** SIGTERM received at time=1741547949 on cpu 25 ***
*** SIGTERM received at time=1741547949 on cpu 54 ***
*** SIGTERM received at time=1741547949 on cpu 52 ***
*** SIGTERM received at time=1741547949 on cpu 16 ***
