slurmstepd: info: Setting TMPDIR to /scratch/10925235. Previous errors about TMPDIR can be discarded
Slurm job started at 09/03/2025_07:46:59 PM

In transit.
Initing Ray (1 head node + 2 worker nodes + 4 simulation nodes) on nodes: 
	ilk-211 ilk-213 ilk-214 ilk-215 ilk-249 ilk-250 ilk-251
Head node: 172.30.205.19:6379


RAY_DEPLOY_TIME:     24.23636
2025-03-09 19:47:26,313	INFO packaging.py:520 -- Creating a file package for local directory '/mnt/lustre/scratch/nlsas/home/ulc/cursos/curso341/dask_on_reisa_tests/E4/REISA/reduction/P128-SN4-LS1-GS134-I20-AN2-D2025-03-09_18-42-55'.
2025-03-09 19:47:26,339	INFO packaging.py:347 -- Pushing file package 'gcs://_ray_pkg_c4d95ebfe8950d39.zip' (0.48MiB) to Ray cluster...
2025-03-09 19:47:26,345	INFO packaging.py:360 -- Successfully pushed file package 'gcs://_ray_pkg_c4d95ebfe8950d39.zip'.
RAY_INIT_TIME:       3.79723
Iter [0]
Iter [2]
Iter [4]
Iter [6]
Iter [8]
Iter [10]
Iter [12]
Iter [14]
Iter [16]
Iter [18]
GLOBAL_PUT_TIME:     0.0633690357208252 (avg:0.00317)
ACTOR_CONCURRENCY:   8
EST_ANALYTICS_TIME:  12.26993 (avg:0.61350)
SIMULATION_TIME:     11.207874818000001 (avg: 0.560393740900000)
SIM_WTHOUT_PDI:      3.752070120999999 (avg: 0.187603506050000)
PDI_DELAY:           7.455804697000001 (avg: 0.372790234850000)

GLOBAL_SIZE_(GiB):   131072
LOCAL_SIZE_(MiB):    1
ITERATIONS:          20

MPI_PER_NODE:        32
MPI_PARALLELISM:     128

WORKER_NODES:        2
CPUS_PER_WORKER:     64
WORKER_PARALLELISM:  128


SLURM_JOB_ID:        10925235

Slurm job finished at 09/03/2025_07:47:42 PM


*****************************************************************************
*****************************************************************************
*                                                                           *
*                                                                           *
*                    JOB EFFICIENCY REPORT (seff 10925235)                   *
*                    JOB EFFICIENCY REPORT (seff 10925235)                   *
*                                                                           *
*                                                                           *
*****************************************************************************
*****************************************************************************


Job ID: 10925235
Job ID: 10925235
Cluster: finisterrae3
Cluster: finisterrae3
User/Group: curso341/ulc
User/Group: curso341/ulc
State: COMPLETED (exit code 0)
State: COMPLETED (exit code 0)
Nodes: 7
Nodes: 7
Cores per node: 64
Cores per node: 64
CPU Utilized: 00:22:23
CPU Utilized: 00:22:23
CPU Efficiency: 6.81% of 05:28:32 core-walltime
CPU Efficiency: 6.81% of 05:28:32 core-walltime
Job Wall-clock time: 00:00:44
Job Wall-clock time: 00:00:44
Memory Utilized: 3.85 GB
Memory Utilized: 3.85 GB
Memory Efficiency: 0.25% of 1.48 TB
Memory Efficiency: 0.25% of 1.48 TB


 +++++++++++++++++++++++++++++++++++++++++++++++++++++++++++++++++++++++++++
 +++++++++++++++++++++++++++++++++++++++++++++++++++++++++++++++++++++++++++
 ++   Memory Efficiency is too small. Please review the requested memory. ++
 ++   Memory Efficiency is too small. Please review the requested memory. ++
 ++ It seems that you do not need that much memory so we recommend        ++
 ++ It seems that you do not need that much memory so we recommend        ++
 ++ requesting less memory in other similar jobs.                         ++
 ++ requesting less memory in other similar jobs.                         ++
 +++++++++++++++++++++++++++++++++++++++++++++++++++++++++++++++++++++++++++
 +++++++++++++++++++++++++++++++++++++++++++++++++++++++++++++++++++++++++++
 
 
*****************************************************************************
*****************************************************************************



*****************************************************************************
*                                                                           *
*                    JOB EFFICIENCY REPORT (seff 10925235)                   *
*                                                                           *
*****************************************************************************

Job ID: 10925235
Cluster: finisterrae3
User/Group: curso341/ulc
State: COMPLETED (exit code 0)
Nodes: 7
Cores per node: 64
CPU Utilized: 00:22:23
CPU Efficiency: 6.81% of 05:28:32 core-walltime
Job Wall-clock time: 00:00:44
Memory Utilized: 3.85 GB
Memory Efficiency: 0.25% of 1.48 TB

 +++++++++++++++++++++++++++++++++++++++++++++++++++++++++++++++++++++++++++
 ++   Memory Efficiency is too small. Please review the requested memory. ++
 ++ It seems that you do not need that much memory so we recommend        ++
 ++ requesting less memory in other similar jobs.                         ++
 +++++++++++++++++++++++++++++++++++++++++++++++++++++++++++++++++++++++++++
 
*****************************************************************************


*****************************************************************************
*                                                                           *
*                    JOB EFFICIENCY REPORT (seff 10925235)                   *
*                                                                           *
*****************************************************************************

Job ID: 10925235
Cluster: finisterrae3
User/Group: curso341/ulc
State: COMPLETED (exit code 0)
Nodes: 7
Cores per node: 64
CPU Utilized: 00:27:37
CPU Efficiency: 8.41% of 05:28:32 core-walltime
Job Wall-clock time: 00:00:44
Memory Utilized: 6.33 GB
Memory Efficiency: 0.42% of 1.48 TB

 +++++++++++++++++++++++++++++++++++++++++++++++++++++++++++++++++++++++++++
 ++   Memory Efficiency is too small. Please review the requested memory. ++
 ++ It seems that you do not need that much memory so we recommend        ++
 ++ requesting less memory in other similar jobs.                         ++
 +++++++++++++++++++++++++++++++++++++++++++++++++++++++++++++++++++++++++++
 
*****************************************************************************


*****************************************************************************
*                                                                           *
*                    JOB EFFICIENCY REPORT (seff 10925235)                   *
*                                                                           *
*****************************************************************************

Job ID: 10925235
Cluster: finisterrae3
User/Group: curso341/ulc
State: COMPLETED (exit code 0)
Nodes: 7
Cores per node: 64
CPU Utilized: 00:27:37
CPU Efficiency: 8.41% of 05:28:32 core-walltime
Job Wall-clock time: 00:00:44
Memory Utilized: 6.33 GB
Memory Efficiency: 0.42% of 1.48 TB

 +++++++++++++++++++++++++++++++++++++++++++++++++++++++++++++++++++++++++++
 ++   Memory Efficiency is too small. Please review the requested memory. ++
 ++ It seems that you do not need that much memory so we recommend        ++
 ++ requesting less memory in other similar jobs.                         ++
 +++++++++++++++++++++++++++++++++++++++++++++++++++++++++++++++++++++++++++
 
*****************************************************************************


*****************************************************************************
*                                                                           *
*                    JOB EFFICIENCY REPORT (seff 10925235)                   *
*                                                                           *
*****************************************************************************

Job ID: 10925235
Cluster: finisterrae3
User/Group: curso341/ulc
State: COMPLETED (exit code 0)
Nodes: 7
Cores per node: 64
CPU Utilized: 00:27:37
CPU Efficiency: 8.41% of 05:28:32 core-walltime
Job Wall-clock time: 00:00:44
Memory Utilized: 6.33 GB
Memory Efficiency: 0.42% of 1.48 TB

 +++++++++++++++++++++++++++++++++++++++++++++++++++++++++++++++++++++++++++
 ++   Memory Efficiency is too small. Please review the requested memory. ++
 ++ It seems that you do not need that much memory so we recommend        ++
 ++ requesting less memory in other similar jobs.                         ++
 +++++++++++++++++++++++++++++++++++++++++++++++++++++++++++++++++++++++++++
 
*****************************************************************************


*****************************************************************************
*                                                                           *
*                    JOB EFFICIENCY REPORT (seff 10925235)                   *
*                                                                           *
*****************************************************************************

Job ID: 10925235
Cluster: finisterrae3
User/Group: curso341/ulc
State: COMPLETED (exit code 0)
Nodes: 7
Cores per node: 64
CPU Utilized: 00:28:00
CPU Efficiency: 8.52% of 05:28:32 core-walltime
Job Wall-clock time: 00:00:44
Memory Utilized: 6.33 GB
Memory Efficiency: 0.42% of 1.48 TB

 +++++++++++++++++++++++++++++++++++++++++++++++++++++++++++++++++++++++++++
 ++   Memory Efficiency is too small. Please review the requested memory. ++
 ++ It seems that you do not need that much memory so we recommend        ++
 ++ requesting less memory in other similar jobs.                         ++
 +++++++++++++++++++++++++++++++++++++++++++++++++++++++++++++++++++++++++++
 
*****************************************************************************

