slurmstepd: info: Setting TMPDIR to /scratch/10912166. Previous errors about TMPDIR can be discarded
Slurm job started at 08/03/2025_12:39:18 PM

In transit.
Initing Ray (1 head node + 2 worker nodes + 4 simulation nodes) on nodes: 
	ilk-40 ilk-121 ilk-140 ilk-143 ilk-237 ilk-238 ilk-240
Head node: 172.30.201.40:6379


RAY_DEPLOY_TIME:     23.77367
2025-03-08 12:39:46,621	INFO packaging.py:520 -- Creating a file package for local directory '/mnt/lustre/scratch/nlsas/home/ulc/cursos/curso341/dask_on_reisa_tests/E2/DASK_ON_REISA_ONE_ACTOR/derivative/P128-SN4-LS1-GS134-I10-AN2-D2025-03-08_09-08-27'.
2025-03-08 12:39:46,648	INFO packaging.py:347 -- Pushing file package 'gcs://_ray_pkg_7b97f3af964acc5d.zip' (0.48MiB) to Ray cluster...
2025-03-08 12:39:46,655	INFO packaging.py:360 -- Successfully pushed file package 'gcs://_ray_pkg_7b97f3af964acc5d.zip'.
RAY_INIT_TIME:       5.49627
Iter [0]
Iter [1]
Iter [2]
Iter [3]
Iter [4]
Iter [5]
Iter [6]
Iter [7]
Iter [8]
Iter [9]
GLOBAL_PUT_TIME:     0.972571849822998 (avg:0.09726)
ACTOR_CONCURRENCY:   8
SIMULATION_TIME:     33.193840964000003 (avg: 3.319384096400000)
SIM_WTHOUT_PDI:      19.630783156000007 (avg: 1.963078315600001)
PDI_DELAY:           13.563057807999996 (avg: 1.356305780800000)

GLOBAL_SIZE_(GiB):   131072
LOCAL_SIZE_(MiB):    1
ITERATIONS:          10

MPI_PER_NODE:        32
MPI_PARALLELISM:     128

WORKER_NODES:        2
CPUS_PER_WORKER:     64
WORKER_PARALLELISM:  128


SLURM_JOB_ID:        10912166
EST_ANALYTICS_TIME:  258.51027 (avg:25.85103)

Slurm job finished at 08/03/2025_12:44:09 PM

*****************************************************************************
*                                                                           *
*                    JOB EFFICIENCY REPORT (seff 10912166)                   *
*                                                                           *
*****************************************************************************

Job ID: 10912166
Cluster: finisterrae3
User/Group: curso341/ulc
State: COMPLETED (exit code 0)
Nodes: 7
Cores per node: 64
CPU Utilized: 00:48:49
CPU Efficiency: 2.23% of 1-12:27:44 core-walltime
Job Wall-clock time: 00:04:53
Memory Utilized: 5.09 GB
Memory Efficiency: 0.34% of 1.48 TB

 +++++++++++++++++++++++++++++++++++++++++++++++++++++++++++++++++++++++++++
 ++   Memory Efficiency is too small. Please review the requested memory. ++
 ++ It seems that you do not need that much memory so we recommend        ++
 ++ requesting less memory in other similar jobs.                         ++
 +++++++++++++++++++++++++++++++++++++++++++++++++++++++++++++++++++++++++++
 
*****************************************************************************


*****************************************************************************
*                                                                           *
*                    JOB EFFICIENCY REPORT (seff 10912166)                   *
*                                                                           *
*****************************************************************************

Job ID: 10912166
Cluster: finisterrae3
User/Group: curso341/ulc
State: COMPLETED (exit code 0)
Nodes: 7
Cores per node: 64
CPU Utilized: 00:48:49
CPU Efficiency: 2.23% of 1-12:27:44 core-walltime
Job Wall-clock time: 00:04:53
Memory Utilized: 5.09 GB
Memory Efficiency: 0.34% of 1.48 TB

 +++++++++++++++++++++++++++++++++++++++++++++++++++++++++++++++++++++++++++
 ++   Memory Efficiency is too small. Please review the requested memory. ++
 ++ It seems that you do not need that much memory so we recommend        ++
 ++ requesting less memory in other similar jobs.                         ++
 +++++++++++++++++++++++++++++++++++++++++++++++++++++++++++++++++++++++++++
 
*****************************************************************************


*****************************************************************************
*                                                                           *
*                    JOB EFFICIENCY REPORT (seff 10912166)                   *
*                                                                           *
*****************************************************************************

Job ID: 10912166
Cluster: finisterrae3
User/Group: curso341/ulc
State: COMPLETED (exit code 0)
Nodes: 7
Cores per node: 64
CPU Utilized: 00:48:49
CPU Efficiency: 2.23% of 1-12:27:44 core-walltime
Job Wall-clock time: 00:04:53
Memory Utilized: 5.09 GB
Memory Efficiency: 0.34% of 1.48 TB

 +++++++++++++++++++++++++++++++++++++++++++++++++++++++++++++++++++++++++++
 ++   Memory Efficiency is too small. Please review the requested memory. ++
 ++ It seems that you do not need that much memory so we recommend        ++
 ++ requesting less memory in other similar jobs.                         ++
 +++++++++++++++++++++++++++++++++++++++++++++++++++++++++++++++++++++++++++
 
*****************************************************************************


*****************************************************************************
*                                                                           *
*                    JOB EFFICIENCY REPORT (seff 10912166)                   *
*                                                                           *
*****************************************************************************

Job ID: 10912166
Cluster: finisterrae3
User/Group: curso341/ulc
State: COMPLETED (exit code 0)
Nodes: 7
Cores per node: 64
CPU Utilized: 00:48:49
CPU Efficiency: 2.23% of 1-12:27:44 core-walltime
Job Wall-clock time: 00:04:53
Memory Utilized: 5.09 GB
Memory Efficiency: 0.34% of 1.48 TB

 +++++++++++++++++++++++++++++++++++++++++++++++++++++++++++++++++++++++++++
 ++   Memory Efficiency is too small. Please review the requested memory. ++
 ++ It seems that you do not need that much memory so we recommend        ++
 ++ requesting less memory in other similar jobs.                         ++
 +++++++++++++++++++++++++++++++++++++++++++++++++++++++++++++++++++++++++++
 
*****************************************************************************


*****************************************************************************
*                                                                           *
*                    JOB EFFICIENCY REPORT (seff 10912166)                   *
*                                                                           *
*****************************************************************************

Job ID: 10912166
Cluster: finisterrae3
User/Group: curso341/ulc
State: COMPLETED (exit code 0)
Nodes: 7
Cores per node: 64
CPU Utilized: 01:21:06
CPU Efficiency: 3.71% of 1-12:27:44 core-walltime
Job Wall-clock time: 00:04:53
Memory Utilized: 5.67 GB
Memory Efficiency: 0.37% of 1.48 TB

 +++++++++++++++++++++++++++++++++++++++++++++++++++++++++++++++++++++++++++
 ++   Memory Efficiency is too small. Please review the requested memory. ++
 ++ It seems that you do not need that much memory so we recommend        ++
 ++ requesting less memory in other similar jobs.                         ++
 +++++++++++++++++++++++++++++++++++++++++++++++++++++++++++++++++++++++++++
 
*****************************************************************************


*****************************************************************************
*                                                                           *
*                    JOB EFFICIENCY REPORT (seff 10912166)                   *
*                                                                           *
*****************************************************************************

Job ID: 10912166
Cluster: finisterrae3
User/Group: curso341/ulc
State: COMPLETED (exit code 0)
Nodes: 7
Cores per node: 64
CPU Utilized: 01:21:06
CPU Efficiency: 3.71% of 1-12:27:44 core-walltime
Job Wall-clock time: 00:04:53
Memory Utilized: 5.67 GB
Memory Efficiency: 0.37% of 1.48 TB

 +++++++++++++++++++++++++++++++++++++++++++++++++++++++++++++++++++++++++++
 ++   Memory Efficiency is too small. Please review the requested memory. ++
 ++ It seems that you do not need that much memory so we recommend        ++
 ++ requesting less memory in other similar jobs.                         ++
 +++++++++++++++++++++++++++++++++++++++++++++++++++++++++++++++++++++++++++
 
*****************************************************************************


*****************************************************************************
*                                                                           *
*                    JOB EFFICIENCY REPORT (seff 10912166)                   *
*                                                                           *
*****************************************************************************

Job ID: 10912166
Cluster: finisterrae3
User/Group: curso341/ulc
State: COMPLETED (exit code 0)
Nodes: 7
Cores per node: 64
CPU Utilized: 01:24:15
CPU Efficiency: 3.85% of 1-12:27:44 core-walltime
Job Wall-clock time: 00:04:53
Memory Utilized: 5.67 GB
Memory Efficiency: 0.37% of 1.48 TB

 +++++++++++++++++++++++++++++++++++++++++++++++++++++++++++++++++++++++++++
 ++   Memory Efficiency is too small. Please review the requested memory. ++
 ++ It seems that you do not need that much memory so we recommend        ++
 ++ requesting less memory in other similar jobs.                         ++
 +++++++++++++++++++++++++++++++++++++++++++++++++++++++++++++++++++++++++++
 
*****************************************************************************

