slurmstepd: info: Setting TMPDIR to /scratch/10942653. Previous errors about TMPDIR can be discarded
Slurm job started at 13/03/2025_01:23:28 AM

In transit.
Initing Ray (1 head node + 8 worker nodes + 16 simulation nodes) on nodes: 
	ilk-61 ilk-65 ilk-71 ilk-74 ilk-79 ilk-93 ilk-94 ilk-145 ilk-146 ilk-147 ilk-148 ilk-150 ilk-151 ilk-152 ilk-153 ilk-154 ilk-156 ilk-157 ilk-158 ilk-159 ilk-161 ilk-167 ilk-169 ilk-175 ilk-186
Head node: 172.30.202.13:6379


RAY_DEPLOY_TIME:     23.42321
2025-03-13 01:23:56,759	INFO packaging.py:520 -- Creating a file package for local directory '/mnt/lustre/scratch/nlsas/home/ulc/cursos/curso341/dask_on_reisa_tests/E6/DASK_ON_REISA/derivative/P512-SN16-LS1-GS536-I10-AN8-D2025-03-12_10-03-38'.
2025-03-13 01:23:56,784	INFO packaging.py:347 -- Pushing file package 'gcs://_ray_pkg_e8b831923c99bf2c.zip' (0.48MiB) to Ray cluster...
2025-03-13 01:23:56,791	INFO packaging.py:360 -- Successfully pushed file package 'gcs://_ray_pkg_e8b831923c99bf2c.zip'.
RAY_INIT_TIME:       7.95140
Iter [0]
Iter [1]
Iter [2]
Iter [3]
[2m[36m(iter_task pid=2291351, ip=10.120.202.17)[0m /home/ulc/cursos/curso341/.local/lib/python3.9/site-packages/dask/config.py:693: UserWarning: Configuration key "shuffle" has been deprecated. Please use "dataframe.shuffle.algorithm" instead
[2m[36m(iter_task pid=2291351, ip=10.120.202.17)[0m   warnings.warn(
[2m[36m(iter_task pid=3073230, ip=10.120.202.23)[0m /home/ulc/cursos/curso341/.local/lib/python3.9/site-packages/dask/config.py:693: UserWarning: Configuration key "shuffle" has been deprecated. Please use "dataframe.shuffle.algorithm" instead
[2m[36m(iter_task pid=3073230, ip=10.120.202.23)[0m   warnings.warn(
[2m[36m(iter_task pid=3733504, ip=10.120.202.45)[0m /home/ulc/cursos/curso341/.local/lib/python3.9/site-packages/dask/config.py:693: UserWarning: Configuration key "shuffle" has been deprecated. Please use "dataframe.shuffle.algorithm" instead
[2m[36m(iter_task pid=3733504, ip=10.120.202.45)[0m   warnings.warn(
[2m[36m(iter_task pid=3733505, ip=10.120.202.45)[0m /home/ulc/cursos/curso341/.local/lib/python3.9/site-packages/dask/config.py:693: UserWarning: Configuration key "shuffle" has been deprecated. Please use "dataframe.shuffle.algorithm" instead
[2m[36m(iter_task pid=3733505, ip=10.120.202.45)[0m   warnings.warn(
[2m[36m(iter_task pid=3678860, ip=10.120.204.2)[0m /home/ulc/cursos/curso341/.local/lib/python3.9/site-packages/dask/config.py:693: UserWarning: Configuration key "shuffle" has been deprecated. Please use "dataframe.shuffle.algorithm" instead
[2m[36m(iter_task pid=3678860, ip=10.120.204.2)[0m   warnings.warn(
[2m[36m(iter_task pid=3678859, ip=10.120.204.2)[0m /home/ulc/cursos/curso341/.local/lib/python3.9/site-packages/dask/config.py:693: UserWarning: Configuration key "shuffle" has been deprecated. Please use "dataframe.shuffle.algorithm" instead
[2m[36m(iter_task pid=3678859, ip=10.120.204.2)[0m   warnings.warn(
Iter [4]
Iter [5]
Iter [6]
Iter [7]
Iter [8]
Iter [9]
GLOBAL_PUT_TIME:     0.029673099517822266 (avg:0.00297)
ACTOR_CONCURRENCY:   8
SIMULATION_TIME:     11.522501814000002 (avg: 1.152250181400000)
SIM_WTHOUT_PDI:      6.606184904999999 (avg: 0.660618490500000)
PDI_DELAY:           4.916316909000003 (avg: 0.491631690900000)

GLOBAL_SIZE_(GiB):   524288
LOCAL_SIZE_(MiB):    1
ITERATIONS:          10

MPI_PER_NODE:        32
MPI_PARALLELISM:     512

WORKER_NODES:        8
CPUS_PER_WORKER:     64
WORKER_PARALLELISM:  512


SLURM_JOB_ID:        10942653
EST_ANALYTICS_TIME:  39.37249 (avg:3.93725)

Slurm job finished at 13/03/2025_01:24:41 AM

*****************************************************************************
*                                                                           *
*                    JOB EFFICIENCY REPORT (seff 10942653)                   *
*                                                                           *
*****************************************************************************

Job ID: 10942653
Cluster: finisterrae3
User/Group: curso341/ulc
State: COMPLETED (exit code 0)
Nodes: 25
Cores per node: 64
CPU Utilized: 01:31:14
CPU Efficiency: 4.62% of 1-08:53:20 core-walltime
Job Wall-clock time: 00:01:14
Memory Utilized: 313.70 MB
Memory Efficiency: 0.01% of 5.30 TB

 +++++++++++++++++++++++++++++++++++++++++++++++++++++++++++++++++++++++++++
 ++   Memory Efficiency is too small. Please review the requested memory. ++
 ++ It seems that you do not need that much memory so we recommend        ++
 ++ requesting less memory in other similar jobs.                         ++
 +++++++++++++++++++++++++++++++++++++++++++++++++++++++++++++++++++++++++++
 
*****************************************************************************


*****************************************************************************
*                                                                           *
*                    JOB EFFICIENCY REPORT (seff 10942653)                   *
*                                                                           *
*****************************************************************************

Job ID: 10942653
Cluster: finisterrae3
User/Group: curso341/ulc
State: COMPLETED (exit code 0)
Nodes: 25
Cores per node: 64
CPU Utilized: 01:31:14
CPU Efficiency: 4.62% of 1-08:53:20 core-walltime
Job Wall-clock time: 00:01:14
Memory Utilized: 313.70 MB
Memory Efficiency: 0.01% of 5.30 TB

 +++++++++++++++++++++++++++++++++++++++++++++++++++++++++++++++++++++++++++
 ++   Memory Efficiency is too small. Please review the requested memory. ++
 ++ It seems that you do not need that much memory so we recommend        ++
 ++ requesting less memory in other similar jobs.                         ++
 +++++++++++++++++++++++++++++++++++++++++++++++++++++++++++++++++++++++++++
 
*****************************************************************************


*****************************************************************************
*                                                                           *
*                    JOB EFFICIENCY REPORT (seff 10942653)                   *
*                                                                           *
*****************************************************************************

Job ID: 10942653
Cluster: finisterrae3
User/Group: curso341/ulc
State: COMPLETED (exit code 0)
Nodes: 25
Cores per node: 64
CPU Utilized: 01:31:14
CPU Efficiency: 4.62% of 1-08:53:20 core-walltime
Job Wall-clock time: 00:01:14
Memory Utilized: 313.70 MB
Memory Efficiency: 0.01% of 5.30 TB

 +++++++++++++++++++++++++++++++++++++++++++++++++++++++++++++++++++++++++++
 ++   Memory Efficiency is too small. Please review the requested memory. ++
 ++ It seems that you do not need that much memory so we recommend        ++
 ++ requesting less memory in other similar jobs.                         ++
 +++++++++++++++++++++++++++++++++++++++++++++++++++++++++++++++++++++++++++
 
*****************************************************************************


*****************************************************************************
*                                                                           *
*                    JOB EFFICIENCY REPORT (seff 10942653)                   *
*                                                                           *
*****************************************************************************

Job ID: 10942653
Cluster: finisterrae3
User/Group: curso341/ulc
State: COMPLETED (exit code 0)
Nodes: 25
Cores per node: 64
CPU Utilized: 01:31:14
CPU Efficiency: 4.62% of 1-08:53:20 core-walltime
Job Wall-clock time: 00:01:14
Memory Utilized: 313.70 MB
Memory Efficiency: 0.01% of 5.30 TB

 +++++++++++++++++++++++++++++++++++++++++++++++++++++++++++++++++++++++++++
 ++   Memory Efficiency is too small. Please review the requested memory. ++
 ++ It seems that you do not need that much memory so we recommend        ++
 ++ requesting less memory in other similar jobs.                         ++
 +++++++++++++++++++++++++++++++++++++++++++++++++++++++++++++++++++++++++++
 
*****************************************************************************


*****************************************************************************
*                                                                           *
*                    JOB EFFICIENCY REPORT (seff 10942653)                   *
*                                                                           *
*****************************************************************************

Job ID: 10942653
Cluster: finisterrae3
User/Group: curso341/ulc
State: COMPLETED (exit code 0)
Nodes: 25
Cores per node: 64
CPU Utilized: 01:31:14
CPU Efficiency: 4.62% of 1-08:53:20 core-walltime
Job Wall-clock time: 00:01:14
Memory Utilized: 313.70 MB
Memory Efficiency: 0.01% of 5.30 TB

 +++++++++++++++++++++++++++++++++++++++++++++++++++++++++++++++++++++++++++
 ++   Memory Efficiency is too small. Please review the requested memory. ++
 ++ It seems that you do not need that much memory so we recommend        ++
 ++ requesting less memory in other similar jobs.                         ++
 +++++++++++++++++++++++++++++++++++++++++++++++++++++++++++++++++++++++++++
 
*****************************************************************************


*****************************************************************************
*                                                                           *
*                    JOB EFFICIENCY REPORT (seff 10942653)                   *
*                                                                           *
*****************************************************************************

Job ID: 10942653
Cluster: finisterrae3
User/Group: curso341/ulc
State: COMPLETED (exit code 0)
Nodes: 25
Cores per node: 64
CPU Utilized: 01:31:14
CPU Efficiency: 4.62% of 1-08:53:20 core-walltime
Job Wall-clock time: 00:01:14
Memory Utilized: 313.70 MB
Memory Efficiency: 0.01% of 5.30 TB

 +++++++++++++++++++++++++++++++++++++++++++++++++++++++++++++++++++++++++++
 ++   Memory Efficiency is too small. Please review the requested memory. ++
 ++ It seems that you do not need that much memory so we recommend        ++
 ++ requesting less memory in other similar jobs.                         ++
 +++++++++++++++++++++++++++++++++++++++++++++++++++++++++++++++++++++++++++
 
*****************************************************************************



*****************************************************************************

*****************************************************************************
*                                                                           *
*****************************************************************************
*                                                                           *
*                    JOB EFFICIENCY REPORT (seff 10942653)                   *

*                                                                           *
*                    JOB EFFICIENCY REPORT (seff 10942653)                   *
*                                                                           *
*****************************************************************************
*                    JOB EFFICIENCY REPORT (seff 10942653)                   *
*                                                                           *
*****************************************************************************
*                                                                           *
*                                                                           *
*****************************************************************************

*                    JOB EFFICIENCY REPORT (seff 10942653)                   *
*****************************************************************************

Job ID: 10942653

*                                                                           *

Job ID: 10942653
Cluster: finisterrae3
*****************************************************************************
*****************************************************************************
Job ID: 10942653
Cluster: finisterrae3
User/Group: curso341/ulc
*                                                                           *


Cluster: finisterrae3
User/Group: curso341/ulc
State: COMPLETED (exit code 0)
*                    JOB EFFICIENCY REPORT (seff 10942653)                   *
*****************************************************************************
Job ID: 10942653
User/Group: curso341/ulc
State: COMPLETED (exit code 0)
Nodes: 25
*                                                                           *

*                                                                           *

Cluster: finisterrae3
State: COMPLETED (exit code 0)
Nodes: 25
Cores per node: 64
*****************************************************************************
*****************************************************************************
*                    JOB EFFICIENCY REPORT (seff 10942653)                   *
*****************************************************************************
User/Group: curso341/ulc
Nodes: 25
Cores per node: 64
CPU Utilized: 01:31:14

*                                                                           *
*                                                                           *
*                                                                           *
State: COMPLETED (exit code 0)
Cores per node: 64
CPU Utilized: 01:31:14
CPU Efficiency: 4.62% of 1-08:53:20 core-walltime
Job ID: 10942653
*                    JOB EFFICIENCY REPORT (seff 10942653)                   *
*****************************************************************************
*                    JOB EFFICIENCY REPORT (seff 10942653)                   *
Nodes: 25
CPU Utilized: 01:31:14
CPU Efficiency: 4.62% of 1-08:53:20 core-walltime
Job Wall-clock time: 00:01:14
Cluster: finisterrae3
*                                                                           *

*                                                                           *
Cores per node: 64
CPU Efficiency: 4.62% of 1-08:53:20 core-walltime
Job Wall-clock time: 00:01:14
Memory Utilized: 313.70 MB
User/Group: curso341/ulc
*****************************************************************************
Job ID: 10942653
*****************************************************************************
CPU Utilized: 01:31:14
Job Wall-clock time: 00:01:14

Memory Utilized: 313.70 MB
Memory Efficiency: 0.01% of 5.30 TB
State: COMPLETED (exit code 0)

Cluster: finisterrae3

CPU Efficiency: 4.62% of 1-08:53:20 core-walltime
Memory Utilized: 313.70 MB
*****************************************************************************
Memory Efficiency: 0.01% of 5.30 TB

Nodes: 25
Job ID: 10942653
User/Group: curso341/ulc
Job ID: 10942653
Job Wall-clock time: 00:01:14
Memory Efficiency: 0.01% of 5.30 TB
*                                                                           *

 +++++++++++++++++++++++++++++++++++++++++++++++++++++++++++++++++++++++++++
Cores per node: 64
Cluster: finisterrae3
State: COMPLETED (exit code 0)
Cluster: finisterrae3
Memory Utilized: 313.70 MB

*                    JOB EFFICIENCY REPORT (seff 10942653)                   *
 +++++++++++++++++++++++++++++++++++++++++++++++++++++++++++++++++++++++++++
 ++   Memory Efficiency is too small. Please review the requested memory. ++
CPU Utilized: 01:31:14
User/Group: curso341/ulc
Nodes: 25
User/Group: curso341/ulc
Memory Efficiency: 0.01% of 5.30 TB
 +++++++++++++++++++++++++++++++++++++++++++++++++++++++++++++++++++++++++++
*                                                                           *
 ++   Memory Efficiency is too small. Please review the requested memory. ++
 ++ It seems that you do not need that much memory so we recommend        ++
CPU Efficiency: 4.62% of 1-08:53:20 core-walltime
State: COMPLETED (exit code 0)
Cores per node: 64
State: COMPLETED (exit code 0)

 ++   Memory Efficiency is too small. Please review the requested memory. ++
*****************************************************************************
 ++ It seems that you do not need that much memory so we recommend        ++
 ++ requesting less memory in other similar jobs.                         ++
Job Wall-clock time: 00:01:14
Nodes: 25
CPU Utilized: 01:31:14
Nodes: 25
 +++++++++++++++++++++++++++++++++++++++++++++++++++++++++++++++++++++++++++
 ++ It seems that you do not need that much memory so we recommend        ++

 ++ requesting less memory in other similar jobs.                         ++
 +++++++++++++++++++++++++++++++++++++++++++++++++++++++++++++++++++++++++++
Memory Utilized: 313.70 MB
Cores per node: 64
CPU Efficiency: 4.62% of 1-08:53:20 core-walltime
Cores per node: 64
 ++   Memory Efficiency is too small. Please review the requested memory. ++
 ++ requesting less memory in other similar jobs.                         ++
Job ID: 10942653
 +++++++++++++++++++++++++++++++++++++++++++++++++++++++++++++++++++++++++++
 
Memory Efficiency: 0.01% of 5.30 TB
CPU Utilized: 01:31:14
Job Wall-clock time: 00:01:14
CPU Utilized: 01:31:14
 ++ It seems that you do not need that much memory so we recommend        ++
 +++++++++++++++++++++++++++++++++++++++++++++++++++++++++++++++++++++++++++
Cluster: finisterrae3
 
*****************************************************************************

CPU Efficiency: 4.62% of 1-08:53:20 core-walltime
Memory Utilized: 313.70 MB
CPU Efficiency: 4.62% of 1-08:53:20 core-walltime
 ++ requesting less memory in other similar jobs.                         ++
 
User/Group: curso341/ulc
*****************************************************************************

 +++++++++++++++++++++++++++++++++++++++++++++++++++++++++++++++++++++++++++
Job Wall-clock time: 00:01:14
Memory Efficiency: 0.01% of 5.30 TB
Job Wall-clock time: 00:01:14
 +++++++++++++++++++++++++++++++++++++++++++++++++++++++++++++++++++++++++++
*****************************************************************************
State: COMPLETED (exit code 0)

 ++   Memory Efficiency is too small. Please review the requested memory. ++
Memory Utilized: 313.70 MB

Memory Utilized: 313.70 MB
 

Nodes: 25
 ++ It seems that you do not need that much memory so we recommend        ++
Memory Efficiency: 0.01% of 5.30 TB
 +++++++++++++++++++++++++++++++++++++++++++++++++++++++++++++++++++++++++++
Memory Efficiency: 0.01% of 5.30 TB
*****************************************************************************
Cores per node: 64
 ++ requesting less memory in other similar jobs.                         ++

 ++   Memory Efficiency is too small. Please review the requested memory. ++


CPU Utilized: 01:31:14
 +++++++++++++++++++++++++++++++++++++++++++++++++++++++++++++++++++++++++++
 +++++++++++++++++++++++++++++++++++++++++++++++++++++++++++++++++++++++++++
 ++ It seems that you do not need that much memory so we recommend        ++
 +++++++++++++++++++++++++++++++++++++++++++++++++++++++++++++++++++++++++++
CPU Efficiency: 4.62% of 1-08:53:20 core-walltime
 
 ++   Memory Efficiency is too small. Please review the requested memory. ++
 ++ requesting less memory in other similar jobs.                         ++
 ++   Memory Efficiency is too small. Please review the requested memory. ++
Job Wall-clock time: 00:01:14
*****************************************************************************
 ++ It seems that you do not need that much memory so we recommend        ++
 +++++++++++++++++++++++++++++++++++++++++++++++++++++++++++++++++++++++++++
 ++ It seems that you do not need that much memory so we recommend        ++
Memory Utilized: 313.70 MB

 ++ requesting less memory in other similar jobs.                         ++
 
 ++ requesting less memory in other similar jobs.                         ++
Memory Efficiency: 0.01% of 5.30 TB
 +++++++++++++++++++++++++++++++++++++++++++++++++++++++++++++++++++++++++++
*****************************************************************************
 +++++++++++++++++++++++++++++++++++++++++++++++++++++++++++++++++++++++++++

 

 
 +++++++++++++++++++++++++++++++++++++++++++++++++++++++++++++++++++++++++++
*****************************************************************************
*****************************************************************************
 ++   Memory Efficiency is too small. Please review the requested memory. ++


 ++ It seems that you do not need that much memory so we recommend        ++
 ++ requesting less memory in other similar jobs.                         ++
 +++++++++++++++++++++++++++++++++++++++++++++++++++++++++++++++++++++++++++
 
*****************************************************************************


*****************************************************************************
*                                                                           *
*                    JOB EFFICIENCY REPORT (seff 10942653)                   *
*                                                                           *
*****************************************************************************

Job ID: 10942653
Cluster: finisterrae3
User/Group: curso341/ulc
State: COMPLETED (exit code 0)
Nodes: 25
Cores per node: 64
CPU Utilized: 01:31:14
CPU Efficiency: 4.62% of 1-08:53:20 core-walltime
Job Wall-clock time: 00:01:14
Memory Utilized: 313.70 MB
Memory Efficiency: 0.01% of 5.30 TB

 +++++++++++++++++++++++++++++++++++++++++++++++++++++++++++++++++++++++++++
 ++   Memory Efficiency is too small. Please review the requested memory. ++
 ++ It seems that you do not need that much memory so we recommend        ++
 ++ requesting less memory in other similar jobs.                         ++
 +++++++++++++++++++++++++++++++++++++++++++++++++++++++++++++++++++++++++++
 
*****************************************************************************


*****************************************************************************
*                                                                           *
*                    JOB EFFICIENCY REPORT (seff 10942653)                   *
*                                                                           *
*****************************************************************************

Job ID: 10942653
Cluster: finisterrae3
User/Group: curso341/ulc
State: COMPLETED (exit code 0)
Nodes: 25
Cores per node: 64
CPU Utilized: 03:01:08
CPU Efficiency: 9.18% of 1-08:53:20 core-walltime
Job Wall-clock time: 00:01:14
Memory Utilized: 5.45 GB
Memory Efficiency: 0.10% of 5.30 TB

 +++++++++++++++++++++++++++++++++++++++++++++++++++++++++++++++++++++++++++
 ++   Memory Efficiency is too small. Please review the requested memory. ++
 ++ It seems that you do not need that much memory so we recommend        ++
 ++ requesting less memory in other similar jobs.                         ++
 +++++++++++++++++++++++++++++++++++++++++++++++++++++++++++++++++++++++++++
 
*****************************************************************************


*****************************************************************************
*                                                                           *
*                    JOB EFFICIENCY REPORT (seff 10942653)                   *
*                                                                           *
*****************************************************************************

Job ID: 10942653
Cluster: finisterrae3
User/Group: curso341/ulc
State: COMPLETED (exit code 0)
Nodes: 25
Cores per node: 64
CPU Utilized: 03:01:08
CPU Efficiency: 9.18% of 1-08:53:20 core-walltime
Job Wall-clock time: 00:01:14
Memory Utilized: 5.45 GB
Memory Efficiency: 0.10% of 5.30 TB

 +++++++++++++++++++++++++++++++++++++++++++++++++++++++++++++++++++++++++++
 ++   Memory Efficiency is too small. Please review the requested memory. ++
 ++ It seems that you do not need that much memory so we recommend        ++
 ++ requesting less memory in other similar jobs.                         ++
 +++++++++++++++++++++++++++++++++++++++++++++++++++++++++++++++++++++++++++
 
*****************************************************************************


*****************************************************************************
*                                                                           *
*                    JOB EFFICIENCY REPORT (seff 10942653)                   *
*                                                                           *
*****************************************************************************

Job ID: 10942653
Cluster: finisterrae3
User/Group: curso341/ulc
State: COMPLETED (exit code 0)
Nodes: 25
Cores per node: 64
CPU Utilized: 03:01:08
CPU Efficiency: 9.18% of 1-08:53:20 core-walltime
Job Wall-clock time: 00:01:14
Memory Utilized: 5.45 GB
Memory Efficiency: 0.10% of 5.30 TB

 +++++++++++++++++++++++++++++++++++++++++++++++++++++++++++++++++++++++++++
 ++   Memory Efficiency is too small. Please review the requested memory. ++
 ++ It seems that you do not need that much memory so we recommend        ++
 ++ requesting less memory in other similar jobs.                         ++
 +++++++++++++++++++++++++++++++++++++++++++++++++++++++++++++++++++++++++++
 
*****************************************************************************


*****************************************************************************
*                                                                           *
*                    JOB EFFICIENCY REPORT (seff 10942653)                   *
*                                                                           *
*****************************************************************************

Job ID: 10942653
Cluster: finisterrae3
User/Group: curso341/ulc
State: COMPLETED (exit code 0)
Nodes: 25
Cores per node: 64
CPU Utilized: 03:01:08
CPU Efficiency: 9.18% of 1-08:53:20 core-walltime
Job Wall-clock time: 00:01:14
Memory Utilized: 5.45 GB
Memory Efficiency: 0.10% of 5.30 TB

 +++++++++++++++++++++++++++++++++++++++++++++++++++++++++++++++++++++++++++
 ++   Memory Efficiency is too small. Please review the requested memory. ++
 ++ It seems that you do not need that much memory so we recommend        ++
 ++ requesting less memory in other similar jobs.                         ++
 +++++++++++++++++++++++++++++++++++++++++++++++++++++++++++++++++++++++++++
 
*****************************************************************************


*****************************************************************************
*                                                                           *
*                    JOB EFFICIENCY REPORT (seff 10942653)                   *
*                                                                           *
*****************************************************************************

Job ID: 10942653
Cluster: finisterrae3
User/Group: curso341/ulc
State: COMPLETED (exit code 0)
Nodes: 25
Cores per node: 64
CPU Utilized: 03:01:08
CPU Efficiency: 9.18% of 1-08:53:20 core-walltime
Job Wall-clock time: 00:01:14
Memory Utilized: 5.45 GB
Memory Efficiency: 0.10% of 5.30 TB

 +++++++++++++++++++++++++++++++++++++++++++++++++++++++++++++++++++++++++++
 ++   Memory Efficiency is too small. Please review the requested memory. ++
 ++ It seems that you do not need that much memory so we recommend        ++
 ++ requesting less memory in other similar jobs.                         ++
 +++++++++++++++++++++++++++++++++++++++++++++++++++++++++++++++++++++++++++
 
*****************************************************************************


*****************************************************************************
*                                                                           *
*                    JOB EFFICIENCY REPORT (seff 10942653)                   *
*                                                                           *
*****************************************************************************

Job ID: 10942653
Cluster: finisterrae3
User/Group: curso341/ulc
State: COMPLETED (exit code 0)
Nodes: 25
Cores per node: 64
CPU Utilized: 03:01:08
CPU Efficiency: 9.18% of 1-08:53:20 core-walltime
Job Wall-clock time: 00:01:14
Memory Utilized: 5.45 GB
Memory Efficiency: 0.10% of 5.30 TB

 +++++++++++++++++++++++++++++++++++++++++++++++++++++++++++++++++++++++++++
 ++   Memory Efficiency is too small. Please review the requested memory. ++
 ++ It seems that you do not need that much memory so we recommend        ++
 ++ requesting less memory in other similar jobs.                         ++
 +++++++++++++++++++++++++++++++++++++++++++++++++++++++++++++++++++++++++++
 
*****************************************************************************


*****************************************************************************
*                                                                           *
*                    JOB EFFICIENCY REPORT (seff 10942653)                   *
*                                                                           *
*****************************************************************************

Job ID: 10942653
Cluster: finisterrae3
User/Group: curso341/ulc
State: COMPLETED (exit code 0)
Nodes: 25
Cores per node: 64
CPU Utilized: 03:02:23
CPU Efficiency: 9.24% of 1-08:53:20 core-walltime
Job Wall-clock time: 00:01:14
Memory Utilized: 5.45 GB
Memory Efficiency: 0.10% of 5.30 TB

 +++++++++++++++++++++++++++++++++++++++++++++++++++++++++++++++++++++++++++
 ++   Memory Efficiency is too small. Please review the requested memory. ++
 ++ It seems that you do not need that much memory so we recommend        ++
 ++ requesting less memory in other similar jobs.                         ++
 +++++++++++++++++++++++++++++++++++++++++++++++++++++++++++++++++++++++++++
 
*****************************************************************************


*****************************************************************************
*                                                                           *
*                    JOB EFFICIENCY REPORT (seff 10942653)                   *
*                                                                           *
*****************************************************************************

Job ID: 10942653
Cluster: finisterrae3
User/Group: curso341/ulc
State: COMPLETED (exit code 0)
Nodes: 25
Cores per node: 64
CPU Utilized: 03:38:56
CPU Efficiency: 11.09% of 1-08:53:20 core-walltime
Job Wall-clock time: 00:01:14
Memory Utilized: 7.51 GB
Memory Efficiency: 0.14% of 5.30 TB

 +++++++++++++++++++++++++++++++++++++++++++++++++++++++++++++++++++++++++++
 ++   Memory Efficiency is too small. Please review the requested memory. ++
 ++ It seems that you do not need that much memory so we recommend        ++
 ++ requesting less memory in other similar jobs.                         ++
 +++++++++++++++++++++++++++++++++++++++++++++++++++++++++++++++++++++++++++
 
*****************************************************************************


*****************************************************************************
*                                                                           *
*                    JOB EFFICIENCY REPORT (seff 10942653)                   *
*                                                                           *
*****************************************************************************

Job ID: 10942653
Cluster: finisterrae3
User/Group: curso341/ulc
State: COMPLETED (exit code 0)
Nodes: 25
Cores per node: 64
CPU Utilized: 03:38:56
CPU Efficiency: 11.09% of 1-08:53:20 core-walltime
Job Wall-clock time: 00:01:14
Memory Utilized: 7.51 GB
Memory Efficiency: 0.14% of 5.30 TB

 +++++++++++++++++++++++++++++++++++++++++++++++++++++++++++++++++++++++++++
 ++   Memory Efficiency is too small. Please review the requested memory. ++
 ++ It seems that you do not need that much memory so we recommend        ++
 ++ requesting less memory in other similar jobs.                         ++
 +++++++++++++++++++++++++++++++++++++++++++++++++++++++++++++++++++++++++++
 
*****************************************************************************

