slurmstepd: info: Setting TMPDIR to /scratch/10895255. Previous errors about TMPDIR can be discarded
Slurm job started at 07/03/2025_01:16:24 AM

In transit.
Initing Ray (1 head node + 4 worker nodes + 4 simulation nodes) on nodes: 
	ilk-5 ilk-6 ilk-14 ilk-106 ilk-241 ilk-243 ilk-248 ilk-249 ilk-250
Head node: 172.30.201.5:6379


RAY_DEPLOY_TIME:     23.20212
2025-03-07 01:16:50,018	INFO packaging.py:520 -- Creating a file package for local directory '/mnt/lustre/scratch/nlsas/home/ulc/cursos/curso341/dask_on_reisa_tests/E1/REISA_ONE_ACTOR/reduction/P8-SN4-LS268-GS2147-I20-AN4-D2025-03-06_23-16-32'.
2025-03-07 01:16:50,044	INFO packaging.py:347 -- Pushing file package 'gcs://_ray_pkg_4465c8a3ebe227dc.zip' (0.48MiB) to Ray cluster...
2025-03-07 01:16:50,050	INFO packaging.py:360 -- Successfully pushed file package 'gcs://_ray_pkg_4465c8a3ebe227dc.zip'.
RAY_INIT_TIME:       2.23161
Iter [0]
Iter [2]
Iter [4]
Iter [6]
Iter [8]
Iter [10]
Iter [12]
Iter [14]
Iter [16]
Iter [18]
EST_ANALYTICS_TIME:  59.08560 (avg:2.95428)
GLOBAL_PUT_TIME:     8.521737337112427 (avg:0.42609)
ACTOR_CONCURRENCY:   8
SIMULATION_TIME:     61.299909143999997 (avg: 3.064995457200000)
SIM_WTHOUT_PDI:      46.437002887000013 (avg: 2.321850144350001)
PDI_DELAY:           14.862906256999985 (avg: 0.743145312849999)

GLOBAL_SIZE_(GiB):   2097152
LOCAL_SIZE_(MiB):    256
ITERATIONS:          20

MPI_PER_NODE:        2
MPI_PARALLELISM:     8

WORKER_NODES:        4
CPUS_PER_WORKER:     64
WORKER_PARALLELISM:  256


SLURM_JOB_ID:        10895255

Slurm job finished at 07/03/2025_01:17:53 AM

*****************************************************************************
*                                                                           *
*                    JOB EFFICIENCY REPORT (seff 10895255)                   *
*                                                                           *
*****************************************************************************

Job ID: 10895255
Cluster: finisterrae3
User/Group: curso341/ulc
State: COMPLETED (exit code 0)
Nodes: 9
Cores per node: 64
CPU Utilized: 00:07:54
CPU Efficiency: 0.90% of 14:33:36 core-walltime
Job Wall-clock time: 00:01:31
Memory Utilized: 5.90 GB (estimated maximum)
Memory Efficiency: 0.30% of 1.91 TB (3.39 GB/core)

 +++++++++++++++++++++++++++++++++++++++++++++++++++++++++++++++++++++++++++
 ++   Memory Efficiency is too small. Please review the requested memory. ++
 ++ It seems that you do not need that much memory so we recommend        ++
 ++ requesting less memory in other similar jobs.                         ++
 +++++++++++++++++++++++++++++++++++++++++++++++++++++++++++++++++++++++++++
 
*****************************************************************************


*****************************************************************************
*                                                                           *
*                    JOB EFFICIENCY REPORT (seff 10895255)                   *
*                                                                           *
*****************************************************************************

Job ID: 10895255
Cluster: finisterrae3
User/Group: curso341/ulc
State: COMPLETED (exit code 0)
Nodes: 9
Cores per node: 64
CPU Utilized: 00:07:54
CPU Efficiency: 0.90% of 14:33:36 core-walltime
Job Wall-clock time: 00:01:31
Memory Utilized: 5.90 GB (estimated maximum)
Memory Efficiency: 0.30% of 1.91 TB (3.39 GB/core)

 +++++++++++++++++++++++++++++++++++++++++++++++++++++++++++++++++++++++++++
 ++   Memory Efficiency is too small. Please review the requested memory. ++
 ++ It seems that you do not need that much memory so we recommend        ++
 ++ requesting less memory in other similar jobs.                         ++
 +++++++++++++++++++++++++++++++++++++++++++++++++++++++++++++++++++++++++++
 
*****************************************************************************


*****************************************************************************
*                                                                           *
*                    JOB EFFICIENCY REPORT (seff 10895255)                   *
*                                                                           *
*****************************************************************************

Job ID: 10895255
Cluster: finisterrae3
User/Group: curso341/ulc
State: COMPLETED (exit code 0)
Nodes: 9
Cores per node: 64
CPU Utilized: 00:07:54
CPU Efficiency: 0.90% of 14:33:36 core-walltime
Job Wall-clock time: 00:01:31
Memory Utilized: 5.90 GB (estimated maximum)
Memory Efficiency: 0.30% of 1.91 TB (3.39 GB/core)

 +++++++++++++++++++++++++++++++++++++++++++++++++++++++++++++++++++++++++++
 ++   Memory Efficiency is too small. Please review the requested memory. ++
 ++ It seems that you do not need that much memory so we recommend        ++
 ++ requesting less memory in other similar jobs.                         ++
 +++++++++++++++++++++++++++++++++++++++++++++++++++++++++++++++++++++++++++
 
*****************************************************************************


*****************************************************************************
*                                                                           *
*                    JOB EFFICIENCY REPORT (seff 10895255)                   *
*                                                                           *
*****************************************************************************

Job ID: 10895255
Cluster: finisterrae3
User/Group: curso341/ulc
State: COMPLETED (exit code 0)
Nodes: 9
Cores per node: 64
CPU Utilized: 00:09:27
CPU Efficiency: 1.08% of 14:33:36 core-walltime
Job Wall-clock time: 00:01:31
Memory Utilized: 5.90 GB (estimated maximum)
Memory Efficiency: 0.30% of 1.91 TB (3.39 GB/core)

 +++++++++++++++++++++++++++++++++++++++++++++++++++++++++++++++++++++++++++
 ++   Memory Efficiency is too small. Please review the requested memory. ++
 ++ It seems that you do not need that much memory so we recommend        ++
 ++ requesting less memory in other similar jobs.                         ++
 +++++++++++++++++++++++++++++++++++++++++++++++++++++++++++++++++++++++++++
 
*****************************************************************************


*****************************************************************************
*                                                                           *
*                    JOB EFFICIENCY REPORT (seff 10895255)                   *
*                                                                           *
*****************************************************************************

Job ID: 10895255
Cluster: finisterrae3
User/Group: curso341/ulc
State: COMPLETED (exit code 0)
Nodes: 9
Cores per node: 64
CPU Utilized: 00:09:27
CPU Efficiency: 1.08% of 14:33:36 core-walltime
Job Wall-clock time: 00:01:31
Memory Utilized: 5.90 GB (estimated maximum)
Memory Efficiency: 0.30% of 1.91 TB (3.39 GB/core)

 +++++++++++++++++++++++++++++++++++++++++++++++++++++++++++++++++++++++++++
 ++   Memory Efficiency is too small. Please review the requested memory. ++
 ++ It seems that you do not need that much memory so we recommend        ++
 ++ requesting less memory in other similar jobs.                         ++
 +++++++++++++++++++++++++++++++++++++++++++++++++++++++++++++++++++++++++++
 
*****************************************************************************


*****************************************************************************
*                                                                           *
*                    JOB EFFICIENCY REPORT (seff 10895255)                   *
*                                                                           *
*****************************************************************************

Job ID: 10895255
Cluster: finisterrae3
User/Group: curso341/ulc
State: COMPLETED (exit code 0)
Nodes: 9
Cores per node: 64
CPU Utilized: 00:09:27
CPU Efficiency: 1.08% of 14:33:36 core-walltime
Job Wall-clock time: 00:01:31
Memory Utilized: 5.90 GB (estimated maximum)
Memory Efficiency: 0.30% of 1.91 TB (3.39 GB/core)

 +++++++++++++++++++++++++++++++++++++++++++++++++++++++++++++++++++++++++++
 ++   Memory Efficiency is too small. Please review the requested memory. ++
 ++ It seems that you do not need that much memory so we recommend        ++
 ++ requesting less memory in other similar jobs.                         ++
 +++++++++++++++++++++++++++++++++++++++++++++++++++++++++++++++++++++++++++
 
*****************************************************************************


*****************************************************************************
*                                                                           *
*                    JOB EFFICIENCY REPORT (seff 10895255)                   *
*                                                                           *
*****************************************************************************

Job ID: 10895255
Cluster: finisterrae3
User/Group: curso341/ulc
State: COMPLETED (exit code 0)
Nodes: 9
Cores per node: 64
CPU Utilized: 00:09:27
CPU Efficiency: 1.08% of 14:33:36 core-walltime
Job Wall-clock time: 00:01:31
Memory Utilized: 5.90 GB (estimated maximum)
Memory Efficiency: 0.30% of 1.91 TB (3.39 GB/core)

 +++++++++++++++++++++++++++++++++++++++++++++++++++++++++++++++++++++++++++
 ++   Memory Efficiency is too small. Please review the requested memory. ++
 ++ It seems that you do not need that much memory so we recommend        ++
 ++ requesting less memory in other similar jobs.                         ++
 +++++++++++++++++++++++++++++++++++++++++++++++++++++++++++++++++++++++++++
 
*****************************************************************************


*****************************************************************************
*                                                                           *
*                    JOB EFFICIENCY REPORT (seff 10895255)                   *
*                                                                           *
*****************************************************************************

Job ID: 10895255
Cluster: finisterrae3
User/Group: curso341/ulc
State: COMPLETED (exit code 0)
Nodes: 9
Cores per node: 64
CPU Utilized: 00:09:47
CPU Efficiency: 1.12% of 14:33:36 core-walltime
Job Wall-clock time: 00:01:31
Memory Utilized: 5.90 GB (estimated maximum)
Memory Efficiency: 0.30% of 1.91 TB (3.39 GB/core)

 +++++++++++++++++++++++++++++++++++++++++++++++++++++++++++++++++++++++++++
 ++   Memory Efficiency is too small. Please review the requested memory. ++
 ++ It seems that you do not need that much memory so we recommend        ++
 ++ requesting less memory in other similar jobs.                         ++
 +++++++++++++++++++++++++++++++++++++++++++++++++++++++++++++++++++++++++++
 
*****************************************************************************


*****************************************************************************
*                                                                           *
*                    JOB EFFICIENCY REPORT (seff 10895255)                   *
*                                                                           *
*****************************************************************************

Job ID: 10895255
Cluster: finisterrae3
User/Group: curso341/ulc
State: COMPLETED (exit code 0)
Nodes: 9
Cores per node: 64
CPU Utilized: 00:13:43
CPU Efficiency: 1.57% of 14:33:36 core-walltime
Job Wall-clock time: 00:01:31
Memory Utilized: 6.11 GB
Memory Efficiency: 0.31% of 1.91 TB

 +++++++++++++++++++++++++++++++++++++++++++++++++++++++++++++++++++++++++++
 ++   Memory Efficiency is too small. Please review the requested memory. ++
 ++ It seems that you do not need that much memory so we recommend        ++
 ++ requesting less memory in other similar jobs.                         ++
 +++++++++++++++++++++++++++++++++++++++++++++++++++++++++++++++++++++++++++
 
*****************************************************************************

