slurmstepd: info: Setting TMPDIR to /scratch/10899121. Previous errors about TMPDIR can be discarded
Slurm job started at 07/03/2025_09:39:21 AM

In transit.
Initing Ray (1 head node + 4 worker nodes + 4 simulation nodes) on nodes: 
	ilk-145 ilk-146 ilk-147 ilk-148 ilk-149 ilk-150 ilk-151 ilk-152 ilk-153
Head node: 172.30.204.1:6379


RAY_DEPLOY_TIME:     23.24199
2025-03-07 09:39:47,407	INFO packaging.py:520 -- Creating a file package for local directory '/mnt/lustre/scratch/nlsas/home/ulc/cursos/curso341/dask_on_reisa_tests/E1/DASK_ON_REISA/derivative/P8-SN4-LS536-GS4294-I10-AN4-D2025-03-07_09-35-10'.
2025-03-07 09:39:47,435	INFO packaging.py:347 -- Pushing file package 'gcs://_ray_pkg_1ce9c24d535fa48f.zip' (0.48MiB) to Ray cluster...
2025-03-07 09:39:47,441	INFO packaging.py:360 -- Successfully pushed file package 'gcs://_ray_pkg_1ce9c24d535fa48f.zip'.
RAY_INIT_TIME:       3.18093
Iter [0]
Iter [1]
[2m[36m(iter_task pid=1233174, ip=10.120.204.5)[0m /home/ulc/cursos/curso341/.local/lib/python3.9/site-packages/dask/config.py:693: UserWarning: Configuration key "shuffle" has been deprecated. Please use "dataframe.shuffle.algorithm" instead
[2m[36m(iter_task pid=1233174, ip=10.120.204.5)[0m   warnings.warn(
[2m[36m(iter_task pid=1233171, ip=10.120.204.5)[0m /home/ulc/cursos/curso341/.local/lib/python3.9/site-packages/dask/config.py:693: UserWarning: Configuration key "shuffle" has been deprecated. Please use "dataframe.shuffle.algorithm" instead
[2m[36m(iter_task pid=1233171, ip=10.120.204.5)[0m   warnings.warn(
[2m[36m(iter_task pid=1233173, ip=10.120.204.5)[0m /home/ulc/cursos/curso341/.local/lib/python3.9/site-packages/dask/config.py:693: UserWarning: Configuration key "shuffle" has been deprecated. Please use "dataframe.shuffle.algorithm" instead
[2m[36m(iter_task pid=1233173, ip=10.120.204.5)[0m   warnings.warn(
[2m[36m(iter_task pid=1233172, ip=10.120.204.5)[0m /home/ulc/cursos/curso341/.local/lib/python3.9/site-packages/dask/config.py:693: UserWarning: Configuration key "shuffle" has been deprecated. Please use "dataframe.shuffle.algorithm" instead
[2m[36m(iter_task pid=1233172, ip=10.120.204.5)[0m   warnings.warn(
[2m[36m(iter_task pid=1233169, ip=10.120.204.5)[0m /home/ulc/cursos/curso341/.local/lib/python3.9/site-packages/dask/config.py:693: UserWarning: Configuration key "shuffle" has been deprecated. Please use "dataframe.shuffle.algorithm" instead
[2m[36m(iter_task pid=1233169, ip=10.120.204.5)[0m   warnings.warn(
[2m[36m(iter_task pid=1233170, ip=10.120.204.5)[0m /home/ulc/cursos/curso341/.local/lib/python3.9/site-packages/dask/config.py:693: UserWarning: Configuration key "shuffle" has been deprecated. Please use "dataframe.shuffle.algorithm" instead
[2m[36m(iter_task pid=1233170, ip=10.120.204.5)[0m   warnings.warn(
Iter [2]
Iter [3]
Iter [4]
Iter [5]
Iter [6]
Iter [7]
Iter [8]
Iter [9]
GLOBAL_PUT_TIME:     8.586546659469604 (avg:0.85865)
ACTOR_CONCURRENCY:   8
SIMULATION_TIME:     67.834197138999997 (avg: 6.783419713900000)
SIM_WTHOUT_PDI:      53.547574166000004 (avg: 5.354757416600000)
PDI_DELAY:           14.286622972999993 (avg: 1.428662297299999)

GLOBAL_SIZE_(GiB):   4194304
LOCAL_SIZE_(MiB):    512
ITERATIONS:          10

MPI_PER_NODE:        2
MPI_PARALLELISM:     8

WORKER_NODES:        4
CPUS_PER_WORKER:     64
WORKER_PARALLELISM:  256


SLURM_JOB_ID:        10899121
EST_ANALYTICS_TIME:  427.19625 (avg:42.71963)

Slurm job finished at 07/03/2025_09:46:58 AM

*****************************************************************************
*                                                                           *
*                    JOB EFFICIENCY REPORT (seff 10899121)                   *
*                                                                           *
*****************************************************************************

Job ID: 10899121
Cluster: finisterrae3
User/Group: curso341/ulc
State: COMPLETED (exit code 0)
Nodes: 9
Cores per node: 64
CPU Utilized: 00:15:07
CPU Efficiency: 0.34% of 3-01:16:48 core-walltime
Job Wall-clock time: 00:07:38
Memory Utilized: 4.63 GB
Memory Efficiency: 0.24% of 1.91 TB

 +++++++++++++++++++++++++++++++++++++++++++++++++++++++++++++++++++++++++++
 ++   Memory Efficiency is too small. Please review the requested memory. ++
 ++ It seems that you do not need that much memory so we recommend        ++
 ++ requesting less memory in other similar jobs.                         ++
 +++++++++++++++++++++++++++++++++++++++++++++++++++++++++++++++++++++++++++
 
*****************************************************************************


*****************************************************************************
*                                                                           *
*                    JOB EFFICIENCY REPORT (seff 10899121)                   *
*                                                                           *
*****************************************************************************

Job ID: 10899121
Cluster: finisterrae3
User/Group: curso341/ulc
State: COMPLETED (exit code 0)
Nodes: 9
Cores per node: 64
CPU Utilized: 00:15:07
CPU Efficiency: 0.34% of 3-01:16:48 core-walltime
Job Wall-clock time: 00:07:38
Memory Utilized: 4.63 GB
Memory Efficiency: 0.24% of 1.91 TB

 +++++++++++++++++++++++++++++++++++++++++++++++++++++++++++++++++++++++++++
 ++   Memory Efficiency is too small. Please review the requested memory. ++
 ++ It seems that you do not need that much memory so we recommend        ++
 ++ requesting less memory in other similar jobs.                         ++
 +++++++++++++++++++++++++++++++++++++++++++++++++++++++++++++++++++++++++++
 
*****************************************************************************


*****************************************************************************
*                                                                           *
*                    JOB EFFICIENCY REPORT (seff 10899121)                   *
*                                                                           *
*****************************************************************************

Job ID: 10899121
Cluster: finisterrae3
User/Group: curso341/ulc
State: COMPLETED (exit code 0)
Nodes: 9
Cores per node: 64
CPU Utilized: 00:15:43
CPU Efficiency: 0.36% of 3-01:16:48 core-walltime
Job Wall-clock time: 00:07:38
Memory Utilized: 4.63 GB
Memory Efficiency: 0.24% of 1.91 TB

 +++++++++++++++++++++++++++++++++++++++++++++++++++++++++++++++++++++++++++
 ++   Memory Efficiency is too small. Please review the requested memory. ++
 ++ It seems that you do not need that much memory so we recommend        ++
 ++ requesting less memory in other similar jobs.                         ++
 +++++++++++++++++++++++++++++++++++++++++++++++++++++++++++++++++++++++++++
 
*****************************************************************************


*****************************************************************************
*                                                                           *
*                    JOB EFFICIENCY REPORT (seff 10899121)                   *
*                                                                           *
*****************************************************************************

Job ID: 10899121
Cluster: finisterrae3
User/Group: curso341/ulc
State: COMPLETED (exit code 0)

Nodes: 9
*****************************************************************************
Cores per node: 64
*                                                                           *
CPU Utilized: 00:51:12
*                    JOB EFFICIENCY REPORT (seff 10899121)                   *
CPU Efficiency: 1.16% of 3-01:16:48 core-walltime
*                                                                           *
Job Wall-clock time: 00:07:38
*****************************************************************************
Memory Utilized: 32.95 GB

Memory Efficiency: 1.69% of 1.91 TB
Job ID: 10899121

Cluster: finisterrae3
 +++++++++++++++++++++++++++++++++++++++++++++++++++++++++++++++++++++++++++
User/Group: curso341/ulc
 ++   Memory Efficiency is too small. Please review the requested memory. ++
State: COMPLETED (exit code 0)
 ++ It seems that you do not need that much memory so we recommend        ++
Nodes: 9
 ++ requesting less memory in other similar jobs.                         ++
Cores per node: 64
 +++++++++++++++++++++++++++++++++++++++++++++++++++++++++++++++++++++++++++
CPU Utilized: 00:51:12
 
CPU Efficiency: 1.16% of 3-01:16:48 core-walltime
*****************************************************************************
Job Wall-clock time: 00:07:38

Memory Utilized: 32.95 GB
Memory Efficiency: 1.69% of 1.91 TB

 +++++++++++++++++++++++++++++++++++++++++++++++++++++++++++++++++++++++++++
 ++   Memory Efficiency is too small. Please review the requested memory. ++
 ++ It seems that you do not need that much memory so we recommend        ++
 ++ requesting less memory in other similar jobs.                         ++
 +++++++++++++++++++++++++++++++++++++++++++++++++++++++++++++++++++++++++++
 
*****************************************************************************


*****************************************************************************
*                                                                           *
*                    JOB EFFICIENCY REPORT (seff 10899121)                   *
*                                                                           *
*****************************************************************************

Job ID: 10899121
Cluster: finisterrae3
User/Group: curso341/ulc
State: COMPLETED (exit code 0)
Nodes: 9
Cores per node: 64
CPU Utilized: 00:51:12
CPU Efficiency: 1.16% of 3-01:16:48 core-walltime
Job Wall-clock time: 00:07:38
Memory Utilized: 32.95 GB
Memory Efficiency: 1.69% of 1.91 TB

 +++++++++++++++++++++++++++++++++++++++++++++++++++++++++++++++++++++++++++
 ++   Memory Efficiency is too small. Please review the requested memory. ++
 ++ It seems that you do not need that much memory so we recommend        ++
 ++ requesting less memory in other similar jobs.                         ++
 +++++++++++++++++++++++++++++++++++++++++++++++++++++++++++++++++++++++++++
 
*****************************************************************************


*****************************************************************************
*                                                                           *
*                    JOB EFFICIENCY REPORT (seff 10899121)                   *
*                                                                           *
*****************************************************************************

Job ID: 10899121
Cluster: finisterrae3
User/Group: curso341/ulc
State: COMPLETED (exit code 0)
Nodes: 9
Cores per node: 64
CPU Utilized: 00:51:12
CPU Efficiency: 1.16% of 3-01:16:48 core-walltime
Job Wall-clock time: 00:07:38
Memory Utilized: 32.95 GB
Memory Efficiency: 1.69% of 1.91 TB

 +++++++++++++++++++++++++++++++++++++++++++++++++++++++++++++++++++++++++++
 ++   Memory Efficiency is too small. Please review the requested memory. ++
 ++ It seems that you do not need that much memory so we recommend        ++
 ++ requesting less memory in other similar jobs.                         ++
 +++++++++++++++++++++++++++++++++++++++++++++++++++++++++++++++++++++++++++
 
*****************************************************************************


*****************************************************************************
*                                                                           *
*                    JOB EFFICIENCY REPORT (seff 10899121)                   *
*                                                                           *
*****************************************************************************

Job ID: 10899121
Cluster: finisterrae3
User/Group: curso341/ulc
State: COMPLETED (exit code 0)
Nodes: 9
Cores per node: 64
CPU Utilized: 00:51:12
CPU Efficiency: 1.16% of 3-01:16:48 core-walltime
Job Wall-clock time: 00:07:38
Memory Utilized: 32.95 GB
Memory Efficiency: 1.69% of 1.91 TB

 +++++++++++++++++++++++++++++++++++++++++++++++++++++++++++++++++++++++++++
 ++   Memory Efficiency is too small. Please review the requested memory. ++
 ++ It seems that you do not need that much memory so we recommend        ++
 ++ requesting less memory in other similar jobs.                         ++
 +++++++++++++++++++++++++++++++++++++++++++++++++++++++++++++++++++++++++++
 
*****************************************************************************


*****************************************************************************
*                                                                           *
*                    JOB EFFICIENCY REPORT (seff 10899121)                   *
*                                                                           *
*****************************************************************************

Job ID: 10899121
Cluster: finisterrae3
User/Group: curso341/ulc
State: COMPLETED (exit code 0)
Nodes: 9
Cores per node: 64
CPU Utilized: 01:31:09
CPU Efficiency: 2.07% of 3-01:16:48 core-walltime
Job Wall-clock time: 00:07:38
Memory Utilized: 36.12 GB
Memory Efficiency: 1.85% of 1.91 TB

 +++++++++++++++++++++++++++++++++++++++++++++++++++++++++++++++++++++++++++
 ++   Memory Efficiency is too small. Please review the requested memory. ++
 ++ It seems that you do not need that much memory so we recommend        ++
 ++ requesting less memory in other similar jobs.                         ++
 +++++++++++++++++++++++++++++++++++++++++++++++++++++++++++++++++++++++++++
 
*****************************************************************************

