slurmstepd: info: Setting TMPDIR to /scratch/10934014. Previous errors about TMPDIR can be discarded
Slurm job started at 11/03/2025_12:11:22 AM

In transit.
Initing Ray (1 head node + 8 worker nodes + 8 simulation nodes) on nodes: 
	ilk-145 ilk-146 ilk-147 ilk-148 ilk-150 ilk-151 ilk-152 ilk-153 ilk-154 ilk-155 ilk-156 ilk-157 ilk-159 ilk-160 ilk-161 ilk-162 ilk-163
Head node: 172.30.204.1:6379


RAY_DEPLOY_TIME:     23.61573
2025-03-11 00:11:49,393	INFO packaging.py:520 -- Creating a file package for local directory '/mnt/lustre/scratch/nlsas/home/ulc/cursos/curso341/dask_on_reisa_tests/E5/DASK_ON_REISA_ONE_ACTOR/reduction/P16-SN8-LS268-GS4294-I20-AN8-D2025-03-10_22-50-56'.
2025-03-11 00:11:49,421	INFO packaging.py:347 -- Pushing file package 'gcs://_ray_pkg_e91c77b1d8f08429.zip' (0.48MiB) to Ray cluster...
2025-03-11 00:11:49,427	INFO packaging.py:360 -- Successfully pushed file package 'gcs://_ray_pkg_e91c77b1d8f08429.zip'.
RAY_INIT_TIME:       3.99201
Iter [0]
Iter [2]
Iter [4]
Iter [6]
Iter [8]
Iter [10]
Iter [12]
Iter [14]
Iter [16]
Iter [18]
GLOBAL_PUT_TIME:     7.625137805938721 (avg:0.38126)
ACTOR_CONCURRENCY:   8
SIMULATION_TIME:     274.631603506000033 (avg: 13.731580175300001)
SIM_WTHOUT_PDI:      121.881312339999965 (avg: 6.094065616999998)
PDI_DELAY:           152.750291166000068 (avg: 7.637514558300003)

GLOBAL_SIZE_(GiB):   4194304
LOCAL_SIZE_(MiB):    256
ITERATIONS:          20

MPI_PER_NODE:        2
MPI_PARALLELISM:     16

WORKER_NODES:        8
CPUS_PER_WORKER:     64
WORKER_PARALLELISM:  512


SLURM_JOB_ID:        10934014
WARNING: 8 PYTHON worker processes have been started on node: 9d1bee60ead2ef5eaeaa2be693cacfaf728ae6d7db36c29ce5da48af with address: 172.30.204.11. This could be a result of using a large number of actors, or due to tasks blocked in ray.get() calls (see https://github.com/ray-project/ray/issues/3644 for some discussion of workarounds).
srun: Job step aborted: Waiting up to 32 seconds for job step to finish.
slurmstepd: error: *** JOB 10934014 ON ilk-145 CANCELLED AT 2025-03-11T00:31:38 DUE TO TIME LIMIT ***
slurmstepd: error: *** STEP 10934014.18 ON ilk-146 CANCELLED AT 2025-03-11T00:31:38 DUE TO TIME LIMIT ***
