slurmstepd: info: Setting TMPDIR to /scratch/10772526. Previous errors about TMPDIR can be discarded
Slurm job started at 26/02/2025_12:34:28 AM

In transit.
Initing Ray (1 head node + 2 worker nodes + 2 simulation nodes) on nodes: 
	ilk-88 ilk-89 ilk-91 ilk-94 ilk-121
Head node: 172.30.202.40:6379


RAY_DEPLOY_TIME:     22.95113
RAY_INIT_TIME:       3.10687
Iter [0]
2025-02-26 00:34:55,370	INFO packaging.py:520 -- Creating a file package for local directory '/mnt/lustre/scratch/nlsas/home/ulc/cursos/curso341/dask_on_reisa_tests/E1/DASK_ON_REISA_ONE_ACTOR/derivative/P4-SN2-LS268-GS1073-I12-AN2-D2025-02-25_20-31-59'.
2025-02-26 00:34:55,398	INFO packaging.py:347 -- Pushing file package 'gcs://_ray_pkg_00c8b1eb31896107.zip' (0.48MiB) to Ray cluster...
2025-02-26 00:34:55,406	INFO packaging.py:360 -- Successfully pushed file package 'gcs://_ray_pkg_00c8b1eb31896107.zip'.
Iter [1]
Iter [2]
Iter [3]
Iter [4]
Iter [5]
Iter [6]
Iter [7]
Iter [8]
Iter [9]
Iter [10]
Iter [11]
GLOBAL_PUT_TIME:     4.820491313934326 (avg:0.40171)
ACTOR_CONCURRENCY:   8
SIMULATION_TIME:     54.785978997000001 (avg: 4.565498249750000)
SIM_WTHOUT_PDI:      29.877929522999999 (avg: 2.489827460250000)
PDI_DELAY:           24.908049474000002 (avg: 2.075670789500000)

GLOBAL_SIZE_(GiB):   1048576
LOCAL_SIZE_(MiB):    256
ITERATIONS:          12

MPI_PER_NODE:        2
MPI_PARALLELISM:     4

WORKER_NODES:        2
CPUS_PER_WORKER:     30
WORKER_PARALLELISM:  60


SLURM_JOB_ID:        10772526
EST_ANALYTICS_TIME:  127.28882 (avg:10.60740)

Slurm job finished at 26/02/2025_12:37:05 AM

*****************************************************************************
*                                                                           *
*                    JOB EFFICIENCY REPORT (seff 10772526)                   *
*                                                                           *
*****************************************************************************

Job ID: 10772526
Cluster: finisterrae3
User/Group: curso341/ulc
State: COMPLETED (exit code 0)
Nodes: 5
Cores per node: 40
CPU Utilized: 00:02:49
CPU Efficiency: 0.53% of 08:50:00 core-walltime
Job Wall-clock time: 00:02:39
Memory Utilized: 2.99 GB (estimated maximum)
Memory Efficiency: 0.37% of 800.00 GB (4.00 GB/core)

 +++++++++++++++++++++++++++++++++++++++++++++++++++++++++++++++++++++++++++
 ++   Memory Efficiency is too small. Please review the requested memory. ++
 ++ It seems that you do not need that much memory so we recommend        ++
 ++ requesting less memory in other similar jobs.                         ++
 +++++++++++++++++++++++++++++++++++++++++++++++++++++++++++++++++++++++++++
 
*****************************************************************************


*****************************************************************************
*                                                                           *
*                    JOB EFFICIENCY REPORT (seff 10772526)                   *
*                                                                           *
*****************************************************************************

Job ID: 10772526
Cluster: finisterrae3
User/Group: curso341/ulc
State: COMPLETED (exit code 0)
Nodes: 5
Cores per node: 40
CPU Utilized: 00:05:46
CPU Efficiency: 1.09% of 08:50:00 core-walltime
Job Wall-clock time: 00:02:39
Memory Utilized: 6.10 GB
Memory Efficiency: 0.76% of 800.00 GB

 +++++++++++++++++++++++++++++++++++++++++++++++++++++++++++++++++++++++++++
 ++   Memory Efficiency is too small. Please review the requested memory. ++
 ++ It seems that you do not need that much memory so we recommend        ++
 ++ requesting less memory in other similar jobs.                         ++
 +++++++++++++++++++++++++++++++++++++++++++++++++++++++++++++++++++++++++++
 
*****************************************************************************


*****************************************************************************
*                                                                           *
*                    JOB EFFICIENCY REPORT (seff 10772526)                   *
*                                                                           *
*****************************************************************************

Job ID: 10772526
Cluster: finisterrae3
User/Group: curso341/ulc
State: COMPLETED (exit code 0)
Nodes: 5
Cores per node: 40
CPU Utilized: 00:10:20
CPU Efficiency: 1.95% of 08:50:00 core-walltime
Job Wall-clock time: 00:02:39
Memory Utilized: 6.10 GB
Memory Efficiency: 0.76% of 800.00 GB

 +++++++++++++++++++++++++++++++++++++++++++++++++++++++++++++++++++++++++++
 ++   Memory Efficiency is too small. Please review the requested memory. ++
 ++ It seems that you do not need that much memory so we recommend        ++
 ++ requesting less memory in other similar jobs.                         ++
 +++++++++++++++++++++++++++++++++++++++++++++++++++++++++++++++++++++++++++
 
*****************************************************************************


*****************************************************************************
*                                                                           *
*                    JOB EFFICIENCY REPORT (seff 10772526)                   *
*                                                                           *
*****************************************************************************

Job ID: 10772526
Cluster: finisterrae3
User/Group: curso341/ulc
State: COMPLETED (exit code 0)
Nodes: 5
Cores per node: 40
CPU Utilized: 00:29:35
CPU Efficiency: 5.58% of 08:50:00 core-walltime
Job Wall-clock time: 00:02:39
Memory Utilized: 26.49 GB
Memory Efficiency: 3.31% of 800.00 GB

 +++++++++++++++++++++++++++++++++++++++++++++++++++++++++++++++++++++++++++
 ++   Memory Efficiency is too small. Please review the requested memory. ++
 ++ It seems that you do not need that much memory so we recommend        ++
 ++ requesting less memory in other similar jobs.                         ++
 +++++++++++++++++++++++++++++++++++++++++++++++++++++++++++++++++++++++++++
 
*****************************************************************************


*****************************************************************************
*                                                                           *
*                    JOB EFFICIENCY REPORT (seff 10772526)                   *
*                                                                           *
*****************************************************************************

Job ID: 10772526
Cluster: finisterrae3
User/Group: curso341/ulc
State: COMPLETED (exit code 0)
Nodes: 5
Cores per node: 40
CPU Utilized: 00:29:35
CPU Efficiency: 5.58% of 08:50:00 core-walltime
Job Wall-clock time: 00:02:39
Memory Utilized: 26.49 GB
Memory Efficiency: 3.31% of 800.00 GB

 +++++++++++++++++++++++++++++++++++++++++++++++++++++++++++++++++++++++++++
 ++   Memory Efficiency is too small. Please review the requested memory. ++
 ++ It seems that you do not need that much memory so we recommend        ++
 ++ requesting less memory in other similar jobs.                         ++
 +++++++++++++++++++++++++++++++++++++++++++++++++++++++++++++++++++++++++++
 
*****************************************************************************

