slurmstepd: info: Setting TMPDIR to /scratch/10933977. Previous errors about TMPDIR can be discarded
Slurm job started at 10/03/2025_10:50:32 PM

In transit.
Initing Ray (1 head node + 8 worker nodes + 8 simulation nodes) on nodes: 
	ilk-145 ilk-146 ilk-147 ilk-148 ilk-150 ilk-151 ilk-152 ilk-153 ilk-154 ilk-155 ilk-156 ilk-157 ilk-159 ilk-160 ilk-161 ilk-162 ilk-163
Head node: 172.30.204.1:6379


RAY_DEPLOY_TIME:     24.21599
2025-03-10 22:50:59,114	INFO packaging.py:520 -- Creating a file package for local directory '/mnt/lustre/scratch/nlsas/home/ulc/cursos/curso341/dask_on_reisa_tests/E5/DASK_ON_REISA/derivative/P16-SN8-LS268-GS4294-I10-AN8-D2025-03-10_22-49-28'.
2025-03-10 22:50:59,140	INFO packaging.py:347 -- Pushing file package 'gcs://_ray_pkg_f008b4c1746921c2.zip' (0.48MiB) to Ray cluster...
2025-03-10 22:50:59,146	INFO packaging.py:360 -- Successfully pushed file package 'gcs://_ray_pkg_f008b4c1746921c2.zip'.
RAY_INIT_TIME:       6.00916
Iter [0]
Iter [1]
[2m[36m(iter_task pid=4102828, ip=10.120.204.7)[0m /home/ulc/cursos/curso341/.local/lib/python3.9/site-packages/dask/config.py:693: UserWarning: Configuration key "shuffle" has been deprecated. Please use "dataframe.shuffle.algorithm" instead
[2m[36m(iter_task pid=4102828, ip=10.120.204.7)[0m   warnings.warn(
[2m[36m(iter_task pid=3788452, ip=10.120.204.10)[0m /home/ulc/cursos/curso341/.local/lib/python3.9/site-packages/dask/config.py:693: UserWarning: Configuration key "shuffle" has been deprecated. Please use "dataframe.shuffle.algorithm" instead
[2m[36m(iter_task pid=3788452, ip=10.120.204.10)[0m   warnings.warn(
[2m[36m(iter_task pid=3788453, ip=10.120.204.10)[0m /home/ulc/cursos/curso341/.local/lib/python3.9/site-packages/dask/config.py:693: UserWarning: Configuration key "shuffle" has been deprecated. Please use "dataframe.shuffle.algorithm" instead
[2m[36m(iter_task pid=3788453, ip=10.120.204.10)[0m   warnings.warn(
[2m[36m(iter_task pid=3915689, ip=10.120.204.9)[0m /home/ulc/cursos/curso341/.local/lib/python3.9/site-packages/dask/config.py:693: UserWarning: Configuration key "shuffle" has been deprecated. Please use "dataframe.shuffle.algorithm" instead
[2m[36m(iter_task pid=3915689, ip=10.120.204.9)[0m   warnings.warn(
[2m[36m(iter_task pid=3915690, ip=10.120.204.9)[0m /home/ulc/cursos/curso341/.local/lib/python3.9/site-packages/dask/config.py:693: UserWarning: Configuration key "shuffle" has been deprecated. Please use "dataframe.shuffle.algorithm" instead
[2m[36m(iter_task pid=3915690, ip=10.120.204.9)[0m   warnings.warn(
[2m[36m(iter_task pid=3915691, ip=10.120.204.9)[0m /home/ulc/cursos/curso341/.local/lib/python3.9/site-packages/dask/config.py:693: UserWarning: Configuration key "shuffle" has been deprecated. Please use "dataframe.shuffle.algorithm" instead
[2m[36m(iter_task pid=3915691, ip=10.120.204.9)[0m   warnings.warn(
Iter [2]
Iter [3]
Iter [4]
Iter [5]
Iter [6]
Iter [7]
Iter [8]
Iter [9]
GLOBAL_PUT_TIME:     4.27949857711792 (avg:0.42795)
ACTOR_CONCURRENCY:   8
SIMULATION_TIME:     39.883271936000000 (avg: 3.988327193600000)
SIM_WTHOUT_PDI:      27.136723733999997 (avg: 2.713672373400000)
PDI_DELAY:           12.746548202000003 (avg: 1.274654820200000)

GLOBAL_SIZE_(GiB):   4194304
LOCAL_SIZE_(MiB):    256
ITERATIONS:          10

MPI_PER_NODE:        2
MPI_PARALLELISM:     16

WORKER_NODES:        8
CPUS_PER_WORKER:     64
WORKER_PARALLELISM:  512


SLURM_JOB_ID:        10933977
EST_ANALYTICS_TIME:  179.33449 (avg:17.93345)

Slurm job finished at 10/03/2025_10:54:02 PM

*****************************************************************************
*                                                                           *
*                    JOB EFFICIENCY REPORT (seff 10933977)                   *
*                                                                           *
*****************************************************************************

Job ID: 10933977
Cluster: finisterrae3
User/Group: curso341/ulc
State: COMPLETED (exit code 0)
Nodes: 17
Cores per node: 64
CPU Utilized: 00:11:58
CPU Efficiency: 0.31% of 2-16:04:16 core-walltime
Job Wall-clock time: 00:03:32
Memory Utilized: 1.02 GB
Memory Efficiency: 0.03% of 3.60 TB

 +++++++++++++++++++++++++++++++++++++++++++++++++++++++++++++++++++++++++++
 ++   Memory Efficiency is too small. Please review the requested memory. ++
 ++ It seems that you do not need that much memory so we recommend        ++
 ++ requesting less memory in other similar jobs.                         ++
 +++++++++++++++++++++++++++++++++++++++++++++++++++++++++++++++++++++++++++
 
*****************************************************************************


*****************************************************************************
*                                                                           *
*                    JOB EFFICIENCY REPORT (seff 10933977)                   *
*                                                                           *
*****************************************************************************

Job ID: 10933977
Cluster: finisterrae3
User/Group: curso341/ulc
State: COMPLETED (exit code 0)
Nodes: 17
Cores per node: 64
CPU Utilized: 00:11:58
CPU Efficiency: 0.31% of 2-16:04:16 core-walltime
Job Wall-clock time: 00:03:32
Memory Utilized: 1.02 GB
Memory Efficiency: 0.03% of 3.60 TB

 +++++++++++++++++++++++++++++++++++++++++++++++++++++++++++++++++++++++++++
 ++   Memory Efficiency is too small. Please review the requested memory. ++
 ++ It seems that you do not need that much memory so we recommend        ++
 ++ requesting less memory in other similar jobs.                         ++
 +++++++++++++++++++++++++++++++++++++++++++++++++++++++++++++++++++++++++++
 
*****************************************************************************


*****************************************************************************
*                                                                           *
*                    JOB EFFICIENCY REPORT (seff 10933977)                   *
*                                                                           *
*****************************************************************************

Job ID: 10933977
Cluster: finisterrae3
User/Group: curso341/ulc
State: COMPLETED (exit code 0)
Nodes: 17
Cores per node: 64
CPU Utilized: 00:11:58
CPU Efficiency: 0.31% of 2-16:04:16 core-walltime
Job Wall-clock time: 00:03:32
Memory Utilized: 1.02 GB
Memory Efficiency: 0.03% of 3.60 TB

 +++++++++++++++++++++++++++++++++++++++++++++++++++++++++++++++++++++++++++
 ++   Memory Efficiency is too small. Please review the requested memory. ++
 ++ It seems that you do not need that much memory so we recommend        ++
 ++ requesting less memory in other similar jobs.                         ++
 +++++++++++++++++++++++++++++++++++++++++++++++++++++++++++++++++++++++++++
 
*****************************************************************************


*****************************************************************************
*                                                                           *
*                    JOB EFFICIENCY REPORT (seff 10933977)                   *
*                                                                           *
*****************************************************************************

Job ID: 10933977
Cluster: finisterrae3
User/Group: curso341/ulc
State: COMPLETED (exit code 0)
Nodes: 17
Cores per node: 64
CPU Utilized: 00:11:58
CPU Efficiency: 0.31% of 2-16:04:16 core-walltime
Job Wall-clock time: 00:03:32
Memory Utilized: 1.02 GB
Memory Efficiency: 0.03% of 3.60 TB

 +++++++++++++++++++++++++++++++++++++++++++++++++++++++++++++++++++++++++++
 ++   Memory Efficiency is too small. Please review the requested memory. ++
 ++ It seems that you do not need that much memory so we recommend        ++
 ++ requesting less memory in other similar jobs.                         ++
 +++++++++++++++++++++++++++++++++++++++++++++++++++++++++++++++++++++++++++
 
*****************************************************************************


*****************************************************************************
*                                                                           *
*                    JOB EFFICIENCY REPORT (seff 10933977)                   *
*                                                                           *
*****************************************************************************

Job ID: 10933977
Cluster: finisterrae3
User/Group: curso341/ulc
State: COMPLETED (exit code 0)
Nodes: 17
Cores per node: 64
CPU Utilized: 00:15:15
CPU Efficiency: 0.40% of 2-16:04:16 core-walltime
Job Wall-clock time: 00:03:32
Memory Utilized: 3.13 GB
Memory Efficiency: 0.08% of 3.60 TB

 +++++++++++++++++++++++++++++++++++++++++++++++++++++++++++++++++++++++++++
 ++   Memory Efficiency is too small. Please review the requested memory. ++
 ++ It seems that you do not need that much memory so we recommend        ++
 ++ requesting less memory in other similar jobs.                         ++
 +++++++++++++++++++++++++++++++++++++++++++++++++++++++++++++++++++++++++++
 
*****************************************************************************


*****************************************************************************
*                                                                           *
*                    JOB EFFICIENCY REPORT (seff 10933977)                   *
*                                                                           *
*****************************************************************************

Job ID: 10933977
Cluster: finisterrae3
User/Group: curso341/ulc
State: COMPLETED (exit code 0)
Nodes: 17
Cores per node: 64
CPU Utilized: 00:30:09
CPU Efficiency: 0.78% of 2-16:04:16 core-walltime
Job Wall-clock time: 00:03:32
Memory Utilized: 12.92 GB
Memory Efficiency: 0.35% of 3.60 TB

 +++++++++++++++++++++++++++++++++++++++++++++++++++++++++++++++++++++++++++
 ++   Memory Efficiency is too small. Please review the requested memory. ++
 ++ It seems that you do not need that much memory so we recommend        ++
 ++ requesting less memory in other similar jobs.                         ++
 +++++++++++++++++++++++++++++++++++++++++++++++++++++++++++++++++++++++++++
 
*****************************************************************************


*****************************************************************************
*                                                                           *
*                    JOB EFFICIENCY REPORT (seff 10933977)                   *
*                                                                           *
*****************************************************************************

Job ID: 10933977
Cluster: finisterrae3
User/Group: curso341/ulc
State: COMPLETED (exit code 0)
Nodes: 17
Cores per node: 64
CPU Utilized: 00:30:09
CPU Efficiency: 0.78% of 2-16:04:16 core-walltime
Job Wall-clock time: 00:03:32
Memory Utilized: 12.92 GB
Memory Efficiency: 0.35% of 3.60 TB

 +++++++++++++++++++++++++++++++++++++++++++++++++++++++++++++++++++++++++++
 ++   Memory Efficiency is too small. Please review the requested memory. ++
 ++ It seems that you do not need that much memory so we recommend        ++
 ++ requesting less memory in other similar jobs.                         ++
 +++++++++++++++++++++++++++++++++++++++++++++++++++++++++++++++++++++++++++
 
*****************************************************************************


*****************************************************************************
*                                                                           *
*                    JOB EFFICIENCY REPORT (seff 10933977)                   *
*                                                                           *
*****************************************************************************

Job ID: 10933977
Cluster: finisterrae3
User/Group: curso341/ulc
State: COMPLETED (exit code 0)
Nodes: 17
Cores per node: 64
CPU Utilized: 00:30:09
CPU Efficiency: 0.78% of 2-16:04:16 core-walltime
Job Wall-clock time: 00:03:32
Memory Utilized: 12.92 GB
Memory Efficiency: 0.35% of 3.60 TB

 +++++++++++++++++++++++++++++++++++++++++++++++++++++++++++++++++++++++++++
 ++   Memory Efficiency is too small. Please review the requested memory. ++
 ++ It seems that you do not need that much memory so we recommend        ++
 ++ requesting less memory in other similar jobs.                         ++
 +++++++++++++++++++++++++++++++++++++++++++++++++++++++++++++++++++++++++++
 
*****************************************************************************


*****************************************************************************
*                                                                           *
*                    JOB EFFICIENCY REPORT (seff 10933977)                   *
*                                                                           *
*****************************************************************************

Job ID: 10933977
Cluster: finisterrae3
User/Group: curso341/ulc
State: COMPLETED (exit code 0)
Nodes: 17
Cores per node: 64
CPU Utilized: 00:30:09
CPU Efficiency: 0.78% of 2-16:04:16 core-walltime
Job Wall-clock time: 00:03:32
Memory Utilized: 12.92 GB
Memory Efficiency: 0.35% of 3.60 TB

 +++++++++++++++++++++++++++++++++++++++++++++++++++++++++++++++++++++++++++
 ++   Memory Efficiency is too small. Please review the requested memory. ++
 ++ It seems that you do not need that much memory so we recommend        ++
 ++ requesting less memory in other similar jobs.                         ++
 +++++++++++++++++++++++++++++++++++++++++++++++++++++++++++++++++++++++++++
 
*****************************************************************************


*****************************************************************************
*                                                                           *
*                    JOB EFFICIENCY REPORT (seff 10933977)                   *
*                                                                           *
*****************************************************************************

Job ID: 10933977
Cluster: finisterrae3
User/Group: curso341/ulc
State: COMPLETED (exit code 0)
Nodes: 17
Cores per node: 64
CPU Utilized: 00:30:09
CPU Efficiency: 0.78% of 2-16:04:16 core-walltime
Job Wall-clock time: 00:03:32
Memory Utilized: 12.92 GB
Memory Efficiency: 0.35% of 3.60 TB

 +++++++++++++++++++++++++++++++++++++++++++++++++++++++++++++++++++++++++++
 ++   Memory Efficiency is too small. Please review the requested memory. ++
 ++ It seems that you do not need that much memory so we recommend        ++
 ++ requesting less memory in other similar jobs.                         ++
 +++++++++++++++++++++++++++++++++++++++++++++++++++++++++++++++++++++++++++
 
*****************************************************************************


*****************************************************************************
*                                                                           *
*                    JOB EFFICIENCY REPORT (seff 10933977)                   *
*                                                                           *
*****************************************************************************

Job ID: 10933977
Cluster: finisterrae3
User/Group: curso341/ulc
State: COMPLETED (exit code 0)
Nodes: 17
Cores per node: 64
CPU Utilized: 00:30:09
CPU Efficiency: 0.78% of 2-16:04:16 core-walltime
Job Wall-clock time: 00:03:32
Memory Utilized: 12.92 GB
Memory Efficiency: 0.35% of 3.60 TB

 +++++++++++++++++++++++++++++++++++++++++++++++++++++++++++++++++++++++++++
 ++   Memory Efficiency is too small. Please review the requested memory. ++
 ++ It seems that you do not need that much memory so we recommend        ++
 ++ requesting less memory in other similar jobs.                         ++
 +++++++++++++++++++++++++++++++++++++++++++++++++++++++++++++++++++++++++++
 
*****************************************************************************


*****************************************************************************
*                                                                           *
*                    JOB EFFICIENCY REPORT (seff 10933977)                   *
*                                                                           *
*****************************************************************************

Job ID: 10933977
Cluster: finisterrae3
User/Group: curso341/ulc
State: COMPLETED (exit code 0)
Nodes: 17
Cores per node: 64
CPU Utilized: 00:30:09
CPU Efficiency: 0.78% of 2-16:04:16 core-walltime
Job Wall-clock time: 00:03:32
Memory Utilized: 12.92 GB
Memory Efficiency: 0.35% of 3.60 TB

 +++++++++++++++++++++++++++++++++++++++++++++++++++++++++++++++++++++++++++
 ++   Memory Efficiency is too small. Please review the requested memory. ++
 ++ It seems that you do not need that much memory so we recommend        ++
 ++ requesting less memory in other similar jobs.                         ++
 +++++++++++++++++++++++++++++++++++++++++++++++++++++++++++++++++++++++++++
 
*****************************************************************************


*****************************************************************************
*                                                                           *
*                    JOB EFFICIENCY REPORT (seff 10933977)                   *
*                                                                           *
*****************************************************************************

Job ID: 10933977
Cluster: finisterrae3
User/Group: curso341/ulc
State: COMPLETED (exit code 0)
Nodes: 17
Cores per node: 64
CPU Utilized: 00:30:09
CPU Efficiency: 0.78% of 2-16:04:16 core-walltime
Job Wall-clock time: 00:03:32
Memory Utilized: 12.92 GB
Memory Efficiency: 0.35% of 3.60 TB

 +++++++++++++++++++++++++++++++++++++++++++++++++++++++++++++++++++++++++++
 ++   Memory Efficiency is too small. Please review the requested memory. ++
 ++ It seems that you do not need that much memory so we recommend        ++
 ++ requesting less memory in other similar jobs.                         ++
 +++++++++++++++++++++++++++++++++++++++++++++++++++++++++++++++++++++++++++
 
*****************************************************************************


*****************************************************************************
*                                                                           *
*                    JOB EFFICIENCY REPORT (seff 10933977)                   *
*                                                                           *
*****************************************************************************

Job ID: 10933977
Cluster: finisterrae3
User/Group: curso341/ulc
State: COMPLETED (exit code 0)
Nodes: 17
Cores per node: 64
CPU Utilized: 01:13:23
CPU Efficiency: 1.91% of 2-16:04:16 core-walltime
Job Wall-clock time: 00:03:32
Memory Utilized: 22.86 GB
Memory Efficiency: 0.62% of 3.60 TB

 +++++++++++++++++++++++++++++++++++++++++++++++++++++++++++++++++++++++++++
 ++   Memory Efficiency is too small. Please review the requested memory. ++
 ++ It seems that you do not need that much memory so we recommend        ++
 ++ requesting less memory in other similar jobs.                         ++
 +++++++++++++++++++++++++++++++++++++++++++++++++++++++++++++++++++++++++++
 
*****************************************************************************


*****************************************************************************
*                                                                           *
*                    JOB EFFICIENCY REPORT (seff 10933977)                   *
*                                                                           *
*****************************************************************************

Job ID: 10933977
Cluster: finisterrae3
User/Group: curso341/ulc
State: COMPLETED (exit code 0)
Nodes: 17
Cores per node: 64
CPU Utilized: 01:13:23
CPU Efficiency: 1.91% of 2-16:04:16 core-walltime
Job Wall-clock time: 00:03:32
Memory Utilized: 22.86 GB
Memory Efficiency: 0.62% of 3.60 TB

 +++++++++++++++++++++++++++++++++++++++++++++++++++++++++++++++++++++++++++
 ++   Memory Efficiency is too small. Please review the requested memory. ++
 ++ It seems that you do not need that much memory so we recommend        ++
 ++ requesting less memory in other similar jobs.                         ++
 +++++++++++++++++++++++++++++++++++++++++++++++++++++++++++++++++++++++++++
 
*****************************************************************************


*****************************************************************************
*                                                                           *
*                    JOB EFFICIENCY REPORT (seff 10933977)                   *
*                                                                           *
*****************************************************************************

Job ID: 10933977
Cluster: finisterrae3
User/Group: curso341/ulc
State: COMPLETED (exit code 0)
Nodes: 17
Cores per node: 64
CPU Utilized: 01:13:23
CPU Efficiency: 1.91% of 2-16:04:16 core-walltime
Job Wall-clock time: 00:03:32
Memory Utilized: 22.86 GB
Memory Efficiency: 0.62% of 3.60 TB

 +++++++++++++++++++++++++++++++++++++++++++++++++++++++++++++++++++++++++++
 ++   Memory Efficiency is too small. Please review the requested memory. ++
 ++ It seems that you do not need that much memory so we recommend        ++
 ++ requesting less memory in other similar jobs.                         ++
 +++++++++++++++++++++++++++++++++++++++++++++++++++++++++++++++++++++++++++
 
*****************************************************************************


*****************************************************************************
*                                                                           *
*                    JOB EFFICIENCY REPORT (seff 10933977)                   *
*                                                                           *
*****************************************************************************

Job ID: 10933977
Cluster: finisterrae3
User/Group: curso341/ulc
State: COMPLETED (exit code 0)
Nodes: 17
Cores per node: 64
CPU Utilized: 01:33:49
CPU Efficiency: 2.44% of 2-16:04:16 core-walltime
Job Wall-clock time: 00:03:32
Memory Utilized: 22.86 GB
Memory Efficiency: 0.62% of 3.60 TB

 +++++++++++++++++++++++++++++++++++++++++++++++++++++++++++++++++++++++++++
 ++   Memory Efficiency is too small. Please review the requested memory. ++
 ++ It seems that you do not need that much memory so we recommend        ++
 ++ requesting less memory in other similar jobs.                         ++
 +++++++++++++++++++++++++++++++++++++++++++++++++++++++++++++++++++++++++++
 
*****************************************************************************

