slurmstepd: info: Setting TMPDIR to /scratch/10942678. Previous errors about TMPDIR can be discarded
Slurm job started at 12/03/2025_07:40:46 PM

In transit.
Initing Ray (1 head node + 2 worker nodes + 2 simulation nodes) on nodes: 
	ilk-245 ilk-246 ilk-247 ilk-249 ilk-252
Head node: 172.30.211.18:6379


RAY_DEPLOY_TIME:     23.97687
RAY_INIT_TIME:       3.44337
Iter [0]
Iter [1]
2025-03-12 19:41:17,958	INFO packaging.py:520 -- Creating a file package for local directory '/mnt/lustre/scratch/nlsas/home/ulc/cursos/curso341/dask_on_reisa_tests/E6/DASK_ON_REISA_ONE_ACTOR/derivative/P4-SN2-LS268-GS1073-I10-AN2-D2025-03-12_10-04-21'.
2025-03-12 19:41:17,989	INFO packaging.py:347 -- Pushing file package 'gcs://_ray_pkg_4894e420d50a880a.zip' (0.48MiB) to Ray cluster...
2025-03-12 19:41:17,996	INFO packaging.py:360 -- Successfully pushed file package 'gcs://_ray_pkg_4894e420d50a880a.zip'.
Iter [2]
Iter [3]
Iter [4]
Iter [5]
Iter [6]
Iter [7]
Iter [8]
Iter [9]
GLOBAL_PUT_TIME:     4.22013258934021 (avg:0.42201)
ACTOR_CONCURRENCY:   8
SIMULATION_TIME:     36.547925485999997 (avg: 3.654792548600000)
SIM_WTHOUT_PDI:      25.571417586000006 (avg: 2.557141758600001)
PDI_DELAY:           10.976507899999991 (avg: 1.097650789999999)

GLOBAL_SIZE_(GiB):   1048576
LOCAL_SIZE_(MiB):    256
ITERATIONS:          10

MPI_PER_NODE:        2
MPI_PARALLELISM:     4

WORKER_NODES:        2
CPUS_PER_WORKER:     64
WORKER_PARALLELISM:  128


SLURM_JOB_ID:        10942678
EST_ANALYTICS_TIME:  87.36707 (avg:8.73671)

Slurm job finished at 12/03/2025_07:42:49 PM

*****************************************************************************
*                                                                           *
*                    JOB EFFICIENCY REPORT (seff 10942678)                   *
*                                                                           *
*****************************************************************************

Job ID: 10942678
Cluster: finisterrae3
User/Group: curso341/ulc
State: COMPLETED (exit code 0)
Nodes: 5
Cores per node: 64
CPU Utilized: 00:02:18
CPU Efficiency: 0.35% of 11:01:20 core-walltime
Job Wall-clock time: 00:02:04
Memory Utilized: 2.99 GB (estimated maximum)
Memory Efficiency: 0.28% of 1.06 TB (3.39 GB/core)

 +++++++++++++++++++++++++++++++++++++++++++++++++++++++++++++++++++++++++++
 ++   Memory Efficiency is too small. Please review the requested memory. ++
 ++ It seems that you do not need that much memory so we recommend        ++
 ++ requesting less memory in other similar jobs.                         ++
 +++++++++++++++++++++++++++++++++++++++++++++++++++++++++++++++++++++++++++
 
*****************************************************************************


*****************************************************************************
*                                                                           *
*                    JOB EFFICIENCY REPORT (seff 10942678)                   *
*                                                                           *
*****************************************************************************

Job ID: 10942678
Cluster: finisterrae3
User/Group: curso341/ulc
State: COMPLETED (exit code 0)
Nodes: 5
Cores per node: 64
CPU Utilized: 00:09:27
CPU Efficiency: 1.43% of 11:01:20 core-walltime
Job Wall-clock time: 00:02:04
Memory Utilized: 8.11 GB
Memory Efficiency: 0.75% of 1.06 TB

 +++++++++++++++++++++++++++++++++++++++++++++++++++++++++++++++++++++++++++
 ++   Memory Efficiency is too small. Please review the requested memory. ++
 ++ It seems that you do not need that much memory so we recommend        ++
 ++ requesting less memory in other similar jobs.                         ++
 +++++++++++++++++++++++++++++++++++++++++++++++++++++++++++++++++++++++++++
 
*****************************************************************************


*****************************************************************************
*                                                                           *
*                    JOB EFFICIENCY REPORT (seff 10942678)                   *
*                                                                           *
*****************************************************************************

Job ID: 10942678
Cluster: finisterrae3
User/Group: curso341/ulc
State: COMPLETED (exit code 0)
Nodes: 5
Cores per node: 64
CPU Utilized: 00:12:42
CPU Efficiency: 1.92% of 11:01:20 core-walltime
Job Wall-clock time: 00:02:04
Memory Utilized: 8.11 GB
Memory Efficiency: 0.75% of 1.06 TB

 +++++++++++++++++++++++++++++++++++++++++++++++++++++++++++++++++++++++++++
 ++   Memory Efficiency is too small. Please review the requested memory. ++
 ++ It seems that you do not need that much memory so we recommend        ++
 ++ requesting less memory in other similar jobs.                         ++
 +++++++++++++++++++++++++++++++++++++++++++++++++++++++++++++++++++++++++++
 
*****************************************************************************


*****************************************************************************
*                                                                           *
*                    JOB EFFICIENCY REPORT (seff 10942678)                   *
*                                                                           *
*****************************************************************************

Job ID: 10942678
Cluster: finisterrae3
User/Group: curso341/ulc
State: COMPLETED (exit code 0)
Nodes: 5
Cores per node: 64
CPU Utilized: 00:32:26
CPU Efficiency: 4.90% of 11:01:20 core-walltime
Job Wall-clock time: 00:02:04
Memory Utilized: 14.80 GB
Memory Efficiency: 1.36% of 1.06 TB

 +++++++++++++++++++++++++++++++++++++++++++++++++++++++++++++++++++++++++++
 ++   Memory Efficiency is too small. Please review the requested memory. ++
 ++ It seems that you do not need that much memory so we recommend        ++
 ++ requesting less memory in other similar jobs.                         ++
 +++++++++++++++++++++++++++++++++++++++++++++++++++++++++++++++++++++++++++
 
*****************************************************************************


*****************************************************************************
*                                                                           *
*                    JOB EFFICIENCY REPORT (seff 10942678)                   *
*                                                                           *
*****************************************************************************

Job ID: 10942678
Cluster: finisterrae3
User/Group: curso341/ulc
State: COMPLETED (exit code 0)
Nodes: 5
Cores per node: 64
CPU Utilized: 00:32:26
CPU Efficiency: 4.90% of 11:01:20 core-walltime
Job Wall-clock time: 00:02:04
Memory Utilized: 14.80 GB
Memory Efficiency: 1.36% of 1.06 TB

 +++++++++++++++++++++++++++++++++++++++++++++++++++++++++++++++++++++++++++
 ++   Memory Efficiency is too small. Please review the requested memory. ++
 ++ It seems that you do not need that much memory so we recommend        ++
 ++ requesting less memory in other similar jobs.                         ++
 +++++++++++++++++++++++++++++++++++++++++++++++++++++++++++++++++++++++++++
 
*****************************************************************************

