slurmstepd: info: Setting TMPDIR to /scratch/10933983. Previous errors about TMPDIR can be discarded
Slurm job started at 11/03/2025_02:03:30 AM

In transit.
Initing Ray (1 head node + 2 worker nodes + 4 simulation nodes) on nodes: 
	ilk-241 ilk-243 ilk-244 ilk-245 ilk-246 ilk-247 ilk-249
Head node: 172.30.211.14:6379


RAY_DEPLOY_TIME:     24.05182
2025-03-11 02:03:57,546	INFO packaging.py:520 -- Creating a file package for local directory '/mnt/lustre/scratch/nlsas/home/ulc/cursos/curso341/dask_on_reisa_tests/E5/DASK_ON_REISA/derivative/P128-SN4-LS134-GS17179-I10-AN2-D2025-03-10_22-49-40'.
2025-03-11 02:03:57,576	INFO packaging.py:347 -- Pushing file package 'gcs://_ray_pkg_b8d04ed83e99b30a.zip' (0.48MiB) to Ray cluster...
2025-03-11 02:03:57,582	INFO packaging.py:360 -- Successfully pushed file package 'gcs://_ray_pkg_b8d04ed83e99b30a.zip'.
RAY_INIT_TIME:       4.47425
Iter [0]
Iter [1]
[2m[36m(iter_task pid=3269478, ip=10.120.211.16)[0m /home/ulc/cursos/curso341/.local/lib/python3.9/site-packages/dask/config.py:693: UserWarning: Configuration key "shuffle" has been deprecated. Please use "dataframe.shuffle.algorithm" instead
[2m[36m(iter_task pid=3269478, ip=10.120.211.16)[0m   warnings.warn(
[2m[36m(iter_task pid=3269477, ip=10.120.211.16)[0m /home/ulc/cursos/curso341/.local/lib/python3.9/site-packages/dask/config.py:693: UserWarning: Configuration key "shuffle" has been deprecated. Please use "dataframe.shuffle.algorithm" instead
[2m[36m(iter_task pid=3269477, ip=10.120.211.16)[0m   warnings.warn(
[2m[36m(iter_task pid=890386, ip=10.120.211.17)[0m /home/ulc/cursos/curso341/.local/lib/python3.9/site-packages/dask/config.py:693: UserWarning: Configuration key "shuffle" has been deprecated. Please use "dataframe.shuffle.algorithm" instead
[2m[36m(iter_task pid=890386, ip=10.120.211.17)[0m   warnings.warn(
[2m[36m(iter_task pid=890385, ip=10.120.211.17)[0m /home/ulc/cursos/curso341/.local/lib/python3.9/site-packages/dask/config.py:693: UserWarning: Configuration key "shuffle" has been deprecated. Please use "dataframe.shuffle.algorithm" instead
[2m[36m(iter_task pid=890385, ip=10.120.211.17)[0m   warnings.warn(
Iter [2]
Iter [3]
Iter [4]
Iter [5]
Iter [6]
Iter [7]
Iter [8]
Iter [9]
GLOBAL_PUT_TIME:     7.588771820068359 (avg:0.75888)
ACTOR_CONCURRENCY:   8
SIMULATION_TIME:     231.463425071000017 (avg: 23.146342507100002)
SIM_WTHOUT_PDI:      21.860112217999994 (avg: 2.186011221799999)
PDI_DELAY:           209.603312853000034 (avg: 20.960331285300004)

GLOBAL_SIZE_(GiB):   16777216
LOCAL_SIZE_(MiB):    128
ITERATIONS:          10

MPI_PER_NODE:        32
MPI_PARALLELISM:     128

WORKER_NODES:        2
CPUS_PER_WORKER:     64
WORKER_PARALLELISM:  128


SLURM_JOB_ID:        10933983
[2m[36m(iter_task pid=890386, ip=10.120.211.17)[0m /home/ulc/cursos/curso341/.local/lib/python3.9/site-packages/dask/config.py:693: UserWarning: Configuration key "shuffle" has been deprecated. Please use "dataframe.shuffle.algorithm" instead
[2m[36m(iter_task pid=890386, ip=10.120.211.17)[0m   warnings.warn(
[2m[36m(iter_task pid=890385, ip=10.120.211.17)[0m /home/ulc/cursos/curso341/.local/lib/python3.9/site-packages/dask/config.py:693: UserWarning: Configuration key "shuffle" has been deprecated. Please use "dataframe.shuffle.algorithm" instead
[2m[36m(iter_task pid=890385, ip=10.120.211.17)[0m   warnings.warn(
EST_ANALYTICS_TIME:  888.45022 (avg:88.84502)

Slurm job finished at 11/03/2025_02:18:51 AM

*****************************************************************************
*                                                                           *
*                    JOB EFFICIENCY REPORT (seff 10933983)                   *
*                                                                           *
*****************************************************************************

Job ID: 10933983
Cluster: finisterrae3
User/Group: curso341/ulc
State: COMPLETED (exit code 0)
Nodes: 7
Cores per node: 64
CPU Utilized: 08:18:45
CPU Efficiency: 7.24% of 4-18:51:44 core-walltime
Job Wall-clock time: 00:15:23
Memory Utilized: 8.26 GB
Memory Efficiency: 0.54% of 1.48 TB

 +++++++++++++++++++++++++++++++++++++++++++++++++++++++++++++++++++++++++++
 ++   Memory Efficiency is too small. Please review the requested memory. ++
 ++ It seems that you do not need that much memory so we recommend        ++
 ++ requesting less memory in other similar jobs.                         ++
 +++++++++++++++++++++++++++++++++++++++++++++++++++++++++++++++++++++++++++
 
*****************************************************************************


*****************************************************************************
*                                                                           *
*                    JOB EFFICIENCY REPORT (seff 10933983)                   *
*                                                                           *
*****************************************************************************

Job ID: 10933983
Cluster: finisterrae3
User/Group: curso341/ulc
State: COMPLETED (exit code 0)
Nodes: 7
Cores per node: 64
CPU Utilized: 09:37:23
CPU Efficiency: 8.38% of 4-18:51:44 core-walltime
Job Wall-clock time: 00:15:23
Memory Utilized: 21.96 GB
Memory Efficiency: 1.45% of 1.48 TB

 +++++++++++++++++++++++++++++++++++++++++++++++++++++++++++++++++++++++++++
 ++   Memory Efficiency is too small. Please review the requested memory. ++
 ++ It seems that you do not need that much memory so we recommend        ++
 ++ requesting less memory in other similar jobs.                         ++
 +++++++++++++++++++++++++++++++++++++++++++++++++++++++++++++++++++++++++++
 
*****************************************************************************


*****************************************************************************
*                                                                           *
*                    JOB EFFICIENCY REPORT (seff 10933983)                   *
*                                                                           *
*****************************************************************************

Job ID: 10933983
Cluster: finisterrae3
User/Group: curso341/ulc
State: COMPLETED (exit code 0)
Nodes: 7
Cores per node: 64
CPU Utilized: 11:51:06
CPU Efficiency: 10.32% of 4-18:51:44 core-walltime
Job Wall-clock time: 00:15:23
Memory Utilized: 21.96 GB
Memory Efficiency: 1.45% of 1.48 TB

 +++++++++++++++++++++++++++++++++++++++++++++++++++++++++++++++++++++++++++
 ++   Memory Efficiency is too small. Please review the requested memory. ++
 ++ It seems that you do not need that much memory so we recommend        ++
 ++ requesting less memory in other similar jobs.                         ++
 +++++++++++++++++++++++++++++++++++++++++++++++++++++++++++++++++++++++++++
 
*****************************************************************************


*****************************************************************************
*                                                                           *
*                    JOB EFFICIENCY REPORT (seff 10933983)                   *
*                                                                           *
*****************************************************************************

Job ID: 10933983
Cluster: finisterrae3
User/Group: curso341/ulc
State: COMPLETED (exit code 0)
Nodes: 7
Cores per node: 64
CPU Utilized: 11:51:06
CPU Efficiency: 10.32% of 4-18:51:44 core-walltime
Job Wall-clock time: 00:15:23
Memory Utilized: 21.96 GB
Memory Efficiency: 1.45% of 1.48 TB

 +++++++++++++++++++++++++++++++++++++++++++++++++++++++++++++++++++++++++++
 ++   Memory Efficiency is too small. Please review the requested memory. ++
 ++ It seems that you do not need that much memory so we recommend        ++
 ++ requesting less memory in other similar jobs.                         ++
 +++++++++++++++++++++++++++++++++++++++++++++++++++++++++++++++++++++++++++
 
*****************************************************************************


*****************************************************************************
*                                                                           *
*                    JOB EFFICIENCY REPORT (seff 10933983)                   *
*                                                                           *
*****************************************************************************

Job ID: 10933983
Cluster: finisterrae3
User/Group: curso341/ulc
State: COMPLETED (exit code 0)
Nodes: 7
Cores per node: 64
CPU Utilized: 11:51:06
CPU Efficiency: 10.32% of 4-18:51:44 core-walltime
Job Wall-clock time: 00:15:23
Memory Utilized: 21.96 GB
Memory Efficiency: 1.45% of 1.48 TB

 +++++++++++++++++++++++++++++++++++++++++++++++++++++++++++++++++++++++++++
 ++   Memory Efficiency is too small. Please review the requested memory. ++
 ++ It seems that you do not need that much memory so we recommend        ++
 ++ requesting less memory in other similar jobs.                         ++
 +++++++++++++++++++++++++++++++++++++++++++++++++++++++++++++++++++++++++++
 
*****************************************************************************


*****************************************************************************
*                                                                           *
*                    JOB EFFICIENCY REPORT (seff 10933983)                   *
*                                                                           *
*****************************************************************************

Job ID: 10933983
Cluster: finisterrae3
User/Group: curso341/ulc
State: COMPLETED (exit code 0)
Nodes: 7
Cores per node: 64
CPU Utilized: 11:51:06
CPU Efficiency: 10.32% of 4-18:51:44 core-walltime
Job Wall-clock time: 00:15:23
Memory Utilized: 21.96 GB
Memory Efficiency: 1.45% of 1.48 TB

 +++++++++++++++++++++++++++++++++++++++++++++++++++++++++++++++++++++++++++
 ++   Memory Efficiency is too small. Please review the requested memory. ++
 ++ It seems that you do not need that much memory so we recommend        ++
 ++ requesting less memory in other similar jobs.                         ++
 +++++++++++++++++++++++++++++++++++++++++++++++++++++++++++++++++++++++++++
 
*****************************************************************************


*****************************************************************************
*                                                                           *
*                    JOB EFFICIENCY REPORT (seff 10933983)                   *
*                                                                           *
*****************************************************************************

Job ID: 10933983
Cluster: finisterrae3
User/Group: curso341/ulc
State: COMPLETED (exit code 0)
Nodes: 7
Cores per node: 64
CPU Utilized: 11:51:06
CPU Efficiency: 10.32% of 4-18:51:44 core-walltime
Job Wall-clock time: 00:15:23
Memory Utilized: 21.96 GB
Memory Efficiency: 1.45% of 1.48 TB

 +++++++++++++++++++++++++++++++++++++++++++++++++++++++++++++++++++++++++++
 ++   Memory Efficiency is too small. Please review the requested memory. ++
 ++ It seems that you do not need that much memory so we recommend        ++
 ++ requesting less memory in other similar jobs.                         ++
 +++++++++++++++++++++++++++++++++++++++++++++++++++++++++++++++++++++++++++
 
*****************************************************************************

