slurmstepd: info: Setting TMPDIR to /scratch/10934011. Previous errors about TMPDIR can be discarded
Slurm job started at 11/03/2025_03:07:40 AM

In transit.
Initing Ray (1 head node + 2 worker nodes + 2 simulation nodes) on nodes: 
	ilk-241 ilk-243 ilk-244 ilk-245 ilk-246
Head node: 172.30.211.14:6379


RAY_DEPLOY_TIME:     24.04916
2025-03-11 03:08:07,982	INFO packaging.py:520 -- Creating a file package for local directory '/mnt/lustre/scratch/nlsas/home/ulc/cursos/curso341/dask_on_reisa_tests/E5/DASK_ON_REISA_ONE_ACTOR/reduction/P4-SN2-LS536-GS2147-I20-AN2-D2025-03-10_22-50-49'.
2025-03-11 03:08:08,010	INFO packaging.py:347 -- Pushing file package 'gcs://_ray_pkg_cda3770925b2c32d.zip' (0.48MiB) to Ray cluster...
2025-03-11 03:08:08,016	INFO packaging.py:360 -- Successfully pushed file package 'gcs://_ray_pkg_cda3770925b2c32d.zip'.
RAY_INIT_TIME:       3.50117
Iter [0]
Iter [2]
Iter [4]
Iter [6]
Iter [8]
Iter [10]
Iter [12]
Iter [14]
Iter [16]
The node with node id: a8bb415c772bbbf8409e6d8ddf63bd0344677496595396373d5786ef and address: 172.30.211.18 and node name: 172.30.211.18 has been marked dead because the detector has missed too many heartbeats from it. This can happen when a 	(1) raylet crashes unexpectedly (OOM, preempted node, etc.) 
	(2) raylet has lagging heartbeats due to slow network or busy workload.
slurmstepd: error: *** JOB 10934011 ON ilk-241 CANCELLED AT 2025-03-11T03:28:00 DUE TO TIME LIMIT ***
slurmstepd: error: *** STEP 10934011.6 ON ilk-243 CANCELLED AT 2025-03-11T03:28:00 DUE TO TIME LIMIT ***
slurmstepd: error: *** STEP 10934011.7 ON ilk-245 CANCELLED AT 2025-03-11T03:28:00 DUE TO TIME LIMIT ***
srun: Job step aborted: Waiting up to 32 seconds for job step to finish.
srun: Job step aborted: Waiting up to 32 seconds for job step to finish.
*** SIGTERM received at time=1741660080 on cpu 50 ***
*** SIGTERM received at time=1741660080 on cpu 4 ***
*** SIGTERM received at time=1741660080 on cpu 16 ***
[failure_signal_handler.cc : 329] RAW: Signal 15 raised at PC=0x14ef7a77c54c while already in AbslFailureSignalHandler()
*** SIGTERM received at time=1741660080 on cpu 4 ***
[failure_signal_handler.cc : 329] RAW: Signal 15 raised at PC=0x146f8acdd54c while already in AbslFailureSignalHandler()
*** SIGTERM received at time=1741660080 on cpu 50 ***
PC: @     0x146f8acdd54c  (unknown)  __read
    @     0x146f8ac219c0       3456  (unknown)
PC: @     0x14ef7a77c54c  (unknown)  __read
    @     0x14ef7a6c09c0       3456  (unknown)
