slurmstepd: info: Setting TMPDIR to /scratch/10932547. Previous errors about TMPDIR can be discarded
Slurm job started at 10/03/2025_07:00:08 PM

In transit.
Initing Ray (1 head node + 2 worker nodes + 4 simulation nodes) on nodes: 
	ilk-145 ilk-146 ilk-147 ilk-148 ilk-150 ilk-151 ilk-152
Head node: 172.30.204.1:6379


RAY_DEPLOY_TIME:     25.53587
RAY_INIT_TIME:       4.69190
Iter [0]
Iter [2]
Iter [4]
2025-03-10 19:00:43,927	INFO packaging.py:520 -- Creating a file package for local directory '/mnt/lustre/scratch/nlsas/home/ulc/cursos/curso341/dask_on_reisa_tests/E5/REISA/reduction/P128-SN4-LS1-GS134-I20-AN2-D2025-03-10_18-36-12'.
2025-03-10 19:00:44,361	INFO packaging.py:347 -- Pushing file package 'gcs://_ray_pkg_3f09fd439e7e683d.zip' (0.48MiB) to Ray cluster...
2025-03-10 19:00:44,369	INFO packaging.py:360 -- Successfully pushed file package 'gcs://_ray_pkg_3f09fd439e7e683d.zip'.
Iter [6]
Iter [8]
Iter [10]
Iter [12]
Iter [14]
Iter [16]
Iter [18]
GLOBAL_PUT_TIME:     0.0597681999206543 (avg:0.00299)
ACTOR_CONCURRENCY:   8
SIMULATION_TIME:     10.218987167000000 (avg: 0.510949358350000)
SIM_WTHOUT_PDI:      6.622673203000002 (avg: 0.331133660150000)
PDI_DELAY:           3.596313963999997 (avg: 0.179815698200000)

GLOBAL_SIZE_(GiB):   131072
LOCAL_SIZE_(MiB):    1
ITERATIONS:          20

MPI_PER_NODE:        32
MPI_PARALLELISM:     128

WORKER_NODES:        2
CPUS_PER_WORKER:     64
WORKER_PARALLELISM:  128


SLURM_JOB_ID:        10932547
EST_ANALYTICS_TIME:  15.56801 (avg:0.77840)

Slurm job finished at 10/03/2025_07:01:03 PM






*****************************************************************************
*****************************************************************************
*****************************************************************************
*****************************************************************************
*****************************************************************************
*****************************************************************************
*                                                                           *
*                                                                           *
*                                                                           *
*                                                                           *
*                                                                           *
*                                                                           *
*                    JOB EFFICIENCY REPORT (seff 10932547)                   *
*                    JOB EFFICIENCY REPORT (seff 10932547)                   *
*                    JOB EFFICIENCY REPORT (seff 10932547)                   *

*                    JOB EFFICIENCY REPORT (seff 10932547)                   *
*                    JOB EFFICIENCY REPORT (seff 10932547)                   *
*                    JOB EFFICIENCY REPORT (seff 10932547)                   *
*                                                                           *
*                                                                           *
*                                                                           *
*****************************************************************************
*                                                                           *
*                                                                           *
*                                                                           *
*****************************************************************************
*****************************************************************************
*****************************************************************************
*                                                                           *
*****************************************************************************
*****************************************************************************
*****************************************************************************



*                    JOB EFFICIENCY REPORT (seff 10932547)                   *



Job ID: 10932547
Job ID: 10932547
Job ID: 10932547
*                                                                           *
Job ID: 10932547
Job ID: 10932547
Job ID: 10932547
Cluster: finisterrae3
Cluster: finisterrae3
Cluster: finisterrae3
*****************************************************************************
Cluster: finisterrae3
Cluster: finisterrae3
Cluster: finisterrae3
User/Group: curso341/ulc
User/Group: curso341/ulc
User/Group: curso341/ulc

User/Group: curso341/ulc
User/Group: curso341/ulc
User/Group: curso341/ulc
State: COMPLETED (exit code 0)
State: COMPLETED (exit code 0)
State: COMPLETED (exit code 0)
Job ID: 10932547
State: COMPLETED (exit code 0)
State: COMPLETED (exit code 0)
State: COMPLETED (exit code 0)
Nodes: 7
Nodes: 7
Nodes: 7
Cluster: finisterrae3
Nodes: 7
Nodes: 7
Nodes: 7
Cores per node: 64
Cores per node: 64
Cores per node: 64
User/Group: curso341/ulc
Cores per node: 64
Cores per node: 64
Cores per node: 64
CPU Utilized: 00:17:27
CPU Utilized: 00:17:27
CPU Utilized: 00:17:27
State: COMPLETED (exit code 0)
CPU Utilized: 00:17:27
CPU Utilized: 00:17:27
CPU Utilized: 00:26:37
CPU Efficiency: 4.17% of 06:58:08 core-walltime
CPU Efficiency: 4.17% of 06:58:08 core-walltime
CPU Efficiency: 4.17% of 06:58:08 core-walltime
Nodes: 7
CPU Efficiency: 4.17% of 06:58:08 core-walltime
CPU Efficiency: 4.17% of 06:58:08 core-walltime
CPU Efficiency: 6.37% of 06:58:08 core-walltime
Job Wall-clock time: 00:00:56
Job Wall-clock time: 00:00:56
Job Wall-clock time: 00:00:56
Cores per node: 64
Job Wall-clock time: 00:00:56
Job Wall-clock time: 00:00:56
Job Wall-clock time: 00:00:56
Memory Utilized: 246.04 MB
Memory Utilized: 246.04 MB
Memory Utilized: 246.04 MB
CPU Utilized: 00:26:59
Memory Utilized: 246.04 MB
Memory Utilized: 246.04 MB
Memory Utilized: 3.31 GB
Memory Efficiency: 0.02% of 1.48 TB
Memory Efficiency: 0.02% of 1.48 TB
Memory Efficiency: 0.02% of 1.48 TB
CPU Efficiency: 6.45% of 06:58:08 core-walltime
Memory Efficiency: 0.02% of 1.48 TB
Memory Efficiency: 0.02% of 1.48 TB
Memory Efficiency: 0.22% of 1.48 TB



Job Wall-clock time: 00:00:56



 +++++++++++++++++++++++++++++++++++++++++++++++++++++++++++++++++++++++++++
 +++++++++++++++++++++++++++++++++++++++++++++++++++++++++++++++++++++++++++
 +++++++++++++++++++++++++++++++++++++++++++++++++++++++++++++++++++++++++++
Memory Utilized: 3.31 GB
 +++++++++++++++++++++++++++++++++++++++++++++++++++++++++++++++++++++++++++
 +++++++++++++++++++++++++++++++++++++++++++++++++++++++++++++++++++++++++++
 +++++++++++++++++++++++++++++++++++++++++++++++++++++++++++++++++++++++++++
 ++   Memory Efficiency is too small. Please review the requested memory. ++
 ++   Memory Efficiency is too small. Please review the requested memory. ++
 ++   Memory Efficiency is too small. Please review the requested memory. ++
Memory Efficiency: 0.22% of 1.48 TB
 ++   Memory Efficiency is too small. Please review the requested memory. ++
 ++   Memory Efficiency is too small. Please review the requested memory. ++
 ++   Memory Efficiency is too small. Please review the requested memory. ++
 ++ It seems that you do not need that much memory so we recommend        ++
 ++ It seems that you do not need that much memory so we recommend        ++
 ++ It seems that you do not need that much memory so we recommend        ++

 ++ It seems that you do not need that much memory so we recommend        ++
 ++ It seems that you do not need that much memory so we recommend        ++
 ++ It seems that you do not need that much memory so we recommend        ++
 ++ requesting less memory in other similar jobs.                         ++
 ++ requesting less memory in other similar jobs.                         ++
 ++ requesting less memory in other similar jobs.                         ++
 +++++++++++++++++++++++++++++++++++++++++++++++++++++++++++++++++++++++++++
 ++ requesting less memory in other similar jobs.                         ++
 ++ requesting less memory in other similar jobs.                         ++
 ++ requesting less memory in other similar jobs.                         ++
 +++++++++++++++++++++++++++++++++++++++++++++++++++++++++++++++++++++++++++
 +++++++++++++++++++++++++++++++++++++++++++++++++++++++++++++++++++++++++++
 +++++++++++++++++++++++++++++++++++++++++++++++++++++++++++++++++++++++++++
 ++   Memory Efficiency is too small. Please review the requested memory. ++
 +++++++++++++++++++++++++++++++++++++++++++++++++++++++++++++++++++++++++++
 +++++++++++++++++++++++++++++++++++++++++++++++++++++++++++++++++++++++++++
 +++++++++++++++++++++++++++++++++++++++++++++++++++++++++++++++++++++++++++
 
 
 
 ++ It seems that you do not need that much memory so we recommend        ++
 
 
 
*****************************************************************************
*****************************************************************************
*****************************************************************************
 ++ requesting less memory in other similar jobs.                         ++
*****************************************************************************
*****************************************************************************
*****************************************************************************



 +++++++++++++++++++++++++++++++++++++++++++++++++++++++++++++++++++++++++++



 
*****************************************************************************

