slurmstepd: info: Setting TMPDIR to /scratch/10933973. Previous errors about TMPDIR can be discarded
Slurm job started at 10/03/2025_10:49:28 PM

In transit.
Initing Ray (1 head node + 2 worker nodes + 2 simulation nodes) on nodes: 
	ilk-120 ilk-121 ilk-122 ilk-123 ilk-127
Head node: 172.30.203.24:6379


RAY_DEPLOY_TIME:     23.89142
2025-03-10 22:49:55,085	INFO packaging.py:520 -- Creating a file package for local directory '/mnt/lustre/scratch/nlsas/home/ulc/cursos/curso341/dask_on_reisa_tests/E5/DASK_ON_REISA/derivative/P4-SN2-LS268-GS1073-I10-AN2-D2025-03-10_22-48-57'.
2025-03-10 22:49:55,112	INFO packaging.py:347 -- Pushing file package 'gcs://_ray_pkg_5029c433365b6ac5.zip' (0.48MiB) to Ray cluster...
2025-03-10 22:49:55,119	INFO packaging.py:360 -- Successfully pushed file package 'gcs://_ray_pkg_5029c433365b6ac5.zip'.
RAY_INIT_TIME:       4.80092
Iter [0]
Iter [1]
Iter [2]
[2m[36m(iter_task pid=3808672, ip=10.120.203.25)[0m /home/ulc/cursos/curso341/.local/lib/python3.9/site-packages/dask/config.py:693: UserWarning: Configuration key "shuffle" has been deprecated. Please use "dataframe.shuffle.algorithm" instead
[2m[36m(iter_task pid=3808672, ip=10.120.203.25)[0m   warnings.warn(
[2m[36m(iter_task pid=3808670, ip=10.120.203.25)[0m /home/ulc/cursos/curso341/.local/lib/python3.9/site-packages/dask/config.py:693: UserWarning: Configuration key "shuffle" has been deprecated. Please use "dataframe.shuffle.algorithm" instead
[2m[36m(iter_task pid=3808670, ip=10.120.203.25)[0m   warnings.warn(
[2m[36m(iter_task pid=3808671, ip=10.120.203.25)[0m /home/ulc/cursos/curso341/.local/lib/python3.9/site-packages/dask/config.py:693: UserWarning: Configuration key "shuffle" has been deprecated. Please use "dataframe.shuffle.algorithm" instead
[2m[36m(iter_task pid=3808671, ip=10.120.203.25)[0m   warnings.warn(
[2m[36m(iter_task pid=3808673, ip=10.120.203.25)[0m /home/ulc/cursos/curso341/.local/lib/python3.9/site-packages/dask/config.py:693: UserWarning: Configuration key "shuffle" has been deprecated. Please use "dataframe.shuffle.algorithm" instead
[2m[36m(iter_task pid=3808673, ip=10.120.203.25)[0m   warnings.warn(
[2m[36m(iter_task pid=3808674, ip=10.120.203.25)[0m /home/ulc/cursos/curso341/.local/lib/python3.9/site-packages/dask/config.py:693: UserWarning: Configuration key "shuffle" has been deprecated. Please use "dataframe.shuffle.algorithm" instead
[2m[36m(iter_task pid=3808674, ip=10.120.203.25)[0m   warnings.warn(
[2m[36m(iter_task pid=3808669, ip=10.120.203.25)[0m /home/ulc/cursos/curso341/.local/lib/python3.9/site-packages/dask/config.py:693: UserWarning: Configuration key "shuffle" has been deprecated. Please use "dataframe.shuffle.algorithm" instead
[2m[36m(iter_task pid=3808669, ip=10.120.203.25)[0m   warnings.warn(
Iter [3]
Iter [4]
Iter [5]
Iter [6]
Iter [7]
Iter [8]
Iter [9]
GLOBAL_PUT_TIME:     4.317301034927368 (avg:0.43173)
ACTOR_CONCURRENCY:   8
SIMULATION_TIME:     35.788501382999996 (avg: 3.578850138300000)
SIM_WTHOUT_PDI:      26.435404382000005 (avg: 2.643540438200001)
PDI_DELAY:           9.353097000999991 (avg: 0.935309700099999)

GLOBAL_SIZE_(GiB):   1048576
LOCAL_SIZE_(MiB):    256
ITERATIONS:          10

MPI_PER_NODE:        2
MPI_PARALLELISM:     4

WORKER_NODES:        2
CPUS_PER_WORKER:     64
WORKER_PARALLELISM:  128


SLURM_JOB_ID:        10933973
EST_ANALYTICS_TIME:  65.12346 (avg:6.51235)

Slurm job finished at 10/03/2025_10:51:05 PM

*****************************************************************************
*                                                                           *
*                    JOB EFFICIENCY REPORT (seff 10933973)                   *
*                                                                           *
*****************************************************************************

Job ID: 10933973
Cluster: finisterrae3
User/Group: curso341/ulc
State: COMPLETED (exit code 0)
Nodes: 5
Cores per node: 64
CPU Utilized: 00:10:14
CPU Efficiency: 1.94% of 08:48:00 core-walltime
Job Wall-clock time: 00:01:39
Memory Utilized: 8.01 GB
Memory Efficiency: 0.74% of 1.06 TB

 +++++++++++++++++++++++++++++++++++++++++++++++++++++++++++++++++++++++++++
 ++   Memory Efficiency is too small. Please review the requested memory. ++
 ++ It seems that you do not need that much memory so we recommend        ++
 ++ requesting less memory in other similar jobs.                         ++
 +++++++++++++++++++++++++++++++++++++++++++++++++++++++++++++++++++++++++++
 
*****************************************************************************


*****************************************************************************
*                                                                           *
*                    JOB EFFICIENCY REPORT (seff 10933973)                   *
*                                                                           *
*****************************************************************************

Job ID: 10933973
Cluster: finisterrae3
User/Group: curso341/ulc
State: COMPLETED (exit code 0)
Nodes: 5
Cores per node: 64
CPU Utilized: 00:13:33
CPU Efficiency: 2.57% of 08:48:00 core-walltime
Job Wall-clock time: 00:01:39
Memory Utilized: 12.44 GB
Memory Efficiency: 1.15% of 1.06 TB

 +++++++++++++++++++++++++++++++++++++++++++++++++++++++++++++++++++++++++++
 ++   Memory Efficiency is too small. Please review the requested memory. ++
 ++ It seems that you do not need that much memory so we recommend        ++
 ++ requesting less memory in other similar jobs.                         ++
 +++++++++++++++++++++++++++++++++++++++++++++++++++++++++++++++++++++++++++
 
*****************************************************************************


*****************************************************************************
*                                                                           *
*                    JOB EFFICIENCY REPORT (seff 10933973)                   *
*                                                                           *
*****************************************************************************

Job ID: 10933973
Cluster: finisterrae3
User/Group: curso341/ulc
State: COMPLETED (exit code 0)
Nodes: 5
Cores per node: 64
CPU Utilized: 00:13:33
CPU Efficiency: 2.57% of 08:48:00 core-walltime
Job Wall-clock time: 00:01:39
Memory Utilized: 12.44 GB
Memory Efficiency: 1.15% of 1.06 TB

 +++++++++++++++++++++++++++++++++++++++++++++++++++++++++++++++++++++++++++
 ++   Memory Efficiency is too small. Please review the requested memory. ++
 ++ It seems that you do not need that much memory so we recommend        ++
 ++ requesting less memory in other similar jobs.                         ++
 +++++++++++++++++++++++++++++++++++++++++++++++++++++++++++++++++++++++++++
 
*****************************************************************************


*****************************************************************************
*                                                                           *
*                    JOB EFFICIENCY REPORT (seff 10933973)                   *
*                                                                           *
*****************************************************************************

Job ID: 10933973
Cluster: finisterrae3
User/Group: curso341/ulc
State: COMPLETED (exit code 0)
Nodes: 5
Cores per node: 64
CPU Utilized: 00:35:30
CPU Efficiency: 6.72% of 08:48:00 core-walltime
Job Wall-clock time: 00:01:39
Memory Utilized: 12.44 GB
Memory Efficiency: 1.15% of 1.06 TB

 +++++++++++++++++++++++++++++++++++++++++++++++++++++++++++++++++++++++++++
 ++   Memory Efficiency is too small. Please review the requested memory. ++
 ++ It seems that you do not need that much memory so we recommend        ++
 ++ requesting less memory in other similar jobs.                         ++
 +++++++++++++++++++++++++++++++++++++++++++++++++++++++++++++++++++++++++++
 
*****************************************************************************


*****************************************************************************
*                                                                           *
*                    JOB EFFICIENCY REPORT (seff 10933973)                   *
*                                                                           *
*****************************************************************************

Job ID: 10933973
Cluster: finisterrae3
User/Group: curso341/ulc
State: COMPLETED (exit code 0)
Nodes: 5
Cores per node: 64
CPU Utilized: 00:35:30
CPU Efficiency: 6.72% of 08:48:00 core-walltime
Job Wall-clock time: 00:01:39
Memory Utilized: 12.44 GB
Memory Efficiency: 1.15% of 1.06 TB

 +++++++++++++++++++++++++++++++++++++++++++++++++++++++++++++++++++++++++++
 ++   Memory Efficiency is too small. Please review the requested memory. ++
 ++ It seems that you do not need that much memory so we recommend        ++
 ++ requesting less memory in other similar jobs.                         ++
 +++++++++++++++++++++++++++++++++++++++++++++++++++++++++++++++++++++++++++
 
*****************************************************************************

