slurmstepd: info: Setting TMPDIR to /scratch/10932568. Previous errors about TMPDIR can be discarded
Slurm job started at 10/03/2025_07:23:44 PM

In transit.
Initing Ray (1 head node + 2 worker nodes + 4 simulation nodes) on nodes: 
	ilk-162 ilk-163 ilk-164 ilk-165 ilk-166 ilk-167 ilk-170
Head node: 172.30.204.18:6379


RAY_DEPLOY_TIME:     24.11358
RAY_INIT_TIME:       4.58389
Iter [0]
2025-03-10 19:24:16,153	INFO packaging.py:520 -- Creating a file package for local directory '/mnt/lustre/scratch/nlsas/home/ulc/cursos/curso341/dask_on_reisa_tests/E5/REISA_ONE_ACTOR/derivative/P128-SN4-LS1-GS134-I10-AN2-D2025-03-10_18-37-49'.
2025-03-10 19:24:16,179	INFO packaging.py:347 -- Pushing file package 'gcs://_ray_pkg_80533f1ec86ac15b.zip' (0.48MiB) to Ray cluster...
2025-03-10 19:24:16,185	INFO packaging.py:360 -- Successfully pushed file package 'gcs://_ray_pkg_80533f1ec86ac15b.zip'.
Iter [1]
Iter [2]
Iter [3]
Iter [4]
Iter [5]
Iter [6]
Iter [7]
Iter [8]
Iter [9]
GLOBAL_PUT_TIME:     0.03461909294128418 (avg:0.00346)
ACTOR_CONCURRENCY:   8
EST_ANALYTICS_TIME:  23.74103 (avg:2.37410)
SIMULATION_TIME:     26.777166901999998 (avg: 2.677716690200000)
SIM_WTHOUT_PDI:      13.256386687000006 (avg: 1.325638668700001)
PDI_DELAY:           13.520780214999991 (avg: 1.352078021499999)

GLOBAL_SIZE_(GiB):   131072
LOCAL_SIZE_(MiB):    1
ITERATIONS:          10

MPI_PER_NODE:        32
MPI_PARALLELISM:     128

WORKER_NODES:        2
CPUS_PER_WORKER:     64
WORKER_PARALLELISM:  128


SLURM_JOB_ID:        10932568

Slurm job finished at 10/03/2025_07:24:44 PM

*****************************************************************************
*                                                                           *
*                    JOB EFFICIENCY REPORT (seff 10932568)                   *
*                                                                           *
*****************************************************************************

Job ID: 10932568
Cluster: finisterrae3
User/Group: curso341/ulc
State: COMPLETED (exit code 0)
Nodes: 7
Cores per node: 64
CPU Utilized: 00:37:37
CPU Efficiency: 8.13% of 07:42:56 core-walltime
Job Wall-clock time: 00:01:02
Memory Utilized: 1.26 GB
Memory Efficiency: 0.08% of 1.48 TB

 +++++++++++++++++++++++++++++++++++++++++++++++++++++++++++++++++++++++++++
 ++   Memory Efficiency is too small. Please review the requested memory. ++
 ++ It seems that you do not need that much memory so we recommend        ++
 ++ requesting less memory in other similar jobs.                         ++
 +++++++++++++++++++++++++++++++++++++++++++++++++++++++++++++++++++++++++++
 
*****************************************************************************


*****************************************************************************
*                                                                           *
*                    JOB EFFICIENCY REPORT (seff 10932568)                   *
*                                                                           *
*****************************************************************************

Job ID: 10932568
Cluster: finisterrae3
User/Group: curso341/ulc
State: COMPLETED (exit code 0)
Nodes: 7
Cores per node: 64
CPU Utilized: 00:37:37
CPU Efficiency: 8.13% of 07:42:56 core-walltime
Job Wall-clock time: 00:01:02
Memory Utilized: 1.26 GB
Memory Efficiency: 0.08% of 1.48 TB

 +++++++++++++++++++++++++++++++++++++++++++++++++++++++++++++++++++++++++++
 ++   Memory Efficiency is too small. Please review the requested memory. ++
 ++ It seems that you do not need that much memory so we recommend        ++
 ++ requesting less memory in other similar jobs.                         ++
 +++++++++++++++++++++++++++++++++++++++++++++++++++++++++++++++++++++++++++
 
*****************************************************************************


*****************************************************************************
*                                                                           *
*                    JOB EFFICIENCY REPORT (seff 10932568)                   *
*                                                                           *
*****************************************************************************

Job ID: 10932568
Cluster: finisterrae3
User/Group: curso341/ulc
State: COMPLETED (exit code 0)
Nodes: 7
Cores per node: 64
CPU Utilized: 00:37:37
CPU Efficiency: 8.13% of 07:42:56 core-walltime
Job Wall-clock time: 00:01:02
Memory Utilized: 1.26 GB
Memory Efficiency: 0.08% of 1.48 TB

 +++++++++++++++++++++++++++++++++++++++++++++++++++++++++++++++++++++++++++
 ++   Memory Efficiency is too small. Please review the requested memory. ++
 ++ It seems that you do not need that much memory so we recommend        ++
 ++ requesting less memory in other similar jobs.                         ++
 +++++++++++++++++++++++++++++++++++++++++++++++++++++++++++++++++++++++++++
 
*****************************************************************************


*****************************************************************************
*                                                                           *
*                    JOB EFFICIENCY REPORT (seff 10932568)                   *
*                                                                           *
*****************************************************************************

Job ID: 10932568
Cluster: finisterrae3
User/Group: curso341/ulc
State: COMPLETED (exit code 0)
Nodes: 7
Cores per node: 64
CPU Utilized: 00:37:37
CPU Efficiency: 8.13% of 07:42:56 core-walltime
Job Wall-clock time: 00:01:02
Memory Utilized: 1.26 GB
Memory Efficiency: 0.08% of 1.48 TB

 +++++++++++++++++++++++++++++++++++++++++++++++++++++++++++++++++++++++++++
 ++   Memory Efficiency is too small. Please review the requested memory. ++
 ++ It seems that you do not need that much memory so we recommend        ++
 ++ requesting less memory in other similar jobs.                         ++
 +++++++++++++++++++++++++++++++++++++++++++++++++++++++++++++++++++++++++++
 
*****************************************************************************


*****************************************************************************
*                                                                           *
*                    JOB EFFICIENCY REPORT (seff 10932568)                   *
*                                                                           *
*****************************************************************************

Job ID: 10932568
Cluster: finisterrae3
User/Group: curso341/ulc
State: COMPLETED (exit code 0)
Nodes: 7
Cores per node: 64
CPU Utilized: 00:37:37
CPU Efficiency: 8.13% of 07:42:56 core-walltime
Job Wall-clock time: 00:01:02
Memory Utilized: 1.26 GB
Memory Efficiency: 0.08% of 1.48 TB

 +++++++++++++++++++++++++++++++++++++++++++++++++++++++++++++++++++++++++++
 ++   Memory Efficiency is too small. Please review the requested memory. ++
 ++ It seems that you do not need that much memory so we recommend        ++
 ++ requesting less memory in other similar jobs.                         ++
 +++++++++++++++++++++++++++++++++++++++++++++++++++++++++++++++++++++++++++
 
*****************************************************************************


*****************************************************************************
*                                                                           *
*                    JOB EFFICIENCY REPORT (seff 10932568)                   *
*                                                                           *
*****************************************************************************

Job ID: 10932568
Cluster: finisterrae3
User/Group: curso341/ulc
State: COMPLETED (exit code 0)
Nodes: 7
Cores per node: 64
CPU Utilized: 00:37:37
CPU Efficiency: 8.13% of 07:42:56 core-walltime
Job Wall-clock time: 00:01:02
Memory Utilized: 1.26 GB
Memory Efficiency: 0.08% of 1.48 TB

 +++++++++++++++++++++++++++++++++++++++++++++++++++++++++++++++++++++++++++
 ++   Memory Efficiency is too small. Please review the requested memory. ++
 ++ It seems that you do not need that much memory so we recommend        ++
 ++ requesting less memory in other similar jobs.                         ++
 +++++++++++++++++++++++++++++++++++++++++++++++++++++++++++++++++++++++++++
 
*****************************************************************************


*****************************************************************************
*                                                                           *
*                    JOB EFFICIENCY REPORT (seff 10932568)                   *
*                                                                           *
*****************************************************************************

Job ID: 10932568
Cluster: finisterrae3
User/Group: curso341/ulc
State: COMPLETED (exit code 0)
Nodes: 7
Cores per node: 64
CPU Utilized: 00:37:58
CPU Efficiency: 8.20% of 07:42:56 core-walltime
Job Wall-clock time: 00:01:02
Memory Utilized: 1.26 GB
Memory Efficiency: 0.08% of 1.48 TB

 +++++++++++++++++++++++++++++++++++++++++++++++++++++++++++++++++++++++++++
 ++   Memory Efficiency is too small. Please review the requested memory. ++
 ++ It seems that you do not need that much memory so we recommend        ++
 ++ requesting less memory in other similar jobs.                         ++
 +++++++++++++++++++++++++++++++++++++++++++++++++++++++++++++++++++++++++++
 
*****************************************************************************

