slurmstepd: info: Setting TMPDIR to /scratch/10932551. Previous errors about TMPDIR can be discarded
Slurm job started at 10/03/2025_07:02:49 PM

In transit.
Initing Ray (1 head node + 2 worker nodes + 4 simulation nodes) on nodes: 
	ilk-145 ilk-146 ilk-147 ilk-148 ilk-150 ilk-151 ilk-152
Head node: 172.30.204.1:6379


RAY_DEPLOY_TIME:     24.24624
RAY_INIT_TIME:       4.68089
Iter [0]
Iter [2]
Iter [4]
2025-03-10 19:03:23,108	INFO packaging.py:520 -- Creating a file package for local directory '/mnt/lustre/scratch/nlsas/home/ulc/cursos/curso341/dask_on_reisa_tests/E5/REISA/reduction/P128-SN4-LS1-GS134-I20-AN2-D2025-03-10_18-36-35'.
2025-03-10 19:03:23,136	INFO packaging.py:347 -- Pushing file package 'gcs://_ray_pkg_ba9f110231019868.zip' (0.48MiB) to Ray cluster...
2025-03-10 19:03:23,143	INFO packaging.py:360 -- Successfully pushed file package 'gcs://_ray_pkg_ba9f110231019868.zip'.
Iter [6]
Iter [8]
Iter [10]
Iter [12]
Iter [14]
Iter [16]
Iter [18]
GLOBAL_PUT_TIME:     0.07588481903076172 (avg:0.00379)
ACTOR_CONCURRENCY:   8
SIMULATION_TIME:     10.228316235000001 (avg: 0.511415811750000)
SIM_WTHOUT_PDI:      2.613695813000001 (avg: 0.130684790650000)
PDI_DELAY:           7.614620422000001 (avg: 0.380731021100000)

GLOBAL_SIZE_(GiB):   131072
LOCAL_SIZE_(MiB):    1
ITERATIONS:          20

MPI_PER_NODE:        32
MPI_PARALLELISM:     128

WORKER_NODES:        2
CPUS_PER_WORKER:     64
WORKER_PARALLELISM:  128


SLURM_JOB_ID:        10932551
EST_ANALYTICS_TIME:  13.91842 (avg:0.69592)

Slurm job finished at 10/03/2025_07:03:43 PM






*****************************************************************************
*****************************************************************************
*****************************************************************************
*****************************************************************************
*****************************************************************************
*****************************************************************************
*                                                                           *
*                                                                           *
*                                                                           *
*                                                                           *
*                                                                           *
*                                                                           *
*                    JOB EFFICIENCY REPORT (seff 10932551)                   *
*                    JOB EFFICIENCY REPORT (seff 10932551)                   *
*                    JOB EFFICIENCY REPORT (seff 10932551)                   *
*                    JOB EFFICIENCY REPORT (seff 10932551)                   *
*                    JOB EFFICIENCY REPORT (seff 10932551)                   *
*                    JOB EFFICIENCY REPORT (seff 10932551)                   *
*                                                                           *
*                                                                           *
*                                                                           *
*                                                                           *
*                                                                           *
*                                                                           *
*****************************************************************************
*****************************************************************************
*****************************************************************************
*****************************************************************************
*****************************************************************************
*****************************************************************************






Job ID: 10932551
Job ID: 10932551
Job ID: 10932551
Job ID: 10932551
Job ID: 10932551
Job ID: 10932551
Cluster: finisterrae3
Cluster: finisterrae3
Cluster: finisterrae3
Cluster: finisterrae3
Cluster: finisterrae3
Cluster: finisterrae3
User/Group: curso341/ulc
User/Group: curso341/ulc
User/Group: curso341/ulc
User/Group: curso341/ulc
User/Group: curso341/ulc
User/Group: curso341/ulc
State: COMPLETED (exit code 0)
State: COMPLETED (exit code 0)
State: COMPLETED (exit code 0)
State: COMPLETED (exit code 0)
State: COMPLETED (exit code 0)
State: COMPLETED (exit code 0)
Nodes: 7
Nodes: 7
Nodes: 7
Nodes: 7
Nodes: 7
Nodes: 7
Cores per node: 64
Cores per node: 64
Cores per node: 64
Cores per node: 64
Cores per node: 64
Cores per node: 64
CPU Utilized: 00:31:01
CPU Utilized: 00:31:01
CPU Utilized: 00:31:01
CPU Utilized: 00:31:01
CPU Utilized: 00:31:01
CPU Utilized: 00:31:01
CPU Efficiency: 7.55% of 06:50:40 core-walltime
CPU Efficiency: 7.55% of 06:50:40 core-walltime
CPU Efficiency: 7.55% of 06:50:40 core-walltime
CPU Efficiency: 7.55% of 06:50:40 core-walltime
CPU Efficiency: 7.55% of 06:50:40 core-walltime
CPU Efficiency: 7.55% of 06:50:40 core-walltime
Job Wall-clock time: 00:00:55
Job Wall-clock time: 00:00:55
Job Wall-clock time: 00:00:55
Job Wall-clock time: 00:00:55
Job Wall-clock time: 00:00:55
Job Wall-clock time: 00:00:55
Memory Utilized: 1009.04 MB
Memory Utilized: 1009.04 MB
Memory Utilized: 1009.04 MB
Memory Utilized: 1009.04 MB
Memory Utilized: 1009.04 MB
Memory Utilized: 1009.04 MB
Memory Efficiency: 0.06% of 1.48 TB
Memory Efficiency: 0.06% of 1.48 TB
Memory Efficiency: 0.06% of 1.48 TB
Memory Efficiency: 0.06% of 1.48 TB
Memory Efficiency: 0.06% of 1.48 TB
Memory Efficiency: 0.06% of 1.48 TB






 +++++++++++++++++++++++++++++++++++++++++++++++++++++++++++++++++++++++++++
 +++++++++++++++++++++++++++++++++++++++++++++++++++++++++++++++++++++++++++
 +++++++++++++++++++++++++++++++++++++++++++++++++++++++++++++++++++++++++++
 +++++++++++++++++++++++++++++++++++++++++++++++++++++++++++++++++++++++++++
 +++++++++++++++++++++++++++++++++++++++++++++++++++++++++++++++++++++++++++
 +++++++++++++++++++++++++++++++++++++++++++++++++++++++++++++++++++++++++++
 ++   Memory Efficiency is too small. Please review the requested memory. ++
 ++   Memory Efficiency is too small. Please review the requested memory. ++
 ++   Memory Efficiency is too small. Please review the requested memory. ++
 ++   Memory Efficiency is too small. Please review the requested memory. ++
 ++   Memory Efficiency is too small. Please review the requested memory. ++
 ++   Memory Efficiency is too small. Please review the requested memory. ++
 ++ It seems that you do not need that much memory so we recommend        ++
 ++ It seems that you do not need that much memory so we recommend        ++
 ++ It seems that you do not need that much memory so we recommend        ++
 ++ It seems that you do not need that much memory so we recommend        ++
 ++ It seems that you do not need that much memory so we recommend        ++
 ++ It seems that you do not need that much memory so we recommend        ++
 ++ requesting less memory in other similar jobs.                         ++
 ++ requesting less memory in other similar jobs.                         ++
 ++ requesting less memory in other similar jobs.                         ++
 ++ requesting less memory in other similar jobs.                         ++
 ++ requesting less memory in other similar jobs.                         ++
 ++ requesting less memory in other similar jobs.                         ++
 +++++++++++++++++++++++++++++++++++++++++++++++++++++++++++++++++++++++++++
 +++++++++++++++++++++++++++++++++++++++++++++++++++++++++++++++++++++++++++
 +++++++++++++++++++++++++++++++++++++++++++++++++++++++++++++++++++++++++++
 +++++++++++++++++++++++++++++++++++++++++++++++++++++++++++++++++++++++++++
 +++++++++++++++++++++++++++++++++++++++++++++++++++++++++++++++++++++++++++
 +++++++++++++++++++++++++++++++++++++++++++++++++++++++++++++++++++++++++++
 
 
 
 
 
 
*****************************************************************************
*****************************************************************************
*****************************************************************************
*****************************************************************************
*****************************************************************************
*****************************************************************************







*****************************************************************************
*                                                                           *
*                    JOB EFFICIENCY REPORT (seff 10932551)                   *
*                                                                           *
*****************************************************************************

Job ID: 10932551
Cluster: finisterrae3
User/Group: curso341/ulc
State: COMPLETED (exit code 0)
Nodes: 7
Cores per node: 64
CPU Utilized: 00:31:24
CPU Efficiency: 7.65% of 06:50:40 core-walltime
Job Wall-clock time: 00:00:55
Memory Utilized: 1009.04 MB
Memory Efficiency: 0.06% of 1.48 TB

 +++++++++++++++++++++++++++++++++++++++++++++++++++++++++++++++++++++++++++
 ++   Memory Efficiency is too small. Please review the requested memory. ++
 ++ It seems that you do not need that much memory so we recommend        ++
 ++ requesting less memory in other similar jobs.                         ++
 +++++++++++++++++++++++++++++++++++++++++++++++++++++++++++++++++++++++++++
 
*****************************************************************************

