slurmstepd: info: Setting TMPDIR to /scratch/10927285. Previous errors about TMPDIR can be discarded
Slurm job started at 10/03/2025_08:51:43 AM

In transit.
Initing Ray (1 head node + 8 worker nodes + 8 simulation nodes) on nodes: 
	ilk-150 ilk-151 ilk-152 ilk-153 ilk-154 ilk-155 ilk-156 ilk-163 ilk-164 ilk-165 ilk-166 ilk-167 ilk-170 ilk-171 ilk-172 ilk-173 ilk-175
Head node: 172.30.204.6:6379


RAY_DEPLOY_TIME:     23.86485
2025-03-10 08:52:09,496	INFO packaging.py:520 -- Creating a file package for local directory '/mnt/lustre/scratch/nlsas/home/ulc/cursos/curso341/dask_on_reisa_tests/E4/DASK_ON_REISA/derivative/P16-SN8-LS536-GS8589-I10-AN8-D2025-03-10_08-46-28'.
2025-03-10 08:52:09,523	INFO packaging.py:347 -- Pushing file package 'gcs://_ray_pkg_6cf46d407bbc1849.zip' (0.48MiB) to Ray cluster...
2025-03-10 08:52:09,530	INFO packaging.py:360 -- Successfully pushed file package 'gcs://_ray_pkg_6cf46d407bbc1849.zip'.
RAY_INIT_TIME:       3.91043
Iter [0]
[2m[36m(iter_task pid=25099, ip=10.120.204.12)[0m /home/ulc/cursos/curso341/.local/lib/python3.9/site-packages/dask/config.py:693: UserWarning: Configuration key "shuffle" has been deprecated. Please use "dataframe.shuffle.algorithm" instead
[2m[36m(iter_task pid=25099, ip=10.120.204.12)[0m   warnings.warn(
[2m[36m(iter_task pid=2613295, ip=10.120.204.20)[0m /home/ulc/cursos/curso341/.local/lib/python3.9/site-packages/dask/config.py:693: UserWarning: Configuration key "shuffle" has been deprecated. Please use "dataframe.shuffle.algorithm" instead
[2m[36m(iter_task pid=2613295, ip=10.120.204.20)[0m   warnings.warn(
Iter [1]
[2m[36m(iter_task pid=3318507, ip=10.120.204.8)[0m /home/ulc/cursos/curso341/.local/lib/python3.9/site-packages/dask/config.py:693: UserWarning: Configuration key "shuffle" has been deprecated. Please use "dataframe.shuffle.algorithm" instead
[2m[36m(iter_task pid=3318507, ip=10.120.204.8)[0m   warnings.warn(
[2m[36m(iter_task pid=3318506, ip=10.120.204.8)[0m /home/ulc/cursos/curso341/.local/lib/python3.9/site-packages/dask/config.py:693: UserWarning: Configuration key "shuffle" has been deprecated. Please use "dataframe.shuffle.algorithm" instead
[2m[36m(iter_task pid=3318506, ip=10.120.204.8)[0m   warnings.warn(
[2m[36m(iter_task pid=3318509, ip=10.120.204.8)[0m /home/ulc/cursos/curso341/.local/lib/python3.9/site-packages/dask/config.py:693: UserWarning: Configuration key "shuffle" has been deprecated. Please use "dataframe.shuffle.algorithm" instead
[2m[36m(iter_task pid=3318509, ip=10.120.204.8)[0m   warnings.warn(
[2m[36m(iter_task pid=3318508, ip=10.120.204.8)[0m /home/ulc/cursos/curso341/.local/lib/python3.9/site-packages/dask/config.py:693: UserWarning: Configuration key "shuffle" has been deprecated. Please use "dataframe.shuffle.algorithm" instead
[2m[36m(iter_task pid=3318508, ip=10.120.204.8)[0m   warnings.warn(
Iter [2]
Iter [3]
Iter [4]
Iter [5]
Iter [6]
Iter [7]
Iter [8]
Iter [9]
GLOBAL_PUT_TIME:     8.555960893630981 (avg:0.85560)
ACTOR_CONCURRENCY:   8
SIMULATION_TIME:     66.666071673000005 (avg: 6.666607167300000)
SIM_WTHOUT_PDI:      53.425482490999990 (avg: 5.342548249099999)
PDI_DELAY:           13.240589182000015 (avg: 1.324058918200002)

GLOBAL_SIZE_(GiB):   8388608
LOCAL_SIZE_(MiB):    512
ITERATIONS:          10

MPI_PER_NODE:        2
MPI_PARALLELISM:     16

WORKER_NODES:        8
CPUS_PER_WORKER:     64
WORKER_PARALLELISM:  512


SLURM_JOB_ID:        10927285
EST_ANALYTICS_TIME:  602.93890 (avg:60.29389)

Slurm job finished at 10/03/2025_09:02:16 AM

*****************************************************************************
*                                                                           *
*                    JOB EFFICIENCY REPORT (seff 10927285)                   *
*                                                                           *
*****************************************************************************

Job ID: 10927285
Cluster: finisterrae3
User/Group: curso341/ulc
State: COMPLETED (exit code 0)
Nodes: 17
Cores per node: 64
CPU Utilized: 00:17:30
CPU Efficiency: 0.15% of 7-23:54:40 core-walltime
Job Wall-clock time: 00:10:35
Memory Utilized: 20.08 GB (estimated maximum)
Memory Efficiency: 0.54% of 3.60 TB (3.39 GB/core)

 +++++++++++++++++++++++++++++++++++++++++++++++++++++++++++++++++++++++++++
 ++   Memory Efficiency is too small. Please review the requested memory. ++
 ++ It seems that you do not need that much memory so we recommend        ++
 ++ requesting less memory in other similar jobs.                         ++
 +++++++++++++++++++++++++++++++++++++++++++++++++++++++++++++++++++++++++++
 
*****************************************************************************



*****************************************************************************
*****************************************************************************
*                                                                           *
*                                                                           *
*                    JOB EFFICIENCY REPORT (seff 10927285)                   *
*                    JOB EFFICIENCY REPORT (seff 10927285)                   *
*                                                                           *
*                                                                           *
*****************************************************************************
*****************************************************************************


Job ID: 10927285
Job ID: 10927285
Cluster: finisterrae3
Cluster: finisterrae3
User/Group: curso341/ulc
User/Group: curso341/ulc
State: COMPLETED (exit code 0)
State: COMPLETED (exit code 0)
Nodes: 17
Nodes: 17
Cores per node: 64
Cores per node: 64
CPU Utilized: 00:17:30
CPU Utilized: 00:17:30
CPU Efficiency: 0.15% of 7-23:54:40 core-walltime
CPU Efficiency: 0.15% of 7-23:54:40 core-walltime
Job Wall-clock time: 00:10:35
Job Wall-clock time: 00:10:35
Memory Utilized: 20.08 GB (estimated maximum)
Memory Utilized: 20.08 GB (estimated maximum)
Memory Efficiency: 0.54% of 3.60 TB (3.39 GB/core)
Memory Efficiency: 0.54% of 3.60 TB (3.39 GB/core)


 +++++++++++++++++++++++++++++++++++++++++++++++++++++++++++++++++++++++++++
 +++++++++++++++++++++++++++++++++++++++++++++++++++++++++++++++++++++++++++
 ++   Memory Efficiency is too small. Please review the requested memory. ++
 ++   Memory Efficiency is too small. Please review the requested memory. ++
 ++ It seems that you do not need that much memory so we recommend        ++
 ++ It seems that you do not need that much memory so we recommend        ++
 ++ requesting less memory in other similar jobs.                         ++
 ++ requesting less memory in other similar jobs.                         ++
 +++++++++++++++++++++++++++++++++++++++++++++++++++++++++++++++++++++++++++
 +++++++++++++++++++++++++++++++++++++++++++++++++++++++++++++++++++++++++++
 
 
*****************************************************************************
*****************************************************************************



*****************************************************************************
*                                                                           *
*                    JOB EFFICIENCY REPORT (seff 10927285)                   *
*                                                                           *
*****************************************************************************

Job ID: 10927285
Cluster: finisterrae3
User/Group: curso341/ulc
State: COMPLETED (exit code 0)
Nodes: 17
Cores per node: 64
CPU Utilized: 00:18:24
CPU Efficiency: 0.16% of 7-23:54:40 core-walltime
Job Wall-clock time: 00:10:35
Memory Utilized: 20.08 GB (estimated maximum)
Memory Efficiency: 0.54% of 3.60 TB (3.39 GB/core)

 +++++++++++++++++++++++++++++++++++++++++++++++++++++++++++++++++++++++++++
 ++   Memory Efficiency is too small. Please review the requested memory. ++
 ++ It seems that you do not need that much memory so we recommend        ++
 ++ requesting less memory in other similar jobs.                         ++
 +++++++++++++++++++++++++++++++++++++++++++++++++++++++++++++++++++++++++++
 
*****************************************************************************


*****************************************************************************
*                                                                           *
*                    JOB EFFICIENCY REPORT (seff 10927285)                   *
*                                                                           *
*****************************************************************************

Job ID: 10927285
Cluster: finisterrae3
User/Group: curso341/ulc
State: COMPLETED (exit code 0)
Nodes: 17
Cores per node: 64
CPU Utilized: 01:29:01
CPU Efficiency: 0.77% of 7-23:54:40 core-walltime
Job Wall-clock time: 00:10:35
Memory Utilized: 32.80 GB
Memory Efficiency: 0.89% of 3.60 TB

 +++++++++++++++++++++++++++++++++++++++++++++++++++++++++++++++++++++++++++
 ++   Memory Efficiency is too small. Please review the requested memory. ++
 ++ It seems that you do not need that much memory so we recommend        ++
 ++ requesting less memory in other similar jobs.                         ++
 +++++++++++++++++++++++++++++++++++++++++++++++++++++++++++++++++++++++++++
 
*****************************************************************************


*****************************************************************************
*                                                                           *
*                    JOB EFFICIENCY REPORT (seff 10927285)                   *
*                                                                           *
*****************************************************************************

Job ID: 10927285
Cluster: finisterrae3
User/Group: curso341/ulc
State: COMPLETED (exit code 0)
Nodes: 17
Cores per node: 64
CPU Utilized: 01:29:01
CPU Efficiency: 0.77% of 7-23:54:40 core-walltime
Job Wall-clock time: 00:10:35
Memory Utilized: 32.80 GB
Memory Efficiency: 0.89% of 3.60 TB

 +++++++++++++++++++++++++++++++++++++++++++++++++++++++++++++++++++++++++++
 ++   Memory Efficiency is too small. Please review the requested memory. ++
 ++ It seems that you do not need that much memory so we recommend        ++
 ++ requesting less memory in other similar jobs.                         ++
 +++++++++++++++++++++++++++++++++++++++++++++++++++++++++++++++++++++++++++
 
*****************************************************************************


*****************************************************************************
*                                                                           *
*                    JOB EFFICIENCY REPORT (seff 10927285)                   *
*                                                                           *
*****************************************************************************

Job ID: 10927285
Cluster: finisterrae3
User/Group: curso341/ulc
State: COMPLETED (exit code 0)
Nodes: 17
Cores per node: 64
CPU Utilized: 01:29:01
CPU Efficiency: 0.77% of 7-23:54:40 core-walltime
Job Wall-clock time: 00:10:35
Memory Utilized: 32.80 GB
Memory Efficiency: 0.89% of 3.60 TB

 +++++++++++++++++++++++++++++++++++++++++++++++++++++++++++++++++++++++++++
 ++   Memory Efficiency is too small. Please review the requested memory. ++
 ++ It seems that you do not need that much memory so we recommend        ++
 ++ requesting less memory in other similar jobs.                         ++
 +++++++++++++++++++++++++++++++++++++++++++++++++++++++++++++++++++++++++++
 
*****************************************************************************


*****************************************************************************
*                                                                           *
*                    JOB EFFICIENCY REPORT (seff 10927285)                   *
*                                                                           *
*****************************************************************************

Job ID: 10927285
Cluster: finisterrae3
User/Group: curso341/ulc
State: COMPLETED (exit code 0)
Nodes: 17
Cores per node: 64
CPU Utilized: 01:29:01
CPU Efficiency: 0.77% of 7-23:54:40 core-walltime
Job Wall-clock time: 00:10:35
Memory Utilized: 32.80 GB
Memory Efficiency: 0.89% of 3.60 TB

 +++++++++++++++++++++++++++++++++++++++++++++++++++++++++++++++++++++++++++
 ++   Memory Efficiency is too small. Please review the requested memory. ++
 ++ It seems that you do not need that much memory so we recommend        ++
 ++ requesting less memory in other similar jobs.                         ++
 +++++++++++++++++++++++++++++++++++++++++++++++++++++++++++++++++++++++++++
 
*****************************************************************************


*****************************************************************************
*                                                                           *
*                    JOB EFFICIENCY REPORT (seff 10927285)                   *
*                                                                           *
*****************************************************************************

Job ID: 10927285
Cluster: finisterrae3
User/Group: curso341/ulc
State: COMPLETED (exit code 0)
Nodes: 17
Cores per node: 64
CPU Utilized: 01:29:01
CPU Efficiency: 0.77% of 7-23:54:40 core-walltime
Job Wall-clock time: 00:10:35
Memory Utilized: 32.80 GB
Memory Efficiency: 0.89% of 3.60 TB

 +++++++++++++++++++++++++++++++++++++++++++++++++++++++++++++++++++++++++++
 ++   Memory Efficiency is too small. Please review the requested memory. ++
 ++ It seems that you do not need that much memory so we recommend        ++
 ++ requesting less memory in other similar jobs.                         ++
 +++++++++++++++++++++++++++++++++++++++++++++++++++++++++++++++++++++++++++
 
*****************************************************************************


*****************************************************************************
*                                                                           *
*                    JOB EFFICIENCY REPORT (seff 10927285)                   *
*                                                                           *
*****************************************************************************

Job ID: 10927285
Cluster: finisterrae3
User/Group: curso341/ulc
State: COMPLETED (exit code 0)
Nodes: 17
Cores per node: 64
CPU Utilized: 01:29:01
CPU Efficiency: 0.77% of 7-23:54:40 core-walltime
Job Wall-clock time: 00:10:35
Memory Utilized: 32.80 GB
Memory Efficiency: 0.89% of 3.60 TB

 +++++++++++++++++++++++++++++++++++++++++++++++++++++++++++++++++++++++++++
 ++   Memory Efficiency is too small. Please review the requested memory. ++
 ++ It seems that you do not need that much memory so we recommend        ++
 ++ requesting less memory in other similar jobs.                         ++
 +++++++++++++++++++++++++++++++++++++++++++++++++++++++++++++++++++++++++++
 
*****************************************************************************


*****************************************************************************
*                                                                           *
*                    JOB EFFICIENCY REPORT (seff 10927285)                   *
*                                                                           *
*****************************************************************************

Job ID: 10927285
Cluster: finisterrae3
User/Group: curso341/ulc
State: COMPLETED (exit code 0)
Nodes: 17
Cores per node: 64
CPU Utilized: 01:29:01
CPU Efficiency: 0.77% of 7-23:54:40 core-walltime
Job Wall-clock time: 00:10:35
Memory Utilized: 32.80 GB
Memory Efficiency: 0.89% of 3.60 TB

 +++++++++++++++++++++++++++++++++++++++++++++++++++++++++++++++++++++++++++
 ++   Memory Efficiency is too small. Please review the requested memory. ++
 ++ It seems that you do not need that much memory so we recommend        ++
 ++ requesting less memory in other similar jobs.                         ++
 +++++++++++++++++++++++++++++++++++++++++++++++++++++++++++++++++++++++++++
 
*****************************************************************************


*****************************************************************************
*                                                                           *
*                    JOB EFFICIENCY REPORT (seff 10927285)                   *
*                                                                           *
*****************************************************************************

Job ID: 10927285
Cluster: finisterrae3
User/Group: curso341/ulc
State: COMPLETED (exit code 0)
Nodes: 17
Cores per node: 64
CPU Utilized: 01:29:01
CPU Efficiency: 0.77% of 7-23:54:40 core-walltime
Job Wall-clock time: 00:10:35
Memory Utilized: 32.80 GB
Memory Efficiency: 0.89% of 3.60 TB

 +++++++++++++++++++++++++++++++++++++++++++++++++++++++++++++++++++++++++++
 ++   Memory Efficiency is too small. Please review the requested memory. ++
 ++ It seems that you do not need that much memory so we recommend        ++
 ++ requesting less memory in other similar jobs.                         ++
 +++++++++++++++++++++++++++++++++++++++++++++++++++++++++++++++++++++++++++
 
*****************************************************************************


*****************************************************************************
*                                                                           *
*                    JOB EFFICIENCY REPORT (seff 10927285)                   *
*                                                                           *
*****************************************************************************

Job ID: 10927285
Cluster: finisterrae3
User/Group: curso341/ulc
State: COMPLETED (exit code 0)
Nodes: 17
Cores per node: 64
CPU Utilized: 01:29:01
CPU Efficiency: 0.77% of 7-23:54:40 core-walltime
Job Wall-clock time: 00:10:35
Memory Utilized: 32.80 GB
Memory Efficiency: 0.89% of 3.60 TB

 +++++++++++++++++++++++++++++++++++++++++++++++++++++++++++++++++++++++++++
 ++   Memory Efficiency is too small. Please review the requested memory. ++
 ++ It seems that you do not need that much memory so we recommend        ++
 ++ requesting less memory in other similar jobs.                         ++
 +++++++++++++++++++++++++++++++++++++++++++++++++++++++++++++++++++++++++++
 
*****************************************************************************


*****************************************************************************
*                                                                           *
*                    JOB EFFICIENCY REPORT (seff 10927285)                   *
*                                                                           *
*****************************************************************************

Job ID: 10927285
Cluster: finisterrae3
User/Group: curso341/ulc
State: COMPLETED (exit code 0)
Nodes: 17
Cores per node: 64
CPU Utilized: 01:29:01
CPU Efficiency: 0.77% of 7-23:54:40 core-walltime
Job Wall-clock time: 00:10:35
Memory Utilized: 32.80 GB
Memory Efficiency: 0.89% of 3.60 TB

 +++++++++++++++++++++++++++++++++++++++++++++++++++++++++++++++++++++++++++
 ++   Memory Efficiency is too small. Please review the requested memory. ++
 ++ It seems that you do not need that much memory so we recommend        ++
 ++ requesting less memory in other similar jobs.                         ++
 +++++++++++++++++++++++++++++++++++++++++++++++++++++++++++++++++++++++++++
 
*****************************************************************************


*****************************************************************************
*                                                                           *
*                    JOB EFFICIENCY REPORT (seff 10927285)                   *
*                                                                           *
*****************************************************************************

Job ID: 10927285
Cluster: finisterrae3
User/Group: curso341/ulc
State: COMPLETED (exit code 0)
Nodes: 17
Cores per node: 64
CPU Utilized: 02:41:59
CPU Efficiency: 1.41% of 7-23:54:40 core-walltime
Job Wall-clock time: 00:10:35
Memory Utilized: 32.80 GB
Memory Efficiency: 0.89% of 3.60 TB

 +++++++++++++++++++++++++++++++++++++++++++++++++++++++++++++++++++++++++++
 ++   Memory Efficiency is too small. Please review the requested memory. ++
 ++ It seems that you do not need that much memory so we recommend        ++
 ++ requesting less memory in other similar jobs.                         ++
 +++++++++++++++++++++++++++++++++++++++++++++++++++++++++++++++++++++++++++
 
*****************************************************************************


*****************************************************************************
*                                                                           *
*                    JOB EFFICIENCY REPORT (seff 10927285)                   *
*                                                                           *
*****************************************************************************

Job ID: 10927285
Cluster: finisterrae3
User/Group: curso341/ulc
State: COMPLETED (exit code 0)
Nodes: 17
Cores per node: 64
CPU Utilized: 02:41:59
CPU Efficiency: 1.41% of 7-23:54:40 core-walltime
Job Wall-clock time: 00:10:35
Memory Utilized: 32.80 GB
Memory Efficiency: 0.89% of 3.60 TB

 +++++++++++++++++++++++++++++++++++++++++++++++++++++++++++++++++++++++++++
 ++   Memory Efficiency is too small. Please review the requested memory. ++
 ++ It seems that you do not need that much memory so we recommend        ++
 ++ requesting less memory in other similar jobs.                         ++
 +++++++++++++++++++++++++++++++++++++++++++++++++++++++++++++++++++++++++++
 
*****************************************************************************


*****************************************************************************
*                                                                           *
*                    JOB EFFICIENCY REPORT (seff 10927285)                   *
*                                                                           *
*****************************************************************************

Job ID: 10927285
Cluster: finisterrae3
User/Group: curso341/ulc
State: COMPLETED (exit code 0)
Nodes: 17
Cores per node: 64
CPU Utilized: 02:41:59
CPU Efficiency: 1.41% of 7-23:54:40 core-walltime
Job Wall-clock time: 00:10:35
Memory Utilized: 32.80 GB
Memory Efficiency: 0.89% of 3.60 TB

 +++++++++++++++++++++++++++++++++++++++++++++++++++++++++++++++++++++++++++
 ++   Memory Efficiency is too small. Please review the requested memory. ++
 ++ It seems that you do not need that much memory so we recommend        ++
 ++ requesting less memory in other similar jobs.                         ++
 +++++++++++++++++++++++++++++++++++++++++++++++++++++++++++++++++++++++++++
 
*****************************************************************************

