slurmstepd: info: Setting TMPDIR to /scratch/10908873. Previous errors about TMPDIR can be discarded
Slurm job started at 07/03/2025_10:13:11 PM

In transit.
Initing Ray (1 head node + 2 worker nodes + 4 simulation nodes) on nodes: 
	ilk-241 ilk-243 ilk-244 ilk-245 ilk-246 ilk-247 ilk-248
Head node: 172.30.211.14:6379


RAY_DEPLOY_TIME:     23.39552
2025-03-07 22:13:36,667	INFO packaging.py:520 -- Creating a file package for local directory '/mnt/lustre/scratch/nlsas/home/ulc/cursos/curso341/dask_on_reisa_tests/E2/REISA/reduction/P128-SN4-LS1-GS134-I20-AN2-D2025-03-07_21-31-59'.
2025-03-07 22:13:36,694	INFO packaging.py:347 -- Pushing file package 'gcs://_ray_pkg_f39ae3eb92c9c17c.zip' (0.48MiB) to Ray cluster...
2025-03-07 22:13:36,701	INFO packaging.py:360 -- Successfully pushed file package 'gcs://_ray_pkg_f39ae3eb92c9c17c.zip'.
RAY_INIT_TIME:       5.04812
Iter [0]
Iter [2]
Iter [4]
Iter [6]
Iter [8]
Iter [10]
Iter [12]
Iter [14]
Iter [16]
Iter [18]
GLOBAL_PUT_TIME:     0.06605887413024902 (avg:0.00330)
ACTOR_CONCURRENCY:   8
SIMULATION_TIME:     10.871681589000001 (avg: 0.543584079450000)
SIM_WTHOUT_PDI:      5.339319568999995 (avg: 0.266965978450000)
PDI_DELAY:           5.532362020000006 (avg: 0.276618101000000)

GLOBAL_SIZE_(GiB):   131072
LOCAL_SIZE_(MiB):    1
ITERATIONS:          20

MPI_PER_NODE:        32
MPI_PARALLELISM:     128

WORKER_NODES:        2
CPUS_PER_WORKER:     64
WORKER_PARALLELISM:  128


SLURM_JOB_ID:        10908873
EST_ANALYTICS_TIME:  13.66787 (avg:0.68339)

Slurm job finished at 07/03/2025_10:13:55 PM

*****************************************************************************
*                                                                           *
*                    JOB EFFICIENCY REPORT (seff 10908873)                   *
*                                                                           *
*****************************************************************************

Job ID: 10908873
Cluster: finisterrae3
User/Group: curso341/ulc
State: COMPLETED (exit code 0)
Nodes: 7
Cores per node: 64
CPU Utilized: 00:30:56
CPU Efficiency: 9.01% of 05:43:28 core-walltime
Job Wall-clock time: 00:00:46
Memory Utilized: 7.18 GB
Memory Efficiency: 0.47% of 1.48 TB

 +++++++++++++++++++++++++++++++++++++++++++++++++++++++++++++++++++++++++++
 ++   Memory Efficiency is too small. Please review the requested memory. ++
 ++ It seems that you do not need that much memory so we recommend        ++
 ++ requesting less memory in other similar jobs.                         ++
 +++++++++++++++++++++++++++++++++++++++++++++++++++++++++++++++++++++++++++
 
*****************************************************************************


*****************************************************************************
*                                                                           *
*                    JOB EFFICIENCY REPORT (seff 10908873)                   *
*                                                                           *
*****************************************************************************

Job ID: 10908873
Cluster: finisterrae3
User/Group: curso341/ulc
State: COMPLETED (exit code 0)
Nodes: 7
Cores per node: 64
CPU Utilized: 00:30:56
CPU Efficiency: 9.01% of 05:43:28 core-walltime
Job Wall-clock time: 00:00:46
Memory Utilized: 7.18 GB
Memory Efficiency: 0.47% of 1.48 TB

 +++++++++++++++++++++++++++++++++++++++++++++++++++++++++++++++++++++++++++
 ++   Memory Efficiency is too small. Please review the requested memory. ++
 ++ It seems that you do not need that much memory so we recommend        ++
 ++ requesting less memory in other similar jobs.                         ++
 +++++++++++++++++++++++++++++++++++++++++++++++++++++++++++++++++++++++++++
 
*****************************************************************************


*****************************************************************************
*                                                                           *
*                    JOB EFFICIENCY REPORT (seff 10908873)                   *
*                                                                           *
*****************************************************************************

Job ID: 10908873
Cluster: finisterrae3
User/Group: curso341/ulc
State: COMPLETED (exit code 0)
Nodes: 7
Cores per node: 64
CPU Utilized: 00:30:56
CPU Efficiency: 9.01% of 05:43:28 core-walltime
Job Wall-clock time: 00:00:46
Memory Utilized: 7.18 GB
Memory Efficiency: 0.47% of 1.48 TB

 +++++++++++++++++++++++++++++++++++++++++++++++++++++++++++++++++++++++++++
 ++   Memory Efficiency is too small. Please review the requested memory. ++
 ++ It seems that you do not need that much memory so we recommend        ++
 ++ requesting less memory in other similar jobs.                         ++
 +++++++++++++++++++++++++++++++++++++++++++++++++++++++++++++++++++++++++++
 
*****************************************************************************



*****************************************************************************
*****************************************************************************
*                                                                           *
*                                                                           *
*                    JOB EFFICIENCY REPORT (seff 10908873)                   *
*                    JOB EFFICIENCY REPORT (seff 10908873)                   *
*                                                                           *
*                                                                           *
*****************************************************************************
*****************************************************************************


Job ID: 10908873
Job ID: 10908873
Cluster: finisterrae3
Cluster: finisterrae3
User/Group: curso341/ulc
User/Group: curso341/ulc
State: COMPLETED (exit code 0)
State: COMPLETED (exit code 0)
Nodes: 7
Nodes: 7
Cores per node: 64
Cores per node: 64
CPU Utilized: 00:30:56
CPU Utilized: 00:30:56
CPU Efficiency: 9.01% of 05:43:28 core-walltime
CPU Efficiency: 9.01% of 05:43:28 core-walltime
Job Wall-clock time: 00:00:46
Job Wall-clock time: 00:00:46
Memory Utilized: 7.18 GB
Memory Utilized: 7.18 GB
Memory Efficiency: 0.47% of 1.48 TB
Memory Efficiency: 0.47% of 1.48 TB


 +++++++++++++++++++++++++++++++++++++++++++++++++++++++++++++++++++++++++++
 +++++++++++++++++++++++++++++++++++++++++++++++++++++++++++++++++++++++++++
 ++   Memory Efficiency is too small. Please review the requested memory. ++
 ++   Memory Efficiency is too small. Please review the requested memory. ++
 ++ It seems that you do not need that much memory so we recommend        ++
 ++ It seems that you do not need that much memory so we recommend        ++
 ++ requesting less memory in other similar jobs.                         ++
 ++ requesting less memory in other similar jobs.                         ++
 +++++++++++++++++++++++++++++++++++++++++++++++++++++++++++++++++++++++++++
 +++++++++++++++++++++++++++++++++++++++++++++++++++++++++++++++++++++++++++
 
 
*****************************************************************************
*****************************************************************************



*****************************************************************************
*                                                                           *
*                    JOB EFFICIENCY REPORT (seff 10908873)                   *
*                                                                           *
*****************************************************************************

Job ID: 10908873
Cluster: finisterrae3
User/Group: curso341/ulc
State: COMPLETED (exit code 0)
Nodes: 7
Cores per node: 64
CPU Utilized: 00:30:56
CPU Efficiency: 9.01% of 05:43:28 core-walltime
Job Wall-clock time: 00:00:46
Memory Utilized: 7.18 GB
Memory Efficiency: 0.47% of 1.48 TB

 +++++++++++++++++++++++++++++++++++++++++++++++++++++++++++++++++++++++++++
 ++   Memory Efficiency is too small. Please review the requested memory. ++
 ++ It seems that you do not need that much memory so we recommend        ++
 ++ requesting less memory in other similar jobs.                         ++
 +++++++++++++++++++++++++++++++++++++++++++++++++++++++++++++++++++++++++++
 
*****************************************************************************


*****************************************************************************
*                                                                           *
*                    JOB EFFICIENCY REPORT (seff 10908873)                   *
*                                                                           *
*****************************************************************************

Job ID: 10908873
Cluster: finisterrae3
User/Group: curso341/ulc
State: COMPLETED (exit code 0)
Nodes: 7
Cores per node: 64
CPU Utilized: 00:31:22
CPU Efficiency: 9.13% of 05:43:28 core-walltime
Job Wall-clock time: 00:00:46
Memory Utilized: 7.18 GB
Memory Efficiency: 0.47% of 1.48 TB

 +++++++++++++++++++++++++++++++++++++++++++++++++++++++++++++++++++++++++++
 ++   Memory Efficiency is too small. Please review the requested memory. ++
 ++ It seems that you do not need that much memory so we recommend        ++
 ++ requesting less memory in other similar jobs.                         ++
 +++++++++++++++++++++++++++++++++++++++++++++++++++++++++++++++++++++++++++
 
*****************************************************************************

