slurmstepd: info: Setting TMPDIR to /scratch/10899161. Previous errors about TMPDIR can be discarded
Slurm job started at 07/03/2025_12:45:09 PM

In transit.
Initing Ray (1 head node + 2 worker nodes + 4 simulation nodes) on nodes: 
	ilk-151 ilk-154 ilk-155 ilk-156 ilk-157 ilk-243 ilk-245
Head node: 172.30.204.7:6379


RAY_DEPLOY_TIME:     23.58858
2025-03-07 12:45:36,707	INFO packaging.py:520 -- Creating a file package for local directory '/mnt/lustre/scratch/nlsas/home/ulc/cursos/curso341/dask_on_reisa_tests/E1/DASK_ON_REISA_ONE_ACTOR/reduction/P128-SN4-LS1-GS134-I20-AN2-D2025-03-07_09-36-27'.
2025-03-07 12:45:36,732	INFO packaging.py:347 -- Pushing file package 'gcs://_ray_pkg_68ad6c8b1bfc16d7.zip' (0.48MiB) to Ray cluster...
2025-03-07 12:45:36,739	INFO packaging.py:360 -- Successfully pushed file package 'gcs://_ray_pkg_68ad6c8b1bfc16d7.zip'.
RAY_INIT_TIME:       5.13810
Iter [0]
Iter [2]
Iter [4]
Iter [6]
Iter [8]
Iter [10]
Iter [12]
Iter [14]
Iter [16]
Iter [18]
GLOBAL_PUT_TIME:     5.833897590637207 (avg:0.29169)
ACTOR_CONCURRENCY:   8
SIMULATION_TIME:     81.363259029000005 (avg: 4.068162951450001)
SIM_WTHOUT_PDI:      46.961533424999999 (avg: 2.348076671250000)
PDI_DELAY:           34.401725604000006 (avg: 1.720086280200000)

GLOBAL_SIZE_(GiB):   131072
LOCAL_SIZE_(MiB):    1
ITERATIONS:          20

MPI_PER_NODE:        32
MPI_PARALLELISM:     128

WORKER_NODES:        2
CPUS_PER_WORKER:     64
WORKER_PARALLELISM:  128


SLURM_JOB_ID:        10899161
EST_ANALYTICS_TIME:  839.98671 (avg:41.99934)

Slurm job finished at 07/03/2025_12:59:42 PM

*****************************************************************************
*                                                                           *
*                    JOB EFFICIENCY REPORT (seff 10899161)                   *
*                                                                           *
*****************************************************************************

Job ID: 10899161
Cluster: finisterrae3
User/Group: curso341/ulc
State: COMPLETED (exit code 0)
Nodes: 7
Cores per node: 64
CPU Utilized: 01:23:18
CPU Efficiency: 1.28% of 4-12:45:52 core-walltime
Job Wall-clock time: 00:14:34
Memory Utilized: 254.91 MB
Memory Efficiency: 0.02% of 1.48 TB

 +++++++++++++++++++++++++++++++++++++++++++++++++++++++++++++++++++++++++++
 ++   Memory Efficiency is too small. Please review the requested memory. ++
 ++ It seems that you do not need that much memory so we recommend        ++
 ++ requesting less memory in other similar jobs.                         ++
 +++++++++++++++++++++++++++++++++++++++++++++++++++++++++++++++++++++++++++
 
*****************************************************************************


*****************************************************************************
*                                                                           *
*                    JOB EFFICIENCY REPORT (seff 10899161)                   *
*                                                                           *
*****************************************************************************

Job ID: 10899161
Cluster: finisterrae3
User/Group: curso341/ulc
State: COMPLETED (exit code 0)
Nodes: 7
Cores per node: 64
CPU Utilized: 01:23:18
CPU Efficiency: 1.28% of 4-12:45:52 core-walltime
Job Wall-clock time: 00:14:34
Memory Utilized: 254.91 MB
Memory Efficiency: 0.02% of 1.48 TB

 +++++++++++++++++++++++++++++++++++++++++++++++++++++++++++++++++++++++++++
 ++   Memory Efficiency is too small. Please review the requested memory. ++
 ++ It seems that you do not need that much memory so we recommend        ++
 ++ requesting less memory in other similar jobs.                         ++
 +++++++++++++++++++++++++++++++++++++++++++++++++++++++++++++++++++++++++++
 
*****************************************************************************


*****************************************************************************
*                                                                           *
*                    JOB EFFICIENCY REPORT (seff 10899161)                   *
*                                                                           *
*****************************************************************************

Job ID: 10899161
Cluster: finisterrae3
User/Group: curso341/ulc
State: COMPLETED (exit code 0)
Nodes: 7
Cores per node: 64
CPU Utilized: 01:23:18
CPU Efficiency: 1.28% of 4-12:45:52 core-walltime
Job Wall-clock time: 00:14:34
Memory Utilized: 254.91 MB
Memory Efficiency: 0.02% of 1.48 TB

 +++++++++++++++++++++++++++++++++++++++++++++++++++++++++++++++++++++++++++
 ++   Memory Efficiency is too small. Please review the requested memory. ++
 ++ It seems that you do not need that much memory so we recommend        ++
 ++ requesting less memory in other similar jobs.                         ++
 +++++++++++++++++++++++++++++++++++++++++++++++++++++++++++++++++++++++++++
 
*****************************************************************************


*****************************************************************************
*                                                                           *
*                    JOB EFFICIENCY REPORT (seff 10899161)                   *
*                                                                           *
*****************************************************************************

Job ID: 10899161
Cluster: finisterrae3
User/Group: curso341/ulc
State: COMPLETED (exit code 0)
Nodes: 7
Cores per node: 64
CPU Utilized: 01:33:08
CPU Efficiency: 1.43% of 4-12:45:52 core-walltime
Job Wall-clock time: 00:14:34
Memory Utilized: 3.54 GB
Memory Efficiency: 0.23% of 1.48 TB

 +++++++++++++++++++++++++++++++++++++++++++++++++++++++++++++++++++++++++++
 ++   Memory Efficiency is too small. Please review the requested memory. ++
 ++ It seems that you do not need that much memory so we recommend        ++
 ++ requesting less memory in other similar jobs.                         ++
 +++++++++++++++++++++++++++++++++++++++++++++++++++++++++++++++++++++++++++
 
*****************************************************************************


*****************************************************************************
*                                                                           *
*                    JOB EFFICIENCY REPORT (seff 10899161)                   *
*                                                                           *
*****************************************************************************

Job ID: 10899161
Cluster: finisterrae3
User/Group: curso341/ulc
State: COMPLETED (exit code 0)
Nodes: 7
Cores per node: 64
CPU Utilized: 01:33:08
CPU Efficiency: 1.43% of 4-12:45:52 core-walltime
Job Wall-clock time: 00:14:34
Memory Utilized: 3.54 GB
Memory Efficiency: 0.23% of 1.48 TB

 +++++++++++++++++++++++++++++++++++++++++++++++++++++++++++++++++++++++++++
 ++   Memory Efficiency is too small. Please review the requested memory. ++
 ++ It seems that you do not need that much memory so we recommend        ++
 ++ requesting less memory in other similar jobs.                         ++
 +++++++++++++++++++++++++++++++++++++++++++++++++++++++++++++++++++++++++++
 
*****************************************************************************


*****************************************************************************
*                                                                           *
*                    JOB EFFICIENCY REPORT (seff 10899161)                   *
*                                                                           *
*****************************************************************************

Job ID: 10899161
Cluster: finisterrae3
User/Group: curso341/ulc
State: COMPLETED (exit code 0)
Nodes: 7
Cores per node: 64
CPU Utilized: 01:34:11
CPU Efficiency: 1.44% of 4-12:45:52 core-walltime
Job Wall-clock time: 00:14:34
Memory Utilized: 3.54 GB
Memory Efficiency: 0.23% of 1.48 TB

 +++++++++++++++++++++++++++++++++++++++++++++++++++++++++++++++++++++++++++
 ++   Memory Efficiency is too small. Please review the requested memory. ++
 ++ It seems that you do not need that much memory so we recommend        ++
 ++ requesting less memory in other similar jobs.                         ++
 +++++++++++++++++++++++++++++++++++++++++++++++++++++++++++++++++++++++++++
 
*****************************************************************************


*****************************************************************************
*                                                                           *
*                    JOB EFFICIENCY REPORT (seff 10899161)                   *
*                                                                           *
*****************************************************************************

Job ID: 10899161
Cluster: finisterrae3
User/Group: curso341/ulc
State: COMPLETED (exit code 0)
Nodes: 7
Cores per node: 64
CPU Utilized: 03:09:06
CPU Efficiency: 2.90% of 4-12:45:52 core-walltime
Job Wall-clock time: 00:14:34
Memory Utilized: 4.86 GB
Memory Efficiency: 0.32% of 1.48 TB

 +++++++++++++++++++++++++++++++++++++++++++++++++++++++++++++++++++++++++++
 ++   Memory Efficiency is too small. Please review the requested memory. ++
 ++ It seems that you do not need that much memory so we recommend        ++
 ++ requesting less memory in other similar jobs.                         ++
 +++++++++++++++++++++++++++++++++++++++++++++++++++++++++++++++++++++++++++
 
*****************************************************************************

