slurmstepd: info: Setting TMPDIR to /scratch/10912119. Previous errors about TMPDIR can be discarded
Slurm job started at 08/03/2025_10:41:33 AM

In transit.
Initing Ray (1 head node + 8 worker nodes + 8 simulation nodes) on nodes: 
	ilk-5 ilk-23 ilk-121 ilk-241 ilk-242 ilk-243 ilk-244 ilk-245 ilk-246 ilk-247 ilk-248 ilk-249 ilk-250 ilk-251 ilk-252 ilk-253 ilk-254
Head node: 172.30.201.5:6379


RAY_DEPLOY_TIME:     23.47144
2025-03-08 10:42:00,415	INFO packaging.py:520 -- Creating a file package for local directory '/mnt/lustre/scratch/nlsas/home/ulc/cursos/curso341/dask_on_reisa_tests/E2/DASK_ON_REISA/derivative/P16-SN8-LS536-GS8589-I10-AN8-D2025-03-08_09-07-20'.
2025-03-08 10:42:00,443	INFO packaging.py:347 -- Pushing file package 'gcs://_ray_pkg_35bb0f87fd2e8724.zip' (0.48MiB) to Ray cluster...
2025-03-08 10:42:00,449	INFO packaging.py:360 -- Successfully pushed file package 'gcs://_ray_pkg_35bb0f87fd2e8724.zip'.
RAY_INIT_TIME:       4.21713
Iter [0]
Iter [1]
[2m[36m(iter_task pid=433327, ip=10.120.211.14)[0m /home/ulc/cursos/curso341/.local/lib/python3.9/site-packages/dask/config.py:693: UserWarning: Configuration key "shuffle" has been deprecated. Please use "dataframe.shuffle.algorithm" instead
[2m[36m(iter_task pid=433327, ip=10.120.211.14)[0m   warnings.warn(
[2m[36m(iter_task pid=1832807, ip=10.120.201.23)[0m /home/ulc/cursos/curso341/.local/lib/python3.9/site-packages/dask/config.py:693: UserWarning: Configuration key "shuffle" has been deprecated. Please use "dataframe.shuffle.algorithm" instead
[2m[36m(iter_task pid=1832807, ip=10.120.201.23)[0m   warnings.warn(
[2m[36m(iter_task pid=1832805, ip=10.120.201.23)[0m /home/ulc/cursos/curso341/.local/lib/python3.9/site-packages/dask/config.py:693: UserWarning: Configuration key "shuffle" has been deprecated. Please use "dataframe.shuffle.algorithm" instead
[2m[36m(iter_task pid=1832805, ip=10.120.201.23)[0m   warnings.warn(
[2m[36m(iter_task pid=1832806, ip=10.120.201.23)[0m /home/ulc/cursos/curso341/.local/lib/python3.9/site-packages/dask/config.py:693: UserWarning: Configuration key "shuffle" has been deprecated. Please use "dataframe.shuffle.algorithm" instead
[2m[36m(iter_task pid=1832806, ip=10.120.201.23)[0m   warnings.warn(
[2m[36m(iter_task pid=2957386, ip=10.120.211.15)[0m /home/ulc/cursos/curso341/.local/lib/python3.9/site-packages/dask/config.py:693: UserWarning: Configuration key "shuffle" has been deprecated. Please use "dataframe.shuffle.algorithm" instead
[2m[36m(iter_task pid=2957386, ip=10.120.211.15)[0m   warnings.warn(
[2m[36m(iter_task pid=2957387, ip=10.120.211.15)[0m /home/ulc/cursos/curso341/.local/lib/python3.9/site-packages/dask/config.py:693: UserWarning: Configuration key "shuffle" has been deprecated. Please use "dataframe.shuffle.algorithm" instead
[2m[36m(iter_task pid=2957387, ip=10.120.211.15)[0m   warnings.warn(
Iter [2]
Iter [3]
Iter [4]
Iter [5]
Iter [6]
Iter [7]
Iter [8]
Iter [9]
GLOBAL_PUT_TIME:     8.68719220161438 (avg:0.86872)
ACTOR_CONCURRENCY:   8
SIMULATION_TIME:     70.539619371000001 (avg: 7.053961937100000)
SIM_WTHOUT_PDI:      56.472060689999999 (avg: 5.647206069000000)
PDI_DELAY:           14.067558681000001 (avg: 1.406755868100000)

GLOBAL_SIZE_(GiB):   8388608
LOCAL_SIZE_(MiB):    512
ITERATIONS:          10

MPI_PER_NODE:        2
MPI_PARALLELISM:     16

WORKER_NODES:        8
CPUS_PER_WORKER:     64
WORKER_PARALLELISM:  512


SLURM_JOB_ID:        10912119
EST_ANALYTICS_TIME:  523.06828 (avg:52.30683)

Slurm job finished at 08/03/2025_10:50:47 AM

*****************************************************************************
*                                                                           *
*                    JOB EFFICIENCY REPORT (seff 10912119)                   *
*                                                                           *
*****************************************************************************

Job ID: 10912119
Cluster: finisterrae3
User/Group: curso341/ulc
State: COMPLETED (exit code 0)
Nodes: 17
Cores per node: 64
CPU Utilized: 00:18:08
CPU Efficiency: 0.18% of 7-00:02:08 core-walltime
Job Wall-clock time: 00:09:16
Memory Utilized: 28.06 GB (estimated maximum)
Memory Efficiency: 0.76% of 3.60 TB (3.39 GB/core)

 +++++++++++++++++++++++++++++++++++++++++++++++++++++++++++++++++++++++++++
 ++   Memory Efficiency is too small. Please review the requested memory. ++
 ++ It seems that you do not need that much memory so we recommend        ++
 ++ requesting less memory in other similar jobs.                         ++
 +++++++++++++++++++++++++++++++++++++++++++++++++++++++++++++++++++++++++++
 
*****************************************************************************


*****************************************************************************
*                                                                           *
*                    JOB EFFICIENCY REPORT (seff 10912119)                   *
*                                                                           *
*****************************************************************************

Job ID: 10912119
Cluster: finisterrae3
User/Group: curso341/ulc
State: COMPLETED (exit code 0)
Nodes: 17
Cores per node: 64
CPU Utilized: 00:18:08
CPU Efficiency: 0.18% of 7-00:02:08 core-walltime
Job Wall-clock time: 00:09:16
Memory Utilized: 28.06 GB (estimated maximum)
Memory Efficiency: 0.76% of 3.60 TB (3.39 GB/core)

 +++++++++++++++++++++++++++++++++++++++++++++++++++++++++++++++++++++++++++
 ++   Memory Efficiency is too small. Please review the requested memory. ++
 ++ It seems that you do not need that much memory so we recommend        ++
 ++ requesting less memory in other similar jobs.                         ++
 +++++++++++++++++++++++++++++++++++++++++++++++++++++++++++++++++++++++++++
 
*****************************************************************************


*****************************************************************************
*                                                                           *
*                    JOB EFFICIENCY REPORT (seff 10912119)                   *
*                                                                           *
*****************************************************************************

Job ID: 10912119
Cluster: finisterrae3
User/Group: curso341/ulc
State: COMPLETED (exit code 0)
Nodes: 17
Cores per node: 64
CPU Utilized: 00:25:00
CPU Efficiency: 0.25% of 7-00:02:08 core-walltime
Job Wall-clock time: 00:09:16
Memory Utilized: 5.03 GB
Memory Efficiency: 0.14% of 3.60 TB

 +++++++++++++++++++++++++++++++++++++++++++++++++++++++++++++++++++++++++++
 ++   Memory Efficiency is too small. Please review the requested memory. ++
 ++ It seems that you do not need that much memory so we recommend        ++
 ++ requesting less memory in other similar jobs.                         ++
 +++++++++++++++++++++++++++++++++++++++++++++++++++++++++++++++++++++++++++
 
*****************************************************************************


*****************************************************************************
*                                                                           *
*                    JOB EFFICIENCY REPORT (seff 10912119)                   *
*                                                                           *
*****************************************************************************

Job ID: 10912119
Cluster: finisterrae3
User/Group: curso341/ulc
State: COMPLETED (exit code 0)
Nodes: 17
Cores per node: 64
CPU Utilized: 01:37:27
CPU Efficiency: 0.97% of 7-00:02:08 core-walltime
Job Wall-clock time: 00:09:16
Memory Utilized: 32.97 GB
Memory Efficiency: 0.89% of 3.60 TB

 +++++++++++++++++++++++++++++++++++++++++++++++++++++++++++++++++++++++++++
 ++   Memory Efficiency is too small. Please review the requested memory. ++
 ++ It seems that you do not need that much memory so we recommend        ++
 ++ requesting less memory in other similar jobs.                         ++
 +++++++++++++++++++++++++++++++++++++++++++++++++++++++++++++++++++++++++++
 
*****************************************************************************


*****************************************************************************
*                                                                           *
*                    JOB EFFICIENCY REPORT (seff 10912119)                   *
*                                                                           *
*****************************************************************************

Job ID: 10912119
Cluster: finisterrae3
User/Group: curso341/ulc
State: COMPLETED (exit code 0)
Nodes: 17
Cores per node: 64
CPU Utilized: 01:37:27
CPU Efficiency: 0.97% of 7-00:02:08 core-walltime
Job Wall-clock time: 00:09:16
Memory Utilized: 32.97 GB
Memory Efficiency: 0.89% of 3.60 TB

 +++++++++++++++++++++++++++++++++++++++++++++++++++++++++++++++++++++++++++
 ++   Memory Efficiency is too small. Please review the requested memory. ++
 ++ It seems that you do not need that much memory so we recommend        ++
 ++ requesting less memory in other similar jobs.                         ++
 +++++++++++++++++++++++++++++++++++++++++++++++++++++++++++++++++++++++++++
 
*****************************************************************************


*****************************************************************************
*                                                                           *
*                    JOB EFFICIENCY REPORT (seff 10912119)                   *
*                                                                           *
*****************************************************************************

Job ID: 10912119
Cluster: finisterrae3
User/Group: curso341/ulc
State: COMPLETED (exit code 0)
Nodes: 17
Cores per node: 64
CPU Utilized: 01:37:27
CPU Efficiency: 0.97% of 7-00:02:08 core-walltime
Job Wall-clock time: 00:09:16
Memory Utilized: 32.97 GB
Memory Efficiency: 0.89% of 3.60 TB

 +++++++++++++++++++++++++++++++++++++++++++++++++++++++++++++++++++++++++++
 ++   Memory Efficiency is too small. Please review the requested memory. ++
 ++ It seems that you do not need that much memory so we recommend        ++
 ++ requesting less memory in other similar jobs.                         ++
 +++++++++++++++++++++++++++++++++++++++++++++++++++++++++++++++++++++++++++
 
*****************************************************************************


*****************************************************************************
*                                                                           *
*                    JOB EFFICIENCY REPORT (seff 10912119)                   *
*                                                                           *
*****************************************************************************

Job ID: 10912119
Cluster: finisterrae3
User/Group: curso341/ulc
State: COMPLETED (exit code 0)
Nodes: 17
Cores per node: 64
CPU Utilized: 01:37:27
CPU Efficiency: 0.97% of 7-00:02:08 core-walltime
Job Wall-clock time: 00:09:16
Memory Utilized: 32.97 GB
Memory Efficiency: 0.89% of 3.60 TB

 +++++++++++++++++++++++++++++++++++++++++++++++++++++++++++++++++++++++++++
 ++   Memory Efficiency is too small. Please review the requested memory. ++
 ++ It seems that you do not need that much memory so we recommend        ++
 ++ requesting less memory in other similar jobs.                         ++
 +++++++++++++++++++++++++++++++++++++++++++++++++++++++++++++++++++++++++++
 
*****************************************************************************


*****************************************************************************
*                                                                           *
*                    JOB EFFICIENCY REPORT (seff 10912119)                   *
*                                                                           *
*****************************************************************************

Job ID: 10912119
Cluster: finisterrae3
User/Group: curso341/ulc
State: COMPLETED (exit code 0)
Nodes: 17
Cores per node: 64
CPU Utilized: 01:37:27
CPU Efficiency: 0.97% of 7-00:02:08 core-walltime
Job Wall-clock time: 00:09:16
Memory Utilized: 32.97 GB
Memory Efficiency: 0.89% of 3.60 TB

 +++++++++++++++++++++++++++++++++++++++++++++++++++++++++++++++++++++++++++
 ++   Memory Efficiency is too small. Please review the requested memory. ++
 ++ It seems that you do not need that much memory so we recommend        ++
 ++ requesting less memory in other similar jobs.                         ++
 +++++++++++++++++++++++++++++++++++++++++++++++++++++++++++++++++++++++++++
 
*****************************************************************************


*****************************************************************************
*                                                                           *
*                    JOB EFFICIENCY REPORT (seff 10912119)                   *
*                                                                           *
*****************************************************************************

Job ID: 10912119
Cluster: finisterrae3
User/Group: curso341/ulc
State: COMPLETED (exit code 0)
Nodes: 17
Cores per node: 64
CPU Utilized: 01:37:27
CPU Efficiency: 0.97% of 7-00:02:08 core-walltime
Job Wall-clock time: 00:09:16
Memory Utilized: 32.97 GB
Memory Efficiency: 0.89% of 3.60 TB

 +++++++++++++++++++++++++++++++++++++++++++++++++++++++++++++++++++++++++++
 ++   Memory Efficiency is too small. Please review the requested memory. ++
 ++ It seems that you do not need that much memory so we recommend        ++
 ++ requesting less memory in other similar jobs.                         ++
 +++++++++++++++++++++++++++++++++++++++++++++++++++++++++++++++++++++++++++
 
*****************************************************************************


*****************************************************************************
*                                                                           *
*                    JOB EFFICIENCY REPORT (seff 10912119)                   *
*                                                                           *
*****************************************************************************

Job ID: 10912119
Cluster: finisterrae3
User/Group: curso341/ulc
State: COMPLETED (exit code 0)
Nodes: 17
Cores per node: 64
CPU Utilized: 01:37:27
CPU Efficiency: 0.97% of 7-00:02:08 core-walltime
Job Wall-clock time: 00:09:16
Memory Utilized: 32.97 GB
Memory Efficiency: 0.89% of 3.60 TB

 +++++++++++++++++++++++++++++++++++++++++++++++++++++++++++++++++++++++++++
 ++   Memory Efficiency is too small. Please review the requested memory. ++
 ++ It seems that you do not need that much memory so we recommend        ++
 ++ requesting less memory in other similar jobs.                         ++
 +++++++++++++++++++++++++++++++++++++++++++++++++++++++++++++++++++++++++++
 
*****************************************************************************


*****************************************************************************
*                                                                           *
*                    JOB EFFICIENCY REPORT (seff 10912119)                   *
*                                                                           *
*****************************************************************************

Job ID: 10912119
Cluster: finisterrae3
User/Group: curso341/ulc
State: COMPLETED (exit code 0)
Nodes: 17
Cores per node: 64
CPU Utilized: 01:37:27
CPU Efficiency: 0.97% of 7-00:02:08 core-walltime
Job Wall-clock time: 00:09:16
Memory Utilized: 32.97 GB
Memory Efficiency: 0.89% of 3.60 TB

 +++++++++++++++++++++++++++++++++++++++++++++++++++++++++++++++++++++++++++
 ++   Memory Efficiency is too small. Please review the requested memory. ++
 ++ It seems that you do not need that much memory so we recommend        ++
 ++ requesting less memory in other similar jobs.                         ++
 +++++++++++++++++++++++++++++++++++++++++++++++++++++++++++++++++++++++++++
 
*****************************************************************************


*****************************************************************************
*                                                                           *
*                    JOB EFFICIENCY REPORT (seff 10912119)                   *
*                                                                           *
*****************************************************************************

Job ID: 10912119
Cluster: finisterrae3
User/Group: curso341/ulc
State: COMPLETED (exit code 0)
Nodes: 17
Cores per node: 64
CPU Utilized: 01:37:27
CPU Efficiency: 0.97% of 7-00:02:08 core-walltime
Job Wall-clock time: 00:09:16
Memory Utilized: 32.97 GB
Memory Efficiency: 0.89% of 3.60 TB

 +++++++++++++++++++++++++++++++++++++++++++++++++++++++++++++++++++++++++++
 ++   Memory Efficiency is too small. Please review the requested memory. ++
 ++ It seems that you do not need that much memory so we recommend        ++
 ++ requesting less memory in other similar jobs.                         ++
 +++++++++++++++++++++++++++++++++++++++++++++++++++++++++++++++++++++++++++
 
*****************************************************************************


*****************************************************************************
*                                                                           *
*                    JOB EFFICIENCY REPORT (seff 10912119)                   *
*                                                                           *
*****************************************************************************

Job ID: 10912119
Cluster: finisterrae3
User/Group: curso341/ulc
State: COMPLETED (exit code 0)
Nodes: 17
Cores per node: 64
CPU Utilized: 01:37:27
CPU Efficiency: 0.97% of 7-00:02:08 core-walltime
Job Wall-clock time: 00:09:16
Memory Utilized: 32.97 GB
Memory Efficiency: 0.89% of 3.60 TB

 +++++++++++++++++++++++++++++++++++++++++++++++++++++++++++++++++++++++++++
 ++   Memory Efficiency is too small. Please review the requested memory. ++
 ++ It seems that you do not need that much memory so we recommend        ++
 ++ requesting less memory in other similar jobs.                         ++
 +++++++++++++++++++++++++++++++++++++++++++++++++++++++++++++++++++++++++++
 
*****************************************************************************


*****************************************************************************
*                                                                           *
*                    JOB EFFICIENCY REPORT (seff 10912119)                   *
*                                                                           *
*****************************************************************************

Job ID: 10912119
Cluster: finisterrae3
User/Group: curso341/ulc
State: COMPLETED (exit code 0)
Nodes: 17
Cores per node: 64
CPU Utilized: 01:37:27
CPU Efficiency: 0.97% of 7-00:02:08 core-walltime
Job Wall-clock time: 00:09:16
Memory Utilized: 32.97 GB
Memory Efficiency: 0.89% of 3.60 TB

 +++++++++++++++++++++++++++++++++++++++++++++++++++++++++++++++++++++++++++
 ++   Memory Efficiency is too small. Please review the requested memory. ++
 ++ It seems that you do not need that much memory so we recommend        ++
 ++ requesting less memory in other similar jobs.                         ++
 +++++++++++++++++++++++++++++++++++++++++++++++++++++++++++++++++++++++++++
 
*****************************************************************************


*****************************************************************************
*                                                                           *
*                    JOB EFFICIENCY REPORT (seff 10912119)                   *
*                                                                           *
*****************************************************************************

Job ID: 10912119
Cluster: finisterrae3
User/Group: curso341/ulc
State: COMPLETED (exit code 0)
Nodes: 17
Cores per node: 64
CPU Utilized: 01:37:27
CPU Efficiency: 0.97% of 7-00:02:08 core-walltime
Job Wall-clock time: 00:09:16
Memory Utilized: 32.97 GB
Memory Efficiency: 0.89% of 3.60 TB

 +++++++++++++++++++++++++++++++++++++++++++++++++++++++++++++++++++++++++++
 ++   Memory Efficiency is too small. Please review the requested memory. ++
 ++ It seems that you do not need that much memory so we recommend        ++
 ++ requesting less memory in other similar jobs.                         ++
 +++++++++++++++++++++++++++++++++++++++++++++++++++++++++++++++++++++++++++
 
*****************************************************************************


*****************************************************************************
*                                                                           *
*                    JOB EFFICIENCY REPORT (seff 10912119)                   *
*                                                                           *
*****************************************************************************

Job ID: 10912119
Cluster: finisterrae3
User/Group: curso341/ulc
State: COMPLETED (exit code 0)
Nodes: 17
Cores per node: 64
CPU Utilized: 02:06:34
CPU Efficiency: 1.26% of 7-00:02:08 core-walltime
Job Wall-clock time: 00:09:16
Memory Utilized: 35.13 GB
Memory Efficiency: 0.95% of 3.60 TB

 +++++++++++++++++++++++++++++++++++++++++++++++++++++++++++++++++++++++++++
 ++   Memory Efficiency is too small. Please review the requested memory. ++
 ++ It seems that you do not need that much memory so we recommend        ++
 ++ requesting less memory in other similar jobs.                         ++
 +++++++++++++++++++++++++++++++++++++++++++++++++++++++++++++++++++++++++++
 
*****************************************************************************


*****************************************************************************
*                                                                           *
*                    JOB EFFICIENCY REPORT (seff 10912119)                   *
*                                                                           *
*****************************************************************************

Job ID: 10912119
Cluster: finisterrae3
User/Group: curso341/ulc
State: COMPLETED (exit code 0)
Nodes: 17
Cores per node: 64
CPU Utilized: 02:38:13
CPU Efficiency: 1.57% of 7-00:02:08 core-walltime
Job Wall-clock time: 00:09:16
Memory Utilized: 35.13 GB
Memory Efficiency: 0.95% of 3.60 TB

 +++++++++++++++++++++++++++++++++++++++++++++++++++++++++++++++++++++++++++
 ++   Memory Efficiency is too small. Please review the requested memory. ++
 ++ It seems that you do not need that much memory so we recommend        ++
 ++ requesting less memory in other similar jobs.                         ++
 +++++++++++++++++++++++++++++++++++++++++++++++++++++++++++++++++++++++++++
 
*****************************************************************************

