slurmstepd: info: Setting TMPDIR to /scratch/10925247. Previous errors about TMPDIR can be discarded
Slurm job started at 09/03/2025_08:30:25 PM

In transit.
Initing Ray (1 head node + 2 worker nodes + 4 simulation nodes) on nodes: 
	ilk-146 ilk-147 ilk-172 ilk-211 ilk-213 ilk-214 ilk-215
Head node: 172.30.204.2:6379


RAY_DEPLOY_TIME:     24.24139
2025-03-09 20:30:52,085	INFO packaging.py:520 -- Creating a file package for local directory '/mnt/lustre/scratch/nlsas/home/ulc/cursos/curso341/dask_on_reisa_tests/E4/REISA_ONE_ACTOR/derivative/P128-SN4-LS1-GS134-I10-AN2-D2025-03-09_18-43-27'.
2025-03-09 20:30:52,111	INFO packaging.py:347 -- Pushing file package 'gcs://_ray_pkg_134aa973cde635ea.zip' (0.48MiB) to Ray cluster...
2025-03-09 20:30:52,118	INFO packaging.py:360 -- Successfully pushed file package 'gcs://_ray_pkg_134aa973cde635ea.zip'.
RAY_INIT_TIME:       4.03817
Iter [0]
Iter [1]
Iter [2]
Iter [3]
Iter [4]
Iter [5]
Iter [6]
Iter [7]
Iter [8]
Iter [9]
GLOBAL_PUT_TIME:     0.0402684211730957 (avg:0.00403)
ACTOR_CONCURRENCY:   8
EST_ANALYTICS_TIME:  29.34508 (avg:2.93451)
SIMULATION_TIME:     29.727889091999998 (avg: 2.972788909200000)
SIM_WTHOUT_PDI:      18.797908000000007 (avg: 1.879790800000001)
PDI_DELAY:           10.929981091999991 (avg: 1.092998109199999)

GLOBAL_SIZE_(GiB):   131072
LOCAL_SIZE_(MiB):    1
ITERATIONS:          10

MPI_PER_NODE:        32
MPI_PARALLELISM:     128

WORKER_NODES:        2
CPUS_PER_WORKER:     64
WORKER_PARALLELISM:  128


SLURM_JOB_ID:        10925247

Slurm job finished at 09/03/2025_08:31:27 PM

*****************************************************************************
*                                                                           *
*                    JOB EFFICIENCY REPORT (seff 10925247)                   *
*                                                                           *
*****************************************************************************

Job ID: 10925247
Cluster: finisterrae3
User/Group: curso341/ulc
State: COMPLETED (exit code 0)
Nodes: 7
Cores per node: 64
CPU Utilized: 00:40:53
CPU Efficiency: 8.69% of 07:50:24 core-walltime
Job Wall-clock time: 00:01:03
Memory Utilized: 288.43 MB
Memory Efficiency: 0.02% of 1.48 TB

 +++++++++++++++++++++++++++++++++++++++++++++++++++++++++++++++++++++++++++
 ++   Memory Efficiency is too small. Please review the requested memory. ++
 ++ It seems that you do not need that much memory so we recommend        ++
 ++ requesting less memory in other similar jobs.                         ++
 +++++++++++++++++++++++++++++++++++++++++++++++++++++++++++++++++++++++++++
 
*****************************************************************************


*****************************************************************************
*                                                                           *
*                    JOB EFFICIENCY REPORT (seff 10925247)                   *
*                                                                           *
*****************************************************************************

Job ID: 10925247
Cluster: finisterrae3
User/Group: curso341/ulc
State: COMPLETED (exit code 0)
Nodes: 7
Cores per node: 64
CPU Utilized: 00:40:53
CPU Efficiency: 8.69% of 07:50:24 core-walltime
Job Wall-clock time: 00:01:03
Memory Utilized: 288.43 MB
Memory Efficiency: 0.02% of 1.48 TB

 +++++++++++++++++++++++++++++++++++++++++++++++++++++++++++++++++++++++++++
 ++   Memory Efficiency is too small. Please review the requested memory. ++
 ++ It seems that you do not need that much memory so we recommend        ++
 ++ requesting less memory in other similar jobs.                         ++
 +++++++++++++++++++++++++++++++++++++++++++++++++++++++++++++++++++++++++++
 
*****************************************************************************


*****************************************************************************
*                                                                           *
*                    JOB EFFICIENCY REPORT (seff 10925247)                   *
*                                                                           *
*****************************************************************************

Job ID: 10925247
Cluster: finisterrae3
User/Group: curso341/ulc
State: COMPLETED (exit code 0)
Nodes: 7
Cores per node: 64
CPU Utilized: 00:40:53
CPU Efficiency: 8.69% of 07:50:24 core-walltime
Job Wall-clock time: 00:01:03
Memory Utilized: 288.43 MB
Memory Efficiency: 0.02% of 1.48 TB

 +++++++++++++++++++++++++++++++++++++++++++++++++++++++++++++++++++++++++++
 ++   Memory Efficiency is too small. Please review the requested memory. ++
 ++ It seems that you do not need that much memory so we recommend        ++
 ++ requesting less memory in other similar jobs.                         ++
 +++++++++++++++++++++++++++++++++++++++++++++++++++++++++++++++++++++++++++
 
*****************************************************************************


*****************************************************************************
*                                                                           *
*                    JOB EFFICIENCY REPORT (seff 10925247)                   *
*                                                                           *
*****************************************************************************

Job ID: 10925247
Cluster: finisterrae3
User/Group: curso341/ulc
State: COMPLETED (exit code 0)
Nodes: 7
Cores per node: 64
CPU Utilized: 00:40:53
CPU Efficiency: 8.69% of 07:50:24 core-walltime
Job Wall-clock time: 00:01:03
Memory Utilized: 288.43 MB
Memory Efficiency: 0.02% of 1.48 TB

 +++++++++++++++++++++++++++++++++++++++++++++++++++++++++++++++++++++++++++
 ++   Memory Efficiency is too small. Please review the requested memory. ++
 ++ It seems that you do not need that much memory so we recommend        ++
 ++ requesting less memory in other similar jobs.                         ++
 +++++++++++++++++++++++++++++++++++++++++++++++++++++++++++++++++++++++++++
 
*****************************************************************************



*****************************************************************************
*****************************************************************************
*                                                                           *
*                                                                           *
*                    JOB EFFICIENCY REPORT (seff 10925247)                   *
*                    JOB EFFICIENCY REPORT (seff 10925247)                   *
*                                                                           *
*                                                                           *
*****************************************************************************
*****************************************************************************


Job ID: 10925247
Job ID: 10925247
Cluster: finisterrae3
Cluster: finisterrae3
User/Group: curso341/ulc
User/Group: curso341/ulc
State: COMPLETED (exit code 0)
State: COMPLETED (exit code 0)
Nodes: 7
Nodes: 7
Cores per node: 64
Cores per node: 64
CPU Utilized: 00:40:53
CPU Utilized: 00:40:53
CPU Efficiency: 8.69% of 07:50:24 core-walltime
CPU Efficiency: 8.69% of 07:50:24 core-walltime
Job Wall-clock time: 00:01:03
Job Wall-clock time: 00:01:03
Memory Utilized: 288.43 MB
Memory Utilized: 288.43 MB
Memory Efficiency: 0.02% of 1.48 TB
Memory Efficiency: 0.02% of 1.48 TB


 +++++++++++++++++++++++++++++++++++++++++++++++++++++++++++++++++++++++++++
 +++++++++++++++++++++++++++++++++++++++++++++++++++++++++++++++++++++++++++
 ++   Memory Efficiency is too small. Please review the requested memory. ++
 ++   Memory Efficiency is too small. Please review the requested memory. ++
 ++ It seems that you do not need that much memory so we recommend        ++
 ++ It seems that you do not need that much memory so we recommend        ++
 ++ requesting less memory in other similar jobs.                         ++
 ++ requesting less memory in other similar jobs.                         ++
 +++++++++++++++++++++++++++++++++++++++++++++++++++++++++++++++++++++++++++
 +++++++++++++++++++++++++++++++++++++++++++++++++++++++++++++++++++++++++++
 
 
*****************************************************************************
*****************************************************************************



*****************************************************************************
*                                                                           *
*                    JOB EFFICIENCY REPORT (seff 10925247)                   *
*                                                                           *
*****************************************************************************

Job ID: 10925247
Cluster: finisterrae3
User/Group: curso341/ulc
State: COMPLETED (exit code 0)
Nodes: 7
Cores per node: 64
CPU Utilized: 00:41:15
CPU Efficiency: 8.77% of 07:50:24 core-walltime
Job Wall-clock time: 00:01:03
Memory Utilized: 646.48 MB
Memory Efficiency: 0.04% of 1.48 TB

 +++++++++++++++++++++++++++++++++++++++++++++++++++++++++++++++++++++++++++
 ++   Memory Efficiency is too small. Please review the requested memory. ++
 ++ It seems that you do not need that much memory so we recommend        ++
 ++ requesting less memory in other similar jobs.                         ++
 +++++++++++++++++++++++++++++++++++++++++++++++++++++++++++++++++++++++++++
 
*****************************************************************************

