slurmstepd: info: Setting TMPDIR to /scratch/10899149. Previous errors about TMPDIR can be discarded
Slurm job started at 07/03/2025_12:41:55 PM

In transit.
Initing Ray (1 head node + 2 worker nodes + 4 simulation nodes) on nodes: 
	ilk-197 ilk-198 ilk-218 ilk-222 ilk-229 ilk-234 ilk-237
Head node: 172.30.205.5:6379


RAY_DEPLOY_TIME:     23.52504
2025-03-07 12:42:22,535	INFO packaging.py:520 -- Creating a file package for local directory '/mnt/lustre/scratch/nlsas/home/ulc/cursos/curso341/dask_on_reisa_tests/E1/DASK_ON_REISA_ONE_ACTOR/derivative/P128-SN4-LS1-GS134-I10-AN2-D2025-03-07_09-36-05'.
2025-03-07 12:42:22,561	INFO packaging.py:347 -- Pushing file package 'gcs://_ray_pkg_3bb7a21e04b7d642.zip' (0.48MiB) to Ray cluster...
2025-03-07 12:42:22,568	INFO packaging.py:360 -- Successfully pushed file package 'gcs://_ray_pkg_3bb7a21e04b7d642.zip'.
RAY_INIT_TIME:       5.52610
Iter [0]
Iter [1]
Iter [2]
Iter [3]
Iter [4]
Iter [5]
Iter [6]
Iter [7]
Iter [8]
Iter [9]
GLOBAL_PUT_TIME:     0.9718618392944336 (avg:0.09719)
ACTOR_CONCURRENCY:   8
SIMULATION_TIME:     34.585637994999999 (avg: 3.458563799500000)
SIM_WTHOUT_PDI:      23.039194548000005 (avg: 2.303919454800000)
PDI_DELAY:           11.546443446999994 (avg: 1.154644344699999)

GLOBAL_SIZE_(GiB):   131072
LOCAL_SIZE_(MiB):    1
ITERATIONS:          10

MPI_PER_NODE:        32
MPI_PARALLELISM:     128

WORKER_NODES:        2
CPUS_PER_WORKER:     64
WORKER_PARALLELISM:  128


SLURM_JOB_ID:        10899149
EST_ANALYTICS_TIME:  255.63664 (avg:25.56366)

Slurm job finished at 07/03/2025_12:46:42 PM

*****************************************************************************
*                                                                           *
*                    JOB EFFICIENCY REPORT (seff 10899149)                   *
*                                                                           *
*****************************************************************************

Job ID: 10899149
Cluster: finisterrae3
User/Group: curso341/ulc
State: COMPLETED (exit code 0)
Nodes: 7
Cores per node: 64
CPU Utilized: 00:49:13
CPU Efficiency: 2.29% of 1-11:50:24 core-walltime
Job Wall-clock time: 00:04:48
Memory Utilized: 5.40 GB
Memory Efficiency: 0.36% of 1.48 TB

 +++++++++++++++++++++++++++++++++++++++++++++++++++++++++++++++++++++++++++
 ++   Memory Efficiency is too small. Please review the requested memory. ++
 ++ It seems that you do not need that much memory so we recommend        ++
 ++ requesting less memory in other similar jobs.                         ++
 +++++++++++++++++++++++++++++++++++++++++++++++++++++++++++++++++++++++++++
 
*****************************************************************************


*****************************************************************************
*                                                                           *
*                    JOB EFFICIENCY REPORT (seff 10899149)                   *
*                                                                           *
*****************************************************************************

Job ID: 10899149
Cluster: finisterrae3
User/Group: curso341/ulc
State: COMPLETED (exit code 0)
Nodes: 7
Cores per node: 64
CPU Utilized: 00:49:13
CPU Efficiency: 2.29% of 1-11:50:24 core-walltime
Job Wall-clock time: 00:04:48
Memory Utilized: 5.40 GB
Memory Efficiency: 0.36% of 1.48 TB

 +++++++++++++++++++++++++++++++++++++++++++++++++++++++++++++++++++++++++++
 ++   Memory Efficiency is too small. Please review the requested memory. ++
 ++ It seems that you do not need that much memory so we recommend        ++
 ++ requesting less memory in other similar jobs.                         ++
 +++++++++++++++++++++++++++++++++++++++++++++++++++++++++++++++++++++++++++
 
*****************************************************************************


*****************************************************************************
*                                                                           *
*                    JOB EFFICIENCY REPORT (seff 10899149)                   *
*                                                                           *
*****************************************************************************

Job ID: 10899149
Cluster: finisterrae3
User/Group: curso341/ulc
State: COMPLETED (exit code 0)
Nodes: 7
Cores per node: 64
CPU Utilized: 00:49:13
CPU Efficiency: 2.29% of 1-11:50:24 core-walltime
Job Wall-clock time: 00:04:48
Memory Utilized: 5.40 GB
Memory Efficiency: 0.36% of 1.48 TB

 +++++++++++++++++++++++++++++++++++++++++++++++++++++++++++++++++++++++++++
 ++   Memory Efficiency is too small. Please review the requested memory. ++
 ++ It seems that you do not need that much memory so we recommend        ++
 ++ requesting less memory in other similar jobs.                         ++
 +++++++++++++++++++++++++++++++++++++++++++++++++++++++++++++++++++++++++++
 
*****************************************************************************


*****************************************************************************
*                                                                           *
*                    JOB EFFICIENCY REPORT (seff 10899149)                   *
*                                                                           *
*****************************************************************************

Job ID: 10899149
Cluster: finisterrae3
User/Group: curso341/ulc
State: COMPLETED (exit code 0)
Nodes: 7
Cores per node: 64
CPU Utilized: 00:49:13
CPU Efficiency: 2.29% of 1-11:50:24 core-walltime
Job Wall-clock time: 00:04:48
Memory Utilized: 5.40 GB
Memory Efficiency: 0.36% of 1.48 TB

 +++++++++++++++++++++++++++++++++++++++++++++++++++++++++++++++++++++++++++
 ++   Memory Efficiency is too small. Please review the requested memory. ++
 ++ It seems that you do not need that much memory so we recommend        ++
 ++ requesting less memory in other similar jobs.                         ++
 +++++++++++++++++++++++++++++++++++++++++++++++++++++++++++++++++++++++++++
 
*****************************************************************************


*****************************************************************************
*                                                                           *
*                    JOB EFFICIENCY REPORT (seff 10899149)                   *
*                                                                           *
*****************************************************************************

Job ID: 10899149
Cluster: finisterrae3
User/Group: curso341/ulc
State: COMPLETED (exit code 0)
Nodes: 7
Cores per node: 64
CPU Utilized: 01:26:29
CPU Efficiency: 4.02% of 1-11:50:24 core-walltime
Job Wall-clock time: 00:04:48
Memory Utilized: 5.40 GB
Memory Efficiency: 0.36% of 1.48 TB

 +++++++++++++++++++++++++++++++++++++++++++++++++++++++++++++++++++++++++++
 ++   Memory Efficiency is too small. Please review the requested memory. ++
 ++ It seems that you do not need that much memory so we recommend        ++
 ++ requesting less memory in other similar jobs.                         ++
 +++++++++++++++++++++++++++++++++++++++++++++++++++++++++++++++++++++++++++
 
*****************************************************************************


*****************************************************************************
*                                                                           *
*                    JOB EFFICIENCY REPORT (seff 10899149)                   *
*                                                                           *
*****************************************************************************

Job ID: 10899149
Cluster: finisterrae3
User/Group: curso341/ulc
State: COMPLETED (exit code 0)
Nodes: 7
Cores per node: 64
CPU Utilized: 01:26:29
CPU Efficiency: 4.02% of 1-11:50:24 core-walltime
Job Wall-clock time: 00:04:48
Memory Utilized: 5.40 GB
Memory Efficiency: 0.36% of 1.48 TB

 +++++++++++++++++++++++++++++++++++++++++++++++++++++++++++++++++++++++++++
 ++   Memory Efficiency is too small. Please review the requested memory. ++
 ++ It seems that you do not need that much memory so we recommend        ++
 ++ requesting less memory in other similar jobs.                         ++
 +++++++++++++++++++++++++++++++++++++++++++++++++++++++++++++++++++++++++++
 
*****************************************************************************


*****************************************************************************
*                                                                           *
*                    JOB EFFICIENCY REPORT (seff 10899149)                   *
*                                                                           *
*****************************************************************************

Job ID: 10899149
Cluster: finisterrae3
User/Group: curso341/ulc
State: COMPLETED (exit code 0)
Nodes: 7
Cores per node: 64
CPU Utilized: 01:27:18
CPU Efficiency: 4.06% of 1-11:50:24 core-walltime
Job Wall-clock time: 00:04:48
Memory Utilized: 5.40 GB
Memory Efficiency: 0.36% of 1.48 TB

 +++++++++++++++++++++++++++++++++++++++++++++++++++++++++++++++++++++++++++
 ++   Memory Efficiency is too small. Please review the requested memory. ++
 ++ It seems that you do not need that much memory so we recommend        ++
 ++ requesting less memory in other similar jobs.                         ++
 +++++++++++++++++++++++++++++++++++++++++++++++++++++++++++++++++++++++++++
 
*****************************************************************************

