slurmstepd: info: Setting TMPDIR to /scratch/10932559. Previous errors about TMPDIR can be discarded
Slurm job started at 10/03/2025_06:49:12 PM

In transit.
Initing Ray (1 head node + 8 worker nodes + 8 simulation nodes) on nodes: 
	ilk-145 ilk-146 ilk-147 ilk-148 ilk-150 ilk-151 ilk-152 ilk-153 ilk-154 ilk-155 ilk-156 ilk-159 ilk-160 ilk-161 ilk-162 ilk-163 ilk-164
Head node: 172.30.204.1:6379


RAY_DEPLOY_TIME:     24.40845
RAY_INIT_TIME:       3.18687
Iter [0]
2025-03-10 18:49:41,908	INFO packaging.py:520 -- Creating a file package for local directory '/mnt/lustre/scratch/nlsas/home/ulc/cursos/curso341/dask_on_reisa_tests/E5/REISA_ONE_ACTOR/derivative/P16-SN8-LS536-GS8589-I10-AN8-D2025-03-10_18-37-23'.
2025-03-10 18:49:42,012	INFO packaging.py:347 -- Pushing file package 'gcs://_ray_pkg_8fb9d2d4ea0831d1.zip' (0.48MiB) to Ray cluster...
2025-03-10 18:49:42,019	INFO packaging.py:360 -- Successfully pushed file package 'gcs://_ray_pkg_8fb9d2d4ea0831d1.zip'.
Iter [1]
Iter [2]
Iter [3]
Iter [4]
Iter [5]
Iter [6]
Iter [7]
Iter [8]
Iter [9]
GLOBAL_PUT_TIME:     8.44956660270691 (avg:0.84496)
ACTOR_CONCURRENCY:   8
SIMULATION_TIME:     60.191419470999996 (avg: 6.019141947100000)
SIM_WTHOUT_PDI:      48.512042659000002 (avg: 4.851204265900000)
PDI_DELAY:           11.679376811999994 (avg: 1.167937681199999)

GLOBAL_SIZE_(GiB):   8388608
LOCAL_SIZE_(MiB):    512
ITERATIONS:          10

MPI_PER_NODE:        2
MPI_PARALLELISM:     16

WORKER_NODES:        8
CPUS_PER_WORKER:     64
WORKER_PARALLELISM:  512


SLURM_JOB_ID:        10932559
EST_ANALYTICS_TIME:  61.35856 (avg:6.13586)

Slurm job finished at 10/03/2025_06:50:48 PM

*****************************************************************************
*                                                                           *
*                    JOB EFFICIENCY REPORT (seff 10932559)                   *
*                                                                           *
*****************************************************************************

Job ID: 10932559
Cluster: finisterrae3
User/Group: curso341/ulc
State: COMPLETED (exit code 0)
Nodes: 17
Cores per node: 64
CPU Utilized: 00:15:58
CPU Efficiency: 0.90% of 1-05:37:04 core-walltime
Job Wall-clock time: 00:01:38
Memory Utilized: 19.83 GB (estimated maximum)
Memory Efficiency: 0.54% of 3.60 TB (3.39 GB/core)

 +++++++++++++++++++++++++++++++++++++++++++++++++++++++++++++++++++++++++++
 ++   Memory Efficiency is too small. Please review the requested memory. ++
 ++ It seems that you do not need that much memory so we recommend        ++
 ++ requesting less memory in other similar jobs.                         ++
 +++++++++++++++++++++++++++++++++++++++++++++++++++++++++++++++++++++++++++
 
*****************************************************************************













*****************************************************************************
*****************************************************************************
*****************************************************************************
*****************************************************************************
*****************************************************************************
*****************************************************************************
*****************************************************************************
*****************************************************************************
*****************************************************************************
*****************************************************************************

*****************************************************************************
*****************************************************************************
*                                                                           *
*                                                                           *
*                                                                           *
*                                                                           *
*                                                                           *
*                                                                           *
*                                                                           *
*                                                                           *
*                                                                           *
*                                                                           *
*****************************************************************************
*                                                                           *
*                                                                           *
*                    JOB EFFICIENCY REPORT (seff 10932559)                   *
*                    JOB EFFICIENCY REPORT (seff 10932559)                   *
*                    JOB EFFICIENCY REPORT (seff 10932559)                   *
*                    JOB EFFICIENCY REPORT (seff 10932559)                   *
*                    JOB EFFICIENCY REPORT (seff 10932559)                   *
*                    JOB EFFICIENCY REPORT (seff 10932559)                   *
*                    JOB EFFICIENCY REPORT (seff 10932559)                   *
*                    JOB EFFICIENCY REPORT (seff 10932559)                   *
*                    JOB EFFICIENCY REPORT (seff 10932559)                   *
*                    JOB EFFICIENCY REPORT (seff 10932559)                   *
*                                                                           *
*                    JOB EFFICIENCY REPORT (seff 10932559)                   *
*                    JOB EFFICIENCY REPORT (seff 10932559)                   *
*                                                                           *
*                                                                           *
*                                                                           *
*                                                                           *
*                                                                           *
*                                                                           *
*                                                                           *
*                                                                           *
*                                                                           *
*                                                                           *
*                    JOB EFFICIENCY REPORT (seff 10932559)                   *
*                                                                           *
*                                                                           *
*****************************************************************************
*****************************************************************************
*****************************************************************************
*****************************************************************************
*****************************************************************************
*****************************************************************************
*****************************************************************************
*****************************************************************************
*****************************************************************************
*****************************************************************************
*                                                                           *
*****************************************************************************
*****************************************************************************










*****************************************************************************


Job ID: 10932559
Job ID: 10932559
Job ID: 10932559
Job ID: 10932559
Job ID: 10932559
Job ID: 10932559
Job ID: 10932559
Job ID: 10932559
Job ID: 10932559
Job ID: 10932559

Job ID: 10932559
Job ID: 10932559
Cluster: finisterrae3
Cluster: finisterrae3
Cluster: finisterrae3
Cluster: finisterrae3
Cluster: finisterrae3
Cluster: finisterrae3
Cluster: finisterrae3
Cluster: finisterrae3
Cluster: finisterrae3
Cluster: finisterrae3
Job ID: 10932559
Cluster: finisterrae3
Cluster: finisterrae3
User/Group: curso341/ulc
User/Group: curso341/ulc
User/Group: curso341/ulc
User/Group: curso341/ulc
User/Group: curso341/ulc
User/Group: curso341/ulc
User/Group: curso341/ulc
User/Group: curso341/ulc
User/Group: curso341/ulc



User/Group: curso341/ulc
Cluster: finisterrae3
User/Group: curso341/ulc
User/Group: curso341/ulc
State: COMPLETED (exit code 0)
State: COMPLETED (exit code 0)
State: COMPLETED (exit code 0)
State: COMPLETED (exit code 0)
State: COMPLETED (exit code 0)
State: COMPLETED (exit code 0)
State: COMPLETED (exit code 0)
State: COMPLETED (exit code 0)
State: COMPLETED (exit code 0)
*****************************************************************************
*****************************************************************************
*****************************************************************************
State: COMPLETED (exit code 0)
User/Group: curso341/ulc
State: COMPLETED (exit code 0)
State: COMPLETED (exit code 0)
Nodes: 17
Nodes: 17
Nodes: 17
Nodes: 17
Nodes: 17
Nodes: 17
Nodes: 17
Nodes: 17
Nodes: 17
*                                                                           *
*                                                                           *
*                                                                           *
Nodes: 17
State: COMPLETED (exit code 0)
Nodes: 17
Nodes: 17
Cores per node: 64
Cores per node: 64
Cores per node: 64
Cores per node: 64
Cores per node: 64
Cores per node: 64
Cores per node: 64
Cores per node: 64
Cores per node: 64
*                    JOB EFFICIENCY REPORT (seff 10932559)                   *
*                    JOB EFFICIENCY REPORT (seff 10932559)                   *
*                    JOB EFFICIENCY REPORT (seff 10932559)                   *
Cores per node: 64
Nodes: 17
Cores per node: 64
Cores per node: 64
CPU Utilized: 00:15:58
CPU Utilized: 00:15:58
CPU Utilized: 00:15:58
CPU Utilized: 00:15:58
CPU Utilized: 00:18:39
CPU Utilized: 00:18:39
CPU Utilized: 00:18:39
CPU Utilized: 00:18:39
CPU Utilized: 00:18:39
*                                                                           *
*                                                                           *
*                                                                           *
CPU Utilized: 00:18:39
Cores per node: 64
CPU Utilized: 00:18:39
CPU Utilized: 00:18:39
CPU Efficiency: 0.90% of 1-05:37:04 core-walltime
CPU Efficiency: 0.90% of 1-05:37:04 core-walltime
CPU Efficiency: 0.90% of 1-05:37:04 core-walltime
CPU Efficiency: 0.90% of 1-05:37:04 core-walltime
CPU Efficiency: 1.05% of 1-05:37:04 core-walltime
CPU Efficiency: 1.05% of 1-05:37:04 core-walltime
CPU Efficiency: 1.05% of 1-05:37:04 core-walltime
CPU Efficiency: 1.05% of 1-05:37:04 core-walltime
CPU Efficiency: 1.05% of 1-05:37:04 core-walltime
*****************************************************************************
*****************************************************************************
*****************************************************************************
CPU Efficiency: 1.05% of 1-05:37:04 core-walltime
CPU Utilized: 00:19:03
CPU Efficiency: 1.05% of 1-05:37:04 core-walltime
CPU Efficiency: 1.05% of 1-05:37:04 core-walltime
Job Wall-clock time: 00:01:38
Job Wall-clock time: 00:01:38
Job Wall-clock time: 00:01:38
Job Wall-clock time: 00:01:38
Job Wall-clock time: 00:01:38
Job Wall-clock time: 00:01:38
Job Wall-clock time: 00:01:38
Job Wall-clock time: 00:01:38
Job Wall-clock time: 00:01:38



Job Wall-clock time: 00:01:38
CPU Efficiency: 1.07% of 1-05:37:04 core-walltime
Job Wall-clock time: 00:01:38
Job Wall-clock time: 00:01:38
Memory Utilized: 19.83 GB (estimated maximum)
Memory Utilized: 19.83 GB (estimated maximum)
Memory Utilized: 19.83 GB (estimated maximum)
Memory Utilized: 19.83 GB (estimated maximum)
Memory Utilized: 19.83 GB (estimated maximum)
Memory Utilized: 19.83 GB (estimated maximum)
Memory Utilized: 19.83 GB (estimated maximum)
Memory Utilized: 19.83 GB (estimated maximum)
Memory Utilized: 19.83 GB (estimated maximum)
Job ID: 10932559
Job ID: 10932559
Job ID: 10932559
Memory Utilized: 19.83 GB (estimated maximum)
Job Wall-clock time: 00:01:38
Memory Utilized: 19.83 GB (estimated maximum)
Memory Utilized: 19.83 GB (estimated maximum)
Memory Efficiency: 0.54% of 3.60 TB (3.39 GB/core)
Memory Efficiency: 0.54% of 3.60 TB (3.39 GB/core)
Memory Efficiency: 0.54% of 3.60 TB (3.39 GB/core)
Memory Efficiency: 0.54% of 3.60 TB (3.39 GB/core)
Memory Efficiency: 0.54% of 3.60 TB (3.39 GB/core)
Memory Efficiency: 0.54% of 3.60 TB (3.39 GB/core)
Memory Efficiency: 0.54% of 3.60 TB (3.39 GB/core)
Memory Efficiency: 0.54% of 3.60 TB (3.39 GB/core)
Memory Efficiency: 0.54% of 3.60 TB (3.39 GB/core)
Cluster: finisterrae3
Cluster: finisterrae3
Cluster: finisterrae3
Memory Efficiency: 0.54% of 3.60 TB (3.39 GB/core)
Memory Utilized: 19.83 GB (estimated maximum)
Memory Efficiency: 0.54% of 3.60 TB (3.39 GB/core)
Memory Efficiency: 0.54% of 3.60 TB (3.39 GB/core)









User/Group: curso341/ulc
User/Group: curso341/ulc
User/Group: curso341/ulc

Memory Efficiency: 0.54% of 3.60 TB (3.39 GB/core)


 +++++++++++++++++++++++++++++++++++++++++++++++++++++++++++++++++++++++++++
 +++++++++++++++++++++++++++++++++++++++++++++++++++++++++++++++++++++++++++
 +++++++++++++++++++++++++++++++++++++++++++++++++++++++++++++++++++++++++++
 +++++++++++++++++++++++++++++++++++++++++++++++++++++++++++++++++++++++++++
 +++++++++++++++++++++++++++++++++++++++++++++++++++++++++++++++++++++++++++
 +++++++++++++++++++++++++++++++++++++++++++++++++++++++++++++++++++++++++++
 +++++++++++++++++++++++++++++++++++++++++++++++++++++++++++++++++++++++++++
 +++++++++++++++++++++++++++++++++++++++++++++++++++++++++++++++++++++++++++
 +++++++++++++++++++++++++++++++++++++++++++++++++++++++++++++++++++++++++++
State: COMPLETED (exit code 0)
State: COMPLETED (exit code 0)
State: COMPLETED (exit code 0)
 +++++++++++++++++++++++++++++++++++++++++++++++++++++++++++++++++++++++++++

 +++++++++++++++++++++++++++++++++++++++++++++++++++++++++++++++++++++++++++
 +++++++++++++++++++++++++++++++++++++++++++++++++++++++++++++++++++++++++++
 ++   Memory Efficiency is too small. Please review the requested memory. ++
 ++   Memory Efficiency is too small. Please review the requested memory. ++
 ++   Memory Efficiency is too small. Please review the requested memory. ++
 ++   Memory Efficiency is too small. Please review the requested memory. ++
 ++   Memory Efficiency is too small. Please review the requested memory. ++
 ++   Memory Efficiency is too small. Please review the requested memory. ++
 ++   Memory Efficiency is too small. Please review the requested memory. ++
 ++   Memory Efficiency is too small. Please review the requested memory. ++
 ++   Memory Efficiency is too small. Please review the requested memory. ++
Nodes: 17
Nodes: 17
Nodes: 17
 ++   Memory Efficiency is too small. Please review the requested memory. ++
 +++++++++++++++++++++++++++++++++++++++++++++++++++++++++++++++++++++++++++
 ++   Memory Efficiency is too small. Please review the requested memory. ++
 ++   Memory Efficiency is too small. Please review the requested memory. ++
 ++ It seems that you do not need that much memory so we recommend        ++
 ++ It seems that you do not need that much memory so we recommend        ++
 ++ It seems that you do not need that much memory so we recommend        ++
 ++ It seems that you do not need that much memory so we recommend        ++
 ++ It seems that you do not need that much memory so we recommend        ++
 ++ It seems that you do not need that much memory so we recommend        ++
 ++ It seems that you do not need that much memory so we recommend        ++
 ++ It seems that you do not need that much memory so we recommend        ++
 ++ It seems that you do not need that much memory so we recommend        ++
Cores per node: 64
Cores per node: 64
Cores per node: 64
 ++ It seems that you do not need that much memory so we recommend        ++
 ++   Memory Efficiency is too small. Please review the requested memory. ++
 ++ It seems that you do not need that much memory so we recommend        ++
 ++ It seems that you do not need that much memory so we recommend        ++
 ++ requesting less memory in other similar jobs.                         ++
 ++ requesting less memory in other similar jobs.                         ++
 ++ requesting less memory in other similar jobs.                         ++
 ++ requesting less memory in other similar jobs.                         ++
 ++ requesting less memory in other similar jobs.                         ++
 ++ requesting less memory in other similar jobs.                         ++
 ++ requesting less memory in other similar jobs.                         ++
 ++ requesting less memory in other similar jobs.                         ++
 ++ requesting less memory in other similar jobs.                         ++
CPU Utilized: 00:32:25
CPU Utilized: 00:32:25
CPU Utilized: 00:32:25
 ++ requesting less memory in other similar jobs.                         ++
 ++ It seems that you do not need that much memory so we recommend        ++
 ++ requesting less memory in other similar jobs.                         ++
 ++ requesting less memory in other similar jobs.                         ++
 +++++++++++++++++++++++++++++++++++++++++++++++++++++++++++++++++++++++++++
 +++++++++++++++++++++++++++++++++++++++++++++++++++++++++++++++++++++++++++
 +++++++++++++++++++++++++++++++++++++++++++++++++++++++++++++++++++++++++++
 +++++++++++++++++++++++++++++++++++++++++++++++++++++++++++++++++++++++++++
 +++++++++++++++++++++++++++++++++++++++++++++++++++++++++++++++++++++++++++
 +++++++++++++++++++++++++++++++++++++++++++++++++++++++++++++++++++++++++++
 +++++++++++++++++++++++++++++++++++++++++++++++++++++++++++++++++++++++++++
 +++++++++++++++++++++++++++++++++++++++++++++++++++++++++++++++++++++++++++
 +++++++++++++++++++++++++++++++++++++++++++++++++++++++++++++++++++++++++++
CPU Efficiency: 1.82% of 1-05:37:04 core-walltime
CPU Efficiency: 1.82% of 1-05:37:04 core-walltime
CPU Efficiency: 1.82% of 1-05:37:04 core-walltime
 +++++++++++++++++++++++++++++++++++++++++++++++++++++++++++++++++++++++++++
 ++ requesting less memory in other similar jobs.                         ++
 +++++++++++++++++++++++++++++++++++++++++++++++++++++++++++++++++++++++++++
 +++++++++++++++++++++++++++++++++++++++++++++++++++++++++++++++++++++++++++
 
 
 
 
 
 
 
 
 
Job Wall-clock time: 00:01:38
Job Wall-clock time: 00:01:38
Job Wall-clock time: 00:01:38
 
 +++++++++++++++++++++++++++++++++++++++++++++++++++++++++++++++++++++++++++
 
 
*****************************************************************************
*****************************************************************************
*****************************************************************************
*****************************************************************************
*****************************************************************************
*****************************************************************************
*****************************************************************************
*****************************************************************************
*****************************************************************************
Memory Utilized: 16.03 GB
Memory Utilized: 16.03 GB
Memory Utilized: 16.03 GB
*****************************************************************************
 
*****************************************************************************
*****************************************************************************









Memory Efficiency: 0.43% of 3.60 TB
Memory Efficiency: 0.43% of 3.60 TB
Memory Efficiency: 0.43% of 3.60 TB

*****************************************************************************






 +++++++++++++++++++++++++++++++++++++++++++++++++++++++++++++++++++++++++++
 +++++++++++++++++++++++++++++++++++++++++++++++++++++++++++++++++++++++++++
 +++++++++++++++++++++++++++++++++++++++++++++++++++++++++++++++++++++++++++
 ++   Memory Efficiency is too small. Please review the requested memory. ++
 ++   Memory Efficiency is too small. Please review the requested memory. ++
 ++   Memory Efficiency is too small. Please review the requested memory. ++
 ++ It seems that you do not need that much memory so we recommend        ++
 ++ It seems that you do not need that much memory so we recommend        ++
 ++ It seems that you do not need that much memory so we recommend        ++
 ++ requesting less memory in other similar jobs.                         ++
 ++ requesting less memory in other similar jobs.                         ++
 ++ requesting less memory in other similar jobs.                         ++
 +++++++++++++++++++++++++++++++++++++++++++++++++++++++++++++++++++++++++++
 +++++++++++++++++++++++++++++++++++++++++++++++++++++++++++++++++++++++++++
 +++++++++++++++++++++++++++++++++++++++++++++++++++++++++++++++++++++++++++
 
 
 
*****************************************************************************
*****************************************************************************
*****************************************************************************



