slurmstepd: info: Setting TMPDIR to /scratch/10932561. Previous errors about TMPDIR can be discarded
Slurm job started at 10/03/2025_07:08:04 PM

In transit.
Initing Ray (1 head node + 2 worker nodes + 4 simulation nodes) on nodes: 
	ilk-153 ilk-154 ilk-155 ilk-156 ilk-159 ilk-160 ilk-161
Head node: 172.30.204.9:6379


RAY_DEPLOY_TIME:     23.75100
2025-03-10 19:08:34,082	INFO packaging.py:520 -- Creating a file package for local directory '/mnt/lustre/scratch/nlsas/home/ulc/cursos/curso341/dask_on_reisa_tests/E5/REISA_ONE_ACTOR/derivative/P128-SN4-LS1-GS134-I10-AN2-D2025-03-10_18-37-27'.
2025-03-10 19:08:34,109	INFO packaging.py:347 -- Pushing file package 'gcs://_ray_pkg_bfa2590cdd6af9cb.zip' (0.48MiB) to Ray cluster...
2025-03-10 19:08:34,116	INFO packaging.py:360 -- Successfully pushed file package 'gcs://_ray_pkg_bfa2590cdd6af9cb.zip'.
RAY_INIT_TIME:       4.00407
Iter [0]
Iter [1]
Iter [2]
Iter [3]
Iter [4]
Iter [5]
Iter [6]
Iter [7]
Iter [8]
Iter [9]
GLOBAL_PUT_TIME:     0.03841733932495117 (avg:0.00384)
ACTOR_CONCURRENCY:   8
EST_ANALYTICS_TIME:  20.44523 (avg:2.04452)
SIMULATION_TIME:     24.331259608000003 (avg: 2.433125960800000)
SIM_WTHOUT_PDI:      15.410314285000002 (avg: 1.541031428500000)
PDI_DELAY:           8.920945323000002 (avg: 0.892094532300000)

GLOBAL_SIZE_(GiB):   131072
LOCAL_SIZE_(MiB):    1
ITERATIONS:          10

MPI_PER_NODE:        32
MPI_PARALLELISM:     128

WORKER_NODES:        2
CPUS_PER_WORKER:     64
WORKER_PARALLELISM:  128


SLURM_JOB_ID:        10932561

Slurm job finished at 10/03/2025_07:09:00 PM

*****************************************************************************
*                                                                           *
*                    JOB EFFICIENCY REPORT (seff 10932561)                   *
*                                                                           *
*****************************************************************************

Job ID: 10932561
Cluster: finisterrae3
User/Group: curso341/ulc
State: COMPLETED (exit code 0)
Nodes: 7
Cores per node: 64
CPU Utilized: 00:34:58
CPU Efficiency: 8.22% of 07:05:36 core-walltime
Job Wall-clock time: 00:00:57
Memory Utilized: 2.85 GB
Memory Efficiency: 0.19% of 1.48 TB

 +++++++++++++++++++++++++++++++++++++++++++++++++++++++++++++++++++++++++++
 ++   Memory Efficiency is too small. Please review the requested memory. ++
 ++ It seems that you do not need that much memory so we recommend        ++
 ++ requesting less memory in other similar jobs.                         ++
 +++++++++++++++++++++++++++++++++++++++++++++++++++++++++++++++++++++++++++
 
*****************************************************************************


*****************************************************************************
*                                                                           *
*                    JOB EFFICIENCY REPORT (seff 10932561)                   *
*                                                                           *
*****************************************************************************

Job ID: 10932561
Cluster: finisterrae3
User/Group: curso341/ulc
State: COMPLETED (exit code 0)
Nodes: 7
Cores per node: 64
CPU Utilized: 00:34:58
CPU Efficiency: 8.22% of 07:05:36 core-walltime
Job Wall-clock time: 00:00:57
Memory Utilized: 2.85 GB
Memory Efficiency: 0.19% of 1.48 TB

 +++++++++++++++++++++++++++++++++++++++++++++++++++++++++++++++++++++++++++
 ++   Memory Efficiency is too small. Please review the requested memory. ++
 ++ It seems that you do not need that much memory so we recommend        ++
 ++ requesting less memory in other similar jobs.                         ++
 +++++++++++++++++++++++++++++++++++++++++++++++++++++++++++++++++++++++++++
 
*****************************************************************************


*****************************************************************************
*                                                                           *
*                    JOB EFFICIENCY REPORT (seff 10932561)                   *
*                                                                           *
*****************************************************************************

Job ID: 10932561
Cluster: finisterrae3
User/Group: curso341/ulc
State: COMPLETED (exit code 0)
Nodes: 7
Cores per node: 64
CPU Utilized: 00:34:58
CPU Efficiency: 8.22% of 07:05:36 core-walltime
Job Wall-clock time: 00:00:57
Memory Utilized: 2.85 GB
Memory Efficiency: 0.19% of 1.48 TB

 +++++++++++++++++++++++++++++++++++++++++++++++++++++++++++++++++++++++++++
 ++   Memory Efficiency is too small. Please review the requested memory. ++
 ++ It seems that you do not need that much memory so we recommend        ++
 ++ requesting less memory in other similar jobs.                         ++
 +++++++++++++++++++++++++++++++++++++++++++++++++++++++++++++++++++++++++++
 
*****************************************************************************


*****************************************************************************
*                                                                           *
*                    JOB EFFICIENCY REPORT (seff 10932561)                   *
*                                                                           *
*****************************************************************************

Job ID: 10932561
Cluster: finisterrae3
User/Group: curso341/ulc
State: COMPLETED (exit code 0)
Nodes: 7
Cores per node: 64
CPU Utilized: 00:34:58
CPU Efficiency: 8.22% of 07:05:36 core-walltime
Job Wall-clock time: 00:00:57
Memory Utilized: 2.85 GB
Memory Efficiency: 0.19% of 1.48 TB

 +++++++++++++++++++++++++++++++++++++++++++++++++++++++++++++++++++++++++++
 ++   Memory Efficiency is too small. Please review the requested memory. ++
 ++ It seems that you do not need that much memory so we recommend        ++
 ++ requesting less memory in other similar jobs.                         ++
 +++++++++++++++++++++++++++++++++++++++++++++++++++++++++++++++++++++++++++
 
*****************************************************************************


*****************************************************************************
*                                                                           *
*                    JOB EFFICIENCY REPORT (seff 10932561)                   *
*                                                                           *
*****************************************************************************

Job ID: 10932561
Cluster: finisterrae3
User/Group: curso341/ulc
State: COMPLETED (exit code 0)
Nodes: 7
Cores per node: 64
CPU Utilized: 00:34:58
CPU Efficiency: 8.22% of 07:05:36 core-walltime
Job Wall-clock time: 00:00:57
Memory Utilized: 2.85 GB
Memory Efficiency: 0.19% of 1.48 TB

 +++++++++++++++++++++++++++++++++++++++++++++++++++++++++++++++++++++++++++
 ++   Memory Efficiency is too small. Please review the requested memory. ++
 ++ It seems that you do not need that much memory so we recommend        ++
 ++ requesting less memory in other similar jobs.                         ++
 +++++++++++++++++++++++++++++++++++++++++++++++++++++++++++++++++++++++++++
 
*****************************************************************************


*****************************************************************************
*                                                                           *
*                    JOB EFFICIENCY REPORT (seff 10932561)                   *
*                                                                           *
*****************************************************************************

Job ID: 10932561
Cluster: finisterrae3
User/Group: curso341/ulc
State: COMPLETED (exit code 0)
Nodes: 7
Cores per node: 64
CPU Utilized: 00:34:58
CPU Efficiency: 8.22% of 07:05:36 core-walltime
Job Wall-clock time: 00:00:57
Memory Utilized: 2.85 GB
Memory Efficiency: 0.19% of 1.48 TB

 +++++++++++++++++++++++++++++++++++++++++++++++++++++++++++++++++++++++++++
 ++   Memory Efficiency is too small. Please review the requested memory. ++
 ++ It seems that you do not need that much memory so we recommend        ++
 ++ requesting less memory in other similar jobs.                         ++
 +++++++++++++++++++++++++++++++++++++++++++++++++++++++++++++++++++++++++++
 
*****************************************************************************


*****************************************************************************
*                                                                           *
*                    JOB EFFICIENCY REPORT (seff 10932561)                   *
*                                                                           *
*****************************************************************************

Job ID: 10932561
Cluster: finisterrae3
User/Group: curso341/ulc
State: COMPLETED (exit code 0)
Nodes: 7
Cores per node: 64
CPU Utilized: 00:35:18
CPU Efficiency: 8.29% of 07:05:36 core-walltime
Job Wall-clock time: 00:00:57
Memory Utilized: 2.85 GB
Memory Efficiency: 0.19% of 1.48 TB

 +++++++++++++++++++++++++++++++++++++++++++++++++++++++++++++++++++++++++++
 ++   Memory Efficiency is too small. Please review the requested memory. ++
 ++ It seems that you do not need that much memory so we recommend        ++
 ++ requesting less memory in other similar jobs.                         ++
 +++++++++++++++++++++++++++++++++++++++++++++++++++++++++++++++++++++++++++
 
*****************************************************************************

