slurmstepd: info: Setting TMPDIR to /scratch/10899118. Previous errors about TMPDIR can be discarded
Slurm job started at 07/03/2025_10:57:18 AM

In transit.
Initing Ray (1 head node + 2 worker nodes + 2 simulation nodes) on nodes: 
	ilk-245 ilk-246 ilk-247 ilk-248 ilk-249
Head node: 172.30.211.18:6379


RAY_DEPLOY_TIME:     23.48773
2025-03-07 10:57:45,009	INFO packaging.py:520 -- Creating a file package for local directory '/mnt/lustre/scratch/nlsas/home/ulc/cursos/curso341/dask_on_reisa_tests/E1/DASK_ON_REISA/derivative/P4-SN2-LS536-GS2147-I10-AN2-D2025-03-07_09-35-06'.
2025-03-07 10:57:45,037	INFO packaging.py:347 -- Pushing file package 'gcs://_ray_pkg_daaa2039e2265b2d.zip' (0.48MiB) to Ray cluster...
2025-03-07 10:57:45,043	INFO packaging.py:360 -- Successfully pushed file package 'gcs://_ray_pkg_daaa2039e2265b2d.zip'.
RAY_INIT_TIME:       3.43802
Iter [0]
Iter [1]
Iter [2]
[2m[36m(iter_task pid=2020911, ip=10.120.211.20)[0m /home/ulc/cursos/curso341/.local/lib/python3.9/site-packages/dask/config.py:693: UserWarning: Configuration key "shuffle" has been deprecated. Please use "dataframe.shuffle.algorithm" instead
[2m[36m(iter_task pid=2020911, ip=10.120.211.20)[0m   warnings.warn(
[2m[36m(iter_task pid=2020907, ip=10.120.211.20)[0m /home/ulc/cursos/curso341/.local/lib/python3.9/site-packages/dask/config.py:693: UserWarning: Configuration key "shuffle" has been deprecated. Please use "dataframe.shuffle.algorithm" instead
[2m[36m(iter_task pid=2020907, ip=10.120.211.20)[0m   warnings.warn(
[2m[36m(iter_task pid=2020906, ip=10.120.211.20)[0m /home/ulc/cursos/curso341/.local/lib/python3.9/site-packages/dask/config.py:693: UserWarning: Configuration key "shuffle" has been deprecated. Please use "dataframe.shuffle.algorithm" instead
[2m[36m(iter_task pid=2020906, ip=10.120.211.20)[0m   warnings.warn(
[2m[36m(iter_task pid=2020910, ip=10.120.211.20)[0m /home/ulc/cursos/curso341/.local/lib/python3.9/site-packages/dask/config.py:693: UserWarning: Configuration key "shuffle" has been deprecated. Please use "dataframe.shuffle.algorithm" instead
[2m[36m(iter_task pid=2020910, ip=10.120.211.20)[0m   warnings.warn(
[2m[36m(iter_task pid=2020908, ip=10.120.211.20)[0m /home/ulc/cursos/curso341/.local/lib/python3.9/site-packages/dask/config.py:693: UserWarning: Configuration key "shuffle" has been deprecated. Please use "dataframe.shuffle.algorithm" instead
[2m[36m(iter_task pid=2020908, ip=10.120.211.20)[0m   warnings.warn(
[2m[36m(iter_task pid=2020909, ip=10.120.211.20)[0m /home/ulc/cursos/curso341/.local/lib/python3.9/site-packages/dask/config.py:693: UserWarning: Configuration key "shuffle" has been deprecated. Please use "dataframe.shuffle.algorithm" instead
[2m[36m(iter_task pid=2020909, ip=10.120.211.20)[0m   warnings.warn(
Iter [3]
Iter [4]
Iter [5]
Iter [6]
Iter [7]
Iter [8]
Iter [9]
GLOBAL_PUT_TIME:     8.568804740905762 (avg:0.85688)
ACTOR_CONCURRENCY:   8
SIMULATION_TIME:     65.391789391000003 (avg: 6.539178939100000)
SIM_WTHOUT_PDI:      48.411308370999997 (avg: 4.841130837100000)
PDI_DELAY:           16.980481020000006 (avg: 1.698048102000001)

GLOBAL_SIZE_(GiB):   2097152
LOCAL_SIZE_(MiB):    512
ITERATIONS:          10

MPI_PER_NODE:        2
MPI_PARALLELISM:     4

WORKER_NODES:        2
CPUS_PER_WORKER:     64
WORKER_PARALLELISM:  128


SLURM_JOB_ID:        10899118
EST_ANALYTICS_TIME:  186.11459 (avg:18.61146)

Slurm job finished at 07/03/2025_11:00:55 AM

*****************************************************************************
*                                                                           *
*                    JOB EFFICIENCY REPORT (seff 10899118)                   *
*                                                                           *
*****************************************************************************

Job ID: 10899118
Cluster: finisterrae3
User/Group: curso341/ulc
State: COMPLETED (exit code 0)
Nodes: 5
Cores per node: 64
CPU Utilized: 00:11:07
CPU Efficiency: 0.95% of 19:28:00 core-walltime
Job Wall-clock time: 00:03:39
Memory Utilized: 6.67 GB
Memory Efficiency: 0.61% of 1.06 TB

 +++++++++++++++++++++++++++++++++++++++++++++++++++++++++++++++++++++++++++
 ++   Memory Efficiency is too small. Please review the requested memory. ++
 ++ It seems that you do not need that much memory so we recommend        ++
 ++ requesting less memory in other similar jobs.                         ++
 +++++++++++++++++++++++++++++++++++++++++++++++++++++++++++++++++++++++++++
 
*****************************************************************************


*****************************************************************************
*                                                                           *
*                    JOB EFFICIENCY REPORT (seff 10899118)                   *
*                                                                           *
*****************************************************************************

Job ID: 10899118
Cluster: finisterrae3
User/Group: curso341/ulc
State: COMPLETED (exit code 0)
Nodes: 5
Cores per node: 64
CPU Utilized: 00:24:49
CPU Efficiency: 2.12% of 19:28:00 core-walltime
Job Wall-clock time: 00:03:39
Memory Utilized: 36.52 GB
Memory Efficiency: 3.37% of 1.06 TB

 +++++++++++++++++++++++++++++++++++++++++++++++++++++++++++++++++++++++++++
 ++   Memory Efficiency is too small. Please review the requested memory. ++
 ++ It seems that you do not need that much memory so we recommend        ++
 ++ requesting less memory in other similar jobs.                         ++
 +++++++++++++++++++++++++++++++++++++++++++++++++++++++++++++++++++++++++++
 
*****************************************************************************


*****************************************************************************
*                                                                           *
*                    JOB EFFICIENCY REPORT (seff 10899118)                   *
*                                                                           *
*****************************************************************************

Job ID: 10899118
Cluster: finisterrae3
User/Group: curso341/ulc
State: COMPLETED (exit code 0)
Nodes: 5
Cores per node: 64
CPU Utilized: 00:24:49
CPU Efficiency: 2.12% of 19:28:00 core-walltime
Job Wall-clock time: 00:03:39
Memory Utilized: 36.52 GB
Memory Efficiency: 3.37% of 1.06 TB

 +++++++++++++++++++++++++++++++++++++++++++++++++++++++++++++++++++++++++++
 ++   Memory Efficiency is too small. Please review the requested memory. ++
 ++ It seems that you do not need that much memory so we recommend        ++
 ++ requesting less memory in other similar jobs.                         ++
 +++++++++++++++++++++++++++++++++++++++++++++++++++++++++++++++++++++++++++
 
*****************************************************************************


*****************************************************************************
*                                                                           *
*                    JOB EFFICIENCY REPORT (seff 10899118)                   *
*                                                                           *
*****************************************************************************

Job ID: 10899118
Cluster: finisterrae3
User/Group: curso341/ulc
State: COMPLETED (exit code 0)
Nodes: 5
Cores per node: 64
CPU Utilized: 00:24:49
CPU Efficiency: 2.12% of 19:28:00 core-walltime
Job Wall-clock time: 00:03:39
Memory Utilized: 36.52 GB
Memory Efficiency: 3.37% of 1.06 TB

 +++++++++++++++++++++++++++++++++++++++++++++++++++++++++++++++++++++++++++
 ++   Memory Efficiency is too small. Please review the requested memory. ++
 ++ It seems that you do not need that much memory so we recommend        ++
 ++ requesting less memory in other similar jobs.                         ++
 +++++++++++++++++++++++++++++++++++++++++++++++++++++++++++++++++++++++++++
 
*****************************************************************************


*****************************************************************************
*                                                                           *
*                    JOB EFFICIENCY REPORT (seff 10899118)                   *
*                                                                           *
*****************************************************************************

Job ID: 10899118
Cluster: finisterrae3
User/Group: curso341/ulc
State: COMPLETED (exit code 0)
Nodes: 5
Cores per node: 64
CPU Utilized: 00:45:30
CPU Efficiency: 3.90% of 19:28:00 core-walltime
Job Wall-clock time: 00:03:39
Memory Utilized: 36.52 GB
Memory Efficiency: 3.37% of 1.06 TB

 +++++++++++++++++++++++++++++++++++++++++++++++++++++++++++++++++++++++++++
 ++   Memory Efficiency is too small. Please review the requested memory. ++
 ++ It seems that you do not need that much memory so we recommend        ++
 ++ requesting less memory in other similar jobs.                         ++
 +++++++++++++++++++++++++++++++++++++++++++++++++++++++++++++++++++++++++++
 
*****************************************************************************

