slurmstepd: info: Setting TMPDIR to /scratch/10935939. Previous errors about TMPDIR can be discarded
Slurm job started at 11/03/2025_09:27:04 AM

In situ 4,
Initing Ray (1 head node + 8 worker nodes + 16 simulation nodes) on nodes: 
	ilk-59 ilk-64 ilk-84 ilk-88 ilk-195 ilk-196 ilk-206 ilk-211 ilk-214 ilk-216 ilk-217 ilk-220 ilk-221 ilk-222 ilk-223 ilk-225 ilk-228 ilk-229 ilk-230 ilk-233 ilk-235 ilk-236 ilk-237 ilk-238 ilk-239
Head node: 172.30.202.11:6379


RAY_DEPLOY_TIME:     23.21774
2025-03-11 09:27:29,449	INFO packaging.py:520 -- Creating a file package for local directory '/mnt/lustre/scratch/nlsas/home/ulc/cursos/curso341/dask_on_reisa_tests/E6/REISA/derivative/P512-SN16-LS134-GS68719-I10-AN8-D2025-03-11_08-51-29'.
2025-03-11 09:27:29,476	INFO packaging.py:347 -- Pushing file package 'gcs://_ray_pkg_8a84bd3a4453ed4f.zip' (0.48MiB) to Ray cluster...
2025-03-11 09:27:29,482	INFO packaging.py:360 -- Successfully pushed file package 'gcs://_ray_pkg_8a84bd3a4453ed4f.zip'.
RAY_INIT_TIME:       4.63198
Iter [0]
Iter [1]
Iter [2]
Iter [3]
Iter [4]
Iter [5]
Iter [6]
Iter [7]
Iter [8]
Iter [9]
GLOBAL_PUT_TIME:     7.205725193023682 (avg:0.72057)
ACTOR_CONCURRENCY:   8
SIMULATION_TIME:     36.047182894999999 (avg: 3.604718289500000)
SIM_WTHOUT_PDI:      22.553636351999998 (avg: 2.255363635200000)
PDI_DELAY:           13.493546543000001 (avg: 1.349354654300000)

GLOBAL_SIZE_(GiB):   67108864
LOCAL_SIZE_(MiB):    128
ITERATIONS:          10

MPI_PER_NODE:        32
MPI_PARALLELISM:     512

WORKER_NODES:        8
CPUS_PER_WORKER:     64
WORKER_PARALLELISM:  512


SLURM_JOB_ID:        10935939
EST_ANALYTICS_TIME:  49.91753 (avg:4.99175)

Slurm job finished at 11/03/2025_09:28:24 AM



*****************************************************************************
*****************************************************************************

*****************************************************************************
*                                                                           *
*                                                                           *
*****************************************************************************

*                                                                           *
*                    JOB EFFICIENCY REPORT (seff 10935939)                   *
*                    JOB EFFICIENCY REPORT (seff 10935939)                   *
*                                                                           *
*****************************************************************************
*                    JOB EFFICIENCY REPORT (seff 10935939)                   *
*                                                                           *
*                                                                           *
*                    JOB EFFICIENCY REPORT (seff 10935939)                   *
*                                                                           *
*                                                                           *
*****************************************************************************
*****************************************************************************
*                                                                           *
*                    JOB EFFICIENCY REPORT (seff 10935939)                   *
*****************************************************************************


*****************************************************************************
*                                                                           *

Job ID: 10935939
Job ID: 10935939

*****************************************************************************
Job ID: 10935939
Cluster: finisterrae3
Cluster: finisterrae3
Job ID: 10935939

Cluster: finisterrae3
User/Group: curso341/ulc
User/Group: curso341/ulc
Cluster: finisterrae3
Job ID: 10935939

User/Group: curso341/ulc
State: COMPLETED (exit code 0)
State: COMPLETED (exit code 0)
User/Group: curso341/ulc
Cluster: finisterrae3
*****************************************************************************

State: COMPLETED (exit code 0)
Nodes: 25
Nodes: 25
State: COMPLETED (exit code 0)
User/Group: curso341/ulc
*                                                                           *
*****************************************************************************
Nodes: 25
Cores per node: 64
Cores per node: 64
Nodes: 25
State: COMPLETED (exit code 0)
*                    JOB EFFICIENCY REPORT (seff 10935939)                   *
*                                                                           *
Cores per node: 64
CPU Utilized: 04:39:51
CPU Utilized: 04:39:51
Cores per node: 64
Nodes: 25
*                                                                           *
*                    JOB EFFICIENCY REPORT (seff 10935939)                   *
CPU Utilized: 04:39:51
CPU Efficiency: 12.80% of 1-12:26:40 core-walltime
CPU Efficiency: 12.80% of 1-12:26:40 core-walltime
CPU Utilized: 04:39:51

Cores per node: 64
*****************************************************************************
*                                                                           *
CPU Efficiency: 12.80% of 1-12:26:40 core-walltime
Job Wall-clock time: 00:01:22
Job Wall-clock time: 00:01:22
CPU Efficiency: 12.80% of 1-12:26:40 core-walltime
*****************************************************************************
CPU Utilized: 04:39:51

*****************************************************************************
Job Wall-clock time: 00:01:22
Memory Utilized: 198.58 GB (estimated maximum)
Memory Utilized: 198.58 GB (estimated maximum)
Job Wall-clock time: 00:01:22
*                                                                           *
CPU Efficiency: 12.80% of 1-12:26:40 core-walltime
Job ID: 10935939

Memory Utilized: 198.58 GB (estimated maximum)
Memory Efficiency: 3.66% of 5.30 TB (3.39 GB/core)
Memory Efficiency: 3.66% of 5.30 TB (3.39 GB/core)
Memory Utilized: 198.58 GB (estimated maximum)
*                    JOB EFFICIENCY REPORT (seff 10935939)                   *
Job Wall-clock time: 00:01:22
Cluster: finisterrae3
Job ID: 10935939
Memory Efficiency: 3.66% of 5.30 TB (3.39 GB/core)


Memory Efficiency: 3.66% of 5.30 TB (3.39 GB/core)
*                                                                           *
Memory Utilized: 198.58 GB (estimated maximum)
User/Group: curso341/ulc
Cluster: finisterrae3

 +++++++++++++++++++++++++++++++++++++++++++++++++++++++++++++++++++++++++++
 +++++++++++++++++++++++++++++++++++++++++++++++++++++++++++++++++++++++++++

*****************************************************************************
Memory Efficiency: 3.66% of 5.30 TB (3.39 GB/core)
State: COMPLETED (exit code 0)
User/Group: curso341/ulc
 +++++++++++++++++++++++++++++++++++++++++++++++++++++++++++++++++++++++++++
 ++   Memory Efficiency is too small. Please review the requested memory. ++
 ++   Memory Efficiency is too small. Please review the requested memory. ++
 +++++++++++++++++++++++++++++++++++++++++++++++++++++++++++++++++++++++++++


Nodes: 25
State: COMPLETED (exit code 0)
 ++   Memory Efficiency is too small. Please review the requested memory. ++
 ++ It seems that you do not need that much memory so we recommend        ++
 ++ It seems that you do not need that much memory so we recommend        ++
 ++   Memory Efficiency is too small. Please review the requested memory. ++
Job ID: 10935939
 +++++++++++++++++++++++++++++++++++++++++++++++++++++++++++++++++++++++++++
Cores per node: 64
Nodes: 25
 ++ It seems that you do not need that much memory so we recommend        ++
 ++ requesting less memory in other similar jobs.                         ++
 ++ requesting less memory in other similar jobs.                         ++
 ++ It seems that you do not need that much memory so we recommend        ++
Cluster: finisterrae3
 ++   Memory Efficiency is too small. Please review the requested memory. ++
CPU Utilized: 04:39:51
Cores per node: 64
 ++ requesting less memory in other similar jobs.                         ++
 +++++++++++++++++++++++++++++++++++++++++++++++++++++++++++++++++++++++++++
 +++++++++++++++++++++++++++++++++++++++++++++++++++++++++++++++++++++++++++
 ++ requesting less memory in other similar jobs.                         ++
User/Group: curso341/ulc
 ++ It seems that you do not need that much memory so we recommend        ++
CPU Efficiency: 12.80% of 1-12:26:40 core-walltime
CPU Utilized: 04:39:51
 +++++++++++++++++++++++++++++++++++++++++++++++++++++++++++++++++++++++++++
 
 
 +++++++++++++++++++++++++++++++++++++++++++++++++++++++++++++++++++++++++++
State: COMPLETED (exit code 0)
 ++ requesting less memory in other similar jobs.                         ++
Job Wall-clock time: 00:01:22
CPU Efficiency: 12.80% of 1-12:26:40 core-walltime
 
*****************************************************************************
*****************************************************************************
 
Nodes: 25
 +++++++++++++++++++++++++++++++++++++++++++++++++++++++++++++++++++++++++++
Memory Utilized: 198.58 GB (estimated maximum)
Job Wall-clock time: 00:01:22
*****************************************************************************


*****************************************************************************
Cores per node: 64
 
Memory Efficiency: 3.66% of 5.30 TB (3.39 GB/core)
Memory Utilized: 198.58 GB (estimated maximum)


CPU Utilized: 04:39:51
*****************************************************************************

Memory Efficiency: 3.66% of 5.30 TB (3.39 GB/core)
CPU Efficiency: 12.80% of 1-12:26:40 core-walltime

 +++++++++++++++++++++++++++++++++++++++++++++++++++++++++++++++++++++++++++

Job Wall-clock time: 00:01:22
 ++   Memory Efficiency is too small. Please review the requested memory. ++
 +++++++++++++++++++++++++++++++++++++++++++++++++++++++++++++++++++++++++++
Memory Utilized: 198.58 GB (estimated maximum)
 ++ It seems that you do not need that much memory so we recommend        ++
 ++   Memory Efficiency is too small. Please review the requested memory. ++
Memory Efficiency: 3.66% of 5.30 TB (3.39 GB/core)
 ++ requesting less memory in other similar jobs.                         ++
 ++ It seems that you do not need that much memory so we recommend        ++

 +++++++++++++++++++++++++++++++++++++++++++++++++++++++++++++++++++++++++++
 ++ requesting less memory in other similar jobs.                         ++
 +++++++++++++++++++++++++++++++++++++++++++++++++++++++++++++++++++++++++++
 
 +++++++++++++++++++++++++++++++++++++++++++++++++++++++++++++++++++++++++++
 ++   Memory Efficiency is too small. Please review the requested memory. ++
*****************************************************************************
 
 ++ It seems that you do not need that much memory so we recommend        ++

*****************************************************************************
 ++ requesting less memory in other similar jobs.                         ++

 +++++++++++++++++++++++++++++++++++++++++++++++++++++++++++++++++++++++++++
 
*****************************************************************************


*****************************************************************************
*                                                                           *
*                    JOB EFFICIENCY REPORT (seff 10935939)                   *
*                                                                           *
*****************************************************************************

Job ID: 10935939
Cluster: finisterrae3
User/Group: curso341/ulc
State: COMPLETED (exit code 0)
Nodes: 25
Cores per node: 64
CPU Utilized: 05:24:43
CPU Efficiency: 14.85% of 1-12:26:40 core-walltime
Job Wall-clock time: 00:01:22
Memory Utilized: 3.78 GB
Memory Efficiency: 0.07% of 5.30 TB

 +++++++++++++++++++++++++++++++++++++++++++++++++++++++++++++++++++++++++++
 ++   Memory Efficiency is too small. Please review the requested memory. ++
 ++ It seems that you do not need that much memory so we recommend        ++
 ++ requesting less memory in other similar jobs.                         ++
 +++++++++++++++++++++++++++++++++++++++++++++++++++++++++++++++++++++++++++
 
*****************************************************************************


*****************************************************************************
*                                                                           *
*                    JOB EFFICIENCY REPORT (seff 10935939)                   *
*                                                                           *
*****************************************************************************

Job ID: 10935939
Cluster: finisterrae3
User/Group: curso341/ulc
State: COMPLETED (exit code 0)
Nodes: 25
Cores per node: 64
CPU Utilized: 05:24:43
CPU Efficiency: 14.85% of 1-12:26:40 core-walltime
Job Wall-clock time: 00:01:22
Memory Utilized: 3.78 GB
Memory Efficiency: 0.07% of 5.30 TB

 +++++++++++++++++++++++++++++++++++++++++++++++++++++++++++++++++++++++++++
 ++   Memory Efficiency is too small. Please review the requested memory. ++
 ++ It seems that you do not need that much memory so we recommend        ++
 ++ requesting less memory in other similar jobs.                         ++
 +++++++++++++++++++++++++++++++++++++++++++++++++++++++++++++++++++++++++++
 
*****************************************************************************


*****************************************************************************
*                                                                           *
*                    JOB EFFICIENCY REPORT (seff 10935939)                   *
*                                                                           *
*****************************************************************************

Job ID: 10935939
Cluster: finisterrae3
User/Group: curso341/ulc
State: COMPLETED (exit code 0)
Nodes: 25
Cores per node: 64
CPU Utilized: 05:24:43
CPU Efficiency: 14.85% of 1-12:26:40 core-walltime
Job Wall-clock time: 00:01:22
Memory Utilized: 3.78 GB
Memory Efficiency: 0.07% of 5.30 TB

 +++++++++++++++++++++++++++++++++++++++++++++++++++++++++++++++++++++++++++
 ++   Memory Efficiency is too small. Please review the requested memory. ++
 ++ It seems that you do not need that much memory so we recommend        ++
 ++ requesting less memory in other similar jobs.                         ++
 +++++++++++++++++++++++++++++++++++++++++++++++++++++++++++++++++++++++++++
 
*****************************************************************************


*****************************************************************************
*                                                                           *
*                    JOB EFFICIENCY REPORT (seff 10935939)                   *
*                                                                           *
*****************************************************************************

Job ID: 10935939
Cluster: finisterrae3
User/Group: curso341/ulc
State: COMPLETED (exit code 0)
Nodes: 25
Cores per node: 64
CPU Utilized: 05:24:43
CPU Efficiency: 14.85% of 1-12:26:40 core-walltime
Job Wall-clock time: 00:01:22
Memory Utilized: 3.78 GB
Memory Efficiency: 0.07% of 5.30 TB

 +++++++++++++++++++++++++++++++++++++++++++++++++++++++++++++++++++++++++++
 ++   Memory Efficiency is too small. Please review the requested memory. ++
 ++ It seems that you do not need that much memory so we recommend        ++
 ++ requesting less memory in other similar jobs.                         ++
 +++++++++++++++++++++++++++++++++++++++++++++++++++++++++++++++++++++++++++
 
*****************************************************************************


*****************************************************************************
*                                                                           *
*                    JOB EFFICIENCY REPORT (seff 10935939)                   *
*                                                                           *
*****************************************************************************

Job ID: 10935939
Cluster: finisterrae3
User/Group: curso341/ulc
State: COMPLETED (exit code 0)
Nodes: 25
Cores per node: 64
CPU Utilized: 05:24:43
CPU Efficiency: 14.85% of 1-12:26:40 core-walltime
Job Wall-clock time: 00:01:22
Memory Utilized: 3.78 GB
Memory Efficiency: 0.07% of 5.30 TB

 +++++++++++++++++++++++++++++++++++++++++++++++++++++++++++++++++++++++++++
 ++   Memory Efficiency is too small. Please review the requested memory. ++
 ++ It seems that you do not need that much memory so we recommend        ++
 ++ requesting less memory in other similar jobs.                         ++
 +++++++++++++++++++++++++++++++++++++++++++++++++++++++++++++++++++++++++++
 
*****************************************************************************



*****************************************************************************

*****************************************************************************

*                                                                           *
*****************************************************************************
*                                                                           *

*****************************************************************************
*                    JOB EFFICIENCY REPORT (seff 10935939)                   *

*                                                                           *
*                    JOB EFFICIENCY REPORT (seff 10935939)                   *
*****************************************************************************
*                                                                           *
*                                                                           *
*****************************************************************************
*                    JOB EFFICIENCY REPORT (seff 10935939)                   *
*                                                                           *
*                                                                           *

*                    JOB EFFICIENCY REPORT (seff 10935939)                   *
*****************************************************************************
*                                                                           *
*                                                                           *
*****************************************************************************
*                    JOB EFFICIENCY REPORT (seff 10935939)                   *
*****************************************************************************
*                                                                           *

*                    JOB EFFICIENCY REPORT (seff 10935939)                   *
*****************************************************************************

*                                                                           *
*                                                                           *
*****************************************************************************
Job ID: 10935939
*                                                                           *

Job ID: 10935939
*****************************************************************************
*                    JOB EFFICIENCY REPORT (seff 10935939)                   *

Cluster: finisterrae3
*****************************************************************************
Job ID: 10935939

Cluster: finisterrae3

*                                                                           *
Job ID: 10935939
User/Group: curso341/ulc

Cluster: finisterrae3
*****************************************************************************
User/Group: curso341/ulc
Job ID: 10935939
*****************************************************************************
Cluster: finisterrae3
State: COMPLETED (exit code 0)
Job ID: 10935939
User/Group: curso341/ulc
*                                                                           *
State: COMPLETED (exit code 0)
Cluster: finisterrae3

User/Group: curso341/ulc
Nodes: 25
Cluster: finisterrae3
State: COMPLETED (exit code 0)
*                    JOB EFFICIENCY REPORT (seff 10935939)                   *
Nodes: 25
User/Group: curso341/ulc
Job ID: 10935939
State: COMPLETED (exit code 0)
Cores per node: 64
User/Group: curso341/ulc
Nodes: 25
*                                                                           *
Cores per node: 64
State: COMPLETED (exit code 0)
Cluster: finisterrae3
Nodes: 25
CPU Utilized: 05:24:43
State: COMPLETED (exit code 0)
Cores per node: 64
*****************************************************************************
CPU Utilized: 05:24:43
Nodes: 25
User/Group: curso341/ulc
Cores per node: 64
CPU Efficiency: 14.85% of 1-12:26:40 core-walltime
Nodes: 25
CPU Utilized: 05:24:43

CPU Efficiency: 14.85% of 1-12:26:40 core-walltime
Cores per node: 64
State: COMPLETED (exit code 0)
CPU Utilized: 05:24:43
Job Wall-clock time: 00:01:22
Cores per node: 64
CPU Efficiency: 14.85% of 1-12:26:40 core-walltime
Job ID: 10935939
Job Wall-clock time: 00:01:22
CPU Utilized: 05:24:43
Nodes: 25
CPU Efficiency: 14.85% of 1-12:26:40 core-walltime
Memory Utilized: 3.78 GB
CPU Utilized: 05:24:43
Job Wall-clock time: 00:01:22
Cluster: finisterrae3
Memory Utilized: 3.78 GB
CPU Efficiency: 14.85% of 1-12:26:40 core-walltime
Cores per node: 64
Job Wall-clock time: 00:01:22
Memory Efficiency: 0.07% of 5.30 TB
CPU Efficiency: 14.85% of 1-12:26:40 core-walltime
Memory Utilized: 3.78 GB
User/Group: curso341/ulc
Memory Efficiency: 0.07% of 5.30 TB
Job Wall-clock time: 00:01:22
CPU Utilized: 05:24:43
Memory Utilized: 3.78 GB

Job Wall-clock time: 00:01:22
Memory Efficiency: 0.07% of 5.30 TB
State: COMPLETED (exit code 0)

Memory Utilized: 3.78 GB
CPU Efficiency: 14.85% of 1-12:26:40 core-walltime
Memory Efficiency: 0.07% of 5.30 TB
 +++++++++++++++++++++++++++++++++++++++++++++++++++++++++++++++++++++++++++
Memory Utilized: 3.78 GB

Nodes: 25
 +++++++++++++++++++++++++++++++++++++++++++++++++++++++++++++++++++++++++++
Memory Efficiency: 0.07% of 5.30 TB
Job Wall-clock time: 00:01:22

 ++   Memory Efficiency is too small. Please review the requested memory. ++
Memory Efficiency: 0.07% of 5.30 TB
 +++++++++++++++++++++++++++++++++++++++++++++++++++++++++++++++++++++++++++
Cores per node: 64
 ++   Memory Efficiency is too small. Please review the requested memory. ++

Memory Utilized: 3.78 GB
 +++++++++++++++++++++++++++++++++++++++++++++++++++++++++++++++++++++++++++
 ++ It seems that you do not need that much memory so we recommend        ++

 ++   Memory Efficiency is too small. Please review the requested memory. ++
CPU Utilized: 05:24:43
 ++ It seems that you do not need that much memory so we recommend        ++
 +++++++++++++++++++++++++++++++++++++++++++++++++++++++++++++++++++++++++++
Memory Efficiency: 0.07% of 5.30 TB
 ++   Memory Efficiency is too small. Please review the requested memory. ++
 ++ requesting less memory in other similar jobs.                         ++
 +++++++++++++++++++++++++++++++++++++++++++++++++++++++++++++++++++++++++++
 ++ It seems that you do not need that much memory so we recommend        ++
CPU Efficiency: 14.85% of 1-12:26:40 core-walltime
 ++ requesting less memory in other similar jobs.                         ++
 ++   Memory Efficiency is too small. Please review the requested memory. ++

 ++ It seems that you do not need that much memory so we recommend        ++
 +++++++++++++++++++++++++++++++++++++++++++++++++++++++++++++++++++++++++++
 ++   Memory Efficiency is too small. Please review the requested memory. ++
 ++ requesting less memory in other similar jobs.                         ++
Job Wall-clock time: 00:01:22
 +++++++++++++++++++++++++++++++++++++++++++++++++++++++++++++++++++++++++++
 ++ It seems that you do not need that much memory so we recommend        ++
 +++++++++++++++++++++++++++++++++++++++++++++++++++++++++++++++++++++++++++
 ++ requesting less memory in other similar jobs.                         ++
 
 ++ It seems that you do not need that much memory so we recommend        ++
 +++++++++++++++++++++++++++++++++++++++++++++++++++++++++++++++++++++++++++
Memory Utilized: 3.78 GB
 
 ++ requesting less memory in other similar jobs.                         ++
 ++   Memory Efficiency is too small. Please review the requested memory. ++
 +++++++++++++++++++++++++++++++++++++++++++++++++++++++++++++++++++++++++++
*****************************************************************************
 ++ requesting less memory in other similar jobs.                         ++
 
Memory Efficiency: 0.07% of 5.30 TB
*****************************************************************************
 +++++++++++++++++++++++++++++++++++++++++++++++++++++++++++++++++++++++++++
 ++ It seems that you do not need that much memory so we recommend        ++
 

 +++++++++++++++++++++++++++++++++++++++++++++++++++++++++++++++++++++++++++
*****************************************************************************


 
 ++ requesting less memory in other similar jobs.                         ++
*****************************************************************************
 

 +++++++++++++++++++++++++++++++++++++++++++++++++++++++++++++++++++++++++++
*****************************************************************************
 +++++++++++++++++++++++++++++++++++++++++++++++++++++++++++++++++++++++++++

*****************************************************************************
 ++   Memory Efficiency is too small. Please review the requested memory. ++

 

 ++ It seems that you do not need that much memory so we recommend        ++
*****************************************************************************
 ++ requesting less memory in other similar jobs.                         ++

 +++++++++++++++++++++++++++++++++++++++++++++++++++++++++++++++++++++++++++
 
*****************************************************************************


*****************************************************************************
*                                                                           *
*                    JOB EFFICIENCY REPORT (seff 10935939)                   *
*                                                                           *
*****************************************************************************

Job ID: 10935939
Cluster: finisterrae3
User/Group: curso341/ulc
State: COMPLETED (exit code 0)
Nodes: 25
Cores per node: 64
CPU Utilized: 05:24:43
CPU Efficiency: 14.85% of 1-12:26:40 core-walltime
Job Wall-clock time: 00:01:22
Memory Utilized: 3.78 GB
Memory Efficiency: 0.07% of 5.30 TB

 +++++++++++++++++++++++++++++++++++++++++++++++++++++++++++++++++++++++++++
 ++   Memory Efficiency is too small. Please review the requested memory. ++
 ++ It seems that you do not need that much memory so we recommend        ++
 ++ requesting less memory in other similar jobs.                         ++
 +++++++++++++++++++++++++++++++++++++++++++++++++++++++++++++++++++++++++++
 
*****************************************************************************


*****************************************************************************
*                                                                           *
*                    JOB EFFICIENCY REPORT (seff 10935939)                   *
*                                                                           *
*****************************************************************************

Job ID: 10935939
Cluster: finisterrae3
User/Group: curso341/ulc
State: COMPLETED (exit code 0)
Nodes: 25
Cores per node: 64
CPU Utilized: 05:24:43
CPU Efficiency: 14.85% of 1-12:26:40 core-walltime
Job Wall-clock time: 00:01:22
Memory Utilized: 3.78 GB
Memory Efficiency: 0.07% of 5.30 TB

 +++++++++++++++++++++++++++++++++++++++++++++++++++++++++++++++++++++++++++
 ++   Memory Efficiency is too small. Please review the requested memory. ++
 ++ It seems that you do not need that much memory so we recommend        ++
 ++ requesting less memory in other similar jobs.                         ++
 +++++++++++++++++++++++++++++++++++++++++++++++++++++++++++++++++++++++++++
 
*****************************************************************************


*****************************************************************************
*                                                                           *
*                    JOB EFFICIENCY REPORT (seff 10935939)                   *
*                                                                           *
*****************************************************************************

Job ID: 10935939
Cluster: finisterrae3
User/Group: curso341/ulc
State: COMPLETED (exit code 0)
Nodes: 25
Cores per node: 64
CPU Utilized: 05:24:43
CPU Efficiency: 14.85% of 1-12:26:40 core-walltime
Job Wall-clock time: 00:01:22
Memory Utilized: 3.78 GB
Memory Efficiency: 0.07% of 5.30 TB

 +++++++++++++++++++++++++++++++++++++++++++++++++++++++++++++++++++++++++++
 ++   Memory Efficiency is too small. Please review the requested memory. ++
 ++ It seems that you do not need that much memory so we recommend        ++
 ++ requesting less memory in other similar jobs.                         ++
 +++++++++++++++++++++++++++++++++++++++++++++++++++++++++++++++++++++++++++
 
*****************************************************************************


*****************************************************************************
*                                                                           *
*                    JOB EFFICIENCY REPORT (seff 10935939)                   *
*                                                                           *
*****************************************************************************

Job ID: 10935939
Cluster: finisterrae3
User/Group: curso341/ulc
State: COMPLETED (exit code 0)
Nodes: 25
Cores per node: 64
CPU Utilized: 05:24:43
CPU Efficiency: 14.85% of 1-12:26:40 core-walltime
Job Wall-clock time: 00:01:22
Memory Utilized: 3.78 GB
Memory Efficiency: 0.07% of 5.30 TB

 +++++++++++++++++++++++++++++++++++++++++++++++++++++++++++++++++++++++++++
 ++   Memory Efficiency is too small. Please review the requested memory. ++
 ++ It seems that you do not need that much memory so we recommend        ++
 ++ requesting less memory in other similar jobs.                         ++
 +++++++++++++++++++++++++++++++++++++++++++++++++++++++++++++++++++++++++++
 
*****************************************************************************

