slurmstepd: info: Setting TMPDIR to /scratch/10934004. Previous errors about TMPDIR can be discarded
Slurm job started at 11/03/2025_02:20:30 AM

In transit.
Initing Ray (1 head node + 2 worker nodes + 4 simulation nodes) on nodes: 
	ilk-150 ilk-151 ilk-152 ilk-153 ilk-154 ilk-155 ilk-156
Head node: 172.30.204.6:6379


RAY_DEPLOY_TIME:     25.62306
2025-03-11 02:20:59,536	INFO packaging.py:520 -- Creating a file package for local directory '/mnt/lustre/scratch/nlsas/home/ulc/cursos/curso341/dask_on_reisa_tests/E5/DASK_ON_REISA_ONE_ACTOR/derivative/P128-SN4-LS1-GS134-I10-AN2-D2025-03-10_22-50-32'.
2025-03-11 02:20:59,560	INFO packaging.py:347 -- Pushing file package 'gcs://_ray_pkg_31b7bf2a4b2a53e3.zip' (0.48MiB) to Ray cluster...
2025-03-11 02:20:59,567	INFO packaging.py:360 -- Successfully pushed file package 'gcs://_ray_pkg_31b7bf2a4b2a53e3.zip'.
RAY_INIT_TIME:       5.78801
Iter [0]
Iter [1]
Iter [2]
Iter [3]
Iter [4]
Iter [5]
Iter [6]
Iter [7]
Iter [8]
Iter [9]
GLOBAL_PUT_TIME:     0.06702661514282227 (avg:0.00670)
ACTOR_CONCURRENCY:   8
SIMULATION_TIME:     28.997588259000000 (avg: 2.899758825900000)
SIM_WTHOUT_PDI:      5.499772460999999 (avg: 0.549977246100000)
PDI_DELAY:           23.497815798000001 (avg: 2.349781579800000)

GLOBAL_SIZE_(GiB):   131072
LOCAL_SIZE_(MiB):    1
ITERATIONS:          10

MPI_PER_NODE:        32
MPI_PARALLELISM:     128

WORKER_NODES:        2
CPUS_PER_WORKER:     64
WORKER_PARALLELISM:  128


SLURM_JOB_ID:        10934004
EST_ANALYTICS_TIME:  239.77278 (avg:23.97728)

Slurm job finished at 11/03/2025_02:25:06 AM

*****************************************************************************
*                                                                           *
*                    JOB EFFICIENCY REPORT (seff 10934004)                   *
*                                                                           *
*****************************************************************************

Job ID: 10934004
Cluster: finisterrae3
User/Group: curso341/ulc
State: COMPLETED (exit code 0)
Nodes: 7
Cores per node: 64
CPU Utilized: 00:39:17
CPU Efficiency: 1.90% of 1-10:28:16 core-walltime
Job Wall-clock time: 00:04:37
Memory Utilized: 488.81 MB
Memory Efficiency: 0.03% of 1.48 TB

 +++++++++++++++++++++++++++++++++++++++++++++++++++++++++++++++++++++++++++
 ++   Memory Efficiency is too small. Please review the requested memory. ++
 ++ It seems that you do not need that much memory so we recommend        ++
 ++ requesting less memory in other similar jobs.                         ++
 +++++++++++++++++++++++++++++++++++++++++++++++++++++++++++++++++++++++++++
 
*****************************************************************************


*****************************************************************************
*                                                                           *
*                    JOB EFFICIENCY REPORT (seff 10934004)                   *
*                                                                           *
*****************************************************************************

Job ID: 10934004
Cluster: finisterrae3
User/Group: curso341/ulc
State: COMPLETED (exit code 0)
Nodes: 7
Cores per node: 64
CPU Utilized: 00:39:17
CPU Efficiency: 1.90% of 1-10:28:16 core-walltime
Job Wall-clock time: 00:04:37
Memory Utilized: 488.81 MB
Memory Efficiency: 0.03% of 1.48 TB

 +++++++++++++++++++++++++++++++++++++++++++++++++++++++++++++++++++++++++++
 ++   Memory Efficiency is too small. Please review the requested memory. ++
 ++ It seems that you do not need that much memory so we recommend        ++
 ++ requesting less memory in other similar jobs.                         ++
 +++++++++++++++++++++++++++++++++++++++++++++++++++++++++++++++++++++++++++
 
*****************************************************************************


*****************************************************************************
*                                                                           *
*                    JOB EFFICIENCY REPORT (seff 10934004)                   *
*                                                                           *
*****************************************************************************

Job ID: 10934004
Cluster: finisterrae3
User/Group: curso341/ulc
State: COMPLETED (exit code 0)
Nodes: 7
Cores per node: 64
CPU Utilized: 00:39:17
CPU Efficiency: 1.90% of 1-10:28:16 core-walltime
Job Wall-clock time: 00:04:37
Memory Utilized: 488.81 MB
Memory Efficiency: 0.03% of 1.48 TB

 +++++++++++++++++++++++++++++++++++++++++++++++++++++++++++++++++++++++++++
 ++   Memory Efficiency is too small. Please review the requested memory. ++
 ++ It seems that you do not need that much memory so we recommend        ++
 ++ requesting less memory in other similar jobs.                         ++
 +++++++++++++++++++++++++++++++++++++++++++++++++++++++++++++++++++++++++++
 
*****************************************************************************


*****************************************************************************
*                                                                           *
*                    JOB EFFICIENCY REPORT (seff 10934004)                   *
*                                                                           *
*****************************************************************************

Job ID: 10934004
Cluster: finisterrae3
User/Group: curso341/ulc
State: COMPLETED (exit code 0)
Nodes: 7
Cores per node: 64
CPU Utilized: 01:18:59
CPU Efficiency: 3.82% of 1-10:28:16 core-walltime
Job Wall-clock time: 00:04:37
Memory Utilized: 1.80 GB
Memory Efficiency: 0.12% of 1.48 TB

 +++++++++++++++++++++++++++++++++++++++++++++++++++++++++++++++++++++++++++
 ++   Memory Efficiency is too small. Please review the requested memory. ++
 ++ It seems that you do not need that much memory so we recommend        ++
 ++ requesting less memory in other similar jobs.                         ++
 +++++++++++++++++++++++++++++++++++++++++++++++++++++++++++++++++++++++++++
 
*****************************************************************************


*****************************************************************************
*                                                                           *
*                    JOB EFFICIENCY REPORT (seff 10934004)                   *
*                                                                           *
*****************************************************************************

Job ID: 10934004
Cluster: finisterrae3
User/Group: curso341/ulc
State: COMPLETED (exit code 0)
Nodes: 7
Cores per node: 64
CPU Utilized: 01:18:59
CPU Efficiency: 3.82% of 1-10:28:16 core-walltime
Job Wall-clock time: 00:04:37
Memory Utilized: 1.80 GB
Memory Efficiency: 0.12% of 1.48 TB

 +++++++++++++++++++++++++++++++++++++++++++++++++++++++++++++++++++++++++++
 ++   Memory Efficiency is too small. Please review the requested memory. ++
 ++ It seems that you do not need that much memory so we recommend        ++
 ++ requesting less memory in other similar jobs.                         ++
 +++++++++++++++++++++++++++++++++++++++++++++++++++++++++++++++++++++++++++
 
*****************************************************************************


*****************************************************************************
*                                                                           *
*                    JOB EFFICIENCY REPORT (seff 10934004)                   *
*                                                                           *
*****************************************************************************

Job ID: 10934004
Cluster: finisterrae3
User/Group: curso341/ulc
State: COMPLETED (exit code 0)
Nodes: 7
Cores per node: 64
CPU Utilized: 01:18:59
CPU Efficiency: 3.82% of 1-10:28:16 core-walltime
Job Wall-clock time: 00:04:37
Memory Utilized: 1.80 GB
Memory Efficiency: 0.12% of 1.48 TB

 +++++++++++++++++++++++++++++++++++++++++++++++++++++++++++++++++++++++++++
 ++   Memory Efficiency is too small. Please review the requested memory. ++
 ++ It seems that you do not need that much memory so we recommend        ++
 ++ requesting less memory in other similar jobs.                         ++
 +++++++++++++++++++++++++++++++++++++++++++++++++++++++++++++++++++++++++++
 
*****************************************************************************


*****************************************************************************
*                                                                           *
*                    JOB EFFICIENCY REPORT (seff 10934004)                   *
*                                                                           *
*****************************************************************************

Job ID: 10934004
Cluster: finisterrae3
User/Group: curso341/ulc
State: COMPLETED (exit code 0)
Nodes: 7
Cores per node: 64
CPU Utilized: 01:23:20
CPU Efficiency: 4.03% of 1-10:28:16 core-walltime
Job Wall-clock time: 00:04:37
Memory Utilized: 2.83 GB
Memory Efficiency: 0.19% of 1.48 TB

 +++++++++++++++++++++++++++++++++++++++++++++++++++++++++++++++++++++++++++
 ++   Memory Efficiency is too small. Please review the requested memory. ++
 ++ It seems that you do not need that much memory so we recommend        ++
 ++ requesting less memory in other similar jobs.                         ++
 +++++++++++++++++++++++++++++++++++++++++++++++++++++++++++++++++++++++++++
 
*****************************************************************************

