slurmstepd: info: Setting TMPDIR to /scratch/10942644. Previous errors about TMPDIR can be discarded
Slurm job started at 12/03/2025_07:34:04 PM

In transit.
Initing Ray (1 head node + 2 worker nodes + 2 simulation nodes) on nodes: 
	ilk-245 ilk-246 ilk-247 ilk-249 ilk-252
Head node: 172.30.211.18:6379


RAY_DEPLOY_TIME:     23.31450
2025-03-12 19:34:32,826	INFO packaging.py:520 -- Creating a file package for local directory '/mnt/lustre/scratch/nlsas/home/ulc/cursos/curso341/dask_on_reisa_tests/E6/DASK_ON_REISA/derivative/P4-SN2-LS268-GS1073-I10-AN2-D2025-03-12_10-03-10'.
2025-03-12 19:34:32,854	INFO packaging.py:347 -- Pushing file package 'gcs://_ray_pkg_7ad608b47c7a96a3.zip' (0.48MiB) to Ray cluster...
2025-03-12 19:34:32,861	INFO packaging.py:360 -- Successfully pushed file package 'gcs://_ray_pkg_7ad608b47c7a96a3.zip'.
RAY_INIT_TIME:       4.26336
Iter [0]
Iter [1]
Iter [2]
[2m[36m(iter_task pid=723694, ip=10.120.211.20)[0m /home/ulc/cursos/curso341/.local/lib/python3.9/site-packages/dask/config.py:693: UserWarning: Configuration key "shuffle" has been deprecated. Please use "dataframe.shuffle.algorithm" instead
[2m[36m(iter_task pid=723694, ip=10.120.211.20)[0m   warnings.warn(
[2m[36m(iter_task pid=723696, ip=10.120.211.20)[0m /home/ulc/cursos/curso341/.local/lib/python3.9/site-packages/dask/config.py:693: UserWarning: Configuration key "shuffle" has been deprecated. Please use "dataframe.shuffle.algorithm" instead
[2m[36m(iter_task pid=723696, ip=10.120.211.20)[0m   warnings.warn(
[2m[36m(iter_task pid=723693, ip=10.120.211.20)[0m /home/ulc/cursos/curso341/.local/lib/python3.9/site-packages/dask/config.py:693: UserWarning: Configuration key "shuffle" has been deprecated. Please use "dataframe.shuffle.algorithm" instead
[2m[36m(iter_task pid=723693, ip=10.120.211.20)[0m   warnings.warn(
[2m[36m(iter_task pid=723698, ip=10.120.211.20)[0m /home/ulc/cursos/curso341/.local/lib/python3.9/site-packages/dask/config.py:693: UserWarning: Configuration key "shuffle" has been deprecated. Please use "dataframe.shuffle.algorithm" instead
[2m[36m(iter_task pid=723698, ip=10.120.211.20)[0m   warnings.warn(
[2m[36m(iter_task pid=723692, ip=10.120.211.20)[0m /home/ulc/cursos/curso341/.local/lib/python3.9/site-packages/dask/config.py:693: UserWarning: Configuration key "shuffle" has been deprecated. Please use "dataframe.shuffle.algorithm" instead
[2m[36m(iter_task pid=723692, ip=10.120.211.20)[0m   warnings.warn(
[2m[36m(iter_task pid=723697, ip=10.120.211.20)[0m /home/ulc/cursos/curso341/.local/lib/python3.9/site-packages/dask/config.py:693: UserWarning: Configuration key "shuffle" has been deprecated. Please use "dataframe.shuffle.algorithm" instead
[2m[36m(iter_task pid=723697, ip=10.120.211.20)[0m   warnings.warn(
Iter [3]
Iter [4]
Iter [5]
Iter [6]
Iter [7]
Iter [8]
Iter [9]
GLOBAL_PUT_TIME:     4.258455276489258 (avg:0.42585)
ACTOR_CONCURRENCY:   8
SIMULATION_TIME:     33.260661268000000 (avg: 3.326066126800000)
SIM_WTHOUT_PDI:      25.043902884999998 (avg: 2.504390288500000)
PDI_DELAY:           8.216758383000002 (avg: 0.821675838300000)

GLOBAL_SIZE_(GiB):   1048576
LOCAL_SIZE_(MiB):    256
ITERATIONS:          10

MPI_PER_NODE:        2
MPI_PARALLELISM:     4

WORKER_NODES:        2
CPUS_PER_WORKER:     64
WORKER_PARALLELISM:  128


SLURM_JOB_ID:        10942644
EST_ANALYTICS_TIME:  58.85901 (avg:5.88590)

Slurm job finished at 12/03/2025_07:35:35 PM

*****************************************************************************
*                                                                           *
*                    JOB EFFICIENCY REPORT (seff 10942644)                   *
*                                                                           *
*****************************************************************************

Job ID: 10942644
Cluster: finisterrae3
User/Group: curso341/ulc
State: COMPLETED (exit code 0)
Nodes: 5
Cores per node: 64
CPU Utilized: 00:09:24
CPU Efficiency: 1.90% of 08:16:00 core-walltime
Job Wall-clock time: 00:01:33
Memory Utilized: 7.31 GB
Memory Efficiency: 0.67% of 1.06 TB

 +++++++++++++++++++++++++++++++++++++++++++++++++++++++++++++++++++++++++++
 ++   Memory Efficiency is too small. Please review the requested memory. ++
 ++ It seems that you do not need that much memory so we recommend        ++
 ++ requesting less memory in other similar jobs.                         ++
 +++++++++++++++++++++++++++++++++++++++++++++++++++++++++++++++++++++++++++
 
*****************************************************************************


*****************************************************************************
*                                                                           *
*                    JOB EFFICIENCY REPORT (seff 10942644)                   *
*                                                                           *
*****************************************************************************

Job ID: 10942644
Cluster: finisterrae3
User/Group: curso341/ulc
State: COMPLETED (exit code 0)
Nodes: 5
Cores per node: 64
CPU Utilized: 00:12:42
CPU Efficiency: 2.56% of 08:16:00 core-walltime
Job Wall-clock time: 00:01:33
Memory Utilized: 7.31 GB
Memory Efficiency: 0.67% of 1.06 TB

 +++++++++++++++++++++++++++++++++++++++++++++++++++++++++++++++++++++++++++
 ++   Memory Efficiency is too small. Please review the requested memory. ++
 ++ It seems that you do not need that much memory so we recommend        ++
 ++ requesting less memory in other similar jobs.                         ++
 +++++++++++++++++++++++++++++++++++++++++++++++++++++++++++++++++++++++++++
 
*****************************************************************************


*****************************************************************************
*                                                                           *
*                    JOB EFFICIENCY REPORT (seff 10942644)                   *
*                                                                           *
*****************************************************************************

Job ID: 10942644
Cluster: finisterrae3
User/Group: curso341/ulc
State: COMPLETED (exit code 0)
Nodes: 5
Cores per node: 64
CPU Utilized: 00:12:42
CPU Efficiency: 2.56% of 08:16:00 core-walltime
Job Wall-clock time: 00:01:33
Memory Utilized: 7.31 GB
Memory Efficiency: 0.67% of 1.06 TB

 +++++++++++++++++++++++++++++++++++++++++++++++++++++++++++++++++++++++++++
 ++   Memory Efficiency is too small. Please review the requested memory. ++
 ++ It seems that you do not need that much memory so we recommend        ++
 ++ requesting less memory in other similar jobs.                         ++
 +++++++++++++++++++++++++++++++++++++++++++++++++++++++++++++++++++++++++++
 
*****************************************************************************


*****************************************************************************
*                                                                           *
*                    JOB EFFICIENCY REPORT (seff 10942644)                   *
*                                                                           *
*****************************************************************************

Job ID: 10942644
Cluster: finisterrae3
User/Group: curso341/ulc
State: COMPLETED (exit code 0)
Nodes: 5
Cores per node: 64
CPU Utilized: 00:35:04
CPU Efficiency: 7.07% of 08:16:00 core-walltime
Job Wall-clock time: 00:01:33
Memory Utilized: 12.73 GB
Memory Efficiency: 1.17% of 1.06 TB

 +++++++++++++++++++++++++++++++++++++++++++++++++++++++++++++++++++++++++++
 ++   Memory Efficiency is too small. Please review the requested memory. ++
 ++ It seems that you do not need that much memory so we recommend        ++
 ++ requesting less memory in other similar jobs.                         ++
 +++++++++++++++++++++++++++++++++++++++++++++++++++++++++++++++++++++++++++
 
*****************************************************************************


*****************************************************************************
*                                                                           *
*                    JOB EFFICIENCY REPORT (seff 10942644)                   *
*                                                                           *
*****************************************************************************

Job ID: 10942644
Cluster: finisterrae3
User/Group: curso341/ulc
State: COMPLETED (exit code 0)
Nodes: 5
Cores per node: 64
CPU Utilized: 00:35:04
CPU Efficiency: 7.07% of 08:16:00 core-walltime
Job Wall-clock time: 00:01:33
Memory Utilized: 12.73 GB
Memory Efficiency: 1.17% of 1.06 TB

 +++++++++++++++++++++++++++++++++++++++++++++++++++++++++++++++++++++++++++
 ++   Memory Efficiency is too small. Please review the requested memory. ++
 ++ It seems that you do not need that much memory so we recommend        ++
 ++ requesting less memory in other similar jobs.                         ++
 +++++++++++++++++++++++++++++++++++++++++++++++++++++++++++++++++++++++++++
 
*****************************************************************************

