slurmstepd: info: Setting TMPDIR to /scratch/10932553. Previous errors about TMPDIR can be discarded
Slurm job started at 10/03/2025_07:31:11 PM

In transit.
Initing Ray (1 head node + 2 worker nodes + 2 simulation nodes) on nodes: 
	ilk-119 ilk-120 ilk-121 ilk-122 ilk-140
Head node: 172.30.203.23:6379


RAY_DEPLOY_TIME:     23.88947
RAY_INIT_TIME:       3.29797
Iter [0]
Iter [1]
Iter [2]
2025-03-10 19:31:45,690	INFO packaging.py:520 -- Creating a file package for local directory '/mnt/lustre/scratch/nlsas/home/ulc/cursos/curso341/dask_on_reisa_tests/E5/REISA_ONE_ACTOR/derivative/P4-SN2-LS268-GS1073-I10-AN2-D2025-03-10_18-36-52'.
2025-03-10 19:31:46,172	INFO packaging.py:347 -- Pushing file package 'gcs://_ray_pkg_9ad9b40c3cf8a230.zip' (0.48MiB) to Ray cluster...
2025-03-10 19:31:46,179	INFO packaging.py:360 -- Successfully pushed file package 'gcs://_ray_pkg_9ad9b40c3cf8a230.zip'.
Iter [3]
Iter [4]
Iter [5]
Iter [6]
Iter [7]
Iter [8]
Iter [9]
EST_ANALYTICS_TIME:  16.74770 (avg:1.67477)
GLOBAL_PUT_TIME:     3.712691068649292 (avg:0.37127)
ACTOR_CONCURRENCY:   8
SIMULATION_TIME:     27.726495450000002 (avg: 2.772649545000000)
SIM_WTHOUT_PDI:      23.013318017999996 (avg: 2.301331801800000)
PDI_DELAY:           4.713177432000005 (avg: 0.471317743200001)

GLOBAL_SIZE_(GiB):   1048576
LOCAL_SIZE_(MiB):    256
ITERATIONS:          10

MPI_PER_NODE:        2
MPI_PARALLELISM:     4

WORKER_NODES:        2
CPUS_PER_WORKER:     64
WORKER_PARALLELISM:  128


SLURM_JOB_ID:        10932553

Slurm job finished at 10/03/2025_07:32:08 PM

*****************************************************************************
*                                                                           *
*                    JOB EFFICIENCY REPORT (seff 10932553)                   *
*                                                                           *
*****************************************************************************

Job ID: 10932553
Cluster: finisterrae3
User/Group: curso341/ulc
State: COMPLETED (exit code 0)
Nodes: 5
Cores per node: 64
CPU Utilized: 00:02:23
CPU Efficiency: 0.76% of 05:14:40 core-walltime
Job Wall-clock time: 00:00:59
Memory Utilized: 2.93 GB (estimated maximum)
Memory Efficiency: 0.27% of 1.06 TB (3.39 GB/core)

 +++++++++++++++++++++++++++++++++++++++++++++++++++++++++++++++++++++++++++
 ++   Memory Efficiency is too small. Please review the requested memory. ++
 ++ It seems that you do not need that much memory so we recommend        ++
 ++ requesting less memory in other similar jobs.                         ++
 +++++++++++++++++++++++++++++++++++++++++++++++++++++++++++++++++++++++++++
 
*****************************************************************************


*****************************************************************************
*                                                                           *
*                    JOB EFFICIENCY REPORT (seff 10932553)                   *
*                                                                           *
*****************************************************************************

Job ID: 10932553
Cluster: finisterrae3
User/Group: curso341/ulc
State: COMPLETED (exit code 0)
Nodes: 5
Cores per node: 64
CPU Utilized: 00:02:23
CPU Efficiency: 0.76% of 05:14:40 core-walltime
Job Wall-clock time: 00:00:59
Memory Utilized: 2.93 GB (estimated maximum)
Memory Efficiency: 0.27% of 1.06 TB (3.39 GB/core)

 +++++++++++++++++++++++++++++++++++++++++++++++++++++++++++++++++++++++++++
 ++   Memory Efficiency is too small. Please review the requested memory. ++
 ++ It seems that you do not need that much memory so we recommend        ++
 ++ requesting less memory in other similar jobs.                         ++
 +++++++++++++++++++++++++++++++++++++++++++++++++++++++++++++++++++++++++++
 
*****************************************************************************



*****************************************************************************
*****************************************************************************

*                                                                           *
*                                                                           *
*****************************************************************************
*                    JOB EFFICIENCY REPORT (seff 10932553)                   *
*                    JOB EFFICIENCY REPORT (seff 10932553)                   *
*                                                                           *
*                                                                           *
*                                                                           *
*                    JOB EFFICIENCY REPORT (seff 10932553)                   *
*****************************************************************************
*****************************************************************************
*                                                                           *


*****************************************************************************
Job ID: 10932553
Job ID: 10932553

Cluster: finisterrae3
Cluster: finisterrae3
Job ID: 10932553
User/Group: curso341/ulc
User/Group: curso341/ulc
Cluster: finisterrae3
State: COMPLETED (exit code 0)
State: COMPLETED (exit code 0)
User/Group: curso341/ulc
Nodes: 5
Nodes: 5
State: COMPLETED (exit code 0)
Cores per node: 64
Cores per node: 64
Nodes: 5
CPU Utilized: 00:04:27
CPU Utilized: 00:04:27
Cores per node: 64
CPU Efficiency: 1.41% of 05:14:40 core-walltime
CPU Efficiency: 1.41% of 05:14:40 core-walltime
CPU Utilized: 00:04:46
Job Wall-clock time: 00:00:59
Job Wall-clock time: 00:00:59
CPU Efficiency: 1.51% of 05:14:40 core-walltime
Memory Utilized: 3.18 GB
Memory Utilized: 3.18 GB
Job Wall-clock time: 00:00:59
Memory Efficiency: 0.29% of 1.06 TB
Memory Efficiency: 0.29% of 1.06 TB
Memory Utilized: 3.18 GB


Memory Efficiency: 0.29% of 1.06 TB
 +++++++++++++++++++++++++++++++++++++++++++++++++++++++++++++++++++++++++++
 +++++++++++++++++++++++++++++++++++++++++++++++++++++++++++++++++++++++++++

 ++   Memory Efficiency is too small. Please review the requested memory. ++
 ++   Memory Efficiency is too small. Please review the requested memory. ++
 +++++++++++++++++++++++++++++++++++++++++++++++++++++++++++++++++++++++++++
 ++ It seems that you do not need that much memory so we recommend        ++
 ++ It seems that you do not need that much memory so we recommend        ++
 ++   Memory Efficiency is too small. Please review the requested memory. ++
 ++ requesting less memory in other similar jobs.                         ++
 ++ requesting less memory in other similar jobs.                         ++
 ++ It seems that you do not need that much memory so we recommend        ++
 +++++++++++++++++++++++++++++++++++++++++++++++++++++++++++++++++++++++++++
 +++++++++++++++++++++++++++++++++++++++++++++++++++++++++++++++++++++++++++
 ++ requesting less memory in other similar jobs.                         ++
 
 
 +++++++++++++++++++++++++++++++++++++++++++++++++++++++++++++++++++++++++++
*****************************************************************************
*****************************************************************************
 


*****************************************************************************

