slurmstepd: info: Setting TMPDIR to /scratch/10934017. Previous errors about TMPDIR can be discarded
Slurm job started at 11/03/2025_02:38:01 AM

In transit.
Initing Ray (1 head node + 2 worker nodes + 4 simulation nodes) on nodes: 
	ilk-145 ilk-146 ilk-147 ilk-148 ilk-157 ilk-160 ilk-161
Head node: 172.30.204.1:6379


RAY_DEPLOY_TIME:     23.83269
2025-03-11 02:38:28,293	INFO packaging.py:520 -- Creating a file package for local directory '/mnt/lustre/scratch/nlsas/home/ulc/cursos/curso341/dask_on_reisa_tests/E5/DASK_ON_REISA_ONE_ACTOR/reduction/P128-SN4-LS1-GS134-I20-AN2-D2025-03-10_22-51-01'.
2025-03-11 02:38:28,321	INFO packaging.py:347 -- Pushing file package 'gcs://_ray_pkg_cd6ebf45cd576e96.zip' (0.48MiB) to Ray cluster...
2025-03-11 02:38:28,327	INFO packaging.py:360 -- Successfully pushed file package 'gcs://_ray_pkg_cd6ebf45cd576e96.zip'.
RAY_INIT_TIME:       5.88069
Iter [0]
Iter [2]
Iter [4]
Iter [6]
Iter [8]
Iter [10]
Iter [12]
Iter [14]
Iter [16]
Iter [18]
GLOBAL_PUT_TIME:     4.054697275161743 (avg:0.20273)
ACTOR_CONCURRENCY:   8
SIMULATION_TIME:     68.361054797999998 (avg: 3.418052739900000)
SIM_WTHOUT_PDI:      31.951536901000015 (avg: 1.597576845050001)
PDI_DELAY:           36.409517896999986 (avg: 1.820475894849999)

GLOBAL_SIZE_(GiB):   131072
LOCAL_SIZE_(MiB):    1
ITERATIONS:          20

MPI_PER_NODE:        32
MPI_PARALLELISM:     128

WORKER_NODES:        2
CPUS_PER_WORKER:     64
WORKER_PARALLELISM:  128


SLURM_JOB_ID:        10934017
EST_ANALYTICS_TIME:  849.16112 (avg:42.45806)

Slurm job finished at 11/03/2025_02:52:42 AM

*****************************************************************************
*                                                                           *
*                    JOB EFFICIENCY REPORT (seff 10934017)                   *
*                                                                           *
*****************************************************************************

Job ID: 10934017
Cluster: finisterrae3
User/Group: curso341/ulc
State: COMPLETED (exit code 0)
Nodes: 7
Cores per node: 64
CPU Utilized: 01:07:16
CPU Efficiency: 1.02% of 4-13:53:04 core-walltime
Job Wall-clock time: 00:14:43
Memory Utilized: 253.41 MB
Memory Efficiency: 0.02% of 1.48 TB

 +++++++++++++++++++++++++++++++++++++++++++++++++++++++++++++++++++++++++++
 ++   Memory Efficiency is too small. Please review the requested memory. ++
 ++ It seems that you do not need that much memory so we recommend        ++
 ++ requesting less memory in other similar jobs.                         ++
 +++++++++++++++++++++++++++++++++++++++++++++++++++++++++++++++++++++++++++
 
*****************************************************************************


*****************************************************************************
*                                                                           *
*                    JOB EFFICIENCY REPORT (seff 10934017)                   *
*                                                                           *
*****************************************************************************

Job ID: 10934017
Cluster: finisterrae3
User/Group: curso341/ulc
State: COMPLETED (exit code 0)
Nodes: 7
Cores per node: 64
CPU Utilized: 01:07:16
CPU Efficiency: 1.02% of 4-13:53:04 core-walltime
Job Wall-clock time: 00:14:43
Memory Utilized: 253.41 MB
Memory Efficiency: 0.02% of 1.48 TB

 +++++++++++++++++++++++++++++++++++++++++++++++++++++++++++++++++++++++++++
 ++   Memory Efficiency is too small. Please review the requested memory. ++
 ++ It seems that you do not need that much memory so we recommend        ++
 ++ requesting less memory in other similar jobs.                         ++
 +++++++++++++++++++++++++++++++++++++++++++++++++++++++++++++++++++++++++++
 
*****************************************************************************


*****************************************************************************
*                                                                           *
*                    JOB EFFICIENCY REPORT (seff 10934017)                   *
*                                                                           *
*****************************************************************************

Job ID: 10934017
Cluster: finisterrae3
User/Group: curso341/ulc
State: COMPLETED (exit code 0)
Nodes: 7
Cores per node: 64
CPU Utilized: 01:07:16
CPU Efficiency: 1.02% of 4-13:53:04 core-walltime
Job Wall-clock time: 00:14:43
Memory Utilized: 253.41 MB
Memory Efficiency: 0.02% of 1.48 TB

 +++++++++++++++++++++++++++++++++++++++++++++++++++++++++++++++++++++++++++
 ++   Memory Efficiency is too small. Please review the requested memory. ++
 ++ It seems that you do not need that much memory so we recommend        ++
 ++ requesting less memory in other similar jobs.                         ++
 +++++++++++++++++++++++++++++++++++++++++++++++++++++++++++++++++++++++++++
 
*****************************************************************************


*****************************************************************************
*                                                                           *
*                    JOB EFFICIENCY REPORT (seff 10934017)                   *
*                                                                           *
*****************************************************************************

Job ID: 10934017
Cluster: finisterrae3
User/Group: curso341/ulc
State: COMPLETED (exit code 0)
Nodes: 7
Cores per node: 64
CPU Utilized: 01:12:18
CPU Efficiency: 1.10% of 4-13:53:04 core-walltime
Job Wall-clock time: 00:14:43
Memory Utilized: 3.58 GB
Memory Efficiency: 0.24% of 1.48 TB

 +++++++++++++++++++++++++++++++++++++++++++++++++++++++++++++++++++++++++++
 ++   Memory Efficiency is too small. Please review the requested memory. ++
 ++ It seems that you do not need that much memory so we recommend        ++
 ++ requesting less memory in other similar jobs.                         ++
 +++++++++++++++++++++++++++++++++++++++++++++++++++++++++++++++++++++++++++
 
*****************************************************************************


*****************************************************************************
*                                                                           *
*                    JOB EFFICIENCY REPORT (seff 10934017)                   *
*                                                                           *
*****************************************************************************

Job ID: 10934017
Cluster: finisterrae3
User/Group: curso341/ulc
State: COMPLETED (exit code 0)
Nodes: 7
Cores per node: 64
CPU Utilized: 01:14:52
CPU Efficiency: 1.14% of 4-13:53:04 core-walltime
Job Wall-clock time: 00:14:43
Memory Utilized: 3.58 GB
Memory Efficiency: 0.24% of 1.48 TB

 +++++++++++++++++++++++++++++++++++++++++++++++++++++++++++++++++++++++++++
 ++   Memory Efficiency is too small. Please review the requested memory. ++
 ++ It seems that you do not need that much memory so we recommend        ++
 ++ requesting less memory in other similar jobs.                         ++
 +++++++++++++++++++++++++++++++++++++++++++++++++++++++++++++++++++++++++++
 
*****************************************************************************


*****************************************************************************
*                                                                           *
*                    JOB EFFICIENCY REPORT (seff 10934017)                   *
*                                                                           *
*****************************************************************************

Job ID: 10934017
Cluster: finisterrae3
User/Group: curso341/ulc
State: COMPLETED (exit code 0)
Nodes: 7
Cores per node: 64
CPU Utilized: 02:52:06
CPU Efficiency: 2.61% of 4-13:53:04 core-walltime
Job Wall-clock time: 00:14:43
Memory Utilized: 3.93 GB
Memory Efficiency: 0.26% of 1.48 TB

 +++++++++++++++++++++++++++++++++++++++++++++++++++++++++++++++++++++++++++
 ++   Memory Efficiency is too small. Please review the requested memory. ++
 ++ It seems that you do not need that much memory so we recommend        ++
 ++ requesting less memory in other similar jobs.                         ++
 +++++++++++++++++++++++++++++++++++++++++++++++++++++++++++++++++++++++++++
 
*****************************************************************************


*****************************************************************************
*                                                                           *
*                    JOB EFFICIENCY REPORT (seff 10934017)                   *
*                                                                           *
*****************************************************************************

Job ID: 10934017
Cluster: finisterrae3
User/Group: curso341/ulc
State: COMPLETED (exit code 0)
Nodes: 7
Cores per node: 64
CPU Utilized: 02:52:06
CPU Efficiency: 2.61% of 4-13:53:04 core-walltime
Job Wall-clock time: 00:14:43
Memory Utilized: 3.93 GB
Memory Efficiency: 0.26% of 1.48 TB

 +++++++++++++++++++++++++++++++++++++++++++++++++++++++++++++++++++++++++++
 ++   Memory Efficiency is too small. Please review the requested memory. ++
 ++ It seems that you do not need that much memory so we recommend        ++
 ++ requesting less memory in other similar jobs.                         ++
 +++++++++++++++++++++++++++++++++++++++++++++++++++++++++++++++++++++++++++
 
*****************************************************************************

