slurmstepd: info: Setting TMPDIR to /scratch/10908854. Previous errors about TMPDIR can be discarded
Slurm job started at 07/03/2025_10:06:44 PM

In transit.
Initing Ray (1 head node + 2 worker nodes + 2 simulation nodes) on nodes: 
	ilk-166 ilk-167 ilk-196 ilk-203 ilk-234
Head node: 172.30.204.22:6379


RAY_DEPLOY_TIME:     23.33764
2025-03-07 22:07:10,643	INFO packaging.py:520 -- Creating a file package for local directory '/mnt/lustre/scratch/nlsas/home/ulc/cursos/curso341/dask_on_reisa_tests/E2/REISA/derivative/P4-SN2-LS268-GS1073-I10-AN2-D2025-03-07_21-31-18'.
2025-03-07 22:07:10,669	INFO packaging.py:347 -- Pushing file package 'gcs://_ray_pkg_326a4efceedf24c0.zip' (0.48MiB) to Ray cluster...
2025-03-07 22:07:10,675	INFO packaging.py:360 -- Successfully pushed file package 'gcs://_ray_pkg_326a4efceedf24c0.zip'.
RAY_INIT_TIME:       2.78326
Iter [0]
Iter [1]
Iter [2]
Iter [3]
Iter [4]
Iter [5]
Iter [6]
Iter [7]
Iter [8]
Iter [9]
EST_ANALYTICS_TIME:  25.62935 (avg:2.56294)
GLOBAL_PUT_TIME:     3.4989895820617676 (avg:0.34990)
ACTOR_CONCURRENCY:   8
SIMULATION_TIME:     28.128951377000000 (avg: 2.812895137700000)
SIM_WTHOUT_PDI:      23.553827546000001 (avg: 2.355382754600000)
PDI_DELAY:           4.575123830999999 (avg: 0.457512383100000)

GLOBAL_SIZE_(GiB):   1048576
LOCAL_SIZE_(MiB):    256
ITERATIONS:          10

MPI_PER_NODE:        2
MPI_PARALLELISM:     4

WORKER_NODES:        2
CPUS_PER_WORKER:     64
WORKER_PARALLELISM:  128


SLURM_JOB_ID:        10908854

Slurm job finished at 07/03/2025_10:07:41 PM

*****************************************************************************
*                                                                           *
*                    JOB EFFICIENCY REPORT (seff 10908854)                   *
*                                                                           *
*****************************************************************************

Job ID: 10908854
Cluster: finisterrae3
User/Group: curso341/ulc
State: COMPLETED (exit code 0)
Nodes: 5
Cores per node: 64
CPU Utilized: 00:02:55
CPU Efficiency: 0.93% of 05:14:40 core-walltime
Job Wall-clock time: 00:00:59
Memory Utilized: 2.92 GB (estimated maximum)
Memory Efficiency: 0.27% of 1.06 TB (3.39 GB/core)

 +++++++++++++++++++++++++++++++++++++++++++++++++++++++++++++++++++++++++++
 ++   Memory Efficiency is too small. Please review the requested memory. ++
 ++ It seems that you do not need that much memory so we recommend        ++
 ++ requesting less memory in other similar jobs.                         ++
 +++++++++++++++++++++++++++++++++++++++++++++++++++++++++++++++++++++++++++
 
*****************************************************************************


*****************************************************************************
*                                                                           *
*                    JOB EFFICIENCY REPORT (seff 10908854)                   *
*                                                                           *
*****************************************************************************

Job ID: 10908854
Cluster: finisterrae3
User/Group: curso341/ulc
State: COMPLETED (exit code 0)
Nodes: 5
Cores per node: 64
CPU Utilized: 00:02:55
CPU Efficiency: 0.93% of 05:14:40 core-walltime
Job Wall-clock time: 00:00:59
Memory Utilized: 2.92 GB (estimated maximum)
Memory Efficiency: 0.27% of 1.06 TB (3.39 GB/core)

 +++++++++++++++++++++++++++++++++++++++++++++++++++++++++++++++++++++++++++
 ++   Memory Efficiency is too small. Please review the requested memory. ++
 ++ It seems that you do not need that much memory so we recommend        ++
 ++ requesting less memory in other similar jobs.                         ++
 +++++++++++++++++++++++++++++++++++++++++++++++++++++++++++++++++++++++++++
 
*****************************************************************************


*****************************************************************************
*                                                                           *
*                    JOB EFFICIENCY REPORT (seff 10908854)                   *
*                                                                           *
*****************************************************************************

Job ID: 10908854
Cluster: finisterrae3
User/Group: curso341/ulc
State: COMPLETED (exit code 0)
Nodes: 5
Cores per node: 64
CPU Utilized: 00:02:55
CPU Efficiency: 0.93% of 05:14:40 core-walltime
Job Wall-clock time: 00:00:59
Memory Utilized: 2.92 GB (estimated maximum)
Memory Efficiency: 0.27% of 1.06 TB (3.39 GB/core)

 +++++++++++++++++++++++++++++++++++++++++++++++++++++++++++++++++++++++++++
 ++   Memory Efficiency is too small. Please review the requested memory. ++
 ++ It seems that you do not need that much memory so we recommend        ++
 ++ requesting less memory in other similar jobs.                         ++
 +++++++++++++++++++++++++++++++++++++++++++++++++++++++++++++++++++++++++++
 
*****************************************************************************


*****************************************************************************
*                                                                           *
*                    JOB EFFICIENCY REPORT (seff 10908854)                   *
*                                                                           *
*****************************************************************************

Job ID: 10908854
Cluster: finisterrae3
User/Group: curso341/ulc
State: COMPLETED (exit code 0)
Nodes: 5
Cores per node: 64
CPU Utilized: 00:04:48
CPU Efficiency: 1.53% of 05:14:40 core-walltime
Job Wall-clock time: 00:00:59
Memory Utilized: 6.47 GB
Memory Efficiency: 0.60% of 1.06 TB

 +++++++++++++++++++++++++++++++++++++++++++++++++++++++++++++++++++++++++++
 ++   Memory Efficiency is too small. Please review the requested memory. ++
 ++ It seems that you do not need that much memory so we recommend        ++
 ++ requesting less memory in other similar jobs.                         ++
 +++++++++++++++++++++++++++++++++++++++++++++++++++++++++++++++++++++++++++
 
*****************************************************************************


*****************************************************************************
*                                                                           *
*                    JOB EFFICIENCY REPORT (seff 10908854)                   *
*                                                                           *
*****************************************************************************

Job ID: 10908854
Cluster: finisterrae3
User/Group: curso341/ulc
State: COMPLETED (exit code 0)
Nodes: 5
Cores per node: 64
CPU Utilized: 00:05:07
CPU Efficiency: 1.63% of 05:14:40 core-walltime
Job Wall-clock time: 00:00:59
Memory Utilized: 6.47 GB
Memory Efficiency: 0.60% of 1.06 TB

 +++++++++++++++++++++++++++++++++++++++++++++++++++++++++++++++++++++++++++
 ++   Memory Efficiency is too small. Please review the requested memory. ++
 ++ It seems that you do not need that much memory so we recommend        ++
 ++ requesting less memory in other similar jobs.                         ++
 +++++++++++++++++++++++++++++++++++++++++++++++++++++++++++++++++++++++++++
 
*****************************************************************************

