slurmstepd: info: Setting TMPDIR to /scratch/10925254. Previous errors about TMPDIR can be discarded
Slurm job started at 09/03/2025_09:12:43 PM

In transit.
Initing Ray (1 head node + 2 worker nodes + 2 simulation nodes) on nodes: 
	ilk-140 ilk-154 ilk-155 ilk-156 ilk-157
Head node: 172.30.203.44:6379


RAY_DEPLOY_TIME:     24.48549
2025-03-09 21:13:10,421	INFO packaging.py:520 -- Creating a file package for local directory '/mnt/lustre/scratch/nlsas/home/ulc/cursos/curso341/dask_on_reisa_tests/E4/REISA_ONE_ACTOR/reduction/P4-SN2-LS268-GS1073-I20-AN2-D2025-03-09_18-43-44'.
2025-03-09 21:13:10,447	INFO packaging.py:347 -- Pushing file package 'gcs://_ray_pkg_327f27de880dda43.zip' (0.48MiB) to Ray cluster...
2025-03-09 21:13:10,454	INFO packaging.py:360 -- Successfully pushed file package 'gcs://_ray_pkg_327f27de880dda43.zip'.
RAY_INIT_TIME:       2.68839
Iter [0]
Iter [2]
Iter [4]
Iter [6]
Iter [8]
Iter [10]
Iter [12]
Iter [14]
Iter [16]
Iter [18]
EST_ANALYTICS_TIME:  55.62468 (avg:2.78123)
GLOBAL_PUT_TIME:     8.524153470993042 (avg:0.42621)
ACTOR_CONCURRENCY:   8
SIMULATION_TIME:     58.745671364000003 (avg: 2.937283568200000)
SIM_WTHOUT_PDI:      46.927272783000042 (avg: 2.346363639150002)
PDI_DELAY:           11.818398580999961 (avg: 0.590919929049998)

GLOBAL_SIZE_(GiB):   1048576
LOCAL_SIZE_(MiB):    256
ITERATIONS:          20

MPI_PER_NODE:        2
MPI_PARALLELISM:     4

WORKER_NODES:        2
CPUS_PER_WORKER:     64
WORKER_PARALLELISM:  128


SLURM_JOB_ID:        10925254

Slurm job finished at 09/03/2025_09:14:11 PM

*****************************************************************************
*                                                                           *
*                    JOB EFFICIENCY REPORT (seff 10925254)                   *
*                                                                           *
*****************************************************************************

Job ID: 10925254
Cluster: finisterrae3
User/Group: curso341/ulc
State: COMPLETED (exit code 0)
Nodes: 5
Cores per node: 64
CPU Utilized: 00:03:55
CPU Efficiency: 0.83% of 07:54:40 core-walltime
Job Wall-clock time: 00:01:29
Memory Utilized: 2.94 GB (estimated maximum)
Memory Efficiency: 0.27% of 1.06 TB (3.39 GB/core)

 +++++++++++++++++++++++++++++++++++++++++++++++++++++++++++++++++++++++++++
 ++   Memory Efficiency is too small. Please review the requested memory. ++
 ++ It seems that you do not need that much memory so we recommend        ++
 ++ requesting less memory in other similar jobs.                         ++
 +++++++++++++++++++++++++++++++++++++++++++++++++++++++++++++++++++++++++++
 
*****************************************************************************


*****************************************************************************
*                                                                           *
*                    JOB EFFICIENCY REPORT (seff 10925254)                   *
*                                                                           *
*****************************************************************************

Job ID: 10925254
Cluster: finisterrae3
User/Group: curso341/ulc
State: COMPLETED (exit code 0)
Nodes: 5
Cores per node: 64
CPU Utilized: 00:05:05
CPU Efficiency: 1.07% of 07:54:40 core-walltime
Job Wall-clock time: 00:01:29
Memory Utilized: 2.94 GB (estimated maximum)
Memory Efficiency: 0.27% of 1.06 TB (3.39 GB/core)

 +++++++++++++++++++++++++++++++++++++++++++++++++++++++++++++++++++++++++++
 ++   Memory Efficiency is too small. Please review the requested memory. ++
 ++ It seems that you do not need that much memory so we recommend        ++
 ++ requesting less memory in other similar jobs.                         ++
 +++++++++++++++++++++++++++++++++++++++++++++++++++++++++++++++++++++++++++
 
*****************************************************************************


*****************************************************************************
*                                                                           *
*                    JOB EFFICIENCY REPORT (seff 10925254)                   *
*                                                                           *
*****************************************************************************

Job ID: 10925254
Cluster: finisterrae3
User/Group: curso341/ulc
State: COMPLETED (exit code 0)
Nodes: 5
Cores per node: 64
CPU Utilized: 00:05:05
CPU Efficiency: 1.07% of 07:54:40 core-walltime
Job Wall-clock time: 00:01:29
Memory Utilized: 2.94 GB (estimated maximum)
Memory Efficiency: 0.27% of 1.06 TB (3.39 GB/core)

 +++++++++++++++++++++++++++++++++++++++++++++++++++++++++++++++++++++++++++
 ++   Memory Efficiency is too small. Please review the requested memory. ++
 ++ It seems that you do not need that much memory so we recommend        ++
 ++ requesting less memory in other similar jobs.                         ++
 +++++++++++++++++++++++++++++++++++++++++++++++++++++++++++++++++++++++++++
 
*****************************************************************************


*****************************************************************************
*                                                                           *
*                    JOB EFFICIENCY REPORT (seff 10925254)                   *
*                                                                           *
*****************************************************************************

Job ID: 10925254
Cluster: finisterrae3
User/Group: curso341/ulc
State: COMPLETED (exit code 0)
Nodes: 5
Cores per node: 64
CPU Utilized: 00:05:24
CPU Efficiency: 1.14% of 07:54:40 core-walltime
Job Wall-clock time: 00:01:29
Memory Utilized: 2.94 GB (estimated maximum)
Memory Efficiency: 0.27% of 1.06 TB (3.39 GB/core)

 +++++++++++++++++++++++++++++++++++++++++++++++++++++++++++++++++++++++++++
 ++   Memory Efficiency is too small. Please review the requested memory. ++
 ++ It seems that you do not need that much memory so we recommend        ++
 ++ requesting less memory in other similar jobs.                         ++
 +++++++++++++++++++++++++++++++++++++++++++++++++++++++++++++++++++++++++++
 
*****************************************************************************


*****************************************************************************
*                                                                           *
*                    JOB EFFICIENCY REPORT (seff 10925254)                   *
*                                                                           *
*****************************************************************************

Job ID: 10925254
Cluster: finisterrae3
User/Group: curso341/ulc
State: COMPLETED (exit code 0)
Nodes: 5
Cores per node: 64
CPU Utilized: 00:08:03
CPU Efficiency: 1.70% of 07:54:40 core-walltime
Job Wall-clock time: 00:01:29
Memory Utilized: 3.88 GB
Memory Efficiency: 0.36% of 1.06 TB

 +++++++++++++++++++++++++++++++++++++++++++++++++++++++++++++++++++++++++++
 ++   Memory Efficiency is too small. Please review the requested memory. ++
 ++ It seems that you do not need that much memory so we recommend        ++
 ++ requesting less memory in other similar jobs.                         ++
 +++++++++++++++++++++++++++++++++++++++++++++++++++++++++++++++++++++++++++
 
*****************************************************************************

