slurmstepd: info: Setting TMPDIR to /scratch/10772539. Previous errors about TMPDIR can be discarded
Slurm job started at 26/02/2025_12:11:01 AM

In transit.
Initing Ray (1 head node + 4 worker nodes + 4 simulation nodes) on nodes: 
	ilk-152 ilk-159 ilk-161 ilk-162 ilk-166 ilk-167 ilk-170 ilk-172 ilk-173
Head node: 172.30.204.8:6379


RAY_DEPLOY_TIME:     22.45584
RAY_INIT_TIME:       3.52915
Iter [0]
2025-02-26 00:11:29,677	INFO packaging.py:520 -- Creating a file package for local directory '/mnt/lustre/scratch/nlsas/home/ulc/cursos/curso341/dask_on_reisa_tests/E1/DASK_ON_REISA_ONE_ACTOR/reduction/P8-SN4-LS268-GS2147-I25-AN4-D2025-02-25_20-32-39'.
2025-02-26 00:11:29,706	INFO packaging.py:347 -- Pushing file package 'gcs://_ray_pkg_0697af4420cb7378.zip' (0.48MiB) to Ray cluster...
2025-02-26 00:11:29,714	INFO packaging.py:360 -- Successfully pushed file package 'gcs://_ray_pkg_0697af4420cb7378.zip'.
Iter [2]
Iter [4]
Iter [6]
Iter [8]
Iter [10]
Iter [12]
Iter [14]
Iter [16]
Iter [18]
Iter [20]
Iter [22]
Iter [24]
GLOBAL_PUT_TIME:     8.943878173828125 (avg:0.35776)
ACTOR_CONCURRENCY:   8
SIMULATION_TIME:     240.484022812999996 (avg: 9.619360912519999)
SIM_WTHOUT_PDI:      107.871248477999956 (avg: 4.314849939119998)
PDI_DELAY:           132.612774335000040 (avg: 5.304510973400002)

GLOBAL_SIZE_(GiB):   2097152
LOCAL_SIZE_(MiB):    256
ITERATIONS:          25

MPI_PER_NODE:        2
MPI_PARALLELISM:     8

WORKER_NODES:        4
CPUS_PER_WORKER:     30
WORKER_PARALLELISM:  120


SLURM_JOB_ID:        10772539
slurmstepd: error: *** JOB 10772539 ON ilk-152 CANCELLED AT 2025-02-26T00:31:28 DUE TO TIME LIMIT ***
slurmstepd: error: *** STEP 10772539.10 ON ilk-159 CANCELLED AT 2025-02-26T00:31:28 DUE TO TIME LIMIT ***
