slurmstepd: info: Setting TMPDIR to /scratch/10925246. Previous errors about TMPDIR can be discarded
Slurm job started at 09/03/2025_08:20:48 PM

In transit.
Initing Ray (1 head node + 8 worker nodes + 8 simulation nodes) on nodes: 
	ilk-146 ilk-147 ilk-172 ilk-211 ilk-213 ilk-214 ilk-215 ilk-243 ilk-244 ilk-245 ilk-246 ilk-247 ilk-248 ilk-249 ilk-250 ilk-251 ilk-253
Head node: 172.30.204.2:6379


RAY_DEPLOY_TIME:     24.65076
2025-03-09 20:21:15,983	INFO packaging.py:520 -- Creating a file package for local directory '/mnt/lustre/scratch/nlsas/home/ulc/cursos/curso341/dask_on_reisa_tests/E4/REISA_ONE_ACTOR/derivative/P16-SN8-LS536-GS8589-I10-AN8-D2025-03-09_18-43-24'.
2025-03-09 20:21:16,009	INFO packaging.py:347 -- Pushing file package 'gcs://_ray_pkg_dda50a4c1862bcb3.zip' (0.48MiB) to Ray cluster...
2025-03-09 20:21:16,015	INFO packaging.py:360 -- Successfully pushed file package 'gcs://_ray_pkg_dda50a4c1862bcb3.zip'.
RAY_INIT_TIME:       2.58618
Iter [0]
Iter [1]
Iter [2]
Iter [3]
Iter [4]
Iter [5]
Iter [6]
Iter [7]
Iter [8]
Iter [9]
GLOBAL_PUT_TIME:     8.196089744567871 (avg:0.81961)
ACTOR_CONCURRENCY:   8
SIMULATION_TIME:     60.213831087999999 (avg: 6.021383108800000)
SIM_WTHOUT_PDI:      46.956129805000010 (avg: 4.695612980500001)
PDI_DELAY:           13.257701282999989 (avg: 1.325770128299999)

GLOBAL_SIZE_(GiB):   8388608
LOCAL_SIZE_(MiB):    512
ITERATIONS:          10

MPI_PER_NODE:        2
MPI_PARALLELISM:     16

WORKER_NODES:        8
CPUS_PER_WORKER:     64
WORKER_PARALLELISM:  512


SLURM_JOB_ID:        10925246
EST_ANALYTICS_TIME:  65.45116 (avg:6.54512)

Slurm job finished at 09/03/2025_08:22:25 PM

*****************************************************************************
*                                                                           *
*                    JOB EFFICIENCY REPORT (seff 10925246)                   *
*                                                                           *
*****************************************************************************

Job ID: 10925246
Cluster: finisterrae3
User/Group: curso341/ulc
State: COMPLETED (exit code 0)
Nodes: 17
Cores per node: 64
CPU Utilized: 00:15:53
CPU Efficiency: 0.89% of 1-05:37:04 core-walltime
Job Wall-clock time: 00:01:38
Memory Utilized: 19.84 GB (estimated maximum)
Memory Efficiency: 0.54% of 3.60 TB (3.39 GB/core)

 +++++++++++++++++++++++++++++++++++++++++++++++++++++++++++++++++++++++++++
 ++   Memory Efficiency is too small. Please review the requested memory. ++
 ++ It seems that you do not need that much memory so we recommend        ++
 ++ requesting less memory in other similar jobs.                         ++
 +++++++++++++++++++++++++++++++++++++++++++++++++++++++++++++++++++++++++++
 
*****************************************************************************


*****************************************************************************
*                                                                           *
*                    JOB EFFICIENCY REPORT (seff 10925246)                   *
*                                                                           *
*****************************************************************************

Job ID: 10925246
Cluster: finisterrae3
User/Group: curso341/ulc
State: COMPLETED (exit code 0)
Nodes: 17
Cores per node: 64
CPU Utilized: 00:15:53
CPU Efficiency: 0.89% of 1-05:37:04 core-walltime
Job Wall-clock time: 00:01:38
Memory Utilized: 19.84 GB (estimated maximum)
Memory Efficiency: 0.54% of 3.60 TB (3.39 GB/core)

 +++++++++++++++++++++++++++++++++++++++++++++++++++++++++++++++++++++++++++
 ++   Memory Efficiency is too small. Please review the requested memory. ++
 ++ It seems that you do not need that much memory so we recommend        ++
 ++ requesting less memory in other similar jobs.                         ++
 +++++++++++++++++++++++++++++++++++++++++++++++++++++++++++++++++++++++++++
 
*****************************************************************************


*****************************************************************************
*                                                                           *
*                    JOB EFFICIENCY REPORT (seff 10925246)                   *
*                                                                           *
*****************************************************************************

Job ID: 10925246
Cluster: finisterrae3
User/Group: curso341/ulc
State: COMPLETED (exit code 0)
Nodes: 17
Cores per node: 64
CPU Utilized: 00:15:53
CPU Efficiency: 0.89% of 1-05:37:04 core-walltime
Job Wall-clock time: 00:01:38
Memory Utilized: 19.84 GB (estimated maximum)
Memory Efficiency: 0.54% of 3.60 TB (3.39 GB/core)

 +++++++++++++++++++++++++++++++++++++++++++++++++++++++++++++++++++++++++++
 ++   Memory Efficiency is too small. Please review the requested memory. ++
 ++ It seems that you do not need that much memory so we recommend        ++
 ++ requesting less memory in other similar jobs.                         ++
 +++++++++++++++++++++++++++++++++++++++++++++++++++++++++++++++++++++++++++
 
*****************************************************************************


*****************************************************************************
*                                                                           *
*                    JOB EFFICIENCY REPORT (seff 10925246)                   *
*                                                                           *
*****************************************************************************

Job ID: 10925246
Cluster: finisterrae3
User/Group: curso341/ulc
State: COMPLETED (exit code 0)
Nodes: 17
Cores per node: 64
CPU Utilized: 00:15:53
CPU Efficiency: 0.89% of 1-05:37:04 core-walltime
Job Wall-clock time: 00:01:38
Memory Utilized: 19.84 GB (estimated maximum)
Memory Efficiency: 0.54% of 3.60 TB (3.39 GB/core)

 +++++++++++++++++++++++++++++++++++++++++++++++++++++++++++++++++++++++++++
 ++   Memory Efficiency is too small. Please review the requested memory. ++
 ++ It seems that you do not need that much memory so we recommend        ++
 ++ requesting less memory in other similar jobs.                         ++
 +++++++++++++++++++++++++++++++++++++++++++++++++++++++++++++++++++++++++++
 
*****************************************************************************


*****************************************************************************
*                                                                           *
*                    JOB EFFICIENCY REPORT (seff 10925246)                   *
*                                                                           *
*****************************************************************************

Job ID: 10925246
Cluster: finisterrae3
User/Group: curso341/ulc
State: COMPLETED (exit code 0)
Nodes: 17
Cores per node: 64
CPU Utilized: 00:15:53
CPU Efficiency: 0.89% of 1-05:37:04 core-walltime
Job Wall-clock time: 00:01:38
Memory Utilized: 19.84 GB (estimated maximum)
Memory Efficiency: 0.54% of 3.60 TB (3.39 GB/core)

 +++++++++++++++++++++++++++++++++++++++++++++++++++++++++++++++++++++++++++
 ++   Memory Efficiency is too small. Please review the requested memory. ++
 ++ It seems that you do not need that much memory so we recommend        ++
 ++ requesting less memory in other similar jobs.                         ++
 +++++++++++++++++++++++++++++++++++++++++++++++++++++++++++++++++++++++++++
 
*****************************************************************************


*****************************************************************************
*                                                                           *
*                    JOB EFFICIENCY REPORT (seff 10925246)                   *
*                                                                           *
*****************************************************************************

Job ID: 10925246
Cluster: finisterrae3
User/Group: curso341/ulc
State: COMPLETED (exit code 0)
Nodes: 17
Cores per node: 64
CPU Utilized: 00:18:46
CPU Efficiency: 1.06% of 1-05:37:04 core-walltime
Job Wall-clock time: 00:01:38
Memory Utilized: 19.84 GB (estimated maximum)
Memory Efficiency: 0.54% of 3.60 TB (3.39 GB/core)

 +++++++++++++++++++++++++++++++++++++++++++++++++++++++++++++++++++++++++++
 ++   Memory Efficiency is too small. Please review the requested memory. ++
 ++ It seems that you do not need that much memory so we recommend        ++
 ++ requesting less memory in other similar jobs.                         ++
 +++++++++++++++++++++++++++++++++++++++++++++++++++++++++++++++++++++++++++
 
*****************************************************************************


*****************************************************************************
*                                                                           *
*                    JOB EFFICIENCY REPORT (seff 10925246)                   *
*                                                                           *
*****************************************************************************

Job ID: 10925246
Cluster: finisterrae3
User/Group: curso341/ulc
State: COMPLETED (exit code 0)
Nodes: 17
Cores per node: 64
CPU Utilized: 00:18:46
CPU Efficiency: 1.06% of 1-05:37:04 core-walltime
Job Wall-clock time: 00:01:38
Memory Utilized: 19.84 GB (estimated maximum)
Memory Efficiency: 0.54% of 3.60 TB (3.39 GB/core)

 +++++++++++++++++++++++++++++++++++++++++++++++++++++++++++++++++++++++++++
 ++   Memory Efficiency is too small. Please review the requested memory. ++
 ++ It seems that you do not need that much memory so we recommend        ++
 ++ requesting less memory in other similar jobs.                         ++
 +++++++++++++++++++++++++++++++++++++++++++++++++++++++++++++++++++++++++++
 
*****************************************************************************


*****************************************************************************
*                                                                           *
*                    JOB EFFICIENCY REPORT (seff 10925246)                   *
*                                                                           *
*****************************************************************************

Job ID: 10925246
Cluster: finisterrae3
User/Group: curso341/ulc
State: COMPLETED (exit code 0)
Nodes: 17
Cores per node: 64
CPU Utilized: 00:18:46
CPU Efficiency: 1.06% of 1-05:37:04 core-walltime
Job Wall-clock time: 00:01:38
Memory Utilized: 19.84 GB (estimated maximum)
Memory Efficiency: 0.54% of 3.60 TB (3.39 GB/core)

 +++++++++++++++++++++++++++++++++++++++++++++++++++++++++++++++++++++++++++
 ++   Memory Efficiency is too small. Please review the requested memory. ++
 ++ It seems that you do not need that much memory so we recommend        ++
 ++ requesting less memory in other similar jobs.                         ++
 +++++++++++++++++++++++++++++++++++++++++++++++++++++++++++++++++++++++++++
 
*****************************************************************************


*****************************************************************************
*                                                                           *
*                    JOB EFFICIENCY REPORT (seff 10925246)                   *
*                                                                           *
*****************************************************************************

Job ID: 10925246
Cluster: finisterrae3
User/Group: curso341/ulc
State: COMPLETED (exit code 0)
Nodes: 17
Cores per node: 64
CPU Utilized: 00:18:46
CPU Efficiency: 1.06% of 1-05:37:04 core-walltime
Job Wall-clock time: 00:01:38
Memory Utilized: 19.84 GB (estimated maximum)
Memory Efficiency: 0.54% of 3.60 TB (3.39 GB/core)

 +++++++++++++++++++++++++++++++++++++++++++++++++++++++++++++++++++++++++++
 ++   Memory Efficiency is too small. Please review the requested memory. ++
 ++ It seems that you do not need that much memory so we recommend        ++
 ++ requesting less memory in other similar jobs.                         ++
 +++++++++++++++++++++++++++++++++++++++++++++++++++++++++++++++++++++++++++
 
*****************************************************************************


*****************************************************************************
*                                                                           *
*                    JOB EFFICIENCY REPORT (seff 10925246)                   *
*                                                                           *
*****************************************************************************

Job ID: 10925246
Cluster: finisterrae3
User/Group: curso341/ulc
State: COMPLETED (exit code 0)
Nodes: 17
Cores per node: 64
CPU Utilized: 00:18:46
CPU Efficiency: 1.06% of 1-05:37:04 core-walltime
Job Wall-clock time: 00:01:38
Memory Utilized: 19.84 GB (estimated maximum)
Memory Efficiency: 0.54% of 3.60 TB (3.39 GB/core)

 +++++++++++++++++++++++++++++++++++++++++++++++++++++++++++++++++++++++++++
 ++   Memory Efficiency is too small. Please review the requested memory. ++
 ++ It seems that you do not need that much memory so we recommend        ++
 ++ requesting less memory in other similar jobs.                         ++
 +++++++++++++++++++++++++++++++++++++++++++++++++++++++++++++++++++++++++++
 
*****************************************************************************


*****************************************************************************
*                                                                           *
*                    JOB EFFICIENCY REPORT (seff 10925246)                   *
*                                                                           *
*****************************************************************************

Job ID: 10925246
Cluster: finisterrae3
User/Group: curso341/ulc
State: COMPLETED (exit code 0)
Nodes: 17
Cores per node: 64
CPU Utilized: 00:18:46
CPU Efficiency: 1.06% of 1-05:37:04 core-walltime
Job Wall-clock time: 00:01:38
Memory Utilized: 19.84 GB (estimated maximum)
Memory Efficiency: 0.54% of 3.60 TB (3.39 GB/core)

 +++++++++++++++++++++++++++++++++++++++++++++++++++++++++++++++++++++++++++
 ++   Memory Efficiency is too small. Please review the requested memory. ++
 ++ It seems that you do not need that much memory so we recommend        ++
 ++ requesting less memory in other similar jobs.                         ++
 +++++++++++++++++++++++++++++++++++++++++++++++++++++++++++++++++++++++++++
 
*****************************************************************************


*****************************************************************************
*                                                                           *
*                    JOB EFFICIENCY REPORT (seff 10925246)                   *
*                                                                           *
*****************************************************************************

Job ID: 10925246
Cluster: finisterrae3
User/Group: curso341/ulc
State: COMPLETED (exit code 0)
Nodes: 17
Cores per node: 64
CPU Utilized: 00:18:46
CPU Efficiency: 1.06% of 1-05:37:04 core-walltime
Job Wall-clock time: 00:01:38
Memory Utilized: 19.84 GB (estimated maximum)
Memory Efficiency: 0.54% of 3.60 TB (3.39 GB/core)

 +++++++++++++++++++++++++++++++++++++++++++++++++++++++++++++++++++++++++++
 ++   Memory Efficiency is too small. Please review the requested memory. ++
 ++ It seems that you do not need that much memory so we recommend        ++
 ++ requesting less memory in other similar jobs.                         ++
 +++++++++++++++++++++++++++++++++++++++++++++++++++++++++++++++++++++++++++
 
*****************************************************************************


*****************************************************************************
*                                                                           *
*                    JOB EFFICIENCY REPORT (seff 10925246)                   *
*                                                                           *
*****************************************************************************

Job ID: 10925246
Cluster: finisterrae3
User/Group: curso341/ulc
State: COMPLETED (exit code 0)
Nodes: 17
Cores per node: 64
CPU Utilized: 00:18:46
CPU Efficiency: 1.06% of 1-05:37:04 core-walltime
Job Wall-clock time: 00:01:38
Memory Utilized: 19.84 GB (estimated maximum)
Memory Efficiency: 0.54% of 3.60 TB (3.39 GB/core)

 +++++++++++++++++++++++++++++++++++++++++++++++++++++++++++++++++++++++++++
 ++   Memory Efficiency is too small. Please review the requested memory. ++
 ++ It seems that you do not need that much memory so we recommend        ++
 ++ requesting less memory in other similar jobs.                         ++
 +++++++++++++++++++++++++++++++++++++++++++++++++++++++++++++++++++++++++++
 
*****************************************************************************


*****************************************************************************
*                                                                           *
*                    JOB EFFICIENCY REPORT (seff 10925246)                   *
*                                                                           *
*****************************************************************************

Job ID: 10925246
Cluster: finisterrae3
User/Group: curso341/ulc
State: COMPLETED (exit code 0)
Nodes: 17
Cores per node: 64
CPU Utilized: 00:19:08
CPU Efficiency: 1.08% of 1-05:37:04 core-walltime
Job Wall-clock time: 00:01:38
Memory Utilized: 19.84 GB (estimated maximum)
Memory Efficiency: 0.54% of 3.60 TB (3.39 GB/core)

 +++++++++++++++++++++++++++++++++++++++++++++++++++++++++++++++++++++++++++
 ++   Memory Efficiency is too small. Please review the requested memory. ++
 ++ It seems that you do not need that much memory so we recommend        ++
 ++ requesting less memory in other similar jobs.                         ++
 +++++++++++++++++++++++++++++++++++++++++++++++++++++++++++++++++++++++++++
 
*****************************************************************************


*****************************************************************************
*                                                                           *
*                    JOB EFFICIENCY REPORT (seff 10925246)                   *
*                                                                           *
*****************************************************************************

Job ID: 10925246
Cluster: finisterrae3
User/Group: curso341/ulc
State: COMPLETED (exit code 0)
Nodes: 17
Cores per node: 64
CPU Utilized: 00:32:08
CPU Efficiency: 1.81% of 1-05:37:04 core-walltime
Job Wall-clock time: 00:01:38
Memory Utilized: 21.99 GB
Memory Efficiency: 0.60% of 3.60 TB

 +++++++++++++++++++++++++++++++++++++++++++++++++++++++++++++++++++++++++++
 ++   Memory Efficiency is too small. Please review the requested memory. ++
 ++ It seems that you do not need that much memory so we recommend        ++
 ++ requesting less memory in other similar jobs.                         ++
 +++++++++++++++++++++++++++++++++++++++++++++++++++++++++++++++++++++++++++
 
*****************************************************************************


*****************************************************************************
*                                                                           *
*                    JOB EFFICIENCY REPORT (seff 10925246)                   *
*                                                                           *
*****************************************************************************

Job ID: 10925246
Cluster: finisterrae3
User/Group: curso341/ulc
State: COMPLETED (exit code 0)
Nodes: 17
Cores per node: 64
CPU Utilized: 00:32:08
CPU Efficiency: 1.81% of 1-05:37:04 core-walltime
Job Wall-clock time: 00:01:38
Memory Utilized: 21.99 GB
Memory Efficiency: 0.60% of 3.60 TB

 +++++++++++++++++++++++++++++++++++++++++++++++++++++++++++++++++++++++++++
 ++   Memory Efficiency is too small. Please review the requested memory. ++
 ++ It seems that you do not need that much memory so we recommend        ++
 ++ requesting less memory in other similar jobs.                         ++
 +++++++++++++++++++++++++++++++++++++++++++++++++++++++++++++++++++++++++++
 
*****************************************************************************


*****************************************************************************
*                                                                           *
*                    JOB EFFICIENCY REPORT (seff 10925246)                   *
*                                                                           *
*****************************************************************************

Job ID: 10925246
Cluster: finisterrae3
User/Group: curso341/ulc
State: COMPLETED (exit code 0)
Nodes: 17
Cores per node: 64
CPU Utilized: 00:32:08
CPU Efficiency: 1.81% of 1-05:37:04 core-walltime
Job Wall-clock time: 00:01:38
Memory Utilized: 21.99 GB
Memory Efficiency: 0.60% of 3.60 TB

 +++++++++++++++++++++++++++++++++++++++++++++++++++++++++++++++++++++++++++
 ++   Memory Efficiency is too small. Please review the requested memory. ++
 ++ It seems that you do not need that much memory so we recommend        ++
 ++ requesting less memory in other similar jobs.                         ++
 +++++++++++++++++++++++++++++++++++++++++++++++++++++++++++++++++++++++++++
 
*****************************************************************************

