slurmstepd: info: Setting TMPDIR to /scratch/10781215. Previous errors about TMPDIR can be discarded
Slurm job started at 26/02/2025_12:38:34 PM

In transit.
Initing Ray (1 head node + 8 worker nodes + 8 simulation nodes) on nodes: 
	ilk-97 ilk-98 ilk-99 ilk-101 ilk-104 ilk-106 ilk-107 ilk-108 ilk-112 ilk-113 ilk-114 ilk-115 ilk-117 ilk-118 ilk-120 ilk-122 ilk-123
Head node: 172.30.203.1:6379


RAY_DEPLOY_TIME:     22.66358
2025-02-26 12:39:00,097	INFO packaging.py:520 -- Creating a file package for local directory '/mnt/lustre/scratch/nlsas/home/ulc/cursos/curso341/dask_on_reisa_tests/E2/REISA_ONE_ACTOR/derivative/P16-SN8-LS536-GS8589-I12-AN8-D2025-02-26_11-03-12'.
2025-02-26 12:39:00,125	INFO packaging.py:347 -- Pushing file package 'gcs://_ray_pkg_8d00d17c48b01692.zip' (0.48MiB) to Ray cluster...
2025-02-26 12:39:00,132	INFO packaging.py:360 -- Successfully pushed file package 'gcs://_ray_pkg_8d00d17c48b01692.zip'.
RAY_INIT_TIME:       2.24234
Iter [0]
Iter [1]
Iter [2]
Iter [3]
Iter [4]
Iter [5]
Iter [6]
Iter [7]
Iter [8]
Iter [9]
Iter [10]
Iter [11]
GLOBAL_PUT_TIME:     8.936031341552734 (avg:0.74467)
ACTOR_CONCURRENCY:   8
EST_ANALYTICS_TIME:  69.90464 (avg:5.82539)
SIMULATION_TIME:     71.808027293999999 (avg: 5.984002274500000)
SIM_WTHOUT_PDI:      58.194937637000017 (avg: 4.849578136416668)
PDI_DELAY:           13.613089656999982 (avg: 1.134424138083332)

GLOBAL_SIZE_(GiB):   8388608
LOCAL_SIZE_(MiB):    512
ITERATIONS:          12

MPI_PER_NODE:        2
MPI_PARALLELISM:     16

WORKER_NODES:        8
CPUS_PER_WORKER:     30
WORKER_PARALLELISM:  240


SLURM_JOB_ID:        10781215

Slurm job finished at 26/02/2025_12:40:13 PM

*****************************************************************************
*                                                                           *
*                    JOB EFFICIENCY REPORT (seff 10781215)                   *
*                                                                           *
*****************************************************************************

Job ID: 10781215
Cluster: finisterrae3
User/Group: curso341/ulc
State: COMPLETED (exit code 0)
Nodes: 17
Cores per node: 40
CPU Utilized: 00:18:39
CPU Efficiency: 1.65% of 18:53:20 core-walltime
Job Wall-clock time: 00:01:40
Memory Utilized: 19.83 GB (estimated maximum)
Memory Efficiency: 0.73% of 2.66 TB (4.00 GB/core)

 +++++++++++++++++++++++++++++++++++++++++++++++++++++++++++++++++++++++++++
 ++   Memory Efficiency is too small. Please review the requested memory. ++
 ++ It seems that you do not need that much memory so we recommend        ++
 ++ requesting less memory in other similar jobs.                         ++
 +++++++++++++++++++++++++++++++++++++++++++++++++++++++++++++++++++++++++++
 
*****************************************************************************


*****************************************************************************
*                                                                           *
*                    JOB EFFICIENCY REPORT (seff 10781215)                   *
*                                                                           *
*****************************************************************************

Job ID: 10781215
Cluster: finisterrae3
User/Group: curso341/ulc
State: COMPLETED (exit code 0)
Nodes: 17
Cores per node: 40
CPU Utilized: 00:18:39
CPU Efficiency: 1.65% of 18:53:20 core-walltime
Job Wall-clock time: 00:01:40
Memory Utilized: 19.83 GB (estimated maximum)
Memory Efficiency: 0.73% of 2.66 TB (4.00 GB/core)

 +++++++++++++++++++++++++++++++++++++++++++++++++++++++++++++++++++++++++++
 ++   Memory Efficiency is too small. Please review the requested memory. ++
 ++ It seems that you do not need that much memory so we recommend        ++
 ++ requesting less memory in other similar jobs.                         ++
 +++++++++++++++++++++++++++++++++++++++++++++++++++++++++++++++++++++++++++
 
*****************************************************************************


*****************************************************************************
*                                                                           *
*                    JOB EFFICIENCY REPORT (seff 10781215)                   *
*                                                                           *
*****************************************************************************

Job ID: 10781215
Cluster: finisterrae3
User/Group: curso341/ulc
State: COMPLETED (exit code 0)
Nodes: 17
Cores per node: 40
CPU Utilized: 00:18:39
CPU Efficiency: 1.65% of 18:53:20 core-walltime
Job Wall-clock time: 00:01:40
Memory Utilized: 19.83 GB (estimated maximum)
Memory Efficiency: 0.73% of 2.66 TB (4.00 GB/core)

 +++++++++++++++++++++++++++++++++++++++++++++++++++++++++++++++++++++++++++
 ++   Memory Efficiency is too small. Please review the requested memory. ++
 ++ It seems that you do not need that much memory so we recommend        ++
 ++ requesting less memory in other similar jobs.                         ++
 +++++++++++++++++++++++++++++++++++++++++++++++++++++++++++++++++++++++++++
 
*****************************************************************************


*****************************************************************************
*                                                                           *
*                    JOB EFFICIENCY REPORT (seff 10781215)                   *
*                                                                           *
*****************************************************************************

Job ID: 10781215
Cluster: finisterrae3
User/Group: curso341/ulc
State: COMPLETED (exit code 0)
Nodes: 17
Cores per node: 40
CPU Utilized: 00:18:39
CPU Efficiency: 1.65% of 18:53:20 core-walltime
Job Wall-clock time: 00:01:40
Memory Utilized: 19.83 GB (estimated maximum)
Memory Efficiency: 0.73% of 2.66 TB (4.00 GB/core)

 +++++++++++++++++++++++++++++++++++++++++++++++++++++++++++++++++++++++++++
 ++   Memory Efficiency is too small. Please review the requested memory. ++
 ++ It seems that you do not need that much memory so we recommend        ++
 ++ requesting less memory in other similar jobs.                         ++
 +++++++++++++++++++++++++++++++++++++++++++++++++++++++++++++++++++++++++++
 
*****************************************************************************


*****************************************************************************
*                                                                           *
*                    JOB EFFICIENCY REPORT (seff 10781215)                   *
*                                                                           *
*****************************************************************************

Job ID: 10781215
Cluster: finisterrae3
User/Group: curso341/ulc
State: COMPLETED (exit code 0)
Nodes: 17
Cores per node: 40
CPU Utilized: 00:21:57
CPU Efficiency: 1.94% of 18:53:20 core-walltime
Job Wall-clock time: 00:01:40
Memory Utilized: 19.83 GB (estimated maximum)
Memory Efficiency: 0.73% of 2.66 TB (4.00 GB/core)

 +++++++++++++++++++++++++++++++++++++++++++++++++++++++++++++++++++++++++++
 ++   Memory Efficiency is too small. Please review the requested memory. ++
 ++ It seems that you do not need that much memory so we recommend        ++
 ++ requesting less memory in other similar jobs.                         ++
 +++++++++++++++++++++++++++++++++++++++++++++++++++++++++++++++++++++++++++
 
*****************************************************************************


*****************************************************************************
*                                                                           *
*                    JOB EFFICIENCY REPORT (seff 10781215)                   *
*                                                                           *
*****************************************************************************

Job ID: 10781215
Cluster: finisterrae3
User/Group: curso341/ulc
State: COMPLETED (exit code 0)
Nodes: 17
Cores per node: 40
CPU Utilized: 00:21:57
CPU Efficiency: 1.94% of 18:53:20 core-walltime
Job Wall-clock time: 00:01:40
Memory Utilized: 19.83 GB (estimated maximum)
Memory Efficiency: 0.73% of 2.66 TB (4.00 GB/core)


 +++++++++++++++++++++++++++++++++++++++++++++++++++++++++++++++++++++++++++
 ++   Memory Efficiency is too small. Please review the requested memory. ++
 ++ It seems that you do not need that much memory so we recommend        ++
 ++ requesting less memory in other similar jobs.                         ++
 +++++++++++++++++++++++++++++++++++++++++++++++++++++++++++++++++++++++++++
 
*****************************************************************************

*****************************************************************************
*                                                                           *
*                    JOB EFFICIENCY REPORT (seff 10781215)                   *
*                                                                           *
*****************************************************************************

Job ID: 10781215
Cluster: finisterrae3
User/Group: curso341/ulc
State: COMPLETED (exit code 0)
Nodes: 17
Cores per node: 40
CPU Utilized: 00:21:57
CPU Efficiency: 1.94% of 18:53:20 core-walltime
Job Wall-clock time: 00:01:40
Memory Utilized: 19.83 GB (estimated maximum)
Memory Efficiency: 0.73% of 2.66 TB (4.00 GB/core)

 +++++++++++++++++++++++++++++++++++++++++++++++++++++++++++++++++++++++++++
 ++   Memory Efficiency is too small. Please review the requested memory. ++
 ++ It seems that you do not need that much memory so we recommend        ++
 ++ requesting less memory in other similar jobs.                         ++
 +++++++++++++++++++++++++++++++++++++++++++++++++++++++++++++++++++++++++++
 
*****************************************************************************


*****************************************************************************
*                                                                           *
*                    JOB EFFICIENCY REPORT (seff 10781215)                   *
*                                                                           *
*****************************************************************************

Job ID: 10781215
Cluster: finisterrae3
User/Group: curso341/ulc
State: COMPLETED (exit code 0)
Nodes: 17
Cores per node: 40
CPU Utilized: 00:21:57
CPU Efficiency: 1.94% of 18:53:20 core-walltime
Job Wall-clock time: 00:01:40
Memory Utilized: 19.83 GB (estimated maximum)
Memory Efficiency: 0.73% of 2.66 TB (4.00 GB/core)

 +++++++++++++++++++++++++++++++++++++++++++++++++++++++++++++++++++++++++++
 ++   Memory Efficiency is too small. Please review the requested memory. ++
 ++ It seems that you do not need that much memory so we recommend        ++
 ++ requesting less memory in other similar jobs.                         ++
 +++++++++++++++++++++++++++++++++++++++++++++++++++++++++++++++++++++++++++
 
*****************************************************************************


*****************************************************************************
*                                                                           *
*                    JOB EFFICIENCY REPORT (seff 10781215)                   *
*                                                                           *
*****************************************************************************

Job ID: 10781215
Cluster: finisterrae3
User/Group: curso341/ulc
State: COMPLETED (exit code 0)
Nodes: 17
Cores per node: 40
CPU Utilized: 00:21:57
CPU Efficiency: 1.94% of 18:53:20 core-walltime
Job Wall-clock time: 00:01:40
Memory Utilized: 19.83 GB (estimated maximum)
Memory Efficiency: 0.73% of 2.66 TB (4.00 GB/core)

 +++++++++++++++++++++++++++++++++++++++++++++++++++++++++++++++++++++++++++
 ++   Memory Efficiency is too small. Please review the requested memory. ++
 ++ It seems that you do not need that much memory so we recommend        ++
 ++ requesting less memory in other similar jobs.                         ++
 +++++++++++++++++++++++++++++++++++++++++++++++++++++++++++++++++++++++++++
 
*****************************************************************************


*****************************************************************************
*                                                                           *
*                    JOB EFFICIENCY REPORT (seff 10781215)                   *
*                                                                           *
*****************************************************************************

Job ID: 10781215
Cluster: finisterrae3
User/Group: curso341/ulc
State: COMPLETED (exit code 0)
Nodes: 17
Cores per node: 40
CPU Utilized: 00:21:57
CPU Efficiency: 1.94% of 18:53:20 core-walltime
Job Wall-clock time: 00:01:40
Memory Utilized: 19.83 GB (estimated maximum)
Memory Efficiency: 0.73% of 2.66 TB (4.00 GB/core)

 +++++++++++++++++++++++++++++++++++++++++++++++++++++++++++++++++++++++++++
 ++   Memory Efficiency is too small. Please review the requested memory. ++
 ++ It seems that you do not need that much memory so we recommend        ++
 ++ requesting less memory in other similar jobs.                         ++
 +++++++++++++++++++++++++++++++++++++++++++++++++++++++++++++++++++++++++++
 
*****************************************************************************


*****************************************************************************
*                                                                           *
*                    JOB EFFICIENCY REPORT (seff 10781215)                   *
*                                                                           *
*****************************************************************************

Job ID: 10781215
Cluster: finisterrae3
User/Group: curso341/ulc
State: COMPLETED (exit code 0)
Nodes: 17
Cores per node: 40
CPU Utilized: 00:21:57
CPU Efficiency: 1.94% of 18:53:20 core-walltime
Job Wall-clock time: 00:01:40
Memory Utilized: 19.83 GB (estimated maximum)
Memory Efficiency: 0.73% of 2.66 TB (4.00 GB/core)

 +++++++++++++++++++++++++++++++++++++++++++++++++++++++++++++++++++++++++++
 ++   Memory Efficiency is too small. Please review the requested memory. ++
 ++ It seems that you do not need that much memory so we recommend        ++
 ++ requesting less memory in other similar jobs.                         ++
 +++++++++++++++++++++++++++++++++++++++++++++++++++++++++++++++++++++++++++
 
*****************************************************************************


*****************************************************************************
*                                                                           *
*                    JOB EFFICIENCY REPORT (seff 10781215)                   *
*                                                                           *
*****************************************************************************

Job ID: 10781215
Cluster: finisterrae3
User/Group: curso341/ulc
State: COMPLETED (exit code 0)
Nodes: 17
Cores per node: 40
CPU Utilized: 00:21:57
CPU Efficiency: 1.94% of 18:53:20 core-walltime
Job Wall-clock time: 00:01:40
Memory Utilized: 19.83 GB (estimated maximum)
Memory Efficiency: 0.73% of 2.66 TB (4.00 GB/core)

 +++++++++++++++++++++++++++++++++++++++++++++++++++++++++++++++++++++++++++
 ++   Memory Efficiency is too small. Please review the requested memory. ++
 ++ It seems that you do not need that much memory so we recommend        ++
 ++ requesting less memory in other similar jobs.                         ++
 +++++++++++++++++++++++++++++++++++++++++++++++++++++++++++++++++++++++++++
 
*****************************************************************************


*****************************************************************************
*                                                                           *
*                    JOB EFFICIENCY REPORT (seff 10781215)                   *
*                                                                           *
*****************************************************************************

Job ID: 10781215
Cluster: finisterrae3
User/Group: curso341/ulc
State: COMPLETED (exit code 0)
Nodes: 17
Cores per node: 40
CPU Utilized: 00:22:11
CPU Efficiency: 1.96% of 18:53:20 core-walltime
Job Wall-clock time: 00:01:40
Memory Utilized: 19.83 GB (estimated maximum)
Memory Efficiency: 0.73% of 2.66 TB (4.00 GB/core)

 +++++++++++++++++++++++++++++++++++++++++++++++++++++++++++++++++++++++++++
 ++   Memory Efficiency is too small. Please review the requested memory. ++
 ++ It seems that you do not need that much memory so we recommend        ++
 ++ requesting less memory in other similar jobs.                         ++
 +++++++++++++++++++++++++++++++++++++++++++++++++++++++++++++++++++++++++++
 
*****************************************************************************


*****************************************************************************
*                                                                           *
*                    JOB EFFICIENCY REPORT (seff 10781215)                   *
*                                                                           *
*****************************************************************************

Job ID: 10781215
Cluster: finisterrae3
User/Group: curso341/ulc
State: COMPLETED (exit code 0)
Nodes: 17
Cores per node: 40
CPU Utilized: 00:23:45
CPU Efficiency: 2.10% of 18:53:20 core-walltime
Job Wall-clock time: 00:01:40
Memory Utilized: 3.89 GB
Memory Efficiency: 0.14% of 2.66 TB

 +++++++++++++++++++++++++++++++++++++++++++++++++++++++++++++++++++++++++++
 ++   Memory Efficiency is too small. Please review the requested memory. ++
 ++ It seems that you do not need that much memory so we recommend        ++
 ++ requesting less memory in other similar jobs.                         ++
 +++++++++++++++++++++++++++++++++++++++++++++++++++++++++++++++++++++++++++
 
*****************************************************************************


*****************************************************************************
*                                                                           *
*                    JOB EFFICIENCY REPORT (seff 10781215)                   *
*                                                                           *
*****************************************************************************

Job ID: 10781215
Cluster: finisterrae3
User/Group: curso341/ulc
State: COMPLETED (exit code 0)
Nodes: 17
Cores per node: 40
CPU Utilized: 00:36:57
CPU Efficiency: 3.26% of 18:53:20 core-walltime
Job Wall-clock time: 00:01:40
Memory Utilized: 22.43 GB
Memory Efficiency: 0.82% of 2.66 TB

 +++++++++++++++++++++++++++++++++++++++++++++++++++++++++++++++++++++++++++
 ++   Memory Efficiency is too small. Please review the requested memory. ++
 ++ It seems that you do not need that much memory so we recommend        ++
 ++ requesting less memory in other similar jobs.                         ++
 +++++++++++++++++++++++++++++++++++++++++++++++++++++++++++++++++++++++++++
 
*****************************************************************************


*****************************************************************************
*                                                                           *
*                    JOB EFFICIENCY REPORT (seff 10781215)                   *
*                                                                           *
*****************************************************************************

Job ID: 10781215
Cluster: finisterrae3
User/Group: curso341/ulc
State: COMPLETED (exit code 0)
Nodes: 17
Cores per node: 40
CPU Utilized: 00:36:57
CPU Efficiency: 3.26% of 18:53:20 core-walltime
Job Wall-clock time: 00:01:40
Memory Utilized: 22.43 GB
Memory Efficiency: 0.82% of 2.66 TB

 +++++++++++++++++++++++++++++++++++++++++++++++++++++++++++++++++++++++++++
 ++   Memory Efficiency is too small. Please review the requested memory. ++
 ++ It seems that you do not need that much memory so we recommend        ++
 ++ requesting less memory in other similar jobs.                         ++
 +++++++++++++++++++++++++++++++++++++++++++++++++++++++++++++++++++++++++++
 
*****************************************************************************


*****************************************************************************
*                                                                           *
*                    JOB EFFICIENCY REPORT (seff 10781215)                   *
*                                                                           *
*****************************************************************************

Job ID: 10781215
Cluster: finisterrae3
User/Group: curso341/ulc
State: COMPLETED (exit code 0)
Nodes: 17
Cores per node: 40
CPU Utilized: 00:36:57
CPU Efficiency: 3.26% of 18:53:20 core-walltime
Job Wall-clock time: 00:01:40
Memory Utilized: 22.43 GB
Memory Efficiency: 0.82% of 2.66 TB

 +++++++++++++++++++++++++++++++++++++++++++++++++++++++++++++++++++++++++++
 ++   Memory Efficiency is too small. Please review the requested memory. ++
 ++ It seems that you do not need that much memory so we recommend        ++
 ++ requesting less memory in other similar jobs.                         ++
 +++++++++++++++++++++++++++++++++++++++++++++++++++++++++++++++++++++++++++
 
*****************************************************************************

