slurmstepd: info: Setting TMPDIR to /scratch/10927283. Previous errors about TMPDIR can be discarded
Slurm job started at 10/03/2025_08:48:30 AM

In transit.
Initing Ray (1 head node + 4 worker nodes + 4 simulation nodes) on nodes: 
	ilk-88 ilk-94 ilk-145 ilk-146 ilk-147 ilk-148 ilk-149 ilk-187 ilk-189
Head node: 172.30.202.40:6379


RAY_DEPLOY_TIME:     23.82886
2025-03-10 08:48:58,907	INFO packaging.py:520 -- Creating a file package for local directory '/mnt/lustre/scratch/nlsas/home/ulc/cursos/curso341/dask_on_reisa_tests/E4/DASK_ON_REISA/derivative/P8-SN4-LS536-GS4294-I10-AN4-D2025-03-10_08-46-23'.
2025-03-10 08:48:58,934	INFO packaging.py:347 -- Pushing file package 'gcs://_ray_pkg_fd67d367e6a28a51.zip' (0.48MiB) to Ray cluster...
2025-03-10 08:48:58,940	INFO packaging.py:360 -- Successfully pushed file package 'gcs://_ray_pkg_fd67d367e6a28a51.zip'.
RAY_INIT_TIME:       4.75252
Iter [0]
Iter [1]
[2m[36m(iter_task pid=4104476, ip=10.120.202.46)[0m /home/ulc/cursos/curso341/.local/lib/python3.9/site-packages/dask/config.py:693: UserWarning: Configuration key "shuffle" has been deprecated. Please use "dataframe.shuffle.algorithm" instead
[2m[36m(iter_task pid=4104476, ip=10.120.202.46)[0m   warnings.warn(
[2m[36m(iter_task pid=4104475, ip=10.120.202.46)[0m /home/ulc/cursos/curso341/.local/lib/python3.9/site-packages/dask/config.py:693: UserWarning: Configuration key "shuffle" has been deprecated. Please use "dataframe.shuffle.algorithm" instead
[2m[36m(iter_task pid=4104475, ip=10.120.202.46)[0m   warnings.warn(
[2m[36m(iter_task pid=4104477, ip=10.120.202.46)[0m /home/ulc/cursos/curso341/.local/lib/python3.9/site-packages/dask/config.py:693: UserWarning: Configuration key "shuffle" has been deprecated. Please use "dataframe.shuffle.algorithm" instead
[2m[36m(iter_task pid=4104477, ip=10.120.202.46)[0m   warnings.warn(
[2m[36m(iter_task pid=4104479, ip=10.120.202.46)[0m /home/ulc/cursos/curso341/.local/lib/python3.9/site-packages/dask/config.py:693: UserWarning: Configuration key "shuffle" has been deprecated. Please use "dataframe.shuffle.algorithm" instead
[2m[36m(iter_task pid=4104479, ip=10.120.202.46)[0m   warnings.warn(
[2m[36m(iter_task pid=4104478, ip=10.120.202.46)[0m /home/ulc/cursos/curso341/.local/lib/python3.9/site-packages/dask/config.py:693: UserWarning: Configuration key "shuffle" has been deprecated. Please use "dataframe.shuffle.algorithm" instead
[2m[36m(iter_task pid=4104478, ip=10.120.202.46)[0m   warnings.warn(
[2m[36m(iter_task pid=4104480, ip=10.120.202.46)[0m /home/ulc/cursos/curso341/.local/lib/python3.9/site-packages/dask/config.py:693: UserWarning: Configuration key "shuffle" has been deprecated. Please use "dataframe.shuffle.algorithm" instead
[2m[36m(iter_task pid=4104480, ip=10.120.202.46)[0m   warnings.warn(
Iter [2]
Iter [3]
Iter [4]
Iter [5]
Iter [6]
Iter [7]
Iter [8]
Iter [9]
GLOBAL_PUT_TIME:     8.628443002700806 (avg:0.86284)
ACTOR_CONCURRENCY:   8
SIMULATION_TIME:     65.669102482999989 (avg: 6.566910248299999)
SIM_WTHOUT_PDI:      51.044460671000003 (avg: 5.104446067100000)
PDI_DELAY:           14.624641811999986 (avg: 1.462464181199999)

GLOBAL_SIZE_(GiB):   4194304
LOCAL_SIZE_(MiB):    512
ITERATIONS:          10

MPI_PER_NODE:        2
MPI_PARALLELISM:     8

WORKER_NODES:        4
CPUS_PER_WORKER:     64
WORKER_PARALLELISM:  256


SLURM_JOB_ID:        10927283
EST_ANALYTICS_TIME:  322.42375 (avg:32.24238)

Slurm job finished at 10/03/2025_08:54:26 AM

*****************************************************************************
*                                                                           *
*                    JOB EFFICIENCY REPORT (seff 10927283)                   *
*                                                                           *
*****************************************************************************

Job ID: 10927283
Cluster: finisterrae3
User/Group: curso341/ulc
State: COMPLETED (exit code 0)
Nodes: 9
Cores per node: 64
CPU Utilized: 00:09:44
CPU Efficiency: 0.28% of 2-09:16:48 core-walltime
Job Wall-clock time: 00:05:58
Memory Utilized: 10.01 GB (estimated maximum)
Memory Efficiency: 0.51% of 1.91 TB (3.39 GB/core)

 +++++++++++++++++++++++++++++++++++++++++++++++++++++++++++++++++++++++++++
 ++   Memory Efficiency is too small. Please review the requested memory. ++
 ++ It seems that you do not need that much memory so we recommend        ++
 ++ requesting less memory in other similar jobs.                         ++
 +++++++++++++++++++++++++++++++++++++++++++++++++++++++++++++++++++++++++++
 
*****************************************************************************


*****************************************************************************
*                                                                           *
*                    JOB EFFICIENCY REPORT (seff 10927283)                   *
*                                                                           *
*****************************************************************************

Job ID: 10927283
Cluster: finisterrae3
User/Group: curso341/ulc
State: COMPLETED (exit code 0)
Nodes: 9
Cores per node: 64
CPU Utilized: 00:09:44
CPU Efficiency: 0.28% of 2-09:16:48 core-walltime
Job Wall-clock time: 00:05:58
Memory Utilized: 10.01 GB (estimated maximum)
Memory Efficiency: 0.51% of 1.91 TB (3.39 GB/core)

 +++++++++++++++++++++++++++++++++++++++++++++++++++++++++++++++++++++++++++
 ++   Memory Efficiency is too small. Please review the requested memory. ++
 ++ It seems that you do not need that much memory so we recommend        ++
 ++ requesting less memory in other similar jobs.                         ++
 +++++++++++++++++++++++++++++++++++++++++++++++++++++++++++++++++++++++++++
 
*****************************************************************************


*****************************************************************************
*                                                                           *
*                    JOB EFFICIENCY REPORT (seff 10927283)                   *
*                                                                           *
*****************************************************************************

Job ID: 10927283
Cluster: finisterrae3
User/Group: curso341/ulc
State: COMPLETED (exit code 0)
Nodes: 9
Cores per node: 64
CPU Utilized: 00:20:27
CPU Efficiency: 0.60% of 2-09:16:48 core-walltime
Job Wall-clock time: 00:05:58
Memory Utilized: 8.26 GB
Memory Efficiency: 0.42% of 1.91 TB

 +++++++++++++++++++++++++++++++++++++++++++++++++++++++++++++++++++++++++++
 ++   Memory Efficiency is too small. Please review the requested memory. ++
 ++ It seems that you do not need that much memory so we recommend        ++
 ++ requesting less memory in other similar jobs.                         ++
 +++++++++++++++++++++++++++++++++++++++++++++++++++++++++++++++++++++++++++
 
*****************************************************************************


*****************************************************************************
*                                                                           *
*                    JOB EFFICIENCY REPORT (seff 10927283)                   *
*                                                                           *
*****************************************************************************

Job ID: 10927283
Cluster: finisterrae3
User/Group: curso341/ulc
State: COMPLETED (exit code 0)
Nodes: 9
Cores per node: 64
CPU Utilized: 00:54:19
CPU Efficiency: 1.58% of 2-09:16:48 core-walltime
Job Wall-clock time: 00:05:58
Memory Utilized: 35.12 GB
Memory Efficiency: 1.80% of 1.91 TB

 +++++++++++++++++++++++++++++++++++++++++++++++++++++++++++++++++++++++++++
 ++   Memory Efficiency is too small. Please review the requested memory. ++
 ++ It seems that you do not need that much memory so we recommend        ++
 ++ requesting less memory in other similar jobs.                         ++
 +++++++++++++++++++++++++++++++++++++++++++++++++++++++++++++++++++++++++++
 
*****************************************************************************


*****************************************************************************
*                                                                           *
*                    JOB EFFICIENCY REPORT (seff 10927283)                   *
*                                                                           *
*****************************************************************************

Job ID: 10927283
Cluster: finisterrae3
User/Group: curso341/ulc
State: COMPLETED (exit code 0)
Nodes: 9
Cores per node: 64
CPU Utilized: 00:54:19
CPU Efficiency: 1.58% of 2-09:16:48 core-walltime
Job Wall-clock time: 00:05:58
Memory Utilized: 35.12 GB
Memory Efficiency: 1.80% of 1.91 TB

 +++++++++++++++++++++++++++++++++++++++++++++++++++++++++++++++++++++++++++
 ++   Memory Efficiency is too small. Please review the requested memory. ++
 ++ It seems that you do not need that much memory so we recommend        ++
 ++ requesting less memory in other similar jobs.                         ++
 +++++++++++++++++++++++++++++++++++++++++++++++++++++++++++++++++++++++++++
 
*****************************************************************************


*****************************************************************************
*                                                                           *
*                    JOB EFFICIENCY REPORT (seff 10927283)                   *
*                                                                           *
*****************************************************************************

Job ID: 10927283
Cluster: finisterrae3
User/Group: curso341/ulc
State: COMPLETED (exit code 0)
Nodes: 9
Cores per node: 64
CPU Utilized: 00:54:19
CPU Efficiency: 1.58% of 2-09:16:48 core-walltime
Job Wall-clock time: 00:05:58
Memory Utilized: 35.12 GB
Memory Efficiency: 1.80% of 1.91 TB

 +++++++++++++++++++++++++++++++++++++++++++++++++++++++++++++++++++++++++++
 ++   Memory Efficiency is too small. Please review the requested memory. ++
 ++ It seems that you do not need that much memory so we recommend        ++
 ++ requesting less memory in other similar jobs.                         ++
 +++++++++++++++++++++++++++++++++++++++++++++++++++++++++++++++++++++++++++
 
*****************************************************************************


*****************************************************************************
*                                                                           *
*                    JOB EFFICIENCY REPORT (seff 10927283)                   *
*                                                                           *
*****************************************************************************

Job ID: 10927283
Cluster: finisterrae3
User/Group: curso341/ulc
State: COMPLETED (exit code 0)
Nodes: 9
Cores per node: 64
CPU Utilized: 00:54:19
CPU Efficiency: 1.58% of 2-09:16:48 core-walltime
Job Wall-clock time: 00:05:58
Memory Utilized: 35.12 GB
Memory Efficiency: 1.80% of 1.91 TB

 +++++++++++++++++++++++++++++++++++++++++++++++++++++++++++++++++++++++++++
 ++   Memory Efficiency is too small. Please review the requested memory. ++
 ++ It seems that you do not need that much memory so we recommend        ++
 ++ requesting less memory in other similar jobs.                         ++
 +++++++++++++++++++++++++++++++++++++++++++++++++++++++++++++++++++++++++++
 
*****************************************************************************


*****************************************************************************
*                                                                           *
*                    JOB EFFICIENCY REPORT (seff 10927283)                   *
*                                                                           *
*****************************************************************************

Job ID: 10927283
Cluster: finisterrae3
User/Group: curso341/ulc
State: COMPLETED (exit code 0)
Nodes: 9
Cores per node: 64
CPU Utilized: 00:54:19
CPU Efficiency: 1.58% of 2-09:16:48 core-walltime
Job Wall-clock time: 00:05:58
Memory Utilized: 35.12 GB
Memory Efficiency: 1.80% of 1.91 TB

 +++++++++++++++++++++++++++++++++++++++++++++++++++++++++++++++++++++++++++
 ++   Memory Efficiency is too small. Please review the requested memory. ++
 ++ It seems that you do not need that much memory so we recommend        ++
 ++ requesting less memory in other similar jobs.                         ++
 +++++++++++++++++++++++++++++++++++++++++++++++++++++++++++++++++++++++++++
 
*****************************************************************************


*****************************************************************************
*                                                                           *
*                    JOB EFFICIENCY REPORT (seff 10927283)                   *
*                                                                           *
*****************************************************************************

Job ID: 10927283
Cluster: finisterrae3
User/Group: curso341/ulc
State: COMPLETED (exit code 0)
Nodes: 9
Cores per node: 64
CPU Utilized: 01:22:48
CPU Efficiency: 2.41% of 2-09:16:48 core-walltime
Job Wall-clock time: 00:05:58
Memory Utilized: 35.12 GB
Memory Efficiency: 1.80% of 1.91 TB

 +++++++++++++++++++++++++++++++++++++++++++++++++++++++++++++++++++++++++++
 ++   Memory Efficiency is too small. Please review the requested memory. ++
 ++ It seems that you do not need that much memory so we recommend        ++
 ++ requesting less memory in other similar jobs.                         ++
 +++++++++++++++++++++++++++++++++++++++++++++++++++++++++++++++++++++++++++
 
*****************************************************************************

