slurmstepd: info: Setting TMPDIR to /scratch/10934005. Previous errors about TMPDIR can be discarded
Slurm job started at 11/03/2025_12:35:28 AM

In transit.
Initing Ray (1 head node + 2 worker nodes + 4 simulation nodes) on nodes: 
	ilk-116 ilk-120 ilk-121 ilk-122 ilk-123 ilk-127 ilk-131
Head node: 172.30.203.20:6379


RAY_DEPLOY_TIME:     23.44793
2025-03-11 00:35:55,084	INFO packaging.py:520 -- Creating a file package for local directory '/mnt/lustre/scratch/nlsas/home/ulc/cursos/curso341/dask_on_reisa_tests/E5/DASK_ON_REISA_ONE_ACTOR/derivative/P128-SN4-LS134-GS17179-I10-AN2-D2025-03-10_22-50-34'.
2025-03-11 00:35:55,111	INFO packaging.py:347 -- Pushing file package 'gcs://_ray_pkg_197c71370081c37f.zip' (0.48MiB) to Ray cluster...
2025-03-11 00:35:55,117	INFO packaging.py:360 -- Successfully pushed file package 'gcs://_ray_pkg_197c71370081c37f.zip'.
RAY_INIT_TIME:       4.01799
Iter [0]
Iter [1]
Iter [2]
Iter [3]
Iter [4]
Iter [5]
Iter [6]
Iter [7]
Iter [8]
Iter [9]
GLOBAL_PUT_TIME:     6.815383434295654 (avg:0.68154)
ACTOR_CONCURRENCY:   8
SIMULATION_TIME:     230.650332531999993 (avg: 23.065033253199999)
SIM_WTHOUT_PDI:      62.356892225999971 (avg: 6.235689222599997)
PDI_DELAY:           168.293440306000036 (avg: 16.829344030600005)

GLOBAL_SIZE_(GiB):   16777216
LOCAL_SIZE_(MiB):    128
ITERATIONS:          10

MPI_PER_NODE:        32
MPI_PARALLELISM:     128

WORKER_NODES:        2
CPUS_PER_WORKER:     64
WORKER_PARALLELISM:  128


SLURM_JOB_ID:        10934005
srun: Job step aborted: Waiting up to 32 seconds for job step to finish.
slurmstepd: error: *** JOB 10934005 ON ilk-116 CANCELLED AT 2025-03-11T00:55:41 DUE TO TIME LIMIT ***
slurmstepd: error: *** STEP 10934005.8 ON ilk-120 CANCELLED AT 2025-03-11T00:55:41 DUE TO TIME LIMIT ***
