slurmstepd: info: Setting TMPDIR to /scratch/10713554. Previous errors about TMPDIR can be discarded
Slurm job started at 22/02/2025_03:26:12 PM

In transit.
Initing Ray (1 head node + 2 worker nodes + 2 simulation nodes) on nodes: 
	ilk-145 ilk-157 ilk-158 ilk-166 ilk-183
Head node: 172.30.204.1:6379


RAY_DEPLOY_TIME:     24.42643
2025-02-22 15:26:39,250	INFO packaging.py:520 -- Creating a file package for local directory '/mnt/lustre/scratch/nlsas/home/ulc/cursos/curso341/dask_on_reisa_tests/E1/REISA/derivative/P4-SN2-LS268-GS1073-I12-AN2-D2025-02-22_15-25-06'.
2025-02-22 15:26:39,277	INFO packaging.py:347 -- Pushing file package 'gcs://_ray_pkg_9a6a26f08bf2554f.zip' (0.47MiB) to Ray cluster...
2025-02-22 15:26:39,284	INFO packaging.py:360 -- Successfully pushed file package 'gcs://_ray_pkg_9a6a26f08bf2554f.zip'.
RAY_INIT_TIME:       3.61247
EST_ANALYTICS_TIME:  31.34333 (avg:2.61194)
GLOBAL_PUT_TIME:     4.773141860961914 (avg:0.39776)
ACTOR_CONCURRENCY:   8
SIMULATION_TIME:     33.439602878999999 (avg: 2.786633573250000)
SIM_WTHOUT_PDI:      27.701280415999996 (avg: 2.308440034666666)
PDI_DELAY:           5.738322463000003 (avg: 0.478193538583334)

GLOBAL_SIZE_(GiB):   1024
LOCAL_SIZE_(MiB):    256
ITERATIONS:          12

MPI_PER_NODE:        2
MPI_PARALLELISM:     4

WORKER_NODES:        2
CPUS_PER_WORKER:     30
WORKER_PARALLELISM:  60


SLURM_JOB_ID:        10713554

Slurm job finished at 22/02/2025_03:27:15 PM

*****************************************************************************
*                                                                           *
*                    JOB EFFICIENCY REPORT (seff 10713554)                   *
*                                                                           *
*****************************************************************************

Job ID: 10713554
Cluster: finisterrae3
User/Group: curso341/ulc
State: COMPLETED (exit code 0)
Nodes: 5
Cores per node: 40
CPU Utilized: 00:03:42
CPU Efficiency: 1.71% of 03:36:40 core-walltime
Job Wall-clock time: 00:01:05
Memory Utilized: 3.94 GB (estimated maximum)
Memory Efficiency: 0.49% of 800.00 GB (4.00 GB/core)

 +++++++++++++++++++++++++++++++++++++++++++++++++++++++++++++++++++++++++++
 ++   Memory Efficiency is too small. Please review the requested memory. ++
 ++ It seems that you do not need that much memory so we recommend        ++
 ++ requesting less memory in other similar jobs.                         ++
 +++++++++++++++++++++++++++++++++++++++++++++++++++++++++++++++++++++++++++
 
*****************************************************************************


*****************************************************************************
*                                                                           *
*                    JOB EFFICIENCY REPORT (seff 10713554)                   *
*                                                                           *
*****************************************************************************

Job ID: 10713554
Cluster: finisterrae3
User/Group: curso341/ulc
State: COMPLETED (exit code 0)
Nodes: 5
Cores per node: 40
CPU Utilized: 00:03:42
CPU Efficiency: 1.71% of 03:36:40 core-walltime
Job Wall-clock time: 00:01:05
Memory Utilized: 3.94 GB (estimated maximum)
Memory Efficiency: 0.49% of 800.00 GB (4.00 GB/core)

 +++++++++++++++++++++++++++++++++++++++++++++++++++++++++++++++++++++++++++
 ++   Memory Efficiency is too small. Please review the requested memory. ++
 ++ It seems that you do not need that much memory so we recommend        ++
 ++ requesting less memory in other similar jobs.                         ++
 +++++++++++++++++++++++++++++++++++++++++++++++++++++++++++++++++++++++++++
 
*****************************************************************************


*****************************************************************************
*                                                                           *
*                    JOB EFFICIENCY REPORT (seff 10713554)                   *
*                                                                           *
*****************************************************************************

Job ID: 10713554
Cluster: finisterrae3
User/Group: curso341/ulc
State: COMPLETED (exit code 0)
Nodes: 5
Cores per node: 40
CPU Utilized: 00:03:42
CPU Efficiency: 1.71% of 03:36:40 core-walltime
Job Wall-clock time: 00:01:05
Memory Utilized: 3.94 GB (estimated maximum)
Memory Efficiency: 0.49% of 800.00 GB (4.00 GB/core)

 +++++++++++++++++++++++++++++++++++++++++++++++++++++++++++++++++++++++++++
 ++   Memory Efficiency is too small. Please review the requested memory. ++
 ++ It seems that you do not need that much memory so we recommend        ++
 ++ requesting less memory in other similar jobs.                         ++
 +++++++++++++++++++++++++++++++++++++++++++++++++++++++++++++++++++++++++++
 
*****************************************************************************


*****************************************************************************
*                                                                           *
*                    JOB EFFICIENCY REPORT (seff 10713554)                   *
*                                                                           *
*****************************************************************************

Job ID: 10713554
Cluster: finisterrae3
User/Group: curso341/ulc
State: COMPLETED (exit code 0)
Nodes: 5
Cores per node: 40
CPU Utilized: 00:03:52
CPU Efficiency: 1.78% of 03:36:40 core-walltime
Job Wall-clock time: 00:01:05
Memory Utilized: 3.94 GB (estimated maximum)
Memory Efficiency: 0.49% of 800.00 GB (4.00 GB/core)

 +++++++++++++++++++++++++++++++++++++++++++++++++++++++++++++++++++++++++++
 ++   Memory Efficiency is too small. Please review the requested memory. ++
 ++ It seems that you do not need that much memory so we recommend        ++
 ++ requesting less memory in other similar jobs.                         ++
 +++++++++++++++++++++++++++++++++++++++++++++++++++++++++++++++++++++++++++
 
*****************************************************************************


*****************************************************************************
*                                                                           *
*                    JOB EFFICIENCY REPORT (seff 10713554)                   *
*                                                                           *
*****************************************************************************

Job ID: 10713554
Cluster: finisterrae3
User/Group: curso341/ulc
State: COMPLETED (exit code 0)
Nodes: 5
Cores per node: 40
CPU Utilized: 00:05:04
CPU Efficiency: 2.34% of 03:36:40 core-walltime
Job Wall-clock time: 00:01:05
Memory Utilized: 4.78 GB
Memory Efficiency: 0.60% of 800.00 GB

 +++++++++++++++++++++++++++++++++++++++++++++++++++++++++++++++++++++++++++
 ++   Memory Efficiency is too small. Please review the requested memory. ++
 ++ It seems that you do not need that much memory so we recommend        ++
 ++ requesting less memory in other similar jobs.                         ++
 +++++++++++++++++++++++++++++++++++++++++++++++++++++++++++++++++++++++++++
 
*****************************************************************************

