slurmstepd: info: Setting TMPDIR to /scratch/10912125. Previous errors about TMPDIR can be discarded
Slurm job started at 08/03/2025_11:47:04 AM

In transit.
Initing Ray (1 head node + 2 worker nodes + 4 simulation nodes) on nodes: 
	ilk-40 ilk-121 ilk-140 ilk-143 ilk-237 ilk-238 ilk-240
Head node: 172.30.201.40:6379


RAY_DEPLOY_TIME:     23.83156
2025-03-08 11:47:32,715	INFO packaging.py:520 -- Creating a file package for local directory '/mnt/lustre/scratch/nlsas/home/ulc/cursos/curso341/dask_on_reisa_tests/E2/DASK_ON_REISA/derivative/P128-SN4-LS1-GS134-I10-AN2-D2025-03-08_09-07-33'.
2025-03-08 11:47:32,744	INFO packaging.py:347 -- Pushing file package 'gcs://_ray_pkg_c2c623250a6daa92.zip' (0.48MiB) to Ray cluster...
2025-03-08 11:47:32,750	INFO packaging.py:360 -- Successfully pushed file package 'gcs://_ray_pkg_c2c623250a6daa92.zip'.
RAY_INIT_TIME:       6.50051
Iter [0]
Iter [1]
Iter [2]
Iter [3]
Iter [4]
Iter [5]
Iter [6]
Iter [7]
[2m[36m(iter_task pid=3213979, ip=10.120.203.25)[0m /home/ulc/cursos/curso341/.local/lib/python3.9/site-packages/dask/config.py:693: UserWarning: Configuration key "shuffle" has been deprecated. Please use "dataframe.shuffle.algorithm" instead
[2m[36m(iter_task pid=3213979, ip=10.120.203.25)[0m   warnings.warn(
[2m[36m(iter_task pid=3213980, ip=10.120.203.25)[0m /home/ulc/cursos/curso341/.local/lib/python3.9/site-packages/dask/config.py:693: UserWarning: Configuration key "shuffle" has been deprecated. Please use "dataframe.shuffle.algorithm" instead
[2m[36m(iter_task pid=3213980, ip=10.120.203.25)[0m   warnings.warn(
Iter [8]
[2m[36m(iter_task pid=2828945, ip=10.120.203.44)[0m /home/ulc/cursos/curso341/.local/lib/python3.9/site-packages/dask/config.py:693: UserWarning: Configuration key "shuffle" has been deprecated. Please use "dataframe.shuffle.algorithm" instead
[2m[36m(iter_task pid=2828945, ip=10.120.203.44)[0m   warnings.warn(
[2m[36m(iter_task pid=2828944, ip=10.120.203.44)[0m /home/ulc/cursos/curso341/.local/lib/python3.9/site-packages/dask/config.py:693: UserWarning: Configuration key "shuffle" has been deprecated. Please use "dataframe.shuffle.algorithm" instead
[2m[36m(iter_task pid=2828944, ip=10.120.203.44)[0m   warnings.warn(
Iter [9]
GLOBAL_PUT_TIME:     0.027479887008666992 (avg:0.00275)
ACTOR_CONCURRENCY:   8
SIMULATION_TIME:     7.003263881999999 (avg: 0.700326388200000)
SIM_WTHOUT_PDI:      3.063913945000002 (avg: 0.306391394500000)
PDI_DELAY:           3.939349936999997 (avg: 0.393934993700000)

GLOBAL_SIZE_(GiB):   131072
LOCAL_SIZE_(MiB):    1
ITERATIONS:          10

MPI_PER_NODE:        32
MPI_PARALLELISM:     128

WORKER_NODES:        2
CPUS_PER_WORKER:     64
WORKER_PARALLELISM:  128


SLURM_JOB_ID:        10912125
[2m[36m(iter_task pid=3213980, ip=10.120.203.25)[0m /home/ulc/cursos/curso341/.local/lib/python3.9/site-packages/dask/config.py:693: UserWarning: Configuration key "shuffle" has been deprecated. Please use "dataframe.shuffle.algorithm" instead
[2m[36m(iter_task pid=3213980, ip=10.120.203.25)[0m   warnings.warn(
[2m[36m(iter_task pid=2828944, ip=10.120.203.44)[0m /home/ulc/cursos/curso341/.local/lib/python3.9/site-packages/dask/config.py:693: UserWarning: Configuration key "shuffle" has been deprecated. Please use "dataframe.shuffle.algorithm" instead
[2m[36m(iter_task pid=2828944, ip=10.120.203.44)[0m   warnings.warn(
EST_ANALYTICS_TIME:  36.23940 (avg:3.62394)

Slurm job finished at 08/03/2025_11:48:13 AM

*****************************************************************************
*                                                                           *
*                    JOB EFFICIENCY REPORT (seff 10912125)                   *
*                                                                           *
*****************************************************************************

Job ID: 10912125
Cluster: finisterrae3
User/Group: curso341/ulc
State: COMPLETED (exit code 0)
Nodes: 7
Cores per node: 64
CPU Utilized: 00:16:13
CPU Efficiency: 3.06% of 08:50:08 core-walltime
Job Wall-clock time: 00:01:11
Memory Utilized: 341.45 MB
Memory Efficiency: 0.02% of 1.48 TB

 +++++++++++++++++++++++++++++++++++++++++++++++++++++++++++++++++++++++++++
 ++   Memory Efficiency is too small. Please review the requested memory. ++
 ++ It seems that you do not need that much memory so we recommend        ++
 ++ requesting less memory in other similar jobs.                         ++
 +++++++++++++++++++++++++++++++++++++++++++++++++++++++++++++++++++++++++++
 
*****************************************************************************


*****************************************************************************
*                                                                           *
*                    JOB EFFICIENCY REPORT (seff 10912125)                   *
*                                                                           *
*****************************************************************************

Job ID: 10912125
Cluster: finisterrae3
User/Group: curso341/ulc
State: COMPLETED (exit code 0)
Nodes: 7
Cores per node: 64
CPU Utilized: 00:16:13
CPU Efficiency: 3.06% of 08:50:08 core-walltime
Job Wall-clock time: 00:01:11
Memory Utilized: 341.45 MB
Memory Efficiency: 0.02% of 1.48 TB

 +++++++++++++++++++++++++++++++++++++++++++++++++++++++++++++++++++++++++++
 ++   Memory Efficiency is too small. Please review the requested memory. ++
 ++ It seems that you do not need that much memory so we recommend        ++
 ++ requesting less memory in other similar jobs.                         ++
 +++++++++++++++++++++++++++++++++++++++++++++++++++++++++++++++++++++++++++
 
*****************************************************************************


*****************************************************************************
*                                                                           *
*                    JOB EFFICIENCY REPORT (seff 10912125)                   *
*                                                                           *
*****************************************************************************

Job ID: 10912125
Cluster: finisterrae3
User/Group: curso341/ulc
State: COMPLETED (exit code 0)
Nodes: 7
Cores per node: 64
CPU Utilized: 00:16:13
CPU Efficiency: 3.06% of 08:50:08 core-walltime
Job Wall-clock time: 00:01:11
Memory Utilized: 341.45 MB
Memory Efficiency: 0.02% of 1.48 TB

 +++++++++++++++++++++++++++++++++++++++++++++++++++++++++++++++++++++++++++
 ++   Memory Efficiency is too small. Please review the requested memory. ++
 ++ It seems that you do not need that much memory so we recommend        ++
 ++ requesting less memory in other similar jobs.                         ++
 +++++++++++++++++++++++++++++++++++++++++++++++++++++++++++++++++++++++++++
 
*****************************************************************************


*****************************************************************************
*                                                                           *
*                    JOB EFFICIENCY REPORT (seff 10912125)                   *
*                                                                           *
*****************************************************************************

Job ID: 10912125
Cluster: finisterrae3
User/Group: curso341/ulc
State: COMPLETED (exit code 0)
Nodes: 7
Cores per node: 64
CPU Utilized: 00:16:13
CPU Efficiency: 3.06% of 08:50:08 core-walltime
Job Wall-clock time: 00:01:11
Memory Utilized: 341.45 MB
Memory Efficiency: 0.02% of 1.48 TB

 +++++++++++++++++++++++++++++++++++++++++++++++++++++++++++++++++++++++++++
 ++   Memory Efficiency is too small. Please review the requested memory. ++
 ++ It seems that you do not need that much memory so we recommend        ++
 ++ requesting less memory in other similar jobs.                         ++
 +++++++++++++++++++++++++++++++++++++++++++++++++++++++++++++++++++++++++++
 
*****************************************************************************


*****************************************************************************
*                                                                           *
*                    JOB EFFICIENCY REPORT (seff 10912125)                   *
*                                                                           *
*****************************************************************************

Job ID: 10912125
Cluster: finisterrae3
User/Group: curso341/ulc
State: COMPLETED (exit code 0)
Nodes: 7
Cores per node: 64
CPU Utilized: 00:47:12
CPU Efficiency: 8.90% of 08:50:08 core-walltime
Job Wall-clock time: 00:01:11
Memory Utilized: 5.47 GB
Memory Efficiency: 0.36% of 1.48 TB

 +++++++++++++++++++++++++++++++++++++++++++++++++++++++++++++++++++++++++++
 ++   Memory Efficiency is too small. Please review the requested memory. ++
 ++ It seems that you do not need that much memory so we recommend        ++
 ++ requesting less memory in other similar jobs.                         ++
 +++++++++++++++++++++++++++++++++++++++++++++++++++++++++++++++++++++++++++
 
*****************************************************************************


*****************************************************************************
*                                                                           *
*                    JOB EFFICIENCY REPORT (seff 10912125)                   *
*                                                                           *
*****************************************************************************

Job ID: 10912125
Cluster: finisterrae3
User/Group: curso341/ulc
State: COMPLETED (exit code 0)
Nodes: 7
Cores per node: 64
CPU Utilized: 00:47:12
CPU Efficiency: 8.90% of 08:50:08 core-walltime
Job Wall-clock time: 00:01:11
Memory Utilized: 5.47 GB
Memory Efficiency: 0.36% of 1.48 TB

 +++++++++++++++++++++++++++++++++++++++++++++++++++++++++++++++++++++++++++
 ++   Memory Efficiency is too small. Please review the requested memory. ++
 ++ It seems that you do not need that much memory so we recommend        ++
 ++ requesting less memory in other similar jobs.                         ++
 +++++++++++++++++++++++++++++++++++++++++++++++++++++++++++++++++++++++++++
 
*****************************************************************************


*****************************************************************************
*                                                                           *
*                    JOB EFFICIENCY REPORT (seff 10912125)                   *
*                                                                           *
*****************************************************************************

Job ID: 10912125
Cluster: finisterrae3
User/Group: curso341/ulc
State: COMPLETED (exit code 0)
Nodes: 7
Cores per node: 64
CPU Utilized: 00:48:35
CPU Efficiency: 9.16% of 08:50:08 core-walltime
Job Wall-clock time: 00:01:11
Memory Utilized: 5.47 GB
Memory Efficiency: 0.36% of 1.48 TB

 +++++++++++++++++++++++++++++++++++++++++++++++++++++++++++++++++++++++++++
 ++   Memory Efficiency is too small. Please review the requested memory. ++
 ++ It seems that you do not need that much memory so we recommend        ++
 ++ requesting less memory in other similar jobs.                         ++
 +++++++++++++++++++++++++++++++++++++++++++++++++++++++++++++++++++++++++++
 
*****************************************************************************

