slurmstepd: info: Setting TMPDIR to /scratch/10772533. Previous errors about TMPDIR can be discarded
Slurm job started at 26/02/2025_12:24:26 AM

In transit.
Initing Ray (1 head node + 2 worker nodes + 4 simulation nodes) on nodes: 
	ilk-65 ilk-67 ilk-68 ilk-69 ilk-82 ilk-88 ilk-94
Head node: 172.30.202.17:6379


RAY_DEPLOY_TIME:     22.98834
2025-02-26 00:24:54,301	INFO packaging.py:520 -- Creating a file package for local directory '/mnt/lustre/scratch/nlsas/home/ulc/cursos/curso341/dask_on_reisa_tests/E1/DASK_ON_REISA_ONE_ACTOR/derivative/P128-SN4-LS1-GS134-I12-AN2-D2025-02-25_20-32-19'.
2025-02-26 00:24:54,330	INFO packaging.py:347 -- Pushing file package 'gcs://_ray_pkg_0aaa2b7f03e3f3ac.zip' (0.48MiB) to Ray cluster...
2025-02-26 00:24:54,337	INFO packaging.py:360 -- Successfully pushed file package 'gcs://_ray_pkg_0aaa2b7f03e3f3ac.zip'.
RAY_INIT_TIME:       5.70057
Iter [0]
Iter [1]
Iter [2]
Iter [3]
Iter [4]
Iter [5]
Iter [6]
Iter [7]
Iter [8]
Iter [9]
Iter [10]
Iter [11]
GLOBAL_PUT_TIME:     1.191209077835083 (avg:0.09927)
ACTOR_CONCURRENCY:   8
SIMULATION_TIME:     48.817013678999999 (avg: 4.068084473250000)
SIM_WTHOUT_PDI:      9.726009533000010 (avg: 0.810500794416667)
PDI_DELAY:           39.091004145999989 (avg: 3.257583678833333)

GLOBAL_SIZE_(GiB):   131072
LOCAL_SIZE_(MiB):    1
ITERATIONS:          12

MPI_PER_NODE:        32
MPI_PARALLELISM:     128

WORKER_NODES:        2
CPUS_PER_WORKER:     30
WORKER_PARALLELISM:  60


SLURM_JOB_ID:        10772533
EST_ANALYTICS_TIME:  441.96963 (avg:36.83080)

Slurm job finished at 26/02/2025_12:32:20 AM

*****************************************************************************
*                                                                           *
*                    JOB EFFICIENCY REPORT (seff 10772533)                   *
*                                                                           *
*****************************************************************************

Job ID: 10772533
Cluster: finisterrae3
User/Group: curso341/ulc
State: COMPLETED (exit code 0)
Nodes: 7
Cores per node: 40
CPU Utilized: 01:32:18
CPU Efficiency: 4.16% of 1-13:01:20 core-walltime
Job Wall-clock time: 00:07:56
Memory Utilized: 2.27 GB
Memory Efficiency: 0.20% of 1.09 TB

 +++++++++++++++++++++++++++++++++++++++++++++++++++++++++++++++++++++++++++
 ++   Memory Efficiency is too small. Please review the requested memory. ++
 ++ It seems that you do not need that much memory so we recommend        ++
 ++ requesting less memory in other similar jobs.                         ++
 +++++++++++++++++++++++++++++++++++++++++++++++++++++++++++++++++++++++++++
 
*****************************************************************************



*****************************************************************************
*****************************************************************************
*                                                                           *
*                                                                           *
*                    JOB EFFICIENCY REPORT (seff 10772533)                   *
*                    JOB EFFICIENCY REPORT (seff 10772533)                   *
*                                                                           *
*                                                                           *
*****************************************************************************
*****************************************************************************


Job ID: 10772533

Job ID: 10772533
Cluster: finisterrae3
*****************************************************************************
Cluster: finisterrae3
User/Group: curso341/ulc
*                                                                           *
User/Group: curso341/ulc
State: COMPLETED (exit code 0)
*                    JOB EFFICIENCY REPORT (seff 10772533)                   *
State: COMPLETED (exit code 0)
Nodes: 7
*                                                                           *
Nodes: 7
Cores per node: 40
*****************************************************************************
Cores per node: 40
CPU Utilized: 01:32:18

CPU Utilized: 01:32:18
CPU Efficiency: 4.16% of 1-13:01:20 core-walltime
Job ID: 10772533
CPU Efficiency: 4.16% of 1-13:01:20 core-walltime
Job Wall-clock time: 00:07:56
Cluster: finisterrae3
Job Wall-clock time: 00:07:56
Memory Utilized: 2.27 GB
User/Group: curso341/ulc
Memory Utilized: 2.27 GB
Memory Efficiency: 0.20% of 1.09 TB
State: COMPLETED (exit code 0)
Memory Efficiency: 0.20% of 1.09 TB

Nodes: 7

 +++++++++++++++++++++++++++++++++++++++++++++++++++++++++++++++++++++++++++
Cores per node: 40
 +++++++++++++++++++++++++++++++++++++++++++++++++++++++++++++++++++++++++++
 ++   Memory Efficiency is too small. Please review the requested memory. ++
CPU Utilized: 01:32:18
 ++   Memory Efficiency is too small. Please review the requested memory. ++
 ++ It seems that you do not need that much memory so we recommend        ++
CPU Efficiency: 4.16% of 1-13:01:20 core-walltime

 ++ It seems that you do not need that much memory so we recommend        ++
 ++ requesting less memory in other similar jobs.                         ++
Job Wall-clock time: 00:07:56
*****************************************************************************
 ++ requesting less memory in other similar jobs.                         ++
 +++++++++++++++++++++++++++++++++++++++++++++++++++++++++++++++++++++++++++
Memory Utilized: 2.27 GB
*                                                                           *
 +++++++++++++++++++++++++++++++++++++++++++++++++++++++++++++++++++++++++++
 
Memory Efficiency: 0.20% of 1.09 TB
*                    JOB EFFICIENCY REPORT (seff 10772533)                   *
 
*****************************************************************************

*                                                                           *

*****************************************************************************

 +++++++++++++++++++++++++++++++++++++++++++++++++++++++++++++++++++++++++++
*****************************************************************************
*****************************************************************************

 ++   Memory Efficiency is too small. Please review the requested memory. ++

*                                                                           *
 ++ It seems that you do not need that much memory so we recommend        ++
Job ID: 10772533
*                    JOB EFFICIENCY REPORT (seff 10772533)                   *
 ++ requesting less memory in other similar jobs.                         ++
Cluster: finisterrae3
*                                                                           *
 +++++++++++++++++++++++++++++++++++++++++++++++++++++++++++++++++++++++++++
User/Group: curso341/ulc
*****************************************************************************
 
State: COMPLETED (exit code 0)

*****************************************************************************
Nodes: 7
Job ID: 10772533

Cores per node: 40
Cluster: finisterrae3
CPU Utilized: 01:32:18
User/Group: curso341/ulc
CPU Efficiency: 4.16% of 1-13:01:20 core-walltime
State: COMPLETED (exit code 0)
Job Wall-clock time: 00:07:56
Nodes: 7
Memory Utilized: 2.27 GB
Cores per node: 40
Memory Efficiency: 0.20% of 1.09 TB
CPU Utilized: 01:32:18

CPU Efficiency: 4.16% of 1-13:01:20 core-walltime
 +++++++++++++++++++++++++++++++++++++++++++++++++++++++++++++++++++++++++++
Job Wall-clock time: 00:07:56
 ++   Memory Efficiency is too small. Please review the requested memory. ++
Memory Utilized: 2.27 GB
 ++ It seems that you do not need that much memory so we recommend        ++
Memory Efficiency: 0.20% of 1.09 TB
 ++ requesting less memory in other similar jobs.                         ++

 +++++++++++++++++++++++++++++++++++++++++++++++++++++++++++++++++++++++++++
 +++++++++++++++++++++++++++++++++++++++++++++++++++++++++++++++++++++++++++
 
 ++   Memory Efficiency is too small. Please review the requested memory. ++
*****************************************************************************
 ++ It seems that you do not need that much memory so we recommend        ++

 ++ requesting less memory in other similar jobs.                         ++
 +++++++++++++++++++++++++++++++++++++++++++++++++++++++++++++++++++++++++++
 
*****************************************************************************


*****************************************************************************
*                                                                           *
*                    JOB EFFICIENCY REPORT (seff 10772533)                   *
*                                                                           *
*****************************************************************************

Job ID: 10772533
Cluster: finisterrae3
User/Group: curso341/ulc
State: COMPLETED (exit code 0)
Nodes: 7
Cores per node: 40
CPU Utilized: 01:32:18
CPU Efficiency: 4.16% of 1-13:01:20 core-walltime
Job Wall-clock time: 00:07:56
Memory Utilized: 2.27 GB
Memory Efficiency: 0.20% of 1.09 TB

 +++++++++++++++++++++++++++++++++++++++++++++++++++++++++++++++++++++++++++
 ++   Memory Efficiency is too small. Please review the requested memory. ++
 ++ It seems that you do not need that much memory so we recommend        ++
 ++ requesting less memory in other similar jobs.                         ++
 +++++++++++++++++++++++++++++++++++++++++++++++++++++++++++++++++++++++++++
 
*****************************************************************************

