slurmstepd: info: Setting TMPDIR to /scratch/10770653. Previous errors about TMPDIR can be discarded
Slurm job started at 25/02/2025_06:58:29 PM

In transit.
Initing Ray (1 head node + 2 worker nodes + 4 simulation nodes) on nodes: 
	ilk-95 ilk-198 ilk-241 ilk-243 ilk-247 ilk-248 ilk-253
Head node: 172.30.202.47:6379


RAY_DEPLOY_TIME:     22.50212
2025-02-25 18:58:56,703	INFO packaging.py:520 -- Creating a file package for local directory '/mnt/lustre/scratch/nlsas/home/ulc/cursos/curso341/dask_on_reisa_tests/E1/REISA_ONE_ACTOR/derivative/P128-SN4-LS134-GS17179-I12-AN2-D2025-02-25_18-10-03'.
2025-02-25 18:58:56,733	INFO packaging.py:347 -- Pushing file package 'gcs://_ray_pkg_ed4a0a9aa700e78f.zip' (0.48MiB) to Ray cluster...
2025-02-25 18:58:56,741	INFO packaging.py:360 -- Successfully pushed file package 'gcs://_ray_pkg_ed4a0a9aa700e78f.zip'.
RAY_INIT_TIME:       3.92495
Iter [0]
Iter [1]
Iter [2]
Iter [3]
Iter [4]
Iter [5]
Iter [6]
Iter [7]
Iter [8]
Iter [9]
Iter [10]
Iter [11]
GLOBAL_PUT_TIME:     10.418710708618164 (avg:0.86823)
ACTOR_CONCURRENCY:   8
SIMULATION_TIME:     61.299382018999999 (avg: 5.108281834916666)
SIM_WTHOUT_PDI:      37.852960741000004 (avg: 3.154413395083334)
PDI_DELAY:           23.446421277999995 (avg: 1.953868439833333)

GLOBAL_SIZE_(GiB):   16777216
LOCAL_SIZE_(MiB):    128
ITERATIONS:          12

MPI_PER_NODE:        32
MPI_PARALLELISM:     128

WORKER_NODES:        2
CPUS_PER_WORKER:     30
WORKER_PARALLELISM:  60


SLURM_JOB_ID:        10770653
EST_ANALYTICS_TIME:  112.41808 (avg:9.36817)

Slurm job finished at 25/02/2025_07:00:52 PM

*****************************************************************************
*                                                                           *
*                    JOB EFFICIENCY REPORT (seff 10770653)                   *
*                                                                           *
*****************************************************************************

Job ID: 10770653
Cluster: finisterrae3
User/Group: curso341/ulc
State: COMPLETED (exit code 0)
Nodes: 7
Cores per node: 40
CPU Utilized: 01:47:57
CPU Efficiency: 15.95% of 11:16:40 core-walltime
Job Wall-clock time: 00:02:25
Memory Utilized: 620.95 MB
Memory Efficiency: 0.05% of 1.09 TB

 +++++++++++++++++++++++++++++++++++++++++++++++++++++++++++++++++++++++++++
 ++   Memory Efficiency is too small. Please review the requested memory. ++
 ++ It seems that you do not need that much memory so we recommend        ++
 ++ requesting less memory in other similar jobs.                         ++
 +++++++++++++++++++++++++++++++++++++++++++++++++++++++++++++++++++++++++++
 
*****************************************************************************


*****************************************************************************
*                                                                           *
*                    JOB EFFICIENCY REPORT (seff 10770653)                   *
*                                                                           *
*****************************************************************************

Job ID: 10770653
Cluster: finisterrae3
User/Group: curso341/ulc
State: COMPLETED (exit code 0)
Nodes: 7
Cores per node: 40
CPU Utilized: 02:10:51
CPU Efficiency: 19.34% of 11:16:40 core-walltime
Job Wall-clock time: 00:02:25
Memory Utilized: 11.07 GB
Memory Efficiency: 0.99% of 1.09 TB

 +++++++++++++++++++++++++++++++++++++++++++++++++++++++++++++++++++++++++++
 ++   Memory Efficiency is too small. Please review the requested memory. ++
 ++ It seems that you do not need that much memory so we recommend        ++
 ++ requesting less memory in other similar jobs.                         ++
 +++++++++++++++++++++++++++++++++++++++++++++++++++++++++++++++++++++++++++
 
*****************************************************************************


*****************************************************************************
*                                                                           *
*                    JOB EFFICIENCY REPORT (seff 10770653)                   *
*                                                                           *
*****************************************************************************

Job ID: 10770653
Cluster: finisterrae3
User/Group: curso341/ulc
State: COMPLETED (exit code 0)
Nodes: 7
Cores per node: 40
CPU Utilized: 02:10:51
CPU Efficiency: 19.34% of 11:16:40 core-walltime
Job Wall-clock time: 00:02:25
Memory Utilized: 11.07 GB
Memory Efficiency: 0.99% of 1.09 TB

 +++++++++++++++++++++++++++++++++++++++++++++++++++++++++++++++++++++++++++
 ++   Memory Efficiency is too small. Please review the requested memory. ++
 ++ It seems that you do not need that much memory so we recommend        ++
 ++ requesting less memory in other similar jobs.                         ++
 +++++++++++++++++++++++++++++++++++++++++++++++++++++++++++++++++++++++++++
 
*****************************************************************************


*****************************************************************************
*                                                                           *
*                    JOB EFFICIENCY REPORT (seff 10770653)                   *
*                                                                           *
*****************************************************************************

Job ID: 10770653
Cluster: finisterrae3
User/Group: curso341/ulc
State: COMPLETED (exit code 0)
Nodes: 7
Cores per node: 40
CPU Utilized: 02:10:51
CPU Efficiency: 19.34% of 11:16:40 core-walltime
Job Wall-clock time: 00:02:25
Memory Utilized: 11.07 GB
Memory Efficiency: 0.99% of 1.09 TB

 +++++++++++++++++++++++++++++++++++++++++++++++++++++++++++++++++++++++++++
 ++   Memory Efficiency is too small. Please review the requested memory. ++
 ++ It seems that you do not need that much memory so we recommend        ++
 ++ requesting less memory in other similar jobs.                         ++
 +++++++++++++++++++++++++++++++++++++++++++++++++++++++++++++++++++++++++++
 
*****************************************************************************


*****************************************************************************
*                                                                           *
*                    JOB EFFICIENCY REPORT (seff 10770653)                   *
*                                                                           *
*****************************************************************************

Job ID: 10770653
Cluster: finisterrae3
User/Group: curso341/ulc
State: COMPLETED (exit code 0)
Nodes: 7
Cores per node: 40
CPU Utilized: 02:10:51
CPU Efficiency: 19.34% of 11:16:40 core-walltime
Job Wall-clock time: 00:02:25
Memory Utilized: 11.07 GB
Memory Efficiency: 0.99% of 1.09 TB

 +++++++++++++++++++++++++++++++++++++++++++++++++++++++++++++++++++++++++++
 ++   Memory Efficiency is too small. Please review the requested memory. ++
 ++ It seems that you do not need that much memory so we recommend        ++
 ++ requesting less memory in other similar jobs.                         ++
 +++++++++++++++++++++++++++++++++++++++++++++++++++++++++++++++++++++++++++
 
*****************************************************************************


*****************************************************************************
*                                                                           *
*                    JOB EFFICIENCY REPORT (seff 10770653)                   *
*                                                                           *
*****************************************************************************

Job ID: 10770653
Cluster: finisterrae3
User/Group: curso341/ulc
State: COMPLETED (exit code 0)
Nodes: 7
Cores per node: 40
CPU Utilized: 02:10:51
CPU Efficiency: 19.34% of 11:16:40 core-walltime
Job Wall-clock time: 00:02:25
Memory Utilized: 11.07 GB
Memory Efficiency: 0.99% of 1.09 TB

 +++++++++++++++++++++++++++++++++++++++++++++++++++++++++++++++++++++++++++
 ++   Memory Efficiency is too small. Please review the requested memory. ++
 ++ It seems that you do not need that much memory so we recommend        ++
 ++ requesting less memory in other similar jobs.                         ++
 +++++++++++++++++++++++++++++++++++++++++++++++++++++++++++++++++++++++++++
 
*****************************************************************************


*****************************************************************************
*                                                                           *
*                    JOB EFFICIENCY REPORT (seff 10770653)                   *
*                                                                           *
*****************************************************************************

Job ID: 10770653
Cluster: finisterrae3
User/Group: curso341/ulc
State: COMPLETED (exit code 0)
Nodes: 7
Cores per node: 40
CPU Utilized: 02:27:58
CPU Efficiency: 21.87% of 11:16:40 core-walltime
Job Wall-clock time: 00:02:25
Memory Utilized: 14.79 GB
Memory Efficiency: 1.32% of 1.09 TB

 +++++++++++++++++++++++++++++++++++++++++++++++++++++++++++++++++++++++++++
 ++   Memory Efficiency is too small. Please review the requested memory. ++
 ++ It seems that you do not need that much memory so we recommend        ++
 ++ requesting less memory in other similar jobs.                         ++
 +++++++++++++++++++++++++++++++++++++++++++++++++++++++++++++++++++++++++++
 
*****************************************************************************

