slurmstepd: info: Setting TMPDIR to /scratch/10781206. Previous errors about TMPDIR can be discarded
Slurm job started at 26/02/2025_12:48:59 PM

In transit.
Initing Ray (1 head node + 2 worker nodes + 4 simulation nodes) on nodes: 
	ilk-97 ilk-98 ilk-99 ilk-101 ilk-104 ilk-106 ilk-107
Head node: 172.30.203.1:6379


RAY_DEPLOY_TIME:     22.41878
2025-02-26 12:49:27,573	INFO packaging.py:520 -- Creating a file package for local directory '/mnt/lustre/scratch/nlsas/home/ulc/cursos/curso341/dask_on_reisa_tests/E2/REISA/reduction/P128-SN4-LS1-GS134-I25-AN2-D2025-02-26_11-02-42'.
2025-02-26 12:49:27,600	INFO packaging.py:347 -- Pushing file package 'gcs://_ray_pkg_ee94b5df72bb14bc.zip' (0.48MiB) to Ray cluster...
2025-02-26 12:49:27,607	INFO packaging.py:360 -- Successfully pushed file package 'gcs://_ray_pkg_ee94b5df72bb14bc.zip'.
RAY_INIT_TIME:       3.95727
Iter [0]
Iter [2]
Iter [4]
Iter [6]
Iter [8]
Iter [10]
Iter [12]
Iter [14]
Iter [16]
Iter [18]
Iter [20]
Iter [22]
Iter [24]
GLOBAL_PUT_TIME:     0.1094827651977539 (avg:0.00438)
ACTOR_CONCURRENCY:   8
EST_ANALYTICS_TIME:  19.45207 (avg:0.77808)
SIMULATION_TIME:     19.357593073000000 (avg: 0.774303722920000)
SIM_WTHOUT_PDI:      11.439071279000000 (avg: 0.457562851160000)
PDI_DELAY:           7.918521794000000 (avg: 0.316740871760000)

GLOBAL_SIZE_(GiB):   131072
LOCAL_SIZE_(MiB):    1
ITERATIONS:          25

MPI_PER_NODE:        32
MPI_PARALLELISM:     128

WORKER_NODES:        2
CPUS_PER_WORKER:     30
WORKER_PARALLELISM:  60


SLURM_JOB_ID:        10781206

Slurm job finished at 26/02/2025_12:49:50 PM

*****************************************************************************
*                                                                           *
*                    JOB EFFICIENCY REPORT (seff 10781206)                   *
*                                                                           *
*****************************************************************************

Job ID: 10781206
Cluster: finisterrae3
User/Group: curso341/ulc
State: COMPLETED (exit code 0)
Nodes: 7
Cores per node: 40
CPU Utilized: 00:29:20
CPU Efficiency: 11.86% of 04:07:20 core-walltime
Job Wall-clock time: 00:00:53
Memory Utilized: 241.67 MB
Memory Efficiency: 0.02% of 1.09 TB

 +++++++++++++++++++++++++++++++++++++++++++++++++++++++++++++++++++++++++++
 ++   Memory Efficiency is too small. Please review the requested memory. ++
 ++ It seems that you do not need that much memory so we recommend        ++
 ++ requesting less memory in other similar jobs.                         ++
 +++++++++++++++++++++++++++++++++++++++++++++++++++++++++++++++++++++++++++
 
*****************************************************************************


*****************************************************************************
*                                                                           *
*                    JOB EFFICIENCY REPORT (seff 10781206)                   *
*                                                                           *
*****************************************************************************

Job ID: 10781206
Cluster: finisterrae3
User/Group: curso341/ulc
State: COMPLETED (exit code 0)
Nodes: 7
Cores per node: 40
CPU Utilized: 00:29:20
CPU Efficiency: 11.86% of 04:07:20 core-walltime
Job Wall-clock time: 00:00:53
Memory Utilized: 241.67 MB
Memory Efficiency: 0.02% of 1.09 TB

 +++++++++++++++++++++++++++++++++++++++++++++++++++++++++++++++++++++++++++
 ++   Memory Efficiency is too small. Please review the requested memory. ++
 ++ It seems that you do not need that much memory so we recommend        ++
 ++ requesting less memory in other similar jobs.                         ++
 +++++++++++++++++++++++++++++++++++++++++++++++++++++++++++++++++++++++++++
 
*****************************************************************************


*****************************************************************************
*                                                                           *
*                    JOB EFFICIENCY REPORT (seff 10781206)                   *
*                                                                           *
*****************************************************************************

Job ID: 10781206
Cluster: finisterrae3
User/Group: curso341/ulc
State: COMPLETED (exit code 0)
Nodes: 7
Cores per node: 40
CPU Utilized: 00:29:20
CPU Efficiency: 11.86% of 04:07:20 core-walltime
Job Wall-clock time: 00:00:53
Memory Utilized: 241.67 MB
Memory Efficiency: 0.02% of 1.09 TB

 +++++++++++++++++++++++++++++++++++++++++++++++++++++++++++++++++++++++++++
 ++   Memory Efficiency is too small. Please review the requested memory. ++
 ++ It seems that you do not need that much memory so we recommend        ++
 ++ requesting less memory in other similar jobs.                         ++
 +++++++++++++++++++++++++++++++++++++++++++++++++++++++++++++++++++++++++++
 
*****************************************************************************


*****************************************************************************
*                                                                           *
*                    JOB EFFICIENCY REPORT (seff 10781206)                   *
*                                                                           *
*****************************************************************************

Job ID: 10781206
Cluster: finisterrae3
User/Group: curso341/ulc
State: COMPLETED (exit code 0)
Nodes: 7
Cores per node: 40
CPU Utilized: 00:29:20
CPU Efficiency: 11.86% of 04:07:20 core-walltime
Job Wall-clock time: 00:00:53
Memory Utilized: 241.67 MB
Memory Efficiency: 0.02% of 1.09 TB

 +++++++++++++++++++++++++++++++++++++++++++++++++++++++++++++++++++++++++++
 ++   Memory Efficiency is too small. Please review the requested memory. ++
 ++ It seems that you do not need that much memory so we recommend        ++
 ++ requesting less memory in other similar jobs.                         ++
 +++++++++++++++++++++++++++++++++++++++++++++++++++++++++++++++++++++++++++
 
*****************************************************************************



*****************************************************************************
*****************************************************************************
*                                                                           *
*                                                                           *
*                    JOB EFFICIENCY REPORT (seff 10781206)                   *
*                    JOB EFFICIENCY REPORT (seff 10781206)                   *
*                                                                           *
*                                                                           *
*****************************************************************************
*****************************************************************************


Job ID: 10781206
Job ID: 10781206
Cluster: finisterrae3
Cluster: finisterrae3
User/Group: curso341/ulc
User/Group: curso341/ulc
State: COMPLETED (exit code 0)
State: COMPLETED (exit code 0)
Nodes: 7
Nodes: 7
Cores per node: 40
Cores per node: 40
CPU Utilized: 00:36:51
CPU Utilized: 00:36:51
CPU Efficiency: 14.90% of 04:07:20 core-walltime
CPU Efficiency: 14.90% of 04:07:20 core-walltime
Job Wall-clock time: 00:00:53
Job Wall-clock time: 00:00:53
Memory Utilized: 2.78 GB
Memory Utilized: 2.78 GB
Memory Efficiency: 0.25% of 1.09 TB
Memory Efficiency: 0.25% of 1.09 TB


 +++++++++++++++++++++++++++++++++++++++++++++++++++++++++++++++++++++++++++
 +++++++++++++++++++++++++++++++++++++++++++++++++++++++++++++++++++++++++++
 ++   Memory Efficiency is too small. Please review the requested memory. ++
 ++   Memory Efficiency is too small. Please review the requested memory. ++
 ++ It seems that you do not need that much memory so we recommend        ++
 ++ It seems that you do not need that much memory so we recommend        ++
 ++ requesting less memory in other similar jobs.                         ++
 ++ requesting less memory in other similar jobs.                         ++
 +++++++++++++++++++++++++++++++++++++++++++++++++++++++++++++++++++++++++++
 +++++++++++++++++++++++++++++++++++++++++++++++++++++++++++++++++++++++++++
 
 
*****************************************************************************
*****************************************************************************



*****************************************************************************
*                                                                           *
*                    JOB EFFICIENCY REPORT (seff 10781206)                   *
*                                                                           *
*****************************************************************************

Job ID: 10781206
Cluster: finisterrae3
User/Group: curso341/ulc
State: COMPLETED (exit code 0)
Nodes: 7
Cores per node: 40
CPU Utilized: 00:37:08
CPU Efficiency: 15.01% of 04:07:20 core-walltime
Job Wall-clock time: 00:00:53
Memory Utilized: 2.78 GB
Memory Efficiency: 0.25% of 1.09 TB

 +++++++++++++++++++++++++++++++++++++++++++++++++++++++++++++++++++++++++++
 ++   Memory Efficiency is too small. Please review the requested memory. ++
 ++ It seems that you do not need that much memory so we recommend        ++
 ++ requesting less memory in other similar jobs.                         ++
 +++++++++++++++++++++++++++++++++++++++++++++++++++++++++++++++++++++++++++
 
*****************************************************************************

