slurmstepd: info: Setting TMPDIR to /scratch/10935949. Previous errors about TMPDIR can be discarded
Slurm job started at 11/03/2025_09:29:12 AM

In transit.
Initing Ray (1 head node + 8 worker nodes + 16 simulation nodes) on nodes: 
	ilk-59 ilk-64 ilk-84 ilk-88 ilk-195 ilk-196 ilk-206 ilk-211 ilk-214 ilk-216 ilk-217 ilk-220 ilk-221 ilk-222 ilk-223 ilk-225 ilk-228 ilk-229 ilk-230 ilk-233 ilk-235 ilk-236 ilk-237 ilk-238 ilk-239
Head node: 172.30.202.11:6379


RAY_DEPLOY_TIME:     34.28837
2025-03-11 09:29:48,962	INFO packaging.py:520 -- Creating a file package for local directory '/mnt/lustre/scratch/nlsas/home/ulc/cursos/curso341/dask_on_reisa_tests/E6/REISA/reduction/P512-SN16-LS1-GS536-I20-AN8-D2025-03-11_08-51-47'.
2025-03-11 09:29:48,989	INFO packaging.py:347 -- Pushing file package 'gcs://_ray_pkg_5f8db04ac3eacca7.zip' (0.48MiB) to Ray cluster...
2025-03-11 09:29:48,995	INFO packaging.py:360 -- Successfully pushed file package 'gcs://_ray_pkg_5f8db04ac3eacca7.zip'.
RAY_INIT_TIME:       5.88442
Iter [0]
Iter [2]
Iter [4]
Iter [6]
Iter [8]
Iter [10]
Iter [12]
Iter [14]
Iter [16]
Iter [18]
GLOBAL_PUT_TIME:     0.07171630859375 (avg:0.00359)
ACTOR_CONCURRENCY:   8
EST_ANALYTICS_TIME:  25.52494 (avg:1.27625)
SIMULATION_TIME:     24.156675384000000 (avg: 1.207833769200000)
SIM_WTHOUT_PDI:      9.874932262000005 (avg: 0.493746613100000)
PDI_DELAY:           14.281743121999995 (avg: 0.714087156100000)

GLOBAL_SIZE_(GiB):   524288
LOCAL_SIZE_(MiB):    1
ITERATIONS:          20

MPI_PER_NODE:        32
MPI_PARALLELISM:     512

WORKER_NODES:        8
CPUS_PER_WORKER:     64
WORKER_PARALLELISM:  512


SLURM_JOB_ID:        10935949

Slurm job finished at 11/03/2025_09:30:21 AM

*****************************************************************************
*                                                                           *
*                    JOB EFFICIENCY REPORT (seff 10935949)                   *
*                                                                           *
*****************************************************************************

Job ID: 10935949
Cluster: finisterrae3
User/Group: curso341/ulc
State: COMPLETED (exit code 0)
Nodes: 25
Cores per node: 64
CPU Utilized: 03:09:48
CPU Efficiency: 10.02% of 1-07:33:20 core-walltime
Job Wall-clock time: 00:01:11
Memory Utilized: 226.57 MB
Memory Efficiency: 0.00% of 5.30 TB

 +++++++++++++++++++++++++++++++++++++++++++++++++++++++++++++++++++++++++++
 ++   Memory Efficiency is too small. Please review the requested memory. ++
 ++ It seems that you do not need that much memory so we recommend        ++
 ++ requesting less memory in other similar jobs.                         ++
 +++++++++++++++++++++++++++++++++++++++++++++++++++++++++++++++++++++++++++
 
*****************************************************************************



*****************************************************************************
*****************************************************************************

*                                                                           *
*                                                                           *
*****************************************************************************
*                    JOB EFFICIENCY REPORT (seff 10935949)                   *

*                    JOB EFFICIENCY REPORT (seff 10935949)                   *

*                                                                           *
*                                                                           *
*****************************************************************************
*                                                                           *
*****************************************************************************

*                    JOB EFFICIENCY REPORT (seff 10935949)                   *

*****************************************************************************


*                                                                           *
*****************************************************************************


*                                                                           *

*****************************************************************************
*                                                                           *

*****************************************************************************



*****************************************************************************
*****************************************************************************
*                    JOB EFFICIENCY REPORT (seff 10935949)                   *


*****************************************************************************
*****************************************************************************
*                    JOB EFFICIENCY REPORT (seff 10935949)                   *
*****************************************************************************
*                                                                           *
*****************************************************************************

*****************************************************************************
*                                                                           *
*****************************************************************************
*****************************************************************************
Job ID: 10935949
*                                                                           *
*                                                                           *

*                                                                           *

*****************************************************************************
Job ID: 10935949
*                                                                           *
*                                                                           *
*                                                                           *
*                                                                           *
*                    JOB EFFICIENCY REPORT (seff 10935949)                   *

*****************************************************************************
*                                                                           *
*                    JOB EFFICIENCY REPORT (seff 10935949)                   *
*                                                                           *
*                                                                           *
Cluster: finisterrae3
*                    JOB EFFICIENCY REPORT (seff 10935949)                   *
*                    JOB EFFICIENCY REPORT (seff 10935949)                   *
*****************************************************************************
*****************************************************************************
*****************************************************************************
*                                                                           *
Cluster: finisterrae3
*                    JOB EFFICIENCY REPORT (seff 10935949)                   *
*                    JOB EFFICIENCY REPORT (seff 10935949)                   *
*****************************************************************************
*                    JOB EFFICIENCY REPORT (seff 10935949)                   *
*                                                                           *
Job ID: 10935949
*                                                                           *

*                    JOB EFFICIENCY REPORT (seff 10935949)                   *
*                                                                           *
*                    JOB EFFICIENCY REPORT (seff 10935949)                   *
*                    JOB EFFICIENCY REPORT (seff 10935949)                   *
User/Group: curso341/ulc
*                                                                           *
*                                                                           *
*                                                                           *

*                                                                           *
*                    JOB EFFICIENCY REPORT (seff 10935949)                   *
User/Group: curso341/ulc
*                                                                           *
*                                                                           *

*                                                                           *
*****************************************************************************
Cluster: finisterrae3
*                    JOB EFFICIENCY REPORT (seff 10935949)                   *
*****************************************************************************
*                                                                           *
*****************************************************************************
*                                                                           *
*                                                                           *
State: COMPLETED (exit code 0)
*****************************************************************************
*****************************************************************************
*                    JOB EFFICIENCY REPORT (seff 10935949)                   *
Job ID: 10935949
*                    JOB EFFICIENCY REPORT (seff 10935949)                   *
*                                                                           *
State: COMPLETED (exit code 0)
*****************************************************************************
*****************************************************************************
Job ID: 10935949
*****************************************************************************

User/Group: curso341/ulc
*                                                                           *
*                                                                           *
*****************************************************************************

*****************************************************************************
*****************************************************************************
Nodes: 25


*                                                                           *
Cluster: finisterrae3
*                                                                           *
*****************************************************************************
Nodes: 25


Cluster: finisterrae3

Job ID: 10935949
State: COMPLETED (exit code 0)
*****************************************************************************
*                    JOB EFFICIENCY REPORT (seff 10935949)                   *

Job ID: 10935949


Cores per node: 64
Job ID: 10935949
Job ID: 10935949
*****************************************************************************
User/Group: curso341/ulc
*****************************************************************************

Cores per node: 64
Job ID: 10935949
Job ID: 10935949
User/Group: curso341/ulc
Job ID: 10935949
Cluster: finisterrae3
Nodes: 25

*                                                                           *
Job ID: 10935949
Cluster: finisterrae3
Job ID: 10935949
Job ID: 10935949
CPU Utilized: 03:09:48
Cluster: finisterrae3
Cluster: finisterrae3

State: COMPLETED (exit code 0)

Job ID: 10935949
CPU Utilized: 03:09:48
Cluster: finisterrae3
Cluster: finisterrae3
State: COMPLETED (exit code 0)
Cluster: finisterrae3
User/Group: curso341/ulc
Cores per node: 64
Job ID: 10935949
*****************************************************************************
Cluster: finisterrae3
User/Group: curso341/ulc
Cluster: finisterrae3
Cluster: finisterrae3
CPU Efficiency: 10.02% of 1-07:33:20 core-walltime
User/Group: curso341/ulc
User/Group: curso341/ulc
Job ID: 10935949
Nodes: 25
Job ID: 10935949
Cluster: finisterrae3
CPU Efficiency: 10.02% of 1-07:33:20 core-walltime
User/Group: curso341/ulc
User/Group: curso341/ulc
Nodes: 25
User/Group: curso341/ulc
State: COMPLETED (exit code 0)
CPU Utilized: 03:09:48
Cluster: finisterrae3

User/Group: curso341/ulc
State: COMPLETED (exit code 0)
User/Group: curso341/ulc
User/Group: curso341/ulc
Job Wall-clock time: 00:01:11
State: COMPLETED (exit code 0)
State: COMPLETED (exit code 0)
Cluster: finisterrae3
Cores per node: 64
Cluster: finisterrae3
User/Group: curso341/ulc
Job Wall-clock time: 00:01:11
State: COMPLETED (exit code 0)
State: COMPLETED (exit code 0)
Cores per node: 64
State: COMPLETED (exit code 0)
Nodes: 25
CPU Efficiency: 10.02% of 1-07:33:20 core-walltime
User/Group: curso341/ulc
Job ID: 10935949
State: COMPLETED (exit code 0)
Nodes: 25
State: COMPLETED (exit code 0)
State: COMPLETED (exit code 0)
Memory Utilized: 226.57 MB
Nodes: 25
Nodes: 25
User/Group: curso341/ulc
CPU Utilized: 03:09:48
User/Group: curso341/ulc
State: COMPLETED (exit code 0)
Memory Utilized: 226.57 MB
Nodes: 25
Nodes: 25
CPU Utilized: 03:09:48
Nodes: 25
Cores per node: 64
Job Wall-clock time: 00:01:11
State: COMPLETED (exit code 0)
Cluster: finisterrae3
Nodes: 25
Cores per node: 64
Nodes: 25
Nodes: 25
Memory Efficiency: 0.00% of 5.30 TB
Cores per node: 64
Cores per node: 64
State: COMPLETED (exit code 0)
CPU Efficiency: 10.02% of 1-07:33:20 core-walltime
State: COMPLETED (exit code 0)
Nodes: 25
Memory Efficiency: 0.00% of 5.30 TB
Cores per node: 64
Cores per node: 64
CPU Efficiency: 10.02% of 1-07:33:20 core-walltime
Cores per node: 64
CPU Utilized: 03:09:48
Memory Utilized: 226.57 MB
Nodes: 25
User/Group: curso341/ulc
Cores per node: 64
CPU Utilized: 03:09:48
Cores per node: 64
Cores per node: 64

CPU Utilized: 03:09:48
CPU Utilized: 03:09:48
Nodes: 25
Job Wall-clock time: 00:01:11
Nodes: 25
Cores per node: 64

CPU Utilized: 03:09:48
CPU Utilized: 03:09:48

Job Wall-clock time: 00:01:11
CPU Utilized: 03:09:48
CPU Efficiency: 10.02% of 1-07:33:20 core-walltime
Memory Efficiency: 0.00% of 5.30 TB
Cores per node: 64
State: COMPLETED (exit code 0)
CPU Utilized: 03:09:48
CPU Efficiency: 10.02% of 1-07:33:20 core-walltime
CPU Utilized: 03:09:48
CPU Utilized: 03:09:48
 +++++++++++++++++++++++++++++++++++++++++++++++++++++++++++++++++++++++++++
CPU Efficiency: 10.02% of 1-07:33:20 core-walltime
CPU Efficiency: 10.02% of 1-07:33:20 core-walltime
Cores per node: 64
Memory Utilized: 226.57 MB
Cores per node: 64
CPU Utilized: 03:09:48
 +++++++++++++++++++++++++++++++++++++++++++++++++++++++++++++++++++++++++++
CPU Efficiency: 10.02% of 1-07:33:20 core-walltime
CPU Efficiency: 10.02% of 1-07:33:20 core-walltime
*****************************************************************************
Memory Utilized: 226.57 MB
CPU Efficiency: 10.02% of 1-07:33:20 core-walltime
Job Wall-clock time: 00:01:11

CPU Utilized: 03:09:48
Nodes: 25
CPU Efficiency: 10.02% of 1-07:33:20 core-walltime
Job Wall-clock time: 00:01:11
CPU Efficiency: 10.02% of 1-07:33:20 core-walltime
CPU Efficiency: 10.02% of 1-07:33:20 core-walltime
 ++   Memory Efficiency is too small. Please review the requested memory. ++
Job Wall-clock time: 00:01:11
Job Wall-clock time: 00:01:11
CPU Utilized: 03:09:48
Memory Efficiency: 0.00% of 5.30 TB
CPU Utilized: 03:09:48
CPU Efficiency: 10.02% of 1-07:33:20 core-walltime
 ++   Memory Efficiency is too small. Please review the requested memory. ++
Job Wall-clock time: 00:01:11
Job Wall-clock time: 00:01:11
*                                                                           *
Memory Efficiency: 0.00% of 5.30 TB
Job Wall-clock time: 00:01:11
Memory Utilized: 226.57 MB
 +++++++++++++++++++++++++++++++++++++++++++++++++++++++++++++++++++++++++++
CPU Efficiency: 10.02% of 1-07:33:20 core-walltime
Cores per node: 64
Job Wall-clock time: 00:01:11
Memory Utilized: 226.57 MB
Job Wall-clock time: 00:01:11
Job Wall-clock time: 00:01:11
 ++ It seems that you do not need that much memory so we recommend        ++
Memory Utilized: 226.57 MB
Memory Utilized: 226.57 MB
CPU Efficiency: 10.02% of 1-07:33:20 core-walltime

CPU Efficiency: 10.02% of 1-07:33:20 core-walltime
Job Wall-clock time: 00:01:11
 ++ It seems that you do not need that much memory so we recommend        ++
Memory Utilized: 226.57 MB
Memory Utilized: 226.57 MB
*                    JOB EFFICIENCY REPORT (seff 10935949)                   *

Memory Utilized: 226.57 MB
Memory Efficiency: 0.00% of 5.30 TB
 ++   Memory Efficiency is too small. Please review the requested memory. ++
Job Wall-clock time: 00:01:11
CPU Utilized: 03:09:48
Memory Utilized: 226.57 MB
Memory Efficiency: 0.00% of 5.30 TB
Memory Utilized: 226.57 MB
Memory Utilized: 226.57 MB
 ++ requesting less memory in other similar jobs.                         ++
Memory Efficiency: 0.00% of 5.30 TB
Memory Efficiency: 0.00% of 5.30 TB
Job Wall-clock time: 00:01:11
 +++++++++++++++++++++++++++++++++++++++++++++++++++++++++++++++++++++++++++
Job Wall-clock time: 00:01:11
Memory Utilized: 226.57 MB
 ++ requesting less memory in other similar jobs.                         ++
Memory Efficiency: 0.00% of 5.30 TB
Memory Efficiency: 0.00% of 5.30 TB
*                                                                           *
 +++++++++++++++++++++++++++++++++++++++++++++++++++++++++++++++++++++++++++
Memory Efficiency: 0.00% of 5.30 TB

 ++ It seems that you do not need that much memory so we recommend        ++
Memory Utilized: 226.57 MB
CPU Efficiency: 10.02% of 1-07:33:20 core-walltime
Memory Efficiency: 0.00% of 5.30 TB

Memory Efficiency: 0.00% of 5.30 TB
Memory Efficiency: 0.00% of 5.30 TB
 +++++++++++++++++++++++++++++++++++++++++++++++++++++++++++++++++++++++++++


Memory Utilized: 226.57 MB
 ++   Memory Efficiency is too small. Please review the requested memory. ++
Memory Utilized: 226.57 MB
Memory Efficiency: 0.00% of 5.30 TB
 +++++++++++++++++++++++++++++++++++++++++++++++++++++++++++++++++++++++++++


*****************************************************************************
 ++   Memory Efficiency is too small. Please review the requested memory. ++

 +++++++++++++++++++++++++++++++++++++++++++++++++++++++++++++++++++++++++++
 ++ requesting less memory in other similar jobs.                         ++
Memory Efficiency: 0.00% of 5.30 TB
Job Wall-clock time: 00:01:11

 +++++++++++++++++++++++++++++++++++++++++++++++++++++++++++++++++++++++++++


 
 +++++++++++++++++++++++++++++++++++++++++++++++++++++++++++++++++++++++++++
 +++++++++++++++++++++++++++++++++++++++++++++++++++++++++++++++++++++++++++
Memory Efficiency: 0.00% of 5.30 TB
 ++ It seems that you do not need that much memory so we recommend        ++
Memory Efficiency: 0.00% of 5.30 TB

 
 +++++++++++++++++++++++++++++++++++++++++++++++++++++++++++++++++++++++++++
 +++++++++++++++++++++++++++++++++++++++++++++++++++++++++++++++++++++++++++

 ++ It seems that you do not need that much memory so we recommend        ++
 +++++++++++++++++++++++++++++++++++++++++++++++++++++++++++++++++++++++++++
 ++   Memory Efficiency is too small. Please review the requested memory. ++
 +++++++++++++++++++++++++++++++++++++++++++++++++++++++++++++++++++++++++++

Memory Utilized: 226.57 MB
 +++++++++++++++++++++++++++++++++++++++++++++++++++++++++++++++++++++++++++
 ++   Memory Efficiency is too small. Please review the requested memory. ++
 +++++++++++++++++++++++++++++++++++++++++++++++++++++++++++++++++++++++++++
 +++++++++++++++++++++++++++++++++++++++++++++++++++++++++++++++++++++++++++
*****************************************************************************
 ++   Memory Efficiency is too small. Please review the requested memory. ++
 ++   Memory Efficiency is too small. Please review the requested memory. ++

 ++ requesting less memory in other similar jobs.                         ++

 +++++++++++++++++++++++++++++++++++++++++++++++++++++++++++++++++++++++++++
*****************************************************************************
 ++   Memory Efficiency is too small. Please review the requested memory. ++
 ++   Memory Efficiency is too small. Please review the requested memory. ++
Job ID: 10935949
 ++ requesting less memory in other similar jobs.                         ++
 ++   Memory Efficiency is too small. Please review the requested memory. ++
 ++ It seems that you do not need that much memory so we recommend        ++
 
 +++++++++++++++++++++++++++++++++++++++++++++++++++++++++++++++++++++++++++
Memory Efficiency: 0.00% of 5.30 TB
 ++   Memory Efficiency is too small. Please review the requested memory. ++
 ++ It seems that you do not need that much memory so we recommend        ++
 ++   Memory Efficiency is too small. Please review the requested memory. ++
 ++   Memory Efficiency is too small. Please review the requested memory. ++

 ++ It seems that you do not need that much memory so we recommend        ++
 ++ It seems that you do not need that much memory so we recommend        ++
 +++++++++++++++++++++++++++++++++++++++++++++++++++++++++++++++++++++++++++
 +++++++++++++++++++++++++++++++++++++++++++++++++++++++++++++++++++++++++++
 +++++++++++++++++++++++++++++++++++++++++++++++++++++++++++++++++++++++++++
 ++   Memory Efficiency is too small. Please review the requested memory. ++

 ++ It seems that you do not need that much memory so we recommend        ++
 ++ It seems that you do not need that much memory so we recommend        ++
Cluster: finisterrae3
 +++++++++++++++++++++++++++++++++++++++++++++++++++++++++++++++++++++++++++
 ++ It seems that you do not need that much memory so we recommend        ++
 ++ requesting less memory in other similar jobs.                         ++
*****************************************************************************
 ++   Memory Efficiency is too small. Please review the requested memory. ++

 ++ It seems that you do not need that much memory so we recommend        ++
 ++ requesting less memory in other similar jobs.                         ++
 ++ It seems that you do not need that much memory so we recommend        ++
 ++ It seems that you do not need that much memory so we recommend        ++
 ++ requesting less memory in other similar jobs.                         ++
 ++ requesting less memory in other similar jobs.                         ++
 ++   Memory Efficiency is too small. Please review the requested memory. ++
 
 ++   Memory Efficiency is too small. Please review the requested memory. ++
 ++ It seems that you do not need that much memory so we recommend        ++
 ++ requesting less memory in other similar jobs.                         ++
 ++ requesting less memory in other similar jobs.                         ++
User/Group: curso341/ulc
 
 ++ requesting less memory in other similar jobs.                         ++
 +++++++++++++++++++++++++++++++++++++++++++++++++++++++++++++++++++++++++++

 ++ It seems that you do not need that much memory so we recommend        ++
 +++++++++++++++++++++++++++++++++++++++++++++++++++++++++++++++++++++++++++
 ++ requesting less memory in other similar jobs.                         ++
 +++++++++++++++++++++++++++++++++++++++++++++++++++++++++++++++++++++++++++
 ++ requesting less memory in other similar jobs.                         ++
 ++ requesting less memory in other similar jobs.                         ++
 +++++++++++++++++++++++++++++++++++++++++++++++++++++++++++++++++++++++++++
 +++++++++++++++++++++++++++++++++++++++++++++++++++++++++++++++++++++++++++
 ++ It seems that you do not need that much memory so we recommend        ++
*****************************************************************************
 ++ It seems that you do not need that much memory so we recommend        ++
 ++ requesting less memory in other similar jobs.                         ++
 +++++++++++++++++++++++++++++++++++++++++++++++++++++++++++++++++++++++++++
 +++++++++++++++++++++++++++++++++++++++++++++++++++++++++++++++++++++++++++
State: COMPLETED (exit code 0)
*****************************************************************************
 +++++++++++++++++++++++++++++++++++++++++++++++++++++++++++++++++++++++++++
 
 ++ requesting less memory in other similar jobs.                         ++
 ++   Memory Efficiency is too small. Please review the requested memory. ++
 +++++++++++++++++++++++++++++++++++++++++++++++++++++++++++++++++++++++++++
 
 +++++++++++++++++++++++++++++++++++++++++++++++++++++++++++++++++++++++++++
 +++++++++++++++++++++++++++++++++++++++++++++++++++++++++++++++++++++++++++
 
 
 ++ requesting less memory in other similar jobs.                         ++

 ++ requesting less memory in other similar jobs.                         ++
 +++++++++++++++++++++++++++++++++++++++++++++++++++++++++++++++++++++++++++
 
 
Nodes: 25

 
*****************************************************************************
 +++++++++++++++++++++++++++++++++++++++++++++++++++++++++++++++++++++++++++
 ++ It seems that you do not need that much memory so we recommend        ++
 
*****************************************************************************
 
 
*****************************************************************************
*****************************************************************************
 +++++++++++++++++++++++++++++++++++++++++++++++++++++++++++++++++++++++++++
 +++++++++++++++++++++++++++++++++++++++++++++++++++++++++++++++++++++++++++
 
*****************************************************************************
*****************************************************************************
Cores per node: 64
*****************************************************************************

 
 ++ requesting less memory in other similar jobs.                         ++
*****************************************************************************

*****************************************************************************
*****************************************************************************


 
 
*****************************************************************************


CPU Utilized: 03:09:48

*****************************************************************************
 +++++++++++++++++++++++++++++++++++++++++++++++++++++++++++++++++++++++++++



*****************************************************************************
*****************************************************************************

CPU Efficiency: 10.02% of 1-07:33:20 core-walltime

 


Job Wall-clock time: 00:01:11
*****************************************************************************
Memory Utilized: 226.57 MB

Memory Efficiency: 0.00% of 5.30 TB

 +++++++++++++++++++++++++++++++++++++++++++++++++++++++++++++++++++++++++++
 ++   Memory Efficiency is too small. Please review the requested memory. ++
 ++ It seems that you do not need that much memory so we recommend        ++
 ++ requesting less memory in other similar jobs.                         ++
 +++++++++++++++++++++++++++++++++++++++++++++++++++++++++++++++++++++++++++
 
*****************************************************************************


*****************************************************************************
*                                                                           *
*                    JOB EFFICIENCY REPORT (seff 10935949)                   *
*                                                                           *
*****************************************************************************

Job ID: 10935949
Cluster: finisterrae3
User/Group: curso341/ulc
State: COMPLETED (exit code 0)
Nodes: 25
Cores per node: 64
CPU Utilized: 03:10:19
CPU Efficiency: 10.05% of 1-07:33:20 core-walltime
Job Wall-clock time: 00:01:11
Memory Utilized: 226.57 MB
Memory Efficiency: 0.00% of 5.30 TB

 +++++++++++++++++++++++++++++++++++++++++++++++++++++++++++++++++++++++++++
 ++   Memory Efficiency is too small. Please review the requested memory. ++
 ++ It seems that you do not need that much memory so we recommend        ++
 ++ requesting less memory in other similar jobs.                         ++
 +++++++++++++++++++++++++++++++++++++++++++++++++++++++++++++++++++++++++++
 
*****************************************************************************


*****************************************************************************
*                                                                           *
*                    JOB EFFICIENCY REPORT (seff 10935949)                   *
*                                                                           *
*****************************************************************************

Job ID: 10935949
Cluster: finisterrae3
User/Group: curso341/ulc
State: COMPLETED (exit code 0)
Nodes: 25
Cores per node: 64
CPU Utilized: 03:10:19
CPU Efficiency: 10.05% of 1-07:33:20 core-walltime
Job Wall-clock time: 00:01:11
Memory Utilized: 226.57 MB
Memory Efficiency: 0.00% of 5.30 TB

 +++++++++++++++++++++++++++++++++++++++++++++++++++++++++++++++++++++++++++
 ++   Memory Efficiency is too small. Please review the requested memory. ++
 ++ It seems that you do not need that much memory so we recommend        ++
 ++ requesting less memory in other similar jobs.                         ++
 +++++++++++++++++++++++++++++++++++++++++++++++++++++++++++++++++++++++++++
 
*****************************************************************************


*****************************************************************************
*                                                                           *
*                    JOB EFFICIENCY REPORT (seff 10935949)                   *
*                                                                           *
*****************************************************************************

Job ID: 10935949
Cluster: finisterrae3
User/Group: curso341/ulc
State: COMPLETED (exit code 0)
Nodes: 25
Cores per node: 64
CPU Utilized: 03:11:00
CPU Efficiency: 10.09% of 1-07:33:20 core-walltime
Job Wall-clock time: 00:01:11
Memory Utilized: 855.11 MB
Memory Efficiency: 0.02% of 5.30 TB

 +++++++++++++++++++++++++++++++++++++++++++++++++++++++++++++++++++++++++++
 ++   Memory Efficiency is too small. Please review the requested memory. ++
 ++ It seems that you do not need that much memory so we recommend        ++
 ++ requesting less memory in other similar jobs.                         ++
 +++++++++++++++++++++++++++++++++++++++++++++++++++++++++++++++++++++++++++
 
*****************************************************************************

