slurmstepd: info: Setting TMPDIR to /scratch/10770654. Previous errors about TMPDIR can be discarded
Slurm job started at 25/02/2025_08:06:37 PM

In transit.
Initing Ray (1 head node + 8 worker nodes + 16 simulation nodes) on nodes: 
	ilk-97 ilk-98 ilk-99 ilk-100 ilk-101 ilk-102 ilk-103 ilk-104 ilk-105 ilk-106 ilk-115 ilk-117 ilk-118 ilk-138 ilk-152 ilk-161 ilk-162 ilk-166 ilk-167 ilk-170 ilk-177 ilk-178 ilk-181 ilk-182 ilk-185
Head node: 172.30.203.1:6379


RAY_DEPLOY_TIME:     22.58226
2025-02-25 20:07:04,366	INFO packaging.py:520 -- Creating a file package for local directory '/mnt/lustre/scratch/nlsas/home/ulc/cursos/curso341/dask_on_reisa_tests/E1/REISA_ONE_ACTOR/derivative/P512-SN16-LS1-GS536-I12-AN8-D2025-02-25_18-10-06'.
2025-02-25 20:07:04,392	INFO packaging.py:347 -- Pushing file package 'gcs://_ray_pkg_0d705c568e0c6c89.zip' (0.48MiB) to Ray cluster...
2025-02-25 20:07:04,399	INFO packaging.py:360 -- Successfully pushed file package 'gcs://_ray_pkg_0d705c568e0c6c89.zip'.
RAY_INIT_TIME:       9.22357
Iter [0]
Iter [1]
Iter [2]
Iter [3]
Iter [4]
Iter [5]
Iter [6]
Iter [7]
Iter [8]
Iter [9]
Iter [10]
Iter [11]
GLOBAL_PUT_TIME:     0.5087237358093262 (avg:0.04239)
ACTOR_CONCURRENCY:   8
EST_ANALYTICS_TIME:  225.06243 (avg:18.75520)
SIMULATION_TIME:     220.456735682000016 (avg: 18.371394640166667)
SIM_WTHOUT_PDI:      40.487480472999991 (avg: 3.373956706083332)
PDI_DELAY:           179.969255209000039 (avg: 14.997437934083337)

GLOBAL_SIZE_(GiB):   524288
LOCAL_SIZE_(MiB):    1
ITERATIONS:          12

MPI_PER_NODE:        32
MPI_PARALLELISM:     512

WORKER_NODES:        8
CPUS_PER_WORKER:     30
WORKER_PARALLELISM:  240


SLURM_JOB_ID:        10770654

Slurm job finished at 25/02/2025_08:10:55 PM

*****************************************************************************
*                                                                           *
*                    JOB EFFICIENCY REPORT (seff 10770654)                   *
*                                                                           *
*****************************************************************************

Job ID: 10770654
Cluster: finisterrae3
User/Group: curso341/ulc
State: COMPLETED (exit code 0)
Nodes: 25
Cores per node: 40
CPU Utilized: 16:42:49
CPU Efficiency: 23.23% of 2-23:56:40 core-walltime
Job Wall-clock time: 00:04:19
Memory Utilized: 1.81 GB
Memory Efficiency: 0.05% of 3.91 TB

 +++++++++++++++++++++++++++++++++++++++++++++++++++++++++++++++++++++++++++
 ++   Memory Efficiency is too small. Please review the requested memory. ++
 ++ It seems that you do not need that much memory so we recommend        ++
 ++ requesting less memory in other similar jobs.                         ++
 +++++++++++++++++++++++++++++++++++++++++++++++++++++++++++++++++++++++++++
 
*****************************************************************************


*****************************************************************************
*                                                                           *
*                    JOB EFFICIENCY REPORT (seff 10770654)                   *
*                                                                           *
*****************************************************************************

Job ID: 10770654
Cluster: finisterrae3
User/Group: curso341/ulc
State: COMPLETED (exit code 0)
Nodes: 25
Cores per node: 40
CPU Utilized: 16:42:49
CPU Efficiency: 23.23% of 2-23:56:40 core-walltime
Job Wall-clock time: 00:04:19
Memory Utilized: 1.81 GB
Memory Efficiency: 0.05% of 3.91 TB

 +++++++++++++++++++++++++++++++++++++++++++++++++++++++++++++++++++++++++++
 ++   Memory Efficiency is too small. Please review the requested memory. ++
 ++ It seems that you do not need that much memory so we recommend        ++
 ++ requesting less memory in other similar jobs.                         ++
 +++++++++++++++++++++++++++++++++++++++++++++++++++++++++++++++++++++++++++
 
*****************************************************************************


*****************************************************************************
*                                                                           *
*                    JOB EFFICIENCY REPORT (seff 10770654)                   *
*                                                                           *
*****************************************************************************

Job ID: 10770654
Cluster: finisterrae3
User/Group: curso341/ulc
State: COMPLETED (exit code 0)
Nodes: 25
Cores per node: 40
CPU Utilized: 16:42:49
CPU Efficiency: 23.23% of 2-23:56:40 core-walltime
Job Wall-clock time: 00:04:19
Memory Utilized: 1.81 GB
Memory Efficiency: 0.05% of 3.91 TB

 +++++++++++++++++++++++++++++++++++++++++++++++++++++++++++++++++++++++++++
 ++   Memory Efficiency is too small. Please review the requested memory. ++
 ++ It seems that you do not need that much memory so we recommend        ++
 ++ requesting less memory in other similar jobs.                         ++
 +++++++++++++++++++++++++++++++++++++++++++++++++++++++++++++++++++++++++++
 
*****************************************************************************


*****************************************************************************
*                                                                           *
*                    JOB EFFICIENCY REPORT (seff 10770654)                   *
*                                                                           *
*****************************************************************************

Job ID: 10770654
Cluster: finisterrae3
User/Group: curso341/ulc
State: COMPLETED (exit code 0)
Nodes: 25
Cores per node: 40
CPU Utilized: 16:42:49
CPU Efficiency: 23.23% of 2-23:56:40 core-walltime
Job Wall-clock time: 00:04:19
Memory Utilized: 1.81 GB
Memory Efficiency: 0.05% of 3.91 TB

 +++++++++++++++++++++++++++++++++++++++++++++++++++++++++++++++++++++++++++
 ++   Memory Efficiency is too small. Please review the requested memory. ++
 ++ It seems that you do not need that much memory so we recommend        ++
 ++ requesting less memory in other similar jobs.                         ++
 +++++++++++++++++++++++++++++++++++++++++++++++++++++++++++++++++++++++++++
 
*****************************************************************************


*****************************************************************************
*                                                                           *
*                    JOB EFFICIENCY REPORT (seff 10770654)                   *
*                                                                           *
*****************************************************************************

Job ID: 10770654
Cluster: finisterrae3
User/Group: curso341/ulc
State: COMPLETED (exit code 0)
Nodes: 25
Cores per node: 40
CPU Utilized: 16:42:49
CPU Efficiency: 23.23% of 2-23:56:40 core-walltime
Job Wall-clock time: 00:04:19
Memory Utilized: 1.81 GB
Memory Efficiency: 0.05% of 3.91 TB

 +++++++++++++++++++++++++++++++++++++++++++++++++++++++++++++++++++++++++++
 ++   Memory Efficiency is too small. Please review the requested memory. ++
 ++ It seems that you do not need that much memory so we recommend        ++
 ++ requesting less memory in other similar jobs.                         ++
 +++++++++++++++++++++++++++++++++++++++++++++++++++++++++++++++++++++++++++
 
*****************************************************************************


*****************************************************************************
*                                                                           *
*                    JOB EFFICIENCY REPORT (seff 10770654)                   *
*                                                                           *
*****************************************************************************

Job ID: 10770654
Cluster: finisterrae3
User/Group: curso341/ulc
State: COMPLETED (exit code 0)
Nodes: 25
Cores per node: 40
CPU Utilized: 16:42:49
CPU Efficiency: 23.23% of 2-23:56:40 core-walltime
Job Wall-clock time: 00:04:19
Memory Utilized: 1.81 GB
Memory Efficiency: 0.05% of 3.91 TB

 +++++++++++++++++++++++++++++++++++++++++++++++++++++++++++++++++++++++++++
 ++   Memory Efficiency is too small. Please review the requested memory. ++
 ++ It seems that you do not need that much memory so we recommend        ++
 ++ requesting less memory in other similar jobs.                         ++
 +++++++++++++++++++++++++++++++++++++++++++++++++++++++++++++++++++++++++++
 
*****************************************************************************


*****************************************************************************
*                                                                           *
*                    JOB EFFICIENCY REPORT (seff 10770654)                   *
*                                                                           *
*****************************************************************************

Job ID: 10770654
Cluster: finisterrae3
User/Group: curso341/ulc
State: COMPLETED (exit code 0)
Nodes: 25
Cores per node: 40
CPU Utilized: 16:42:49
CPU Efficiency: 23.23% of 2-23:56:40 core-walltime
Job Wall-clock time: 00:04:19
Memory Utilized: 1.81 GB
Memory Efficiency: 0.05% of 3.91 TB

 +++++++++++++++++++++++++++++++++++++++++++++++++++++++++++++++++++++++++++
 ++   Memory Efficiency is too small. Please review the requested memory. ++
 ++ It seems that you do not need that much memory so we recommend        ++
 ++ requesting less memory in other similar jobs.                         ++
 +++++++++++++++++++++++++++++++++++++++++++++++++++++++++++++++++++++++++++
 
*****************************************************************************


*****************************************************************************
*                                                                           *
*                    JOB EFFICIENCY REPORT (seff 10770654)                   *
*                                                                           *
*****************************************************************************

Job ID: 10770654
Cluster: finisterrae3
User/Group: curso341/ulc
State: COMPLETED (exit code 0)
Nodes: 25
Cores per node: 40
CPU Utilized: 16:42:49
CPU Efficiency: 23.23% of 2-23:56:40 core-walltime
Job Wall-clock time: 00:04:19
Memory Utilized: 1.81 GB
Memory Efficiency: 0.05% of 3.91 TB

 +++++++++++++++++++++++++++++++++++++++++++++++++++++++++++++++++++++++++++
 ++   Memory Efficiency is too small. Please review the requested memory. ++
 ++ It seems that you do not need that much memory so we recommend        ++
 ++ requesting less memory in other similar jobs.                         ++
 +++++++++++++++++++++++++++++++++++++++++++++++++++++++++++++++++++++++++++
 
*****************************************************************************


*****************************************************************************
*                                                                           *
*                    JOB EFFICIENCY REPORT (seff 10770654)                   *
*                                                                           *
*****************************************************************************

Job ID: 10770654
Cluster: finisterrae3
User/Group: curso341/ulc
State: COMPLETED (exit code 0)
Nodes: 25
Cores per node: 40
CPU Utilized: 16:42:49
CPU Efficiency: 23.23% of 2-23:56:40 core-walltime
Job Wall-clock time: 00:04:19
Memory Utilized: 1.81 GB
Memory Efficiency: 0.05% of 3.91 TB

 +++++++++++++++++++++++++++++++++++++++++++++++++++++++++++++++++++++++++++
 ++   Memory Efficiency is too small. Please review the requested memory. ++
 ++ It seems that you do not need that much memory so we recommend        ++
 ++ requesting less memory in other similar jobs.                         ++
 +++++++++++++++++++++++++++++++++++++++++++++++++++++++++++++++++++++++++++
 
*****************************************************************************


*****************************************************************************
*                                                                           *
*                    JOB EFFICIENCY REPORT (seff 10770654)                   *
*                                                                           *
*****************************************************************************

Job ID: 10770654
Cluster: finisterrae3
User/Group: curso341/ulc
State: COMPLETED (exit code 0)
Nodes: 25
Cores per node: 40
CPU Utilized: 16:42:49
CPU Efficiency: 23.23% of 2-23:56:40 core-walltime
Job Wall-clock time: 00:04:19
Memory Utilized: 1.81 GB
Memory Efficiency: 0.05% of 3.91 TB

 +++++++++++++++++++++++++++++++++++++++++++++++++++++++++++++++++++++++++++
 ++   Memory Efficiency is too small. Please review the requested memory. ++
 ++ It seems that you do not need that much memory so we recommend        ++
 ++ requesting less memory in other similar jobs.                         ++
 +++++++++++++++++++++++++++++++++++++++++++++++++++++++++++++++++++++++++++
 
*****************************************************************************



*****************************************************************************
*****************************************************************************
*                                                                           *
*                                                                           *

*                    JOB EFFICIENCY REPORT (seff 10770654)                   *
*                    JOB EFFICIENCY REPORT (seff 10770654)                   *
*****************************************************************************
*                                                                           *
*                                                                           *
*                                                                           *
*****************************************************************************
*****************************************************************************
*                    JOB EFFICIENCY REPORT (seff 10770654)                   *


*                                                                           *
Job ID: 10770654
Job ID: 10770654
*****************************************************************************
Cluster: finisterrae3
Cluster: finisterrae3

User/Group: curso341/ulc
User/Group: curso341/ulc
Job ID: 10770654
State: COMPLETED (exit code 0)
State: COMPLETED (exit code 0)
Cluster: finisterrae3
Nodes: 25
Nodes: 25
User/Group: curso341/ulc
Cores per node: 40
Cores per node: 40
State: COMPLETED (exit code 0)

CPU Utilized: 16:42:49
CPU Utilized: 16:42:49
Nodes: 25
*****************************************************************************
CPU Efficiency: 23.23% of 2-23:56:40 core-walltime
CPU Efficiency: 23.23% of 2-23:56:40 core-walltime
Cores per node: 40
*                                                                           *
Job Wall-clock time: 00:04:19
Job Wall-clock time: 00:04:19
CPU Utilized: 16:42:49
*                    JOB EFFICIENCY REPORT (seff 10770654)                   *
Memory Utilized: 1.81 GB
Memory Utilized: 1.81 GB
CPU Efficiency: 23.23% of 2-23:56:40 core-walltime
*                                                                           *
Memory Efficiency: 0.05% of 3.91 TB
Memory Efficiency: 0.05% of 3.91 TB
Job Wall-clock time: 00:04:19
*****************************************************************************



Memory Utilized: 1.81 GB

*****************************************************************************
 +++++++++++++++++++++++++++++++++++++++++++++++++++++++++++++++++++++++++++
 +++++++++++++++++++++++++++++++++++++++++++++++++++++++++++++++++++++++++++
Memory Efficiency: 0.05% of 3.91 TB
Job ID: 10770654
*                                                                           *
 ++   Memory Efficiency is too small. Please review the requested memory. ++
 ++   Memory Efficiency is too small. Please review the requested memory. ++

Cluster: finisterrae3
*                    JOB EFFICIENCY REPORT (seff 10770654)                   *
 ++ It seems that you do not need that much memory so we recommend        ++
 ++ It seems that you do not need that much memory so we recommend        ++
 +++++++++++++++++++++++++++++++++++++++++++++++++++++++++++++++++++++++++++
User/Group: curso341/ulc
*                                                                           *
 ++ requesting less memory in other similar jobs.                         ++
 ++ requesting less memory in other similar jobs.                         ++
 ++   Memory Efficiency is too small. Please review the requested memory. ++
State: COMPLETED (exit code 0)
*****************************************************************************
 +++++++++++++++++++++++++++++++++++++++++++++++++++++++++++++++++++++++++++
 +++++++++++++++++++++++++++++++++++++++++++++++++++++++++++++++++++++++++++
 ++ It seems that you do not need that much memory so we recommend        ++
Nodes: 25

 
 
 ++ requesting less memory in other similar jobs.                         ++
Cores per node: 40
Job ID: 10770654
*****************************************************************************
*****************************************************************************
 +++++++++++++++++++++++++++++++++++++++++++++++++++++++++++++++++++++++++++
CPU Utilized: 16:42:49
Cluster: finisterrae3


 
CPU Efficiency: 23.23% of 2-23:56:40 core-walltime
User/Group: curso341/ulc
*****************************************************************************
Job Wall-clock time: 00:04:19
State: COMPLETED (exit code 0)

Memory Utilized: 1.81 GB
Nodes: 25
Memory Efficiency: 0.05% of 3.91 TB
Cores per node: 40

CPU Utilized: 16:42:49
 +++++++++++++++++++++++++++++++++++++++++++++++++++++++++++++++++++++++++++
CPU Efficiency: 23.23% of 2-23:56:40 core-walltime

 ++   Memory Efficiency is too small. Please review the requested memory. ++
Job Wall-clock time: 00:04:19
*****************************************************************************
 ++ It seems that you do not need that much memory so we recommend        ++
Memory Utilized: 1.81 GB
*                                                                           *
 ++ requesting less memory in other similar jobs.                         ++
Memory Efficiency: 0.05% of 3.91 TB
*                    JOB EFFICIENCY REPORT (seff 10770654)                   *
 +++++++++++++++++++++++++++++++++++++++++++++++++++++++++++++++++++++++++++

*                                                                           *
 
 +++++++++++++++++++++++++++++++++++++++++++++++++++++++++++++++++++++++++++
*****************************************************************************
*****************************************************************************
 ++   Memory Efficiency is too small. Please review the requested memory. ++


 ++ It seems that you do not need that much memory so we recommend        ++
Job ID: 10770654
 ++ requesting less memory in other similar jobs.                         ++
Cluster: finisterrae3
 +++++++++++++++++++++++++++++++++++++++++++++++++++++++++++++++++++++++++++
User/Group: curso341/ulc
 
State: COMPLETED (exit code 0)
*****************************************************************************
Nodes: 25

Cores per node: 40
CPU Utilized: 16:42:49
CPU Efficiency: 23.23% of 2-23:56:40 core-walltime
Job Wall-clock time: 00:04:19
Memory Utilized: 1.81 GB
Memory Efficiency: 0.05% of 3.91 TB

 +++++++++++++++++++++++++++++++++++++++++++++++++++++++++++++++++++++++++++
 ++   Memory Efficiency is too small. Please review the requested memory. ++
 ++ It seems that you do not need that much memory so we recommend        ++
 ++ requesting less memory in other similar jobs.                         ++
 +++++++++++++++++++++++++++++++++++++++++++++++++++++++++++++++++++++++++++
 
*****************************************************************************


*****************************************************************************
*                                                                           *
*                    JOB EFFICIENCY REPORT (seff 10770654)                   *
*                                                                           *
*****************************************************************************

Job ID: 10770654
Cluster: finisterrae3
User/Group: curso341/ulc
State: COMPLETED (exit code 0)
Nodes: 25
Cores per node: 40
CPU Utilized: 16:42:49
CPU Efficiency: 23.23% of 2-23:56:40 core-walltime
Job Wall-clock time: 00:04:19
Memory Utilized: 1.81 GB
Memory Efficiency: 0.05% of 3.91 TB

 +++++++++++++++++++++++++++++++++++++++++++++++++++++++++++++++++++++++++++
 ++   Memory Efficiency is too small. Please review the requested memory. ++
 ++ It seems that you do not need that much memory so we recommend        ++
 ++ requesting less memory in other similar jobs.                         ++
 +++++++++++++++++++++++++++++++++++++++++++++++++++++++++++++++++++++++++++
 
*****************************************************************************


*****************************************************************************
*                                                                           *
*                    JOB EFFICIENCY REPORT (seff 10770654)                   *
*                                                                           *
*****************************************************************************

Job ID: 10770654
Cluster: finisterrae3
User/Group: curso341/ulc
State: COMPLETED (exit code 0)
Nodes: 25
Cores per node: 40
CPU Utilized: 16:42:49
CPU Efficiency: 23.23% of 2-23:56:40 core-walltime
Job Wall-clock time: 00:04:19
Memory Utilized: 1.81 GB
Memory Efficiency: 0.05% of 3.91 TB

 +++++++++++++++++++++++++++++++++++++++++++++++++++++++++++++++++++++++++++
 ++   Memory Efficiency is too small. Please review the requested memory. ++
 ++ It seems that you do not need that much memory so we recommend        ++
 ++ requesting less memory in other similar jobs.                         ++
 +++++++++++++++++++++++++++++++++++++++++++++++++++++++++++++++++++++++++++
 
*****************************************************************************


*****************************************************************************
*                                                                           *
*                    JOB EFFICIENCY REPORT (seff 10770654)                   *
*                                                                           *
*****************************************************************************

Job ID: 10770654
Cluster: finisterrae3
User/Group: curso341/ulc
State: COMPLETED (exit code 0)
Nodes: 25
Cores per node: 40
CPU Utilized: 16:42:49
CPU Efficiency: 23.23% of 2-23:56:40 core-walltime
Job Wall-clock time: 00:04:19
Memory Utilized: 1.81 GB
Memory Efficiency: 0.05% of 3.91 TB

 +++++++++++++++++++++++++++++++++++++++++++++++++++++++++++++++++++++++++++
 ++   Memory Efficiency is too small. Please review the requested memory. ++
 ++ It seems that you do not need that much memory so we recommend        ++
 ++ requesting less memory in other similar jobs.                         ++
 +++++++++++++++++++++++++++++++++++++++++++++++++++++++++++++++++++++++++++
 
*****************************************************************************


*****************************************************************************
*                                                                           *
*                    JOB EFFICIENCY REPORT (seff 10770654)                   *
*                                                                           *
*****************************************************************************

Job ID: 10770654
Cluster: finisterrae3
User/Group: curso341/ulc
State: COMPLETED (exit code 0)
Nodes: 25
Cores per node: 40
CPU Utilized: 16:47:52
CPU Efficiency: 23.35% of 2-23:56:40 core-walltime
Job Wall-clock time: 00:04:19
Memory Utilized: 2.17 GB
Memory Efficiency: 0.05% of 3.91 TB

 +++++++++++++++++++++++++++++++++++++++++++++++++++++++++++++++++++++++++++
 ++   Memory Efficiency is too small. Please review the requested memory. ++
 ++ It seems that you do not need that much memory so we recommend        ++
 ++ requesting less memory in other similar jobs.                         ++
 +++++++++++++++++++++++++++++++++++++++++++++++++++++++++++++++++++++++++++
 
*****************************************************************************


*****************************************************************************
*                                                                           *
*                    JOB EFFICIENCY REPORT (seff 10770654)                   *
*                                                                           *
*****************************************************************************

Job ID: 10770654
Cluster: finisterrae3
User/Group: curso341/ulc
State: COMPLETED (exit code 0)
Nodes: 25
Cores per node: 40
CPU Utilized: 16:47:52
CPU Efficiency: 23.35% of 2-23:56:40 core-walltime
Job Wall-clock time: 00:04:19
Memory Utilized: 2.17 GB
Memory Efficiency: 0.05% of 3.91 TB

 +++++++++++++++++++++++++++++++++++++++++++++++++++++++++++++++++++++++++++
 ++   Memory Efficiency is too small. Please review the requested memory. ++
 ++ It seems that you do not need that much memory so we recommend        ++
 ++ requesting less memory in other similar jobs.                         ++
 +++++++++++++++++++++++++++++++++++++++++++++++++++++++++++++++++++++++++++
 
*****************************************************************************


*****************************************************************************
*                                                                           *
*                    JOB EFFICIENCY REPORT (seff 10770654)                   *
*                                                                           *
*****************************************************************************

Job ID: 10770654
Cluster: finisterrae3
User/Group: curso341/ulc
State: COMPLETED (exit code 0)
Nodes: 25
Cores per node: 40
CPU Utilized: 16:47:52
CPU Efficiency: 23.35% of 2-23:56:40 core-walltime
Job Wall-clock time: 00:04:19
Memory Utilized: 2.17 GB
Memory Efficiency: 0.05% of 3.91 TB

 +++++++++++++++++++++++++++++++++++++++++++++++++++++++++++++++++++++++++++
 ++   Memory Efficiency is too small. Please review the requested memory. ++
 ++ It seems that you do not need that much memory so we recommend        ++
 ++ requesting less memory in other similar jobs.                         ++
 +++++++++++++++++++++++++++++++++++++++++++++++++++++++++++++++++++++++++++
 
*****************************************************************************


*****************************************************************************
*                                                                           *
*                    JOB EFFICIENCY REPORT (seff 10770654)                   *
*                                                                           *
*****************************************************************************

Job ID: 10770654
Cluster: finisterrae3
User/Group: curso341/ulc
State: COMPLETED (exit code 0)
Nodes: 25
Cores per node: 40
CPU Utilized: 16:42:49
CPU Efficiency: 23.23% of 2-23:56:40 core-walltime
Job Wall-clock time: 00:04:19
Memory Utilized: 1.81 GB
Memory Efficiency: 0.05% of 3.91 TB

 +++++++++++++++++++++++++++++++++++++++++++++++++++++++++++++++++++++++++++
 ++   Memory Efficiency is too small. Please review the requested memory. ++
 ++ It seems that you do not need that much memory so we recommend        ++
 ++ requesting less memory in other similar jobs.                         ++
 +++++++++++++++++++++++++++++++++++++++++++++++++++++++++++++++++++++++++++
 
*****************************************************************************


*****************************************************************************
*                                                                           *
*                    JOB EFFICIENCY REPORT (seff 10770654)                   *
*                                                                           *
*****************************************************************************

Job ID: 10770654
Cluster: finisterrae3
User/Group: curso341/ulc
State: COMPLETED (exit code 0)
Nodes: 25
Cores per node: 40
CPU Utilized: 16:47:52
CPU Efficiency: 23.35% of 2-23:56:40 core-walltime
Job Wall-clock time: 00:04:19
Memory Utilized: 2.17 GB
Memory Efficiency: 0.05% of 3.91 TB

 +++++++++++++++++++++++++++++++++++++++++++++++++++++++++++++++++++++++++++
 ++   Memory Efficiency is too small. Please review the requested memory. ++
 ++ It seems that you do not need that much memory so we recommend        ++
 ++ requesting less memory in other similar jobs.                         ++
 +++++++++++++++++++++++++++++++++++++++++++++++++++++++++++++++++++++++++++
 
*****************************************************************************


*****************************************************************************
*                                                                           *
*                    JOB EFFICIENCY REPORT (seff 10770654)                   *
*                                                                           *
*****************************************************************************

Job ID: 10770654
Cluster: finisterrae3
User/Group: curso341/ulc
State: COMPLETED (exit code 0)
Nodes: 25
Cores per node: 40
CPU Utilized: 16:48:42
CPU Efficiency: 23.37% of 2-23:56:40 core-walltime
Job Wall-clock time: 00:04:19
Memory Utilized: 2.17 GB
Memory Efficiency: 0.05% of 3.91 TB

 +++++++++++++++++++++++++++++++++++++++++++++++++++++++++++++++++++++++++++
 ++   Memory Efficiency is too small. Please review the requested memory. ++
 ++ It seems that you do not need that much memory so we recommend        ++
 ++ requesting less memory in other similar jobs.                         ++
 +++++++++++++++++++++++++++++++++++++++++++++++++++++++++++++++++++++++++++
 
*****************************************************************************

