slurmstepd: info: Setting TMPDIR to /scratch/10925260. Previous errors about TMPDIR can be discarded
Slurm job started at 09/03/2025_08:52:23 PM

In transit.
Initing Ray (1 head node + 2 worker nodes + 4 simulation nodes) on nodes: 
	ilk-243 ilk-244 ilk-245 ilk-246 ilk-247 ilk-248 ilk-249
Head node: 172.30.211.16:6379


RAY_DEPLOY_TIME:     24.49230
2025-03-09 20:52:50,841	INFO packaging.py:520 -- Creating a file package for local directory '/mnt/lustre/scratch/nlsas/home/ulc/cursos/curso341/dask_on_reisa_tests/E4/REISA_ONE_ACTOR/reduction/P128-SN4-LS1-GS134-I20-AN2-D2025-03-09_18-44-00'.
2025-03-09 20:52:50,867	INFO packaging.py:347 -- Pushing file package 'gcs://_ray_pkg_80747331b0ab26bc.zip' (0.48MiB) to Ray cluster...
2025-03-09 20:52:50,873	INFO packaging.py:360 -- Successfully pushed file package 'gcs://_ray_pkg_80747331b0ab26bc.zip'.
RAY_INIT_TIME:       4.53730
Iter [0]
Iter [2]
Iter [4]
Iter [6]
Iter [8]
Iter [10]
Iter [12]
Iter [14]
Iter [16]
Iter [18]
GLOBAL_PUT_TIME:     0.09557723999023438 (avg:0.00478)
ACTOR_CONCURRENCY:   8
EST_ANALYTICS_TIME:  57.18602 (avg:2.85930)
SIMULATION_TIME:     56.012354522000003 (avg: 2.800617726100000)
SIM_WTHOUT_PDI:      17.094815967000009 (avg: 0.854740798350000)
PDI_DELAY:           38.917538554999993 (avg: 1.945876927750000)

GLOBAL_SIZE_(GiB):   131072
LOCAL_SIZE_(MiB):    1
ITERATIONS:          20

MPI_PER_NODE:        32
MPI_PARALLELISM:     128

WORKER_NODES:        2
CPUS_PER_WORKER:     64
WORKER_PARALLELISM:  128


SLURM_JOB_ID:        10925260

Slurm job finished at 09/03/2025_08:53:52 PM

*****************************************************************************
*                                                                           *
*                    JOB EFFICIENCY REPORT (seff 10925260)                   *
*                                                                           *
*****************************************************************************

Job ID: 10925260
Cluster: finisterrae3
User/Group: curso341/ulc
State: COMPLETED (exit code 0)
Nodes: 7
Cores per node: 64
CPU Utilized: 01:07:29
CPU Efficiency: 10.04% of 11:12:00 core-walltime
Job Wall-clock time: 00:01:30
Memory Utilized: 1.86 GB
Memory Efficiency: 0.12% of 1.48 TB

 +++++++++++++++++++++++++++++++++++++++++++++++++++++++++++++++++++++++++++
 ++   Memory Efficiency is too small. Please review the requested memory. ++
 ++ It seems that you do not need that much memory so we recommend        ++
 ++ requesting less memory in other similar jobs.                         ++
 +++++++++++++++++++++++++++++++++++++++++++++++++++++++++++++++++++++++++++
 
*****************************************************************************


*****************************************************************************
*                                                                           *
*                    JOB EFFICIENCY REPORT (seff 10925260)                   *
*                                                                           *
*****************************************************************************

Job ID: 10925260
Cluster: finisterrae3
User/Group: curso341/ulc
State: COMPLETED (exit code 0)
Nodes: 7
Cores per node: 64
CPU Utilized: 01:07:29
CPU Efficiency: 10.04% of 11:12:00 core-walltime
Job Wall-clock time: 00:01:30
Memory Utilized: 1.86 GB
Memory Efficiency: 0.12% of 1.48 TB

 +++++++++++++++++++++++++++++++++++++++++++++++++++++++++++++++++++++++++++
 ++   Memory Efficiency is too small. Please review the requested memory. ++
 ++ It seems that you do not need that much memory so we recommend        ++
 ++ requesting less memory in other similar jobs.                         ++
 +++++++++++++++++++++++++++++++++++++++++++++++++++++++++++++++++++++++++++
 
*****************************************************************************


*****************************************************************************
*                                                                           *
*                    JOB EFFICIENCY REPORT (seff 10925260)                   *
*                                                                           *
*****************************************************************************

Job ID: 10925260
Cluster: finisterrae3
User/Group: curso341/ulc
State: COMPLETED (exit code 0)
Nodes: 7
Cores per node: 64
CPU Utilized: 01:07:29
CPU Efficiency: 10.04% of 11:12:00 core-walltime
Job Wall-clock time: 00:01:30
Memory Utilized: 1.86 GB
Memory Efficiency: 0.12% of 1.48 TB

 +++++++++++++++++++++++++++++++++++++++++++++++++++++++++++++++++++++++++++
 ++   Memory Efficiency is too small. Please review the requested memory. ++
 ++ It seems that you do not need that much memory so we recommend        ++
 ++ requesting less memory in other similar jobs.                         ++
 +++++++++++++++++++++++++++++++++++++++++++++++++++++++++++++++++++++++++++
 
*****************************************************************************


*****************************************************************************
*                                                                           *
*                    JOB EFFICIENCY REPORT (seff 10925260)                   *
*                                                                           *
*****************************************************************************

Job ID: 10925260
Cluster: finisterrae3
User/Group: curso341/ulc
State: COMPLETED (exit code 0)
Nodes: 7
Cores per node: 64
CPU Utilized: 01:07:29
CPU Efficiency: 10.04% of 11:12:00 core-walltime
Job Wall-clock time: 00:01:30
Memory Utilized: 1.86 GB
Memory Efficiency: 0.12% of 1.48 TB

 +++++++++++++++++++++++++++++++++++++++++++++++++++++++++++++++++++++++++++
 ++   Memory Efficiency is too small. Please review the requested memory. ++
 ++ It seems that you do not need that much memory so we recommend        ++
 ++ requesting less memory in other similar jobs.                         ++
 +++++++++++++++++++++++++++++++++++++++++++++++++++++++++++++++++++++++++++
 
*****************************************************************************


*****************************************************************************
*                                                                           *
*                    JOB EFFICIENCY REPORT (seff 10925260)                   *
*                                                                           *
*****************************************************************************

Job ID: 10925260
Cluster: finisterrae3
User/Group: curso341/ulc
State: COMPLETED (exit code 0)
Nodes: 7
Cores per node: 64
CPU Utilized: 01:07:29
CPU Efficiency: 10.04% of 11:12:00 core-walltime
Job Wall-clock time: 00:01:30
Memory Utilized: 1.86 GB
Memory Efficiency: 0.12% of 1.48 TB

 +++++++++++++++++++++++++++++++++++++++++++++++++++++++++++++++++++++++++++
 ++   Memory Efficiency is too small. Please review the requested memory. ++
 ++ It seems that you do not need that much memory so we recommend        ++
 ++ requesting less memory in other similar jobs.                         ++
 +++++++++++++++++++++++++++++++++++++++++++++++++++++++++++++++++++++++++++
 
*****************************************************************************


*****************************************************************************
*                                                                           *
*                    JOB EFFICIENCY REPORT (seff 10925260)                   *
*                                                                           *
*****************************************************************************

Job ID: 10925260
Cluster: finisterrae3
User/Group: curso341/ulc
State: COMPLETED (exit code 0)
Nodes: 7
Cores per node: 64
CPU Utilized: 01:10:17
CPU Efficiency: 10.46% of 11:12:00 core-walltime
Job Wall-clock time: 00:01:30
Memory Utilized: 4.53 GB
Memory Efficiency: 0.30% of 1.48 TB

 +++++++++++++++++++++++++++++++++++++++++++++++++++++++++++++++++++++++++++
 ++   Memory Efficiency is too small. Please review the requested memory. ++
 ++ It seems that you do not need that much memory so we recommend        ++
 ++ requesting less memory in other similar jobs.                         ++
 +++++++++++++++++++++++++++++++++++++++++++++++++++++++++++++++++++++++++++
 
*****************************************************************************


*****************************************************************************
*                                                                           *
*                    JOB EFFICIENCY REPORT (seff 10925260)                   *
*                                                                           *
*****************************************************************************

Job ID: 10925260
Cluster: finisterrae3
User/Group: curso341/ulc
State: COMPLETED (exit code 0)
Nodes: 7
Cores per node: 64
CPU Utilized: 01:10:49
CPU Efficiency: 10.54% of 11:12:00 core-walltime
Job Wall-clock time: 00:01:30
Memory Utilized: 4.53 GB
Memory Efficiency: 0.30% of 1.48 TB

 +++++++++++++++++++++++++++++++++++++++++++++++++++++++++++++++++++++++++++
 ++   Memory Efficiency is too small. Please review the requested memory. ++
 ++ It seems that you do not need that much memory so we recommend        ++
 ++ requesting less memory in other similar jobs.                         ++
 +++++++++++++++++++++++++++++++++++++++++++++++++++++++++++++++++++++++++++
 
*****************************************************************************

