slurmstepd: info: Setting TMPDIR to /scratch/10934001. Previous errors about TMPDIR can be discarded
Slurm job started at 10/03/2025_11:40:23 PM

In transit.
Initing Ray (1 head node + 4 worker nodes + 4 simulation nodes) on nodes: 
	ilk-120 ilk-121 ilk-122 ilk-123 ilk-127 ilk-131 ilk-133 ilk-134 ilk-135
Head node: 172.30.203.24:6379


RAY_DEPLOY_TIME:     24.56896
2025-03-10 23:40:50,889	INFO packaging.py:520 -- Creating a file package for local directory '/mnt/lustre/scratch/nlsas/home/ulc/cursos/curso341/dask_on_reisa_tests/E5/DASK_ON_REISA_ONE_ACTOR/derivative/P8-SN4-LS536-GS4294-I10-AN4-D2025-03-10_22-50-23'.
2025-03-10 23:40:50,915	INFO packaging.py:347 -- Pushing file package 'gcs://_ray_pkg_a95d0c277d938e2c.zip' (0.48MiB) to Ray cluster...
2025-03-10 23:40:50,922	INFO packaging.py:360 -- Successfully pushed file package 'gcs://_ray_pkg_a95d0c277d938e2c.zip'.
RAY_INIT_TIME:       3.78838
Iter [0]
Iter [1]
Iter [2]
Iter [3]
Iter [4]
Iter [5]
Iter [6]
Iter [7]
Iter [8]
Iter [9]
GLOBAL_PUT_TIME:     8.679718732833862 (avg:0.86797)
ACTOR_CONCURRENCY:   8
SIMULATION_TIME:     70.925851000999998 (avg: 7.092585100100000)
SIM_WTHOUT_PDI:      47.981581491000000 (avg: 4.798158149100000)
PDI_DELAY:           22.944269509999998 (avg: 2.294426951000000)

GLOBAL_SIZE_(GiB):   4194304
LOCAL_SIZE_(MiB):    512
ITERATIONS:          10

MPI_PER_NODE:        2
MPI_PARALLELISM:     8

WORKER_NODES:        4
CPUS_PER_WORKER:     64
WORKER_PARALLELISM:  256


SLURM_JOB_ID:        10934001
srun: Job step aborted: Waiting up to 32 seconds for job step to finish.
slurmstepd: error: *** STEP 10934001.10 ON ilk-121 CANCELLED AT 2025-03-11T00:09:37 DUE TO TIME LIMIT ***
slurmstepd: error: *** JOB 10934001 ON ilk-120 CANCELLED AT 2025-03-11T00:09:37 DUE TO TIME LIMIT ***
