slurmstepd: info: Setting TMPDIR to /scratch/10933992. Previous errors about TMPDIR can be discarded
Slurm job started at 11/03/2025_02:08:48 AM

In transit.
Initing Ray (1 head node + 2 worker nodes + 4 simulation nodes) on nodes: 
	ilk-133 ilk-134 ilk-135 ilk-138 ilk-145 ilk-146 ilk-147
Head node: 172.30.203.37:6379


RAY_DEPLOY_TIME:     23.88068
2025-03-11 02:09:16,269	INFO packaging.py:520 -- Creating a file package for local directory '/mnt/lustre/scratch/nlsas/home/ulc/cursos/curso341/dask_on_reisa_tests/E5/DASK_ON_REISA/reduction/P128-SN4-LS1-GS134-I20-AN2-D2025-03-10_22-50-01'.
2025-03-11 02:09:16,295	INFO packaging.py:347 -- Pushing file package 'gcs://_ray_pkg_3f7ff02238bbed4e.zip' (0.48MiB) to Ray cluster...
2025-03-11 02:09:16,301	INFO packaging.py:360 -- Successfully pushed file package 'gcs://_ray_pkg_3f7ff02238bbed4e.zip'.
RAY_INIT_TIME:       4.89571
Iter [0]
Iter [2]
Iter [4]
Iter [6]
[2m[36m(iter_task pid=1179322, ip=10.120.203.38)[0m /home/ulc/cursos/curso341/.local/lib/python3.9/site-packages/dask/config.py:693: UserWarning: Configuration key "shuffle" has been deprecated. Please use "dataframe.shuffle.algorithm" instead
[2m[36m(iter_task pid=1179322, ip=10.120.203.38)[0m   warnings.warn(
[2m[36m(iter_task pid=1179323, ip=10.120.203.38)[0m /home/ulc/cursos/curso341/.local/lib/python3.9/site-packages/dask/config.py:693: UserWarning: Configuration key "shuffle" has been deprecated. Please use "dataframe.shuffle.algorithm" instead
[2m[36m(iter_task pid=1179323, ip=10.120.203.38)[0m   warnings.warn(
Iter [8]
[2m[36m(iter_task pid=3651563, ip=10.120.203.39)[0m /home/ulc/cursos/curso341/.local/lib/python3.9/site-packages/dask/config.py:693: UserWarning: Configuration key "shuffle" has been deprecated. Please use "dataframe.shuffle.algorithm" instead
[2m[36m(iter_task pid=3651563, ip=10.120.203.39)[0m   warnings.warn(
[2m[36m(iter_task pid=3651564, ip=10.120.203.39)[0m /home/ulc/cursos/curso341/.local/lib/python3.9/site-packages/dask/config.py:693: UserWarning: Configuration key "shuffle" has been deprecated. Please use "dataframe.shuffle.algorithm" instead
[2m[36m(iter_task pid=3651564, ip=10.120.203.39)[0m   warnings.warn(
Iter [10]
Iter [12]
Iter [14]
Iter [16]
Iter [18]
GLOBAL_PUT_TIME:     0.06970858573913574 (avg:0.00349)
ACTOR_CONCURRENCY:   8
SIMULATION_TIME:     13.705141632000000 (avg: 0.685257081600000)
SIM_WTHOUT_PDI:      5.780154913000003 (avg: 0.289007745650000)
PDI_DELAY:           7.924986718999997 (avg: 0.396249335950000)

GLOBAL_SIZE_(GiB):   131072
LOCAL_SIZE_(MiB):    1
ITERATIONS:          20

MPI_PER_NODE:        32
MPI_PARALLELISM:     128

WORKER_NODES:        2
CPUS_PER_WORKER:     64
WORKER_PARALLELISM:  128


SLURM_JOB_ID:        10933992
[2m[36m(iter_task pid=1179323, ip=10.120.203.38)[0m /home/ulc/cursos/curso341/.local/lib/python3.9/site-packages/dask/config.py:693: UserWarning: Configuration key "shuffle" has been deprecated. Please use "dataframe.shuffle.algorithm" instead
[2m[36m(iter_task pid=1179323, ip=10.120.203.38)[0m   warnings.warn(
[2m[36m(iter_task pid=1205610, ip=10.120.203.38)[0m /home/ulc/cursos/curso341/.local/lib/python3.9/site-packages/dask/config.py:693: UserWarning: Configuration key "shuffle" has been deprecated. Please use "dataframe.shuffle.algorithm" instead
[2m[36m(iter_task pid=1205610, ip=10.120.203.38)[0m   warnings.warn(
[2m[36m(iter_task pid=3651563, ip=10.120.203.39)[0m /home/ulc/cursos/curso341/.local/lib/python3.9/site-packages/dask/config.py:693: UserWarning: Configuration key "shuffle" has been deprecated. Please use "dataframe.shuffle.algorithm" instead
[2m[36m(iter_task pid=3651563, ip=10.120.203.39)[0m   warnings.warn(
[2m[36m(iter_task pid=3651564, ip=10.120.203.39)[0m /home/ulc/cursos/curso341/.local/lib/python3.9/site-packages/dask/config.py:693: UserWarning: Configuration key "shuffle" has been deprecated. Please use "dataframe.shuffle.algorithm" instead
[2m[36m(iter_task pid=3651564, ip=10.120.203.39)[0m   warnings.warn(
[2m[36m(iter_task pid=1179323, ip=10.120.203.38)[0m /home/ulc/cursos/curso341/.local/lib/python3.9/site-packages/dask/config.py:693: UserWarning: Configuration key "shuffle" has been deprecated. Please use "dataframe.shuffle.algorithm" instead
[2m[36m(iter_task pid=1179323, ip=10.120.203.38)[0m   warnings.warn(
[2m[36m(iter_task pid=3651563, ip=10.120.203.39)[0m /home/ulc/cursos/curso341/.local/lib/python3.9/site-packages/dask/config.py:693: UserWarning: Configuration key "shuffle" has been deprecated. Please use "dataframe.shuffle.algorithm" instead
[2m[36m(iter_task pid=3651563, ip=10.120.203.39)[0m   warnings.warn(
[2m[36m(iter_task pid=3651564, ip=10.120.203.39)[0m /home/ulc/cursos/curso341/.local/lib/python3.9/site-packages/dask/config.py:693: UserWarning: Configuration key "shuffle" has been deprecated. Please use "dataframe.shuffle.algorithm" instead
[2m[36m(iter_task pid=3651564, ip=10.120.203.39)[0m   warnings.warn(
[2m[36m(iter_task pid=1205610, ip=10.120.203.38)[0m /home/ulc/cursos/curso341/.local/lib/python3.9/site-packages/dask/config.py:693: UserWarning: Configuration key "shuffle" has been deprecated. Please use "dataframe.shuffle.algorithm" instead
[2m[36m(iter_task pid=1205610, ip=10.120.203.38)[0m   warnings.warn(
[2m[36m(iter_task pid=1179323, ip=10.120.203.38)[0m /home/ulc/cursos/curso341/.local/lib/python3.9/site-packages/dask/config.py:693: UserWarning: Configuration key "shuffle" has been deprecated. Please use "dataframe.shuffle.algorithm" instead
[2m[36m(iter_task pid=1179323, ip=10.120.203.38)[0m   warnings.warn(
[2m[36m(iter_task pid=1205610, ip=10.120.203.38)[0m /home/ulc/cursos/curso341/.local/lib/python3.9/site-packages/dask/config.py:693: UserWarning: Configuration key "shuffle" has been deprecated. Please use "dataframe.shuffle.algorithm" instead
[2m[36m(iter_task pid=1205610, ip=10.120.203.38)[0m   warnings.warn(
[2m[36m(iter_task pid=1179323, ip=10.120.203.38)[0m /home/ulc/cursos/curso341/.local/lib/python3.9/site-packages/dask/config.py:693: UserWarning: Configuration key "shuffle" has been deprecated. Please use "dataframe.shuffle.algorithm" instead
[2m[36m(iter_task pid=1179323, ip=10.120.203.38)[0m   warnings.warn(
[2m[36m(iter_task pid=3651563, ip=10.120.203.39)[0m /home/ulc/cursos/curso341/.local/lib/python3.9/site-packages/dask/config.py:693: UserWarning: Configuration key "shuffle" has been deprecated. Please use "dataframe.shuffle.algorithm" instead
[2m[36m(iter_task pid=3651563, ip=10.120.203.39)[0m   warnings.warn(
[2m[36m(iter_task pid=3651564, ip=10.120.203.39)[0m /home/ulc/cursos/curso341/.local/lib/python3.9/site-packages/dask/config.py:693: UserWarning: Configuration key "shuffle" has been deprecated. Please use "dataframe.shuffle.algorithm" instead
[2m[36m(iter_task pid=3651564, ip=10.120.203.39)[0m   warnings.warn(
[2m[36m(iter_task pid=1205610, ip=10.120.203.38)[0m /home/ulc/cursos/curso341/.local/lib/python3.9/site-packages/dask/config.py:693: UserWarning: Configuration key "shuffle" has been deprecated. Please use "dataframe.shuffle.algorithm" instead
[2m[36m(iter_task pid=1205610, ip=10.120.203.38)[0m   warnings.warn(
[2m[36m(iter_task pid=3651564, ip=10.120.203.39)[0m /home/ulc/cursos/curso341/.local/lib/python3.9/site-packages/dask/config.py:693: UserWarning: Configuration key "shuffle" has been deprecated. Please use "dataframe.shuffle.algorithm" instead
[2m[36m(iter_task pid=3651564, ip=10.120.203.39)[0m   warnings.warn(
[2m[36m(iter_task pid=3651563, ip=10.120.203.39)[0m /home/ulc/cursos/curso341/.local/lib/python3.9/site-packages/dask/config.py:693: UserWarning: Configuration key "shuffle" has been deprecated. Please use "dataframe.shuffle.algorithm" instead
[2m[36m(iter_task pid=3651563, ip=10.120.203.39)[0m   warnings.warn(
EST_ANALYTICS_TIME:  72.61928 (avg:3.63096)

Slurm job finished at 11/03/2025_02:10:34 AM

*****************************************************************************
*                                                                           *
*                    JOB EFFICIENCY REPORT (seff 10933992)                   *
*                                                                           *
*****************************************************************************

Job ID: 10933992
Cluster: finisterrae3
User/Group: curso341/ulc
State: COMPLETED (exit code 0)
Nodes: 7
Cores per node: 64
CPU Utilized: 00:22:04
CPU Efficiency: 2.76% of 13:18:56 core-walltime
Job Wall-clock time: 00:01:47
Memory Utilized: 727.22 MB
Memory Efficiency: 0.05% of 1.48 TB

 +++++++++++++++++++++++++++++++++++++++++++++++++++++++++++++++++++++++++++
 ++   Memory Efficiency is too small. Please review the requested memory. ++
 ++ It seems that you do not need that much memory so we recommend        ++
 ++ requesting less memory in other similar jobs.                         ++
 +++++++++++++++++++++++++++++++++++++++++++++++++++++++++++++++++++++++++++
 
*****************************************************************************


*****************************************************************************
*                                                                           *
*                    JOB EFFICIENCY REPORT (seff 10933992)                   *
*                                                                           *
*****************************************************************************

Job ID: 10933992
Cluster: finisterrae3
User/Group: curso341/ulc
State: COMPLETED (exit code 0)
Nodes: 7
Cores per node: 64
CPU Utilized: 01:05:00
CPU Efficiency: 8.14% of 13:18:56 core-walltime
Job Wall-clock time: 00:01:47
Memory Utilized: 7.50 GB
Memory Efficiency: 0.49% of 1.48 TB

 +++++++++++++++++++++++++++++++++++++++++++++++++++++++++++++++++++++++++++
 ++   Memory Efficiency is too small. Please review the requested memory. ++
 ++ It seems that you do not need that much memory so we recommend        ++
 ++ requesting less memory in other similar jobs.                         ++
 +++++++++++++++++++++++++++++++++++++++++++++++++++++++++++++++++++++++++++
 
*****************************************************************************


*****************************************************************************
*                                                                           *
*                    JOB EFFICIENCY REPORT (seff 10933992)                   *
*                                                                           *
*****************************************************************************

Job ID: 10933992
Cluster: finisterrae3
User/Group: curso341/ulc
State: COMPLETED (exit code 0)
Nodes: 7
Cores per node: 64
CPU Utilized: 01:05:00
CPU Efficiency: 8.14% of 13:18:56 core-walltime
Job Wall-clock time: 00:01:47
Memory Utilized: 7.50 GB
Memory Efficiency: 0.49% of 1.48 TB

 +++++++++++++++++++++++++++++++++++++++++++++++++++++++++++++++++++++++++++
 ++   Memory Efficiency is too small. Please review the requested memory. ++
 ++ It seems that you do not need that much memory so we recommend        ++
 ++ requesting less memory in other similar jobs.                         ++
 +++++++++++++++++++++++++++++++++++++++++++++++++++++++++++++++++++++++++++
 
*****************************************************************************


*****************************************************************************
*                                                                           *
*                    JOB EFFICIENCY REPORT (seff 10933992)                   *
*                                                                           *
*****************************************************************************

Job ID: 10933992
Cluster: finisterrae3
User/Group: curso341/ulc
State: COMPLETED (exit code 0)
Nodes: 7
Cores per node: 64
CPU Utilized: 01:05:00
CPU Efficiency: 8.14% of 13:18:56 core-walltime
Job Wall-clock time: 00:01:47
Memory Utilized: 7.50 GB
Memory Efficiency: 0.49% of 1.48 TB

 +++++++++++++++++++++++++++++++++++++++++++++++++++++++++++++++++++++++++++
 ++   Memory Efficiency is too small. Please review the requested memory. ++
 ++ It seems that you do not need that much memory so we recommend        ++
 ++ requesting less memory in other similar jobs.                         ++
 +++++++++++++++++++++++++++++++++++++++++++++++++++++++++++++++++++++++++++
 
*****************************************************************************


*****************************************************************************
*                                                                           *
*                    JOB EFFICIENCY REPORT (seff 10933992)                   *
*                                                                           *
*****************************************************************************

Job ID: 10933992
Cluster: finisterrae3
User/Group: curso341/ulc
State: COMPLETED (exit code 0)
Nodes: 7
Cores per node: 64
CPU Utilized: 01:05:00
CPU Efficiency: 8.14% of 13:18:56 core-walltime
Job Wall-clock time: 00:01:47
Memory Utilized: 7.50 GB
Memory Efficiency: 0.49% of 1.48 TB

 +++++++++++++++++++++++++++++++++++++++++++++++++++++++++++++++++++++++++++
 ++   Memory Efficiency is too small. Please review the requested memory. ++
 ++ It seems that you do not need that much memory so we recommend        ++
 ++ requesting less memory in other similar jobs.                         ++
 +++++++++++++++++++++++++++++++++++++++++++++++++++++++++++++++++++++++++++
 
*****************************************************************************


*****************************************************************************
*                                                                           *
*                    JOB EFFICIENCY REPORT (seff 10933992)                   *
*                                                                           *
*****************************************************************************

Job ID: 10933992
Cluster: finisterrae3
User/Group: curso341/ulc
State: COMPLETED (exit code 0)
Nodes: 7
Cores per node: 64
CPU Utilized: 01:08:45
CPU Efficiency: 8.61% of 13:18:56 core-walltime
Job Wall-clock time: 00:01:47
Memory Utilized: 7.50 GB
Memory Efficiency: 0.49% of 1.48 TB

 +++++++++++++++++++++++++++++++++++++++++++++++++++++++++++++++++++++++++++
 ++   Memory Efficiency is too small. Please review the requested memory. ++
 ++ It seems that you do not need that much memory so we recommend        ++
 ++ requesting less memory in other similar jobs.                         ++
 +++++++++++++++++++++++++++++++++++++++++++++++++++++++++++++++++++++++++++
 
*****************************************************************************


*****************************************************************************
*                                                                           *
*                    JOB EFFICIENCY REPORT (seff 10933992)                   *
*                                                                           *
*****************************************************************************

Job ID: 10933992
Cluster: finisterrae3
User/Group: curso341/ulc
State: COMPLETED (exit code 0)
Nodes: 7
Cores per node: 64
CPU Utilized: 01:54:28
CPU Efficiency: 14.33% of 13:18:56 core-walltime
Job Wall-clock time: 00:01:47
Memory Utilized: 7.50 GB
Memory Efficiency: 0.49% of 1.48 TB

 +++++++++++++++++++++++++++++++++++++++++++++++++++++++++++++++++++++++++++
 ++   Memory Efficiency is too small. Please review the requested memory. ++
 ++ It seems that you do not need that much memory so we recommend        ++
 ++ requesting less memory in other similar jobs.                         ++
 +++++++++++++++++++++++++++++++++++++++++++++++++++++++++++++++++++++++++++
 
*****************************************************************************

