slurmstepd: info: Setting TMPDIR to /scratch/10899129. Previous errors about TMPDIR can be discarded
Slurm job started at 07/03/2025_11:31:42 AM

In transit.
Initing Ray (1 head node + 2 worker nodes + 4 simulation nodes) on nodes: 
	ilk-242 ilk-243 ilk-245 ilk-246 ilk-247 ilk-248 ilk-249
Head node: 172.30.211.15:6379


RAY_DEPLOY_TIME:     24.59015
2025-03-07 11:32:11,466	INFO packaging.py:520 -- Creating a file package for local directory '/mnt/lustre/scratch/nlsas/home/ulc/cursos/curso341/dask_on_reisa_tests/E1/DASK_ON_REISA/derivative/P128-SN4-LS1-GS134-I10-AN2-D2025-03-07_09-35-25'.
2025-03-07 11:32:11,492	INFO packaging.py:347 -- Pushing file package 'gcs://_ray_pkg_1422565a1f1b47ce.zip' (0.48MiB) to Ray cluster...
2025-03-07 11:32:11,498	INFO packaging.py:360 -- Successfully pushed file package 'gcs://_ray_pkg_1422565a1f1b47ce.zip'.
RAY_INIT_TIME:       4.41634
Iter [0]
Iter [1]
Iter [2]
Iter [3]
Iter [4]
Iter [5]
Iter [6]
[2m[36m(iter_task pid=1216001, ip=10.120.211.16)[0m /home/ulc/cursos/curso341/.local/lib/python3.9/site-packages/dask/config.py:693: UserWarning: Configuration key "shuffle" has been deprecated. Please use "dataframe.shuffle.algorithm" instead
[2m[36m(iter_task pid=1216001, ip=10.120.211.16)[0m   warnings.warn(
[2m[36m(iter_task pid=1216000, ip=10.120.211.16)[0m /home/ulc/cursos/curso341/.local/lib/python3.9/site-packages/dask/config.py:693: UserWarning: Configuration key "shuffle" has been deprecated. Please use "dataframe.shuffle.algorithm" instead
[2m[36m(iter_task pid=1216000, ip=10.120.211.16)[0m   warnings.warn(
Iter [7]
[2m[36m(iter_task pid=687648, ip=10.120.211.18)[0m /home/ulc/cursos/curso341/.local/lib/python3.9/site-packages/dask/config.py:693: UserWarning: Configuration key "shuffle" has been deprecated. Please use "dataframe.shuffle.algorithm" instead
[2m[36m(iter_task pid=687648, ip=10.120.211.18)[0m   warnings.warn(
[2m[36m(iter_task pid=687649, ip=10.120.211.18)[0m /home/ulc/cursos/curso341/.local/lib/python3.9/site-packages/dask/config.py:693: UserWarning: Configuration key "shuffle" has been deprecated. Please use "dataframe.shuffle.algorithm" instead
[2m[36m(iter_task pid=687649, ip=10.120.211.18)[0m   warnings.warn(
Iter [8]
Iter [9]
GLOBAL_PUT_TIME:     0.029515504837036133 (avg:0.00295)
ACTOR_CONCURRENCY:   8
SIMULATION_TIME:     7.141032662000001 (avg: 0.714103266200000)
SIM_WTHOUT_PDI:      2.456972103999999 (avg: 0.245697210400000)
PDI_DELAY:           4.684060558000001 (avg: 0.468406055800000)

GLOBAL_SIZE_(GiB):   131072
LOCAL_SIZE_(MiB):    1
ITERATIONS:          10

MPI_PER_NODE:        32
MPI_PARALLELISM:     128

WORKER_NODES:        2
CPUS_PER_WORKER:     64
WORKER_PARALLELISM:  128


SLURM_JOB_ID:        10899129
[2m[36m(iter_task pid=687648, ip=10.120.211.18)[0m /home/ulc/cursos/curso341/.local/lib/python3.9/site-packages/dask/config.py:693: UserWarning: Configuration key "shuffle" has been deprecated. Please use "dataframe.shuffle.algorithm" instead
[2m[36m(iter_task pid=687648, ip=10.120.211.18)[0m   warnings.warn(
[2m[36m(iter_task pid=687649, ip=10.120.211.18)[0m /home/ulc/cursos/curso341/.local/lib/python3.9/site-packages/dask/config.py:693: UserWarning: Configuration key "shuffle" has been deprecated. Please use "dataframe.shuffle.algorithm" instead
[2m[36m(iter_task pid=687649, ip=10.120.211.18)[0m   warnings.warn(
EST_ANALYTICS_TIME:  29.22757 (avg:2.92276)

Slurm job finished at 07/03/2025_11:32:43 AM

*****************************************************************************
*                                                                           *
*                    JOB EFFICIENCY REPORT (seff 10899129)                   *
*                                                                           *
*****************************************************************************

Job ID: 10899129
Cluster: finisterrae3
User/Group: curso341/ulc
State: COMPLETED (exit code 0)
Nodes: 7
Cores per node: 64
CPU Utilized: 00:14:25
CPU Efficiency: 3.06% of 07:50:24 core-walltime
Job Wall-clock time: 00:01:03
Memory Utilized: 422.38 MB
Memory Efficiency: 0.03% of 1.48 TB

 +++++++++++++++++++++++++++++++++++++++++++++++++++++++++++++++++++++++++++
 ++   Memory Efficiency is too small. Please review the requested memory. ++
 ++ It seems that you do not need that much memory so we recommend        ++
 ++ requesting less memory in other similar jobs.                         ++
 +++++++++++++++++++++++++++++++++++++++++++++++++++++++++++++++++++++++++++
 
*****************************************************************************


*****************************************************************************
*                                                                           *
*                    JOB EFFICIENCY REPORT (seff 10899129)                   *
*                                                                           *
*****************************************************************************

Job ID: 10899129
Cluster: finisterrae3
User/Group: curso341/ulc
State: COMPLETED (exit code 0)
Nodes: 7
Cores per node: 64
CPU Utilized: 00:14:25
CPU Efficiency: 3.06% of 07:50:24 core-walltime
Job Wall-clock time: 00:01:03
Memory Utilized: 422.38 MB
Memory Efficiency: 0.03% of 1.48 TB

 +++++++++++++++++++++++++++++++++++++++++++++++++++++++++++++++++++++++++++
 ++   Memory Efficiency is too small. Please review the requested memory. ++
 ++ It seems that you do not need that much memory so we recommend        ++
 ++ requesting less memory in other similar jobs.                         ++
 +++++++++++++++++++++++++++++++++++++++++++++++++++++++++++++++++++++++++++
 
*****************************************************************************


*****************************************************************************
*                                                                           *
*                    JOB EFFICIENCY REPORT (seff 10899129)                   *
*                                                                           *
*****************************************************************************

Job ID: 10899129
Cluster: finisterrae3
User/Group: curso341/ulc
State: COMPLETED (exit code 0)
Nodes: 7
Cores per node: 64
CPU Utilized: 00:14:25
CPU Efficiency: 3.06% of 07:50:24 core-walltime
Job Wall-clock time: 00:01:03
Memory Utilized: 422.38 MB
Memory Efficiency: 0.03% of 1.48 TB

 +++++++++++++++++++++++++++++++++++++++++++++++++++++++++++++++++++++++++++
 ++   Memory Efficiency is too small. Please review the requested memory. ++
 ++ It seems that you do not need that much memory so we recommend        ++
 ++ requesting less memory in other similar jobs.                         ++
 +++++++++++++++++++++++++++++++++++++++++++++++++++++++++++++++++++++++++++
 
*****************************************************************************


*****************************************************************************
*                                                                           *
*                    JOB EFFICIENCY REPORT (seff 10899129)                   *
*                                                                           *
*****************************************************************************

Job ID: 10899129
Cluster: finisterrae3
User/Group: curso341/ulc
State: COMPLETED (exit code 0)
Nodes: 7
Cores per node: 64
CPU Utilized: 00:14:25
CPU Efficiency: 3.06% of 07:50:24 core-walltime
Job Wall-clock time: 00:01:03
Memory Utilized: 422.38 MB
Memory Efficiency: 0.03% of 1.48 TB

 +++++++++++++++++++++++++++++++++++++++++++++++++++++++++++++++++++++++++++
 ++   Memory Efficiency is too small. Please review the requested memory. ++
 ++ It seems that you do not need that much memory so we recommend        ++
 ++ requesting less memory in other similar jobs.                         ++
 +++++++++++++++++++++++++++++++++++++++++++++++++++++++++++++++++++++++++++
 
*****************************************************************************


*****************************************************************************
*                                                                           *
*                    JOB EFFICIENCY REPORT (seff 10899129)                   *
*                                                                           *
*****************************************************************************

Job ID: 10899129
Cluster: finisterrae3
User/Group: curso341/ulc
State: COMPLETED (exit code 0)
Nodes: 7
Cores per node: 64
CPU Utilized: 00:45:30
CPU Efficiency: 9.67% of 07:50:24 core-walltime
Job Wall-clock time: 00:01:03
Memory Utilized: 6.69 GB
Memory Efficiency: 0.44% of 1.48 TB

 +++++++++++++++++++++++++++++++++++++++++++++++++++++++++++++++++++++++++++
 ++   Memory Efficiency is too small. Please review the requested memory. ++
 ++ It seems that you do not need that much memory so we recommend        ++
 ++ requesting less memory in other similar jobs.                         ++
 +++++++++++++++++++++++++++++++++++++++++++++++++++++++++++++++++++++++++++
 
*****************************************************************************


*****************************************************************************
*                                                                           *
*                    JOB EFFICIENCY REPORT (seff 10899129)                   *
*                                                                           *
*****************************************************************************

Job ID: 10899129
Cluster: finisterrae3
User/Group: curso341/ulc
State: COMPLETED (exit code 0)
Nodes: 7
Cores per node: 64
CPU Utilized: 00:45:30
CPU Efficiency: 9.67% of 07:50:24 core-walltime
Job Wall-clock time: 00:01:03
Memory Utilized: 6.69 GB
Memory Efficiency: 0.44% of 1.48 TB

 +++++++++++++++++++++++++++++++++++++++++++++++++++++++++++++++++++++++++++
 ++   Memory Efficiency is too small. Please review the requested memory. ++
 ++ It seems that you do not need that much memory so we recommend        ++
 ++ requesting less memory in other similar jobs.                         ++
 +++++++++++++++++++++++++++++++++++++++++++++++++++++++++++++++++++++++++++
 
*****************************************************************************


*****************************************************************************
*                                                                           *
*                    JOB EFFICIENCY REPORT (seff 10899129)                   *
*                                                                           *
*****************************************************************************

Job ID: 10899129
Cluster: finisterrae3
User/Group: curso341/ulc
State: COMPLETED (exit code 0)
Nodes: 7
Cores per node: 64
CPU Utilized: 00:47:41
CPU Efficiency: 10.14% of 07:50:24 core-walltime
Job Wall-clock time: 00:01:03
Memory Utilized: 6.69 GB
Memory Efficiency: 0.44% of 1.48 TB

 +++++++++++++++++++++++++++++++++++++++++++++++++++++++++++++++++++++++++++
 ++   Memory Efficiency is too small. Please review the requested memory. ++
 ++ It seems that you do not need that much memory so we recommend        ++
 ++ requesting less memory in other similar jobs.                         ++
 +++++++++++++++++++++++++++++++++++++++++++++++++++++++++++++++++++++++++++
 
*****************************************************************************

