slurmstepd: info: Setting TMPDIR to /scratch/10895207. Previous errors about TMPDIR can be discarded
Slurm job started at 07/03/2025_01:19:06 AM

In transit.
Initing Ray (1 head node + 2 worker nodes + 4 simulation nodes) on nodes: 
	ilk-56 ilk-83 ilk-160 ilk-164 ilk-173 ilk-230 ilk-238
Head node: 172.30.202.8:6379


RAY_DEPLOY_TIME:     23.52233
2025-03-07 01:19:31,860	INFO packaging.py:520 -- Creating a file package for local directory '/mnt/lustre/scratch/nlsas/home/ulc/cursos/curso341/dask_on_reisa_tests/E1/REISA/derivative/P128-SN4-LS134-GS17179-I10-AN2-D2025-03-06_23-15-34'.
2025-03-07 01:19:31,889	INFO packaging.py:347 -- Pushing file package 'gcs://_ray_pkg_10b180243a8342a1.zip' (0.48MiB) to Ray cluster...
2025-03-07 01:19:31,895	INFO packaging.py:360 -- Successfully pushed file package 'gcs://_ray_pkg_10b180243a8342a1.zip'.
RAY_INIT_TIME:       5.14874
Iter [0]
Iter [1]
Iter [2]
Iter [3]
Iter [4]
Iter [5]
Iter [6]
Iter [7]
Iter [8]
Iter [9]
GLOBAL_PUT_TIME:     8.337757349014282 (avg:0.83378)
ACTOR_CONCURRENCY:   8
SIMULATION_TIME:     29.517956001999998 (avg: 2.951795600200000)
SIM_WTHOUT_PDI:      16.583913181000003 (avg: 1.658391318100000)
PDI_DELAY:           12.934042820999995 (avg: 1.293404282100000)

GLOBAL_SIZE_(GiB):   16777216
LOCAL_SIZE_(MiB):    128
ITERATIONS:          10

MPI_PER_NODE:        32
MPI_PARALLELISM:     128

WORKER_NODES:        2
CPUS_PER_WORKER:     64
WORKER_PARALLELISM:  128


SLURM_JOB_ID:        10895207
EST_ANALYTICS_TIME:  104.14326 (avg:10.41433)

Slurm job finished at 07/03/2025_01:21:19 AM

*****************************************************************************
*                                                                           *
*                    JOB EFFICIENCY REPORT (seff 10895207)                   *
*                                                                           *
*****************************************************************************

Job ID: 10895207
Cluster: finisterrae3
User/Group: curso341/ulc
State: COMPLETED (exit code 0)
Nodes: 7
Cores per node: 64
CPU Utilized: 01:02:48
CPU Efficiency: 6.18% of 16:55:28 core-walltime
Job Wall-clock time: 00:02:16
Memory Utilized: 667.52 MB
Memory Efficiency: 0.04% of 1.48 TB

 +++++++++++++++++++++++++++++++++++++++++++++++++++++++++++++++++++++++++++
 ++   Memory Efficiency is too small. Please review the requested memory. ++
 ++ It seems that you do not need that much memory so we recommend        ++
 ++ requesting less memory in other similar jobs.                         ++
 +++++++++++++++++++++++++++++++++++++++++++++++++++++++++++++++++++++++++++
 
*****************************************************************************


*****************************************************************************
*                                                                           *
*                    JOB EFFICIENCY REPORT (seff 10895207)                   *
*                                                                           *
*****************************************************************************

Job ID: 10895207
Cluster: finisterrae3
User/Group: curso341/ulc
State: COMPLETED (exit code 0)
Nodes: 7
Cores per node: 64
CPU Utilized: 02:06:28
CPU Efficiency: 12.45% of 16:55:28 core-walltime
Job Wall-clock time: 00:02:16
Memory Utilized: 16.45 GB
Memory Efficiency: 1.08% of 1.48 TB

 +++++++++++++++++++++++++++++++++++++++++++++++++++++++++++++++++++++++++++
 ++   Memory Efficiency is too small. Please review the requested memory. ++
 ++ It seems that you do not need that much memory so we recommend        ++
 ++ requesting less memory in other similar jobs.                         ++
 +++++++++++++++++++++++++++++++++++++++++++++++++++++++++++++++++++++++++++
 
*****************************************************************************



*****************************************************************************
*****************************************************************************

*                                                                           *
*                                                                           *
*****************************************************************************
*                    JOB EFFICIENCY REPORT (seff 10895207)                   *
*                    JOB EFFICIENCY REPORT (seff 10895207)                   *
*                                                                           *
*                                                                           *
*                                                                           *
*                    JOB EFFICIENCY REPORT (seff 10895207)                   *
*****************************************************************************
*****************************************************************************
*                                                                           *


*****************************************************************************
Job ID: 10895207
Job ID: 10895207

Cluster: finisterrae3
Cluster: finisterrae3
Job ID: 10895207
User/Group: curso341/ulc
User/Group: curso341/ulc
Cluster: finisterrae3
State: COMPLETED (exit code 0)
State: COMPLETED (exit code 0)
User/Group: curso341/ulc
Nodes: 7
Nodes: 7
State: COMPLETED (exit code 0)
Cores per node: 64
Cores per node: 64
Nodes: 7
CPU Utilized: 02:06:28
CPU Utilized: 02:06:28
Cores per node: 64
CPU Efficiency: 12.45% of 16:55:28 core-walltime
CPU Efficiency: 12.45% of 16:55:28 core-walltime
CPU Utilized: 02:06:28
Job Wall-clock time: 00:02:16
Job Wall-clock time: 00:02:16
CPU Efficiency: 12.45% of 16:55:28 core-walltime
Memory Utilized: 16.45 GB
Memory Utilized: 16.45 GB
Job Wall-clock time: 00:02:16
Memory Efficiency: 1.08% of 1.48 TB
Memory Efficiency: 1.08% of 1.48 TB
Memory Utilized: 16.45 GB


Memory Efficiency: 1.08% of 1.48 TB
 +++++++++++++++++++++++++++++++++++++++++++++++++++++++++++++++++++++++++++
 +++++++++++++++++++++++++++++++++++++++++++++++++++++++++++++++++++++++++++

 ++   Memory Efficiency is too small. Please review the requested memory. ++
 ++   Memory Efficiency is too small. Please review the requested memory. ++
 +++++++++++++++++++++++++++++++++++++++++++++++++++++++++++++++++++++++++++
 ++ It seems that you do not need that much memory so we recommend        ++
 ++ It seems that you do not need that much memory so we recommend        ++
 ++   Memory Efficiency is too small. Please review the requested memory. ++
 ++ requesting less memory in other similar jobs.                         ++
 ++ requesting less memory in other similar jobs.                         ++
 ++ It seems that you do not need that much memory so we recommend        ++
 +++++++++++++++++++++++++++++++++++++++++++++++++++++++++++++++++++++++++++
 +++++++++++++++++++++++++++++++++++++++++++++++++++++++++++++++++++++++++++
 ++ requesting less memory in other similar jobs.                         ++
 
 
 +++++++++++++++++++++++++++++++++++++++++++++++++++++++++++++++++++++++++++
*****************************************************************************
*****************************************************************************
 


*****************************************************************************


*****************************************************************************
*                                                                           *
*                    JOB EFFICIENCY REPORT (seff 10895207)                   *
*                                                                           *
*****************************************************************************

Job ID: 10895207
Cluster: finisterrae3
User/Group: curso341/ulc
State: COMPLETED (exit code 0)
Nodes: 7
Cores per node: 64
CPU Utilized: 02:06:28
CPU Efficiency: 12.45% of 16:55:28 core-walltime
Job Wall-clock time: 00:02:16
Memory Utilized: 16.45 GB
Memory Efficiency: 1.08% of 1.48 TB

 +++++++++++++++++++++++++++++++++++++++++++++++++++++++++++++++++++++++++++
 ++   Memory Efficiency is too small. Please review the requested memory. ++
 ++ It seems that you do not need that much memory so we recommend        ++
 ++ requesting less memory in other similar jobs.                         ++
 +++++++++++++++++++++++++++++++++++++++++++++++++++++++++++++++++++++++++++
 
*****************************************************************************


*****************************************************************************
*                                                                           *
*                    JOB EFFICIENCY REPORT (seff 10895207)                   *
*                                                                           *
*****************************************************************************

Job ID: 10895207
Cluster: finisterrae3
User/Group: curso341/ulc
State: COMPLETED (exit code 0)
Nodes: 7
Cores per node: 64
CPU Utilized: 02:06:28
CPU Efficiency: 12.45% of 16:55:28 core-walltime
Job Wall-clock time: 00:02:16
Memory Utilized: 16.45 GB
Memory Efficiency: 1.08% of 1.48 TB

 +++++++++++++++++++++++++++++++++++++++++++++++++++++++++++++++++++++++++++
 ++   Memory Efficiency is too small. Please review the requested memory. ++
 ++ It seems that you do not need that much memory so we recommend        ++
 ++ requesting less memory in other similar jobs.                         ++
 +++++++++++++++++++++++++++++++++++++++++++++++++++++++++++++++++++++++++++
 
*****************************************************************************

