slurmstepd: info: Setting TMPDIR to /scratch/10927315. Previous errors about TMPDIR can be discarded
Slurm job started at 10/03/2025_11:25:01 AM

In transit.
Initing Ray (1 head node + 2 worker nodes + 4 simulation nodes) on nodes: 
	ilk-249 ilk-250 ilk-251 ilk-252 ilk-253 ilk-254 ilk-256
Head node: 172.30.211.22:6379


RAY_DEPLOY_TIME:     24.08253
2025-03-10 11:25:32,784	INFO packaging.py:520 -- Creating a file package for local directory '/mnt/lustre/scratch/nlsas/home/ulc/cursos/curso341/dask_on_reisa_tests/E4/DASK_ON_REISA_ONE_ACTOR/derivative/P128-SN4-LS134-GS17179-I10-AN2-D2025-03-10_08-47-52'.
2025-03-10 11:25:32,812	INFO packaging.py:347 -- Pushing file package 'gcs://_ray_pkg_b0742355ea47af50.zip' (0.48MiB) to Ray cluster...
2025-03-10 11:25:32,819	INFO packaging.py:360 -- Successfully pushed file package 'gcs://_ray_pkg_b0742355ea47af50.zip'.
RAY_INIT_TIME:       5.45568
Iter [0]
Iter [1]
Iter [2]
Iter [3]
Iter [4]
Iter [5]
Iter [6]
Iter [7]
Iter [8]
Iter [9]
GLOBAL_PUT_TIME:     6.827028274536133 (avg:0.68270)
ACTOR_CONCURRENCY:   8
SIMULATION_TIME:     229.159940414000005 (avg: 22.915994041400001)
SIM_WTHOUT_PDI:      44.977271010000024 (avg: 4.497727101000002)
PDI_DELAY:           184.182669403999967 (avg: 18.418266940399995)

GLOBAL_SIZE_(GiB):   16777216
LOCAL_SIZE_(MiB):    128
ITERATIONS:          10

MPI_PER_NODE:        32
MPI_PARALLELISM:     128

WORKER_NODES:        2
CPUS_PER_WORKER:     64
WORKER_PARALLELISM:  128


SLURM_JOB_ID:        10927315
slurmstepd: error: *** JOB 10927315 ON ilk-249 CANCELLED AT 2025-03-10T11:45:22 DUE TO TIME LIMIT ***
slurmstepd: error: *** STEP 10927315.8 ON ilk-250 CANCELLED AT 2025-03-10T11:45:22 DUE TO TIME LIMIT ***
srun: Job step aborted: Waiting up to 32 seconds for job step to finish.
