slurmstepd: info: Setting TMPDIR to /scratch/10899137. Previous errors about TMPDIR can be discarded
Slurm job started at 07/03/2025_12:14:05 PM

In transit.
Initing Ray (1 head node + 2 worker nodes + 4 simulation nodes) on nodes: 
	ilk-145 ilk-146 ilk-147 ilk-148 ilk-149 ilk-150 ilk-151
Head node: 172.30.204.1:6379


RAY_DEPLOY_TIME:     23.29575
2025-03-07 12:14:32,073	INFO packaging.py:520 -- Creating a file package for local directory '/mnt/lustre/scratch/nlsas/home/ulc/cursos/curso341/dask_on_reisa_tests/E1/DASK_ON_REISA/reduction/P128-SN4-LS1-GS134-I20-AN2-D2025-03-07_09-35-43'.
2025-03-07 12:14:32,099	INFO packaging.py:347 -- Pushing file package 'gcs://_ray_pkg_c2c5497770075751.zip' (0.48MiB) to Ray cluster...
2025-03-07 12:14:32,105	INFO packaging.py:360 -- Successfully pushed file package 'gcs://_ray_pkg_c2c5497770075751.zip'.
RAY_INIT_TIME:       5.42354
Iter [0]
Iter [2]
Iter [4]
[2m[36m(iter_task pid=1372188, ip=10.120.204.2)[0m /home/ulc/cursos/curso341/.local/lib/python3.9/site-packages/dask/config.py:693: UserWarning: Configuration key "shuffle" has been deprecated. Please use "dataframe.shuffle.algorithm" instead
[2m[36m(iter_task pid=1372188, ip=10.120.204.2)[0m   warnings.warn(
[2m[36m(iter_task pid=1372189, ip=10.120.204.2)[0m /home/ulc/cursos/curso341/.local/lib/python3.9/site-packages/dask/config.py:693: UserWarning: Configuration key "shuffle" has been deprecated. Please use "dataframe.shuffle.algorithm" instead
[2m[36m(iter_task pid=1372189, ip=10.120.204.2)[0m   warnings.warn(
[2m[36m(iter_task pid=664103, ip=10.120.204.3)[0m /home/ulc/cursos/curso341/.local/lib/python3.9/site-packages/dask/config.py:693: UserWarning: Configuration key "shuffle" has been deprecated. Please use "dataframe.shuffle.algorithm" instead
[2m[36m(iter_task pid=664103, ip=10.120.204.3)[0m   warnings.warn(
[2m[36m(iter_task pid=664102, ip=10.120.204.3)[0m /home/ulc/cursos/curso341/.local/lib/python3.9/site-packages/dask/config.py:693: UserWarning: Configuration key "shuffle" has been deprecated. Please use "dataframe.shuffle.algorithm" instead
[2m[36m(iter_task pid=664102, ip=10.120.204.3)[0m   warnings.warn(
Iter [6]
Iter [8]
Iter [10]
Iter [12]
Iter [14]
Iter [16]
Iter [18]
GLOBAL_PUT_TIME:     0.05833077430725098 (avg:0.00292)
ACTOR_CONCURRENCY:   8
SIMULATION_TIME:     13.694537936999998 (avg: 0.684726896850000)
SIM_WTHOUT_PDI:      4.670021096999999 (avg: 0.233501054850000)
PDI_DELAY:           9.024516839999999 (avg: 0.451225842000000)

GLOBAL_SIZE_(GiB):   131072
LOCAL_SIZE_(MiB):    1
ITERATIONS:          20

MPI_PER_NODE:        32
MPI_PARALLELISM:     128

WORKER_NODES:        2
CPUS_PER_WORKER:     64
WORKER_PARALLELISM:  128


SLURM_JOB_ID:        10899137
[2m[36m(iter_task pid=664103, ip=10.120.204.3)[0m /home/ulc/cursos/curso341/.local/lib/python3.9/site-packages/dask/config.py:693: UserWarning: Configuration key "shuffle" has been deprecated. Please use "dataframe.shuffle.algorithm" instead
[2m[36m(iter_task pid=664103, ip=10.120.204.3)[0m   warnings.warn(
[2m[36m(iter_task pid=664102, ip=10.120.204.3)[0m /home/ulc/cursos/curso341/.local/lib/python3.9/site-packages/dask/config.py:693: UserWarning: Configuration key "shuffle" has been deprecated. Please use "dataframe.shuffle.algorithm" instead
[2m[36m(iter_task pid=664102, ip=10.120.204.3)[0m   warnings.warn(
[2m[36m(iter_task pid=1372188, ip=10.120.204.2)[0m /home/ulc/cursos/curso341/.local/lib/python3.9/site-packages/dask/config.py:693: UserWarning: Configuration key "shuffle" has been deprecated. Please use "dataframe.shuffle.algorithm" instead
[2m[36m(iter_task pid=1372188, ip=10.120.204.2)[0m   warnings.warn(
[2m[36m(iter_task pid=1392552, ip=10.120.204.2)[0m /home/ulc/cursos/curso341/.local/lib/python3.9/site-packages/dask/config.py:693: UserWarning: Configuration key "shuffle" has been deprecated. Please use "dataframe.shuffle.algorithm" instead
[2m[36m(iter_task pid=1392552, ip=10.120.204.2)[0m   warnings.warn(
[2m[36m(iter_task pid=1372188, ip=10.120.204.2)[0m /home/ulc/cursos/curso341/.local/lib/python3.9/site-packages/dask/config.py:693: UserWarning: Configuration key "shuffle" has been deprecated. Please use "dataframe.shuffle.algorithm" instead
[2m[36m(iter_task pid=1372188, ip=10.120.204.2)[0m   warnings.warn(
[2m[36m(iter_task pid=664103, ip=10.120.204.3)[0m /home/ulc/cursos/curso341/.local/lib/python3.9/site-packages/dask/config.py:693: UserWarning: Configuration key "shuffle" has been deprecated. Please use "dataframe.shuffle.algorithm" instead
[2m[36m(iter_task pid=664103, ip=10.120.204.3)[0m   warnings.warn(
[2m[36m(iter_task pid=664102, ip=10.120.204.3)[0m /home/ulc/cursos/curso341/.local/lib/python3.9/site-packages/dask/config.py:693: UserWarning: Configuration key "shuffle" has been deprecated. Please use "dataframe.shuffle.algorithm" instead
[2m[36m(iter_task pid=664102, ip=10.120.204.3)[0m   warnings.warn(
[2m[36m(iter_task pid=1392552, ip=10.120.204.2)[0m /home/ulc/cursos/curso341/.local/lib/python3.9/site-packages/dask/config.py:693: UserWarning: Configuration key "shuffle" has been deprecated. Please use "dataframe.shuffle.algorithm" instead
[2m[36m(iter_task pid=1392552, ip=10.120.204.2)[0m   warnings.warn(
[2m[36m(iter_task pid=664103, ip=10.120.204.3)[0m /home/ulc/cursos/curso341/.local/lib/python3.9/site-packages/dask/config.py:693: UserWarning: Configuration key "shuffle" has been deprecated. Please use "dataframe.shuffle.algorithm" instead
[2m[36m(iter_task pid=664103, ip=10.120.204.3)[0m   warnings.warn(
[2m[36m(iter_task pid=1372188, ip=10.120.204.2)[0m /home/ulc/cursos/curso341/.local/lib/python3.9/site-packages/dask/config.py:693: UserWarning: Configuration key "shuffle" has been deprecated. Please use "dataframe.shuffle.algorithm" instead
[2m[36m(iter_task pid=1372188, ip=10.120.204.2)[0m   warnings.warn(
[2m[36m(iter_task pid=1392552, ip=10.120.204.2)[0m /home/ulc/cursos/curso341/.local/lib/python3.9/site-packages/dask/config.py:693: UserWarning: Configuration key "shuffle" has been deprecated. Please use "dataframe.shuffle.algorithm" instead
[2m[36m(iter_task pid=1392552, ip=10.120.204.2)[0m   warnings.warn(
[2m[36m(iter_task pid=664102, ip=10.120.204.3)[0m /home/ulc/cursos/curso341/.local/lib/python3.9/site-packages/dask/config.py:693: UserWarning: Configuration key "shuffle" has been deprecated. Please use "dataframe.shuffle.algorithm" instead
[2m[36m(iter_task pid=664102, ip=10.120.204.3)[0m   warnings.warn(
[2m[36m(iter_task pid=1392552, ip=10.120.204.2)[0m /home/ulc/cursos/curso341/.local/lib/python3.9/site-packages/dask/config.py:693: UserWarning: Configuration key "shuffle" has been deprecated. Please use "dataframe.shuffle.algorithm" instead
[2m[36m(iter_task pid=1392552, ip=10.120.204.2)[0m   warnings.warn(
[2m[36m(iter_task pid=1451578, ip=10.120.204.2)[0m /home/ulc/cursos/curso341/.local/lib/python3.9/site-packages/dask/config.py:693: UserWarning: Configuration key "shuffle" has been deprecated. Please use "dataframe.shuffle.algorithm" instead
[2m[36m(iter_task pid=1451578, ip=10.120.204.2)[0m   warnings.warn(
[2m[36m(iter_task pid=664103, ip=10.120.204.3)[0m /home/ulc/cursos/curso341/.local/lib/python3.9/site-packages/dask/config.py:693: UserWarning: Configuration key "shuffle" has been deprecated. Please use "dataframe.shuffle.algorithm" instead
[2m[36m(iter_task pid=664103, ip=10.120.204.3)[0m   warnings.warn(
[2m[36m(iter_task pid=1451578, ip=10.120.204.2)[0m /home/ulc/cursos/curso341/.local/lib/python3.9/site-packages/dask/config.py:693: UserWarning: Configuration key "shuffle" has been deprecated. Please use "dataframe.shuffle.algorithm" instead
[2m[36m(iter_task pid=1451578, ip=10.120.204.2)[0m   warnings.warn(
EST_ANALYTICS_TIME:  80.88576 (avg:4.04429)

Slurm job finished at 07/03/2025_12:15:57 PM

*****************************************************************************
*                                                                           *
*                    JOB EFFICIENCY REPORT (seff 10899137)                   *
*                                                                           *
*****************************************************************************

Job ID: 10899137
Cluster: finisterrae3
User/Group: curso341/ulc
State: COMPLETED (exit code 0)
Nodes: 7
Cores per node: 64
CPU Utilized: 00:23:14
CPU Efficiency: 2.75% of 14:03:44 core-walltime
Job Wall-clock time: 00:01:53
Memory Utilized: 1003.04 MB
Memory Efficiency: 0.06% of 1.48 TB

 +++++++++++++++++++++++++++++++++++++++++++++++++++++++++++++++++++++++++++
 ++   Memory Efficiency is too small. Please review the requested memory. ++
 ++ It seems that you do not need that much memory so we recommend        ++
 ++ requesting less memory in other similar jobs.                         ++
 +++++++++++++++++++++++++++++++++++++++++++++++++++++++++++++++++++++++++++
 
*****************************************************************************


*****************************************************************************
*                                                                           *
*                    JOB EFFICIENCY REPORT (seff 10899137)                   *
*                                                                           *
*****************************************************************************

Job ID: 10899137
Cluster: finisterrae3
User/Group: curso341/ulc
State: COMPLETED (exit code 0)
Nodes: 7
Cores per node: 64
CPU Utilized: 00:23:14
CPU Efficiency: 2.75% of 14:03:44 core-walltime
Job Wall-clock time: 00:01:53
Memory Utilized: 1003.04 MB
Memory Efficiency: 0.06% of 1.48 TB

 +++++++++++++++++++++++++++++++++++++++++++++++++++++++++++++++++++++++++++
 ++   Memory Efficiency is too small. Please review the requested memory. ++
 ++ It seems that you do not need that much memory so we recommend        ++
 ++ requesting less memory in other similar jobs.                         ++
 +++++++++++++++++++++++++++++++++++++++++++++++++++++++++++++++++++++++++++
 
*****************************************************************************


*****************************************************************************
*                                                                           *
*                    JOB EFFICIENCY REPORT (seff 10899137)                   *
*                                                                           *
*****************************************************************************

Job ID: 10899137
Cluster: finisterrae3
User/Group: curso341/ulc
State: COMPLETED (exit code 0)
Nodes: 7
Cores per node: 64
CPU Utilized: 01:10:22
CPU Efficiency: 8.34% of 14:03:44 core-walltime
Job Wall-clock time: 00:01:53
Memory Utilized: 7.14 GB
Memory Efficiency: 0.47% of 1.48 TB

 +++++++++++++++++++++++++++++++++++++++++++++++++++++++++++++++++++++++++++
 ++   Memory Efficiency is too small. Please review the requested memory. ++
 ++ It seems that you do not need that much memory so we recommend        ++
 ++ requesting less memory in other similar jobs.                         ++
 +++++++++++++++++++++++++++++++++++++++++++++++++++++++++++++++++++++++++++
 
*****************************************************************************


*****************************************************************************
*                                                                           *
*                    JOB EFFICIENCY REPORT (seff 10899137)                   *
*                                                                           *
*****************************************************************************

Job ID: 10899137
Cluster: finisterrae3
User/Group: curso341/ulc
State: COMPLETED (exit code 0)
Nodes: 7
Cores per node: 64
CPU Utilized: 01:10:22
CPU Efficiency: 8.34% of 14:03:44 core-walltime
Job Wall-clock time: 00:01:53
Memory Utilized: 7.14 GB
Memory Efficiency: 0.47% of 1.48 TB

 +++++++++++++++++++++++++++++++++++++++++++++++++++++++++++++++++++++++++++
 ++   Memory Efficiency is too small. Please review the requested memory. ++
 ++ It seems that you do not need that much memory so we recommend        ++
 ++ requesting less memory in other similar jobs.                         ++
 +++++++++++++++++++++++++++++++++++++++++++++++++++++++++++++++++++++++++++
 
*****************************************************************************


*****************************************************************************
*                                                                           *
*                    JOB EFFICIENCY REPORT (seff 10899137)                   *
*                                                                           *
*****************************************************************************

Job ID: 10899137
Cluster: finisterrae3
User/Group: curso341/ulc
State: COMPLETED (exit code 0)
Nodes: 7
Cores per node: 64
CPU Utilized: 01:10:22
CPU Efficiency: 8.34% of 14:03:44 core-walltime
Job Wall-clock time: 00:01:53
Memory Utilized: 7.14 GB
Memory Efficiency: 0.47% of 1.48 TB

 +++++++++++++++++++++++++++++++++++++++++++++++++++++++++++++++++++++++++++
 ++   Memory Efficiency is too small. Please review the requested memory. ++
 ++ It seems that you do not need that much memory so we recommend        ++
 ++ requesting less memory in other similar jobs.                         ++
 +++++++++++++++++++++++++++++++++++++++++++++++++++++++++++++++++++++++++++
 
*****************************************************************************


*****************************************************************************
*                                                                           *
*                    JOB EFFICIENCY REPORT (seff 10899137)                   *
*                                                                           *
*****************************************************************************

Job ID: 10899137
Cluster: finisterrae3
User/Group: curso341/ulc
State: COMPLETED (exit code 0)
Nodes: 7
Cores per node: 64
CPU Utilized: 01:15:11
CPU Efficiency: 8.91% of 14:03:44 core-walltime
Job Wall-clock time: 00:01:53
Memory Utilized: 7.14 GB
Memory Efficiency: 0.47% of 1.48 TB

 +++++++++++++++++++++++++++++++++++++++++++++++++++++++++++++++++++++++++++
 ++   Memory Efficiency is too small. Please review the requested memory. ++
 ++ It seems that you do not need that much memory so we recommend        ++
 ++ requesting less memory in other similar jobs.                         ++
 +++++++++++++++++++++++++++++++++++++++++++++++++++++++++++++++++++++++++++
 
*****************************************************************************


*****************************************************************************
*                                                                           *
*                    JOB EFFICIENCY REPORT (seff 10899137)                   *
*                                                                           *
*****************************************************************************

Job ID: 10899137
Cluster: finisterrae3
User/Group: curso341/ulc
State: COMPLETED (exit code 0)
Nodes: 7
Cores per node: 64
CPU Utilized: 02:04:18
CPU Efficiency: 14.73% of 14:03:44 core-walltime
Job Wall-clock time: 00:01:53
Memory Utilized: 8.73 GB
Memory Efficiency: 0.57% of 1.48 TB

 +++++++++++++++++++++++++++++++++++++++++++++++++++++++++++++++++++++++++++
 ++   Memory Efficiency is too small. Please review the requested memory. ++
 ++ It seems that you do not need that much memory so we recommend        ++
 ++ requesting less memory in other similar jobs.                         ++
 +++++++++++++++++++++++++++++++++++++++++++++++++++++++++++++++++++++++++++
 
*****************************************************************************

