slurmstepd: info: Setting TMPDIR to /scratch/10772551. Previous errors about TMPDIR can be discarded
Slurm job started at 25/02/2025_10:47:41 PM

In transit.
Initing Ray (1 head node + 8 worker nodes + 16 simulation nodes) on nodes: 
	ilk-65 ilk-67 ilk-68 ilk-88 ilk-97 ilk-98 ilk-99 ilk-100 ilk-101 ilk-102 ilk-103 ilk-104 ilk-105 ilk-106 ilk-107 ilk-108 ilk-109 ilk-114 ilk-115 ilk-117 ilk-120 ilk-122 ilk-126 ilk-131 ilk-138
Head node: 172.30.202.17:6379


RAY_DEPLOY_TIME:     23.05826
2025-02-25 22:48:09,603	INFO packaging.py:520 -- Creating a file package for local directory '/mnt/lustre/scratch/nlsas/home/ulc/cursos/curso341/dask_on_reisa_tests/E1/DASK_ON_REISA_ONE_ACTOR/reduction/P512-SN16-LS134-GS68719-I25-AN8-D2025-02-25_20-32-57'.
2025-02-25 22:48:09,634	INFO packaging.py:347 -- Pushing file package 'gcs://_ray_pkg_c48afa2982d5ccc2.zip' (0.48MiB) to Ray cluster...
2025-02-25 22:48:09,641	INFO packaging.py:360 -- Successfully pushed file package 'gcs://_ray_pkg_c48afa2982d5ccc2.zip'.
RAY_INIT_TIME:       9.69962
Iter [0]
Iter [2]
Iter [4]
Iter [6]
Iter [8]
Iter [10]
Iter [12]
srun: Job step aborted: Waiting up to 32 seconds for job step to finish.
slurmstepd: error: *** JOB 10772551 ON ilk-65 CANCELLED AT 2025-02-25T23:07:49 DUE TO TIME LIMIT ***
slurmstepd: error: *** STEP 10772551.26 ON ilk-67 CANCELLED AT 2025-02-25T23:07:49 DUE TO TIME LIMIT ***
srun: Job step aborted: Waiting up to 32 seconds for job step to finish.
slurmstepd: error: *** STEP 10772551.27 ON ilk-102 CANCELLED AT 2025-02-25T23:07:49 DUE TO TIME LIMIT ***
*** SIGTERM received at time=1740521269 on cpu 0 ***
*** SIGTERM received at time=1740521269 on cpu 9 ***
*** SIGTERM received at time=1740521269 on cpu 2 ***
*** SIGTERM received at time=1740521269 on cpu 3 ***
*** SIGTERM received at time=1740521269 on cpu 39 ***
*** SIGTERM received at time=1740521269 on cpu 8 ***
*** SIGTERM received at time=1740521269 on cpu 2 ***
*** SIGTERM received at time=1740521269 on cpu 44 ***
*** SIGTERM received at time=1740521269 on cpu 50 ***
*** SIGTERM received at time=1740521269 on cpu 10 ***
*** SIGTERM received at time=1740521269 on cpu 38 ***
*** SIGTERM received at time=1740521269 on cpu 14 ***
*** SIGTERM received at time=1740521269 on cpu 46 ***
*** SIGTERM received at time=1740521269 on cpu 16 ***
*** SIGTERM received at time=1740521269 on cpu 39 ***
*** SIGTERM received at time=1740521269 on cpu 15 ***
*** SIGTERM received at time=1740521269 on cpu 34 ***
*** SIGTERM received at time=1740521269 on cpu 37 ***
*** SIGTERM received at time=1740521269 on cpu 14 ***
*** SIGTERM received at time=1740521269 on cpu 35 ***
*** SIGTERM received at time=1740521269 on cpu 4 ***
*** SIGTERM received at time=1740521269 on cpu 35 ***
*** SIGTERM received at time=1740521269 on cpu 36 ***
*** SIGTERM received at time=1740521269 on cpu 1 ***
*** SIGTERM received at time=1740521269 on cpu 36 ***
*** SIGTERM received at time=1740521269 on cpu 37 ***
*** SIGTERM received at time=1740521269 on cpu 47 ***
*** SIGTERM received at time=1740521269 on cpu 41 ***
*** SIGTERM received at time=1740521269 on cpu 48 ***
*** SIGTERM received at time=1740521269 on cpu 43 ***
*** SIGTERM received at time=1740521269 on cpu 35 ***
*** SIGTERM received at time=1740521269 on cpu 51 ***
*** SIGTERM received at time=1740521269 on cpu 45 ***
*** SIGTERM received at time=1740521269 on cpu 4 ***
*** SIGTERM received at time=1740521269 on cpu 45 ***
*** SIGTERM received at time=1740521269 on cpu 6 ***
*** SIGTERM received at time=1740521269 on cpu 6 ***
*** SIGTERM received at time=1740521269 on cpu 7 ***
*** SIGTERM received at time=1740521269 on cpu 6 ***
*** SIGTERM received at time=1740521269 on cpu 44 ***
*** SIGTERM received at time=1740521269 on cpu 37 ***
*** SIGTERM received at time=1740521269 on cpu 3 ***
*** SIGTERM received at time=1740521269 on cpu 6 ***
*** SIGTERM received at time=1740521269 on cpu 15 ***
*** SIGTERM received at time=1740521269 on cpu 34 ***
*** SIGTERM received at time=1740521269 on cpu 15 ***
*** SIGTERM received at time=1740521269 on cpu 40 ***
*** SIGTERM received at time=1740521269 on cpu 19 ***
*** SIGTERM received at time=1740521269 on cpu 36 ***
*** SIGTERM received at time=1740521269 on cpu 1 ***
*** SIGTERM received at time=1740521269 on cpu 7 ***
*** SIGTERM received at time=1740521269 on cpu 5 ***
*** SIGTERM received at time=1740521269 on cpu 11 ***
*** SIGTERM received at time=1740521269 on cpu 7 ***
*** SIGTERM received at time=1740521269 on cpu 50 ***
*** SIGTERM received at time=1740521269 on cpu 35 ***
*** SIGTERM received at time=1740521269 on cpu 11 ***
*** SIGTERM received at time=1740521269 on cpu 12 ***
*** SIGTERM received at time=1740521269 on cpu 21 ***
*** SIGTERM received at time=1740521269 on cpu 15 ***
*** SIGTERM received at time=1740521269 on cpu 18 ***
*** SIGTERM received at time=1740521269 on cpu 50 ***
*** SIGTERM received at time=1740521269 on cpu 43 ***
*** SIGTERM received at time=1740521269 on cpu 15 ***
*** SIGTERM received at time=1740521269 on cpu 36 ***
*** SIGTERM received at time=1740521269 on cpu 7 ***
*** SIGTERM received at time=1740521269 on cpu 53 ***
*** SIGTERM received at time=1740521269 on cpu 11 ***
*** SIGTERM received at time=1740521269 on cpu 42 ***
*** SIGTERM received at time=1740521269 on cpu 8 ***
*** SIGTERM received at time=1740521269 on cpu 7 ***
*** SIGTERM received at time=1740521269 on cpu 5 ***
*** SIGTERM received at time=1740521269 on cpu 15 ***
*** SIGTERM received at time=1740521269 on cpu 0 ***
*** SIGTERM received at time=1740521269 on cpu 14 ***
*** SIGTERM received at time=1740521269 on cpu 3 ***
*** SIGTERM received at time=1740521269 on cpu 1 ***
*** SIGTERM received at time=1740521269 on cpu 13 ***
*** SIGTERM received at time=1740521269 on cpu 46 ***
*** SIGTERM received at time=1740521269 on cpu 18 ***
*** SIGTERM received at time=1740521269 on cpu 8 ***
*** SIGTERM received at time=1740521269 on cpu 12 ***
*** SIGTERM received at time=1740521269 on cpu 43 ***
*** SIGTERM received at time=1740521269 on cpu 3 ***
*** SIGTERM received at time=1740521269 on cpu 9 ***
*** SIGTERM received at time=1740521269 on cpu 2 ***
*** SIGTERM received at time=1740521269 on cpu 14 ***
*** SIGTERM received at time=1740521269 on cpu 43 ***
*** SIGTERM received at time=1740521269 on cpu 39 ***
*** SIGTERM received at time=1740521269 on cpu 13 ***
*** SIGTERM received at time=1740521269 on cpu 42 ***
*** SIGTERM received at time=1740521269 on cpu 33 ***
*** SIGTERM received at time=1740521269 on cpu 10 ***
*** SIGTERM received at time=1740521269 on cpu 6 ***
*** SIGTERM received at time=1740521269 on cpu 10 ***
*** SIGTERM received at time=1740521269 on cpu 38 ***
*** SIGTERM received at time=1740521269 on cpu 5 ***
*** SIGTERM received at time=1740521269 on cpu 13 ***
*** SIGTERM received at time=1740521269 on cpu 47 ***
*** SIGTERM received at time=1740521269 on cpu 46 ***
*** SIGTERM received at time=1740521269 on cpu 12 ***
*** SIGTERM received at time=1740521269 on cpu 40 ***
*** SIGTERM received at time=1740521269 on cpu 48 ***
*** SIGTERM received at time=1740521269 on cpu 5 ***
*** SIGTERM received at time=1740521269 on cpu 14 ***
*** SIGTERM received at time=1740521269 on cpu 6 ***
*** SIGTERM received at time=1740521269 on cpu 4 ***
*** SIGTERM received at time=1740521269 on cpu 46 ***
*** SIGTERM received at time=1740521269 on cpu 10 ***
*** SIGTERM received at time=1740521269 on cpu 13 ***
*** SIGTERM received at time=1740521269 on cpu 12 ***
*** SIGTERM received at time=1740521269 on cpu 12 ***
*** SIGTERM received at time=1740521269 on cpu 17 ***
*** SIGTERM received at time=1740521269 on cpu 34 ***
*** SIGTERM received at time=1740521269 on cpu 10 ***
*** SIGTERM received at time=1740521269 on cpu 63 ***
*** SIGTERM received at time=1740521269 on cpu 39 ***
*** SIGTERM received at time=1740521269 on cpu 13 ***
*** SIGTERM received at time=1740521269 on cpu 6 ***
*** SIGTERM received at time=1740521269 on cpu 0 ***
*** SIGTERM received at time=1740521269 on cpu 5 ***
*** SIGTERM received at time=1740521269 on cpu 11 ***
*** SIGTERM received at time=1740521269 on cpu 2 ***
*** SIGTERM received at time=1740521269 on cpu 38 ***
*** SIGTERM received at time=1740521269 on cpu 44 ***
*** SIGTERM received at time=1740521269 on cpu 55 ***
*** SIGTERM received at time=1740521269 on cpu 49 ***
*** SIGTERM received at time=1740521269 on cpu 12 ***
*** SIGTERM received at time=1740521269 on cpu 44 ***
*** SIGTERM received at time=1740521269 on cpu 15 ***
*** SIGTERM received at time=1740521269 on cpu 39 ***
*** SIGTERM received at time=1740521269 on cpu 35 ***
*** SIGTERM received at time=1740521269 on cpu 8 ***
*** SIGTERM received at time=1740521269 on cpu 8 ***
*** SIGTERM received at time=1740521269 on cpu 47 ***
*** SIGTERM received at time=1740521269 on cpu 37 ***
*** SIGTERM received at time=1740521269 on cpu 5 ***
*** SIGTERM received at time=1740521269 on cpu 16 ***
*** SIGTERM received at time=1740521269 on cpu 3 ***
*** SIGTERM received at time=1740521269 on cpu 9 ***
*** SIGTERM received at time=1740521269 on cpu 60 ***
*** SIGTERM received at time=1740521269 on cpu 51 ***
*** SIGTERM received at time=1740521269 on cpu 45 ***
*** SIGTERM received at time=1740521269 on cpu 4 ***
*** SIGTERM received at time=1740521269 on cpu 0 ***
*** SIGTERM received at time=1740521269 on cpu 49 ***
*** SIGTERM received at time=1740521269 on cpu 14 ***
*** SIGTERM received at time=1740521269 on cpu 39 ***
*** SIGTERM received at time=1740521269 on cpu 10 ***
*** SIGTERM received at time=1740521269 on cpu 48 ***
*** SIGTERM received at time=1740521269 on cpu 13 ***
*** SIGTERM received at time=1740521269 on cpu 52 ***
*** SIGTERM received at time=1740521269 on cpu 8 ***
*** SIGTERM received at time=1740521269 on cpu 14 ***
*** SIGTERM received at time=1740521269 on cpu 3 ***
*** SIGTERM received at time=1740521269 on cpu 12 ***
*** SIGTERM received at time=1740521269 on cpu 1 ***
*** SIGTERM received at time=1740521269 on cpu 50 ***
*** SIGTERM received at time=1740521269 on cpu 40 ***
*** SIGTERM received at time=1740521269 on cpu 1 ***
*** SIGTERM received at time=1740521269 on cpu 19 ***
*** SIGTERM received at time=1740521269 on cpu 40 ***
*** SIGTERM received at time=1740521269 on cpu 50 ***
*** SIGTERM received at time=1740521269 on cpu 61 ***
*** SIGTERM received at time=1740521269 on cpu 35 ***
*** SIGTERM received at time=1740521269 on cpu 32 ***
*** SIGTERM received at time=1740521269 on cpu 40 ***
*** SIGTERM received at time=1740521269 on cpu 5 ***
*** SIGTERM received at time=1740521269 on cpu 11 ***
*** SIGTERM received at time=1740521269 on cpu 43 ***
*** SIGTERM received at time=1740521269 on cpu 1 ***
*** SIGTERM received at time=1740521269 on cpu 13 ***
*** SIGTERM received at time=1740521269 on cpu 3 ***
*** SIGTERM received at time=1740521269 on cpu 10 ***
*** SIGTERM received at time=1740521269 on cpu 19 ***
*** SIGTERM received at time=1740521269 on cpu 18 ***
*** SIGTERM received at time=1740521269 on cpu 12 ***
*** SIGTERM received at time=1740521269 on cpu 18 ***
*** SIGTERM received at time=1740521269 on cpu 50 ***
*** SIGTERM received at time=1740521269 on cpu 9 ***
*** SIGTERM received at time=1740521269 on cpu 8 ***
*** SIGTERM received at time=1740521269 on cpu 1 ***
*** SIGTERM received at time=1740521269 on cpu 44 ***
*** SIGTERM received at time=1740521269 on cpu 35 ***
*** SIGTERM received at time=1740521269 on cpu 16 ***
*** SIGTERM received at time=1740521269 on cpu 7 ***
*** SIGTERM received at time=1740521269 on cpu 17 ***
*** SIGTERM received at time=1740521269 on cpu 9 ***
*** SIGTERM received at time=1740521269 on cpu 52 ***
*** SIGTERM received at time=1740521269 on cpu 5 ***
*** SIGTERM received at time=1740521269 on cpu 12 ***
*** SIGTERM received at time=1740521269 on cpu 41 ***
*** SIGTERM received at time=1740521269 on cpu 47 ***
*** SIGTERM received at time=1740521269 on cpu 11 ***
*** SIGTERM received at time=1740521269 on cpu 33 ***
*** SIGTERM received at time=1740521269 on cpu 2 ***
*** SIGTERM received at time=1740521269 on cpu 0 ***
*** SIGTERM received at time=1740521269 on cpu 0 ***
*** SIGTERM received at time=1740521269 on cpu 6 ***
*** SIGTERM received at time=1740521269 on cpu 11 ***
*** SIGTERM received at time=1740521269 on cpu 33 ***
*** SIGTERM received at time=1740521269 on cpu 54 ***
*** SIGTERM received at time=1740521269 on cpu 0 ***
*** SIGTERM received at time=1740521269 on cpu 14 ***
*** SIGTERM received at time=1740521269 on cpu 48 ***
*** SIGTERM received at time=1740521269 on cpu 10 ***
*** SIGTERM received at time=1740521269 on cpu 6 ***
*** SIGTERM received at time=1740521269 on cpu 37 ***
*** SIGTERM received at time=1740521269 on cpu 10 ***
*** SIGTERM received at time=1740521269 on cpu 10 ***
*** SIGTERM received at time=1740521269 on cpu 50 ***
*** SIGTERM received at time=1740521269 on cpu 11 ***
*** SIGTERM received at time=1740521269 on cpu 13 ***
*** SIGTERM received at time=1740521269 on cpu 13 ***
*** SIGTERM received at time=1740521269 on cpu 7 ***
*** SIGTERM received at time=1740521269 on cpu 53 ***
*** SIGTERM received at time=1740521269 on cpu 0 ***
*** SIGTERM received at time=1740521269 on cpu 2 ***
*** SIGTERM received at time=1740521269 on cpu 7 ***
*** SIGTERM received at time=1740521269 on cpu 3 ***
*** SIGTERM received at time=1740521269 on cpu 38 ***
*** SIGTERM received at time=1740521269 on cpu 3 ***
*** SIGTERM received at time=1740521269 on cpu 6 ***
*** SIGTERM received at time=1740521269 on cpu 4 ***
*** SIGTERM received at time=1740521269 on cpu 2 ***
*** SIGTERM received at time=1740521269 on cpu 6 ***
*** SIGTERM received at time=1740521269 on cpu 5 ***
*** SIGTERM received at time=1740521269 on cpu 16 ***
*** SIGTERM received at time=1740521269 on cpu 0 ***
*** SIGTERM received at time=1740521269 on cpu 44 ***
*** SIGTERM received at time=1740521269 on cpu 7 ***
*** SIGTERM received at time=1740521269 on cpu 36 ***
*** SIGTERM received at time=1740521269 on cpu 6 ***
*** SIGTERM received at time=1740521269 on cpu 43 ***
*** SIGTERM received at time=1740521269 on cpu 35 ***
*** SIGTERM received at time=1740521269 on cpu 37 ***
*** SIGTERM received at time=1740521269 on cpu 0 ***
*** SIGTERM received at time=1740521269 on cpu 8 ***
*** SIGTERM received at time=1740521269 on cpu 20 ***
*** SIGTERM received at time=1740521269 on cpu 18 ***
*** SIGTERM received at time=1740521269 on cpu 12 ***
*** SIGTERM received at time=1740521269 on cpu 4 ***
*** SIGTERM received at time=1740521269 on cpu 40 ***
*** SIGTERM received at time=1740521269 on cpu 51 ***
*** SIGTERM received at time=1740521269 on cpu 9 ***
*** SIGTERM received at time=1740521269 on cpu 19 ***
*** SIGTERM received at time=1740521269 on cpu 2 ***
*** SIGTERM received at time=1740521269 on cpu 7 ***
*** SIGTERM received at time=1740521269 on cpu 8 ***
*** SIGTERM received at time=1740521269 on cpu 8 ***
*** SIGTERM received at time=1740521269 on cpu 10 ***
*** SIGTERM received at time=1740521269 on cpu 5 ***
*** SIGTERM received at time=1740521269 on cpu 9 ***
*** SIGTERM received at time=1740521269 on cpu 14 ***
*** SIGTERM received at time=1740521269 on cpu 18 ***
*** SIGTERM received at time=1740521269 on cpu 3 ***
*** SIGTERM received at time=1740521269 on cpu 4 ***
*** SIGTERM received at time=1740521269 on cpu 5 ***
*** SIGTERM received at time=1740521269 on cpu 5 ***
*** SIGTERM received at time=1740521269 on cpu 2 ***
*** SIGTERM received at time=1740521269 on cpu 2 ***
*** SIGTERM received at time=1740521269 on cpu 11 ***
*** SIGTERM received at time=1740521269 on cpu 6 ***
*** SIGTERM received at time=1740521269 on cpu 2 ***
*** SIGTERM received at time=1740521269 on cpu 2 ***
*** SIGTERM received at time=1740521269 on cpu 13 ***
*** SIGTERM received at time=1740521269 on cpu 35 ***
*** SIGTERM received at time=1740521269 on cpu 40 ***
*** SIGTERM received at time=1740521269 on cpu 9 ***
*** SIGTERM received at time=1740521269 on cpu 32 ***
*** SIGTERM received at time=1740521269 on cpu 26 ***
*** SIGTERM received at time=1740521269 on cpu 13 ***
*** SIGTERM received at time=1740521269 on cpu 19 ***
*** SIGTERM received at time=1740521269 on cpu 0 ***
*** SIGTERM received at time=1740521269 on cpu 18 ***
*** SIGTERM received at time=1740521269 on cpu 38 ***
*** SIGTERM received at time=1740521269 on cpu 39 ***
*** SIGTERM received at time=1740521269 on cpu 33 ***
*** SIGTERM received at time=1740521269 on cpu 11 ***
*** SIGTERM received at time=1740521269 on cpu 50 ***
*** SIGTERM received at time=1740521269 on cpu 38 ***
*** SIGTERM received at time=1740521269 on cpu 35 ***
*** SIGTERM received at time=1740521269 on cpu 15 ***
*** SIGTERM received at time=1740521269 on cpu 13 ***
*** SIGTERM received at time=1740521269 on cpu 33 ***
*** SIGTERM received at time=1740521269 on cpu 7 ***
*** SIGTERM received at time=1740521269 on cpu 17 ***
*** SIGTERM received at time=1740521269 on cpu 50 ***
*** SIGTERM received at time=1740521269 on cpu 45 ***
*** SIGTERM received at time=1740521269 on cpu 15 ***
*** SIGTERM received at time=1740521269 on cpu 13 ***
*** SIGTERM received at time=1740521269 on cpu 44 ***
*** SIGTERM received at time=1740521269 on cpu 40 ***
*** SIGTERM received at time=1740521269 on cpu 33 ***
*** SIGTERM received at time=1740521269 on cpu 4 ***
*** SIGTERM received at time=1740521269 on cpu 40 ***
*** SIGTERM received at time=1740521269 on cpu 35 ***
*** SIGTERM received at time=1740521269 on cpu 49 ***
*** SIGTERM received at time=1740521269 on cpu 32 ***
*** SIGTERM received at time=1740521269 on cpu 16 ***
*** SIGTERM received at time=1740521269 on cpu 15 ***
*** SIGTERM received at time=1740521269 on cpu 32 ***
*** SIGTERM received at time=1740521269 on cpu 44 ***
*** SIGTERM received at time=1740521269 on cpu 13 ***
*** SIGTERM received at time=1740521269 on cpu 44 ***
*** SIGTERM received at time=1740521269 on cpu 49 ***
*** SIGTERM received at time=1740521269 on cpu 15 ***
*** SIGTERM received at time=1740521269 on cpu 17 ***
*** SIGTERM received at time=1740521269 on cpu 33 ***
*** SIGTERM received at time=1740521269 on cpu 50 ***
*** SIGTERM received at time=1740521269 on cpu 6 ***
*** SIGTERM received at time=1740521269 on cpu 14 ***
*** SIGTERM received at time=1740521269 on cpu 44 ***
*** SIGTERM received at time=1740521269 on cpu 10 ***
*** SIGTERM received at time=1740521269 on cpu 0 ***
*** SIGTERM received at time=1740521269 on cpu 14 ***
*** SIGTERM received at time=1740521269 on cpu 37 ***
*** SIGTERM received at time=1740521269 on cpu 4 ***
*** SIGTERM received at time=1740521269 on cpu 49 ***
*** SIGTERM received at time=1740521269 on cpu 12 ***
*** SIGTERM received at time=1740521269 on cpu 36 ***
*** SIGTERM received at time=1740521269 on cpu 38 ***
*** SIGTERM received at time=1740521269 on cpu 48 ***
*** SIGTERM received at time=1740521269 on cpu 38 ***
*** SIGTERM received at time=1740521269 on cpu 9 ***
*** SIGTERM received at time=1740521269 on cpu 48 ***
*** SIGTERM received at time=1740521269 on cpu 1 ***
*** SIGTERM received at time=1740521269 on cpu 4 ***
*** SIGTERM received at time=1740521269 on cpu 1 ***
*** SIGTERM received at time=1740521269 on cpu 9 ***
*** SIGTERM received at time=1740521269 on cpu 34 ***
*** SIGTERM received at time=1740521269 on cpu 51 ***
*** SIGTERM received at time=1740521269 on cpu 2 ***
*** SIGTERM received at time=1740521269 on cpu 16 ***
*** SIGTERM received at time=1740521269 on cpu 7 ***
*** SIGTERM received at time=1740521269 on cpu 35 ***
*** SIGTERM received at time=1740521269 on cpu 2 ***
*** SIGTERM received at time=1740521269 on cpu 19 ***
*** SIGTERM received at time=1740521269 on cpu 27 ***
*** SIGTERM received at time=1740521269 on cpu 32 ***
*** SIGTERM received at time=1740521269 on cpu 50 ***
*** SIGTERM received at time=1740521269 on cpu 43 ***
*** SIGTERM received at time=1740521269 on cpu 46 ***
*** SIGTERM received at time=1740521269 on cpu 9 ***
*** SIGTERM received at time=1740521269 on cpu 5 ***
*** SIGTERM received at time=1740521269 on cpu 44 ***
*** SIGTERM received at time=1740521269 on cpu 36 ***
*** SIGTERM received at time=1740521269 on cpu 39 ***
*** SIGTERM received at time=1740521269 on cpu 49 ***
*** SIGTERM received at time=1740521269 on cpu 32 ***
*** SIGTERM received at time=1740521269 on cpu 57 ***
*** SIGTERM received at time=1740521269 on cpu 32 ***
*** SIGTERM received at time=1740521269 on cpu 47 ***
*** SIGTERM received at time=1740521269 on cpu 9 ***
*** SIGTERM received at time=1740521269 on cpu 0 ***
*** SIGTERM received at time=1740521269 on cpu 49 ***
*** SIGTERM received at time=1740521269 on cpu 14 ***
*** SIGTERM received at time=1740521269 on cpu 49 ***
*** SIGTERM received at time=1740521269 on cpu 1 ***
*** SIGTERM received at time=1740521269 on cpu 41 ***
*** SIGTERM received at time=1740521269 on cpu 49 ***
*** SIGTERM received at time=1740521269 on cpu 40 ***
*** SIGTERM received at time=1740521269 on cpu 4 ***
*** SIGTERM received at time=1740521269 on cpu 12 ***
*** SIGTERM received at time=1740521269 on cpu 11 ***
*** SIGTERM received at time=1740521269 on cpu 4 ***
*** SIGTERM received at time=1740521269 on cpu 45 ***
*** SIGTERM received at time=1740521269 on cpu 46 ***
*** SIGTERM received at time=1740521269 on cpu 8 ***
*** SIGTERM received at time=1740521269 on cpu 29 ***
*** SIGTERM received at time=1740521269 on cpu 19 ***
*** SIGTERM received at time=1740521269 on cpu 37 ***
*** SIGTERM received at time=1740521269 on cpu 50 ***
*** SIGTERM received at time=1740521269 on cpu 3 ***
*** SIGTERM received at time=1740521269 on cpu 0 ***
*** SIGTERM received at time=1740521269 on cpu 33 ***
*** SIGTERM received at time=1740521269 on cpu 37 ***
*** SIGTERM received at time=1740521269 on cpu 34 ***
*** SIGTERM received at time=1740521269 on cpu 10 ***
*** SIGTERM received at time=1740521269 on cpu 19 ***
*** SIGTERM received at time=1740521269 on cpu 1 ***
*** SIGTERM received at time=1740521269 on cpu 36 ***
*** SIGTERM received at time=1740521269 on cpu 47 ***
*** SIGTERM received at time=1740521269 on cpu 51 ***
*** SIGTERM received at time=1740521269 on cpu 7 ***
*** SIGTERM received at time=1740521269 on cpu 8 ***
*** SIGTERM received at time=1740521269 on cpu 32 ***
*** SIGTERM received at time=1740521269 on cpu 50 ***
*** SIGTERM received at time=1740521269 on cpu 48 ***
*** SIGTERM received at time=1740521269 on cpu 15 ***
*** SIGTERM received at time=1740521269 on cpu 11 ***
*** SIGTERM received at time=1740521269 on cpu 9 ***
*** SIGTERM received at time=1740521269 on cpu 3 ***
*** SIGTERM received at time=1740521269 on cpu 19 ***
*** SIGTERM received at time=1740521269 on cpu 9 ***
*** SIGTERM received at time=1740521269 on cpu 41 ***
*** SIGTERM received at time=1740521269 on cpu 62 ***
*** SIGTERM received at time=1740521269 on cpu 39 ***
*** SIGTERM received at time=1740521269 on cpu 38 ***
*** SIGTERM received at time=1740521269 on cpu 49 ***
*** SIGTERM received at time=1740521269 on cpu 43 ***
*** SIGTERM received at time=1740521269 on cpu 3 ***
*** SIGTERM received at time=1740521269 on cpu 15 ***
*** SIGTERM received at time=1740521269 on cpu 2 ***
*** SIGTERM received at time=1740521269 on cpu 15 ***
*** SIGTERM received at time=1740521269 on cpu 14 ***
*** SIGTERM received at time=1740521269 on cpu 12 ***
*** SIGTERM received at time=1740521269 on cpu 39 ***
*** SIGTERM received at time=1740521269 on cpu 35 ***
*** SIGTERM received at time=1740521269 on cpu 5 ***
*** SIGTERM received at time=1740521269 on cpu 18 ***
*** SIGTERM received at time=1740521269 on cpu 3 ***
*** SIGTERM received at time=1740521269 on cpu 14 ***
*** SIGTERM received at time=1740521269 on cpu 8 ***
*** SIGTERM received at time=1740521269 on cpu 43 ***
*** SIGTERM received at time=1740521269 on cpu 11 ***
*** SIGTERM received at time=1740521269 on cpu 10 ***
*** SIGTERM received at time=1740521269 on cpu 45 ***
*** SIGTERM received at time=1740521269 on cpu 48 ***
*** SIGTERM received at time=1740521269 on cpu 4 ***
*** SIGTERM received at time=1740521269 on cpu 16 ***
*** SIGTERM received at time=1740521269 on cpu 16 ***
*** SIGTERM received at time=1740521269 on cpu 1 ***
*** SIGTERM received at time=1740521269 on cpu 1 ***
*** SIGTERM received at time=1740521269 on cpu 8 ***
*** SIGTERM received at time=1740521269 on cpu 43 ***
*** SIGTERM received at time=1740521269 on cpu 5 ***
*** SIGTERM received at time=1740521269 on cpu 1 ***
*** SIGTERM received at time=1740521269 on cpu 6 ***
*** SIGTERM received at time=1740521269 on cpu 34 ***
*** SIGTERM received at time=1740521269 on cpu 16 ***
*** SIGTERM received at time=1740521269 on cpu 0 ***
*** SIGTERM received at time=1740521269 on cpu 15 ***
*** SIGTERM received at time=1740521269 on cpu 11 ***
*** SIGTERM received at time=1740521269 on cpu 10 ***
*** SIGTERM received at time=1740521269 on cpu 7 ***
*** SIGTERM received at time=1740521269 on cpu 3 ***
*** SIGTERM received at time=1740521269 on cpu 62 ***
*** SIGTERM received at time=1740521269 on cpu 1 ***
*** SIGTERM received at time=1740521269 on cpu 17 ***
*** SIGTERM received at time=1740521269 on cpu 50 ***
*** SIGTERM received at time=1740521269 on cpu 2 ***
*** SIGTERM received at time=1740521269 on cpu 8 ***
*** SIGTERM received at time=1740521269 on cpu 4 ***
*** SIGTERM received at time=1740521269 on cpu 28 ***
*** SIGTERM received at time=1740521269 on cpu 40 ***
*** SIGTERM received at time=1740521269 on cpu 13 ***
*** SIGTERM received at time=1740521269 on cpu 19 ***
*** SIGTERM received at time=1740521269 on cpu 14 ***
*** SIGTERM received at time=1740521269 on cpu 48 ***
*** SIGTERM received at time=1740521269 on cpu 0 ***
*** SIGTERM received at time=1740521269 on cpu 59 ***
*** SIGTERM received at time=1740521269 on cpu 23 ***
*** SIGTERM received at time=1740521269 on cpu 12 ***
*** SIGTERM received at time=1740521269 on cpu 44 ***
*** SIGTERM received at time=1740521269 on cpu 20 ***
*** SIGTERM received at time=1740521269 on cpu 5 ***
*** SIGTERM received at time=1740521269 on cpu 26 ***
*** SIGTERM received at time=1740521269 on cpu 24 ***
*** SIGTERM received at time=1740521269 on cpu 51 ***
*** SIGTERM received at time=1740521269 on cpu 11 ***
*** SIGTERM received at time=1740521269 on cpu 15 ***
*** SIGTERM received at time=1740521269 on cpu 2 ***
*** SIGTERM received at time=1740521269 on cpu 49 ***
*** SIGTERM received at time=1740521269 on cpu 35 ***
*** SIGTERM received at time=1740521269 on cpu 33 ***
*** SIGTERM received at time=1740521269 on cpu 7 ***
*** SIGTERM received at time=1740521269 on cpu 15 ***
*** SIGTERM received at time=1740521269 on cpu 38 ***
*** SIGTERM received at time=1740521269 on cpu 4 ***
*** SIGTERM received at time=1740521269 on cpu 0 ***
*** SIGTERM received at time=1740521269 on cpu 36 ***
*** SIGTERM received at time=1740521269 on cpu 17 ***
*** SIGTERM received at time=1740521269 on cpu 13 ***
*** SIGTERM received at time=1740521269 on cpu 14 ***
*** SIGTERM received at time=1740521269 on cpu 3 ***
*** SIGTERM received at time=1740521269 on cpu 1 ***
*** SIGTERM received at time=1740521269 on cpu 42 ***
*** SIGTERM received at time=1740521269 on cpu 14 ***
*** SIGTERM received at time=1740521269 on cpu 34 ***
*** SIGTERM received at time=1740521269 on cpu 16 ***
*** SIGTERM received at time=1740521269 on cpu 8 ***
*** SIGTERM received at time=1740521269 on cpu 14 ***
*** SIGTERM received at time=1740521269 on cpu 7 ***
*** SIGTERM received at time=1740521269 on cpu 13 ***
*** SIGTERM received at time=1740521269 on cpu 6 ***
*** SIGTERM received at time=1740521269 on cpu 14 ***
*** SIGTERM received at time=1740521269 on cpu 1 ***
*** SIGTERM received at time=1740521269 on cpu 12 ***
*** SIGTERM received at time=1740521269 on cpu 12 ***
*** SIGTERM received at time=1740521269 on cpu 6 ***
*** SIGTERM received at time=1740521269 on cpu 3 ***
*** SIGTERM received at time=1740521269 on cpu 5 ***
*** SIGTERM received at time=1740521269 on cpu 9 ***
*** SIGTERM received at time=1740521269 on cpu 16 ***
*** SIGTERM received at time=1740521269 on cpu 7 ***
*** SIGTERM received at time=1740521269 on cpu 8 ***
*** SIGTERM received at time=1740521269 on cpu 13 ***
*** SIGTERM received at time=1740521269 on cpu 7 ***
*** SIGTERM received at time=1740521269 on cpu 4 ***
*** SIGTERM received at time=1740521269 on cpu 4 ***
*** SIGTERM received at time=1740521269 on cpu 13 ***
*** SIGTERM received at time=1740521269 on cpu 7 ***
*** SIGTERM received at time=1740521269 on cpu 15 ***
[failure_signal_handler.cc : 329] RAW: Signal 15 raised at PC=0x145a91a4f54c while already in AbslFailureSignalHandler()
*** SIGTERM received at time=1740521269 on cpu 49 ***
