slurmstepd: info: Setting TMPDIR to /scratch/10942696. Previous errors about TMPDIR can be discarded
Slurm job started at 12/03/2025_07:54:05 PM

In transit.
Initing Ray (1 head node + 2 worker nodes + 2 simulation nodes) on nodes: 
	ilk-152 ilk-154 ilk-157 ilk-158 ilk-159
Head node: 172.30.204.8:6379


RAY_DEPLOY_TIME:     23.46819
2025-03-12 19:54:32,047	INFO packaging.py:520 -- Creating a file package for local directory '/mnt/lustre/scratch/nlsas/home/ulc/cursos/curso341/dask_on_reisa_tests/E6/DASK_ON_REISA_ONE_ACTOR/reduction/P4-SN2-LS536-GS2147-I20-AN2-D2025-03-12_10-04-53'.
2025-03-12 19:54:32,073	INFO packaging.py:347 -- Pushing file package 'gcs://_ray_pkg_ce9bf1af8cad691a.zip' (0.48MiB) to Ray cluster...
2025-03-12 19:54:32,080	INFO packaging.py:360 -- Successfully pushed file package 'gcs://_ray_pkg_ce9bf1af8cad691a.zip'.
RAY_INIT_TIME:       3.19451
Iter [0]
Iter [2]
Iter [4]
Iter [6]
Iter [8]
Iter [10]
Iter [12]
Iter [14]
Iter [16]
Iter [18]
GLOBAL_PUT_TIME:     13.84368634223938 (avg:0.69218)
ACTOR_CONCURRENCY:   8
SIMULATION_TIME:     233.409700726000011 (avg: 11.670485036300001)
SIM_WTHOUT_PDI:      97.435687503999986 (avg: 4.871784375199999)
PDI_DELAY:           135.974013222000025 (avg: 6.798700661100002)

GLOBAL_SIZE_(GiB):   2097152
LOCAL_SIZE_(MiB):    512
ITERATIONS:          20

MPI_PER_NODE:        2
MPI_PARALLELISM:     4

WORKER_NODES:        2
CPUS_PER_WORKER:     64
WORKER_PARALLELISM:  128


SLURM_JOB_ID:        10942696
srun: Job step aborted: Waiting up to 32 seconds for job step to finish.
slurmstepd: error: *** JOB 10942696 ON ilk-152 CANCELLED AT 2025-03-12T20:14:16 DUE TO TIME LIMIT ***
slurmstepd: error: *** STEP 10942696.6 ON ilk-154 CANCELLED AT 2025-03-12T20:14:16 DUE TO TIME LIMIT ***
