slurmstepd: info: Setting TMPDIR to /scratch/10772528. Previous errors about TMPDIR can be discarded
Slurm job started at 26/02/2025_12:37:46 AM

In transit.
Initing Ray (1 head node + 2 worker nodes + 2 simulation nodes) on nodes: 
	ilk-104 ilk-105 ilk-106 ilk-107 ilk-108
Head node: 172.30.203.8:6379


RAY_DEPLOY_TIME:     23.71307
RAY_INIT_TIME:       3.13614
Iter [0]
2025-02-26 00:38:15,007	INFO packaging.py:520 -- Creating a file package for local directory '/mnt/lustre/scratch/nlsas/home/ulc/cursos/curso341/dask_on_reisa_tests/E1/DASK_ON_REISA_ONE_ACTOR/derivative/P4-SN2-LS536-GS2147-I12-AN2-D2025-02-25_20-32-04'.
2025-02-26 00:38:15,035	INFO packaging.py:347 -- Pushing file package 'gcs://_ray_pkg_4e023b1d8ac009b6.zip' (0.48MiB) to Ray cluster...
2025-02-26 00:38:15,042	INFO packaging.py:360 -- Successfully pushed file package 'gcs://_ray_pkg_4e023b1d8ac009b6.zip'.
Iter [1]
Iter [2]
Iter [3]
Iter [4]
Iter [5]
Iter [6]
Iter [7]
Iter [8]
Iter [9]
Iter [10]
Iter [11]
GLOBAL_PUT_TIME:     9.738250732421875 (avg:0.81152)
ACTOR_CONCURRENCY:   8
SIMULATION_TIME:     85.549583093999999 (avg: 7.129131924500000)
SIM_WTHOUT_PDI:      58.266537920999973 (avg: 4.855544826749997)
PDI_DELAY:           27.283045173000026 (avg: 2.273587097750002)

GLOBAL_SIZE_(GiB):   2097152
LOCAL_SIZE_(MiB):    512
ITERATIONS:          12

MPI_PER_NODE:        2
MPI_PARALLELISM:     4

WORKER_NODES:        2
CPUS_PER_WORKER:     30
WORKER_PARALLELISM:  60


SLURM_JOB_ID:        10772528
srun: Job step aborted: Waiting up to 32 seconds for job step to finish.
slurmstepd: error: *** JOB 10772528 ON ilk-104 CANCELLED AT 2025-02-26T00:57:49 DUE TO TIME LIMIT ***
slurmstepd: error: *** STEP 10772528.6 ON ilk-105 CANCELLED AT 2025-02-26T00:57:49 DUE TO TIME LIMIT ***
