slurmstepd: info: Setting TMPDIR to /scratch/10932588. Previous errors about TMPDIR can be discarded
Slurm job started at 10/03/2025_07:25:51 PM

In transit.
Initing Ray (1 head node + 2 worker nodes + 4 simulation nodes) on nodes: 
	ilk-162 ilk-163 ilk-164 ilk-165 ilk-166 ilk-167 ilk-170
Head node: 172.30.204.18:6379


RAY_DEPLOY_TIME:     23.95412
2025-03-10 19:26:21,695	INFO packaging.py:520 -- Creating a file package for local directory '/mnt/lustre/scratch/nlsas/home/ulc/cursos/curso341/dask_on_reisa_tests/E5/REISA_ONE_ACTOR/reduction/P128-SN4-LS1-GS134-I20-AN2-D2025-03-10_18-38-53'.
RAY_INIT_TIME:       4.25190
Iter [0]
2025-03-10 19:26:23,470	INFO packaging.py:347 -- Pushing file package 'gcs://_ray_pkg_a64a40cd9a601b22.zip' (0.48MiB) to Ray cluster...
2025-03-10 19:26:23,476	INFO packaging.py:360 -- Successfully pushed file package 'gcs://_ray_pkg_a64a40cd9a601b22.zip'.
Iter [2]
Iter [4]
Iter [6]
Iter [8]
Iter [10]
Iter [12]
Iter [14]
Iter [16]
Iter [18]
GLOBAL_PUT_TIME:     0.08267545700073242 (avg:0.00413)
ACTOR_CONCURRENCY:   8
EST_ANALYTICS_TIME:  44.84440 (avg:2.24222)
SIMULATION_TIME:     48.492990379999995 (avg: 2.424649519000000)
SIM_WTHOUT_PDI:      25.371702929000001 (avg: 1.268585146450000)
PDI_DELAY:           23.121287450999993 (avg: 1.156064372550000)

GLOBAL_SIZE_(GiB):   131072
LOCAL_SIZE_(MiB):    1
ITERATIONS:          20

MPI_PER_NODE:        32
MPI_PARALLELISM:     128

WORKER_NODES:        2
CPUS_PER_WORKER:     64
WORKER_PARALLELISM:  128


SLURM_JOB_ID:        10932588

Slurm job finished at 10/03/2025_07:27:12 PM

*****************************************************************************
*                                                                           *
*                    JOB EFFICIENCY REPORT (seff 10932588)                   *
*                                                                           *
*****************************************************************************

Job ID: 10932588
Cluster: finisterrae3
User/Group: curso341/ulc
State: COMPLETED (exit code 0)
Nodes: 7
Cores per node: 64
CPU Utilized: 01:03:11
CPU Efficiency: 10.32% of 10:12:16 core-walltime
Job Wall-clock time: 00:01:22
Memory Utilized: 4.29 GB
Memory Efficiency: 0.28% of 1.48 TB

 +++++++++++++++++++++++++++++++++++++++++++++++++++++++++++++++++++++++++++
 ++   Memory Efficiency is too small. Please review the requested memory. ++
 ++ It seems that you do not need that much memory so we recommend        ++
 ++ requesting less memory in other similar jobs.                         ++
 +++++++++++++++++++++++++++++++++++++++++++++++++++++++++++++++++++++++++++
 
*****************************************************************************






*****************************************************************************
*****************************************************************************
*****************************************************************************
*****************************************************************************
*****************************************************************************

*                                                                           *
*                                                                           *
*                                                                           *
*                                                                           *
*                                                                           *
*****************************************************************************
*                    JOB EFFICIENCY REPORT (seff 10932588)                   *
*                    JOB EFFICIENCY REPORT (seff 10932588)                   *
*                    JOB EFFICIENCY REPORT (seff 10932588)                   *
*                    JOB EFFICIENCY REPORT (seff 10932588)                   *
*                    JOB EFFICIENCY REPORT (seff 10932588)                   *
*                                                                           *
*                                                                           *
*                                                                           *
*                                                                           *
*                                                                           *
*                                                                           *
*                    JOB EFFICIENCY REPORT (seff 10932588)                   *
*****************************************************************************
*****************************************************************************
*****************************************************************************
*****************************************************************************
*****************************************************************************
*                                                                           *





*****************************************************************************
Job ID: 10932588
Job ID: 10932588
Job ID: 10932588
Job ID: 10932588
Job ID: 10932588

Cluster: finisterrae3
Cluster: finisterrae3
Cluster: finisterrae3
Cluster: finisterrae3
Cluster: finisterrae3
Job ID: 10932588
User/Group: curso341/ulc
User/Group: curso341/ulc
User/Group: curso341/ulc
User/Group: curso341/ulc
User/Group: curso341/ulc
Cluster: finisterrae3
State: COMPLETED (exit code 0)
State: COMPLETED (exit code 0)
State: COMPLETED (exit code 0)
State: COMPLETED (exit code 0)
State: COMPLETED (exit code 0)
User/Group: curso341/ulc
Nodes: 7
Nodes: 7
Nodes: 7
Nodes: 7
Nodes: 7
State: COMPLETED (exit code 0)
Cores per node: 64
Cores per node: 64
Cores per node: 64
Cores per node: 64
Cores per node: 64
Nodes: 7
CPU Utilized: 01:03:11
CPU Utilized: 01:03:11
CPU Utilized: 01:03:11
CPU Utilized: 01:03:11
CPU Utilized: 01:03:11
Cores per node: 64
CPU Efficiency: 10.32% of 10:12:16 core-walltime
CPU Efficiency: 10.32% of 10:12:16 core-walltime
CPU Efficiency: 10.32% of 10:12:16 core-walltime
CPU Efficiency: 10.32% of 10:12:16 core-walltime
CPU Efficiency: 10.32% of 10:12:16 core-walltime
CPU Utilized: 01:03:35
Job Wall-clock time: 00:01:22
Job Wall-clock time: 00:01:22
Job Wall-clock time: 00:01:22
Job Wall-clock time: 00:01:22
Job Wall-clock time: 00:01:22
CPU Efficiency: 10.38% of 10:12:16 core-walltime
Memory Utilized: 4.29 GB
Memory Utilized: 4.29 GB
Memory Utilized: 4.29 GB
Memory Utilized: 4.29 GB
Memory Utilized: 4.29 GB
Job Wall-clock time: 00:01:22
Memory Efficiency: 0.28% of 1.48 TB
Memory Efficiency: 0.28% of 1.48 TB
Memory Efficiency: 0.28% of 1.48 TB
Memory Efficiency: 0.28% of 1.48 TB
Memory Efficiency: 0.28% of 1.48 TB
Memory Utilized: 4.29 GB





Memory Efficiency: 0.28% of 1.48 TB
 +++++++++++++++++++++++++++++++++++++++++++++++++++++++++++++++++++++++++++
 +++++++++++++++++++++++++++++++++++++++++++++++++++++++++++++++++++++++++++
 +++++++++++++++++++++++++++++++++++++++++++++++++++++++++++++++++++++++++++
 +++++++++++++++++++++++++++++++++++++++++++++++++++++++++++++++++++++++++++
 +++++++++++++++++++++++++++++++++++++++++++++++++++++++++++++++++++++++++++

 ++   Memory Efficiency is too small. Please review the requested memory. ++
 ++   Memory Efficiency is too small. Please review the requested memory. ++
 ++   Memory Efficiency is too small. Please review the requested memory. ++
 ++   Memory Efficiency is too small. Please review the requested memory. ++
 ++   Memory Efficiency is too small. Please review the requested memory. ++
 +++++++++++++++++++++++++++++++++++++++++++++++++++++++++++++++++++++++++++
 ++ It seems that you do not need that much memory so we recommend        ++
 ++ It seems that you do not need that much memory so we recommend        ++
 ++ It seems that you do not need that much memory so we recommend        ++
 ++ It seems that you do not need that much memory so we recommend        ++
 ++ It seems that you do not need that much memory so we recommend        ++
 ++   Memory Efficiency is too small. Please review the requested memory. ++
 ++ requesting less memory in other similar jobs.                         ++
 ++ requesting less memory in other similar jobs.                         ++
 ++ requesting less memory in other similar jobs.                         ++
 ++ requesting less memory in other similar jobs.                         ++
 ++ requesting less memory in other similar jobs.                         ++
 ++ It seems that you do not need that much memory so we recommend        ++
 +++++++++++++++++++++++++++++++++++++++++++++++++++++++++++++++++++++++++++
 +++++++++++++++++++++++++++++++++++++++++++++++++++++++++++++++++++++++++++
 +++++++++++++++++++++++++++++++++++++++++++++++++++++++++++++++++++++++++++
 +++++++++++++++++++++++++++++++++++++++++++++++++++++++++++++++++++++++++++
 +++++++++++++++++++++++++++++++++++++++++++++++++++++++++++++++++++++++++++
 ++ requesting less memory in other similar jobs.                         ++
 
 
 
 
 
 +++++++++++++++++++++++++++++++++++++++++++++++++++++++++++++++++++++++++++
*****************************************************************************
*****************************************************************************
*****************************************************************************
*****************************************************************************
*****************************************************************************
 





*****************************************************************************

