slurmstepd: info: Setting TMPDIR to /scratch/10932543. Previous errors about TMPDIR can be discarded
Slurm job started at 10/03/2025_06:41:40 PM

In transit.
Initing Ray (1 head node + 4 worker nodes + 4 simulation nodes) on nodes: 
	ilk-145 ilk-146 ilk-147 ilk-148 ilk-150 ilk-151 ilk-152 ilk-153 ilk-154
Head node: 172.30.204.1:6379


RAY_DEPLOY_TIME:     24.29212
2025-03-10 18:42:06,845	INFO packaging.py:520 -- Creating a file package for local directory '/mnt/lustre/scratch/nlsas/home/ulc/cursos/curso341/dask_on_reisa_tests/E5/REISA/reduction/P8-SN4-LS536-GS4294-I20-AN4-D2025-03-10_18-35-57'.
2025-03-10 18:42:06,875	INFO packaging.py:347 -- Pushing file package 'gcs://_ray_pkg_ea33db64421f2a56.zip' (0.48MiB) to Ray cluster...
2025-03-10 18:42:06,881	INFO packaging.py:360 -- Successfully pushed file package 'gcs://_ray_pkg_ea33db64421f2a56.zip'.
RAY_INIT_TIME:       3.27561
Iter [0]
Iter [2]
Iter [4]
Iter [6]
Iter [8]
Iter [10]
Iter [12]
Iter [14]
Iter [16]
Iter [18]
EST_ANALYTICS_TIME:  107.73957 (avg:5.38698)
GLOBAL_PUT_TIME:     16.942946434020996 (avg:0.84715)
ACTOR_CONCURRENCY:   8
SIMULATION_TIME:     113.381201422999993 (avg: 5.669060071150000)
SIM_WTHOUT_PDI:      93.410832229999968 (avg: 4.670541611499998)
PDI_DELAY:           19.970369193000025 (avg: 0.998518459650001)

GLOBAL_SIZE_(GiB):   4194304
LOCAL_SIZE_(MiB):    512
ITERATIONS:          20

MPI_PER_NODE:        2
MPI_PARALLELISM:     8

WORKER_NODES:        4
CPUS_PER_WORKER:     64
WORKER_PARALLELISM:  256


SLURM_JOB_ID:        10932543

Slurm job finished at 10/03/2025_06:44:03 PM

*****************************************************************************
*                                                                           *
*                    JOB EFFICIENCY REPORT (seff 10932543)                   *
*                                                                           *
*****************************************************************************

Job ID: 10932543
Cluster: finisterrae3
User/Group: curso341/ulc
State: COMPLETED (exit code 0)
Nodes: 9
Cores per node: 64
CPU Utilized: 00:15:16
CPU Efficiency: 1.10% of 23:02:24 core-walltime
Job Wall-clock time: 00:02:24
Memory Utilized: 13.89 GB (estimated maximum)
Memory Efficiency: 0.71% of 1.91 TB (3.39 GB/core)

 +++++++++++++++++++++++++++++++++++++++++++++++++++++++++++++++++++++++++++
 ++   Memory Efficiency is too small. Please review the requested memory. ++
 ++ It seems that you do not need that much memory so we recommend        ++
 ++ requesting less memory in other similar jobs.                         ++
 +++++++++++++++++++++++++++++++++++++++++++++++++++++++++++++++++++++++++++
 
*****************************************************************************


*****************************************************************************
*                                                                           *
*                    JOB EFFICIENCY REPORT (seff 10932543)                   *
*                                                                           *
*****************************************************************************

Job ID: 10932543
Cluster: finisterrae3
User/Group: curso341/ulc
State: COMPLETED (exit code 0)
Nodes: 9
Cores per node: 64
CPU Utilized: 00:15:16
CPU Efficiency: 1.10% of 23:02:24 core-walltime
Job Wall-clock time: 00:02:24
Memory Utilized: 13.89 GB (estimated maximum)
Memory Efficiency: 0.71% of 1.91 TB (3.39 GB/core)

 +++++++++++++++++++++++++++++++++++++++++++++++++++++++++++++++++++++++++++
 ++   Memory Efficiency is too small. Please review the requested memory. ++
 ++ It seems that you do not need that much memory so we recommend        ++
 ++ requesting less memory in other similar jobs.                         ++
 +++++++++++++++++++++++++++++++++++++++++++++++++++++++++++++++++++++++++++
 
*****************************************************************************


*****************************************************************************
*                                                                           *
*                    JOB EFFICIENCY REPORT (seff 10932543)                   *
*                                                                           *
*****************************************************************************

Job ID: 10932543
Cluster: finisterrae3
User/Group: curso341/ulc
State: COMPLETED (exit code 0)
Nodes: 9
Cores per node: 64
CPU Utilized: 00:15:16
CPU Efficiency: 1.10% of 23:02:24 core-walltime
Job Wall-clock time: 00:02:24
Memory Utilized: 13.89 GB (estimated maximum)
Memory Efficiency: 0.71% of 1.91 TB (3.39 GB/core)

 +++++++++++++++++++++++++++++++++++++++++++++++++++++++++++++++++++++++++++
 ++   Memory Efficiency is too small. Please review the requested memory. ++
 ++ It seems that you do not need that much memory so we recommend        ++
 ++ requesting less memory in other similar jobs.                         ++
 +++++++++++++++++++++++++++++++++++++++++++++++++++++++++++++++++++++++++++
 
*****************************************************************************


*****************************************************************************
*                                                                           *
*                    JOB EFFICIENCY REPORT (seff 10932543)                   *
*                                                                           *
*****************************************************************************

Job ID: 10932543
Cluster: finisterrae3
User/Group: curso341/ulc
State: COMPLETED (exit code 0)
Nodes: 9
Cores per node: 64
CPU Utilized: 00:15:36
CPU Efficiency: 1.13% of 23:02:24 core-walltime
Job Wall-clock time: 00:02:24
Memory Utilized: 13.89 GB (estimated maximum)
Memory Efficiency: 0.71% of 1.91 TB (3.39 GB/core)

 +++++++++++++++++++++++++++++++++++++++++++++++++++++++++++++++++++++++++++
 ++   Memory Efficiency is too small. Please review the requested memory. ++
 ++ It seems that you do not need that much memory so we recommend        ++
 ++ requesting less memory in other similar jobs.                         ++
 +++++++++++++++++++++++++++++++++++++++++++++++++++++++++++++++++++++++++++
 
*****************************************************************************





*****************************************************************************
*****************************************************************************
*****************************************************************************
*****************************************************************************
*                                                                           *
*                                                                           *
*                                                                           *
*                                                                           *
*                    JOB EFFICIENCY REPORT (seff 10932543)                   *
*                    JOB EFFICIENCY REPORT (seff 10932543)                   *
*                    JOB EFFICIENCY REPORT (seff 10932543)                   *
*                    JOB EFFICIENCY REPORT (seff 10932543)                   *
*                                                                           *
*                                                                           *
*                                                                           *
*                                                                           *
*****************************************************************************
*****************************************************************************
*****************************************************************************
*****************************************************************************




Job ID: 10932543
Job ID: 10932543
Job ID: 10932543
Job ID: 10932543
Cluster: finisterrae3
Cluster: finisterrae3
Cluster: finisterrae3
Cluster: finisterrae3
User/Group: curso341/ulc
User/Group: curso341/ulc
User/Group: curso341/ulc
User/Group: curso341/ulc
State: COMPLETED (exit code 0)
State: COMPLETED (exit code 0)
State: COMPLETED (exit code 0)
State: COMPLETED (exit code 0)
Nodes: 9
Nodes: 9
Nodes: 9
Nodes: 9
Cores per node: 64
Cores per node: 64
Cores per node: 64
Cores per node: 64
CPU Utilized: 00:23:42
CPU Utilized: 00:23:42
CPU Utilized: 00:23:42
CPU Utilized: 00:23:42
CPU Efficiency: 1.71% of 23:02:24 core-walltime
CPU Efficiency: 1.71% of 23:02:24 core-walltime
CPU Efficiency: 1.71% of 23:02:24 core-walltime
CPU Efficiency: 1.71% of 23:02:24 core-walltime
Job Wall-clock time: 00:02:24
Job Wall-clock time: 00:02:24
Job Wall-clock time: 00:02:24
Job Wall-clock time: 00:02:24
Memory Utilized: 13.89 GB (estimated maximum)
Memory Utilized: 13.89 GB (estimated maximum)
Memory Utilized: 13.89 GB (estimated maximum)
Memory Utilized: 13.89 GB (estimated maximum)
Memory Efficiency: 0.71% of 1.91 TB (3.39 GB/core)
Memory Efficiency: 0.71% of 1.91 TB (3.39 GB/core)
Memory Efficiency: 0.71% of 1.91 TB (3.39 GB/core)
Memory Efficiency: 0.71% of 1.91 TB (3.39 GB/core)




 +++++++++++++++++++++++++++++++++++++++++++++++++++++++++++++++++++++++++++
 +++++++++++++++++++++++++++++++++++++++++++++++++++++++++++++++++++++++++++
 +++++++++++++++++++++++++++++++++++++++++++++++++++++++++++++++++++++++++++
 +++++++++++++++++++++++++++++++++++++++++++++++++++++++++++++++++++++++++++
 ++   Memory Efficiency is too small. Please review the requested memory. ++
 ++   Memory Efficiency is too small. Please review the requested memory. ++
 ++   Memory Efficiency is too small. Please review the requested memory. ++
 ++   Memory Efficiency is too small. Please review the requested memory. ++
 ++ It seems that you do not need that much memory so we recommend        ++
 ++ It seems that you do not need that much memory so we recommend        ++
 ++ It seems that you do not need that much memory so we recommend        ++
 ++ It seems that you do not need that much memory so we recommend        ++
 ++ requesting less memory in other similar jobs.                         ++
 ++ requesting less memory in other similar jobs.                         ++
 ++ requesting less memory in other similar jobs.                         ++
 ++ requesting less memory in other similar jobs.                         ++
 +++++++++++++++++++++++++++++++++++++++++++++++++++++++++++++++++++++++++++
 +++++++++++++++++++++++++++++++++++++++++++++++++++++++++++++++++++++++++++
 +++++++++++++++++++++++++++++++++++++++++++++++++++++++++++++++++++++++++++
 +++++++++++++++++++++++++++++++++++++++++++++++++++++++++++++++++++++++++++
 
 
 
 
*****************************************************************************
*****************************************************************************
*****************************************************************************
*****************************************************************************





*****************************************************************************
*                                                                           *
*                    JOB EFFICIENCY REPORT (seff 10932543)                   *
*                                                                           *
*****************************************************************************

Job ID: 10932543
Cluster: finisterrae3
User/Group: curso341/ulc
State: COMPLETED (exit code 0)
Nodes: 9
Cores per node: 64
CPU Utilized: 00:28:54
CPU Efficiency: 2.09% of 23:02:24 core-walltime
Job Wall-clock time: 00:02:24
Memory Utilized: 6.76 GB
Memory Efficiency: 0.35% of 1.91 TB

 +++++++++++++++++++++++++++++++++++++++++++++++++++++++++++++++++++++++++++
 ++   Memory Efficiency is too small. Please review the requested memory. ++
 ++ It seems that you do not need that much memory so we recommend        ++
 ++ requesting less memory in other similar jobs.                         ++
 +++++++++++++++++++++++++++++++++++++++++++++++++++++++++++++++++++++++++++
 
*****************************************************************************

