slurmstepd: info: Setting TMPDIR to /scratch/10935975. Previous errors about TMPDIR can be discarded
Slurm job started at 11/03/2025_01:14:01 PM

In transit.
Initing Ray (1 head node + 2 worker nodes + 4 simulation nodes) on nodes: 
	ilk-241 ilk-242 ilk-243 ilk-244 ilk-251 ilk-252 ilk-253
Head node: 172.30.211.14:6379


RAY_DEPLOY_TIME:     23.67562
RAY_INIT_TIME:       3.46960
Iter [0]
2025-03-11 13:14:31,113	INFO packaging.py:520 -- Creating a file package for local directory '/mnt/lustre/scratch/nlsas/home/ulc/cursos/curso341/dask_on_reisa_tests/E6/REISA_ONE_ACTOR/reduction/P128-SN4-LS1-GS134-I20-AN2-D2025-03-11_08-52-42'.
2025-03-11 13:14:31,141	INFO packaging.py:347 -- Pushing file package 'gcs://_ray_pkg_55eb1329d16339ac.zip' (0.48MiB) to Ray cluster...
2025-03-11 13:14:31,148	INFO packaging.py:360 -- Successfully pushed file package 'gcs://_ray_pkg_55eb1329d16339ac.zip'.
Iter [2]
Iter [4]
Iter [6]
Iter [8]
Iter [10]
Iter [12]
Iter [14]
Iter [16]
Iter [18]
GLOBAL_PUT_TIME:     0.07182598114013672 (avg:0.00359)
ACTOR_CONCURRENCY:   8
EST_ANALYTICS_TIME:  42.75303 (avg:2.13765)
SIMULATION_TIME:     45.587517628000001 (avg: 2.279375881400000)
SIM_WTHOUT_PDI:      24.135088085000007 (avg: 1.206754404250000)
PDI_DELAY:           21.452429542999994 (avg: 1.072621477150000)

GLOBAL_SIZE_(GiB):   131072
LOCAL_SIZE_(MiB):    1
ITERATIONS:          20

MPI_PER_NODE:        32
MPI_PARALLELISM:     128

WORKER_NODES:        2
CPUS_PER_WORKER:     64
WORKER_PARALLELISM:  128


SLURM_JOB_ID:        10935975

Slurm job finished at 11/03/2025_01:15:18 PM

*****************************************************************************
*                                                                           *
*                    JOB EFFICIENCY REPORT (seff 10935975)                   *
*                                                                           *
*****************************************************************************

Job ID: 10935975
Cluster: finisterrae3
User/Group: curso341/ulc
State: COMPLETED (exit code 0)
Nodes: 7
Cores per node: 64
CPU Utilized: 00:59:22
CPU Efficiency: 10.06% of 09:49:52 core-walltime
Job Wall-clock time: 00:01:19
Memory Utilized: 4.83 GB
Memory Efficiency: 0.32% of 1.48 TB

 +++++++++++++++++++++++++++++++++++++++++++++++++++++++++++++++++++++++++++
 ++   Memory Efficiency is too small. Please review the requested memory. ++
 ++ It seems that you do not need that much memory so we recommend        ++
 ++ requesting less memory in other similar jobs.                         ++
 +++++++++++++++++++++++++++++++++++++++++++++++++++++++++++++++++++++++++++
 
*****************************************************************************


*****************************************************************************
*                                                                           *
*                    JOB EFFICIENCY REPORT (seff 10935975)                   *
*                                                                           *
*****************************************************************************

Job ID: 10935975
Cluster: finisterrae3
User/Group: curso341/ulc
State: COMPLETED (exit code 0)
Nodes: 7
Cores per node: 64
CPU Utilized: 00:59:22
CPU Efficiency: 10.06% of 09:49:52 core-walltime
Job Wall-clock time: 00:01:19
Memory Utilized: 4.83 GB
Memory Efficiency: 0.32% of 1.48 TB

 +++++++++++++++++++++++++++++++++++++++++++++++++++++++++++++++++++++++++++
 ++   Memory Efficiency is too small. Please review the requested memory. ++
 ++ It seems that you do not need that much memory so we recommend        ++
 ++ requesting less memory in other similar jobs.                         ++
 +++++++++++++++++++++++++++++++++++++++++++++++++++++++++++++++++++++++++++
 
*****************************************************************************


*****************************************************************************
*                                                                           *
*                    JOB EFFICIENCY REPORT (seff 10935975)                   *
*                                                                           *
*****************************************************************************

Job ID: 10935975
Cluster: finisterrae3
User/Group: curso341/ulc
State: COMPLETED (exit code 0)
Nodes: 7
Cores per node: 64
CPU Utilized: 00:59:22
CPU Efficiency: 10.06% of 09:49:52 core-walltime
Job Wall-clock time: 00:01:19
Memory Utilized: 4.83 GB
Memory Efficiency: 0.32% of 1.48 TB

 +++++++++++++++++++++++++++++++++++++++++++++++++++++++++++++++++++++++++++
 ++   Memory Efficiency is too small. Please review the requested memory. ++
 ++ It seems that you do not need that much memory so we recommend        ++
 ++ requesting less memory in other similar jobs.                         ++
 +++++++++++++++++++++++++++++++++++++++++++++++++++++++++++++++++++++++++++
 
*****************************************************************************


*****************************************************************************
*                                                                           *
*                    JOB EFFICIENCY REPORT (seff 10935975)                   *
*                                                                           *
*****************************************************************************

Job ID: 10935975
Cluster: finisterrae3
User/Group: curso341/ulc
State: COMPLETED (exit code 0)
Nodes: 7
Cores per node: 64
CPU Utilized: 00:59:22
CPU Efficiency: 10.06% of 09:49:52 core-walltime
Job Wall-clock time: 00:01:19
Memory Utilized: 4.83 GB
Memory Efficiency: 0.32% of 1.48 TB

 +++++++++++++++++++++++++++++++++++++++++++++++++++++++++++++++++++++++++++
 ++   Memory Efficiency is too small. Please review the requested memory. ++
 ++ It seems that you do not need that much memory so we recommend        ++
 ++ requesting less memory in other similar jobs.                         ++
 +++++++++++++++++++++++++++++++++++++++++++++++++++++++++++++++++++++++++++
 
*****************************************************************************


*****************************************************************************
*                                                                           *
*                    JOB EFFICIENCY REPORT (seff 10935975)                   *
*                                                                           *
*****************************************************************************

Job ID: 10935975
Cluster: finisterrae3
User/Group: curso341/ulc
State: COMPLETED (exit code 0)
Nodes: 7
Cores per node: 64
CPU Utilized: 00:59:22
CPU Efficiency: 10.06% of 09:49:52 core-walltime
Job Wall-clock time: 00:01:19
Memory Utilized: 4.83 GB
Memory Efficiency: 0.32% of 1.48 TB

 +++++++++++++++++++++++++++++++++++++++++++++++++++++++++++++++++++++++++++
 ++   Memory Efficiency is too small. Please review the requested memory. ++
 ++ It seems that you do not need that much memory so we recommend        ++
 ++ requesting less memory in other similar jobs.                         ++
 +++++++++++++++++++++++++++++++++++++++++++++++++++++++++++++++++++++++++++
 
*****************************************************************************


*****************************************************************************
*                                                                           *
*                    JOB EFFICIENCY REPORT (seff 10935975)                   *
*                                                                           *
*****************************************************************************

Job ID: 10935975
Cluster: finisterrae3
User/Group: curso341/ulc
State: COMPLETED (exit code 0)
Nodes: 7
Cores per node: 64
CPU Utilized: 00:59:22
CPU Efficiency: 10.06% of 09:49:52 core-walltime
Job Wall-clock time: 00:01:19
Memory Utilized: 4.83 GB
Memory Efficiency: 0.32% of 1.48 TB

 +++++++++++++++++++++++++++++++++++++++++++++++++++++++++++++++++++++++++++
 ++   Memory Efficiency is too small. Please review the requested memory. ++
 ++ It seems that you do not need that much memory so we recommend        ++
 ++ requesting less memory in other similar jobs.                         ++
 +++++++++++++++++++++++++++++++++++++++++++++++++++++++++++++++++++++++++++
 
*****************************************************************************


*****************************************************************************
*                                                                           *
*                    JOB EFFICIENCY REPORT (seff 10935975)                   *
*                                                                           *
*****************************************************************************

Job ID: 10935975
Cluster: finisterrae3
User/Group: curso341/ulc
State: COMPLETED (exit code 0)
Nodes: 7
Cores per node: 64
CPU Utilized: 00:59:46
CPU Efficiency: 10.13% of 09:49:52 core-walltime
Job Wall-clock time: 00:01:19
Memory Utilized: 4.83 GB
Memory Efficiency: 0.32% of 1.48 TB

 +++++++++++++++++++++++++++++++++++++++++++++++++++++++++++++++++++++++++++
 ++   Memory Efficiency is too small. Please review the requested memory. ++
 ++ It seems that you do not need that much memory so we recommend        ++
 ++ requesting less memory in other similar jobs.                         ++
 +++++++++++++++++++++++++++++++++++++++++++++++++++++++++++++++++++++++++++
 
*****************************************************************************

