slurmstepd: info: Setting TMPDIR to /scratch/10927296. Previous errors about TMPDIR can be discarded
Slurm job started at 10/03/2025_09:03:39 AM

In transit.
Initing Ray (1 head node + 8 worker nodes + 8 simulation nodes) on nodes: 
	ilk-150 ilk-151 ilk-152 ilk-153 ilk-154 ilk-155 ilk-156 ilk-163 ilk-164 ilk-165 ilk-166 ilk-167 ilk-170 ilk-171 ilk-172 ilk-173 ilk-175
Head node: 172.30.204.6:6379


RAY_DEPLOY_TIME:     23.92219
2025-03-10 09:04:06,771	INFO packaging.py:520 -- Creating a file package for local directory '/mnt/lustre/scratch/nlsas/home/ulc/cursos/curso341/dask_on_reisa_tests/E4/DASK_ON_REISA/reduction/P16-SN8-LS268-GS4294-I20-AN8-D2025-03-10_08-46-58'.
2025-03-10 09:04:06,796	INFO packaging.py:347 -- Pushing file package 'gcs://_ray_pkg_e35f72501c01bb7f.zip' (0.48MiB) to Ray cluster...
2025-03-10 09:04:06,802	INFO packaging.py:360 -- Successfully pushed file package 'gcs://_ray_pkg_e35f72501c01bb7f.zip'.
RAY_INIT_TIME:       4.37123
Iter [0]
Iter [2]
[2m[36m(iter_task pid=3818538, ip=10.120.204.9)[0m /home/ulc/cursos/curso341/.local/lib/python3.9/site-packages/dask/config.py:693: UserWarning: Configuration key "shuffle" has been deprecated. Please use "dataframe.shuffle.algorithm" instead
[2m[36m(iter_task pid=3818538, ip=10.120.204.9)[0m   warnings.warn(
[2m[36m(iter_task pid=3818540, ip=10.120.204.9)[0m /home/ulc/cursos/curso341/.local/lib/python3.9/site-packages/dask/config.py:693: UserWarning: Configuration key "shuffle" has been deprecated. Please use "dataframe.shuffle.algorithm" instead
[2m[36m(iter_task pid=3818540, ip=10.120.204.9)[0m   warnings.warn(
[2m[36m(iter_task pid=3818539, ip=10.120.204.9)[0m /home/ulc/cursos/curso341/.local/lib/python3.9/site-packages/dask/config.py:693: UserWarning: Configuration key "shuffle" has been deprecated. Please use "dataframe.shuffle.algorithm" instead
[2m[36m(iter_task pid=3818539, ip=10.120.204.9)[0m   warnings.warn(
[2m[36m(iter_task pid=3818541, ip=10.120.204.9)[0m /home/ulc/cursos/curso341/.local/lib/python3.9/site-packages/dask/config.py:693: UserWarning: Configuration key "shuffle" has been deprecated. Please use "dataframe.shuffle.algorithm" instead
[2m[36m(iter_task pid=3818541, ip=10.120.204.9)[0m   warnings.warn(
[2m[36m(iter_task pid=3818537, ip=10.120.204.9)[0m /home/ulc/cursos/curso341/.local/lib/python3.9/site-packages/dask/config.py:693: UserWarning: Configuration key "shuffle" has been deprecated. Please use "dataframe.shuffle.algorithm" instead
[2m[36m(iter_task pid=3818537, ip=10.120.204.9)[0m   warnings.warn(
[2m[36m(iter_task pid=55649, ip=10.120.204.12)[0m /home/ulc/cursos/curso341/.local/lib/python3.9/site-packages/dask/config.py:693: UserWarning: Configuration key "shuffle" has been deprecated. Please use "dataframe.shuffle.algorithm" instead
[2m[36m(iter_task pid=55649, ip=10.120.204.12)[0m   warnings.warn(
[2m[36m(iter_task pid=55645, ip=10.120.204.12)[0m /home/ulc/cursos/curso341/.local/lib/python3.9/site-packages/dask/config.py:693: UserWarning: Configuration key "shuffle" has been deprecated. Please use "dataframe.shuffle.algorithm" instead
[2m[36m(iter_task pid=55645, ip=10.120.204.12)[0m   warnings.warn(
[2m[36m(iter_task pid=55650, ip=10.120.204.12)[0m /home/ulc/cursos/curso341/.local/lib/python3.9/site-packages/dask/config.py:693: UserWarning: Configuration key "shuffle" has been deprecated. Please use "dataframe.shuffle.algorithm" instead
[2m[36m(iter_task pid=55650, ip=10.120.204.12)[0m   warnings.warn(
[2m[36m(iter_task pid=55648, ip=10.120.204.12)[0m /home/ulc/cursos/curso341/.local/lib/python3.9/site-packages/dask/config.py:693: UserWarning: Configuration key "shuffle" has been deprecated. Please use "dataframe.shuffle.algorithm" instead
[2m[36m(iter_task pid=55648, ip=10.120.204.12)[0m   warnings.warn(
[2m[36m(iter_task pid=55647, ip=10.120.204.12)[0m /home/ulc/cursos/curso341/.local/lib/python3.9/site-packages/dask/config.py:693: UserWarning: Configuration key "shuffle" has been deprecated. Please use "dataframe.shuffle.algorithm" instead
[2m[36m(iter_task pid=55647, ip=10.120.204.12)[0m   warnings.warn(
[2m[36m(iter_task pid=55646, ip=10.120.204.12)[0m /home/ulc/cursos/curso341/.local/lib/python3.9/site-packages/dask/config.py:693: UserWarning: Configuration key "shuffle" has been deprecated. Please use "dataframe.shuffle.algorithm" instead
[2m[36m(iter_task pid=55646, ip=10.120.204.12)[0m   warnings.warn(
[2m[36m(iter_task pid=55652, ip=10.120.204.12)[0m /home/ulc/cursos/curso341/.local/lib/python3.9/site-packages/dask/config.py:693: UserWarning: Configuration key "shuffle" has been deprecated. Please use "dataframe.shuffle.algorithm" instead
[2m[36m(iter_task pid=55652, ip=10.120.204.12)[0m   warnings.warn(
[2m[36m(iter_task pid=55651, ip=10.120.204.12)[0m /home/ulc/cursos/curso341/.local/lib/python3.9/site-packages/dask/config.py:693: UserWarning: Configuration key "shuffle" has been deprecated. Please use "dataframe.shuffle.algorithm" instead
[2m[36m(iter_task pid=55651, ip=10.120.204.12)[0m   warnings.warn(
[2m[36m(iter_task pid=543462, ip=10.120.204.11)[0m /home/ulc/cursos/curso341/.local/lib/python3.9/site-packages/dask/config.py:693: UserWarning: Configuration key "shuffle" has been deprecated. Please use "dataframe.shuffle.algorithm" instead
[2m[36m(iter_task pid=543462, ip=10.120.204.11)[0m   warnings.warn(
[2m[36m(iter_task pid=543464, ip=10.120.204.11)[0m /home/ulc/cursos/curso341/.local/lib/python3.9/site-packages/dask/config.py:693: UserWarning: Configuration key "shuffle" has been deprecated. Please use "dataframe.shuffle.algorithm" instead
[2m[36m(iter_task pid=543464, ip=10.120.204.11)[0m   warnings.warn(
[2m[36m(iter_task pid=543461, ip=10.120.204.11)[0m /home/ulc/cursos/curso341/.local/lib/python3.9/site-packages/dask/config.py:693: UserWarning: Configuration key "shuffle" has been deprecated. Please use "dataframe.shuffle.algorithm" instead
[2m[36m(iter_task pid=543461, ip=10.120.204.11)[0m   warnings.warn(
[2m[36m(iter_task pid=543463, ip=10.120.204.11)[0m /home/ulc/cursos/curso341/.local/lib/python3.9/site-packages/dask/config.py:693: UserWarning: Configuration key "shuffle" has been deprecated. Please use "dataframe.shuffle.algorithm" instead
[2m[36m(iter_task pid=543463, ip=10.120.204.11)[0m   warnings.warn(
[2m[36m(iter_task pid=55654, ip=10.120.204.12)[0m /home/ulc/cursos/curso341/.local/lib/python3.9/site-packages/dask/config.py:693: UserWarning: Configuration key "shuffle" has been deprecated. Please use "dataframe.shuffle.algorithm" instead
[2m[36m(iter_task pid=55654, ip=10.120.204.12)[0m   warnings.warn(
[2m[36m(iter_task pid=55655, ip=10.120.204.12)[0m /home/ulc/cursos/curso341/.local/lib/python3.9/site-packages/dask/config.py:693: UserWarning: Configuration key "shuffle" has been deprecated. Please use "dataframe.shuffle.algorithm" instead
[2m[36m(iter_task pid=55655, ip=10.120.204.12)[0m   warnings.warn(
[2m[36m(iter_task pid=55656, ip=10.120.204.12)[0m /home/ulc/cursos/curso341/.local/lib/python3.9/site-packages/dask/config.py:693: UserWarning: Configuration key "shuffle" has been deprecated. Please use "dataframe.shuffle.algorithm" instead
[2m[36m(iter_task pid=55656, ip=10.120.204.12)[0m   warnings.warn(
Iter [4]
Iter [6]
Iter [8]
Iter [10]
Iter [12]
Iter [14]
Iter [16]
Iter [18]
GLOBAL_PUT_TIME:     8.146270513534546 (avg:0.40731)
ACTOR_CONCURRENCY:   8
SIMULATION_TIME:     462.237898424999969 (avg: 23.111894921249998)
SIM_WTHOUT_PDI:      64.990826861000073 (avg: 3.249541343050004)
PDI_DELAY:           397.247071563999896 (avg: 19.862353578199993)

GLOBAL_SIZE_(GiB):   4194304
LOCAL_SIZE_(MiB):    256
ITERATIONS:          20

MPI_PER_NODE:        2
MPI_PARALLELISM:     16

WORKER_NODES:        8
CPUS_PER_WORKER:     64
WORKER_PARALLELISM:  512


SLURM_JOB_ID:        10927296
EST_ANALYTICS_TIME:  775.44328 (avg:38.77216)

Slurm job finished at 10/03/2025_09:17:06 AM

*****************************************************************************
*                                                                           *
*                    JOB EFFICIENCY REPORT (seff 10927296)                   *
*                                                                           *
*****************************************************************************

Job ID: 10927296
Cluster: finisterrae3
User/Group: curso341/ulc
State: COMPLETED (exit code 0)
Nodes: 17
Cores per node: 64
CPU Utilized: 01:59:13
CPU Efficiency: 0.81% of 10-04:11:44 core-walltime
Job Wall-clock time: 00:13:28
Memory Utilized: 12.68 GB (estimated maximum)
Memory Efficiency: 0.34% of 3.60 TB (3.39 GB/core)

 +++++++++++++++++++++++++++++++++++++++++++++++++++++++++++++++++++++++++++
 ++   Memory Efficiency is too small. Please review the requested memory. ++
 ++ It seems that you do not need that much memory so we recommend        ++
 ++ requesting less memory in other similar jobs.                         ++
 +++++++++++++++++++++++++++++++++++++++++++++++++++++++++++++++++++++++++++
 
*****************************************************************************


*****************************************************************************
*                                                                           *
*                    JOB EFFICIENCY REPORT (seff 10927296)                   *
*                                                                           *
*****************************************************************************

Job ID: 10927296
Cluster: finisterrae3
User/Group: curso341/ulc
State: COMPLETED (exit code 0)
Nodes: 17
Cores per node: 64
CPU Utilized: 01:59:13
CPU Efficiency: 0.81% of 10-04:11:44 core-walltime
Job Wall-clock time: 00:13:28
Memory Utilized: 12.68 GB (estimated maximum)
Memory Efficiency: 0.34% of 3.60 TB (3.39 GB/core)

 +++++++++++++++++++++++++++++++++++++++++++++++++++++++++++++++++++++++++++
 ++   Memory Efficiency is too small. Please review the requested memory. ++
 ++ It seems that you do not need that much memory so we recommend        ++
 ++ requesting less memory in other similar jobs.                         ++
 +++++++++++++++++++++++++++++++++++++++++++++++++++++++++++++++++++++++++++
 
*****************************************************************************


*****************************************************************************
*                                                                           *
*                    JOB EFFICIENCY REPORT (seff 10927296)                   *
*                                                                           *
*****************************************************************************

Job ID: 10927296
Cluster: finisterrae3
User/Group: curso341/ulc
State: COMPLETED (exit code 0)
Nodes: 17
Cores per node: 64
CPU Utilized: 01:59:13
CPU Efficiency: 0.81% of 10-04:11:44 core-walltime
Job Wall-clock time: 00:13:28
Memory Utilized: 12.68 GB (estimated maximum)
Memory Efficiency: 0.34% of 3.60 TB (3.39 GB/core)

 +++++++++++++++++++++++++++++++++++++++++++++++++++++++++++++++++++++++++++
 ++   Memory Efficiency is too small. Please review the requested memory. ++
 ++ It seems that you do not need that much memory so we recommend        ++
 ++ requesting less memory in other similar jobs.                         ++
 +++++++++++++++++++++++++++++++++++++++++++++++++++++++++++++++++++++++++++
 
*****************************************************************************


*****************************************************************************
*                                                                           *
*                    JOB EFFICIENCY REPORT (seff 10927296)                   *
*                                                                           *
*****************************************************************************

Job ID: 10927296
Cluster: finisterrae3
User/Group: curso341/ulc
State: COMPLETED (exit code 0)
Nodes: 17
Cores per node: 64
CPU Utilized: 02:02:14
CPU Efficiency: 0.83% of 10-04:11:44 core-walltime
Job Wall-clock time: 00:13:28
Memory Utilized: 12.68 GB (estimated maximum)
Memory Efficiency: 0.34% of 3.60 TB (3.39 GB/core)

 +++++++++++++++++++++++++++++++++++++++++++++++++++++++++++++++++++++++++++
 ++   Memory Efficiency is too small. Please review the requested memory. ++
 ++ It seems that you do not need that much memory so we recommend        ++
 ++ requesting less memory in other similar jobs.                         ++
 +++++++++++++++++++++++++++++++++++++++++++++++++++++++++++++++++++++++++++
 
*****************************************************************************


*****************************************************************************
*                                                                           *
*                    JOB EFFICIENCY REPORT (seff 10927296)                   *
*                                                                           *
*****************************************************************************

Job ID: 10927296
Cluster: finisterrae3
User/Group: curso341/ulc
State: COMPLETED (exit code 0)
Nodes: 17
Cores per node: 64
CPU Utilized: 04:19:46
CPU Efficiency: 1.77% of 10-04:11:44 core-walltime
Job Wall-clock time: 00:13:28
Memory Utilized: 40.23 GB
Memory Efficiency: 1.09% of 3.60 TB

 +++++++++++++++++++++++++++++++++++++++++++++++++++++++++++++++++++++++++++
 ++   Memory Efficiency is too small. Please review the requested memory. ++
 ++ It seems that you do not need that much memory so we recommend        ++
 ++ requesting less memory in other similar jobs.                         ++
 +++++++++++++++++++++++++++++++++++++++++++++++++++++++++++++++++++++++++++
 
*****************************************************************************


*****************************************************************************
*                                                                           *
*                    JOB EFFICIENCY REPORT (seff 10927296)                   *
*                                                                           *
*****************************************************************************

Job ID: 10927296
Cluster: finisterrae3
User/Group: curso341/ulc
State: COMPLETED (exit code 0)
Nodes: 17
Cores per node: 64
CPU Utilized: 04:19:46
CPU Efficiency: 1.77% of 10-04:11:44 core-walltime
Job Wall-clock time: 00:13:28
Memory Utilized: 40.23 GB
Memory Efficiency: 1.09% of 3.60 TB

 +++++++++++++++++++++++++++++++++++++++++++++++++++++++++++++++++++++++++++
 ++   Memory Efficiency is too small. Please review the requested memory. ++
 ++ It seems that you do not need that much memory so we recommend        ++
 ++ requesting less memory in other similar jobs.                         ++
 +++++++++++++++++++++++++++++++++++++++++++++++++++++++++++++++++++++++++++
 
*****************************************************************************


*****************************************************************************
*                                                                           *
*                    JOB EFFICIENCY REPORT (seff 10927296)                   *
*                                                                           *
*****************************************************************************

Job ID: 10927296
Cluster: finisterrae3
User/Group: curso341/ulc
State: COMPLETED (exit code 0)
Nodes: 17
Cores per node: 64
CPU Utilized: 04:19:46
CPU Efficiency: 1.77% of 10-04:11:44 core-walltime
Job Wall-clock time: 00:13:28
Memory Utilized: 40.23 GB
Memory Efficiency: 1.09% of 3.60 TB

 +++++++++++++++++++++++++++++++++++++++++++++++++++++++++++++++++++++++++++
 ++   Memory Efficiency is too small. Please review the requested memory. ++
 ++ It seems that you do not need that much memory so we recommend        ++
 ++ requesting less memory in other similar jobs.                         ++
 +++++++++++++++++++++++++++++++++++++++++++++++++++++++++++++++++++++++++++
 
*****************************************************************************


*****************************************************************************
*                                                                           *
*                    JOB EFFICIENCY REPORT (seff 10927296)                   *
*                                                                           *
*****************************************************************************

Job ID: 10927296
Cluster: finisterrae3
User/Group: curso341/ulc
State: COMPLETED (exit code 0)
Nodes: 17
Cores per node: 64
CPU Utilized: 04:19:46
CPU Efficiency: 1.77% of 10-04:11:44 core-walltime
Job Wall-clock time: 00:13:28
Memory Utilized: 40.23 GB
Memory Efficiency: 1.09% of 3.60 TB

 +++++++++++++++++++++++++++++++++++++++++++++++++++++++++++++++++++++++++++
 ++   Memory Efficiency is too small. Please review the requested memory. ++
 ++ It seems that you do not need that much memory so we recommend        ++
 ++ requesting less memory in other similar jobs.                         ++
 +++++++++++++++++++++++++++++++++++++++++++++++++++++++++++++++++++++++++++
 
*****************************************************************************


*****************************************************************************
*                                                                           *
*                    JOB EFFICIENCY REPORT (seff 10927296)                   *
*                                                                           *
*****************************************************************************

Job ID: 10927296
Cluster: finisterrae3
User/Group: curso341/ulc
State: COMPLETED (exit code 0)
Nodes: 17
Cores per node: 64
CPU Utilized: 04:19:46
CPU Efficiency: 1.77% of 10-04:11:44 core-walltime
Job Wall-clock time: 00:13:28
Memory Utilized: 40.23 GB
Memory Efficiency: 1.09% of 3.60 TB

 +++++++++++++++++++++++++++++++++++++++++++++++++++++++++++++++++++++++++++
 ++   Memory Efficiency is too small. Please review the requested memory. ++
 ++ It seems that you do not need that much memory so we recommend        ++
 ++ requesting less memory in other similar jobs.                         ++
 +++++++++++++++++++++++++++++++++++++++++++++++++++++++++++++++++++++++++++
 
*****************************************************************************


*****************************************************************************
*                                                                           *
*                    JOB EFFICIENCY REPORT (seff 10927296)                   *
*                                                                           *
*****************************************************************************

Job ID: 10927296
Cluster: finisterrae3
User/Group: curso341/ulc
State: COMPLETED (exit code 0)
Nodes: 17
Cores per node: 64
CPU Utilized: 04:19:46
CPU Efficiency: 1.77% of 10-04:11:44 core-walltime
Job Wall-clock time: 00:13:28
Memory Utilized: 40.23 GB
Memory Efficiency: 1.09% of 3.60 TB

 +++++++++++++++++++++++++++++++++++++++++++++++++++++++++++++++++++++++++++
 ++   Memory Efficiency is too small. Please review the requested memory. ++
 ++ It seems that you do not need that much memory so we recommend        ++
 ++ requesting less memory in other similar jobs.                         ++
 +++++++++++++++++++++++++++++++++++++++++++++++++++++++++++++++++++++++++++
 
*****************************************************************************


*****************************************************************************
*                                                                           *
*                    JOB EFFICIENCY REPORT (seff 10927296)                   *
*                                                                           *
*****************************************************************************

Job ID: 10927296
Cluster: finisterrae3
User/Group: curso341/ulc
State: COMPLETED (exit code 0)
Nodes: 17
Cores per node: 64
CPU Utilized: 04:19:46
CPU Efficiency: 1.77% of 10-04:11:44 core-walltime
Job Wall-clock time: 00:13:28
Memory Utilized: 40.23 GB
Memory Efficiency: 1.09% of 3.60 TB

 +++++++++++++++++++++++++++++++++++++++++++++++++++++++++++++++++++++++++++
 ++   Memory Efficiency is too small. Please review the requested memory. ++
 ++ It seems that you do not need that much memory so we recommend        ++
 ++ requesting less memory in other similar jobs.                         ++
 +++++++++++++++++++++++++++++++++++++++++++++++++++++++++++++++++++++++++++
 
*****************************************************************************


*****************************************************************************
*                                                                           *
*                    JOB EFFICIENCY REPORT (seff 10927296)                   *
*                                                                           *
*****************************************************************************

Job ID: 10927296
Cluster: finisterrae3
User/Group: curso341/ulc
State: COMPLETED (exit code 0)
Nodes: 17
Cores per node: 64
CPU Utilized: 04:19:46
CPU Efficiency: 1.77% of 10-04:11:44 core-walltime
Job Wall-clock time: 00:13:28
Memory Utilized: 40.23 GB
Memory Efficiency: 1.09% of 3.60 TB

 +++++++++++++++++++++++++++++++++++++++++++++++++++++++++++++++++++++++++++
 ++   Memory Efficiency is too small. Please review the requested memory. ++
 ++ It seems that you do not need that much memory so we recommend        ++
 ++ requesting less memory in other similar jobs.                         ++
 +++++++++++++++++++++++++++++++++++++++++++++++++++++++++++++++++++++++++++
 
*****************************************************************************


*****************************************************************************
*                                                                           *
*                    JOB EFFICIENCY REPORT (seff 10927296)                   *
*                                                                           *
*****************************************************************************

Job ID: 10927296
Cluster: finisterrae3
User/Group: curso341/ulc
State: COMPLETED (exit code 0)
Nodes: 17
Cores per node: 64
CPU Utilized: 06:35:59
CPU Efficiency: 2.70% of 10-04:11:44 core-walltime
Job Wall-clock time: 00:13:28
Memory Utilized: 44.53 GB
Memory Efficiency: 1.21% of 3.60 TB

 +++++++++++++++++++++++++++++++++++++++++++++++++++++++++++++++++++++++++++
 ++   Memory Efficiency is too small. Please review the requested memory. ++
 ++ It seems that you do not need that much memory so we recommend        ++
 ++ requesting less memory in other similar jobs.                         ++
 +++++++++++++++++++++++++++++++++++++++++++++++++++++++++++++++++++++++++++
 
*****************************************************************************


*****************************************************************************
*                                                                           *
*                    JOB EFFICIENCY REPORT (seff 10927296)                   *
*                                                                           *
*****************************************************************************

Job ID: 10927296
Cluster: finisterrae3
User/Group: curso341/ulc
State: COMPLETED (exit code 0)
Nodes: 17
Cores per node: 64
CPU Utilized: 06:35:59
CPU Efficiency: 2.70% of 10-04:11:44 core-walltime
Job Wall-clock time: 00:13:28
Memory Utilized: 44.53 GB
Memory Efficiency: 1.21% of 3.60 TB

 +++++++++++++++++++++++++++++++++++++++++++++++++++++++++++++++++++++++++++
 ++   Memory Efficiency is too small. Please review the requested memory. ++
 ++ It seems that you do not need that much memory so we recommend        ++
 ++ requesting less memory in other similar jobs.                         ++
 +++++++++++++++++++++++++++++++++++++++++++++++++++++++++++++++++++++++++++
 
*****************************************************************************


*****************************************************************************
*                                                                           *
*                    JOB EFFICIENCY REPORT (seff 10927296)                   *
*                                                                           *
*****************************************************************************

Job ID: 10927296
Cluster: finisterrae3
User/Group: curso341/ulc
State: COMPLETED (exit code 0)
Nodes: 17
Cores per node: 64
CPU Utilized: 06:35:59
CPU Efficiency: 2.70% of 10-04:11:44 core-walltime
Job Wall-clock time: 00:13:28
Memory Utilized: 44.53 GB
Memory Efficiency: 1.21% of 3.60 TB

 +++++++++++++++++++++++++++++++++++++++++++++++++++++++++++++++++++++++++++
 ++   Memory Efficiency is too small. Please review the requested memory. ++
 ++ It seems that you do not need that much memory so we recommend        ++
 ++ requesting less memory in other similar jobs.                         ++
 +++++++++++++++++++++++++++++++++++++++++++++++++++++++++++++++++++++++++++
 
*****************************************************************************


*****************************************************************************
*                                                                           *
*                    JOB EFFICIENCY REPORT (seff 10927296)                   *
*                                                                           *
*****************************************************************************

Job ID: 10927296
Cluster: finisterrae3
User/Group: curso341/ulc
State: COMPLETED (exit code 0)
Nodes: 17
Cores per node: 64
CPU Utilized: 06:35:59
CPU Efficiency: 2.70% of 10-04:11:44 core-walltime
Job Wall-clock time: 00:13:28
Memory Utilized: 44.53 GB
Memory Efficiency: 1.21% of 3.60 TB

 +++++++++++++++++++++++++++++++++++++++++++++++++++++++++++++++++++++++++++
 ++   Memory Efficiency is too small. Please review the requested memory. ++
 ++ It seems that you do not need that much memory so we recommend        ++
 ++ requesting less memory in other similar jobs.                         ++
 +++++++++++++++++++++++++++++++++++++++++++++++++++++++++++++++++++++++++++
 
*****************************************************************************


*****************************************************************************
*                                                                           *
*                    JOB EFFICIENCY REPORT (seff 10927296)                   *
*                                                                           *
*****************************************************************************

Job ID: 10927296
Cluster: finisterrae3
User/Group: curso341/ulc
State: COMPLETED (exit code 0)
Nodes: 17
Cores per node: 64
CPU Utilized: 06:35:59
CPU Efficiency: 2.70% of 10-04:11:44 core-walltime
Job Wall-clock time: 00:13:28
Memory Utilized: 44.53 GB
Memory Efficiency: 1.21% of 3.60 TB

 +++++++++++++++++++++++++++++++++++++++++++++++++++++++++++++++++++++++++++
 ++   Memory Efficiency is too small. Please review the requested memory. ++
 ++ It seems that you do not need that much memory so we recommend        ++
 ++ requesting less memory in other similar jobs.                         ++
 +++++++++++++++++++++++++++++++++++++++++++++++++++++++++++++++++++++++++++
 
*****************************************************************************

