slurmstepd: info: Setting TMPDIR to /scratch/10932527. Previous errors about TMPDIR can be discarded
Slurm job started at 10/03/2025_06:38:28 PM

In transit.
Initing Ray (1 head node + 8 worker nodes + 8 simulation nodes) on nodes: 
	ilk-155 ilk-156 ilk-159 ilk-160 ilk-162 ilk-163 ilk-164 ilk-165 ilk-166 ilk-167 ilk-170 ilk-171 ilk-172 ilk-173 ilk-175 ilk-177 ilk-180
Head node: 172.30.204.11:6379


RAY_DEPLOY_TIME:     24.29868
2025-03-10 18:38:54,434	INFO packaging.py:520 -- Creating a file package for local directory '/mnt/lustre/scratch/nlsas/home/ulc/cursos/curso341/dask_on_reisa_tests/E5/REISA/derivative/P16-SN8-LS268-GS4294-I10-AN8-D2025-03-10_18-34-50'.
2025-03-10 18:38:54,462	INFO packaging.py:347 -- Pushing file package 'gcs://_ray_pkg_af2e0a4bab62d3c2.zip' (0.48MiB) to Ray cluster...
2025-03-10 18:38:54,469	INFO packaging.py:360 -- Successfully pushed file package 'gcs://_ray_pkg_af2e0a4bab62d3c2.zip'.
RAY_INIT_TIME:       3.52281
Iter [0]
Iter [1]
Iter [2]
Iter [3]
Iter [4]
Iter [5]
Iter [6]
Iter [7]
Iter [8]
Iter [9]
GLOBAL_PUT_TIME:     4.039353370666504 (avg:0.40394)
ACTOR_CONCURRENCY:   8
SIMULATION_TIME:     29.395904236000000 (avg: 2.939590423600000)
SIM_WTHOUT_PDI:      23.769987355999994 (avg: 2.376998735600000)
PDI_DELAY:           5.625916880000005 (avg: 0.562591688000001)

GLOBAL_SIZE_(GiB):   4194304
LOCAL_SIZE_(MiB):    256
ITERATIONS:          10

MPI_PER_NODE:        2
MPI_PARALLELISM:     16

WORKER_NODES:        8
CPUS_PER_WORKER:     64
WORKER_PARALLELISM:  512


SLURM_JOB_ID:        10932527
EST_ANALYTICS_TIME:  33.31901 (avg:3.33190)

Slurm job finished at 10/03/2025_06:39:31 PM

*****************************************************************************
*                                                                           *
*                    JOB EFFICIENCY REPORT (seff 10932527)                   *
*                                                                           *
*****************************************************************************

Job ID: 10932527
Cluster: finisterrae3
User/Group: curso341/ulc
State: COMPLETED (exit code 0)
Nodes: 17
Cores per node: 64
CPU Utilized: 00:08:42
CPU Efficiency: 0.75% of 19:20:32 core-walltime
Job Wall-clock time: 00:01:04
Memory Utilized: 11.83 GB (estimated maximum)
Memory Efficiency: 0.32% of 3.60 TB (3.39 GB/core)

 +++++++++++++++++++++++++++++++++++++++++++++++++++++++++++++++++++++++++++
 ++   Memory Efficiency is too small. Please review the requested memory. ++
 ++ It seems that you do not need that much memory so we recommend        ++
 ++ requesting less memory in other similar jobs.                         ++
 +++++++++++++++++++++++++++++++++++++++++++++++++++++++++++++++++++++++++++
 
*****************************************************************************


*****************************************************************************
*                                                                           *
*                    JOB EFFICIENCY REPORT (seff 10932527)                   *
*                                                                           *
*****************************************************************************

Job ID: 10932527
Cluster: finisterrae3
User/Group: curso341/ulc
State: COMPLETED (exit code 0)
Nodes: 17
Cores per node: 64
CPU Utilized: 00:08:42
CPU Efficiency: 0.75% of 19:20:32 core-walltime
Job Wall-clock time: 00:01:04
Memory Utilized: 11.83 GB (estimated maximum)
Memory Efficiency: 0.32% of 3.60 TB (3.39 GB/core)

 +++++++++++++++++++++++++++++++++++++++++++++++++++++++++++++++++++++++++++
 ++   Memory Efficiency is too small. Please review the requested memory. ++
 ++ It seems that you do not need that much memory so we recommend        ++
 ++ requesting less memory in other similar jobs.                         ++
 +++++++++++++++++++++++++++++++++++++++++++++++++++++++++++++++++++++++++++
 
*****************************************************************************


*****************************************************************************
*                                                                           *
*                    JOB EFFICIENCY REPORT (seff 10932527)                   *
*                                                                           *
*****************************************************************************

Job ID: 10932527
Cluster: finisterrae3
User/Group: curso341/ulc
State: COMPLETED (exit code 0)
Nodes: 17
Cores per node: 64
CPU Utilized: 00:08:42
CPU Efficiency: 0.75% of 19:20:32 core-walltime
Job Wall-clock time: 00:01:04
Memory Utilized: 11.83 GB (estimated maximum)
Memory Efficiency: 0.32% of 3.60 TB (3.39 GB/core)

 +++++++++++++++++++++++++++++++++++++++++++++++++++++++++++++++++++++++++++
 ++   Memory Efficiency is too small. Please review the requested memory. ++
 ++ It seems that you do not need that much memory so we recommend        ++
 ++ requesting less memory in other similar jobs.                         ++
 +++++++++++++++++++++++++++++++++++++++++++++++++++++++++++++++++++++++++++
 
*****************************************************************************


*****************************************************************************
*                                                                           *
*                    JOB EFFICIENCY REPORT (seff 10932527)                   *
*                                                                           *
*****************************************************************************

Job ID: 10932527
Cluster: finisterrae3
User/Group: curso341/ulc
State: COMPLETED (exit code 0)
Nodes: 17
Cores per node: 64
CPU Utilized: 00:08:42
CPU Efficiency: 0.75% of 19:20:32 core-walltime
Job Wall-clock time: 00:01:04
Memory Utilized: 11.83 GB (estimated maximum)
Memory Efficiency: 0.32% of 3.60 TB (3.39 GB/core)

 +++++++++++++++++++++++++++++++++++++++++++++++++++++++++++++++++++++++++++
 ++   Memory Efficiency is too small. Please review the requested memory. ++
 ++ It seems that you do not need that much memory so we recommend        ++
 ++ requesting less memory in other similar jobs.                         ++
 +++++++++++++++++++++++++++++++++++++++++++++++++++++++++++++++++++++++++++
 
*****************************************************************************


*****************************************************************************
*                                                                           *
*                    JOB EFFICIENCY REPORT (seff 10932527)                   *
*                                                                           *
*****************************************************************************

Job ID: 10932527
Cluster: finisterrae3
User/Group: curso341/ulc
State: COMPLETED (exit code 0)
Nodes: 17
Cores per node: 64
CPU Utilized: 00:08:42
CPU Efficiency: 0.75% of 19:20:32 core-walltime
Job Wall-clock time: 00:01:04
Memory Utilized: 11.83 GB (estimated maximum)
Memory Efficiency: 0.32% of 3.60 TB (3.39 GB/core)

 +++++++++++++++++++++++++++++++++++++++++++++++++++++++++++++++++++++++++++
 ++   Memory Efficiency is too small. Please review the requested memory. ++
 ++ It seems that you do not need that much memory so we recommend        ++
 ++ requesting less memory in other similar jobs.                         ++
 +++++++++++++++++++++++++++++++++++++++++++++++++++++++++++++++++++++++++++
 
*****************************************************************************


*****************************************************************************
*                                                                           *
*                    JOB EFFICIENCY REPORT (seff 10932527)                   *
*                                                                           *
*****************************************************************************

Job ID: 10932527
Cluster: finisterrae3
User/Group: curso341/ulc
State: COMPLETED (exit code 0)
Nodes: 17
Cores per node: 64
CPU Utilized: 00:08:42
CPU Efficiency: 0.75% of 19:20:32 core-walltime
Job Wall-clock time: 00:01:04
Memory Utilized: 11.83 GB (estimated maximum)
Memory Efficiency: 0.32% of 3.60 TB (3.39 GB/core)

 +++++++++++++++++++++++++++++++++++++++++++++++++++++++++++++++++++++++++++
 ++   Memory Efficiency is too small. Please review the requested memory. ++
 ++ It seems that you do not need that much memory so we recommend        ++
 ++ requesting less memory in other similar jobs.                         ++
 +++++++++++++++++++++++++++++++++++++++++++++++++++++++++++++++++++++++++++
 
*****************************************************************************



*****************************************************************************

*****************************************************************************

*                                                                           *
*****************************************************************************
*                                                                           *
*****************************************************************************
*                    JOB EFFICIENCY REPORT (seff 10932527)                   *
*                                                                           *
*                    JOB EFFICIENCY REPORT (seff 10932527)                   *
*                                                                           *
*                                                                           *
*                    JOB EFFICIENCY REPORT (seff 10932527)                   *
*                                                                           *
*                    JOB EFFICIENCY REPORT (seff 10932527)                   *
*****************************************************************************
*                                                                           *
*****************************************************************************
*                                                                           *

*****************************************************************************

*****************************************************************************
Job ID: 10932527

Job ID: 10932527

Cluster: finisterrae3
Job ID: 10932527
Cluster: finisterrae3
Job ID: 10932527
User/Group: curso341/ulc
Cluster: finisterrae3
User/Group: curso341/ulc
Cluster: finisterrae3
State: COMPLETED (exit code 0)
User/Group: curso341/ulc
State: COMPLETED (exit code 0)
User/Group: curso341/ulc
Nodes: 17
State: COMPLETED (exit code 0)
Nodes: 17
State: COMPLETED (exit code 0)
Cores per node: 64
Nodes: 17
Cores per node: 64
Nodes: 17
CPU Utilized: 00:12:40
Cores per node: 64
CPU Utilized: 00:12:40

Cores per node: 64
CPU Efficiency: 1.09% of 19:20:32 core-walltime
CPU Utilized: 00:12:40
CPU Efficiency: 1.09% of 19:20:32 core-walltime
*****************************************************************************
CPU Utilized: 00:12:40
Job Wall-clock time: 00:01:04
CPU Efficiency: 1.09% of 19:20:32 core-walltime
Job Wall-clock time: 00:01:04
*                                                                           *
CPU Efficiency: 1.09% of 19:20:32 core-walltime
Memory Utilized: 11.83 GB (estimated maximum)
Job Wall-clock time: 00:01:04
Memory Utilized: 11.83 GB (estimated maximum)
*                    JOB EFFICIENCY REPORT (seff 10932527)                   *
Job Wall-clock time: 00:01:04
Memory Efficiency: 0.32% of 3.60 TB (3.39 GB/core)
Memory Utilized: 11.83 GB (estimated maximum)
Memory Efficiency: 0.32% of 3.60 TB (3.39 GB/core)
*                                                                           *
Memory Utilized: 11.83 GB (estimated maximum)

Memory Efficiency: 0.32% of 3.60 TB (3.39 GB/core)


*****************************************************************************
Memory Efficiency: 0.32% of 3.60 TB (3.39 GB/core)
 +++++++++++++++++++++++++++++++++++++++++++++++++++++++++++++++++++++++++++

 +++++++++++++++++++++++++++++++++++++++++++++++++++++++++++++++++++++++++++
*****************************************************************************


 ++   Memory Efficiency is too small. Please review the requested memory. ++
 +++++++++++++++++++++++++++++++++++++++++++++++++++++++++++++++++++++++++++
 ++   Memory Efficiency is too small. Please review the requested memory. ++
*                                                                           *
Job ID: 10932527
 +++++++++++++++++++++++++++++++++++++++++++++++++++++++++++++++++++++++++++
 ++ It seems that you do not need that much memory so we recommend        ++
 ++   Memory Efficiency is too small. Please review the requested memory. ++
 ++ It seems that you do not need that much memory so we recommend        ++
*                    JOB EFFICIENCY REPORT (seff 10932527)                   *
Cluster: finisterrae3
 ++   Memory Efficiency is too small. Please review the requested memory. ++
 ++ requesting less memory in other similar jobs.                         ++
 ++ It seems that you do not need that much memory so we recommend        ++
 ++ requesting less memory in other similar jobs.                         ++
*                                                                           *
User/Group: curso341/ulc
 ++ It seems that you do not need that much memory so we recommend        ++
 +++++++++++++++++++++++++++++++++++++++++++++++++++++++++++++++++++++++++++
 ++ requesting less memory in other similar jobs.                         ++
 +++++++++++++++++++++++++++++++++++++++++++++++++++++++++++++++++++++++++++
*****************************************************************************
State: COMPLETED (exit code 0)
 ++ requesting less memory in other similar jobs.                         ++
 
 +++++++++++++++++++++++++++++++++++++++++++++++++++++++++++++++++++++++++++
 

Nodes: 17
 +++++++++++++++++++++++++++++++++++++++++++++++++++++++++++++++++++++++++++
*****************************************************************************
 
*****************************************************************************
Job ID: 10932527
Cores per node: 64
 

*****************************************************************************

Cluster: finisterrae3
CPU Utilized: 00:12:40
*****************************************************************************

User/Group: curso341/ulc
CPU Efficiency: 1.09% of 19:20:32 core-walltime

State: COMPLETED (exit code 0)
Job Wall-clock time: 00:01:04
Nodes: 17
Memory Utilized: 11.83 GB (estimated maximum)
Cores per node: 64
Memory Efficiency: 0.32% of 3.60 TB (3.39 GB/core)
CPU Utilized: 00:12:40

CPU Efficiency: 1.09% of 19:20:32 core-walltime
 +++++++++++++++++++++++++++++++++++++++++++++++++++++++++++++++++++++++++++
Job Wall-clock time: 00:01:04
 ++   Memory Efficiency is too small. Please review the requested memory. ++
Memory Utilized: 11.83 GB (estimated maximum)
 ++ It seems that you do not need that much memory so we recommend        ++
Memory Efficiency: 0.32% of 3.60 TB (3.39 GB/core)
 ++ requesting less memory in other similar jobs.                         ++

 +++++++++++++++++++++++++++++++++++++++++++++++++++++++++++++++++++++++++++
 +++++++++++++++++++++++++++++++++++++++++++++++++++++++++++++++++++++++++++
 
 ++   Memory Efficiency is too small. Please review the requested memory. ++
*****************************************************************************
 ++ It seems that you do not need that much memory so we recommend        ++

 ++ requesting less memory in other similar jobs.                         ++
 +++++++++++++++++++++++++++++++++++++++++++++++++++++++++++++++++++++++++++
 
*****************************************************************************


*****************************************************************************
*                                                                           *
*                    JOB EFFICIENCY REPORT (seff 10932527)                   *
*                                                                           *
*****************************************************************************

Job ID: 10932527
Cluster: finisterrae3
User/Group: curso341/ulc
State: COMPLETED (exit code 0)
Nodes: 17
Cores per node: 64
CPU Utilized: 00:12:40
CPU Efficiency: 1.09% of 19:20:32 core-walltime
Job Wall-clock time: 00:01:04
Memory Utilized: 11.83 GB (estimated maximum)
Memory Efficiency: 0.32% of 3.60 TB (3.39 GB/core)

 +++++++++++++++++++++++++++++++++++++++++++++++++++++++++++++++++++++++++++
 ++   Memory Efficiency is too small. Please review the requested memory. ++
 ++ It seems that you do not need that much memory so we recommend        ++
 ++ requesting less memory in other similar jobs.                         ++
 +++++++++++++++++++++++++++++++++++++++++++++++++++++++++++++++++++++++++++
 
*****************************************************************************


*****************************************************************************
*                                                                           *
*                    JOB EFFICIENCY REPORT (seff 10932527)                   *
*                                                                           *
*****************************************************************************

Job ID: 10932527
Cluster: finisterrae3
User/Group: curso341/ulc
State: COMPLETED (exit code 0)
Nodes: 17
Cores per node: 64
CPU Utilized: 00:12:59
CPU Efficiency: 1.12% of 19:20:32 core-walltime
Job Wall-clock time: 00:01:04
Memory Utilized: 11.83 GB (estimated maximum)
Memory Efficiency: 0.32% of 3.60 TB (3.39 GB/core)

 +++++++++++++++++++++++++++++++++++++++++++++++++++++++++++++++++++++++++++
 ++   Memory Efficiency is too small. Please review the requested memory. ++
 ++ It seems that you do not need that much memory so we recommend        ++
 ++ requesting less memory in other similar jobs.                         ++
 +++++++++++++++++++++++++++++++++++++++++++++++++++++++++++++++++++++++++++
 
*****************************************************************************


*****************************************************************************
*                                                                           *
*                    JOB EFFICIENCY REPORT (seff 10932527)                   *
*                                                                           *
*****************************************************************************

Job ID: 10932527
Cluster: finisterrae3
User/Group: curso341/ulc
State: COMPLETED (exit code 0)
Nodes: 17
Cores per node: 64
CPU Utilized: 00:22:43
CPU Efficiency: 1.96% of 19:20:32 core-walltime
Job Wall-clock time: 00:01:04
Memory Utilized: 5.39 GB
Memory Efficiency: 0.15% of 3.60 TB

 +++++++++++++++++++++++++++++++++++++++++++++++++++++++++++++++++++++++++++
 ++   Memory Efficiency is too small. Please review the requested memory. ++
 ++ It seems that you do not need that much memory so we recommend        ++
 ++ requesting less memory in other similar jobs.                         ++
 +++++++++++++++++++++++++++++++++++++++++++++++++++++++++++++++++++++++++++
 
*****************************************************************************


*****************************************************************************
*                                                                           *
*                    JOB EFFICIENCY REPORT (seff 10932527)                   *
*                                                                           *
*****************************************************************************

Job ID: 10932527
Cluster: finisterrae3
User/Group: curso341/ulc
State: COMPLETED (exit code 0)
Nodes: 17
Cores per node: 64
CPU Utilized: 00:22:43
CPU Efficiency: 1.96% of 19:20:32 core-walltime
Job Wall-clock time: 00:01:04
Memory Utilized: 5.39 GB
Memory Efficiency: 0.15% of 3.60 TB

 +++++++++++++++++++++++++++++++++++++++++++++++++++++++++++++++++++++++++++
 ++   Memory Efficiency is too small. Please review the requested memory. ++
 ++ It seems that you do not need that much memory so we recommend        ++
 ++ requesting less memory in other similar jobs.                         ++
 +++++++++++++++++++++++++++++++++++++++++++++++++++++++++++++++++++++++++++
 
*****************************************************************************


*****************************************************************************
*                                                                           *
*                    JOB EFFICIENCY REPORT (seff 10932527)                   *
*                                                                           *
*****************************************************************************

Job ID: 10932527
Cluster: finisterrae3
User/Group: curso341/ulc
State: COMPLETED (exit code 0)
Nodes: 17
Cores per node: 64
CPU Utilized: 00:22:43
CPU Efficiency: 1.96% of 19:20:32 core-walltime
Job Wall-clock time: 00:01:04
Memory Utilized: 5.39 GB
Memory Efficiency: 0.15% of 3.60 TB

 +++++++++++++++++++++++++++++++++++++++++++++++++++++++++++++++++++++++++++
 ++   Memory Efficiency is too small. Please review the requested memory. ++
 ++ It seems that you do not need that much memory so we recommend        ++
 ++ requesting less memory in other similar jobs.                         ++
 +++++++++++++++++++++++++++++++++++++++++++++++++++++++++++++++++++++++++++
 
*****************************************************************************

