slurmstepd: info: Setting TMPDIR to /scratch/10934020. Previous errors about TMPDIR can be discarded
Slurm job started at 11/03/2025_02:01:22 AM

In transit.
Initing Ray (1 head node + 2 worker nodes + 4 simulation nodes) on nodes: 
	ilk-193 ilk-206 ilk-211 ilk-233 ilk-237 ilk-250 ilk-252
Head node: 172.30.205.1:6379


RAY_DEPLOY_TIME:     24.12597
2025-03-11 02:01:50,150	INFO packaging.py:520 -- Creating a file package for local directory '/mnt/lustre/scratch/nlsas/home/ulc/cursos/curso341/dask_on_reisa_tests/E5/DASK_ON_REISA_ONE_ACTOR/reduction/P128-SN4-LS1-GS134-I20-AN2-D2025-03-10_22-51-06'.
2025-03-11 02:01:50,176	INFO packaging.py:347 -- Pushing file package 'gcs://_ray_pkg_53163591466dd9b6.zip' (0.48MiB) to Ray cluster...
2025-03-11 02:01:50,183	INFO packaging.py:360 -- Successfully pushed file package 'gcs://_ray_pkg_53163591466dd9b6.zip'.
RAY_INIT_TIME:       4.83496
Iter [0]
Iter [2]
Iter [4]
Iter [6]
Iter [8]
Iter [10]
Iter [12]
Iter [14]
Iter [16]
Iter [18]
GLOBAL_PUT_TIME:     5.93329381942749 (avg:0.29666)
ACTOR_CONCURRENCY:   8
SIMULATION_TIME:     63.265078962000004 (avg: 3.163253948100000)
SIM_WTHOUT_PDI:      25.198808584000005 (avg: 1.259940429200000)
PDI_DELAY:           38.066270377999999 (avg: 1.903313518900000)

GLOBAL_SIZE_(GiB):   131072
LOCAL_SIZE_(MiB):    1
ITERATIONS:          20

MPI_PER_NODE:        32
MPI_PARALLELISM:     128

WORKER_NODES:        2
CPUS_PER_WORKER:     64
WORKER_PARALLELISM:  128


SLURM_JOB_ID:        10934020
EST_ANALYTICS_TIME:  869.33323 (avg:43.46666)

Slurm job finished at 11/03/2025_02:16:23 AM


*****************************************************************************
*****************************************************************************
*                                                                           *
*                                                                           *
*                    JOB EFFICIENCY REPORT (seff 10934020)                   *
*                    JOB EFFICIENCY REPORT (seff 10934020)                   *
*                                                                           *
*                                                                           *
*****************************************************************************
*****************************************************************************


Job ID: 10934020
Job ID: 10934020
Cluster: finisterrae3
Cluster: finisterrae3
User/Group: curso341/ulc
User/Group: curso341/ulc
State: COMPLETED (exit code 0)
State: COMPLETED (exit code 0)
Nodes: 7
Nodes: 7
Cores per node: 64
Cores per node: 64

CPU Utilized: 01:04:40
CPU Utilized: 01:04:40
*****************************************************************************
CPU Efficiency: 0.96% of 4-16:14:56 core-walltime
CPU Efficiency: 0.96% of 4-16:14:56 core-walltime
*                                                                           *
Job Wall-clock time: 00:15:02
Job Wall-clock time: 00:15:02
*                    JOB EFFICIENCY REPORT (seff 10934020)                   *
Memory Utilized: 3.70 GB
Memory Utilized: 3.70 GB
*                                                                           *
Memory Efficiency: 0.24% of 1.48 TB
Memory Efficiency: 0.24% of 1.48 TB
*****************************************************************************



 +++++++++++++++++++++++++++++++++++++++++++++++++++++++++++++++++++++++++++
 +++++++++++++++++++++++++++++++++++++++++++++++++++++++++++++++++++++++++++
Job ID: 10934020
 ++   Memory Efficiency is too small. Please review the requested memory. ++
 ++   Memory Efficiency is too small. Please review the requested memory. ++
Cluster: finisterrae3
 ++ It seems that you do not need that much memory so we recommend        ++
 ++ It seems that you do not need that much memory so we recommend        ++
User/Group: curso341/ulc
 ++ requesting less memory in other similar jobs.                         ++
 ++ requesting less memory in other similar jobs.                         ++
State: COMPLETED (exit code 0)
 +++++++++++++++++++++++++++++++++++++++++++++++++++++++++++++++++++++++++++
 +++++++++++++++++++++++++++++++++++++++++++++++++++++++++++++++++++++++++++
Nodes: 7
 
 
Cores per node: 64
*****************************************************************************
*****************************************************************************
CPU Utilized: 01:04:40


CPU Efficiency: 0.96% of 4-16:14:56 core-walltime
Job Wall-clock time: 00:15:02
Memory Utilized: 3.70 GB
Memory Efficiency: 0.24% of 1.48 TB

 +++++++++++++++++++++++++++++++++++++++++++++++++++++++++++++++++++++++++++
 ++   Memory Efficiency is too small. Please review the requested memory. ++
 ++ It seems that you do not need that much memory so we recommend        ++
 ++ requesting less memory in other similar jobs.                         ++
 +++++++++++++++++++++++++++++++++++++++++++++++++++++++++++++++++++++++++++
 
*****************************************************************************


*****************************************************************************
*                                                                           *
*                    JOB EFFICIENCY REPORT (seff 10934020)                   *
*                                                                           *
*****************************************************************************

Job ID: 10934020
Cluster: finisterrae3
User/Group: curso341/ulc
State: COMPLETED (exit code 0)
Nodes: 7
Cores per node: 64
CPU Utilized: 01:04:40
CPU Efficiency: 0.96% of 4-16:14:56 core-walltime
Job Wall-clock time: 00:15:02
Memory Utilized: 3.70 GB
Memory Efficiency: 0.24% of 1.48 TB

 +++++++++++++++++++++++++++++++++++++++++++++++++++++++++++++++++++++++++++
 ++   Memory Efficiency is too small. Please review the requested memory. ++
 ++ It seems that you do not need that much memory so we recommend        ++
 ++ requesting less memory in other similar jobs.                         ++
 +++++++++++++++++++++++++++++++++++++++++++++++++++++++++++++++++++++++++++
 
*****************************************************************************


*****************************************************************************
*                                                                           *
*                    JOB EFFICIENCY REPORT (seff 10934020)                   *
*                                                                           *
*****************************************************************************

Job ID: 10934020
Cluster: finisterrae3
User/Group: curso341/ulc
State: COMPLETED (exit code 0)
Nodes: 7
Cores per node: 64
CPU Utilized: 01:05:35
CPU Efficiency: 0.97% of 4-16:14:56 core-walltime
Job Wall-clock time: 00:15:02
Memory Utilized: 3.70 GB
Memory Efficiency: 0.24% of 1.48 TB

 +++++++++++++++++++++++++++++++++++++++++++++++++++++++++++++++++++++++++++
 ++   Memory Efficiency is too small. Please review the requested memory. ++
 ++ It seems that you do not need that much memory so we recommend        ++
 ++ requesting less memory in other similar jobs.                         ++
 +++++++++++++++++++++++++++++++++++++++++++++++++++++++++++++++++++++++++++
 
*****************************************************************************


*****************************************************************************
*                                                                           *
*                    JOB EFFICIENCY REPORT (seff 10934020)                   *
*                                                                           *
*****************************************************************************

Job ID: 10934020
Cluster: finisterrae3
User/Group: curso341/ulc
State: COMPLETED (exit code 0)
Nodes: 7
Cores per node: 64
CPU Utilized: 02:40:58
CPU Efficiency: 2.39% of 4-16:14:56 core-walltime
Job Wall-clock time: 00:15:02
Memory Utilized: 4.51 GB
Memory Efficiency: 0.30% of 1.48 TB

 +++++++++++++++++++++++++++++++++++++++++++++++++++++++++++++++++++++++++++
 ++   Memory Efficiency is too small. Please review the requested memory. ++
 ++ It seems that you do not need that much memory so we recommend        ++
 ++ requesting less memory in other similar jobs.                         ++
 +++++++++++++++++++++++++++++++++++++++++++++++++++++++++++++++++++++++++++
 
*****************************************************************************


*****************************************************************************
*                                                                           *
*                    JOB EFFICIENCY REPORT (seff 10934020)                   *
*                                                                           *
*****************************************************************************

Job ID: 10934020
Cluster: finisterrae3
User/Group: curso341/ulc
State: COMPLETED (exit code 0)
Nodes: 7
Cores per node: 64
CPU Utilized: 02:40:58
CPU Efficiency: 2.39% of 4-16:14:56 core-walltime
Job Wall-clock time: 00:15:02
Memory Utilized: 4.51 GB
Memory Efficiency: 0.30% of 1.48 TB

 +++++++++++++++++++++++++++++++++++++++++++++++++++++++++++++++++++++++++++
 ++   Memory Efficiency is too small. Please review the requested memory. ++
 ++ It seems that you do not need that much memory so we recommend        ++
 ++ requesting less memory in other similar jobs.                         ++
 +++++++++++++++++++++++++++++++++++++++++++++++++++++++++++++++++++++++++++
 
*****************************************************************************

