slurmstepd: info: Setting TMPDIR to /scratch/10927288. Previous errors about TMPDIR can be discarded
Slurm job started at 10/03/2025_10:39:23 AM

In transit.
Initing Ray (1 head node + 2 worker nodes + 4 simulation nodes) on nodes: 
	ilk-248 ilk-249 ilk-250 ilk-251 ilk-252 ilk-253 ilk-254
Head node: 172.30.211.21:6379


RAY_DEPLOY_TIME:     24.39398
2025-03-10 10:39:53,381	INFO packaging.py:520 -- Creating a file package for local directory '/mnt/lustre/scratch/nlsas/home/ulc/cursos/curso341/dask_on_reisa_tests/E4/DASK_ON_REISA/derivative/P128-SN4-LS1-GS134-I10-AN2-D2025-03-10_08-46-36'.
2025-03-10 10:39:53,408	INFO packaging.py:347 -- Pushing file package 'gcs://_ray_pkg_7bda31c637925665.zip' (0.48MiB) to Ray cluster...
2025-03-10 10:39:53,415	INFO packaging.py:360 -- Successfully pushed file package 'gcs://_ray_pkg_7bda31c637925665.zip'.
RAY_INIT_TIME:       7.36729
Iter [0]
Iter [1]
Iter [2]
Iter [3]
Iter [4]
Iter [5]
Iter [6]
[2m[36m(iter_task pid=2802681, ip=10.120.211.22)[0m /home/ulc/cursos/curso341/.local/lib/python3.9/site-packages/dask/config.py:693: UserWarning: Configuration key "shuffle" has been deprecated. Please use "dataframe.shuffle.algorithm" instead
[2m[36m(iter_task pid=2802681, ip=10.120.211.22)[0m   warnings.warn(
[2m[36m(iter_task pid=2802680, ip=10.120.211.22)[0m /home/ulc/cursos/curso341/.local/lib/python3.9/site-packages/dask/config.py:693: UserWarning: Configuration key "shuffle" has been deprecated. Please use "dataframe.shuffle.algorithm" instead
[2m[36m(iter_task pid=2802680, ip=10.120.211.22)[0m   warnings.warn(
[2m[36m(iter_task pid=223035, ip=10.120.211.23)[0m /home/ulc/cursos/curso341/.local/lib/python3.9/site-packages/dask/config.py:693: UserWarning: Configuration key "shuffle" has been deprecated. Please use "dataframe.shuffle.algorithm" instead
[2m[36m(iter_task pid=223035, ip=10.120.211.23)[0m   warnings.warn(
[2m[36m(iter_task pid=223036, ip=10.120.211.23)[0m /home/ulc/cursos/curso341/.local/lib/python3.9/site-packages/dask/config.py:693: UserWarning: Configuration key "shuffle" has been deprecated. Please use "dataframe.shuffle.algorithm" instead
[2m[36m(iter_task pid=223036, ip=10.120.211.23)[0m   warnings.warn(
Iter [7]
Iter [8]
Iter [9]
GLOBAL_PUT_TIME:     0.028498411178588867 (avg:0.00285)
ACTOR_CONCURRENCY:   8
SIMULATION_TIME:     7.311860924000000 (avg: 0.731186092400000)
SIM_WTHOUT_PDI:      2.880126877000000 (avg: 0.288012687700000)
PDI_DELAY:           4.431734047000000 (avg: 0.443173404700000)

GLOBAL_SIZE_(GiB):   131072
LOCAL_SIZE_(MiB):    1
ITERATIONS:          10

MPI_PER_NODE:        32
MPI_PARALLELISM:     128

WORKER_NODES:        2
CPUS_PER_WORKER:     64
WORKER_PARALLELISM:  128


SLURM_JOB_ID:        10927288
[2m[36m(iter_task pid=2802680, ip=10.120.211.22)[0m /home/ulc/cursos/curso341/.local/lib/python3.9/site-packages/dask/config.py:693: UserWarning: Configuration key "shuffle" has been deprecated. Please use "dataframe.shuffle.algorithm" instead
[2m[36m(iter_task pid=2802680, ip=10.120.211.22)[0m   warnings.warn(
[2m[36m(iter_task pid=223035, ip=10.120.211.23)[0m /home/ulc/cursos/curso341/.local/lib/python3.9/site-packages/dask/config.py:693: UserWarning: Configuration key "shuffle" has been deprecated. Please use "dataframe.shuffle.algorithm" instead
[2m[36m(iter_task pid=223035, ip=10.120.211.23)[0m   warnings.warn(
EST_ANALYTICS_TIME:  31.85489 (avg:3.18549)

Slurm job finished at 10/03/2025_10:40:29 AM

*****************************************************************************
*                                                                           *
*                    JOB EFFICIENCY REPORT (seff 10927288)                   *
*                                                                           *
*****************************************************************************

Job ID: 10927288
Cluster: finisterrae3
User/Group: curso341/ulc
State: COMPLETED (exit code 0)
Nodes: 7
Cores per node: 64
CPU Utilized: 00:17:29
CPU Efficiency: 3.44% of 08:27:44 core-walltime
Job Wall-clock time: 00:01:08
Memory Utilized: 441.95 MB
Memory Efficiency: 0.03% of 1.48 TB

 +++++++++++++++++++++++++++++++++++++++++++++++++++++++++++++++++++++++++++
 ++   Memory Efficiency is too small. Please review the requested memory. ++
 ++ It seems that you do not need that much memory so we recommend        ++
 ++ requesting less memory in other similar jobs.                         ++
 +++++++++++++++++++++++++++++++++++++++++++++++++++++++++++++++++++++++++++
 
*****************************************************************************


*****************************************************************************
*                                                                           *
*                    JOB EFFICIENCY REPORT (seff 10927288)                   *
*                                                                           *
*****************************************************************************

Job ID: 10927288
Cluster: finisterrae3
User/Group: curso341/ulc
State: COMPLETED (exit code 0)
Nodes: 7
Cores per node: 64
CPU Utilized: 00:17:29
CPU Efficiency: 3.44% of 08:27:44 core-walltime
Job Wall-clock time: 00:01:08
Memory Utilized: 441.95 MB
Memory Efficiency: 0.03% of 1.48 TB

 +++++++++++++++++++++++++++++++++++++++++++++++++++++++++++++++++++++++++++
 ++   Memory Efficiency is too small. Please review the requested memory. ++
 ++ It seems that you do not need that much memory so we recommend        ++
 ++ requesting less memory in other similar jobs.                         ++
 +++++++++++++++++++++++++++++++++++++++++++++++++++++++++++++++++++++++++++
 
*****************************************************************************


*****************************************************************************
*                                                                           *
*                    JOB EFFICIENCY REPORT (seff 10927288)                   *
*                                                                           *
*****************************************************************************

Job ID: 10927288
Cluster: finisterrae3
User/Group: curso341/ulc
State: COMPLETED (exit code 0)
Nodes: 7
Cores per node: 64
CPU Utilized: 00:17:29
CPU Efficiency: 3.44% of 08:27:44 core-walltime
Job Wall-clock time: 00:01:08
Memory Utilized: 441.95 MB
Memory Efficiency: 0.03% of 1.48 TB

 +++++++++++++++++++++++++++++++++++++++++++++++++++++++++++++++++++++++++++
 ++   Memory Efficiency is too small. Please review the requested memory. ++
 ++ It seems that you do not need that much memory so we recommend        ++
 ++ requesting less memory in other similar jobs.                         ++
 +++++++++++++++++++++++++++++++++++++++++++++++++++++++++++++++++++++++++++
 
*****************************************************************************


*****************************************************************************
*                                                                           *
*                    JOB EFFICIENCY REPORT (seff 10927288)                   *
*                                                                           *
*****************************************************************************

Job ID: 10927288
Cluster: finisterrae3
User/Group: curso341/ulc
State: COMPLETED (exit code 0)
Nodes: 7
Cores per node: 64
CPU Utilized: 00:17:29
CPU Efficiency: 3.44% of 08:27:44 core-walltime
Job Wall-clock time: 00:01:08
Memory Utilized: 441.95 MB
Memory Efficiency: 0.03% of 1.48 TB

 +++++++++++++++++++++++++++++++++++++++++++++++++++++++++++++++++++++++++++
 ++   Memory Efficiency is too small. Please review the requested memory. ++
 ++ It seems that you do not need that much memory so we recommend        ++
 ++ requesting less memory in other similar jobs.                         ++
 +++++++++++++++++++++++++++++++++++++++++++++++++++++++++++++++++++++++++++
 
*****************************************************************************


*****************************************************************************
*                                                                           *
*                    JOB EFFICIENCY REPORT (seff 10927288)                   *
*                                                                           *
*****************************************************************************

Job ID: 10927288
Cluster: finisterrae3
User/Group: curso341/ulc
State: COMPLETED (exit code 0)
Nodes: 7
Cores per node: 64
CPU Utilized: 00:49:41
CPU Efficiency: 9.79% of 08:27:44 core-walltime
Job Wall-clock time: 00:01:08
Memory Utilized: 5.45 GB
Memory Efficiency: 0.36% of 1.48 TB

 +++++++++++++++++++++++++++++++++++++++++++++++++++++++++++++++++++++++++++
 ++   Memory Efficiency is too small. Please review the requested memory. ++
 ++ It seems that you do not need that much memory so we recommend        ++
 ++ requesting less memory in other similar jobs.                         ++
 +++++++++++++++++++++++++++++++++++++++++++++++++++++++++++++++++++++++++++
 
*****************************************************************************


*****************************************************************************
*                                                                           *
*                    JOB EFFICIENCY REPORT (seff 10927288)                   *
*                                                                           *
*****************************************************************************

Job ID: 10927288
Cluster: finisterrae3
User/Group: curso341/ulc
State: COMPLETED (exit code 0)
Nodes: 7
Cores per node: 64
CPU Utilized: 00:49:41
CPU Efficiency: 9.79% of 08:27:44 core-walltime
Job Wall-clock time: 00:01:08
Memory Utilized: 5.45 GB
Memory Efficiency: 0.36% of 1.48 TB

 +++++++++++++++++++++++++++++++++++++++++++++++++++++++++++++++++++++++++++
 ++   Memory Efficiency is too small. Please review the requested memory. ++
 ++ It seems that you do not need that much memory so we recommend        ++
 ++ requesting less memory in other similar jobs.                         ++
 +++++++++++++++++++++++++++++++++++++++++++++++++++++++++++++++++++++++++++
 
*****************************************************************************


*****************************************************************************
*                                                                           *
*                    JOB EFFICIENCY REPORT (seff 10927288)                   *
*                                                                           *
*****************************************************************************

Job ID: 10927288
Cluster: finisterrae3
User/Group: curso341/ulc
State: COMPLETED (exit code 0)
Nodes: 7
Cores per node: 64
CPU Utilized: 00:50:32
CPU Efficiency: 9.95% of 08:27:44 core-walltime
Job Wall-clock time: 00:01:08
Memory Utilized: 5.45 GB
Memory Efficiency: 0.36% of 1.48 TB

 +++++++++++++++++++++++++++++++++++++++++++++++++++++++++++++++++++++++++++
 ++   Memory Efficiency is too small. Please review the requested memory. ++
 ++ It seems that you do not need that much memory so we recommend        ++
 ++ requesting less memory in other similar jobs.                         ++
 +++++++++++++++++++++++++++++++++++++++++++++++++++++++++++++++++++++++++++
 
*****************************************************************************

