slurmstepd: info: Setting TMPDIR to /scratch/10942688. Previous errors about TMPDIR can be discarded
Slurm job started at 13/03/2025_04:06:53 AM

In transit.
Initing Ray (1 head node + 8 worker nodes + 16 simulation nodes) on nodes: 
	ilk-20 ilk-61 ilk-71 ilk-77 ilk-145 ilk-146 ilk-150 ilk-151 ilk-152 ilk-153 ilk-154 ilk-156 ilk-157 ilk-158 ilk-159 ilk-161 ilk-163 ilk-167 ilk-169 ilk-175 ilk-177 ilk-181 ilk-184 ilk-186 ilk-187
Head node: 172.30.201.20:6379


RAY_DEPLOY_TIME:     23.69296
2025-03-13 04:07:21,451	INFO packaging.py:520 -- Creating a file package for local directory '/mnt/lustre/scratch/nlsas/home/ulc/cursos/curso341/dask_on_reisa_tests/E6/DASK_ON_REISA_ONE_ACTOR/derivative/P512-SN16-LS1-GS536-I10-AN8-D2025-03-12_10-04-38'.
2025-03-13 04:07:21,477	INFO packaging.py:347 -- Pushing file package 'gcs://_ray_pkg_ba77e50930a7f443.zip' (0.48MiB) to Ray cluster...
2025-03-13 04:07:21,484	INFO packaging.py:360 -- Successfully pushed file package 'gcs://_ray_pkg_ba77e50930a7f443.zip'.
RAY_INIT_TIME:       6.73630
Iter [0]
Iter [1]
Iter [2]
Iter [3]
Iter [4]
Iter [5]
Iter [6]
Iter [7]
Iter [8]
Iter [9]
GLOBAL_PUT_TIME:     1.0991101264953613 (avg:0.10991)
ACTOR_CONCURRENCY:   8
SIMULATION_TIME:     176.453833011999990 (avg: 17.645383301199999)
SIM_WTHOUT_PDI:      72.950070012999987 (avg: 7.295007001299998)
PDI_DELAY:           103.503762999000003 (avg: 10.350376299900001)

GLOBAL_SIZE_(GiB):   524288
LOCAL_SIZE_(MiB):    1
ITERATIONS:          10

MPI_PER_NODE:        32
MPI_PARALLELISM:     512

WORKER_NODES:        8
CPUS_PER_WORKER:     64
WORKER_PARALLELISM:  512


SLURM_JOB_ID:        10942688
srun: Job step aborted: Waiting up to 32 seconds for job step to finish.
slurmstepd: error: *** JOB 10942688 ON ilk-20 CANCELLED AT 2025-03-13T04:27:18 DUE TO TIME LIMIT ***
slurmstepd: error: *** STEP 10942688.26 ON ilk-61 CANCELLED AT 2025-03-13T04:27:18 DUE TO TIME LIMIT ***
