slurmstepd: info: Setting TMPDIR to /scratch/10781204. Previous errors about TMPDIR can be discarded
Slurm job started at 26/02/2025_12:32:06 PM

In transit.
Initing Ray (1 head node + 8 worker nodes + 8 simulation nodes) on nodes: 
	ilk-97 ilk-98 ilk-99 ilk-101 ilk-104 ilk-106 ilk-107 ilk-108 ilk-112 ilk-113 ilk-114 ilk-115 ilk-117 ilk-118 ilk-120 ilk-122 ilk-123
Head node: 172.30.203.1:6379


RAY_DEPLOY_TIME:     23.86429
2025-02-26 12:32:33,582	INFO packaging.py:520 -- Creating a file package for local directory '/mnt/lustre/scratch/nlsas/home/ulc/cursos/curso341/dask_on_reisa_tests/E2/REISA/reduction/P16-SN8-LS268-GS4294-I25-AN8-D2025-02-26_11-02-35'.
2025-02-26 12:32:33,611	INFO packaging.py:347 -- Pushing file package 'gcs://_ray_pkg_879978314d8699bf.zip' (0.48MiB) to Ray cluster...
2025-02-26 12:32:33,617	INFO packaging.py:360 -- Successfully pushed file package 'gcs://_ray_pkg_879978314d8699bf.zip'.
RAY_INIT_TIME:       2.53308
Iter [0]
Iter [2]
Iter [4]
Iter [6]
Iter [8]
Iter [10]
Iter [12]
Iter [14]
Iter [16]
Iter [18]
Iter [20]
Iter [22]
Iter [24]
EST_ANALYTICS_TIME:  70.80913 (avg:2.83237)
GLOBAL_PUT_TIME:     9.881243228912354 (avg:0.39525)
ACTOR_CONCURRENCY:   8
SIMULATION_TIME:     73.765768330000000 (avg: 2.950630733200000)
SIM_WTHOUT_PDI:      60.027666732000007 (avg: 2.401106669280000)
PDI_DELAY:           13.738101597999993 (avg: 0.549524063920000)

GLOBAL_SIZE_(GiB):   4194304
LOCAL_SIZE_(MiB):    256
ITERATIONS:          25

MPI_PER_NODE:        2
MPI_PARALLELISM:     16

WORKER_NODES:        8
CPUS_PER_WORKER:     30
WORKER_PARALLELISM:  240


SLURM_JOB_ID:        10781204

Slurm job finished at 26/02/2025_12:33:49 PM

*****************************************************************************
*                                                                           *
*                    JOB EFFICIENCY REPORT (seff 10781204)                   *
*                                                                           *
*****************************************************************************

Job ID: 10781204
Cluster: finisterrae3
User/Group: curso341/ulc
State: COMPLETED (exit code 0)
Nodes: 17
Cores per node: 40
CPU Utilized: 00:19:30
CPU Efficiency: 1.65% of 19:38:40 core-walltime
Job Wall-clock time: 00:01:44
Memory Utilized: 15.84 GB (estimated maximum)
Memory Efficiency: 0.58% of 2.66 TB (4.00 GB/core)

 +++++++++++++++++++++++++++++++++++++++++++++++++++++++++++++++++++++++++++
 ++   Memory Efficiency is too small. Please review the requested memory. ++
 ++ It seems that you do not need that much memory so we recommend        ++
 ++ requesting less memory in other similar jobs.                         ++
 +++++++++++++++++++++++++++++++++++++++++++++++++++++++++++++++++++++++++++
 
*****************************************************************************


*****************************************************************************
*                                                                           *
*                    JOB EFFICIENCY REPORT (seff 10781204)                   *
*                                                                           *
*****************************************************************************

Job ID: 10781204
Cluster: finisterrae3
User/Group: curso341/ulc
State: COMPLETED (exit code 0)
Nodes: 17
Cores per node: 40
CPU Utilized: 00:19:30
CPU Efficiency: 1.65% of 19:38:40 core-walltime
Job Wall-clock time: 00:01:44
Memory Utilized: 15.84 GB (estimated maximum)
Memory Efficiency: 0.58% of 2.66 TB (4.00 GB/core)

 +++++++++++++++++++++++++++++++++++++++++++++++++++++++++++++++++++++++++++
 ++   Memory Efficiency is too small. Please review the requested memory. ++
 ++ It seems that you do not need that much memory so we recommend        ++
 ++ requesting less memory in other similar jobs.                         ++
 +++++++++++++++++++++++++++++++++++++++++++++++++++++++++++++++++++++++++++
 
*****************************************************************************


*****************************************************************************
*                                                                           *
*                    JOB EFFICIENCY REPORT (seff 10781204)                   *
*                                                                           *
*****************************************************************************

Job ID: 10781204
Cluster: finisterrae3
User/Group: curso341/ulc
State: COMPLETED (exit code 0)
Nodes: 17
Cores per node: 40
CPU Utilized: 00:19:30
CPU Efficiency: 1.65% of 19:38:40 core-walltime
Job Wall-clock time: 00:01:44
Memory Utilized: 15.84 GB (estimated maximum)
Memory Efficiency: 0.58% of 2.66 TB (4.00 GB/core)

 +++++++++++++++++++++++++++++++++++++++++++++++++++++++++++++++++++++++++++
 ++   Memory Efficiency is too small. Please review the requested memory. ++
 ++ It seems that you do not need that much memory so we recommend        ++
 ++ requesting less memory in other similar jobs.                         ++
 +++++++++++++++++++++++++++++++++++++++++++++++++++++++++++++++++++++++++++
 
*****************************************************************************


*****************************************************************************
*                                                                           *
*                    JOB EFFICIENCY REPORT (seff 10781204)                   *
*                                                                           *
*****************************************************************************

Job ID: 10781204
Cluster: finisterrae3
User/Group: curso341/ulc
State: COMPLETED (exit code 0)
Nodes: 17
Cores per node: 40
CPU Utilized: 00:19:30
CPU Efficiency: 1.65% of 19:38:40 core-walltime
Job Wall-clock time: 00:01:44
Memory Utilized: 15.84 GB (estimated maximum)
Memory Efficiency: 0.58% of 2.66 TB (4.00 GB/core)

 +++++++++++++++++++++++++++++++++++++++++++++++++++++++++++++++++++++++++++
 ++   Memory Efficiency is too small. Please review the requested memory. ++
 ++ It seems that you do not need that much memory so we recommend        ++
 ++ requesting less memory in other similar jobs.                         ++
 +++++++++++++++++++++++++++++++++++++++++++++++++++++++++++++++++++++++++++
 
*****************************************************************************


*****************************************************************************
*                                                                           *
*                    JOB EFFICIENCY REPORT (seff 10781204)                   *
*                                                                           *
*****************************************************************************

Job ID: 10781204
Cluster: finisterrae3
User/Group: curso341/ulc
State: COMPLETED (exit code 0)
Nodes: 17
Cores per node: 40
CPU Utilized: 00:19:30
CPU Efficiency: 1.65% of 19:38:40 core-walltime
Job Wall-clock time: 00:01:44
Memory Utilized: 15.84 GB (estimated maximum)
Memory Efficiency: 0.58% of 2.66 TB (4.00 GB/core)

 +++++++++++++++++++++++++++++++++++++++++++++++++++++++++++++++++++++++++++
 ++   Memory Efficiency is too small. Please review the requested memory. ++
 ++ It seems that you do not need that much memory so we recommend        ++
 ++ requesting less memory in other similar jobs.                         ++
 +++++++++++++++++++++++++++++++++++++++++++++++++++++++++++++++++++++++++++
 
*****************************************************************************


*****************************************************************************
*                                                                           *
*                    JOB EFFICIENCY REPORT (seff 10781204)                   *
*                                                                           *
*****************************************************************************

Job ID: 10781204
Cluster: finisterrae3
User/Group: curso341/ulc
State: COMPLETED (exit code 0)
Nodes: 17
Cores per node: 40
CPU Utilized: 00:19:45
CPU Efficiency: 1.68% of 19:38:40 core-walltime
Job Wall-clock time: 00:01:44
Memory Utilized: 15.84 GB (estimated maximum)
Memory Efficiency: 0.58% of 2.66 TB (4.00 GB/core)

 +++++++++++++++++++++++++++++++++++++++++++++++++++++++++++++++++++++++++++
 ++   Memory Efficiency is too small. Please review the requested memory. ++
 ++ It seems that you do not need that much memory so we recommend        ++
 ++ requesting less memory in other similar jobs.                         ++
 +++++++++++++++++++++++++++++++++++++++++++++++++++++++++++++++++++++++++++
 
*****************************************************************************


*****************************************************************************
*                                                                           *
*                    JOB EFFICIENCY REPORT (seff 10781204)                   *
*                                                                           *
*****************************************************************************

Job ID: 10781204
Cluster: finisterrae3
User/Group: curso341/ulc
State: COMPLETED (exit code 0)
Nodes: 17
Cores per node: 40
CPU Utilized: 00:32:37
CPU Efficiency: 2.77% of 19:38:40 core-walltime
Job Wall-clock time: 00:01:44
Memory Utilized: 3.62 GB
Memory Efficiency: 0.13% of 2.66 TB

 +++++++++++++++++++++++++++++++++++++++++++++++++++++++++++++++++++++++++++
 ++   Memory Efficiency is too small. Please review the requested memory. ++
 ++ It seems that you do not need that much memory so we recommend        ++
 ++ requesting less memory in other similar jobs.                         ++
 +++++++++++++++++++++++++++++++++++++++++++++++++++++++++++++++++++++++++++
 
*****************************************************************************



*****************************************************************************
*****************************************************************************
*                                                                           *
*                                                                           *
*                    JOB EFFICIENCY REPORT (seff 10781204)                   *
*                    JOB EFFICIENCY REPORT (seff 10781204)                   *
*                                                                           *
*                                                                           *
*****************************************************************************
*****************************************************************************


Job ID: 10781204
Job ID: 10781204
Cluster: finisterrae3
Cluster: finisterrae3
User/Group: curso341/ulc
User/Group: curso341/ulc
State: COMPLETED (exit code 0)
State: COMPLETED (exit code 0)
Nodes: 17
Nodes: 17
Cores per node: 40
Cores per node: 40
CPU Utilized: 00:32:37
CPU Utilized: 00:32:37
CPU Efficiency: 2.77% of 19:38:40 core-walltime
CPU Efficiency: 2.77% of 19:38:40 core-walltime
Job Wall-clock time: 00:01:44
Job Wall-clock time: 00:01:44
Memory Utilized: 3.62 GB
Memory Utilized: 3.62 GB
Memory Efficiency: 0.13% of 2.66 TB
Memory Efficiency: 0.13% of 2.66 TB


 +++++++++++++++++++++++++++++++++++++++++++++++++++++++++++++++++++++++++++
 +++++++++++++++++++++++++++++++++++++++++++++++++++++++++++++++++++++++++++
 ++   Memory Efficiency is too small. Please review the requested memory. ++
 ++   Memory Efficiency is too small. Please review the requested memory. ++
 ++ It seems that you do not need that much memory so we recommend        ++
 ++ It seems that you do not need that much memory so we recommend        ++
 ++ requesting less memory in other similar jobs.                         ++
 ++ requesting less memory in other similar jobs.                         ++
 +++++++++++++++++++++++++++++++++++++++++++++++++++++++++++++++++++++++++++
 +++++++++++++++++++++++++++++++++++++++++++++++++++++++++++++++++++++++++++
 
 
*****************************************************************************
*****************************************************************************



*****************************************************************************
*                                                                           *
*                    JOB EFFICIENCY REPORT (seff 10781204)                   *
*                                                                           *
*****************************************************************************

Job ID: 10781204
Cluster: finisterrae3
User/Group: curso341/ulc
State: COMPLETED (exit code 0)
Nodes: 17
Cores per node: 40
CPU Utilized: 00:32:37
CPU Efficiency: 2.77% of 19:38:40 core-walltime
Job Wall-clock time: 00:01:44
Memory Utilized: 3.62 GB
Memory Efficiency: 0.13% of 2.66 TB

 +++++++++++++++++++++++++++++++++++++++++++++++++++++++++++++++++++++++++++
 ++   Memory Efficiency is too small. Please review the requested memory. ++
 ++ It seems that you do not need that much memory so we recommend        ++
 ++ requesting less memory in other similar jobs.                         ++
 +++++++++++++++++++++++++++++++++++++++++++++++++++++++++++++++++++++++++++
 
*****************************************************************************


*****************************************************************************
*                                                                           *
*                    JOB EFFICIENCY REPORT (seff 10781204)                   *
*                                                                           *
*****************************************************************************

Job ID: 10781204
Cluster: finisterrae3
User/Group: curso341/ulc
State: COMPLETED (exit code 0)
Nodes: 17
Cores per node: 40
CPU Utilized: 00:32:37
CPU Efficiency: 2.77% of 19:38:40 core-walltime
Job Wall-clock time: 00:01:44
Memory Utilized: 3.62 GB
Memory Efficiency: 0.13% of 2.66 TB

 +++++++++++++++++++++++++++++++++++++++++++++++++++++++++++++++++++++++++++
 ++   Memory Efficiency is too small. Please review the requested memory. ++
 ++ It seems that you do not need that much memory so we recommend        ++
 ++ requesting less memory in other similar jobs.                         ++
 +++++++++++++++++++++++++++++++++++++++++++++++++++++++++++++++++++++++++++
 
*****************************************************************************


*****************************************************************************
*                                                                           *
*                    JOB EFFICIENCY REPORT (seff 10781204)                   *
*                                                                           *
*****************************************************************************

Job ID: 10781204
Cluster: finisterrae3
User/Group: curso341/ulc
State: COMPLETED (exit code 0)
Nodes: 17
Cores per node: 40
CPU Utilized: 00:32:37
CPU Efficiency: 2.77% of 19:38:40 core-walltime
Job Wall-clock time: 00:01:44
Memory Utilized: 3.62 GB
Memory Efficiency: 0.13% of 2.66 TB

 +++++++++++++++++++++++++++++++++++++++++++++++++++++++++++++++++++++++++++
 ++   Memory Efficiency is too small. Please review the requested memory. ++
 ++ It seems that you do not need that much memory so we recommend        ++
 ++ requesting less memory in other similar jobs.                         ++
 +++++++++++++++++++++++++++++++++++++++++++++++++++++++++++++++++++++++++++
 
*****************************************************************************


*****************************************************************************
*                                                                           *
*                    JOB EFFICIENCY REPORT (seff 10781204)                   *
*                                                                           *
*****************************************************************************

Job ID: 10781204
Cluster: finisterrae3
User/Group: curso341/ulc
State: COMPLETED (exit code 0)
Nodes: 17
Cores per node: 40
CPU Utilized: 00:32:37
CPU Efficiency: 2.77% of 19:38:40 core-walltime
Job Wall-clock time: 00:01:44
Memory Utilized: 3.62 GB
Memory Efficiency: 0.13% of 2.66 TB

 +++++++++++++++++++++++++++++++++++++++++++++++++++++++++++++++++++++++++++
 ++   Memory Efficiency is too small. Please review the requested memory. ++
 ++ It seems that you do not need that much memory so we recommend        ++
 ++ requesting less memory in other similar jobs.                         ++
 +++++++++++++++++++++++++++++++++++++++++++++++++++++++++++++++++++++++++++
 
*****************************************************************************


*****************************************************************************
*                                                                           *
*                    JOB EFFICIENCY REPORT (seff 10781204)                   *
*                                                                           *
*****************************************************************************

Job ID: 10781204
Cluster: finisterrae3
User/Group: curso341/ulc
State: COMPLETED (exit code 0)
Nodes: 17
Cores per node: 40
CPU Utilized: 00:32:37
CPU Efficiency: 2.77% of 19:38:40 core-walltime
Job Wall-clock time: 00:01:44
Memory Utilized: 3.62 GB
Memory Efficiency: 0.13% of 2.66 TB

 +++++++++++++++++++++++++++++++++++++++++++++++++++++++++++++++++++++++++++
 ++   Memory Efficiency is too small. Please review the requested memory. ++
 ++ It seems that you do not need that much memory so we recommend        ++
 ++ requesting less memory in other similar jobs.                         ++
 +++++++++++++++++++++++++++++++++++++++++++++++++++++++++++++++++++++++++++
 
*****************************************************************************


*****************************************************************************
*                                                                           *
*                    JOB EFFICIENCY REPORT (seff 10781204)                   *
*                                                                           *
*****************************************************************************

Job ID: 10781204
Cluster: finisterrae3
User/Group: curso341/ulc
State: COMPLETED (exit code 0)
Nodes: 17
Cores per node: 40
CPU Utilized: 00:32:37
CPU Efficiency: 2.77% of 19:38:40 core-walltime
Job Wall-clock time: 00:01:44
Memory Utilized: 3.62 GB
Memory Efficiency: 0.13% of 2.66 TB

 +++++++++++++++++++++++++++++++++++++++++++++++++++++++++++++++++++++++++++
 ++   Memory Efficiency is too small. Please review the requested memory. ++
 ++ It seems that you do not need that much memory so we recommend        ++
 ++ requesting less memory in other similar jobs.                         ++
 +++++++++++++++++++++++++++++++++++++++++++++++++++++++++++++++++++++++++++
 
*****************************************************************************


*****************************************************************************
*                                                                           *
*                    JOB EFFICIENCY REPORT (seff 10781204)                   *
*                                                                           *
*****************************************************************************

Job ID: 10781204
Cluster: finisterrae3
User/Group: curso341/ulc
State: COMPLETED (exit code 0)
Nodes: 17
Cores per node: 40
CPU Utilized: 00:37:36
CPU Efficiency: 3.19% of 19:38:40 core-walltime
Job Wall-clock time: 00:01:44
Memory Utilized: 3.82 GB
Memory Efficiency: 0.14% of 2.66 TB

 +++++++++++++++++++++++++++++++++++++++++++++++++++++++++++++++++++++++++++
 ++   Memory Efficiency is too small. Please review the requested memory. ++
 ++ It seems that you do not need that much memory so we recommend        ++
 ++ requesting less memory in other similar jobs.                         ++
 +++++++++++++++++++++++++++++++++++++++++++++++++++++++++++++++++++++++++++
 
*****************************************************************************


*****************************************************************************
*                                                                           *
*                    JOB EFFICIENCY REPORT (seff 10781204)                   *
*                                                                           *
*****************************************************************************

Job ID: 10781204
Cluster: finisterrae3
User/Group: curso341/ulc
State: COMPLETED (exit code 0)
Nodes: 17
Cores per node: 40
CPU Utilized: 00:37:36
CPU Efficiency: 3.19% of 19:38:40 core-walltime
Job Wall-clock time: 00:01:44
Memory Utilized: 3.82 GB
Memory Efficiency: 0.14% of 2.66 TB

 +++++++++++++++++++++++++++++++++++++++++++++++++++++++++++++++++++++++++++
 ++   Memory Efficiency is too small. Please review the requested memory. ++
 ++ It seems that you do not need that much memory so we recommend        ++
 ++ requesting less memory in other similar jobs.                         ++
 +++++++++++++++++++++++++++++++++++++++++++++++++++++++++++++++++++++++++++
 
*****************************************************************************

