slurmstepd: info: Setting TMPDIR to /scratch/10925220. Previous errors about TMPDIR can be discarded
Slurm job started at 09/03/2025_07:24:18 PM

In transit.
Initing Ray (1 head node + 8 worker nodes + 8 simulation nodes) on nodes: 
	ilk-104 ilk-105 ilk-211 ilk-213 ilk-214 ilk-215 ilk-241 ilk-243 ilk-244 ilk-245 ilk-246 ilk-247 ilk-248 ilk-249 ilk-250 ilk-251 ilk-253
Head node: 172.30.203.8:6379


RAY_DEPLOY_TIME:     24.24542
2025-03-09 19:24:45,262	INFO packaging.py:520 -- Creating a file package for local directory '/mnt/lustre/scratch/nlsas/home/ulc/cursos/curso341/dask_on_reisa_tests/E4/REISA/derivative/P16-SN8-LS268-GS4294-I10-AN8-D2025-03-09_18-42-16'.
2025-03-09 19:24:45,289	INFO packaging.py:347 -- Pushing file package 'gcs://_ray_pkg_a463727e50cc5bab.zip' (0.48MiB) to Ray cluster...
2025-03-09 19:24:45,295	INFO packaging.py:360 -- Successfully pushed file package 'gcs://_ray_pkg_a463727e50cc5bab.zip'.
RAY_INIT_TIME:       2.90844
Iter [0]
Iter [1]
Iter [2]
Iter [3]
Iter [4]
Iter [5]
Iter [6]
Iter [7]
Iter [8]
Iter [9]
GLOBAL_PUT_TIME:     4.0270562171936035 (avg:0.40271)
ACTOR_CONCURRENCY:   8
SIMULATION_TIME:     29.180505319999998 (avg: 2.918050532000000)
SIM_WTHOUT_PDI:      23.812187099000006 (avg: 2.381218709900001)
PDI_DELAY:           5.368318220999992 (avg: 0.536831822099999)

GLOBAL_SIZE_(GiB):   4194304
LOCAL_SIZE_(MiB):    256
ITERATIONS:          10

MPI_PER_NODE:        2
MPI_PARALLELISM:     16

WORKER_NODES:        8
CPUS_PER_WORKER:     64
WORKER_PARALLELISM:  512


SLURM_JOB_ID:        10925220
EST_ANALYTICS_TIME:  29.64556 (avg:2.96456)

Slurm job finished at 09/03/2025_07:25:18 PM

*****************************************************************************
*                                                                           *
*                    JOB EFFICIENCY REPORT (seff 10925220)                   *
*                                                                           *
*****************************************************************************

Job ID: 10925220
Cluster: finisterrae3
User/Group: curso341/ulc
State: COMPLETED (exit code 0)
Nodes: 17
Cores per node: 64
CPU Utilized: 00:08:11
CPU Efficiency: 0.72% of 19:02:24 core-walltime
Job Wall-clock time: 00:01:03
Memory Utilized: 12.58 GB (estimated maximum)
Memory Efficiency: 0.34% of 3.60 TB (3.39 GB/core)

 +++++++++++++++++++++++++++++++++++++++++++++++++++++++++++++++++++++++++++
 ++   Memory Efficiency is too small. Please review the requested memory. ++
 ++ It seems that you do not need that much memory so we recommend        ++
 ++ requesting less memory in other similar jobs.                         ++
 +++++++++++++++++++++++++++++++++++++++++++++++++++++++++++++++++++++++++++
 
*****************************************************************************


*****************************************************************************
*                                                                           *
*                    JOB EFFICIENCY REPORT (seff 10925220)                   *
*                                                                           *
*****************************************************************************

Job ID: 10925220
Cluster: finisterrae3
User/Group: curso341/ulc
State: COMPLETED (exit code 0)
Nodes: 17
Cores per node: 64
CPU Utilized: 00:08:11
CPU Efficiency: 0.72% of 19:02:24 core-walltime
Job Wall-clock time: 00:01:03
Memory Utilized: 12.58 GB (estimated maximum)
Memory Efficiency: 0.34% of 3.60 TB (3.39 GB/core)

 +++++++++++++++++++++++++++++++++++++++++++++++++++++++++++++++++++++++++++
 ++   Memory Efficiency is too small. Please review the requested memory. ++
 ++ It seems that you do not need that much memory so we recommend        ++
 ++ requesting less memory in other similar jobs.                         ++
 +++++++++++++++++++++++++++++++++++++++++++++++++++++++++++++++++++++++++++
 
*****************************************************************************


*****************************************************************************
*                                                                           *
*                    JOB EFFICIENCY REPORT (seff 10925220)                   *
*                                                                           *
*****************************************************************************

Job ID: 10925220
Cluster: finisterrae3
User/Group: curso341/ulc
State: COMPLETED (exit code 0)
Nodes: 17
Cores per node: 64
CPU Utilized: 00:08:11
CPU Efficiency: 0.72% of 19:02:24 core-walltime
Job Wall-clock time: 00:01:03
Memory Utilized: 12.58 GB (estimated maximum)
Memory Efficiency: 0.34% of 3.60 TB (3.39 GB/core)

 +++++++++++++++++++++++++++++++++++++++++++++++++++++++++++++++++++++++++++
 ++   Memory Efficiency is too small. Please review the requested memory. ++
 ++ It seems that you do not need that much memory so we recommend        ++
 ++ requesting less memory in other similar jobs.                         ++
 +++++++++++++++++++++++++++++++++++++++++++++++++++++++++++++++++++++++++++
 
*****************************************************************************


*****************************************************************************
*                                                                           *
*                    JOB EFFICIENCY REPORT (seff 10925220)                   *
*                                                                           *
*****************************************************************************

Job ID: 10925220
Cluster: finisterrae3
User/Group: curso341/ulc
State: COMPLETED (exit code 0)
Nodes: 17
Cores per node: 64
CPU Utilized: 00:08:11
CPU Efficiency: 0.72% of 19:02:24 core-walltime
Job Wall-clock time: 00:01:03
Memory Utilized: 12.58 GB (estimated maximum)
Memory Efficiency: 0.34% of 3.60 TB (3.39 GB/core)

 +++++++++++++++++++++++++++++++++++++++++++++++++++++++++++++++++++++++++++
 ++   Memory Efficiency is too small. Please review the requested memory. ++
 ++ It seems that you do not need that much memory so we recommend        ++
 ++ requesting less memory in other similar jobs.                         ++
 +++++++++++++++++++++++++++++++++++++++++++++++++++++++++++++++++++++++++++
 
*****************************************************************************


*****************************************************************************
*                                                                           *
*                    JOB EFFICIENCY REPORT (seff 10925220)                   *
*                                                                           *
*****************************************************************************

Job ID: 10925220
Cluster: finisterrae3
User/Group: curso341/ulc
State: COMPLETED (exit code 0)
Nodes: 17
Cores per node: 64
CPU Utilized: 00:08:11
CPU Efficiency: 0.72% of 19:02:24 core-walltime
Job Wall-clock time: 00:01:03
Memory Utilized: 12.58 GB (estimated maximum)
Memory Efficiency: 0.34% of 3.60 TB (3.39 GB/core)

 +++++++++++++++++++++++++++++++++++++++++++++++++++++++++++++++++++++++++++
 ++   Memory Efficiency is too small. Please review the requested memory. ++
 ++ It seems that you do not need that much memory so we recommend        ++
 ++ requesting less memory in other similar jobs.                         ++
 +++++++++++++++++++++++++++++++++++++++++++++++++++++++++++++++++++++++++++
 
*****************************************************************************


*****************************************************************************
*                                                                           *
*                    JOB EFFICIENCY REPORT (seff 10925220)                   *
*                                                                           *
*****************************************************************************

Job ID: 10925220
Cluster: finisterrae3
User/Group: curso341/ulc
State: COMPLETED (exit code 0)
Nodes: 17
Cores per node: 64
CPU Utilized: 00:12:33
CPU Efficiency: 1.10% of 19:02:24 core-walltime
Job Wall-clock time: 00:01:03
Memory Utilized: 12.58 GB (estimated maximum)
Memory Efficiency: 0.34% of 3.60 TB (3.39 GB/core)

 +++++++++++++++++++++++++++++++++++++++++++++++++++++++++++++++++++++++++++
 ++   Memory Efficiency is too small. Please review the requested memory. ++
 ++ It seems that you do not need that much memory so we recommend        ++
 ++ requesting less memory in other similar jobs.                         ++
 +++++++++++++++++++++++++++++++++++++++++++++++++++++++++++++++++++++++++++
 
*****************************************************************************


*****************************************************************************
*                                                                           *
*                    JOB EFFICIENCY REPORT (seff 10925220)                   *
*                                                                           *
*****************************************************************************

Job ID: 10925220
Cluster: finisterrae3
User/Group: curso341/ulc
State: COMPLETED (exit code 0)
Nodes: 17
Cores per node: 64
CPU Utilized: 00:12:33
CPU Efficiency: 1.10% of 19:02:24 core-walltime
Job Wall-clock time: 00:01:03
Memory Utilized: 12.58 GB (estimated maximum)
Memory Efficiency: 0.34% of 3.60 TB (3.39 GB/core)

 +++++++++++++++++++++++++++++++++++++++++++++++++++++++++++++++++++++++++++
 ++   Memory Efficiency is too small. Please review the requested memory. ++
 ++ It seems that you do not need that much memory so we recommend        ++
 ++ requesting less memory in other similar jobs.                         ++
 +++++++++++++++++++++++++++++++++++++++++++++++++++++++++++++++++++++++++++
 
*****************************************************************************


*****************************************************************************
*                                                                           *
*                    JOB EFFICIENCY REPORT (seff 10925220)                   *
*                                                                           *
*****************************************************************************

Job ID: 10925220
Cluster: finisterrae3
User/Group: curso341/ulc
State: COMPLETED (exit code 0)
Nodes: 17
Cores per node: 64
CPU Utilized: 00:12:33
CPU Efficiency: 1.10% of 19:02:24 core-walltime
Job Wall-clock time: 00:01:03
Memory Utilized: 12.58 GB (estimated maximum)
Memory Efficiency: 0.34% of 3.60 TB (3.39 GB/core)

 +++++++++++++++++++++++++++++++++++++++++++++++++++++++++++++++++++++++++++
 ++   Memory Efficiency is too small. Please review the requested memory. ++
 ++ It seems that you do not need that much memory so we recommend        ++
 ++ requesting less memory in other similar jobs.                         ++
 +++++++++++++++++++++++++++++++++++++++++++++++++++++++++++++++++++++++++++
 
*****************************************************************************


*****************************************************************************
*                                                                           *
*                    JOB EFFICIENCY REPORT (seff 10925220)                   *
*                                                                           *
*****************************************************************************

Job ID: 10925220
Cluster: finisterrae3
User/Group: curso341/ulc
State: COMPLETED (exit code 0)
Nodes: 17
Cores per node: 64
CPU Utilized: 00:12:33
CPU Efficiency: 1.10% of 19:02:24 core-walltime
Job Wall-clock time: 00:01:03
Memory Utilized: 12.58 GB (estimated maximum)
Memory Efficiency: 0.34% of 3.60 TB (3.39 GB/core)

 +++++++++++++++++++++++++++++++++++++++++++++++++++++++++++++++++++++++++++
 ++   Memory Efficiency is too small. Please review the requested memory. ++
 ++ It seems that you do not need that much memory so we recommend        ++
 ++ requesting less memory in other similar jobs.                         ++
 +++++++++++++++++++++++++++++++++++++++++++++++++++++++++++++++++++++++++++
 
*****************************************************************************


*****************************************************************************
*                                                                           *
*                    JOB EFFICIENCY REPORT (seff 10925220)                   *
*                                                                           *
*****************************************************************************

Job ID: 10925220
Cluster: finisterrae3
User/Group: curso341/ulc
State: COMPLETED (exit code 0)
Nodes: 17
Cores per node: 64
CPU Utilized: 00:12:33
CPU Efficiency: 1.10% of 19:02:24 core-walltime
Job Wall-clock time: 00:01:03
Memory Utilized: 12.58 GB (estimated maximum)
Memory Efficiency: 0.34% of 3.60 TB (3.39 GB/core)

 +++++++++++++++++++++++++++++++++++++++++++++++++++++++++++++++++++++++++++
 ++   Memory Efficiency is too small. Please review the requested memory. ++
 ++ It seems that you do not need that much memory so we recommend        ++
 ++ requesting less memory in other similar jobs.                         ++
 +++++++++++++++++++++++++++++++++++++++++++++++++++++++++++++++++++++++++++
 
*****************************************************************************


*****************************************************************************
*                                                                           *
*                    JOB EFFICIENCY REPORT (seff 10925220)                   *
*                                                                           *
*****************************************************************************

Job ID: 10925220
Cluster: finisterrae3
User/Group: curso341/ulc
State: COMPLETED (exit code 0)
Nodes: 17
Cores per node: 64
CPU Utilized: 00:12:33
CPU Efficiency: 1.10% of 19:02:24 core-walltime
Job Wall-clock time: 00:01:03
Memory Utilized: 12.58 GB (estimated maximum)
Memory Efficiency: 0.34% of 3.60 TB (3.39 GB/core)

 +++++++++++++++++++++++++++++++++++++++++++++++++++++++++++++++++++++++++++
 ++   Memory Efficiency is too small. Please review the requested memory. ++
 ++ It seems that you do not need that much memory so we recommend        ++
 ++ requesting less memory in other similar jobs.                         ++
 +++++++++++++++++++++++++++++++++++++++++++++++++++++++++++++++++++++++++++
 
*****************************************************************************


*****************************************************************************
*                                                                           *
*                    JOB EFFICIENCY REPORT (seff 10925220)                   *
*                                                                           *
*****************************************************************************

Job ID: 10925220
Cluster: finisterrae3
User/Group: curso341/ulc
State: COMPLETED (exit code 0)
Nodes: 17
Cores per node: 64
CPU Utilized: 00:12:33
CPU Efficiency: 1.10% of 19:02:24 core-walltime
Job Wall-clock time: 00:01:03
Memory Utilized: 12.58 GB (estimated maximum)
Memory Efficiency: 0.34% of 3.60 TB (3.39 GB/core)

 +++++++++++++++++++++++++++++++++++++++++++++++++++++++++++++++++++++++++++
 ++   Memory Efficiency is too small. Please review the requested memory. ++
 ++ It seems that you do not need that much memory so we recommend        ++
 ++ requesting less memory in other similar jobs.                         ++
 +++++++++++++++++++++++++++++++++++++++++++++++++++++++++++++++++++++++++++
 
*****************************************************************************


*****************************************************************************
*                                                                           *
*                    JOB EFFICIENCY REPORT (seff 10925220)                   *
*                                                                           *
*****************************************************************************

Job ID: 10925220
Cluster: finisterrae3
User/Group: curso341/ulc
State: COMPLETED (exit code 0)
Nodes: 17
Cores per node: 64
CPU Utilized: 00:12:33
CPU Efficiency: 1.10% of 19:02:24 core-walltime
Job Wall-clock time: 00:01:03
Memory Utilized: 12.58 GB (estimated maximum)
Memory Efficiency: 0.34% of 3.60 TB (3.39 GB/core)

 +++++++++++++++++++++++++++++++++++++++++++++++++++++++++++++++++++++++++++
 ++   Memory Efficiency is too small. Please review the requested memory. ++
 ++ It seems that you do not need that much memory so we recommend        ++
 ++ requesting less memory in other similar jobs.                         ++
 +++++++++++++++++++++++++++++++++++++++++++++++++++++++++++++++++++++++++++
 
*****************************************************************************


*****************************************************************************
*                                                                           *
*                    JOB EFFICIENCY REPORT (seff 10925220)                   *
*                                                                           *
*****************************************************************************

Job ID: 10925220
Cluster: finisterrae3
User/Group: curso341/ulc
State: COMPLETED (exit code 0)
Nodes: 17
Cores per node: 64
CPU Utilized: 00:12:53
CPU Efficiency: 1.13% of 19:02:24 core-walltime
Job Wall-clock time: 00:01:03
Memory Utilized: 12.58 GB (estimated maximum)
Memory Efficiency: 0.34% of 3.60 TB (3.39 GB/core)

 +++++++++++++++++++++++++++++++++++++++++++++++++++++++++++++++++++++++++++
 ++   Memory Efficiency is too small. Please review the requested memory. ++
 ++ It seems that you do not need that much memory so we recommend        ++
 ++ requesting less memory in other similar jobs.                         ++
 +++++++++++++++++++++++++++++++++++++++++++++++++++++++++++++++++++++++++++
 
*****************************************************************************


*****************************************************************************
*                                                                           *
*                    JOB EFFICIENCY REPORT (seff 10925220)                   *
*                                                                           *
*****************************************************************************

Job ID: 10925220
Cluster: finisterrae3
User/Group: curso341/ulc
State: COMPLETED (exit code 0)
Nodes: 17
Cores per node: 64
CPU Utilized: 00:23:43
CPU Efficiency: 2.08% of 19:02:24 core-walltime
Job Wall-clock time: 00:01:03
Memory Utilized: 7.52 GB
Memory Efficiency: 0.20% of 3.60 TB

 +++++++++++++++++++++++++++++++++++++++++++++++++++++++++++++++++++++++++++
 ++   Memory Efficiency is too small. Please review the requested memory. ++
 ++ It seems that you do not need that much memory so we recommend        ++
 ++ requesting less memory in other similar jobs.                         ++
 +++++++++++++++++++++++++++++++++++++++++++++++++++++++++++++++++++++++++++
 
*****************************************************************************


*****************************************************************************
*                                                                           *
*                    JOB EFFICIENCY REPORT (seff 10925220)                   *
*                                                                           *
*****************************************************************************

Job ID: 10925220
Cluster: finisterrae3
User/Group: curso341/ulc
State: COMPLETED (exit code 0)
Nodes: 17
Cores per node: 64
CPU Utilized: 00:23:43
CPU Efficiency: 2.08% of 19:02:24 core-walltime
Job Wall-clock time: 00:01:03
Memory Utilized: 7.52 GB
Memory Efficiency: 0.20% of 3.60 TB

 +++++++++++++++++++++++++++++++++++++++++++++++++++++++++++++++++++++++++++
 ++   Memory Efficiency is too small. Please review the requested memory. ++
 ++ It seems that you do not need that much memory so we recommend        ++
 ++ requesting less memory in other similar jobs.                         ++
 +++++++++++++++++++++++++++++++++++++++++++++++++++++++++++++++++++++++++++
 
*****************************************************************************


*****************************************************************************
*                                                                           *
*                    JOB EFFICIENCY REPORT (seff 10925220)                   *
*                                                                           *
*****************************************************************************

Job ID: 10925220
Cluster: finisterrae3
User/Group: curso341/ulc
State: COMPLETED (exit code 0)
Nodes: 17
Cores per node: 64
CPU Utilized: 00:23:43
CPU Efficiency: 2.08% of 19:02:24 core-walltime
Job Wall-clock time: 00:01:03
Memory Utilized: 7.52 GB
Memory Efficiency: 0.20% of 3.60 TB

 +++++++++++++++++++++++++++++++++++++++++++++++++++++++++++++++++++++++++++
 ++   Memory Efficiency is too small. Please review the requested memory. ++
 ++ It seems that you do not need that much memory so we recommend        ++
 ++ requesting less memory in other similar jobs.                         ++
 +++++++++++++++++++++++++++++++++++++++++++++++++++++++++++++++++++++++++++
 
*****************************************************************************

