slurmstepd: info: Setting TMPDIR to /scratch/10912115. Previous errors about TMPDIR can be discarded
Slurm job started at 08/03/2025_12:50:48 PM

In transit.
Initing Ray (1 head node + 2 worker nodes + 2 simulation nodes) on nodes: 
	ilk-160 ilk-161 ilk-163 ilk-164 ilk-167
Head node: 172.30.204.16:6379


RAY_DEPLOY_TIME:     23.49593
RAY_INIT_TIME:       3.65056
Iter [0]
2025-03-08 12:51:16,060	INFO packaging.py:520 -- Creating a file package for local directory '/mnt/lustre/scratch/nlsas/home/ulc/cursos/curso341/dask_on_reisa_tests/E2/DASK_ON_REISA/derivative/P4-SN2-LS536-GS2147-I10-AN2-D2025-03-08_09-07-10'.
2025-03-08 12:51:16,086	INFO packaging.py:347 -- Pushing file package 'gcs://_ray_pkg_136c25cbf4f4abd8.zip' (0.48MiB) to Ray cluster...
2025-03-08 12:51:16,093	INFO packaging.py:360 -- Successfully pushed file package 'gcs://_ray_pkg_136c25cbf4f4abd8.zip'.
Iter [1]
[2m[36m(iter_task pid=1784108, ip=10.120.204.19)[0m /home/ulc/cursos/curso341/.local/lib/python3.9/site-packages/dask/config.py:693: UserWarning: Configuration key "shuffle" has been deprecated. Please use "dataframe.shuffle.algorithm" instead
[2m[36m(iter_task pid=1784108, ip=10.120.204.19)[0m   warnings.warn(
[2m[36m(iter_task pid=1784105, ip=10.120.204.19)[0m /home/ulc/cursos/curso341/.local/lib/python3.9/site-packages/dask/config.py:693: UserWarning: Configuration key "shuffle" has been deprecated. Please use "dataframe.shuffle.algorithm" instead
[2m[36m(iter_task pid=1784105, ip=10.120.204.19)[0m   warnings.warn(
[2m[36m(iter_task pid=1784107, ip=10.120.204.19)[0m /home/ulc/cursos/curso341/.local/lib/python3.9/site-packages/dask/config.py:693: UserWarning: Configuration key "shuffle" has been deprecated. Please use "dataframe.shuffle.algorithm" instead
[2m[36m(iter_task pid=1784107, ip=10.120.204.19)[0m   warnings.warn(
[2m[36m(iter_task pid=1784106, ip=10.120.204.19)[0m /home/ulc/cursos/curso341/.local/lib/python3.9/site-packages/dask/config.py:693: UserWarning: Configuration key "shuffle" has been deprecated. Please use "dataframe.shuffle.algorithm" instead
[2m[36m(iter_task pid=1784106, ip=10.120.204.19)[0m   warnings.warn(
[2m[36m(iter_task pid=1784109, ip=10.120.204.19)[0m /home/ulc/cursos/curso341/.local/lib/python3.9/site-packages/dask/config.py:693: UserWarning: Configuration key "shuffle" has been deprecated. Please use "dataframe.shuffle.algorithm" instead
[2m[36m(iter_task pid=1784109, ip=10.120.204.19)[0m   warnings.warn(
[2m[36m(iter_task pid=1784104, ip=10.120.204.19)[0m /home/ulc/cursos/curso341/.local/lib/python3.9/site-packages/dask/config.py:693: UserWarning: Configuration key "shuffle" has been deprecated. Please use "dataframe.shuffle.algorithm" instead
[2m[36m(iter_task pid=1784104, ip=10.120.204.19)[0m   warnings.warn(
Iter [2]
Iter [3]
Iter [4]
Iter [5]
Iter [6]
Iter [7]
Iter [8]
Iter [9]
GLOBAL_PUT_TIME:     8.800101518630981 (avg:0.88001)
ACTOR_CONCURRENCY:   8
SIMULATION_TIME:     64.104804514999998 (avg: 6.410480451500000)
SIM_WTHOUT_PDI:      48.457439162000000 (avg: 4.845743916200000)
PDI_DELAY:           15.647365352999998 (avg: 1.564736535300000)

GLOBAL_SIZE_(GiB):   2097152
LOCAL_SIZE_(MiB):    512
ITERATIONS:          10

MPI_PER_NODE:        2
MPI_PARALLELISM:     4

WORKER_NODES:        2
CPUS_PER_WORKER:     64
WORKER_PARALLELISM:  128


SLURM_JOB_ID:        10912115
EST_ANALYTICS_TIME:  126.31422 (avg:12.63142)

Slurm job finished at 08/03/2025_12:53:26 PM

*****************************************************************************
*                                                                           *
*                    JOB EFFICIENCY REPORT (seff 10912115)                   *
*                                                                           *
*****************************************************************************

Job ID: 10912115
Cluster: finisterrae3
User/Group: curso341/ulc
State: COMPLETED (exit code 0)
Nodes: 5
Cores per node: 64
CPU Utilized: 00:08:11
CPU Efficiency: 0.96% of 14:13:20 core-walltime
Job Wall-clock time: 00:02:40
Memory Utilized: 4.34 GB
Memory Efficiency: 0.40% of 1.06 TB

 +++++++++++++++++++++++++++++++++++++++++++++++++++++++++++++++++++++++++++
 ++   Memory Efficiency is too small. Please review the requested memory. ++
 ++ It seems that you do not need that much memory so we recommend        ++
 ++ requesting less memory in other similar jobs.                         ++
 +++++++++++++++++++++++++++++++++++++++++++++++++++++++++++++++++++++++++++
 
*****************************************************************************


*****************************************************************************
*                                                                           *
*                    JOB EFFICIENCY REPORT (seff 10912115)                   *
*                                                                           *
*****************************************************************************

Job ID: 10912115
Cluster: finisterrae3
User/Group: curso341/ulc
State: COMPLETED (exit code 0)
Nodes: 5
Cores per node: 64
CPU Utilized: 00:14:36
CPU Efficiency: 1.71% of 14:13:20 core-walltime
Job Wall-clock time: 00:02:40
Memory Utilized: 30.29 GB
Memory Efficiency: 2.79% of 1.06 TB

 +++++++++++++++++++++++++++++++++++++++++++++++++++++++++++++++++++++++++++
 ++   Memory Efficiency is too small. Please review the requested memory. ++
 ++ It seems that you do not need that much memory so we recommend        ++
 ++ requesting less memory in other similar jobs.                         ++
 +++++++++++++++++++++++++++++++++++++++++++++++++++++++++++++++++++++++++++
 
*****************************************************************************


*****************************************************************************
*                                                                           *
*                    JOB EFFICIENCY REPORT (seff 10912115)                   *
*                                                                           *
*****************************************************************************

Job ID: 10912115
Cluster: finisterrae3
User/Group: curso341/ulc
State: COMPLETED (exit code 0)
Nodes: 5
Cores per node: 64
CPU Utilized: 00:14:36
CPU Efficiency: 1.71% of 14:13:20 core-walltime
Job Wall-clock time: 00:02:40
Memory Utilized: 30.29 GB
Memory Efficiency: 2.79% of 1.06 TB

 +++++++++++++++++++++++++++++++++++++++++++++++++++++++++++++++++++++++++++
 ++   Memory Efficiency is too small. Please review the requested memory. ++
 ++ It seems that you do not need that much memory so we recommend        ++
 ++ requesting less memory in other similar jobs.                         ++
 +++++++++++++++++++++++++++++++++++++++++++++++++++++++++++++++++++++++++++
 
*****************************************************************************


*****************************************************************************
*                                                                           *
*                    JOB EFFICIENCY REPORT (seff 10912115)                   *
*                                                                           *
*****************************************************************************

Job ID: 10912115
Cluster: finisterrae3
User/Group: curso341/ulc
State: COMPLETED (exit code 0)
Nodes: 5
Cores per node: 64
CPU Utilized: 00:49:49
CPU Efficiency: 5.84% of 14:13:20 core-walltime
Job Wall-clock time: 00:02:40
Memory Utilized: 30.29 GB
Memory Efficiency: 2.79% of 1.06 TB

 +++++++++++++++++++++++++++++++++++++++++++++++++++++++++++++++++++++++++++
 ++   Memory Efficiency is too small. Please review the requested memory. ++
 ++ It seems that you do not need that much memory so we recommend        ++
 ++ requesting less memory in other similar jobs.                         ++
 +++++++++++++++++++++++++++++++++++++++++++++++++++++++++++++++++++++++++++
 
*****************************************************************************


*****************************************************************************
*                                                                           *
*                    JOB EFFICIENCY REPORT (seff 10912115)                   *
*                                                                           *
*****************************************************************************

Job ID: 10912115
Cluster: finisterrae3
User/Group: curso341/ulc
State: COMPLETED (exit code 0)
Nodes: 5
Cores per node: 64
CPU Utilized: 00:49:49
CPU Efficiency: 5.84% of 14:13:20 core-walltime
Job Wall-clock time: 00:02:40
Memory Utilized: 30.29 GB
Memory Efficiency: 2.79% of 1.06 TB

 +++++++++++++++++++++++++++++++++++++++++++++++++++++++++++++++++++++++++++
 ++   Memory Efficiency is too small. Please review the requested memory. ++
 ++ It seems that you do not need that much memory so we recommend        ++
 ++ requesting less memory in other similar jobs.                         ++
 +++++++++++++++++++++++++++++++++++++++++++++++++++++++++++++++++++++++++++
 
*****************************************************************************

