slurmstepd: info: Setting TMPDIR to /scratch/10932523. Previous errors about TMPDIR can be discarded
Slurm job started at 10/03/2025_06:34:53 PM

In transit.
Initing Ray (1 head node + 2 worker nodes + 2 simulation nodes) on nodes: 
	ilk-115 ilk-116 ilk-119 ilk-120 ilk-121
Head node: 172.30.203.19:6379


RAY_DEPLOY_TIME:     25.79778
2025-03-10 18:35:21,497	INFO packaging.py:520 -- Creating a file package for local directory '/mnt/lustre/scratch/nlsas/home/ulc/cursos/curso341/dask_on_reisa_tests/E5/REISA/derivative/P4-SN2-LS268-GS1073-I10-AN2-D2025-03-10_18-34-07'.
2025-03-10 18:35:21,523	INFO packaging.py:347 -- Pushing file package 'gcs://_ray_pkg_27c24960dc01f9da.zip' (0.48MiB) to Ray cluster...
2025-03-10 18:35:21,529	INFO packaging.py:360 -- Successfully pushed file package 'gcs://_ray_pkg_27c24960dc01f9da.zip'.
RAY_INIT_TIME:       3.07745
Iter [0]
Iter [1]
Iter [2]
Iter [3]
Iter [4]
Iter [5]
Iter [6]
Iter [7]
Iter [8]
Iter [9]
EST_ANALYTICS_TIME:  25.68650 (avg:2.56865)
GLOBAL_PUT_TIME:     3.8767693042755127 (avg:0.38768)
ACTOR_CONCURRENCY:   8
SIMULATION_TIME:     28.458865837000001 (avg: 2.845886583700000)
SIM_WTHOUT_PDI:      23.086264991000000 (avg: 2.308626499100000)
PDI_DELAY:           5.372600846000001 (avg: 0.537260084600000)

GLOBAL_SIZE_(GiB):   1048576
LOCAL_SIZE_(MiB):    256
ITERATIONS:          10

MPI_PER_NODE:        2
MPI_PARALLELISM:     4

WORKER_NODES:        2
CPUS_PER_WORKER:     64
WORKER_PARALLELISM:  128


SLURM_JOB_ID:        10932523

Slurm job finished at 10/03/2025_06:35:52 PM

*****************************************************************************
*                                                                           *
*                    JOB EFFICIENCY REPORT (seff 10932523)                   *
*                                                                           *
*****************************************************************************

Job ID: 10932523
Cluster: finisterrae3
User/Group: curso341/ulc
State: COMPLETED (exit code 0)
Nodes: 5
Cores per node: 64
CPU Utilized: 00:02:55
CPU Efficiency: 0.90% of 05:25:20 core-walltime
Job Wall-clock time: 00:01:01
Memory Utilized: 2.94 GB (estimated maximum)
Memory Efficiency: 0.27% of 1.06 TB (3.39 GB/core)

 +++++++++++++++++++++++++++++++++++++++++++++++++++++++++++++++++++++++++++
 ++   Memory Efficiency is too small. Please review the requested memory. ++
 ++ It seems that you do not need that much memory so we recommend        ++
 ++ requesting less memory in other similar jobs.                         ++
 +++++++++++++++++++++++++++++++++++++++++++++++++++++++++++++++++++++++++++
 
*****************************************************************************


*****************************************************************************
*                                                                           *
*                    JOB EFFICIENCY REPORT (seff 10932523)                   *
*                                                                           *
*****************************************************************************

Job ID: 10932523
Cluster: finisterrae3
User/Group: curso341/ulc
State: COMPLETED (exit code 0)
Nodes: 5
Cores per node: 64
CPU Utilized: 00:02:55
CPU Efficiency: 0.90% of 05:25:20 core-walltime
Job Wall-clock time: 00:01:01
Memory Utilized: 2.94 GB (estimated maximum)
Memory Efficiency: 0.27% of 1.06 TB (3.39 GB/core)

 +++++++++++++++++++++++++++++++++++++++++++++++++++++++++++++++++++++++++++
 ++   Memory Efficiency is too small. Please review the requested memory. ++
 ++ It seems that you do not need that much memory so we recommend        ++
 ++ requesting less memory in other similar jobs.                         ++
 +++++++++++++++++++++++++++++++++++++++++++++++++++++++++++++++++++++++++++
 
*****************************************************************************


*****************************************************************************
*                                                                           *
*                    JOB EFFICIENCY REPORT (seff 10932523)                   *
*                                                                           *
*****************************************************************************

Job ID: 10932523
Cluster: finisterrae3
User/Group: curso341/ulc
State: COMPLETED (exit code 0)
Nodes: 5
Cores per node: 64
CPU Utilized: 00:04:48
CPU Efficiency: 1.48% of 05:25:20 core-walltime
Job Wall-clock time: 00:01:01
Memory Utilized: 4.95 GB
Memory Efficiency: 0.46% of 1.06 TB

 +++++++++++++++++++++++++++++++++++++++++++++++++++++++++++++++++++++++++++
 ++   Memory Efficiency is too small. Please review the requested memory. ++
 ++ It seems that you do not need that much memory so we recommend        ++
 ++ requesting less memory in other similar jobs.                         ++
 +++++++++++++++++++++++++++++++++++++++++++++++++++++++++++++++++++++++++++
 
*****************************************************************************


*****************************************************************************
*                                                                           *
*                    JOB EFFICIENCY REPORT (seff 10932523)                   *
*                                                                           *
*****************************************************************************

Job ID: 10932523
Cluster: finisterrae3
User/Group: curso341/ulc
State: COMPLETED (exit code 0)
Nodes: 5
Cores per node: 64
CPU Utilized: 00:04:48
CPU Efficiency: 1.48% of 05:25:20 core-walltime
Job Wall-clock time: 00:01:01
Memory Utilized: 4.95 GB
Memory Efficiency: 0.46% of 1.06 TB

 +++++++++++++++++++++++++++++++++++++++++++++++++++++++++++++++++++++++++++
 ++   Memory Efficiency is too small. Please review the requested memory. ++
 ++ It seems that you do not need that much memory so we recommend        ++
 ++ requesting less memory in other similar jobs.                         ++
 +++++++++++++++++++++++++++++++++++++++++++++++++++++++++++++++++++++++++++
 
*****************************************************************************


*****************************************************************************
*                                                                           *
*                    JOB EFFICIENCY REPORT (seff 10932523)                   *
*                                                                           *
*****************************************************************************

Job ID: 10932523
Cluster: finisterrae3
User/Group: curso341/ulc
State: COMPLETED (exit code 0)
Nodes: 5
Cores per node: 64
CPU Utilized: 00:05:07
CPU Efficiency: 1.57% of 05:25:20 core-walltime
Job Wall-clock time: 00:01:01
Memory Utilized: 4.95 GB
Memory Efficiency: 0.46% of 1.06 TB

 +++++++++++++++++++++++++++++++++++++++++++++++++++++++++++++++++++++++++++
 ++   Memory Efficiency is too small. Please review the requested memory. ++
 ++ It seems that you do not need that much memory so we recommend        ++
 ++ requesting less memory in other similar jobs.                         ++
 +++++++++++++++++++++++++++++++++++++++++++++++++++++++++++++++++++++++++++
 
*****************************************************************************

