slurmstepd: info: Setting TMPDIR to /scratch/10878083. Previous errors about TMPDIR can be discarded
Slurm job started at 06/03/2025_12:20:50 AM

In transit.
Initing Ray (1 head node + 4 worker nodes + 4 simulation nodes) on nodes: 
	ilk-6 ilk-7 ilk-8 ilk-9 ilk-10 ilk-11 ilk-12 ilk-13 ilk-14
Head node: 172.30.201.6:6379


RAY_DEPLOY_TIME:     25.17224
2025-03-06 00:21:18,925	INFO packaging.py:520 -- Creating a file package for local directory '/mnt/lustre/scratch/nlsas/home/ulc/cursos/curso341/dask_on_reisa_tests/E1/DASK_ON_REISA_ONE_ACTOR/derivative/P8-SN4-LS536-GS4294-I10-AN4-D2025-03-05_23-17-45'.
2025-03-06 00:21:18,952	INFO packaging.py:347 -- Pushing file package 'gcs://_ray_pkg_9cd8ee778f87e259.zip' (0.48MiB) to Ray cluster...
2025-03-06 00:21:18,958	INFO packaging.py:360 -- Successfully pushed file package 'gcs://_ray_pkg_9cd8ee778f87e259.zip'.
RAY_INIT_TIME:       3.71858
Iter [0]
Iter [1]
Iter [2]
Iter [3]
Iter [4]
Iter [5]
Iter [6]
Iter [7]
Iter [8]
Iter [9]
GLOBAL_PUT_TIME:     8.624794483184814 (avg:0.86248)
ACTOR_CONCURRENCY:   8
SIMULATION_TIME:     72.794341387000003 (avg: 7.279434138700000)
SIM_WTHOUT_PDI:      48.421316878999995 (avg: 4.842131687899999)
PDI_DELAY:           24.373024508000007 (avg: 2.437302450800001)

GLOBAL_SIZE_(GiB):   4194304
LOCAL_SIZE_(MiB):    512
ITERATIONS:          10

MPI_PER_NODE:        2
MPI_PARALLELISM:     8

WORKER_NODES:        4
CPUS_PER_WORKER:     64
WORKER_PARALLELISM:  256


SLURM_JOB_ID:        10878083
srun: Job step aborted: Waiting up to 32 seconds for job step to finish.
slurmstepd: error: *** JOB 10878083 ON ilk-6 CANCELLED AT 2025-03-06T00:40:53 DUE TO TIME LIMIT ***
slurmstepd: error: *** STEP 10878083.10 ON ilk-7 CANCELLED AT 2025-03-06T00:40:53 DUE TO TIME LIMIT ***
