slurmstepd: info: Setting TMPDIR to /scratch/10878091. Previous errors about TMPDIR can be discarded
Slurm job started at 06/03/2025_04:33:42 AM

In transit.
Initing Ray (1 head node + 8 worker nodes + 8 simulation nodes) on nodes: 
	ilk-145 ilk-146 ilk-147 ilk-148 ilk-149 ilk-150 ilk-151 ilk-152 ilk-153 ilk-154 ilk-155 ilk-156 ilk-157 ilk-158 ilk-161 ilk-178 ilk-179
Head node: 172.30.204.1:6379


RAY_DEPLOY_TIME:     23.62045
2025-03-06 04:34:09,392	INFO packaging.py:520 -- Creating a file package for local directory '/mnt/lustre/scratch/nlsas/home/ulc/cursos/curso341/dask_on_reisa_tests/E1/DASK_ON_REISA_ONE_ACTOR/reduction/P16-SN8-LS536-GS8589-I20-AN8-D2025-03-05_23-18-05'.
2025-03-06 04:34:09,418	INFO packaging.py:347 -- Pushing file package 'gcs://_ray_pkg_b28f330718460be9.zip' (0.48MiB) to Ray cluster...
2025-03-06 04:34:09,426	INFO packaging.py:360 -- Successfully pushed file package 'gcs://_ray_pkg_b28f330718460be9.zip'.
RAY_INIT_TIME:       3.63312
Iter [0]
Iter [2]
Iter [4]
Iter [6]
Iter [8]
Iter [10]
Iter [12]
Iter [14]
Iter [16]
WARNING: 8 PYTHON worker processes have been started on node: 7c144280a28a452ff4746d1d112acd1b4f2b71596011cd67baade473 with address: 172.30.204.10. This could be a result of using a large number of actors, or due to tasks blocked in ray.get() calls (see https://github.com/ray-project/ray/issues/3644 for some discussion of workarounds).
Iter [18]
GLOBAL_PUT_TIME:     13.80063009262085 (avg:0.69003)
ACTOR_CONCURRENCY:   8
SIMULATION_TIME:     347.473059744000011 (avg: 17.373652987200000)
SIM_WTHOUT_PDI:      158.063281604999986 (avg: 7.903164080249999)
PDI_DELAY:           189.409778139000025 (avg: 9.470488906950001)

GLOBAL_SIZE_(GiB):   8388608
LOCAL_SIZE_(MiB):    512
ITERATIONS:          20

MPI_PER_NODE:        2
MPI_PARALLELISM:     16

WORKER_NODES:        8
CPUS_PER_WORKER:     64
WORKER_PARALLELISM:  512


SLURM_JOB_ID:        10878091
slurmstepd: error: *** JOB 10878091 ON ilk-145 CANCELLED AT 2025-03-06T04:53:51 DUE TO TIME LIMIT ***
slurmstepd: error: *** STEP 10878091.18 ON ilk-146 CANCELLED AT 2025-03-06T04:53:51 DUE TO TIME LIMIT ***
srun: Job step aborted: Waiting up to 32 seconds for job step to finish.
