slurmstepd: info: Setting TMPDIR to /scratch/10935969. Previous errors about TMPDIR can be discarded
Slurm job started at 11/03/2025_01:26:02 PM

In transit.
Initing Ray (1 head node + 2 worker nodes + 2 simulation nodes) on nodes: 
	ilk-1 ilk-241 ilk-242 ilk-243 ilk-253
Head node: 172.30.201.1:6379


RAY_DEPLOY_TIME:     24.38608
RAY_INIT_TIME:       2.69634
Iter [0]
2025-03-11 13:26:30,391	INFO packaging.py:520 -- Creating a file package for local directory '/mnt/lustre/scratch/nlsas/home/ulc/cursos/curso341/dask_on_reisa_tests/E6/REISA_ONE_ACTOR/reduction/P4-SN2-LS268-GS1073-I20-AN2-D2025-03-11_08-52-28'.
2025-03-11 13:26:30,419	INFO packaging.py:347 -- Pushing file package 'gcs://_ray_pkg_6bbce98c47a53d1f.zip' (0.48MiB) to Ray cluster...
2025-03-11 13:26:30,425	INFO packaging.py:360 -- Successfully pushed file package 'gcs://_ray_pkg_6bbce98c47a53d1f.zip'.
Iter [2]
Iter [4]
Iter [6]
Iter [8]
Iter [10]
Iter [12]
Iter [14]
Iter [16]
Iter [18]
EST_ANALYTICS_TIME:  55.06487 (avg:2.75324)
GLOBAL_PUT_TIME:     8.491383075714111 (avg:0.42457)
ACTOR_CONCURRENCY:   8
SIMULATION_TIME:     58.891885099999996 (avg: 2.944594255000000)
SIM_WTHOUT_PDI:      46.950581786000001 (avg: 2.347529089300000)
PDI_DELAY:           11.941303313999995 (avg: 0.597065165700000)

GLOBAL_SIZE_(GiB):   1048576
LOCAL_SIZE_(MiB):    256
ITERATIONS:          20

MPI_PER_NODE:        2
MPI_PARALLELISM:     4

WORKER_NODES:        2
CPUS_PER_WORKER:     64
WORKER_PARALLELISM:  128


SLURM_JOB_ID:        10935969

Slurm job finished at 11/03/2025_01:27:30 PM

*****************************************************************************
*                                                                           *
*                    JOB EFFICIENCY REPORT (seff 10935969)                   *
*                                                                           *
*****************************************************************************

Job ID: 10935969
Cluster: finisterrae3
User/Group: curso341/ulc
State: COMPLETED (exit code 0)
Nodes: 5
Cores per node: 64
CPU Utilized: 00:03:55
CPU Efficiency: 0.83% of 07:54:40 core-walltime
Job Wall-clock time: 00:01:29
Memory Utilized: 3.94 GB (estimated maximum)
Memory Efficiency: 0.36% of 1.06 TB (3.39 GB/core)

 +++++++++++++++++++++++++++++++++++++++++++++++++++++++++++++++++++++++++++
 ++   Memory Efficiency is too small. Please review the requested memory. ++
 ++ It seems that you do not need that much memory so we recommend        ++
 ++ requesting less memory in other similar jobs.                         ++
 +++++++++++++++++++++++++++++++++++++++++++++++++++++++++++++++++++++++++++
 
*****************************************************************************


*****************************************************************************
*                                                                           *
*                    JOB EFFICIENCY REPORT (seff 10935969)                   *
*                                                                           *
*****************************************************************************

Job ID: 10935969
Cluster: finisterrae3
User/Group: curso341/ulc
State: COMPLETED (exit code 0)
Nodes: 5
Cores per node: 64
CPU Utilized: 00:05:04
CPU Efficiency: 1.07% of 07:54:40 core-walltime
Job Wall-clock time: 00:01:29
Memory Utilized: 3.94 GB (estimated maximum)
Memory Efficiency: 0.36% of 1.06 TB (3.39 GB/core)

 +++++++++++++++++++++++++++++++++++++++++++++++++++++++++++++++++++++++++++
 ++   Memory Efficiency is too small. Please review the requested memory. ++
 ++ It seems that you do not need that much memory so we recommend        ++
 ++ requesting less memory in other similar jobs.                         ++
 +++++++++++++++++++++++++++++++++++++++++++++++++++++++++++++++++++++++++++
 
*****************************************************************************


*****************************************************************************
*                                                                           *
*                    JOB EFFICIENCY REPORT (seff 10935969)                   *
*                                                                           *
*****************************************************************************

Job ID: 10935969
Cluster: finisterrae3
User/Group: curso341/ulc
State: COMPLETED (exit code 0)
Nodes: 5
Cores per node: 64
CPU Utilized: 00:05:04
CPU Efficiency: 1.07% of 07:54:40 core-walltime
Job Wall-clock time: 00:01:29
Memory Utilized: 3.94 GB (estimated maximum)
Memory Efficiency: 0.36% of 1.06 TB (3.39 GB/core)

 +++++++++++++++++++++++++++++++++++++++++++++++++++++++++++++++++++++++++++
 ++   Memory Efficiency is too small. Please review the requested memory. ++
 ++ It seems that you do not need that much memory so we recommend        ++
 ++ requesting less memory in other similar jobs.                         ++
 +++++++++++++++++++++++++++++++++++++++++++++++++++++++++++++++++++++++++++
 
*****************************************************************************


*****************************************************************************
*                                                                           *
*                    JOB EFFICIENCY REPORT (seff 10935969)                   *
*                                                                           *
*****************************************************************************

Job ID: 10935969
Cluster: finisterrae3
User/Group: curso341/ulc
State: COMPLETED (exit code 0)
Nodes: 5
Cores per node: 64
CPU Utilized: 00:05:22
CPU Efficiency: 1.13% of 07:54:40 core-walltime
Job Wall-clock time: 00:01:29
Memory Utilized: 3.94 GB (estimated maximum)
Memory Efficiency: 0.36% of 1.06 TB (3.39 GB/core)

 +++++++++++++++++++++++++++++++++++++++++++++++++++++++++++++++++++++++++++
 ++   Memory Efficiency is too small. Please review the requested memory. ++
 ++ It seems that you do not need that much memory so we recommend        ++
 ++ requesting less memory in other similar jobs.                         ++
 +++++++++++++++++++++++++++++++++++++++++++++++++++++++++++++++++++++++++++
 
*****************************************************************************


*****************************************************************************
*                                                                           *
*                    JOB EFFICIENCY REPORT (seff 10935969)                   *
*                                                                           *
*****************************************************************************

Job ID: 10935969
Cluster: finisterrae3
User/Group: curso341/ulc
State: COMPLETED (exit code 0)
Nodes: 5
Cores per node: 64
CPU Utilized: 00:08:03
CPU Efficiency: 1.70% of 07:54:40 core-walltime
Job Wall-clock time: 00:01:29
Memory Utilized: 3.67 GB
Memory Efficiency: 0.34% of 1.06 TB

 +++++++++++++++++++++++++++++++++++++++++++++++++++++++++++++++++++++++++++
 ++   Memory Efficiency is too small. Please review the requested memory. ++
 ++ It seems that you do not need that much memory so we recommend        ++
 ++ requesting less memory in other similar jobs.                         ++
 +++++++++++++++++++++++++++++++++++++++++++++++++++++++++++++++++++++++++++
 
*****************************************************************************

