slurmstepd: info: Setting TMPDIR to /scratch/10942648. Previous errors about TMPDIR can be discarded
Slurm job started at 12/03/2025_03:49:37 PM

In transit.
Initing Ray (1 head node + 4 worker nodes + 4 simulation nodes) on nodes: 
	ilk-146 ilk-151 ilk-153 ilk-154 ilk-155 ilk-156 ilk-158 ilk-159 ilk-160
Head node: 172.30.204.2:6379


RAY_DEPLOY_TIME:     24.09991
2025-03-12 15:50:05,549	INFO packaging.py:520 -- Creating a file package for local directory '/mnt/lustre/scratch/nlsas/home/ulc/cursos/curso341/dask_on_reisa_tests/E6/DASK_ON_REISA/derivative/P8-SN4-LS536-GS4294-I10-AN4-D2025-03-12_10-03-28'.
2025-03-12 15:50:05,575	INFO packaging.py:347 -- Pushing file package 'gcs://_ray_pkg_766fcea639748006.zip' (0.48MiB) to Ray cluster...
2025-03-12 15:50:05,581	INFO packaging.py:360 -- Successfully pushed file package 'gcs://_ray_pkg_766fcea639748006.zip'.
RAY_INIT_TIME:       3.62737
Iter [0]
Iter [1]
[2m[36m(iter_task pid=1882122, ip=10.120.204.9)[0m /home/ulc/cursos/curso341/.local/lib/python3.9/site-packages/dask/config.py:693: UserWarning: Configuration key "shuffle" has been deprecated. Please use "dataframe.shuffle.algorithm" instead
[2m[36m(iter_task pid=1882122, ip=10.120.204.9)[0m   warnings.warn(
[2m[36m(iter_task pid=1882123, ip=10.120.204.9)[0m /home/ulc/cursos/curso341/.local/lib/python3.9/site-packages/dask/config.py:693: UserWarning: Configuration key "shuffle" has been deprecated. Please use "dataframe.shuffle.algorithm" instead
[2m[36m(iter_task pid=1882123, ip=10.120.204.9)[0m   warnings.warn(
[2m[36m(iter_task pid=1882125, ip=10.120.204.9)[0m /home/ulc/cursos/curso341/.local/lib/python3.9/site-packages/dask/config.py:693: UserWarning: Configuration key "shuffle" has been deprecated. Please use "dataframe.shuffle.algorithm" instead
[2m[36m(iter_task pid=1882125, ip=10.120.204.9)[0m   warnings.warn(
[2m[36m(iter_task pid=1882124, ip=10.120.204.9)[0m /home/ulc/cursos/curso341/.local/lib/python3.9/site-packages/dask/config.py:693: UserWarning: Configuration key "shuffle" has been deprecated. Please use "dataframe.shuffle.algorithm" instead
[2m[36m(iter_task pid=1882124, ip=10.120.204.9)[0m   warnings.warn(
[2m[36m(iter_task pid=1882126, ip=10.120.204.9)[0m /home/ulc/cursos/curso341/.local/lib/python3.9/site-packages/dask/config.py:693: UserWarning: Configuration key "shuffle" has been deprecated. Please use "dataframe.shuffle.algorithm" instead
[2m[36m(iter_task pid=1882126, ip=10.120.204.9)[0m   warnings.warn(
[2m[36m(iter_task pid=1882121, ip=10.120.204.9)[0m /home/ulc/cursos/curso341/.local/lib/python3.9/site-packages/dask/config.py:693: UserWarning: Configuration key "shuffle" has been deprecated. Please use "dataframe.shuffle.algorithm" instead
[2m[36m(iter_task pid=1882121, ip=10.120.204.9)[0m   warnings.warn(
Iter [2]
Iter [3]
Iter [4]
Iter [5]
Iter [6]
Iter [7]
Iter [8]
Iter [9]
GLOBAL_PUT_TIME:     8.704742431640625 (avg:0.87047)
ACTOR_CONCURRENCY:   8
SIMULATION_TIME:     65.968773227000000 (avg: 6.596877322700000)
SIM_WTHOUT_PDI:      53.306389144999997 (avg: 5.330638914500000)
PDI_DELAY:           12.662384082000003 (avg: 1.266238408200000)

GLOBAL_SIZE_(GiB):   4194304
LOCAL_SIZE_(MiB):    512
ITERATIONS:          10

MPI_PER_NODE:        2
MPI_PARALLELISM:     8

WORKER_NODES:        4
CPUS_PER_WORKER:     64
WORKER_PARALLELISM:  256


SLURM_JOB_ID:        10942648
EST_ANALYTICS_TIME:  241.20707 (avg:24.12071)

Slurm job finished at 12/03/2025_03:54:10 PM

*****************************************************************************
*                                                                           *
*                    JOB EFFICIENCY REPORT (seff 10942648)                   *
*                                                                           *
*****************************************************************************

Job ID: 10942648
Cluster: finisterrae3
User/Group: curso341/ulc
State: COMPLETED (exit code 0)
Nodes: 9
Cores per node: 64
CPU Utilized: 00:11:45
CPU Efficiency: 0.45% of 1-19:50:24 core-walltime
Job Wall-clock time: 00:04:34
Memory Utilized: 2.55 GB
Memory Efficiency: 0.13% of 1.91 TB

 +++++++++++++++++++++++++++++++++++++++++++++++++++++++++++++++++++++++++++
 ++   Memory Efficiency is too small. Please review the requested memory. ++
 ++ It seems that you do not need that much memory so we recommend        ++
 ++ requesting less memory in other similar jobs.                         ++
 +++++++++++++++++++++++++++++++++++++++++++++++++++++++++++++++++++++++++++
 
*****************************************************************************


*****************************************************************************
*                                                                           *
*                    JOB EFFICIENCY REPORT (seff 10942648)                   *
*                                                                           *
*****************************************************************************

Job ID: 10942648
Cluster: finisterrae3
User/Group: curso341/ulc
State: COMPLETED (exit code 0)
Nodes: 9
Cores per node: 64
CPU Utilized: 00:11:45
CPU Efficiency: 0.45% of 1-19:50:24 core-walltime
Job Wall-clock time: 00:04:34
Memory Utilized: 2.55 GB
Memory Efficiency: 0.13% of 1.91 TB

 +++++++++++++++++++++++++++++++++++++++++++++++++++++++++++++++++++++++++++
 ++   Memory Efficiency is too small. Please review the requested memory. ++
 ++ It seems that you do not need that much memory so we recommend        ++
 ++ requesting less memory in other similar jobs.                         ++
 +++++++++++++++++++++++++++++++++++++++++++++++++++++++++++++++++++++++++++
 
*****************************************************************************


*****************************************************************************
*                                                                           *
*                    JOB EFFICIENCY REPORT (seff 10942648)                   *
*                                                                           *
*****************************************************************************

Job ID: 10942648
Cluster: finisterrae3
User/Group: curso341/ulc
State: COMPLETED (exit code 0)
Nodes: 9
Cores per node: 64
CPU Utilized: 00:20:11
CPU Efficiency: 0.77% of 1-19:50:24 core-walltime
Job Wall-clock time: 00:04:34
Memory Utilized: 7.77 GB
Memory Efficiency: 0.40% of 1.91 TB

 +++++++++++++++++++++++++++++++++++++++++++++++++++++++++++++++++++++++++++
 ++   Memory Efficiency is too small. Please review the requested memory. ++
 ++ It seems that you do not need that much memory so we recommend        ++
 ++ requesting less memory in other similar jobs.                         ++
 +++++++++++++++++++++++++++++++++++++++++++++++++++++++++++++++++++++++++++
 
*****************************************************************************


*****************************************************************************
*                                                                           *
*                    JOB EFFICIENCY REPORT (seff 10942648)                   *
*                                                                           *
*****************************************************************************

Job ID: 10942648
Cluster: finisterrae3
User/Group: curso341/ulc
State: COMPLETED (exit code 0)
Nodes: 9
Cores per node: 64
CPU Utilized: 00:50:51
CPU Efficiency: 1.93% of 1-19:50:24 core-walltime
Job Wall-clock time: 00:04:34
Memory Utilized: 33.81 GB
Memory Efficiency: 1.73% of 1.91 TB

 +++++++++++++++++++++++++++++++++++++++++++++++++++++++++++++++++++++++++++
 ++   Memory Efficiency is too small. Please review the requested memory. ++
 ++ It seems that you do not need that much memory so we recommend        ++
 ++ requesting less memory in other similar jobs.                         ++
 +++++++++++++++++++++++++++++++++++++++++++++++++++++++++++++++++++++++++++
 
*****************************************************************************


*****************************************************************************
*                                                                           *
*                    JOB EFFICIENCY REPORT (seff 10942648)                   *
*                                                                           *
*****************************************************************************

Job ID: 10942648
Cluster: finisterrae3
User/Group: curso341/ulc
State: COMPLETED (exit code 0)
Nodes: 9
Cores per node: 64
CPU Utilized: 00:50:51
CPU Efficiency: 1.93% of 1-19:50:24 core-walltime
Job Wall-clock time: 00:04:34
Memory Utilized: 33.81 GB
Memory Efficiency: 1.73% of 1.91 TB

 +++++++++++++++++++++++++++++++++++++++++++++++++++++++++++++++++++++++++++
 ++   Memory Efficiency is too small. Please review the requested memory. ++
 ++ It seems that you do not need that much memory so we recommend        ++
 ++ requesting less memory in other similar jobs.                         ++
 +++++++++++++++++++++++++++++++++++++++++++++++++++++++++++++++++++++++++++
 
*****************************************************************************


*****************************************************************************
*                                                                           *
*                    JOB EFFICIENCY REPORT (seff 10942648)                   *
*                                                                           *
*****************************************************************************

Job ID: 10942648
Cluster: finisterrae3
User/Group: curso341/ulc
State: COMPLETED (exit code 0)
Nodes: 9
Cores per node: 64
CPU Utilized: 00:50:51
CPU Efficiency: 1.93% of 1-19:50:24 core-walltime
Job Wall-clock time: 00:04:34
Memory Utilized: 33.81 GB
Memory Efficiency: 1.73% of 1.91 TB

 +++++++++++++++++++++++++++++++++++++++++++++++++++++++++++++++++++++++++++
 ++   Memory Efficiency is too small. Please review the requested memory. ++
 ++ It seems that you do not need that much memory so we recommend        ++
 ++ requesting less memory in other similar jobs.                         ++
 +++++++++++++++++++++++++++++++++++++++++++++++++++++++++++++++++++++++++++
 
*****************************************************************************


*****************************************************************************
*                                                                           *
*                    JOB EFFICIENCY REPORT (seff 10942648)                   *
*                                                                           *
*****************************************************************************

Job ID: 10942648
Cluster: finisterrae3
User/Group: curso341/ulc
State: COMPLETED (exit code 0)
Nodes: 9
Cores per node: 64
CPU Utilized: 00:50:51
CPU Efficiency: 1.93% of 1-19:50:24 core-walltime
Job Wall-clock time: 00:04:34
Memory Utilized: 33.81 GB
Memory Efficiency: 1.73% of 1.91 TB

 +++++++++++++++++++++++++++++++++++++++++++++++++++++++++++++++++++++++++++
 ++   Memory Efficiency is too small. Please review the requested memory. ++
 ++ It seems that you do not need that much memory so we recommend        ++
 ++ requesting less memory in other similar jobs.                         ++
 +++++++++++++++++++++++++++++++++++++++++++++++++++++++++++++++++++++++++++
 
*****************************************************************************


*****************************************************************************
*                                                                           *
*                    JOB EFFICIENCY REPORT (seff 10942648)                   *
*                                                                           *
*****************************************************************************

Job ID: 10942648
Cluster: finisterrae3
User/Group: curso341/ulc
State: COMPLETED (exit code 0)
Nodes: 9
Cores per node: 64
CPU Utilized: 00:50:51
CPU Efficiency: 1.93% of 1-19:50:24 core-walltime
Job Wall-clock time: 00:04:34
Memory Utilized: 33.81 GB
Memory Efficiency: 1.73% of 1.91 TB

 +++++++++++++++++++++++++++++++++++++++++++++++++++++++++++++++++++++++++++
 ++   Memory Efficiency is too small. Please review the requested memory. ++
 ++ It seems that you do not need that much memory so we recommend        ++
 ++ requesting less memory in other similar jobs.                         ++
 +++++++++++++++++++++++++++++++++++++++++++++++++++++++++++++++++++++++++++
 
*****************************************************************************


*****************************************************************************
*                                                                           *
*                    JOB EFFICIENCY REPORT (seff 10942648)                   *
*                                                                           *
*****************************************************************************

Job ID: 10942648
Cluster: finisterrae3
User/Group: curso341/ulc
State: COMPLETED (exit code 0)
Nodes: 9
Cores per node: 64
CPU Utilized: 01:23:00
CPU Efficiency: 3.16% of 1-19:50:24 core-walltime
Job Wall-clock time: 00:04:34
Memory Utilized: 33.81 GB
Memory Efficiency: 1.73% of 1.91 TB

 +++++++++++++++++++++++++++++++++++++++++++++++++++++++++++++++++++++++++++
 ++   Memory Efficiency is too small. Please review the requested memory. ++
 ++ It seems that you do not need that much memory so we recommend        ++
 ++ requesting less memory in other similar jobs.                         ++
 +++++++++++++++++++++++++++++++++++++++++++++++++++++++++++++++++++++++++++
 
*****************************************************************************

