slurmstepd: info: Setting TMPDIR to /scratch/10925222. Previous errors about TMPDIR can be discarded
Slurm job started at 09/03/2025_06:43:35 PM

In transit.
Initing Ray (1 head node + 2 worker nodes + 4 simulation nodes) on nodes: 
	ilk-43 ilk-243 ilk-244 ilk-246 ilk-250 ilk-251 ilk-254
Head node: 172.30.201.43:6379


RAY_DEPLOY_TIME:     25.22595
2025-03-09 18:44:02,483	INFO packaging.py:520 -- Creating a file package for local directory '/mnt/lustre/scratch/nlsas/home/ulc/cursos/curso341/dask_on_reisa_tests/E4/REISA/derivative/P128-SN4-LS1-GS134-I10-AN2-D2025-03-09_18-42-21'.
2025-03-09 18:44:02,509	INFO packaging.py:347 -- Pushing file package 'gcs://_ray_pkg_0e55235b38e897c6.zip' (0.48MiB) to Ray cluster...
2025-03-09 18:44:02,515	INFO packaging.py:360 -- Successfully pushed file package 'gcs://_ray_pkg_0e55235b38e897c6.zip'.
RAY_INIT_TIME:       3.81215
Iter [0]
Iter [1]
Iter [2]
Iter [3]
Iter [4]
Iter [5]
Iter [6]
Iter [7]
Iter [8]
Iter [9]
GLOBAL_PUT_TIME:     0.04278922080993652 (avg:0.00428)
ACTOR_CONCURRENCY:   8
SIMULATION_TIME:     5.343971974000000 (avg: 0.534397197400000)
SIM_WTHOUT_PDI:      2.767937142000000 (avg: 0.276793714200000)
PDI_DELAY:           2.576034832000000 (avg: 0.257603483200000)

GLOBAL_SIZE_(GiB):   131072
LOCAL_SIZE_(MiB):    1
ITERATIONS:          10

MPI_PER_NODE:        32
MPI_PARALLELISM:     128

WORKER_NODES:        2
CPUS_PER_WORKER:     64
WORKER_PARALLELISM:  128


SLURM_JOB_ID:        10925222
EST_ANALYTICS_TIME:  614.28376 (avg:61.42838)
Traceback (most recent call last):
  File "/mnt/lustre/scratch/nlsas/home/ulc/cursos/curso341/dask_on_reisa_tests/E4/REISA/derivative/P128-SN4-LS1-GS134-I10-AN2-D2025-03-09_18-42-21/derivative.py", line 65, in <module>
    result = handler.get_result(process_func, iter_func, global_func=global_func, selected_iters=iterations, kept_iters=5, timeline=False)
  File "/mnt/lustre/scratch/nlsas/home/ulc/cursos/curso341/dask_on_reisa_tests/E4/REISA/derivative/P128-SN4-LS1-GS134-I10-AN2-D2025-03-09_18-42-21/reisa.py", line 156, in get_result
    return global_func(RayList(results))
  File "/mnt/lustre/scratch/nlsas/home/ulc/cursos/curso341/dask_on_reisa_tests/E4/REISA/derivative/P128-SN4-LS1-GS134-I10-AN2-D2025-03-09_18-42-21/derivative.py", line 58, in global_func
    return np.average(final_results[:])
  File "/mnt/lustre/scratch/nlsas/home/ulc/cursos/curso341/dask_on_reisa_tests/E4/REISA/derivative/P128-SN4-LS1-GS134-I10-AN2-D2025-03-09_18-42-21/reisa.py", line 50, in __getitem__
    return ray.get(RayList(item))
  File "/home/ulc/cursos/curso341/.local/lib/python3.9/site-packages/ray/_private/client_mode_hook.py", line 104, in wrapper
    return getattr(ray, func.__name__)(*args, **kwargs)
  File "/home/ulc/cursos/curso341/.local/lib/python3.9/site-packages/ray/util/client/api.py", line 42, in get
    return self.worker.get(vals, timeout=timeout)
  File "/home/ulc/cursos/curso341/.local/lib/python3.9/site-packages/ray/util/client/worker.py", line 434, in get
    res = self._get(to_get, op_timeout)
  File "/home/ulc/cursos/curso341/.local/lib/python3.9/site-packages/ray/util/client/worker.py", line 462, in _get
    raise err
ray.exceptions.RayTaskError: [36mray::iter_task()[39m (pid=4153770, ip=172.30.211.17)
  File "/mnt/lustre/scratch/nlsas/home/ulc/cursos/curso341/dask_on_reisa_tests/E4/REISA/derivative/P128-SN4-LS1-GS134-I10-AN2-D2025-03-09_18-42-21/reisa.py", line 146, in iter_task
    return iter_func(i, RayList(itertools.chain.from_iterable(current_results)))
  File "/mnt/lustre/scratch/nlsas/home/ulc/cursos/curso341/dask_on_reisa_tests/E4/REISA/derivative/P128-SN4-LS1-GS134-I10-AN2-D2025-03-09_18-42-21/derivative.py", line 48, in iter_func
    return np.average(current_results[:])
  File "/scratch/10925222/ray/session_2025-03-09_18-43-39_280552_2530969/runtime_resources/working_dir_files/_ray_pkg_0e55235b38e897c6/reisa.py", line 50, in __getitem__
    return ray.get(RayList(item))
ray.exceptions.RayTaskError: [36mray::process_task()[39m (pid=2113045, ip=172.30.211.16)
  File "/mnt/lustre/scratch/nlsas/home/ulc/cursos/curso341/dask_on_reisa_tests/E4/REISA/derivative/P128-SN4-LS1-GS134-I10-AN2-D2025-03-09_18-42-21/reisa.py", line 127, in process_task
    return process_func(rank, i, queue)
  File "/mnt/lustre/scratch/nlsas/home/ulc/cursos/curso341/dask_on_reisa_tests/E4/REISA/derivative/P128-SN4-LS1-GS134-I10-AN2-D2025-03-09_18-42-21/derivative.py", line 35, in process_func
    gt = np.array(queue[-5:])
  File "/mnt/lustre/scratch/nlsas/home/ulc/cursos/curso341/dask_on_reisa_tests/E4/REISA/derivative/P128-SN4-LS1-GS134-I10-AN2-D2025-03-09_18-42-21/reisa.py", line 50, in __getitem__
    return ray.get(RayList(item))
ray.exceptions.ObjectFetchTimedOutError: Failed to retrieve object 00ffffffffffffffffffffffffffffffffffffff0b00000004000000. To see information about where this ObjectRef was created in Python, set the environment variable RAY_record_ref_creation_sites=1 during `ray start` and `ray.init()`.

Fetch for object 00ffffffffffffffffffffffffffffffffffffff0b00000004000000 timed out because no locations were found for the object. This may indicate a system-level bug.
srun: error: ilk-243: task 0: Exited with exit code 1
srun: launch/slurm: _step_signal: Terminating StepId=10925222.8

Slurm job finished at 09/03/2025_06:54:22 PM

*****************************************************************************
*                                                                           *
*                    JOB EFFICIENCY REPORT (seff 10925222)                   *
*                                                                           *
*****************************************************************************

Job ID: 10925222
Cluster: finisterrae3
User/Group: curso341/ulc
State: COMPLETED (exit code 0)
Nodes: 7
Cores per node: 64
CPU Utilized: 00:22:59
CPU Efficiency: 0.48% of 3-08:38:24 core-walltime
Job Wall-clock time: 00:10:48
Memory Utilized: 4.04 GB
Memory Efficiency: 0.27% of 1.48 TB

 +++++++++++++++++++++++++++++++++++++++++++++++++++++++++++++++++++++++++++
 ++   Memory Efficiency is too small. Please review the requested memory. ++
 ++ It seems that you do not need that much memory so we recommend        ++
 ++ requesting less memory in other similar jobs.                         ++
 +++++++++++++++++++++++++++++++++++++++++++++++++++++++++++++++++++++++++++
 
*****************************************************************************


*****************************************************************************
*                                                                           *
*                    JOB EFFICIENCY REPORT (seff 10925222)                   *
*                                                                           *
*****************************************************************************

Job ID: 10925222
Cluster: finisterrae3
User/Group: curso341/ulc
State: COMPLETED (exit code 0)
Nodes: 7
Cores per node: 64
CPU Utilized: 00:22:59
CPU Efficiency: 0.48% of 3-08:38:24 core-walltime
Job Wall-clock time: 00:10:48
Memory Utilized: 4.04 GB
Memory Efficiency: 0.27% of 1.48 TB

 +++++++++++++++++++++++++++++++++++++++++++++++++++++++++++++++++++++++++++
 ++   Memory Efficiency is too small. Please review the requested memory. ++
 ++ It seems that you do not need that much memory so we recommend        ++
 ++ requesting less memory in other similar jobs.                         ++
 +++++++++++++++++++++++++++++++++++++++++++++++++++++++++++++++++++++++++++
 
*****************************************************************************



*****************************************************************************
*****************************************************************************
*                                                                           *
*                                                                           *
*                    JOB EFFICIENCY REPORT (seff 10925222)                   *
*                    JOB EFFICIENCY REPORT (seff 10925222)                   *
*                                                                           *
*                                                                           *
*****************************************************************************
*****************************************************************************


Job ID: 10925222
Job ID: 10925222
Cluster: finisterrae3
Cluster: finisterrae3
User/Group: curso341/ulc
User/Group: curso341/ulc
State: COMPLETED (exit code 0)
State: COMPLETED (exit code 0)
Nodes: 7
Nodes: 7
Cores per node: 64
Cores per node: 64
CPU Utilized: 00:23:56
CPU Utilized: 00:23:56
CPU Efficiency: 0.49% of 3-08:38:24 core-walltime
CPU Efficiency: 0.49% of 3-08:38:24 core-walltime
Job Wall-clock time: 00:10:48
Job Wall-clock time: 00:10:48
Memory Utilized: 4.04 GB
Memory Utilized: 4.04 GB
Memory Efficiency: 0.27% of 1.48 TB
Memory Efficiency: 0.27% of 1.48 TB


 +++++++++++++++++++++++++++++++++++++++++++++++++++++++++++++++++++++++++++
 +++++++++++++++++++++++++++++++++++++++++++++++++++++++++++++++++++++++++++
 ++   Memory Efficiency is too small. Please review the requested memory. ++
 ++   Memory Efficiency is too small. Please review the requested memory. ++
 ++ It seems that you do not need that much memory so we recommend        ++
 ++ It seems that you do not need that much memory so we recommend        ++
 ++ requesting less memory in other similar jobs.                         ++
 ++ requesting less memory in other similar jobs.                         ++
 +++++++++++++++++++++++++++++++++++++++++++++++++++++++++++++++++++++++++++
 +++++++++++++++++++++++++++++++++++++++++++++++++++++++++++++++++++++++++++
 
 
*****************************************************************************
*****************************************************************************



*****************************************************************************
*                                                                           *
*                    JOB EFFICIENCY REPORT (seff 10925222)                   *
*                                                                           *
*****************************************************************************

Job ID: 10925222
Cluster: finisterrae3
User/Group: curso341/ulc
State: COMPLETED (exit code 0)
Nodes: 7
Cores per node: 64
CPU Utilized: 00:23:56
CPU Efficiency: 0.49% of 3-08:38:24 core-walltime
Job Wall-clock time: 00:10:48
Memory Utilized: 4.04 GB
Memory Efficiency: 0.27% of 1.48 TB

 +++++++++++++++++++++++++++++++++++++++++++++++++++++++++++++++++++++++++++
 ++   Memory Efficiency is too small. Please review the requested memory. ++
 ++ It seems that you do not need that much memory so we recommend        ++
 ++ requesting less memory in other similar jobs.                         ++
 +++++++++++++++++++++++++++++++++++++++++++++++++++++++++++++++++++++++++++
 
*****************************************************************************


*****************************************************************************
*                                                                           *
*                    JOB EFFICIENCY REPORT (seff 10925222)                   *
*                                                                           *
*****************************************************************************

Job ID: 10925222
Cluster: finisterrae3
User/Group: curso341/ulc
State: COMPLETED (exit code 0)
Nodes: 7
Cores per node: 64
CPU Utilized: 00:23:56
CPU Efficiency: 0.49% of 3-08:38:24 core-walltime
Job Wall-clock time: 00:10:48
Memory Utilized: 4.04 GB
Memory Efficiency: 0.27% of 1.48 TB

 +++++++++++++++++++++++++++++++++++++++++++++++++++++++++++++++++++++++++++
 ++   Memory Efficiency is too small. Please review the requested memory. ++
 ++ It seems that you do not need that much memory so we recommend        ++
 ++ requesting less memory in other similar jobs.                         ++
 +++++++++++++++++++++++++++++++++++++++++++++++++++++++++++++++++++++++++++
 
*****************************************************************************


*****************************************************************************
*                                                                           *
*                    JOB EFFICIENCY REPORT (seff 10925222)                   *
*                                                                           *
*****************************************************************************

Job ID: 10925222
Cluster: finisterrae3
User/Group: curso341/ulc
State: COMPLETED (exit code 0)
Nodes: 7
Cores per node: 64
CPU Utilized: 00:24:31
CPU Efficiency: 0.51% of 3-08:38:24 core-walltime
Job Wall-clock time: 00:10:48
Memory Utilized: 4.04 GB
Memory Efficiency: 0.27% of 1.48 TB

 +++++++++++++++++++++++++++++++++++++++++++++++++++++++++++++++++++++++++++
 ++   Memory Efficiency is too small. Please review the requested memory. ++
 ++ It seems that you do not need that much memory so we recommend        ++
 ++ requesting less memory in other similar jobs.                         ++
 +++++++++++++++++++++++++++++++++++++++++++++++++++++++++++++++++++++++++++
 
*****************************************************************************

