slurmstepd: info: Setting TMPDIR to /scratch/10895213. Previous errors about TMPDIR can be discarded
Slurm job started at 07/03/2025_02:07:04 AM

In transit.
Initing Ray (1 head node + 2 worker nodes + 2 simulation nodes) on nodes: 
	ilk-10 ilk-14 ilk-16 ilk-203 ilk-230
Head node: 172.30.201.10:6379


RAY_DEPLOY_TIME:     24.67695
2025-03-07 02:07:30,858	INFO packaging.py:520 -- Creating a file package for local directory '/mnt/lustre/scratch/nlsas/home/ulc/cursos/curso341/dask_on_reisa_tests/E1/REISA/reduction/P4-SN2-LS536-GS2147-I20-AN2-D2025-03-06_23-15-47'.
2025-03-07 02:07:30,884	INFO packaging.py:347 -- Pushing file package 'gcs://_ray_pkg_61d9b635b5d5c8b6.zip' (0.48MiB) to Ray cluster...
2025-03-07 02:07:30,890	INFO packaging.py:360 -- Successfully pushed file package 'gcs://_ray_pkg_61d9b635b5d5c8b6.zip'.
RAY_INIT_TIME:       2.81617
Iter [0]
Iter [2]
Iter [4]
Iter [6]
Iter [8]
Iter [10]
Iter [12]
Iter [14]
Iter [16]
Iter [18]
EST_ANALYTICS_TIME:  108.44958 (avg:5.42248)
GLOBAL_PUT_TIME:     16.95232605934143 (avg:0.84762)
ACTOR_CONCURRENCY:   8
SIMULATION_TIME:     112.305674341000000 (avg: 5.615283717050000)
SIM_WTHOUT_PDI:      91.878691732999982 (avg: 4.593934586649999)
PDI_DELAY:           20.426982608000017 (avg: 1.021349130400001)

GLOBAL_SIZE_(GiB):   2097152
LOCAL_SIZE_(MiB):    512
ITERATIONS:          20

MPI_PER_NODE:        2
MPI_PARALLELISM:     4

WORKER_NODES:        2
CPUS_PER_WORKER:     64
WORKER_PARALLELISM:  128


SLURM_JOB_ID:        10895213

Slurm job finished at 07/03/2025_02:09:26 AM

*****************************************************************************
*                                                                           *
*                    JOB EFFICIENCY REPORT (seff 10895213)                   *
*                                                                           *
*****************************************************************************

Job ID: 10895213
Cluster: finisterrae3
User/Group: curso341/ulc
State: COMPLETED (exit code 0)
Nodes: 5
Cores per node: 64
CPU Utilized: 00:07:34
CPU Efficiency: 0.99% of 12:48:00 core-walltime
Job Wall-clock time: 00:02:24
Memory Utilized: 6.47 GB (estimated maximum)
Memory Efficiency: 0.60% of 1.06 TB (3.39 GB/core)

 +++++++++++++++++++++++++++++++++++++++++++++++++++++++++++++++++++++++++++
 ++   Memory Efficiency is too small. Please review the requested memory. ++
 ++ It seems that you do not need that much memory so we recommend        ++
 ++ requesting less memory in other similar jobs.                         ++
 +++++++++++++++++++++++++++++++++++++++++++++++++++++++++++++++++++++++++++
 
*****************************************************************************


*****************************************************************************
*                                                                           *
*                    JOB EFFICIENCY REPORT (seff 10895213)                   *
*                                                                           *
*****************************************************************************

Job ID: 10895213
Cluster: finisterrae3
User/Group: curso341/ulc
State: COMPLETED (exit code 0)
Nodes: 5
Cores per node: 64
CPU Utilized: 00:07:53
CPU Efficiency: 1.03% of 12:48:00 core-walltime
Job Wall-clock time: 00:02:24
Memory Utilized: 6.47 GB (estimated maximum)
Memory Efficiency: 0.60% of 1.06 TB (3.39 GB/core)

 +++++++++++++++++++++++++++++++++++++++++++++++++++++++++++++++++++++++++++
 ++   Memory Efficiency is too small. Please review the requested memory. ++
 ++ It seems that you do not need that much memory so we recommend        ++
 ++ requesting less memory in other similar jobs.                         ++
 +++++++++++++++++++++++++++++++++++++++++++++++++++++++++++++++++++++++++++
 
*****************************************************************************


*****************************************************************************
*                                                                           *
*                    JOB EFFICIENCY REPORT (seff 10895213)                   *
*                                                                           *
*****************************************************************************

Job ID: 10895213
Cluster: finisterrae3
User/Group: curso341/ulc
State: COMPLETED (exit code 0)
Nodes: 5
Cores per node: 64
CPU Utilized: 00:11:52
CPU Efficiency: 1.55% of 12:48:00 core-walltime
Job Wall-clock time: 00:02:24
Memory Utilized: 6.47 GB (estimated maximum)
Memory Efficiency: 0.60% of 1.06 TB (3.39 GB/core)

 +++++++++++++++++++++++++++++++++++++++++++++++++++++++++++++++++++++++++++
 ++   Memory Efficiency is too small. Please review the requested memory. ++
 ++ It seems that you do not need that much memory so we recommend        ++
 ++ requesting less memory in other similar jobs.                         ++
 +++++++++++++++++++++++++++++++++++++++++++++++++++++++++++++++++++++++++++
 
*****************************************************************************


*****************************************************************************
*                                                                           *
*                    JOB EFFICIENCY REPORT (seff 10895213)                   *
*                                                                           *
*****************************************************************************

Job ID: 10895213
Cluster: finisterrae3
User/Group: curso341/ulc
State: COMPLETED (exit code 0)
Nodes: 5
Cores per node: 64
CPU Utilized: 00:11:52
CPU Efficiency: 1.55% of 12:48:00 core-walltime
Job Wall-clock time: 00:02:24
Memory Utilized: 6.47 GB (estimated maximum)
Memory Efficiency: 0.60% of 1.06 TB (3.39 GB/core)

 +++++++++++++++++++++++++++++++++++++++++++++++++++++++++++++++++++++++++++
 ++   Memory Efficiency is too small. Please review the requested memory. ++
 ++ It seems that you do not need that much memory so we recommend        ++
 ++ requesting less memory in other similar jobs.                         ++
 +++++++++++++++++++++++++++++++++++++++++++++++++++++++++++++++++++++++++++
 
*****************************************************************************


*****************************************************************************
*                                                                           *
*                    JOB EFFICIENCY REPORT (seff 10895213)                   *
*                                                                           *
*****************************************************************************

Job ID: 10895213
Cluster: finisterrae3
User/Group: curso341/ulc
State: COMPLETED (exit code 0)
Nodes: 5
Cores per node: 64
CPU Utilized: 00:15:09
CPU Efficiency: 1.97% of 12:48:00 core-walltime
Job Wall-clock time: 00:02:24
Memory Utilized: 4.53 GB
Memory Efficiency: 0.42% of 1.06 TB

 +++++++++++++++++++++++++++++++++++++++++++++++++++++++++++++++++++++++++++
 ++   Memory Efficiency is too small. Please review the requested memory. ++
 ++ It seems that you do not need that much memory so we recommend        ++
 ++ requesting less memory in other similar jobs.                         ++
 +++++++++++++++++++++++++++++++++++++++++++++++++++++++++++++++++++++++++++
 
*****************************************************************************

