slurmstepd: info: Setting TMPDIR to /scratch/10934008. Previous errors about TMPDIR can be discarded
Slurm job started at 11/03/2025_02:40:32 AM

In transit.
Initing Ray (1 head node + 2 worker nodes + 4 simulation nodes) on nodes: 
	ilk-193 ilk-206 ilk-211 ilk-214 ilk-228 ilk-233 ilk-237
Head node: 172.30.205.1:6379


RAY_DEPLOY_TIME:     23.45361
2025-03-11 02:40:58,786	INFO packaging.py:520 -- Creating a file package for local directory '/mnt/lustre/scratch/nlsas/home/ulc/cursos/curso341/dask_on_reisa_tests/E5/DASK_ON_REISA_ONE_ACTOR/derivative/P128-SN4-LS1-GS134-I10-AN2-D2025-03-10_22-50-42'.
2025-03-11 02:40:58,812	INFO packaging.py:347 -- Pushing file package 'gcs://_ray_pkg_4d9875656391ba13.zip' (0.48MiB) to Ray cluster...
2025-03-11 02:40:58,819	INFO packaging.py:360 -- Successfully pushed file package 'gcs://_ray_pkg_4d9875656391ba13.zip'.
RAY_INIT_TIME:       5.37314
Iter [0]
Iter [1]
Iter [2]
Iter [3]
Iter [4]
Iter [5]
Iter [6]
Iter [7]
Iter [8]
Iter [9]
GLOBAL_PUT_TIME:     0.039363861083984375 (avg:0.00394)
ACTOR_CONCURRENCY:   8
SIMULATION_TIME:     31.078296092999999 (avg: 3.107829609300000)
SIM_WTHOUT_PDI:      20.158662267000011 (avg: 2.015866226700001)
PDI_DELAY:           10.919633825999988 (avg: 1.091963382599999)

GLOBAL_SIZE_(GiB):   131072
LOCAL_SIZE_(MiB):    1
ITERATIONS:          10

MPI_PER_NODE:        32
MPI_PARALLELISM:     128

WORKER_NODES:        2
CPUS_PER_WORKER:     64
WORKER_PARALLELISM:  128


SLURM_JOB_ID:        10934008
EST_ANALYTICS_TIME:  242.83427 (avg:24.28343)

Slurm job finished at 11/03/2025_02:45:05 AM

*****************************************************************************
*                                                                           *
*                    JOB EFFICIENCY REPORT (seff 10934008)                   *
*                                                                           *
*****************************************************************************

Job ID: 10934008
Cluster: finisterrae3
User/Group: curso341/ulc
State: COMPLETED (exit code 0)
Nodes: 7
Cores per node: 64
CPU Utilized: 00:38:44
CPU Efficiency: 1.89% of 1-10:13:20 core-walltime
Job Wall-clock time: 00:04:35
Memory Utilized: 27.79 GB (estimated maximum)
Memory Efficiency: 1.83% of 1.48 TB (3.39 GB/core)

 +++++++++++++++++++++++++++++++++++++++++++++++++++++++++++++++++++++++++++
 ++   Memory Efficiency is too small. Please review the requested memory. ++
 ++ It seems that you do not need that much memory so we recommend        ++
 ++ requesting less memory in other similar jobs.                         ++
 +++++++++++++++++++++++++++++++++++++++++++++++++++++++++++++++++++++++++++
 
*****************************************************************************


*****************************************************************************
*                                                                           *
*                    JOB EFFICIENCY REPORT (seff 10934008)                   *
*                                                                           *
*****************************************************************************

Job ID: 10934008
Cluster: finisterrae3
User/Group: curso341/ulc
State: COMPLETED (exit code 0)
Nodes: 7
Cores per node: 64
CPU Utilized: 00:38:44
CPU Efficiency: 1.89% of 1-10:13:20 core-walltime
Job Wall-clock time: 00:04:35
Memory Utilized: 27.79 GB (estimated maximum)
Memory Efficiency: 1.83% of 1.48 TB (3.39 GB/core)

 +++++++++++++++++++++++++++++++++++++++++++++++++++++++++++++++++++++++++++
 ++   Memory Efficiency is too small. Please review the requested memory. ++
 ++ It seems that you do not need that much memory so we recommend        ++
 ++ requesting less memory in other similar jobs.                         ++
 +++++++++++++++++++++++++++++++++++++++++++++++++++++++++++++++++++++++++++
 
*****************************************************************************


*****************************************************************************
*                                                                           *
*                    JOB EFFICIENCY REPORT (seff 10934008)                   *
*                                                                           *
*****************************************************************************

Job ID: 10934008
Cluster: finisterrae3
User/Group: curso341/ulc
State: COMPLETED (exit code 0)
Nodes: 7
Cores per node: 64
CPU Utilized: 00:38:44
CPU Efficiency: 1.89% of 1-10:13:20 core-walltime
Job Wall-clock time: 00:04:35
Memory Utilized: 27.79 GB (estimated maximum)
Memory Efficiency: 1.83% of 1.48 TB (3.39 GB/core)

 +++++++++++++++++++++++++++++++++++++++++++++++++++++++++++++++++++++++++++
 ++   Memory Efficiency is too small. Please review the requested memory. ++
 ++ It seems that you do not need that much memory so we recommend        ++
 ++ requesting less memory in other similar jobs.                         ++
 +++++++++++++++++++++++++++++++++++++++++++++++++++++++++++++++++++++++++++
 
*****************************************************************************


*****************************************************************************
*                                                                           *
*                    JOB EFFICIENCY REPORT (seff 10934008)                   *
*                                                                           *
*****************************************************************************

Job ID: 10934008
Cluster: finisterrae3
User/Group: curso341/ulc
State: COMPLETED (exit code 0)
Nodes: 7
Cores per node: 64
CPU Utilized: 01:17:01
CPU Efficiency: 3.75% of 1-10:13:20 core-walltime
Job Wall-clock time: 00:04:35
Memory Utilized: 2.03 GB
Memory Efficiency: 0.13% of 1.48 TB

 +++++++++++++++++++++++++++++++++++++++++++++++++++++++++++++++++++++++++++
 ++   Memory Efficiency is too small. Please review the requested memory. ++
 ++ It seems that you do not need that much memory so we recommend        ++
 ++ requesting less memory in other similar jobs.                         ++
 +++++++++++++++++++++++++++++++++++++++++++++++++++++++++++++++++++++++++++
 
*****************************************************************************


*****************************************************************************
*                                                                           *
*                    JOB EFFICIENCY REPORT (seff 10934008)                   *
*                                                                           *
*****************************************************************************

Job ID: 10934008
Cluster: finisterrae3
User/Group: curso341/ulc
State: COMPLETED (exit code 0)
Nodes: 7
Cores per node: 64
CPU Utilized: 01:17:01
CPU Efficiency: 3.75% of 1-10:13:20 core-walltime
Job Wall-clock time: 00:04:35
Memory Utilized: 2.03 GB
Memory Efficiency: 0.13% of 1.48 TB

 +++++++++++++++++++++++++++++++++++++++++++++++++++++++++++++++++++++++++++
 ++   Memory Efficiency is too small. Please review the requested memory. ++
 ++ It seems that you do not need that much memory so we recommend        ++
 ++ requesting less memory in other similar jobs.                         ++
 +++++++++++++++++++++++++++++++++++++++++++++++++++++++++++++++++++++++++++
 
*****************************************************************************


*****************************************************************************
*                                                                           *
*                    JOB EFFICIENCY REPORT (seff 10934008)                   *
*                                                                           *
*****************************************************************************

Job ID: 10934008
Cluster: finisterrae3
User/Group: curso341/ulc
State: COMPLETED (exit code 0)
Nodes: 7
Cores per node: 64
CPU Utilized: 01:17:01
CPU Efficiency: 3.75% of 1-10:13:20 core-walltime
Job Wall-clock time: 00:04:35
Memory Utilized: 2.03 GB
Memory Efficiency: 0.13% of 1.48 TB

 +++++++++++++++++++++++++++++++++++++++++++++++++++++++++++++++++++++++++++
 ++   Memory Efficiency is too small. Please review the requested memory. ++
 ++ It seems that you do not need that much memory so we recommend        ++
 ++ requesting less memory in other similar jobs.                         ++
 +++++++++++++++++++++++++++++++++++++++++++++++++++++++++++++++++++++++++++
 
*****************************************************************************


*****************************************************************************
*                                                                           *
*                    JOB EFFICIENCY REPORT (seff 10934008)                   *
*                                                                           *
*****************************************************************************

Job ID: 10934008
Cluster: finisterrae3
User/Group: curso341/ulc
State: COMPLETED (exit code 0)
Nodes: 7
Cores per node: 64
CPU Utilized: 01:19:02
CPU Efficiency: 3.85% of 1-10:13:20 core-walltime
Job Wall-clock time: 00:04:35
Memory Utilized: 2.12 GB
Memory Efficiency: 0.14% of 1.48 TB

 +++++++++++++++++++++++++++++++++++++++++++++++++++++++++++++++++++++++++++
 ++   Memory Efficiency is too small. Please review the requested memory. ++
 ++ It seems that you do not need that much memory so we recommend        ++
 ++ requesting less memory in other similar jobs.                         ++
 +++++++++++++++++++++++++++++++++++++++++++++++++++++++++++++++++++++++++++
 
*****************************************************************************

