slurmstepd: info: Setting TMPDIR to /scratch/10912157. Previous errors about TMPDIR can be discarded
Slurm job started at 08/03/2025_09:47:54 AM

In transit.
Initing Ray (1 head node + 4 worker nodes + 4 simulation nodes) on nodes: 
	ilk-146 ilk-147 ilk-148 ilk-149 ilk-150 ilk-151 ilk-152 ilk-153 ilk-154
Head node: 172.30.204.2:6379


RAY_DEPLOY_TIME:     25.46050
2025-03-08 09:48:22,809	INFO packaging.py:520 -- Creating a file package for local directory '/mnt/lustre/scratch/nlsas/home/ulc/cursos/curso341/dask_on_reisa_tests/E2/DASK_ON_REISA_ONE_ACTOR/derivative/P8-SN4-LS268-GS2147-I10-AN4-D2025-03-08_09-08-06'.
2025-03-08 09:48:22,837	INFO packaging.py:347 -- Pushing file package 'gcs://_ray_pkg_032a3c172b281998.zip' (0.48MiB) to Ray cluster...
2025-03-08 09:48:22,843	INFO packaging.py:360 -- Successfully pushed file package 'gcs://_ray_pkg_032a3c172b281998.zip'.
RAY_INIT_TIME:       3.49586
Iter [0]
Iter [1]
Iter [2]
Iter [3]
Iter [4]
Iter [5]
Iter [6]
Iter [7]
Iter [8]
Iter [9]
GLOBAL_PUT_TIME:     4.269876480102539 (avg:0.42699)
ACTOR_CONCURRENCY:   8
SIMULATION_TIME:     42.552526325999999 (avg: 4.255252632600000)
SIM_WTHOUT_PDI:      30.003757124000000 (avg: 3.000375712400000)
PDI_DELAY:           12.548769201999999 (avg: 1.254876920200000)

GLOBAL_SIZE_(GiB):   2097152
LOCAL_SIZE_(MiB):    256
ITERATIONS:          10

MPI_PER_NODE:        2
MPI_PARALLELISM:     8

WORKER_NODES:        4
CPUS_PER_WORKER:     64
WORKER_PARALLELISM:  256


SLURM_JOB_ID:        10912157
EST_ANALYTICS_TIME:  170.37606 (avg:17.03761)

Slurm job finished at 08/03/2025_09:51:17 AM

*****************************************************************************
*                                                                           *
*                    JOB EFFICIENCY REPORT (seff 10912157)                   *
*                                                                           *
*****************************************************************************

Job ID: 10912157
Cluster: finisterrae3
User/Group: curso341/ulc
State: COMPLETED (exit code 0)
Nodes: 9
Cores per node: 64
CPU Utilized: 00:10:54
CPU Efficiency: 0.55% of 1-08:48:00 core-walltime
Job Wall-clock time: 00:03:25
Memory Utilized: 4.42 GB
Memory Efficiency: 0.23% of 1.91 TB

 +++++++++++++++++++++++++++++++++++++++++++++++++++++++++++++++++++++++++++
 ++   Memory Efficiency is too small. Please review the requested memory. ++
 ++ It seems that you do not need that much memory so we recommend        ++
 ++ requesting less memory in other similar jobs.                         ++
 +++++++++++++++++++++++++++++++++++++++++++++++++++++++++++++++++++++++++++
 
*****************************************************************************


*****************************************************************************
*                                                                           *
*                    JOB EFFICIENCY REPORT (seff 10912157)                   *
*                                                                           *
*****************************************************************************

Job ID: 10912157
Cluster: finisterrae3
User/Group: curso341/ulc
State: COMPLETED (exit code 0)
Nodes: 9
Cores per node: 64
CPU Utilized: 00:10:54
CPU Efficiency: 0.55% of 1-08:48:00 core-walltime
Job Wall-clock time: 00:03:25
Memory Utilized: 4.42 GB
Memory Efficiency: 0.23% of 1.91 TB

 +++++++++++++++++++++++++++++++++++++++++++++++++++++++++++++++++++++++++++
 ++   Memory Efficiency is too small. Please review the requested memory. ++
 ++ It seems that you do not need that much memory so we recommend        ++
 ++ requesting less memory in other similar jobs.                         ++
 +++++++++++++++++++++++++++++++++++++++++++++++++++++++++++++++++++++++++++
 
*****************************************************************************


*****************************************************************************
*                                                                           *
*                    JOB EFFICIENCY REPORT (seff 10912157)                   *
*                                                                           *
*****************************************************************************

Job ID: 10912157
Cluster: finisterrae3
User/Group: curso341/ulc
State: COMPLETED (exit code 0)
Nodes: 9
Cores per node: 64
CPU Utilized: 00:10:54
CPU Efficiency: 0.55% of 1-08:48:00 core-walltime
Job Wall-clock time: 00:03:25
Memory Utilized: 4.42 GB
Memory Efficiency: 0.23% of 1.91 TB

 +++++++++++++++++++++++++++++++++++++++++++++++++++++++++++++++++++++++++++
 ++   Memory Efficiency is too small. Please review the requested memory. ++
 ++ It seems that you do not need that much memory so we recommend        ++
 ++ requesting less memory in other similar jobs.                         ++
 +++++++++++++++++++++++++++++++++++++++++++++++++++++++++++++++++++++++++++
 
*****************************************************************************


*****************************************************************************
*                                                                           *
*                    JOB EFFICIENCY REPORT (seff 10912157)                   *
*                                                                           *
*****************************************************************************

Job ID: 10912157
Cluster: finisterrae3
User/Group: curso341/ulc
State: COMPLETED (exit code 0)
Nodes: 9
Cores per node: 64
CPU Utilized: 00:10:54
CPU Efficiency: 0.55% of 1-08:48:00 core-walltime
Job Wall-clock time: 00:03:25
Memory Utilized: 4.42 GB
Memory Efficiency: 0.23% of 1.91 TB

 +++++++++++++++++++++++++++++++++++++++++++++++++++++++++++++++++++++++++++
 ++   Memory Efficiency is too small. Please review the requested memory. ++
 ++ It seems that you do not need that much memory so we recommend        ++
 ++ requesting less memory in other similar jobs.                         ++
 +++++++++++++++++++++++++++++++++++++++++++++++++++++++++++++++++++++++++++
 
*****************************************************************************


*****************************************************************************
*                                                                           *
*                    JOB EFFICIENCY REPORT (seff 10912157)                   *
*                                                                           *
*****************************************************************************

Job ID: 10912157
Cluster: finisterrae3
User/Group: curso341/ulc
State: COMPLETED (exit code 0)
Nodes: 9
Cores per node: 64
CPU Utilized: 00:10:54
CPU Efficiency: 0.55% of 1-08:48:00 core-walltime
Job Wall-clock time: 00:03:25
Memory Utilized: 4.42 GB
Memory Efficiency: 0.23% of 1.91 TB

 +++++++++++++++++++++++++++++++++++++++++++++++++++++++++++++++++++++++++++
 ++   Memory Efficiency is too small. Please review the requested memory. ++
 ++ It seems that you do not need that much memory so we recommend        ++
 ++ requesting less memory in other similar jobs.                         ++
 +++++++++++++++++++++++++++++++++++++++++++++++++++++++++++++++++++++++++++
 
*****************************************************************************


*****************************************************************************
*                                                                           *
*                    JOB EFFICIENCY REPORT (seff 10912157)                   *
*                                                                           *
*****************************************************************************

Job ID: 10912157
Cluster: finisterrae3
User/Group: curso341/ulc
State: COMPLETED (exit code 0)
Nodes: 9
Cores per node: 64
CPU Utilized: 00:11:27
CPU Efficiency: 0.58% of 1-08:48:00 core-walltime
Job Wall-clock time: 00:03:25
Memory Utilized: 4.42 GB
Memory Efficiency: 0.23% of 1.91 TB

 +++++++++++++++++++++++++++++++++++++++++++++++++++++++++++++++++++++++++++
 ++   Memory Efficiency is too small. Please review the requested memory. ++
 ++ It seems that you do not need that much memory so we recommend        ++
 ++ requesting less memory in other similar jobs.                         ++
 +++++++++++++++++++++++++++++++++++++++++++++++++++++++++++++++++++++++++++
 
*****************************************************************************


*****************************************************************************
*                                                                           *
*                    JOB EFFICIENCY REPORT (seff 10912157)                   *
*                                                                           *
*****************************************************************************

Job ID: 10912157
Cluster: finisterrae3
User/Group: curso341/ulc
State: COMPLETED (exit code 0)
Nodes: 9
Cores per node: 64
CPU Utilized: 00:20:01
CPU Efficiency: 1.02% of 1-08:48:00 core-walltime
Job Wall-clock time: 00:03:25
Memory Utilized: 10.35 GB
Memory Efficiency: 0.53% of 1.91 TB

 +++++++++++++++++++++++++++++++++++++++++++++++++++++++++++++++++++++++++++
 ++   Memory Efficiency is too small. Please review the requested memory. ++
 ++ It seems that you do not need that much memory so we recommend        ++
 ++ requesting less memory in other similar jobs.                         ++
 +++++++++++++++++++++++++++++++++++++++++++++++++++++++++++++++++++++++++++
 
*****************************************************************************


*****************************************************************************
*                                                                           *
*                    JOB EFFICIENCY REPORT (seff 10912157)                   *
*                                                                           *
*****************************************************************************

Job ID: 10912157
Cluster: finisterrae3
User/Group: curso341/ulc
State: COMPLETED (exit code 0)
Nodes: 9
Cores per node: 64
CPU Utilized: 00:43:46
CPU Efficiency: 2.22% of 1-08:48:00 core-walltime
Job Wall-clock time: 00:03:25
Memory Utilized: 10.35 GB
Memory Efficiency: 0.53% of 1.91 TB

 +++++++++++++++++++++++++++++++++++++++++++++++++++++++++++++++++++++++++++
 ++   Memory Efficiency is too small. Please review the requested memory. ++
 ++ It seems that you do not need that much memory so we recommend        ++
 ++ requesting less memory in other similar jobs.                         ++
 +++++++++++++++++++++++++++++++++++++++++++++++++++++++++++++++++++++++++++
 
*****************************************************************************


*****************************************************************************
*                                                                           *
*                    JOB EFFICIENCY REPORT (seff 10912157)                   *
*                                                                           *
*****************************************************************************

Job ID: 10912157
Cluster: finisterrae3
User/Group: curso341/ulc
State: COMPLETED (exit code 0)
Nodes: 9
Cores per node: 64
CPU Utilized: 00:51:58
CPU Efficiency: 2.64% of 1-08:48:00 core-walltime
Job Wall-clock time: 00:03:25
Memory Utilized: 21.07 GB
Memory Efficiency: 1.08% of 1.91 TB

 +++++++++++++++++++++++++++++++++++++++++++++++++++++++++++++++++++++++++++
 ++   Memory Efficiency is too small. Please review the requested memory. ++
 ++ It seems that you do not need that much memory so we recommend        ++
 ++ requesting less memory in other similar jobs.                         ++
 +++++++++++++++++++++++++++++++++++++++++++++++++++++++++++++++++++++++++++
 
*****************************************************************************

