slurmstepd: info: Setting TMPDIR to /scratch/10899116. Previous errors about TMPDIR can be discarded
Slurm job started at 07/03/2025_10:55:10 AM

In transit.
Initing Ray (1 head node + 2 worker nodes + 2 simulation nodes) on nodes: 
	ilk-245 ilk-246 ilk-247 ilk-248 ilk-249
Head node: 172.30.211.18:6379


RAY_DEPLOY_TIME:     23.73357
RAY_INIT_TIME:       3.22530
Iter [0]
2025-03-07 10:55:37,746	INFO packaging.py:520 -- Creating a file package for local directory '/mnt/lustre/scratch/nlsas/home/ulc/cursos/curso341/dask_on_reisa_tests/E1/DASK_ON_REISA/derivative/P4-SN2-LS268-GS1073-I10-AN2-D2025-03-07_09-35-02'.
2025-03-07 10:55:37,773	INFO packaging.py:347 -- Pushing file package 'gcs://_ray_pkg_490f1a2a1acdd57f.zip' (0.48MiB) to Ray cluster...
2025-03-07 10:55:37,780	INFO packaging.py:360 -- Successfully pushed file package 'gcs://_ray_pkg_490f1a2a1acdd57f.zip'.
Iter [1]
Iter [2]
[2m[36m(iter_task pid=750966, ip=10.120.211.19)[0m /home/ulc/cursos/curso341/.local/lib/python3.9/site-packages/dask/config.py:693: UserWarning: Configuration key "shuffle" has been deprecated. Please use "dataframe.shuffle.algorithm" instead
[2m[36m(iter_task pid=750966, ip=10.120.211.19)[0m   warnings.warn(
[2m[36m(iter_task pid=750968, ip=10.120.211.19)[0m /home/ulc/cursos/curso341/.local/lib/python3.9/site-packages/dask/config.py:693: UserWarning: Configuration key "shuffle" has been deprecated. Please use "dataframe.shuffle.algorithm" instead
[2m[36m(iter_task pid=750968, ip=10.120.211.19)[0m   warnings.warn(
[2m[36m(iter_task pid=750971, ip=10.120.211.19)[0m /home/ulc/cursos/curso341/.local/lib/python3.9/site-packages/dask/config.py:693: UserWarning: Configuration key "shuffle" has been deprecated. Please use "dataframe.shuffle.algorithm" instead
[2m[36m(iter_task pid=750971, ip=10.120.211.19)[0m   warnings.warn(
[2m[36m(iter_task pid=750970, ip=10.120.211.19)[0m /home/ulc/cursos/curso341/.local/lib/python3.9/site-packages/dask/config.py:693: UserWarning: Configuration key "shuffle" has been deprecated. Please use "dataframe.shuffle.algorithm" instead
[2m[36m(iter_task pid=750970, ip=10.120.211.19)[0m   warnings.warn(
[2m[36m(iter_task pid=750967, ip=10.120.211.19)[0m /home/ulc/cursos/curso341/.local/lib/python3.9/site-packages/dask/config.py:693: UserWarning: Configuration key "shuffle" has been deprecated. Please use "dataframe.shuffle.algorithm" instead
[2m[36m(iter_task pid=750967, ip=10.120.211.19)[0m   warnings.warn(
[2m[36m(iter_task pid=750969, ip=10.120.211.19)[0m /home/ulc/cursos/curso341/.local/lib/python3.9/site-packages/dask/config.py:693: UserWarning: Configuration key "shuffle" has been deprecated. Please use "dataframe.shuffle.algorithm" instead
[2m[36m(iter_task pid=750969, ip=10.120.211.19)[0m   warnings.warn(
Iter [3]
Iter [4]
Iter [5]
Iter [6]
Iter [7]
Iter [8]
Iter [9]
GLOBAL_PUT_TIME:     4.364092588424683 (avg:0.43641)
ACTOR_CONCURRENCY:   8
SIMULATION_TIME:     37.392483203000005 (avg: 3.739248320300001)
SIM_WTHOUT_PDI:      25.868193502000011 (avg: 2.586819350200001)
PDI_DELAY:           11.524289700999994 (avg: 1.152428970099999)

GLOBAL_SIZE_(GiB):   1048576
LOCAL_SIZE_(MiB):    256
ITERATIONS:          10

MPI_PER_NODE:        2
MPI_PARALLELISM:     4

WORKER_NODES:        2
CPUS_PER_WORKER:     64
WORKER_PARALLELISM:  128


SLURM_JOB_ID:        10899116
EST_ANALYTICS_TIME:  61.37971 (avg:6.13797)

Slurm job finished at 07/03/2025_10:56:43 AM

*****************************************************************************
*                                                                           *
*                    JOB EFFICIENCY REPORT (seff 10899116)                   *
*                                                                           *
*****************************************************************************

Job ID: 10899116
Cluster: finisterrae3
User/Group: curso341/ulc
State: COMPLETED (exit code 0)
Nodes: 5
Cores per node: 64
CPU Utilized: 00:09:33
CPU Efficiency: 1.87% of 08:32:00 core-walltime
Job Wall-clock time: 00:01:36
Memory Utilized: 7.87 GB
Memory Efficiency: 0.72% of 1.06 TB

 +++++++++++++++++++++++++++++++++++++++++++++++++++++++++++++++++++++++++++
 ++   Memory Efficiency is too small. Please review the requested memory. ++
 ++ It seems that you do not need that much memory so we recommend        ++
 ++ requesting less memory in other similar jobs.                         ++
 +++++++++++++++++++++++++++++++++++++++++++++++++++++++++++++++++++++++++++
 
*****************************************************************************


*****************************************************************************
*                                                                           *
*                    JOB EFFICIENCY REPORT (seff 10899116)                   *
*                                                                           *
*****************************************************************************

Job ID: 10899116
Cluster: finisterrae3
User/Group: curso341/ulc
State: COMPLETED (exit code 0)
Nodes: 5
Cores per node: 64
CPU Utilized: 00:12:59
CPU Efficiency: 2.54% of 08:32:00 core-walltime
Job Wall-clock time: 00:01:36
Memory Utilized: 14.55 GB
Memory Efficiency: 1.34% of 1.06 TB

 +++++++++++++++++++++++++++++++++++++++++++++++++++++++++++++++++++++++++++
 ++   Memory Efficiency is too small. Please review the requested memory. ++
 ++ It seems that you do not need that much memory so we recommend        ++
 ++ requesting less memory in other similar jobs.                         ++
 +++++++++++++++++++++++++++++++++++++++++++++++++++++++++++++++++++++++++++
 
*****************************************************************************


*****************************************************************************
*                                                                           *
*                    JOB EFFICIENCY REPORT (seff 10899116)                   *
*                                                                           *
*****************************************************************************

Job ID: 10899116
Cluster: finisterrae3
User/Group: curso341/ulc
State: COMPLETED (exit code 0)
Nodes: 5
Cores per node: 64
CPU Utilized: 00:12:59
CPU Efficiency: 2.54% of 08:32:00 core-walltime
Job Wall-clock time: 00:01:36
Memory Utilized: 14.55 GB
Memory Efficiency: 1.34% of 1.06 TB

 +++++++++++++++++++++++++++++++++++++++++++++++++++++++++++++++++++++++++++
 ++   Memory Efficiency is too small. Please review the requested memory. ++
 ++ It seems that you do not need that much memory so we recommend        ++
 ++ requesting less memory in other similar jobs.                         ++
 +++++++++++++++++++++++++++++++++++++++++++++++++++++++++++++++++++++++++++
 
*****************************************************************************


*****************************************************************************
*                                                                           *
*                    JOB EFFICIENCY REPORT (seff 10899116)                   *
*                                                                           *
*****************************************************************************

Job ID: 10899116
Cluster: finisterrae3
User/Group: curso341/ulc
State: COMPLETED (exit code 0)
Nodes: 5
Cores per node: 64
CPU Utilized: 00:34:03
CPU Efficiency: 6.65% of 08:32:00 core-walltime
Job Wall-clock time: 00:01:36
Memory Utilized: 14.55 GB
Memory Efficiency: 1.34% of 1.06 TB

 +++++++++++++++++++++++++++++++++++++++++++++++++++++++++++++++++++++++++++
 ++   Memory Efficiency is too small. Please review the requested memory. ++
 ++ It seems that you do not need that much memory so we recommend        ++
 ++ requesting less memory in other similar jobs.                         ++
 +++++++++++++++++++++++++++++++++++++++++++++++++++++++++++++++++++++++++++
 
*****************************************************************************


*****************************************************************************
*                                                                           *
*                    JOB EFFICIENCY REPORT (seff 10899116)                   *
*                                                                           *
*****************************************************************************

Job ID: 10899116
Cluster: finisterrae3
User/Group: curso341/ulc
State: COMPLETED (exit code 0)
Nodes: 5
Cores per node: 64
CPU Utilized: 00:34:03
CPU Efficiency: 6.65% of 08:32:00 core-walltime
Job Wall-clock time: 00:01:36
Memory Utilized: 14.55 GB
Memory Efficiency: 1.34% of 1.06 TB

 +++++++++++++++++++++++++++++++++++++++++++++++++++++++++++++++++++++++++++
 ++   Memory Efficiency is too small. Please review the requested memory. ++
 ++ It seems that you do not need that much memory so we recommend        ++
 ++ requesting less memory in other similar jobs.                         ++
 +++++++++++++++++++++++++++++++++++++++++++++++++++++++++++++++++++++++++++
 
*****************************************************************************

