slurmstepd: info: Setting TMPDIR to /scratch/10781213. Previous errors about TMPDIR can be discarded
Slurm job started at 26/02/2025_12:46:03 PM

In transit.
Initing Ray (1 head node + 4 worker nodes + 4 simulation nodes) on nodes: 
	ilk-97 ilk-98 ilk-99 ilk-101 ilk-104 ilk-106 ilk-107 ilk-108 ilk-110
Head node: 172.30.203.1:6379


RAY_DEPLOY_TIME:     24.39251
2025-02-26 12:46:32,300	INFO packaging.py:520 -- Creating a file package for local directory '/mnt/lustre/scratch/nlsas/home/ulc/cursos/curso341/dask_on_reisa_tests/E2/REISA_ONE_ACTOR/derivative/P8-SN4-LS536-GS4294-I12-AN4-D2025-02-26_11-03-05'.
RAY_INIT_TIME:       3.30345
Iter [0]
2025-02-26 12:46:32,759	INFO packaging.py:347 -- Pushing file package 'gcs://_ray_pkg_c4525c6c57660b8d.zip' (0.48MiB) to Ray cluster...
2025-02-26 12:46:32,766	INFO packaging.py:360 -- Successfully pushed file package 'gcs://_ray_pkg_c4525c6c57660b8d.zip'.
Iter [1]
Iter [2]
Iter [3]
Iter [4]
Iter [5]
Iter [6]
Iter [7]
Iter [8]
Iter [9]
Iter [10]
Iter [11]
EST_ANALYTICS_TIME:  63.29852 (avg:5.27488)
GLOBAL_PUT_TIME:     8.449509859085083 (avg:0.70413)
ACTOR_CONCURRENCY:   8
SIMULATION_TIME:     67.099434544000005 (avg: 5.591619545333334)
SIM_WTHOUT_PDI:      56.698157839000004 (avg: 4.724846486583334)
PDI_DELAY:           10.401276705000001 (avg: 0.866773058750000)

GLOBAL_SIZE_(GiB):   4194304
LOCAL_SIZE_(MiB):    512
ITERATIONS:          12

MPI_PER_NODE:        2
MPI_PARALLELISM:     8

WORKER_NODES:        4
CPUS_PER_WORKER:     30
WORKER_PARALLELISM:  120


SLURM_JOB_ID:        10781213

Slurm job finished at 26/02/2025_12:47:41 PM

*****************************************************************************
*                                                                           *
*                    JOB EFFICIENCY REPORT (seff 10781213)                   *
*                                                                           *
*****************************************************************************

Job ID: 10781213
Cluster: finisterrae3
User/Group: curso341/ulc
State: COMPLETED (exit code 0)
Nodes: 9
Cores per node: 40
CPU Utilized: 00:09:08
CPU Efficiency: 1.51% of 10:06:00 core-walltime
Job Wall-clock time: 00:01:41
Memory Utilized: 9.90 GB (estimated maximum)
Memory Efficiency: 0.69% of 1.41 TB (4.00 GB/core)

 +++++++++++++++++++++++++++++++++++++++++++++++++++++++++++++++++++++++++++
 ++   Memory Efficiency is too small. Please review the requested memory. ++
 ++ It seems that you do not need that much memory so we recommend        ++
 ++ requesting less memory in other similar jobs.                         ++
 +++++++++++++++++++++++++++++++++++++++++++++++++++++++++++++++++++++++++++
 
*****************************************************************************


*****************************************************************************
*                                                                           *
*                    JOB EFFICIENCY REPORT (seff 10781213)                   *
*                                                                           *
*****************************************************************************

Job ID: 10781213
Cluster: finisterrae3
User/Group: curso341/ulc
State: COMPLETED (exit code 0)
Nodes: 9
Cores per node: 40
CPU Utilized: 00:09:08
CPU Efficiency: 1.51% of 10:06:00 core-walltime
Job Wall-clock time: 00:01:41
Memory Utilized: 9.90 GB (estimated maximum)
Memory Efficiency: 0.69% of 1.41 TB (4.00 GB/core)

 +++++++++++++++++++++++++++++++++++++++++++++++++++++++++++++++++++++++++++
 ++   Memory Efficiency is too small. Please review the requested memory. ++
 ++ It seems that you do not need that much memory so we recommend        ++
 ++ requesting less memory in other similar jobs.                         ++
 +++++++++++++++++++++++++++++++++++++++++++++++++++++++++++++++++++++++++++
 
*****************************************************************************





*****************************************************************************
*****************************************************************************
*****************************************************************************
*****************************************************************************
*                                                                           *
*                                                                           *
*                                                                           *
*                                                                           *
*                    JOB EFFICIENCY REPORT (seff 10781213)                   *
*                    JOB EFFICIENCY REPORT (seff 10781213)                   *
*                    JOB EFFICIENCY REPORT (seff 10781213)                   *
*                    JOB EFFICIENCY REPORT (seff 10781213)                   *
*                                                                           *
*                                                                           *
*                                                                           *
*                                                                           *
*****************************************************************************
*****************************************************************************
*****************************************************************************
*****************************************************************************




Job ID: 10781213
Job ID: 10781213
Job ID: 10781213
Job ID: 10781213
Cluster: finisterrae3
Cluster: finisterrae3
Cluster: finisterrae3
Cluster: finisterrae3
User/Group: curso341/ulc
User/Group: curso341/ulc
User/Group: curso341/ulc
User/Group: curso341/ulc
State: COMPLETED (exit code 0)
State: COMPLETED (exit code 0)
State: COMPLETED (exit code 0)
State: COMPLETED (exit code 0)
Nodes: 9
Nodes: 9
Nodes: 9
Nodes: 9
Cores per node: 40
Cores per node: 40
Cores per node: 40
Cores per node: 40
CPU Utilized: 00:11:02
CPU Utilized: 00:11:02
CPU Utilized: 00:11:02
CPU Utilized: 00:11:02
CPU Efficiency: 1.82% of 10:06:00 core-walltime
CPU Efficiency: 1.82% of 10:06:00 core-walltime
CPU Efficiency: 1.82% of 10:06:00 core-walltime
CPU Efficiency: 1.82% of 10:06:00 core-walltime
Job Wall-clock time: 00:01:41
Job Wall-clock time: 00:01:41
Job Wall-clock time: 00:01:41
Job Wall-clock time: 00:01:41
Memory Utilized: 9.90 GB (estimated maximum)
Memory Utilized: 9.90 GB (estimated maximum)
Memory Utilized: 9.90 GB (estimated maximum)
Memory Utilized: 9.90 GB (estimated maximum)
Memory Efficiency: 0.69% of 1.41 TB (4.00 GB/core)
Memory Efficiency: 0.69% of 1.41 TB (4.00 GB/core)
Memory Efficiency: 0.69% of 1.41 TB (4.00 GB/core)
Memory Efficiency: 0.69% of 1.41 TB (4.00 GB/core)




 +++++++++++++++++++++++++++++++++++++++++++++++++++++++++++++++++++++++++++
 +++++++++++++++++++++++++++++++++++++++++++++++++++++++++++++++++++++++++++
 +++++++++++++++++++++++++++++++++++++++++++++++++++++++++++++++++++++++++++
 +++++++++++++++++++++++++++++++++++++++++++++++++++++++++++++++++++++++++++
 ++   Memory Efficiency is too small. Please review the requested memory. ++
 ++   Memory Efficiency is too small. Please review the requested memory. ++
 ++   Memory Efficiency is too small. Please review the requested memory. ++
 ++   Memory Efficiency is too small. Please review the requested memory. ++
 ++ It seems that you do not need that much memory so we recommend        ++
 ++ It seems that you do not need that much memory so we recommend        ++
 ++ It seems that you do not need that much memory so we recommend        ++
 ++ It seems that you do not need that much memory so we recommend        ++
 ++ requesting less memory in other similar jobs.                         ++
 ++ requesting less memory in other similar jobs.                         ++
 ++ requesting less memory in other similar jobs.                         ++
 ++ requesting less memory in other similar jobs.                         ++
 +++++++++++++++++++++++++++++++++++++++++++++++++++++++++++++++++++++++++++
 +++++++++++++++++++++++++++++++++++++++++++++++++++++++++++++++++++++++++++
 +++++++++++++++++++++++++++++++++++++++++++++++++++++++++++++++++++++++++++
 +++++++++++++++++++++++++++++++++++++++++++++++++++++++++++++++++++++++++++
 
 
 
 
*****************************************************************************
*****************************************************************************
*****************************************************************************
*****************************************************************************





*****************************************************************************
*                                                                           *
*                    JOB EFFICIENCY REPORT (seff 10781213)                   *
*                                                                           *
*****************************************************************************

Job ID: 10781213
Cluster: finisterrae3
User/Group: curso341/ulc
State: COMPLETED (exit code 0)
Nodes: 9
Cores per node: 40
CPU Utilized: 00:11:17
CPU Efficiency: 1.86% of 10:06:00 core-walltime
Job Wall-clock time: 00:01:41
Memory Utilized: 9.90 GB (estimated maximum)
Memory Efficiency: 0.69% of 1.41 TB (4.00 GB/core)

 +++++++++++++++++++++++++++++++++++++++++++++++++++++++++++++++++++++++++++
 ++   Memory Efficiency is too small. Please review the requested memory. ++
 ++ It seems that you do not need that much memory so we recommend        ++
 ++ requesting less memory in other similar jobs.                         ++
 +++++++++++++++++++++++++++++++++++++++++++++++++++++++++++++++++++++++++++
 
*****************************************************************************


*****************************************************************************
*                                                                           *
*                    JOB EFFICIENCY REPORT (seff 10781213)                   *
*                                                                           *
*****************************************************************************

Job ID: 10781213
Cluster: finisterrae3
User/Group: curso341/ulc
State: COMPLETED (exit code 0)
Nodes: 9
Cores per node: 40
CPU Utilized: 00:17:30
CPU Efficiency: 2.89% of 10:06:00 core-walltime
Job Wall-clock time: 00:01:41
Memory Utilized: 26.34 GB
Memory Efficiency: 1.83% of 1.41 TB

 +++++++++++++++++++++++++++++++++++++++++++++++++++++++++++++++++++++++++++
 ++   Memory Efficiency is too small. Please review the requested memory. ++
 ++ It seems that you do not need that much memory so we recommend        ++
 ++ requesting less memory in other similar jobs.                         ++
 +++++++++++++++++++++++++++++++++++++++++++++++++++++++++++++++++++++++++++
 
*****************************************************************************


*****************************************************************************
*                                                                           *
*                    JOB EFFICIENCY REPORT (seff 10781213)                   *
*                                                                           *
*****************************************************************************

Job ID: 10781213
Cluster: finisterrae3
User/Group: curso341/ulc
State: COMPLETED (exit code 0)
Nodes: 9
Cores per node: 40
CPU Utilized: 00:17:30
CPU Efficiency: 2.89% of 10:06:00 core-walltime
Job Wall-clock time: 00:01:41
Memory Utilized: 26.34 GB
Memory Efficiency: 1.83% of 1.41 TB

 +++++++++++++++++++++++++++++++++++++++++++++++++++++++++++++++++++++++++++
 ++   Memory Efficiency is too small. Please review the requested memory. ++
 ++ It seems that you do not need that much memory so we recommend        ++
 ++ requesting less memory in other similar jobs.                         ++
 +++++++++++++++++++++++++++++++++++++++++++++++++++++++++++++++++++++++++++
 
*****************************************************************************

