slurmstepd: info: Setting TMPDIR to /scratch/10927279. Previous errors about TMPDIR can be discarded
Slurm job started at 10/03/2025_08:46:22 AM

In transit.
Initing Ray (1 head node + 2 worker nodes + 2 simulation nodes) on nodes: 
	ilk-145 ilk-146 ilk-147 ilk-148 ilk-149
Head node: 172.30.204.1:6379


RAY_DEPLOY_TIME:     24.66409
2025-03-10 08:46:49,620	INFO packaging.py:520 -- Creating a file package for local directory '/mnt/lustre/scratch/nlsas/home/ulc/cursos/curso341/dask_on_reisa_tests/E4/DASK_ON_REISA/derivative/P4-SN2-LS268-GS1073-I10-AN2-D2025-03-10_08-46-10'.
2025-03-10 08:46:49,645	INFO packaging.py:347 -- Pushing file package 'gcs://_ray_pkg_57e8a9ff0f5d45e4.zip' (0.48MiB) to Ray cluster...
2025-03-10 08:46:49,651	INFO packaging.py:360 -- Successfully pushed file package 'gcs://_ray_pkg_57e8a9ff0f5d45e4.zip'.
RAY_INIT_TIME:       4.43041
Iter [0]
Iter [1]
Iter [2]
[2m[36m(iter_task pid=2372890, ip=10.120.204.3)[0m /home/ulc/cursos/curso341/.local/lib/python3.9/site-packages/dask/config.py:693: UserWarning: Configuration key "shuffle" has been deprecated. Please use "dataframe.shuffle.algorithm" instead
[2m[36m(iter_task pid=2372890, ip=10.120.204.3)[0m   warnings.warn(
[2m[36m(iter_task pid=2372892, ip=10.120.204.3)[0m /home/ulc/cursos/curso341/.local/lib/python3.9/site-packages/dask/config.py:693: UserWarning: Configuration key "shuffle" has been deprecated. Please use "dataframe.shuffle.algorithm" instead
[2m[36m(iter_task pid=2372892, ip=10.120.204.3)[0m   warnings.warn(
[2m[36m(iter_task pid=2372889, ip=10.120.204.3)[0m /home/ulc/cursos/curso341/.local/lib/python3.9/site-packages/dask/config.py:693: UserWarning: Configuration key "shuffle" has been deprecated. Please use "dataframe.shuffle.algorithm" instead
[2m[36m(iter_task pid=2372889, ip=10.120.204.3)[0m   warnings.warn(
[2m[36m(iter_task pid=2372888, ip=10.120.204.3)[0m /home/ulc/cursos/curso341/.local/lib/python3.9/site-packages/dask/config.py:693: UserWarning: Configuration key "shuffle" has been deprecated. Please use "dataframe.shuffle.algorithm" instead
[2m[36m(iter_task pid=2372888, ip=10.120.204.3)[0m   warnings.warn(
[2m[36m(iter_task pid=2372887, ip=10.120.204.3)[0m /home/ulc/cursos/curso341/.local/lib/python3.9/site-packages/dask/config.py:693: UserWarning: Configuration key "shuffle" has been deprecated. Please use "dataframe.shuffle.algorithm" instead
[2m[36m(iter_task pid=2372887, ip=10.120.204.3)[0m   warnings.warn(
[2m[36m(iter_task pid=2372891, ip=10.120.204.3)[0m /home/ulc/cursos/curso341/.local/lib/python3.9/site-packages/dask/config.py:693: UserWarning: Configuration key "shuffle" has been deprecated. Please use "dataframe.shuffle.algorithm" instead
[2m[36m(iter_task pid=2372891, ip=10.120.204.3)[0m   warnings.warn(
Iter [3]
Iter [4]
Iter [5]
Iter [6]
Iter [7]
Iter [8]
Iter [9]
GLOBAL_PUT_TIME:     4.297935962677002 (avg:0.42979)
ACTOR_CONCURRENCY:   8
SIMULATION_TIME:     36.268547076000004 (avg: 3.626854707600001)
SIM_WTHOUT_PDI:      26.020497622000004 (avg: 2.602049762200001)
PDI_DELAY:           10.248049454000000 (avg: 1.024804945400000)

GLOBAL_SIZE_(GiB):   1048576
LOCAL_SIZE_(MiB):    256
ITERATIONS:          10

MPI_PER_NODE:        2
MPI_PARALLELISM:     4

WORKER_NODES:        2
CPUS_PER_WORKER:     64
WORKER_PARALLELISM:  128


SLURM_JOB_ID:        10927279
EST_ANALYTICS_TIME:  63.67383 (avg:6.36738)

Slurm job finished at 10/03/2025_08:47:58 AM

*****************************************************************************
*                                                                           *
*                    JOB EFFICIENCY REPORT (seff 10927279)                   *
*                                                                           *
*****************************************************************************

Job ID: 10927279
Cluster: finisterrae3
User/Group: curso341/ulc
State: COMPLETED (exit code 0)
Nodes: 5
Cores per node: 64
CPU Utilized: 00:10:08
CPU Efficiency: 1.94% of 08:42:40 core-walltime
Job Wall-clock time: 00:01:38
Memory Utilized: 8.24 GB
Memory Efficiency: 0.76% of 1.06 TB

 +++++++++++++++++++++++++++++++++++++++++++++++++++++++++++++++++++++++++++
 ++   Memory Efficiency is too small. Please review the requested memory. ++
 ++ It seems that you do not need that much memory so we recommend        ++
 ++ requesting less memory in other similar jobs.                         ++
 +++++++++++++++++++++++++++++++++++++++++++++++++++++++++++++++++++++++++++
 
*****************************************************************************


*****************************************************************************
*                                                                           *
*                    JOB EFFICIENCY REPORT (seff 10927279)                   *
*                                                                           *
*****************************************************************************

Job ID: 10927279
Cluster: finisterrae3
User/Group: curso341/ulc
State: COMPLETED (exit code 0)
Nodes: 5
Cores per node: 64
CPU Utilized: 00:13:25
CPU Efficiency: 2.57% of 08:42:40 core-walltime
Job Wall-clock time: 00:01:38
Memory Utilized: 8.24 GB
Memory Efficiency: 0.76% of 1.06 TB

 +++++++++++++++++++++++++++++++++++++++++++++++++++++++++++++++++++++++++++
 ++   Memory Efficiency is too small. Please review the requested memory. ++
 ++ It seems that you do not need that much memory so we recommend        ++
 ++ requesting less memory in other similar jobs.                         ++
 +++++++++++++++++++++++++++++++++++++++++++++++++++++++++++++++++++++++++++
 
*****************************************************************************


*****************************************************************************
*                                                                           *
*                    JOB EFFICIENCY REPORT (seff 10927279)                   *
*                                                                           *
*****************************************************************************

Job ID: 10927279
Cluster: finisterrae3
User/Group: curso341/ulc
State: COMPLETED (exit code 0)
Nodes: 5
Cores per node: 64
CPU Utilized: 00:13:25
CPU Efficiency: 2.57% of 08:42:40 core-walltime
Job Wall-clock time: 00:01:38
Memory Utilized: 8.24 GB
Memory Efficiency: 0.76% of 1.06 TB

 +++++++++++++++++++++++++++++++++++++++++++++++++++++++++++++++++++++++++++
 ++   Memory Efficiency is too small. Please review the requested memory. ++
 ++ It seems that you do not need that much memory so we recommend        ++
 ++ requesting less memory in other similar jobs.                         ++
 +++++++++++++++++++++++++++++++++++++++++++++++++++++++++++++++++++++++++++
 
*****************************************************************************


*****************************************************************************
*                                                                           *
*                    JOB EFFICIENCY REPORT (seff 10927279)                   *
*                                                                           *
*****************************************************************************

Job ID: 10927279
Cluster: finisterrae3
User/Group: curso341/ulc
State: COMPLETED (exit code 0)
Nodes: 5
Cores per node: 64
CPU Utilized: 00:36:22
CPU Efficiency: 6.96% of 08:42:40 core-walltime
Job Wall-clock time: 00:01:38
Memory Utilized: 11.42 GB
Memory Efficiency: 1.05% of 1.06 TB

 +++++++++++++++++++++++++++++++++++++++++++++++++++++++++++++++++++++++++++
 ++   Memory Efficiency is too small. Please review the requested memory. ++
 ++ It seems that you do not need that much memory so we recommend        ++
 ++ requesting less memory in other similar jobs.                         ++
 +++++++++++++++++++++++++++++++++++++++++++++++++++++++++++++++++++++++++++
 
*****************************************************************************


*****************************************************************************
*                                                                           *
*                    JOB EFFICIENCY REPORT (seff 10927279)                   *
*                                                                           *
*****************************************************************************

Job ID: 10927279
Cluster: finisterrae3
User/Group: curso341/ulc
State: COMPLETED (exit code 0)
Nodes: 5
Cores per node: 64
CPU Utilized: 00:36:22
CPU Efficiency: 6.96% of 08:42:40 core-walltime
Job Wall-clock time: 00:01:38
Memory Utilized: 11.42 GB
Memory Efficiency: 1.05% of 1.06 TB

 +++++++++++++++++++++++++++++++++++++++++++++++++++++++++++++++++++++++++++
 ++   Memory Efficiency is too small. Please review the requested memory. ++
 ++ It seems that you do not need that much memory so we recommend        ++
 ++ requesting less memory in other similar jobs.                         ++
 +++++++++++++++++++++++++++++++++++++++++++++++++++++++++++++++++++++++++++
 
*****************************************************************************

