slurmstepd: info: Setting TMPDIR to /scratch/10772544. Previous errors about TMPDIR can be discarded
Slurm job started at 26/02/2025_12:11:01 AM

In transit.
Initing Ray (1 head node + 4 worker nodes + 4 simulation nodes) on nodes: 
	ilk-89 ilk-91 ilk-177 ilk-178 ilk-179 ilk-183 ilk-185 ilk-188 ilk-234
Head node: 172.30.202.41:6379


RAY_DEPLOY_TIME:     22.56202
2025-02-26 00:11:28,530	INFO packaging.py:520 -- Creating a file package for local directory '/mnt/lustre/scratch/nlsas/home/ulc/cursos/curso341/dask_on_reisa_tests/E1/DASK_ON_REISA_ONE_ACTOR/reduction/P8-SN4-LS536-GS4294-I25-AN4-D2025-02-25_20-32-42'.
2025-02-26 00:11:28,557	INFO packaging.py:347 -- Pushing file package 'gcs://_ray_pkg_14689c39b62b089f.zip' (0.48MiB) to Ray cluster...
2025-02-26 00:11:28,564	INFO packaging.py:360 -- Successfully pushed file package 'gcs://_ray_pkg_14689c39b62b089f.zip'.
RAY_INIT_TIME:       6.27397
Iter [0]
Iter [2]
Iter [4]
Iter [6]
Iter [8]
Iter [10]
Iter [12]
Iter [14]
Iter [16]
Iter [18]
Iter [20]
Iter [22]
Iter [24]
GLOBAL_PUT_TIME:     16.875733137130737 (avg:0.67503)
ACTOR_CONCURRENCY:   8
SIMULATION_TIME:     399.462399168999980 (avg: 15.978495966759999)
SIM_WTHOUT_PDI:      143.677996760000013 (avg: 5.747119870400001)
PDI_DELAY:           255.784402408999966 (avg: 10.231376096359998)

GLOBAL_SIZE_(GiB):   4194304
LOCAL_SIZE_(MiB):    512
ITERATIONS:          25

MPI_PER_NODE:        2
MPI_PARALLELISM:     8

WORKER_NODES:        4
CPUS_PER_WORKER:     30
WORKER_PARALLELISM:  120


SLURM_JOB_ID:        10772544
slurmstepd: error: *** STEP 10772544.10 ON ilk-91 CANCELLED AT 2025-02-26T00:31:28 DUE TO TIME LIMIT ***
slurmstepd: error: *** JOB 10772544 ON ilk-89 CANCELLED AT 2025-02-26T00:31:28 DUE TO TIME LIMIT ***
