slurmstepd: info: Setting TMPDIR to /scratch/10781230. Previous errors about TMPDIR can be discarded
Slurm job started at 26/02/2025_12:46:03 PM

In transit.
Initing Ray (1 head node + 4 worker nodes + 4 simulation nodes) on nodes: 
	ilk-112 ilk-113 ilk-114 ilk-115 ilk-117 ilk-118 ilk-120 ilk-122 ilk-148
Head node: 172.30.203.16:6379


RAY_DEPLOY_TIME:     22.53069
2025-02-26 12:46:28,668	INFO packaging.py:520 -- Creating a file package for local directory '/mnt/lustre/scratch/nlsas/home/ulc/cursos/curso341/dask_on_reisa_tests/E2/REISA_ONE_ACTOR/reduction/P8-SN4-LS268-GS2147-I25-AN4-D2025-02-26_11-03-41'.
2025-02-26 12:46:28,694	INFO packaging.py:347 -- Pushing file package 'gcs://_ray_pkg_ade746f0f20824fb.zip' (0.48MiB) to Ray cluster...
2025-02-26 12:46:28,700	INFO packaging.py:360 -- Successfully pushed file package 'gcs://_ray_pkg_ade746f0f20824fb.zip'.
RAY_INIT_TIME:       2.55200
Iter [0]
Iter [2]
Iter [4]
Iter [6]
Iter [8]
Iter [10]
Iter [12]
Iter [14]
Iter [16]
Iter [18]
Iter [20]
Iter [22]
Iter [24]
EST_ANALYTICS_TIME:  76.08490 (avg:3.04340)
GLOBAL_PUT_TIME:     9.863555908203125 (avg:0.39454)
ACTOR_CONCURRENCY:   8
SIMULATION_TIME:     78.712787349999999 (avg: 3.148511494000000)
SIM_WTHOUT_PDI:      63.196046306000000 (avg: 2.527841852240000)
PDI_DELAY:           15.516741044000000 (avg: 0.620669641760000)

GLOBAL_SIZE_(GiB):   2097152
LOCAL_SIZE_(MiB):    256
ITERATIONS:          25

MPI_PER_NODE:        2
MPI_PARALLELISM:     8

WORKER_NODES:        4
CPUS_PER_WORKER:     30
WORKER_PARALLELISM:  120


SLURM_JOB_ID:        10781230

Slurm job finished at 26/02/2025_12:47:49 PM

*****************************************************************************
*                                                                           *
*                    JOB EFFICIENCY REPORT (seff 10781230)                   *
*                                                                           *
*****************************************************************************

Job ID: 10781230
Cluster: finisterrae3
User/Group: curso341/ulc
State: COMPLETED (exit code 0)
Nodes: 9
Cores per node: 40
CPU Utilized: 00:10:53
CPU Efficiency: 1.66% of 10:54:00 core-walltime
Job Wall-clock time: 00:01:49
Memory Utilized: 2.78 GB
Memory Efficiency: 0.19% of 1.41 TB

 +++++++++++++++++++++++++++++++++++++++++++++++++++++++++++++++++++++++++++
 ++   Memory Efficiency is too small. Please review the requested memory. ++
 ++ It seems that you do not need that much memory so we recommend        ++
 ++ requesting less memory in other similar jobs.                         ++
 +++++++++++++++++++++++++++++++++++++++++++++++++++++++++++++++++++++++++++
 
*****************************************************************************


*****************************************************************************
*                                                                           *
*                    JOB EFFICIENCY REPORT (seff 10781230)                   *
*                                                                           *
*****************************************************************************

Job ID: 10781230
Cluster: finisterrae3
User/Group: curso341/ulc
State: COMPLETED (exit code 0)
Nodes: 9
Cores per node: 40
CPU Utilized: 00:10:53
CPU Efficiency: 1.66% of 10:54:00 core-walltime
Job Wall-clock time: 00:01:49
Memory Utilized: 2.78 GB
Memory Efficiency: 0.19% of 1.41 TB

 +++++++++++++++++++++++++++++++++++++++++++++++++++++++++++++++++++++++++++
 ++   Memory Efficiency is too small. Please review the requested memory. ++
 ++ It seems that you do not need that much memory so we recommend        ++
 ++ requesting less memory in other similar jobs.                         ++
 +++++++++++++++++++++++++++++++++++++++++++++++++++++++++++++++++++++++++++
 
*****************************************************************************


*****************************************************************************
*                                                                           *
*                    JOB EFFICIENCY REPORT (seff 10781230)                   *
*                                                                           *
*****************************************************************************

Job ID: 10781230
Cluster: finisterrae3
User/Group: curso341/ulc
State: COMPLETED (exit code 0)
Nodes: 9
Cores per node: 40
CPU Utilized: 00:10:53
CPU Efficiency: 1.66% of 10:54:00 core-walltime
Job Wall-clock time: 00:01:49
Memory Utilized: 2.78 GB
Memory Efficiency: 0.19% of 1.41 TB

 +++++++++++++++++++++++++++++++++++++++++++++++++++++++++++++++++++++++++++
 ++   Memory Efficiency is too small. Please review the requested memory. ++
 ++ It seems that you do not need that much memory so we recommend        ++
 ++ requesting less memory in other similar jobs.                         ++
 +++++++++++++++++++++++++++++++++++++++++++++++++++++++++++++++++++++++++++
 
*****************************************************************************






*****************************************************************************
*****************************************************************************
*****************************************************************************
*****************************************************************************
*****************************************************************************
*                                                                           *
*                                                                           *
*                                                                           *
*                                                                           *
*                                                                           *
*                    JOB EFFICIENCY REPORT (seff 10781230)                   *
*                    JOB EFFICIENCY REPORT (seff 10781230)                   *
*                    JOB EFFICIENCY REPORT (seff 10781230)                   *
*                    JOB EFFICIENCY REPORT (seff 10781230)                   *
*                    JOB EFFICIENCY REPORT (seff 10781230)                   *
*                                                                           *
*                                                                           *
*                                                                           *
*                                                                           *
*                                                                           *
*****************************************************************************
*****************************************************************************
*****************************************************************************
*****************************************************************************
*****************************************************************************





Job ID: 10781230
Job ID: 10781230
Job ID: 10781230
Job ID: 10781230
Job ID: 10781230
Cluster: finisterrae3
Cluster: finisterrae3
Cluster: finisterrae3
Cluster: finisterrae3
Cluster: finisterrae3
User/Group: curso341/ulc
User/Group: curso341/ulc
User/Group: curso341/ulc
User/Group: curso341/ulc
User/Group: curso341/ulc
State: COMPLETED (exit code 0)
State: COMPLETED (exit code 0)
State: COMPLETED (exit code 0)
State: COMPLETED (exit code 0)
State: COMPLETED (exit code 0)
Nodes: 9
Nodes: 9
Nodes: 9
Nodes: 9
Nodes: 9
Cores per node: 40
Cores per node: 40
Cores per node: 40
Cores per node: 40
Cores per node: 40
CPU Utilized: 00:11:06
CPU Utilized: 00:13:02
CPU Utilized: 00:13:02
CPU Utilized: 00:13:02
CPU Utilized: 00:13:02
CPU Efficiency: 1.70% of 10:54:00 core-walltime
CPU Efficiency: 1.99% of 10:54:00 core-walltime
CPU Efficiency: 1.99% of 10:54:00 core-walltime
CPU Efficiency: 1.99% of 10:54:00 core-walltime
CPU Efficiency: 1.99% of 10:54:00 core-walltime
Job Wall-clock time: 00:01:49
Job Wall-clock time: 00:01:49
Job Wall-clock time: 00:01:49
Job Wall-clock time: 00:01:49
Job Wall-clock time: 00:01:49
Memory Utilized: 2.78 GB
Memory Utilized: 2.78 GB
Memory Utilized: 2.78 GB
Memory Utilized: 2.78 GB
Memory Utilized: 2.78 GB
Memory Efficiency: 0.19% of 1.41 TB
Memory Efficiency: 0.19% of 1.41 TB
Memory Efficiency: 0.19% of 1.41 TB
Memory Efficiency: 0.19% of 1.41 TB
Memory Efficiency: 0.19% of 1.41 TB





 +++++++++++++++++++++++++++++++++++++++++++++++++++++++++++++++++++++++++++
 +++++++++++++++++++++++++++++++++++++++++++++++++++++++++++++++++++++++++++
 +++++++++++++++++++++++++++++++++++++++++++++++++++++++++++++++++++++++++++
 +++++++++++++++++++++++++++++++++++++++++++++++++++++++++++++++++++++++++++
 +++++++++++++++++++++++++++++++++++++++++++++++++++++++++++++++++++++++++++
 ++   Memory Efficiency is too small. Please review the requested memory. ++
 ++   Memory Efficiency is too small. Please review the requested memory. ++
 ++   Memory Efficiency is too small. Please review the requested memory. ++
 ++   Memory Efficiency is too small. Please review the requested memory. ++
 ++   Memory Efficiency is too small. Please review the requested memory. ++
 ++ It seems that you do not need that much memory so we recommend        ++
 ++ It seems that you do not need that much memory so we recommend        ++
 ++ It seems that you do not need that much memory so we recommend        ++
 ++ It seems that you do not need that much memory so we recommend        ++
 ++ It seems that you do not need that much memory so we recommend        ++
 ++ requesting less memory in other similar jobs.                         ++
 ++ requesting less memory in other similar jobs.                         ++
 ++ requesting less memory in other similar jobs.                         ++
 ++ requesting less memory in other similar jobs.                         ++
 ++ requesting less memory in other similar jobs.                         ++
 +++++++++++++++++++++++++++++++++++++++++++++++++++++++++++++++++++++++++++
 +++++++++++++++++++++++++++++++++++++++++++++++++++++++++++++++++++++++++++
 +++++++++++++++++++++++++++++++++++++++++++++++++++++++++++++++++++++++++++
 +++++++++++++++++++++++++++++++++++++++++++++++++++++++++++++++++++++++++++
 +++++++++++++++++++++++++++++++++++++++++++++++++++++++++++++++++++++++++++
 
 
 
 
 
*****************************************************************************
*****************************************************************************
*****************************************************************************
*****************************************************************************
*****************************************************************************






*****************************************************************************
*                                                                           *
*                    JOB EFFICIENCY REPORT (seff 10781230)                   *
*                                                                           *
*****************************************************************************

Job ID: 10781230
Cluster: finisterrae3
User/Group: curso341/ulc
State: COMPLETED (exit code 0)
Nodes: 9
Cores per node: 40
CPU Utilized: 00:15:54
CPU Efficiency: 2.43% of 10:54:00 core-walltime
Job Wall-clock time: 00:01:49
Memory Utilized: 3.65 GB
Memory Efficiency: 0.25% of 1.41 TB

 +++++++++++++++++++++++++++++++++++++++++++++++++++++++++++++++++++++++++++
 ++   Memory Efficiency is too small. Please review the requested memory. ++
 ++ It seems that you do not need that much memory so we recommend        ++
 ++ requesting less memory in other similar jobs.                         ++
 +++++++++++++++++++++++++++++++++++++++++++++++++++++++++++++++++++++++++++
 
*****************************************************************************

