slurmstepd: info: Setting TMPDIR to /scratch/10925231. Previous errors about TMPDIR can be discarded
Slurm job started at 09/03/2025_07:15:42 PM

In transit.
Initing Ray (1 head node + 4 worker nodes + 4 simulation nodes) on nodes: 
	ilk-241 ilk-243 ilk-244 ilk-246 ilk-247 ilk-249 ilk-250 ilk-251 ilk-253
Head node: 172.30.211.14:6379


RAY_DEPLOY_TIME:     24.84697
2025-03-09 19:16:09,301	INFO packaging.py:520 -- Creating a file package for local directory '/mnt/lustre/scratch/nlsas/home/ulc/cursos/curso341/dask_on_reisa_tests/E4/REISA/reduction/P8-SN4-LS268-GS2147-I20-AN4-D2025-03-09_18-42-44'.
2025-03-09 19:16:09,328	INFO packaging.py:347 -- Pushing file package 'gcs://_ray_pkg_2e6fd04555af2dfd.zip' (0.48MiB) to Ray cluster...
2025-03-09 19:16:09,334	INFO packaging.py:360 -- Successfully pushed file package 'gcs://_ray_pkg_2e6fd04555af2dfd.zip'.
RAY_INIT_TIME:       2.82732
Iter [0]
Iter [2]
Iter [4]
Iter [6]
Iter [8]
Iter [10]
Iter [12]
Iter [14]
Iter [16]
Iter [18]
EST_ANALYTICS_TIME:  56.22289 (avg:2.81114)
GLOBAL_PUT_TIME:     8.467029809951782 (avg:0.42335)
ACTOR_CONCURRENCY:   8
SIMULATION_TIME:     58.677612140999997 (avg: 2.933880607050000)
SIM_WTHOUT_PDI:      46.960106851999988 (avg: 2.348005342600000)
PDI_DELAY:           11.717505289000009 (avg: 0.585875264450000)

GLOBAL_SIZE_(GiB):   2097152
LOCAL_SIZE_(MiB):    256
ITERATIONS:          20

MPI_PER_NODE:        2
MPI_PARALLELISM:     8

WORKER_NODES:        4
CPUS_PER_WORKER:     64
WORKER_PARALLELISM:  256


SLURM_JOB_ID:        10925231

Slurm job finished at 09/03/2025_07:17:10 PM

*****************************************************************************
*                                                                           *
*                    JOB EFFICIENCY REPORT (seff 10925231)                   *
*                                                                           *
*****************************************************************************

Job ID: 10925231
Cluster: finisterrae3
User/Group: curso341/ulc
State: COMPLETED (exit code 0)
Nodes: 9
Cores per node: 64
CPU Utilized: 00:08:05
CPU Efficiency: 0.94% of 14:24:00 core-walltime
Job Wall-clock time: 00:01:30
Memory Utilized: 7.90 GB (estimated maximum)
Memory Efficiency: 0.40% of 1.91 TB (3.39 GB/core)

 +++++++++++++++++++++++++++++++++++++++++++++++++++++++++++++++++++++++++++
 ++   Memory Efficiency is too small. Please review the requested memory. ++
 ++ It seems that you do not need that much memory so we recommend        ++
 ++ requesting less memory in other similar jobs.                         ++
 +++++++++++++++++++++++++++++++++++++++++++++++++++++++++++++++++++++++++++
 
*****************************************************************************


*****************************************************************************
*                                                                           *
*                    JOB EFFICIENCY REPORT (seff 10925231)                   *
*                                                                           *
*****************************************************************************

Job ID: 10925231
Cluster: finisterrae3
User/Group: curso341/ulc
State: COMPLETED (exit code 0)
Nodes: 9
Cores per node: 64
CPU Utilized: 00:08:05
CPU Efficiency: 0.94% of 14:24:00 core-walltime
Job Wall-clock time: 00:01:30
Memory Utilized: 7.90 GB (estimated maximum)
Memory Efficiency: 0.40% of 1.91 TB (3.39 GB/core)

 +++++++++++++++++++++++++++++++++++++++++++++++++++++++++++++++++++++++++++
 ++   Memory Efficiency is too small. Please review the requested memory. ++
 ++ It seems that you do not need that much memory so we recommend        ++
 ++ requesting less memory in other similar jobs.                         ++
 +++++++++++++++++++++++++++++++++++++++++++++++++++++++++++++++++++++++++++
 
*****************************************************************************


*****************************************************************************
*                                                                           *
*                    JOB EFFICIENCY REPORT (seff 10925231)                   *
*                                                                           *
*****************************************************************************

Job ID: 10925231
Cluster: finisterrae3
User/Group: curso341/ulc
State: COMPLETED (exit code 0)
Nodes: 9
Cores per node: 64
CPU Utilized: 00:08:05
CPU Efficiency: 0.94% of 14:24:00 core-walltime
Job Wall-clock time: 00:01:30
Memory Utilized: 7.90 GB (estimated maximum)
Memory Efficiency: 0.40% of 1.91 TB (3.39 GB/core)

 +++++++++++++++++++++++++++++++++++++++++++++++++++++++++++++++++++++++++++
 ++   Memory Efficiency is too small. Please review the requested memory. ++
 ++ It seems that you do not need that much memory so we recommend        ++
 ++ requesting less memory in other similar jobs.                         ++
 +++++++++++++++++++++++++++++++++++++++++++++++++++++++++++++++++++++++++++
 
*****************************************************************************


*****************************************************************************
*                                                                           *
*                    JOB EFFICIENCY REPORT (seff 10925231)                   *
*                                                                           *
*****************************************************************************

Job ID: 10925231
Cluster: finisterrae3
User/Group: curso341/ulc
State: COMPLETED (exit code 0)
Nodes: 9
Cores per node: 64
CPU Utilized: 00:12:11
CPU Efficiency: 1.41% of 14:24:00 core-walltime
Job Wall-clock time: 00:01:30
Memory Utilized: 7.90 GB (estimated maximum)
Memory Efficiency: 0.40% of 1.91 TB (3.39 GB/core)

 +++++++++++++++++++++++++++++++++++++++++++++++++++++++++++++++++++++++++++
 ++   Memory Efficiency is too small. Please review the requested memory. ++
 ++ It seems that you do not need that much memory so we recommend        ++
 ++ requesting less memory in other similar jobs.                         ++
 +++++++++++++++++++++++++++++++++++++++++++++++++++++++++++++++++++++++++++
 
*****************************************************************************


*****************************************************************************
*                                                                           *
*                    JOB EFFICIENCY REPORT (seff 10925231)                   *
*                                                                           *
*****************************************************************************

Job ID: 10925231
Cluster: finisterrae3
User/Group: curso341/ulc
State: COMPLETED (exit code 0)
Nodes: 9
Cores per node: 64
CPU Utilized: 00:12:11
CPU Efficiency: 1.41% of 14:24:00 core-walltime
Job Wall-clock time: 00:01:30
Memory Utilized: 7.90 GB (estimated maximum)
Memory Efficiency: 0.40% of 1.91 TB (3.39 GB/core)

 +++++++++++++++++++++++++++++++++++++++++++++++++++++++++++++++++++++++++++
 ++   Memory Efficiency is too small. Please review the requested memory. ++
 ++ It seems that you do not need that much memory so we recommend        ++
 ++ requesting less memory in other similar jobs.                         ++
 +++++++++++++++++++++++++++++++++++++++++++++++++++++++++++++++++++++++++++
 
*****************************************************************************


*****************************************************************************
*                                                                           *
*                    JOB EFFICIENCY REPORT (seff 10925231)                   *
*                                                                           *
*****************************************************************************

Job ID: 10925231
Cluster: finisterrae3
User/Group: curso341/ulc
State: COMPLETED (exit code 0)
Nodes: 9
Cores per node: 64
CPU Utilized: 00:12:11
CPU Efficiency: 1.41% of 14:24:00 core-walltime
Job Wall-clock time: 00:01:30
Memory Utilized: 7.90 GB (estimated maximum)
Memory Efficiency: 0.40% of 1.91 TB (3.39 GB/core)

 +++++++++++++++++++++++++++++++++++++++++++++++++++++++++++++++++++++++++++
 ++   Memory Efficiency is too small. Please review the requested memory. ++
 ++ It seems that you do not need that much memory so we recommend        ++
 ++ requesting less memory in other similar jobs.                         ++
 +++++++++++++++++++++++++++++++++++++++++++++++++++++++++++++++++++++++++++
 
*****************************************************************************


*****************************************************************************
*                                                                           *
*                    JOB EFFICIENCY REPORT (seff 10925231)                   *
*                                                                           *
*****************************************************************************

Job ID: 10925231
Cluster: finisterrae3
User/Group: curso341/ulc
State: COMPLETED (exit code 0)
Nodes: 9
Cores per node: 64
CPU Utilized: 00:12:11
CPU Efficiency: 1.41% of 14:24:00 core-walltime
Job Wall-clock time: 00:01:30
Memory Utilized: 7.90 GB (estimated maximum)
Memory Efficiency: 0.40% of 1.91 TB (3.39 GB/core)

 +++++++++++++++++++++++++++++++++++++++++++++++++++++++++++++++++++++++++++
 ++   Memory Efficiency is too small. Please review the requested memory. ++
 ++ It seems that you do not need that much memory so we recommend        ++
 ++ requesting less memory in other similar jobs.                         ++
 +++++++++++++++++++++++++++++++++++++++++++++++++++++++++++++++++++++++++++
 
*****************************************************************************


*****************************************************************************
*                                                                           *
*                    JOB EFFICIENCY REPORT (seff 10925231)                   *
*                                                                           *
*****************************************************************************

Job ID: 10925231
Cluster: finisterrae3
User/Group: curso341/ulc
State: COMPLETED (exit code 0)
Nodes: 9
Cores per node: 64
CPU Utilized: 00:12:32
CPU Efficiency: 1.45% of 14:24:00 core-walltime
Job Wall-clock time: 00:01:30
Memory Utilized: 7.90 GB (estimated maximum)
Memory Efficiency: 0.40% of 1.91 TB (3.39 GB/core)

 +++++++++++++++++++++++++++++++++++++++++++++++++++++++++++++++++++++++++++
 ++   Memory Efficiency is too small. Please review the requested memory. ++
 ++ It seems that you do not need that much memory so we recommend        ++
 ++ requesting less memory in other similar jobs.                         ++
 +++++++++++++++++++++++++++++++++++++++++++++++++++++++++++++++++++++++++++
 
*****************************************************************************


*****************************************************************************
*                                                                           *
*                    JOB EFFICIENCY REPORT (seff 10925231)                   *
*                                                                           *
*****************************************************************************

Job ID: 10925231
Cluster: finisterrae3
User/Group: curso341/ulc
State: COMPLETED (exit code 0)
Nodes: 9
Cores per node: 64
CPU Utilized: 00:16:43
CPU Efficiency: 1.93% of 14:24:00 core-walltime
Job Wall-clock time: 00:01:30
Memory Utilized: 6.41 GB
Memory Efficiency: 0.33% of 1.91 TB

 +++++++++++++++++++++++++++++++++++++++++++++++++++++++++++++++++++++++++++
 ++   Memory Efficiency is too small. Please review the requested memory. ++
 ++ It seems that you do not need that much memory so we recommend        ++
 ++ requesting less memory in other similar jobs.                         ++
 +++++++++++++++++++++++++++++++++++++++++++++++++++++++++++++++++++++++++++
 
*****************************************************************************

