slurmstepd: info: Setting TMPDIR to /scratch/10895232. Previous errors about TMPDIR can be discarded
Slurm job started at 07/03/2025_01:57:53 AM

In transit.
Initing Ray (1 head node + 2 worker nodes + 4 simulation nodes) on nodes: 
	ilk-160 ilk-164 ilk-169 ilk-170 ilk-171 ilk-173 ilk-185
Head node: 172.30.204.16:6379


RAY_DEPLOY_TIME:     23.50148
2025-03-07 01:58:18,788	INFO packaging.py:520 -- Creating a file package for local directory '/mnt/lustre/scratch/nlsas/home/ulc/cursos/curso341/dask_on_reisa_tests/E1/REISA_ONE_ACTOR/derivative/P128-SN4-LS1-GS134-I10-AN2-D2025-03-06_23-16-23'.
2025-03-07 01:58:18,816	INFO packaging.py:347 -- Pushing file package 'gcs://_ray_pkg_14c54071c2256f60.zip' (0.48MiB) to Ray cluster...
2025-03-07 01:58:18,823	INFO packaging.py:360 -- Successfully pushed file package 'gcs://_ray_pkg_14c54071c2256f60.zip'.
RAY_INIT_TIME:       3.41358
Iter [0]
Iter [1]
Iter [2]
Iter [3]
Iter [4]
Iter [5]
Iter [6]
Iter [7]
Iter [8]
Iter [9]
GLOBAL_PUT_TIME:     0.0570826530456543 (avg:0.00571)
ACTOR_CONCURRENCY:   8
EST_ANALYTICS_TIME:  31.03609 (avg:3.10361)
SIMULATION_TIME:     30.316286019000003 (avg: 3.031628601900000)
SIM_WTHOUT_PDI:      12.394093690999995 (avg: 1.239409369099999)
PDI_DELAY:           17.922192328000008 (avg: 1.792219232800001)

GLOBAL_SIZE_(GiB):   131072
LOCAL_SIZE_(MiB):    1
ITERATIONS:          10

MPI_PER_NODE:        32
MPI_PARALLELISM:     128

WORKER_NODES:        2
CPUS_PER_WORKER:     64
WORKER_PARALLELISM:  128


SLURM_JOB_ID:        10895232

Slurm job finished at 07/03/2025_01:58:54 AM

*****************************************************************************
*                                                                           *
*                    JOB EFFICIENCY REPORT (seff 10895232)                   *
*                                                                           *
*****************************************************************************

Job ID: 10895232
Cluster: finisterrae3
User/Group: curso341/ulc
State: COMPLETED (exit code 0)
Nodes: 7
Cores per node: 64
CPU Utilized: 00:41:03
CPU Efficiency: 8.59% of 07:57:52 core-walltime
Job Wall-clock time: 00:01:04
Memory Utilized: 525.79 MB
Memory Efficiency: 0.03% of 1.48 TB

 +++++++++++++++++++++++++++++++++++++++++++++++++++++++++++++++++++++++++++
 ++   Memory Efficiency is too small. Please review the requested memory. ++
 ++ It seems that you do not need that much memory so we recommend        ++
 ++ requesting less memory in other similar jobs.                         ++
 +++++++++++++++++++++++++++++++++++++++++++++++++++++++++++++++++++++++++++
 
*****************************************************************************


*****************************************************************************
*                                                                           *
*                    JOB EFFICIENCY REPORT (seff 10895232)                   *
*                                                                           *
*****************************************************************************

Job ID: 10895232
Cluster: finisterrae3
User/Group: curso341/ulc
State: COMPLETED (exit code 0)
Nodes: 7
Cores per node: 64
CPU Utilized: 00:41:03
CPU Efficiency: 8.59% of 07:57:52 core-walltime
Job Wall-clock time: 00:01:04
Memory Utilized: 525.79 MB
Memory Efficiency: 0.03% of 1.48 TB

 +++++++++++++++++++++++++++++++++++++++++++++++++++++++++++++++++++++++++++
 ++   Memory Efficiency is too small. Please review the requested memory. ++
 ++ It seems that you do not need that much memory so we recommend        ++
 ++ requesting less memory in other similar jobs.                         ++
 +++++++++++++++++++++++++++++++++++++++++++++++++++++++++++++++++++++++++++
 
*****************************************************************************


*****************************************************************************
*                                                                           *
*                    JOB EFFICIENCY REPORT (seff 10895232)                   *
*                                                                           *
*****************************************************************************

Job ID: 10895232
Cluster: finisterrae3
User/Group: curso341/ulc
State: COMPLETED (exit code 0)
Nodes: 7
Cores per node: 64
CPU Utilized: 00:41:03
CPU Efficiency: 8.59% of 07:57:52 core-walltime
Job Wall-clock time: 00:01:04
Memory Utilized: 525.79 MB
Memory Efficiency: 0.03% of 1.48 TB

 +++++++++++++++++++++++++++++++++++++++++++++++++++++++++++++++++++++++++++
 ++   Memory Efficiency is too small. Please review the requested memory. ++
 ++ It seems that you do not need that much memory so we recommend        ++
 ++ requesting less memory in other similar jobs.                         ++
 +++++++++++++++++++++++++++++++++++++++++++++++++++++++++++++++++++++++++++
 
*****************************************************************************


*****************************************************************************
*                                                                           *
*                    JOB EFFICIENCY REPORT (seff 10895232)                   *
*                                                                           *
*****************************************************************************

Job ID: 10895232
Cluster: finisterrae3
User/Group: curso341/ulc
State: COMPLETED (exit code 0)
Nodes: 7
Cores per node: 64
CPU Utilized: 00:41:03
CPU Efficiency: 8.59% of 07:57:52 core-walltime
Job Wall-clock time: 00:01:04
Memory Utilized: 525.79 MB
Memory Efficiency: 0.03% of 1.48 TB

 +++++++++++++++++++++++++++++++++++++++++++++++++++++++++++++++++++++++++++
 ++   Memory Efficiency is too small. Please review the requested memory. ++
 ++ It seems that you do not need that much memory so we recommend        ++
 ++ requesting less memory in other similar jobs.                         ++
 +++++++++++++++++++++++++++++++++++++++++++++++++++++++++++++++++++++++++++
 
*****************************************************************************


*****************************************************************************
*                                                                           *
*                    JOB EFFICIENCY REPORT (seff 10895232)                   *
*                                                                           *
*****************************************************************************

Job ID: 10895232
Cluster: finisterrae3
User/Group: curso341/ulc
State: COMPLETED (exit code 0)
Nodes: 7
Cores per node: 64
CPU Utilized: 00:41:03
CPU Efficiency: 8.59% of 07:57:52 core-walltime
Job Wall-clock time: 00:01:04
Memory Utilized: 525.79 MB
Memory Efficiency: 0.03% of 1.48 TB

 +++++++++++++++++++++++++++++++++++++++++++++++++++++++++++++++++++++++++++
 ++   Memory Efficiency is too small. Please review the requested memory. ++
 ++ It seems that you do not need that much memory so we recommend        ++
 ++ requesting less memory in other similar jobs.                         ++
 +++++++++++++++++++++++++++++++++++++++++++++++++++++++++++++++++++++++++++
 
*****************************************************************************


*****************************************************************************
*                                                                           *
*                    JOB EFFICIENCY REPORT (seff 10895232)                   *
*                                                                           *
*****************************************************************************

Job ID: 10895232
Cluster: finisterrae3
User/Group: curso341/ulc
State: COMPLETED (exit code 0)
Nodes: 7
Cores per node: 64
CPU Utilized: 00:41:03
CPU Efficiency: 8.59% of 07:57:52 core-walltime
Job Wall-clock time: 00:01:04
Memory Utilized: 525.79 MB
Memory Efficiency: 0.03% of 1.48 TB

 +++++++++++++++++++++++++++++++++++++++++++++++++++++++++++++++++++++++++++
 ++   Memory Efficiency is too small. Please review the requested memory. ++
 ++ It seems that you do not need that much memory so we recommend        ++
 ++ requesting less memory in other similar jobs.                         ++
 +++++++++++++++++++++++++++++++++++++++++++++++++++++++++++++++++++++++++++
 
*****************************************************************************


*****************************************************************************
*                                                                           *
*                    JOB EFFICIENCY REPORT (seff 10895232)                   *
*                                                                           *
*****************************************************************************

Job ID: 10895232
Cluster: finisterrae3
User/Group: curso341/ulc
State: COMPLETED (exit code 0)
Nodes: 7
Cores per node: 64
CPU Utilized: 00:41:25
CPU Efficiency: 8.67% of 07:57:52 core-walltime
Job Wall-clock time: 00:01:04
Memory Utilized: 638.80 MB
Memory Efficiency: 0.04% of 1.48 TB

 +++++++++++++++++++++++++++++++++++++++++++++++++++++++++++++++++++++++++++
 ++   Memory Efficiency is too small. Please review the requested memory. ++
 ++ It seems that you do not need that much memory so we recommend        ++
 ++ requesting less memory in other similar jobs.                         ++
 +++++++++++++++++++++++++++++++++++++++++++++++++++++++++++++++++++++++++++
 
*****************************************************************************

