slurmstepd: info: Setting TMPDIR to /scratch/10895200. Previous errors about TMPDIR can be discarded
Slurm job started at 07/03/2025_02:05:55 AM

In transit.
Initing Ray (1 head node + 2 worker nodes + 2 simulation nodes) on nodes: 
	ilk-241 ilk-243 ilk-248 ilk-249 ilk-250
Head node: 172.30.211.14:6379


RAY_DEPLOY_TIME:     23.90561
2025-03-07 02:06:21,539	INFO packaging.py:520 -- Creating a file package for local directory '/mnt/lustre/scratch/nlsas/home/ulc/cursos/curso341/dask_on_reisa_tests/E1/REISA/derivative/P4-SN2-LS268-GS1073-I10-AN2-D2025-03-06_23-15-19'.
2025-03-07 02:06:21,564	INFO packaging.py:347 -- Pushing file package 'gcs://_ray_pkg_bd36af75fe90754c.zip' (0.48MiB) to Ray cluster...
2025-03-07 02:06:21,571	INFO packaging.py:360 -- Successfully pushed file package 'gcs://_ray_pkg_bd36af75fe90754c.zip'.
RAY_INIT_TIME:       2.94720
Iter [0]
Iter [1]
Iter [2]
Iter [3]
Iter [4]
Iter [5]
Iter [6]
Iter [7]
Iter [8]
Iter [9]
EST_ANALYTICS_TIME:  25.68857 (avg:2.56886)
GLOBAL_PUT_TIME:     3.822618246078491 (avg:0.38226)
ACTOR_CONCURRENCY:   8
SIMULATION_TIME:     28.187699844000001 (avg: 2.818769984400000)
SIM_WTHOUT_PDI:      23.380958012000001 (avg: 2.338095801200000)
PDI_DELAY:           4.806741832000000 (avg: 0.480674183200000)

GLOBAL_SIZE_(GiB):   1048576
LOCAL_SIZE_(MiB):    256
ITERATIONS:          10

MPI_PER_NODE:        2
MPI_PARALLELISM:     4

WORKER_NODES:        2
CPUS_PER_WORKER:     64
WORKER_PARALLELISM:  128


SLURM_JOB_ID:        10895200

Slurm job finished at 07/03/2025_02:06:52 AM

*****************************************************************************
*                                                                           *
*                    JOB EFFICIENCY REPORT (seff 10895200)                   *
*                                                                           *
*****************************************************************************

Job ID: 10895200
Cluster: finisterrae3
User/Group: curso341/ulc
State: COMPLETED (exit code 0)
Nodes: 5
Cores per node: 64
CPU Utilized: 00:02:28
CPU Efficiency: 0.78% of 05:14:40 core-walltime
Job Wall-clock time: 00:00:59
Memory Utilized: 2.94 GB (estimated maximum)
Memory Efficiency: 0.27% of 1.06 TB (3.39 GB/core)

 +++++++++++++++++++++++++++++++++++++++++++++++++++++++++++++++++++++++++++
 ++   Memory Efficiency is too small. Please review the requested memory. ++
 ++ It seems that you do not need that much memory so we recommend        ++
 ++ requesting less memory in other similar jobs.                         ++
 +++++++++++++++++++++++++++++++++++++++++++++++++++++++++++++++++++++++++++
 
*****************************************************************************


*****************************************************************************
*                                                                           *
*                    JOB EFFICIENCY REPORT (seff 10895200)                   *
*                                                                           *
*****************************************************************************

Job ID: 10895200
Cluster: finisterrae3
User/Group: curso341/ulc
State: COMPLETED (exit code 0)
Nodes: 5
Cores per node: 64
CPU Utilized: 00:02:28
CPU Efficiency: 0.78% of 05:14:40 core-walltime
Job Wall-clock time: 00:00:59
Memory Utilized: 2.94 GB (estimated maximum)
Memory Efficiency: 0.27% of 1.06 TB (3.39 GB/core)

 +++++++++++++++++++++++++++++++++++++++++++++++++++++++++++++++++++++++++++
 ++   Memory Efficiency is too small. Please review the requested memory. ++
 ++ It seems that you do not need that much memory so we recommend        ++
 ++ requesting less memory in other similar jobs.                         ++
 +++++++++++++++++++++++++++++++++++++++++++++++++++++++++++++++++++++++++++
 
*****************************************************************************


*****************************************************************************
*                                                                           *
*                    JOB EFFICIENCY REPORT (seff 10895200)                   *
*                                                                           *
*****************************************************************************

Job ID: 10895200
Cluster: finisterrae3
User/Group: curso341/ulc
State: COMPLETED (exit code 0)
Nodes: 5
Cores per node: 64
CPU Utilized: 00:04:43
CPU Efficiency: 1.50% of 05:14:40 core-walltime
Job Wall-clock time: 00:00:59
Memory Utilized: 5.86 GB
Memory Efficiency: 0.54% of 1.06 TB

 +++++++++++++++++++++++++++++++++++++++++++++++++++++++++++++++++++++++++++
 ++   Memory Efficiency is too small. Please review the requested memory. ++
 ++ It seems that you do not need that much memory so we recommend        ++
 ++ requesting less memory in other similar jobs.                         ++
 +++++++++++++++++++++++++++++++++++++++++++++++++++++++++++++++++++++++++++
 
*****************************************************************************


*****************************************************************************
*                                                                           *
*                    JOB EFFICIENCY REPORT (seff 10895200)                   *
*                                                                           *
*****************************************************************************

Job ID: 10895200
Cluster: finisterrae3
User/Group: curso341/ulc
State: COMPLETED (exit code 0)
Nodes: 5
Cores per node: 64
CPU Utilized: 00:04:43
CPU Efficiency: 1.50% of 05:14:40 core-walltime
Job Wall-clock time: 00:00:59
Memory Utilized: 5.86 GB
Memory Efficiency: 0.54% of 1.06 TB

 +++++++++++++++++++++++++++++++++++++++++++++++++++++++++++++++++++++++++++
 ++   Memory Efficiency is too small. Please review the requested memory. ++
 ++ It seems that you do not need that much memory so we recommend        ++
 ++ requesting less memory in other similar jobs.                         ++
 +++++++++++++++++++++++++++++++++++++++++++++++++++++++++++++++++++++++++++
 
*****************************************************************************


*****************************************************************************
*                                                                           *
*                    JOB EFFICIENCY REPORT (seff 10895200)                   *
*                                                                           *
*****************************************************************************

Job ID: 10895200
Cluster: finisterrae3
User/Group: curso341/ulc
State: COMPLETED (exit code 0)
Nodes: 5
Cores per node: 64
CPU Utilized: 00:05:01
CPU Efficiency: 1.59% of 05:14:40 core-walltime
Job Wall-clock time: 00:00:59
Memory Utilized: 5.86 GB
Memory Efficiency: 0.54% of 1.06 TB

 +++++++++++++++++++++++++++++++++++++++++++++++++++++++++++++++++++++++++++
 ++   Memory Efficiency is too small. Please review the requested memory. ++
 ++ It seems that you do not need that much memory so we recommend        ++
 ++ requesting less memory in other similar jobs.                         ++
 +++++++++++++++++++++++++++++++++++++++++++++++++++++++++++++++++++++++++++
 
*****************************************************************************

