slurmstepd: info: Setting TMPDIR to /scratch/10927280. Previous errors about TMPDIR can be discarded
Slurm job started at 10/03/2025_12:09:13 PM

In transit.
Initing Ray (1 head node + 2 worker nodes + 2 simulation nodes) on nodes: 
	ilk-249 ilk-250 ilk-251 ilk-252 ilk-253
Head node: 172.30.211.22:6379


RAY_DEPLOY_TIME:     23.61055
RAY_INIT_TIME:       4.01713
Iter [0]
2025-03-10 12:09:44,338	INFO packaging.py:520 -- Creating a file package for local directory '/mnt/lustre/scratch/nlsas/home/ulc/cursos/curso341/dask_on_reisa_tests/E4/DASK_ON_REISA/derivative/P4-SN2-LS536-GS2147-I10-AN2-D2025-03-10_08-46-16'.
2025-03-10 12:09:44,935	INFO packaging.py:347 -- Pushing file package 'gcs://_ray_pkg_c39d73268ae31942.zip' (0.48MiB) to Ray cluster...
2025-03-10 12:09:44,942	INFO packaging.py:360 -- Successfully pushed file package 'gcs://_ray_pkg_c39d73268ae31942.zip'.
Iter [1]
[2m[36m(iter_task pid=477755, ip=10.120.211.23)[0m /home/ulc/cursos/curso341/.local/lib/python3.9/site-packages/dask/config.py:693: UserWarning: Configuration key "shuffle" has been deprecated. Please use "dataframe.shuffle.algorithm" instead
[2m[36m(iter_task pid=477755, ip=10.120.211.23)[0m   warnings.warn(
[2m[36m(iter_task pid=477757, ip=10.120.211.23)[0m /home/ulc/cursos/curso341/.local/lib/python3.9/site-packages/dask/config.py:693: UserWarning: Configuration key "shuffle" has been deprecated. Please use "dataframe.shuffle.algorithm" instead
[2m[36m(iter_task pid=477757, ip=10.120.211.23)[0m   warnings.warn(
[2m[36m(iter_task pid=477756, ip=10.120.211.23)[0m /home/ulc/cursos/curso341/.local/lib/python3.9/site-packages/dask/config.py:693: UserWarning: Configuration key "shuffle" has been deprecated. Please use "dataframe.shuffle.algorithm" instead
[2m[36m(iter_task pid=477756, ip=10.120.211.23)[0m   warnings.warn(
[2m[36m(iter_task pid=477754, ip=10.120.211.23)[0m /home/ulc/cursos/curso341/.local/lib/python3.9/site-packages/dask/config.py:693: UserWarning: Configuration key "shuffle" has been deprecated. Please use "dataframe.shuffle.algorithm" instead
[2m[36m(iter_task pid=477754, ip=10.120.211.23)[0m   warnings.warn(
[2m[36m(iter_task pid=477753, ip=10.120.211.23)[0m /home/ulc/cursos/curso341/.local/lib/python3.9/site-packages/dask/config.py:693: UserWarning: Configuration key "shuffle" has been deprecated. Please use "dataframe.shuffle.algorithm" instead
[2m[36m(iter_task pid=477753, ip=10.120.211.23)[0m   warnings.warn(
[2m[36m(iter_task pid=477758, ip=10.120.211.23)[0m /home/ulc/cursos/curso341/.local/lib/python3.9/site-packages/dask/config.py:693: UserWarning: Configuration key "shuffle" has been deprecated. Please use "dataframe.shuffle.algorithm" instead
[2m[36m(iter_task pid=477758, ip=10.120.211.23)[0m   warnings.warn(
Iter [2]
Iter [3]
Iter [4]
Iter [5]
Iter [6]
Iter [7]
Iter [8]
Iter [9]
GLOBAL_PUT_TIME:     8.543291330337524 (avg:0.85433)
ACTOR_CONCURRENCY:   8
SIMULATION_TIME:     63.484924296000003 (avg: 6.348492429600000)
SIM_WTHOUT_PDI:      50.186570161000006 (avg: 5.018657016100001)
PDI_DELAY:           13.298354134999997 (avg: 1.329835413500000)

GLOBAL_SIZE_(GiB):   2097152
LOCAL_SIZE_(MiB):    512
ITERATIONS:          10

MPI_PER_NODE:        2
MPI_PARALLELISM:     4

WORKER_NODES:        2
CPUS_PER_WORKER:     64
WORKER_PARALLELISM:  128


SLURM_JOB_ID:        10927280
EST_ANALYTICS_TIME:  121.24241 (avg:12.12424)

Slurm job finished at 10/03/2025_12:11:49 PM

*****************************************************************************
*                                                                           *
*                    JOB EFFICIENCY REPORT (seff 10927280)                   *
*                                                                           *
*****************************************************************************

Job ID: 10927280
Cluster: finisterrae3
User/Group: curso341/ulc
State: COMPLETED (exit code 0)
Nodes: 5
Cores per node: 64
CPU Utilized: 00:08:13
CPU Efficiency: 0.98% of 13:57:20 core-walltime
Job Wall-clock time: 00:02:37
Memory Utilized: 4.91 GB
Memory Efficiency: 0.45% of 1.06 TB

 +++++++++++++++++++++++++++++++++++++++++++++++++++++++++++++++++++++++++++
 ++   Memory Efficiency is too small. Please review the requested memory. ++
 ++ It seems that you do not need that much memory so we recommend        ++
 ++ requesting less memory in other similar jobs.                         ++
 +++++++++++++++++++++++++++++++++++++++++++++++++++++++++++++++++++++++++++
 
*****************************************************************************


*****************************************************************************
*                                                                           *
*                    JOB EFFICIENCY REPORT (seff 10927280)                   *
*                                                                           *
*****************************************************************************

Job ID: 10927280
Cluster: finisterrae3
User/Group: curso341/ulc
State: COMPLETED (exit code 0)
Nodes: 5
Cores per node: 64
CPU Utilized: 00:49:43
CPU Efficiency: 5.94% of 13:57:20 core-walltime
Job Wall-clock time: 00:02:37
Memory Utilized: 32.27 GB
Memory Efficiency: 2.97% of 1.06 TB

 +++++++++++++++++++++++++++++++++++++++++++++++++++++++++++++++++++++++++++
 ++   Memory Efficiency is too small. Please review the requested memory. ++
 ++ It seems that you do not need that much memory so we recommend        ++
 ++ requesting less memory in other similar jobs.                         ++
 +++++++++++++++++++++++++++++++++++++++++++++++++++++++++++++++++++++++++++
 
*****************************************************************************



*****************************************************************************

*****************************************************************************
*                                                                           *
*****************************************************************************
*                                                                           *
*                    JOB EFFICIENCY REPORT (seff 10927280)                   *
*                                                                           *
*                    JOB EFFICIENCY REPORT (seff 10927280)                   *
*                                                                           *
*                    JOB EFFICIENCY REPORT (seff 10927280)                   *
*                                                                           *
*****************************************************************************
*                                                                           *
*****************************************************************************

*****************************************************************************

Job ID: 10927280

Job ID: 10927280
Cluster: finisterrae3
Job ID: 10927280
Cluster: finisterrae3
User/Group: curso341/ulc
Cluster: finisterrae3
User/Group: curso341/ulc
State: COMPLETED (exit code 0)
User/Group: curso341/ulc
State: COMPLETED (exit code 0)
Nodes: 5
State: COMPLETED (exit code 0)
Nodes: 5
Cores per node: 64
Nodes: 5
Cores per node: 64
CPU Utilized: 00:49:43
Cores per node: 64
CPU Utilized: 00:49:43
CPU Efficiency: 5.94% of 13:57:20 core-walltime
CPU Utilized: 00:49:43
CPU Efficiency: 5.94% of 13:57:20 core-walltime
Job Wall-clock time: 00:02:37
CPU Efficiency: 5.94% of 13:57:20 core-walltime
Job Wall-clock time: 00:02:37
Memory Utilized: 32.27 GB
Job Wall-clock time: 00:02:37
Memory Utilized: 32.27 GB
Memory Efficiency: 2.97% of 1.06 TB
Memory Utilized: 32.27 GB
Memory Efficiency: 2.97% of 1.06 TB

Memory Efficiency: 2.97% of 1.06 TB

 +++++++++++++++++++++++++++++++++++++++++++++++++++++++++++++++++++++++++++

 +++++++++++++++++++++++++++++++++++++++++++++++++++++++++++++++++++++++++++
 ++   Memory Efficiency is too small. Please review the requested memory. ++
 +++++++++++++++++++++++++++++++++++++++++++++++++++++++++++++++++++++++++++
 ++   Memory Efficiency is too small. Please review the requested memory. ++
 ++ It seems that you do not need that much memory so we recommend        ++
 ++   Memory Efficiency is too small. Please review the requested memory. ++
 ++ It seems that you do not need that much memory so we recommend        ++
 ++ requesting less memory in other similar jobs.                         ++
 ++ It seems that you do not need that much memory so we recommend        ++
 ++ requesting less memory in other similar jobs.                         ++
 +++++++++++++++++++++++++++++++++++++++++++++++++++++++++++++++++++++++++++
 ++ requesting less memory in other similar jobs.                         ++
 +++++++++++++++++++++++++++++++++++++++++++++++++++++++++++++++++++++++++++
 
 +++++++++++++++++++++++++++++++++++++++++++++++++++++++++++++++++++++++++++
 
*****************************************************************************
 
*****************************************************************************

*****************************************************************************


