slurmstepd: info: Setting TMPDIR to /scratch/10908894. Previous errors about TMPDIR can be discarded
Slurm job started at 08/03/2025_12:57:21 AM

In transit.
Initing Ray (1 head node + 2 worker nodes + 4 simulation nodes) on nodes: 
	ilk-146 ilk-148 ilk-149 ilk-150 ilk-152 ilk-154 ilk-155
Head node: 172.30.204.2:6379


RAY_DEPLOY_TIME:     24.43684
2025-03-08 00:57:48,912	INFO packaging.py:520 -- Creating a file package for local directory '/mnt/lustre/scratch/nlsas/home/ulc/cursos/curso341/dask_on_reisa_tests/E2/REISA_ONE_ACTOR/reduction/P128-SN4-LS134-GS17179-I20-AN2-D2025-03-07_21-32-48'.
2025-03-08 00:57:48,938	INFO packaging.py:347 -- Pushing file package 'gcs://_ray_pkg_d7f56c4a3738b7a2.zip' (0.48MiB) to Ray cluster...
2025-03-08 00:57:48,944	INFO packaging.py:360 -- Successfully pushed file package 'gcs://_ray_pkg_d7f56c4a3738b7a2.zip'.
RAY_INIT_TIME:       4.53172
Iter [0]
Iter [2]
Iter [4]
Iter [6]
Iter [8]
Iter [10]
Iter [12]
srun: Job step aborted: Waiting up to 32 seconds for job step to finish.
srun: Job step aborted: Waiting up to 32 seconds for job step to finish.
slurmstepd: error: *** JOB 10908894 ON ilk-146 CANCELLED AT 2025-03-08T01:17:27 DUE TO TIME LIMIT ***
slurmstepd: error: *** STEP 10908894.8 ON ilk-148 CANCELLED AT 2025-03-08T01:17:27 DUE TO TIME LIMIT ***
slurmstepd: error: *** STEP 10908894.9 ON ilk-150 CANCELLED AT 2025-03-08T01:17:27 DUE TO TIME LIMIT ***
*** SIGTERM received at time=1741393047 on cpu 1 ***
*** SIGTERM received at time=1741393047 on cpu 48 ***
*** SIGTERM received at time=1741393047 on cpu 9 ***
*** SIGTERM received at time=1741393047 on cpu 11 ***
*** SIGTERM received at time=1741393047 on cpu 52 ***
*** SIGTERM received at time=1741393047 on cpu 17 ***
*** SIGTERM received at time=1741393047 on cpu 61 ***
*** SIGTERM received at time=1741393047 on cpu 53 ***
*** SIGTERM received at time=1741393047 on cpu 27 ***
*** SIGTERM received at time=1741393047 on cpu 48 ***
*** SIGTERM received at time=1741393047 on cpu 47 ***
*** SIGTERM received at time=1741393047 on cpu 15 ***
*** SIGTERM received at time=1741393047 on cpu 14 ***
*** SIGTERM received at time=1741393047 on cpu 3 ***
*** SIGTERM received at time=1741393047 on cpu 5 ***
*** SIGTERM received at time=1741393047 on cpu 50 ***
*** SIGTERM received at time=1741393047 on cpu 22 ***
*** SIGTERM received at time=1741393047 on cpu 23 ***
*** SIGTERM received at time=1741393047 on cpu 2 ***
*** SIGTERM received at time=1741393047 on cpu 9 ***
*** SIGTERM received at time=1741393047 on cpu 60 ***
*** SIGTERM received at time=1741393047 on cpu 7 ***
*** SIGTERM received at time=1741393047 on cpu 11 ***
*** SIGTERM received at time=1741393047 on cpu 14 ***
*** SIGTERM received at time=1741393047 on cpu 24 ***
*** SIGTERM received at time=1741393047 on cpu 27 ***
*** SIGTERM received at time=1741393047 on cpu 46 ***
*** SIGTERM received at time=1741393047 on cpu 36 ***
*** SIGTERM received at time=1741393047 on cpu 25 ***
*** SIGTERM received at time=1741393047 on cpu 7 ***
*** SIGTERM received at time=1741393047 on cpu 22 ***
*** SIGTERM received at time=1741393047 on cpu 63 ***
*** SIGTERM received at time=1741393047 on cpu 15 ***
*** SIGTERM received at time=1741393047 on cpu 30 ***
*** SIGTERM received at time=1741393047 on cpu 32 ***
*** SIGTERM received at time=1741393047 on cpu 44 ***
*** SIGTERM received at time=1741393047 on cpu 18 ***
*** SIGTERM received at time=1741393047 on cpu 62 ***
*** SIGTERM received at time=1741393047 on cpu 26 ***
*** SIGTERM received at time=1741393047 on cpu 59 ***
*** SIGTERM received at time=1741393047 on cpu 28 ***
*** SIGTERM received at time=1741393047 on cpu 11 ***
*** SIGTERM received at time=1741393047 on cpu 4 ***
*** SIGTERM received at time=1741393047 on cpu 28 ***
*** SIGTERM received at time=1741393047 on cpu 15 ***
*** SIGTERM received at time=1741393047 on cpu 16 ***
*** SIGTERM received at time=1741393047 on cpu 61 ***
*** SIGTERM received at time=1741393047 on cpu 53 ***
*** SIGTERM received at time=1741393047 on cpu 31 ***
*** SIGTERM received at time=1741393047 on cpu 32 ***
*** SIGTERM received at time=1741393047 on cpu 13 ***
*** SIGTERM received at time=1741393047 on cpu 5 ***
*** SIGTERM received at time=1741393047 on cpu 57 ***
*** SIGTERM received at time=1741393047 on cpu 20 ***
*** SIGTERM received at time=1741393047 on cpu 40 ***
*** SIGTERM received at time=1741393047 on cpu 25 ***
*** SIGTERM received at time=1741393047 on cpu 20 ***
*** SIGTERM received at time=1741393047 on cpu 10 ***
*** SIGTERM received at time=1741393047 on cpu 39 ***
*** SIGTERM received at time=1741393047 on cpu 29 ***
*** SIGTERM received at time=1741393047 on cpu 56 ***
*** SIGTERM received at time=1741393047 on cpu 43 ***
*** SIGTERM received at time=1741393047 on cpu 60 ***
*** SIGTERM received at time=1741393047 on cpu 49 ***
*** SIGTERM received at time=1741393047 on cpu 57 ***
*** SIGTERM received at time=1741393047 on cpu 45 ***
*** SIGTERM received at time=1741393047 on cpu 3 ***
*** SIGTERM received at time=1741393047 on cpu 8 ***
*** SIGTERM received at time=1741393047 on cpu 41 ***
*** SIGTERM received at time=1741393047 on cpu 12 ***
*** SIGTERM received at time=1741393047 on cpu 57 ***
*** SIGTERM received at time=1741393047 on cpu 8 ***
*** SIGTERM received at time=1741393047 on cpu 29 ***
*** SIGTERM received at time=1741393047 on cpu 4 ***
*** SIGTERM received at time=1741393047 on cpu 2 ***
*** SIGTERM received at time=1741393047 on cpu 22 ***
*** SIGTERM received at time=1741393047 on cpu 32 ***
*** SIGTERM received at time=1741393047 on cpu 47 ***
*** SIGTERM received at time=1741393047 on cpu 33 ***
*** SIGTERM received at time=1741393047 on cpu 25 ***
*** SIGTERM received at time=1741393047 on cpu 11 ***
*** SIGTERM received at time=1741393047 on cpu 46 ***
*** SIGTERM received at time=1741393047 on cpu 9 ***
*** SIGTERM received at time=1741393047 on cpu 2 ***
*** SIGTERM received at time=1741393047 on cpu 61 ***
*** SIGTERM received at time=1741393047 on cpu 41 ***
*** SIGTERM received at time=1741393047 on cpu 40 ***
*** SIGTERM received at time=1741393047 on cpu 58 ***
*** SIGTERM received at time=1741393047 on cpu 27 ***
*** SIGTERM received at time=1741393047 on cpu 63 ***
*** SIGTERM received at time=1741393047 on cpu 1 ***
*** SIGTERM received at time=1741393047 on cpu 16 ***
*** SIGTERM received at time=1741393047 on cpu 15 ***
*** SIGTERM received at time=1741393047 on cpu 1 ***
*** SIGTERM received at time=1741393047 on cpu 23 ***
*** SIGTERM received at time=1741393047 on cpu 60 ***
*** SIGTERM received at time=1741393047 on cpu 49 ***
*** SIGTERM received at time=1741393047 on cpu 55 ***
*** SIGTERM received at time=1741393047 on cpu 13 ***
*** SIGTERM received at time=1741393047 on cpu 32 ***
*** SIGTERM received at time=1741393047 on cpu 10 ***
*** SIGTERM received at time=1741393047 on cpu 16 ***
*** SIGTERM received at time=1741393047 on cpu 51 ***
*** SIGTERM received at time=1741393047 on cpu 37 ***
*** SIGTERM received at time=1741393047 on cpu 12 ***
