slurmstepd: info: Setting TMPDIR to /scratch/10772536. Previous errors about TMPDIR can be discarded
Slurm job started at 25/02/2025_10:15:02 PM

In transit.
Initing Ray (1 head node + 8 worker nodes + 16 simulation nodes) on nodes: 
	ilk-65 ilk-67 ilk-68 ilk-88 ilk-91 ilk-115 ilk-117 ilk-151 ilk-152 ilk-159 ilk-172 ilk-173 ilk-177 ilk-241 ilk-243 ilk-244 ilk-245 ilk-246 ilk-247 ilk-248 ilk-249 ilk-250 ilk-251 ilk-252 ilk-253
Head node: 172.30.202.17:6379


RAY_DEPLOY_TIME:     22.69425
2025-02-25 22:15:34,375	INFO packaging.py:520 -- Creating a file package for local directory '/mnt/lustre/scratch/nlsas/home/ulc/cursos/curso341/dask_on_reisa_tests/E1/DASK_ON_REISA_ONE_ACTOR/derivative/P512-SN16-LS134-GS68719-I12-AN8-D2025-02-25_20-32-31'.
2025-02-25 22:15:34,405	INFO packaging.py:347 -- Pushing file package 'gcs://_ray_pkg_84597de04e4f50c5.zip' (0.48MiB) to Ray cluster...
2025-02-25 22:15:34,417	INFO packaging.py:360 -- Successfully pushed file package 'gcs://_ray_pkg_84597de04e4f50c5.zip'.
RAY_INIT_TIME:       10.11329
Iter [0]
Iter [1]
Iter [2]
Iter [3]
Iter [4]
Iter [5]
Iter [6]
Iter [7]
Iter [8]
Iter [9]
Iter [10]
Iter [11]
GLOBAL_PUT_TIME:     12.455150127410889 (avg:1.03793)
ACTOR_CONCURRENCY:   8
SIMULATION_TIME:     1164.163165815999946 (avg: 97.013597151333329)
SIM_WTHOUT_PDI:      528.312166705999971 (avg: 44.026013892166667)
PDI_DELAY:           635.850999109999975 (avg: 52.987583259166662)

GLOBAL_SIZE_(GiB):   67108864
LOCAL_SIZE_(MiB):    128
ITERATIONS:          12

MPI_PER_NODE:        32
MPI_PARALLELISM:     512

WORKER_NODES:        8
CPUS_PER_WORKER:     30
WORKER_PARALLELISM:  240


SLURM_JOB_ID:        10772536
srun: Job step aborted: Waiting up to 32 seconds for job step to finish.
slurmstepd: error: *** JOB 10772536 ON ilk-65 CANCELLED AT 2025-02-25T22:35:14 DUE TO TIME LIMIT ***
slurmstepd: error: *** STEP 10772536.26 ON ilk-67 CANCELLED AT 2025-02-25T22:35:14 DUE TO TIME LIMIT ***
