slurmstepd: info: Setting TMPDIR to /scratch/10927304. Previous errors about TMPDIR can be discarded
Slurm job started at 10/03/2025_12:13:32 PM

In transit.
Initing Ray (1 head node + 2 worker nodes + 2 simulation nodes) on nodes: 
	ilk-249 ilk-250 ilk-251 ilk-252 ilk-253
Head node: 172.30.211.22:6379


RAY_DEPLOY_TIME:     24.01091
RAY_INIT_TIME:       3.78479
Iter [0]
2025-03-10 12:14:02,525	INFO packaging.py:520 -- Creating a file package for local directory '/mnt/lustre/scratch/nlsas/home/ulc/cursos/curso341/dask_on_reisa_tests/E4/DASK_ON_REISA_ONE_ACTOR/derivative/P4-SN2-LS268-GS1073-I10-AN2-D2025-03-10_08-47-21'.
2025-03-10 12:14:02,553	INFO packaging.py:347 -- Pushing file package 'gcs://_ray_pkg_ea9be34998b07fc0.zip' (0.48MiB) to Ray cluster...
2025-03-10 12:14:02,559	INFO packaging.py:360 -- Successfully pushed file package 'gcs://_ray_pkg_ea9be34998b07fc0.zip'.
Iter [1]
Iter [2]
Iter [3]
Iter [4]
Iter [5]
Iter [6]
Iter [7]
Iter [8]
Iter [9]
GLOBAL_PUT_TIME:     4.340615510940552 (avg:0.43406)
ACTOR_CONCURRENCY:   8
SIMULATION_TIME:     34.029928063000000 (avg: 3.402992806300000)
SIM_WTHOUT_PDI:      23.759863468000002 (avg: 2.375986346800000)
PDI_DELAY:           10.270064594999997 (avg: 1.027006459500000)

GLOBAL_SIZE_(GiB):   1048576
LOCAL_SIZE_(MiB):    256
ITERATIONS:          10

MPI_PER_NODE:        2
MPI_PARALLELISM:     4

WORKER_NODES:        2
CPUS_PER_WORKER:     64
WORKER_PARALLELISM:  128


SLURM_JOB_ID:        10927304
EST_ANALYTICS_TIME:  82.89169 (avg:8.28917)

Slurm job finished at 10/03/2025_12:15:29 PM

*****************************************************************************
*                                                                           *
*                    JOB EFFICIENCY REPORT (seff 10927304)                   *
*                                                                           *
*****************************************************************************

Job ID: 10927304
Cluster: finisterrae3
User/Group: curso341/ulc
State: COMPLETED (exit code 0)
Nodes: 5
Cores per node: 64
CPU Utilized: 00:02:14
CPU Efficiency: 0.35% of 10:29:20 core-walltime
Job Wall-clock time: 00:01:58
Memory Utilized: 3.00 GB (estimated maximum)
Memory Efficiency: 0.28% of 1.06 TB (3.39 GB/core)

 +++++++++++++++++++++++++++++++++++++++++++++++++++++++++++++++++++++++++++
 ++   Memory Efficiency is too small. Please review the requested memory. ++
 ++ It seems that you do not need that much memory so we recommend        ++
 ++ requesting less memory in other similar jobs.                         ++
 +++++++++++++++++++++++++++++++++++++++++++++++++++++++++++++++++++++++++++
 
*****************************************************************************


*****************************************************************************
*                                                                           *
*                    JOB EFFICIENCY REPORT (seff 10927304)                   *
*                                                                           *
*****************************************************************************

Job ID: 10927304
Cluster: finisterrae3
User/Group: curso341/ulc
State: COMPLETED (exit code 0)
Nodes: 5
Cores per node: 64
CPU Utilized: 00:03:41
CPU Efficiency: 0.59% of 10:29:20 core-walltime
Job Wall-clock time: 00:01:58
Memory Utilized: 3.00 GB (estimated maximum)
Memory Efficiency: 0.28% of 1.06 TB (3.39 GB/core)

 +++++++++++++++++++++++++++++++++++++++++++++++++++++++++++++++++++++++++++
 ++   Memory Efficiency is too small. Please review the requested memory. ++
 ++ It seems that you do not need that much memory so we recommend        ++
 ++ requesting less memory in other similar jobs.                         ++
 +++++++++++++++++++++++++++++++++++++++++++++++++++++++++++++++++++++++++++
 
*****************************************************************************


*****************************************************************************
*                                                                           *
*                    JOB EFFICIENCY REPORT (seff 10927304)                   *
*                                                                           *
*****************************************************************************

Job ID: 10927304
Cluster: finisterrae3
User/Group: curso341/ulc
State: COMPLETED (exit code 0)
Nodes: 5
Cores per node: 64
CPU Utilized: 00:27:58
CPU Efficiency: 4.44% of 10:29:20 core-walltime
Job Wall-clock time: 00:01:58
Memory Utilized: 21.45 GB
Memory Efficiency: 1.98% of 1.06 TB

 +++++++++++++++++++++++++++++++++++++++++++++++++++++++++++++++++++++++++++
 ++   Memory Efficiency is too small. Please review the requested memory. ++
 ++ It seems that you do not need that much memory so we recommend        ++
 ++ requesting less memory in other similar jobs.                         ++
 +++++++++++++++++++++++++++++++++++++++++++++++++++++++++++++++++++++++++++
 
*****************************************************************************


*****************************************************************************
*                                                                           *
*                    JOB EFFICIENCY REPORT (seff 10927304)                   *
*                                                                           *
*****************************************************************************

Job ID: 10927304
Cluster: finisterrae3
User/Group: curso341/ulc
State: COMPLETED (exit code 0)
Nodes: 5
Cores per node: 64
CPU Utilized: 00:27:58
CPU Efficiency: 4.44% of 10:29:20 core-walltime
Job Wall-clock time: 00:01:58
Memory Utilized: 21.45 GB
Memory Efficiency: 1.98% of 1.06 TB

 +++++++++++++++++++++++++++++++++++++++++++++++++++++++++++++++++++++++++++
 ++   Memory Efficiency is too small. Please review the requested memory. ++
 ++ It seems that you do not need that much memory so we recommend        ++
 ++ requesting less memory in other similar jobs.                         ++
 +++++++++++++++++++++++++++++++++++++++++++++++++++++++++++++++++++++++++++
 
*****************************************************************************


*****************************************************************************
*                                                                           *
*                    JOB EFFICIENCY REPORT (seff 10927304)                   *
*                                                                           *
*****************************************************************************

Job ID: 10927304
Cluster: finisterrae3
User/Group: curso341/ulc
State: COMPLETED (exit code 0)
Nodes: 5
Cores per node: 64
CPU Utilized: 00:27:58
CPU Efficiency: 4.44% of 10:29:20 core-walltime
Job Wall-clock time: 00:01:58
Memory Utilized: 21.45 GB
Memory Efficiency: 1.98% of 1.06 TB

 +++++++++++++++++++++++++++++++++++++++++++++++++++++++++++++++++++++++++++
 ++   Memory Efficiency is too small. Please review the requested memory. ++
 ++ It seems that you do not need that much memory so we recommend        ++
 ++ requesting less memory in other similar jobs.                         ++
 +++++++++++++++++++++++++++++++++++++++++++++++++++++++++++++++++++++++++++
 
*****************************************************************************

