slurmstepd: info: Setting TMPDIR to /scratch/10899124. Previous errors about TMPDIR can be discarded
Slurm job started at 07/03/2025_10:04:21 AM

In transit.
Initing Ray (1 head node + 2 worker nodes + 4 simulation nodes) on nodes: 
	ilk-154 ilk-155 ilk-156 ilk-199 ilk-222 ilk-229 ilk-230
Head node: 172.30.204.10:6379


RAY_DEPLOY_TIME:     23.73706
2025-03-07 10:04:49,582	INFO packaging.py:520 -- Creating a file package for local directory '/mnt/lustre/scratch/nlsas/home/ulc/cursos/curso341/dask_on_reisa_tests/E1/DASK_ON_REISA/derivative/P128-SN4-LS1-GS134-I10-AN2-D2025-03-07_09-35-17'.
2025-03-07 10:04:49,608	INFO packaging.py:347 -- Pushing file package 'gcs://_ray_pkg_e738ea40626e6d59.zip' (0.48MiB) to Ray cluster...
2025-03-07 10:04:49,614	INFO packaging.py:360 -- Successfully pushed file package 'gcs://_ray_pkg_e738ea40626e6d59.zip'.
RAY_INIT_TIME:       9.06666
Iter [0]
Iter [1]
Iter [2]
Iter [3]
[2m[36m(iter_task pid=844173, ip=10.120.204.11)[0m /home/ulc/cursos/curso341/.local/lib/python3.9/site-packages/dask/config.py:693: UserWarning: Configuration key "shuffle" has been deprecated. Please use "dataframe.shuffle.algorithm" instead
[2m[36m(iter_task pid=844173, ip=10.120.204.11)[0m   warnings.warn(
[2m[36m(iter_task pid=844172, ip=10.120.204.11)[0m /home/ulc/cursos/curso341/.local/lib/python3.9/site-packages/dask/config.py:693: UserWarning: Configuration key "shuffle" has been deprecated. Please use "dataframe.shuffle.algorithm" instead
[2m[36m(iter_task pid=844172, ip=10.120.204.11)[0m   warnings.warn(
Iter [4]
[2m[36m(iter_task pid=3648559, ip=10.120.204.12)[0m /home/ulc/cursos/curso341/.local/lib/python3.9/site-packages/dask/config.py:693: UserWarning: Configuration key "shuffle" has been deprecated. Please use "dataframe.shuffle.algorithm" instead
[2m[36m(iter_task pid=3648559, ip=10.120.204.12)[0m   warnings.warn(
[2m[36m(iter_task pid=3648560, ip=10.120.204.12)[0m /home/ulc/cursos/curso341/.local/lib/python3.9/site-packages/dask/config.py:693: UserWarning: Configuration key "shuffle" has been deprecated. Please use "dataframe.shuffle.algorithm" instead
[2m[36m(iter_task pid=3648560, ip=10.120.204.12)[0m   warnings.warn(
Iter [5]
Iter [6]
Iter [7]
Iter [8]
Iter [9]
GLOBAL_PUT_TIME:     0.046582698822021484 (avg:0.00466)
ACTOR_CONCURRENCY:   8
SIMULATION_TIME:     8.880175422000001 (avg: 0.888017542200000)
SIM_WTHOUT_PDI:      5.314031388999995 (avg: 0.531403138899999)
PDI_DELAY:           3.566144033000006 (avg: 0.356614403300001)

GLOBAL_SIZE_(GiB):   131072
LOCAL_SIZE_(MiB):    1
ITERATIONS:          10

MPI_PER_NODE:        32
MPI_PARALLELISM:     128

WORKER_NODES:        2
CPUS_PER_WORKER:     64
WORKER_PARALLELISM:  128


SLURM_JOB_ID:        10899124
[2m[36m(iter_task pid=3648560, ip=10.120.204.12)[0m /home/ulc/cursos/curso341/.local/lib/python3.9/site-packages/dask/config.py:693: UserWarning: Configuration key "shuffle" has been deprecated. Please use "dataframe.shuffle.algorithm" instead
[2m[36m(iter_task pid=3648560, ip=10.120.204.12)[0m   warnings.warn(
[2m[36m(iter_task pid=844172, ip=10.120.204.11)[0m /home/ulc/cursos/curso341/.local/lib/python3.9/site-packages/dask/config.py:693: UserWarning: Configuration key "shuffle" has been deprecated. Please use "dataframe.shuffle.algorithm" instead
[2m[36m(iter_task pid=844172, ip=10.120.204.11)[0m   warnings.warn(
EST_ANALYTICS_TIME:  35.75443 (avg:3.57544)

Slurm job finished at 07/03/2025_10:05:30 AM

*****************************************************************************
*                                                                           *
*                    JOB EFFICIENCY REPORT (seff 10899124)                   *
*                                                                           *
*****************************************************************************

Job ID: 10899124
Cluster: finisterrae3
User/Group: curso341/ulc
State: COMPLETED (exit code 0)
Nodes: 7
Cores per node: 64
CPU Utilized: 00:23:09
CPU Efficiency: 4.43% of 08:42:40 core-walltime
Job Wall-clock time: 00:01:10
Memory Utilized: 334.51 MB
Memory Efficiency: 0.02% of 1.48 TB

 +++++++++++++++++++++++++++++++++++++++++++++++++++++++++++++++++++++++++++
 ++   Memory Efficiency is too small. Please review the requested memory. ++
 ++ It seems that you do not need that much memory so we recommend        ++
 ++ requesting less memory in other similar jobs.                         ++
 +++++++++++++++++++++++++++++++++++++++++++++++++++++++++++++++++++++++++++
 
*****************************************************************************


*****************************************************************************
*                                                                           *
*                    JOB EFFICIENCY REPORT (seff 10899124)                   *
*                                                                           *
*****************************************************************************

Job ID: 10899124
Cluster: finisterrae3
User/Group: curso341/ulc
State: COMPLETED (exit code 0)
Nodes: 7
Cores per node: 64
CPU Utilized: 00:23:09
CPU Efficiency: 4.43% of 08:42:40 core-walltime
Job Wall-clock time: 00:01:10
Memory Utilized: 334.51 MB
Memory Efficiency: 0.02% of 1.48 TB

 +++++++++++++++++++++++++++++++++++++++++++++++++++++++++++++++++++++++++++
 ++   Memory Efficiency is too small. Please review the requested memory. ++
 ++ It seems that you do not need that much memory so we recommend        ++
 ++ requesting less memory in other similar jobs.                         ++
 +++++++++++++++++++++++++++++++++++++++++++++++++++++++++++++++++++++++++++
 
*****************************************************************************


*****************************************************************************
*                                                                           *
*                    JOB EFFICIENCY REPORT (seff 10899124)                   *
*                                                                           *
*****************************************************************************

Job ID: 10899124
Cluster: finisterrae3
User/Group: curso341/ulc
State: COMPLETED (exit code 0)
Nodes: 7
Cores per node: 64
CPU Utilized: 00:23:09
CPU Efficiency: 4.43% of 08:42:40 core-walltime
Job Wall-clock time: 00:01:10
Memory Utilized: 334.51 MB
Memory Efficiency: 0.02% of 1.48 TB

 +++++++++++++++++++++++++++++++++++++++++++++++++++++++++++++++++++++++++++
 ++   Memory Efficiency is too small. Please review the requested memory. ++
 ++ It seems that you do not need that much memory so we recommend        ++
 ++ requesting less memory in other similar jobs.                         ++
 +++++++++++++++++++++++++++++++++++++++++++++++++++++++++++++++++++++++++++
 
*****************************************************************************


*****************************************************************************
*                                                                           *
*                    JOB EFFICIENCY REPORT (seff 10899124)                   *
*                                                                           *
*****************************************************************************

Job ID: 10899124
Cluster: finisterrae3
User/Group: curso341/ulc
State: COMPLETED (exit code 0)
Nodes: 7
Cores per node: 64
CPU Utilized: 00:23:09
CPU Efficiency: 4.43% of 08:42:40 core-walltime
Job Wall-clock time: 00:01:10
Memory Utilized: 334.51 MB
Memory Efficiency: 0.02% of 1.48 TB

 +++++++++++++++++++++++++++++++++++++++++++++++++++++++++++++++++++++++++++
 ++   Memory Efficiency is too small. Please review the requested memory. ++
 ++ It seems that you do not need that much memory so we recommend        ++
 ++ requesting less memory in other similar jobs.                         ++
 +++++++++++++++++++++++++++++++++++++++++++++++++++++++++++++++++++++++++++
 
*****************************************************************************


*****************************************************************************
*                                                                           *
*                    JOB EFFICIENCY REPORT (seff 10899124)                   *
*                                                                           *
*****************************************************************************

Job ID: 10899124
Cluster: finisterrae3
User/Group: curso341/ulc
State: COMPLETED (exit code 0)
Nodes: 7
Cores per node: 64
CPU Utilized: 00:58:03
CPU Efficiency: 11.11% of 08:42:40 core-walltime
Job Wall-clock time: 00:01:10
Memory Utilized: 3.06 GB
Memory Efficiency: 0.20% of 1.48 TB

 +++++++++++++++++++++++++++++++++++++++++++++++++++++++++++++++++++++++++++
 ++   Memory Efficiency is too small. Please review the requested memory. ++
 ++ It seems that you do not need that much memory so we recommend        ++
 ++ requesting less memory in other similar jobs.                         ++
 +++++++++++++++++++++++++++++++++++++++++++++++++++++++++++++++++++++++++++
 
*****************************************************************************


*****************************************************************************
*                                                                           *
*                    JOB EFFICIENCY REPORT (seff 10899124)                   *
*                                                                           *
*****************************************************************************

Job ID: 10899124
Cluster: finisterrae3
User/Group: curso341/ulc
State: COMPLETED (exit code 0)
Nodes: 7
Cores per node: 64
CPU Utilized: 00:58:03
CPU Efficiency: 11.11% of 08:42:40 core-walltime
Job Wall-clock time: 00:01:10
Memory Utilized: 3.06 GB
Memory Efficiency: 0.20% of 1.48 TB

 +++++++++++++++++++++++++++++++++++++++++++++++++++++++++++++++++++++++++++
 ++   Memory Efficiency is too small. Please review the requested memory. ++
 ++ It seems that you do not need that much memory so we recommend        ++
 ++ requesting less memory in other similar jobs.                         ++
 +++++++++++++++++++++++++++++++++++++++++++++++++++++++++++++++++++++++++++
 
*****************************************************************************


*****************************************************************************
*                                                                           *
*                    JOB EFFICIENCY REPORT (seff 10899124)                   *
*                                                                           *
*****************************************************************************

Job ID: 10899124
Cluster: finisterrae3
User/Group: curso341/ulc
State: COMPLETED (exit code 0)
Nodes: 7
Cores per node: 64
CPU Utilized: 00:58:52
CPU Efficiency: 11.26% of 08:42:40 core-walltime
Job Wall-clock time: 00:01:10
Memory Utilized: 3.06 GB
Memory Efficiency: 0.20% of 1.48 TB

 +++++++++++++++++++++++++++++++++++++++++++++++++++++++++++++++++++++++++++
 ++   Memory Efficiency is too small. Please review the requested memory. ++
 ++ It seems that you do not need that much memory so we recommend        ++
 ++ requesting less memory in other similar jobs.                         ++
 +++++++++++++++++++++++++++++++++++++++++++++++++++++++++++++++++++++++++++
 
*****************************************************************************

