slurmstepd: info: Setting TMPDIR to /scratch/10932540. Previous errors about TMPDIR can be discarded
Slurm job started at 10/03/2025_07:29:03 PM

In transit.
Initing Ray (1 head node + 2 worker nodes + 2 simulation nodes) on nodes: 
	ilk-119 ilk-120 ilk-121 ilk-122 ilk-140
Head node: 172.30.203.23:6379


RAY_DEPLOY_TIME:     24.12563
RAY_INIT_TIME:       2.89866
Iter [0]
2025-03-10 19:29:35,327	INFO packaging.py:520 -- Creating a file package for local directory '/mnt/lustre/scratch/nlsas/home/ulc/cursos/curso341/dask_on_reisa_tests/E5/REISA/reduction/P4-SN2-LS268-GS1073-I20-AN2-D2025-03-10_18-35-43'.
2025-03-10 19:29:35,557	INFO packaging.py:347 -- Pushing file package 'gcs://_ray_pkg_7fc16b719413b18b.zip' (0.48MiB) to Ray cluster...
2025-03-10 19:29:35,564	INFO packaging.py:360 -- Successfully pushed file package 'gcs://_ray_pkg_7fc16b719413b18b.zip'.
Iter [2]
Iter [4]
Iter [6]
Iter [8]
Iter [10]
Iter [12]
Iter [14]
Iter [16]
Iter [18]
EST_ANALYTICS_TIME:  49.44628 (avg:2.47231)
GLOBAL_PUT_TIME:     8.472145318984985 (avg:0.42361)
ACTOR_CONCURRENCY:   8
SIMULATION_TIME:     57.386447994999997 (avg: 2.869322399750000)
SIM_WTHOUT_PDI:      46.821873918999991 (avg: 2.341093695950000)
PDI_DELAY:           10.564574076000007 (avg: 0.528228703800000)

GLOBAL_SIZE_(GiB):   1048576
LOCAL_SIZE_(MiB):    256
ITERATIONS:          20

MPI_PER_NODE:        2
MPI_PARALLELISM:     4

WORKER_NODES:        2
CPUS_PER_WORKER:     64
WORKER_PARALLELISM:  128


SLURM_JOB_ID:        10932540

Slurm job finished at 10/03/2025_07:30:30 PM

*****************************************************************************
*                                                                           *
*                    JOB EFFICIENCY REPORT (seff 10932540)                   *
*                                                                           *
*****************************************************************************

Job ID: 10932540
Cluster: finisterrae3
User/Group: curso341/ulc
State: COMPLETED (exit code 0)
Nodes: 5
Cores per node: 64
CPU Utilized: 00:03:53
CPU Efficiency: 0.83% of 07:49:20 core-walltime
Job Wall-clock time: 00:01:28
Memory Utilized: 3.95 GB (estimated maximum)
Memory Efficiency: 0.36% of 1.06 TB (3.39 GB/core)

 +++++++++++++++++++++++++++++++++++++++++++++++++++++++++++++++++++++++++++
 ++   Memory Efficiency is too small. Please review the requested memory. ++
 ++ It seems that you do not need that much memory so we recommend        ++
 ++ requesting less memory in other similar jobs.                         ++
 +++++++++++++++++++++++++++++++++++++++++++++++++++++++++++++++++++++++++++
 
*****************************************************************************



*****************************************************************************
*****************************************************************************
*                                                                           *
*                                                                           *
*                    JOB EFFICIENCY REPORT (seff 10932540)                   *
*                    JOB EFFICIENCY REPORT (seff 10932540)                   *
*                                                                           *
*                                                                           *
*****************************************************************************
*****************************************************************************


Job ID: 10932540
Job ID: 10932540
Cluster: finisterrae3
Cluster: finisterrae3
User/Group: curso341/ulc
User/Group: curso341/ulc
State: COMPLETED (exit code 0)
State: COMPLETED (exit code 0)
Nodes: 5
Nodes: 5
Cores per node: 64
Cores per node: 64
CPU Utilized: 00:05:44
CPU Utilized: 00:05:44
CPU Efficiency: 1.22% of 07:49:20 core-walltime
CPU Efficiency: 1.22% of 07:49:20 core-walltime
Job Wall-clock time: 00:01:28
Job Wall-clock time: 00:01:28
Memory Utilized: 3.95 GB (estimated maximum)
Memory Utilized: 3.95 GB (estimated maximum)
Memory Efficiency: 0.36% of 1.06 TB (3.39 GB/core)
Memory Efficiency: 0.36% of 1.06 TB (3.39 GB/core)



 +++++++++++++++++++++++++++++++++++++++++++++++++++++++++++++++++++++++++++
*****************************************************************************
 +++++++++++++++++++++++++++++++++++++++++++++++++++++++++++++++++++++++++++
 ++   Memory Efficiency is too small. Please review the requested memory. ++
*                                                                           *
 ++   Memory Efficiency is too small. Please review the requested memory. ++
 ++ It seems that you do not need that much memory so we recommend        ++
*                    JOB EFFICIENCY REPORT (seff 10932540)                   *
 ++ It seems that you do not need that much memory so we recommend        ++
 ++ requesting less memory in other similar jobs.                         ++
*                                                                           *
 ++ requesting less memory in other similar jobs.                         ++
 +++++++++++++++++++++++++++++++++++++++++++++++++++++++++++++++++++++++++++
*****************************************************************************
 +++++++++++++++++++++++++++++++++++++++++++++++++++++++++++++++++++++++++++
 

 
*****************************************************************************
Job ID: 10932540
*****************************************************************************

Cluster: finisterrae3

User/Group: curso341/ulc
State: COMPLETED (exit code 0)
Nodes: 5
Cores per node: 64
CPU Utilized: 00:06:03
CPU Efficiency: 1.29% of 07:49:20 core-walltime
Job Wall-clock time: 00:01:28
Memory Utilized: 3.95 GB (estimated maximum)
Memory Efficiency: 0.36% of 1.06 TB (3.39 GB/core)

 +++++++++++++++++++++++++++++++++++++++++++++++++++++++++++++++++++++++++++
 ++   Memory Efficiency is too small. Please review the requested memory. ++
 ++ It seems that you do not need that much memory so we recommend        ++
 ++ requesting less memory in other similar jobs.                         ++
 +++++++++++++++++++++++++++++++++++++++++++++++++++++++++++++++++++++++++++
 
*****************************************************************************


*****************************************************************************
*                                                                           *
*                    JOB EFFICIENCY REPORT (seff 10932540)                   *
*                                                                           *
*****************************************************************************

Job ID: 10932540
Cluster: finisterrae3
User/Group: curso341/ulc
State: COMPLETED (exit code 0)
Nodes: 5
Cores per node: 64
CPU Utilized: 00:08:57
CPU Efficiency: 1.91% of 07:49:20 core-walltime
Job Wall-clock time: 00:01:28
Memory Utilized: 6.12 GB
Memory Efficiency: 0.56% of 1.06 TB

 +++++++++++++++++++++++++++++++++++++++++++++++++++++++++++++++++++++++++++
 ++   Memory Efficiency is too small. Please review the requested memory. ++
 ++ It seems that you do not need that much memory so we recommend        ++
 ++ requesting less memory in other similar jobs.                         ++
 +++++++++++++++++++++++++++++++++++++++++++++++++++++++++++++++++++++++++++
 
*****************************************************************************

