slurmstepd: info: Setting TMPDIR to /scratch/10927309. Previous errors about TMPDIR can be discarded
Slurm job started at 10/03/2025_09:45:33 AM

In transit.
Initing Ray (1 head node + 8 worker nodes + 8 simulation nodes) on nodes: 
	ilk-150 ilk-151 ilk-152 ilk-153 ilk-154 ilk-155 ilk-156 ilk-163 ilk-164 ilk-165 ilk-166 ilk-167 ilk-170 ilk-171 ilk-172 ilk-173 ilk-175
Head node: 172.30.204.6:6379


RAY_DEPLOY_TIME:     23.78163
2025-03-10 09:46:00,886	INFO packaging.py:520 -- Creating a file package for local directory '/mnt/lustre/scratch/nlsas/home/ulc/cursos/curso341/dask_on_reisa_tests/E4/DASK_ON_REISA_ONE_ACTOR/derivative/P16-SN8-LS536-GS8589-I10-AN8-D2025-03-10_08-47-34'.
2025-03-10 09:46:00,913	INFO packaging.py:347 -- Pushing file package 'gcs://_ray_pkg_ff6de71b676fe100.zip' (0.48MiB) to Ray cluster...
2025-03-10 09:46:00,920	INFO packaging.py:360 -- Successfully pushed file package 'gcs://_ray_pkg_ff6de71b676fe100.zip'.
RAY_INIT_TIME:       3.74002
Iter [0]
Iter [1]
Iter [2]
Iter [3]
Iter [4]
Iter [5]
Iter [6]
Iter [7]
Iter [8]
Iter [9]
GLOBAL_PUT_TIME:     8.673266887664795 (avg:0.86733)
ACTOR_CONCURRENCY:   8
SIMULATION_TIME:     87.310928869999998 (avg: 8.731092886999999)
SIM_WTHOUT_PDI:      56.058584064000009 (avg: 5.605858406400001)
PDI_DELAY:           31.252344805999989 (avg: 3.125234480599999)

GLOBAL_SIZE_(GiB):   8388608
LOCAL_SIZE_(MiB):    512
ITERATIONS:          10

MPI_PER_NODE:        2
MPI_PARALLELISM:     16

WORKER_NODES:        8
CPUS_PER_WORKER:     64
WORKER_PARALLELISM:  512


SLURM_JOB_ID:        10927309
srun: Job step aborted: Waiting up to 32 seconds for job step to finish.
slurmstepd: error: *** JOB 10927309 ON ilk-150 CANCELLED AT 2025-03-10T10:05:39 DUE TO TIME LIMIT ***
slurmstepd: error: *** STEP 10927309.18 ON ilk-151 CANCELLED AT 2025-03-10T10:05:39 DUE TO TIME LIMIT ***
