slurmstepd: info: Setting TMPDIR to /scratch/10770597. Previous errors about TMPDIR can be discarded
Slurm job started at 25/02/2025_06:22:42 PM

In transit.
Initing Ray (1 head node + 8 worker nodes + 8 simulation nodes) on nodes: 
	ilk-4 ilk-34 ilk-69 ilk-82 ilk-95 ilk-111 ilk-152 ilk-166 ilk-170 ilk-177 ilk-185 ilk-188 ilk-206 ilk-234 ilk-243 ilk-247 ilk-253
Head node: 172.30.201.4:6379


RAY_DEPLOY_TIME:     23.80835
2025-02-25 18:23:09,276	INFO packaging.py:520 -- Creating a file package for local directory '/mnt/lustre/scratch/nlsas/home/ulc/cursos/curso341/dask_on_reisa_tests/E1/REISA/derivative/P16-SN8-LS268-GS4294-I12-AN8-D2025-02-25_18-08-46'.
2025-02-25 18:23:09,302	INFO packaging.py:347 -- Pushing file package 'gcs://_ray_pkg_23af92149cfa646e.zip' (0.48MiB) to Ray cluster...
2025-02-25 18:23:09,308	INFO packaging.py:360 -- Successfully pushed file package 'gcs://_ray_pkg_23af92149cfa646e.zip'.
RAY_INIT_TIME:       3.87295
Iter [0]
Iter [1]
Iter [2]
Iter [3]
Iter [4]
Iter [5]
Iter [6]
Iter [7]
Iter [8]
Iter [9]
Iter [10]
Iter [11]
EST_ANALYTICS_TIME:  34.27921 (avg:2.85660)
GLOBAL_PUT_TIME:     4.248836278915405 (avg:0.35407)
ACTOR_CONCURRENCY:   8
SIMULATION_TIME:     35.278701423000001 (avg: 2.939891785250000)
SIM_WTHOUT_PDI:      29.799162016000004 (avg: 2.483263501333334)
PDI_DELAY:           5.479539406999997 (avg: 0.456628283916666)

GLOBAL_SIZE_(GiB):   4194304
LOCAL_SIZE_(MiB):    256
ITERATIONS:          12

MPI_PER_NODE:        2
MPI_PARALLELISM:     16

WORKER_NODES:        8
CPUS_PER_WORKER:     30
WORKER_PARALLELISM:  240


SLURM_JOB_ID:        10770597

Slurm job finished at 25/02/2025_06:23:47 PM

*****************************************************************************
*                                                                           *
*                    JOB EFFICIENCY REPORT (seff 10770597)                   *
*                                                                           *
*****************************************************************************

Job ID: 10770597
Cluster: finisterrae3
User/Group: curso341/ulc
State: COMPLETED (exit code 0)
Nodes: 17
Cores per node: 40
CPU Utilized: 00:12:03
CPU Efficiency: 1.61% of 12:28:00 core-walltime
Job Wall-clock time: 00:01:06
Memory Utilized: 780.33 MB
Memory Efficiency: 0.03% of 2.66 TB

 +++++++++++++++++++++++++++++++++++++++++++++++++++++++++++++++++++++++++++
 ++   Memory Efficiency is too small. Please review the requested memory. ++
 ++ It seems that you do not need that much memory so we recommend        ++
 ++ requesting less memory in other similar jobs.                         ++
 +++++++++++++++++++++++++++++++++++++++++++++++++++++++++++++++++++++++++++
 
*****************************************************************************


*****************************************************************************
*                                                                           *
*                    JOB EFFICIENCY REPORT (seff 10770597)                   *
*                                                                           *
*****************************************************************************

Job ID: 10770597
Cluster: finisterrae3
User/Group: curso341/ulc
State: COMPLETED (exit code 0)
Nodes: 17
Cores per node: 40
CPU Utilized: 00:12:03
CPU Efficiency: 1.61% of 12:28:00 core-walltime
Job Wall-clock time: 00:01:06
Memory Utilized: 780.33 MB
Memory Efficiency: 0.03% of 2.66 TB

 +++++++++++++++++++++++++++++++++++++++++++++++++++++++++++++++++++++++++++
 ++   Memory Efficiency is too small. Please review the requested memory. ++
 ++ It seems that you do not need that much memory so we recommend        ++
 ++ requesting less memory in other similar jobs.                         ++
 +++++++++++++++++++++++++++++++++++++++++++++++++++++++++++++++++++++++++++
 
*****************************************************************************


*****************************************************************************
*                                                                           *
*                    JOB EFFICIENCY REPORT (seff 10770597)                   *
*                                                                           *
*****************************************************************************

Job ID: 10770597
Cluster: finisterrae3
User/Group: curso341/ulc
State: COMPLETED (exit code 0)
Nodes: 17
Cores per node: 40
CPU Utilized: 00:12:03
CPU Efficiency: 1.61% of 12:28:00 core-walltime
Job Wall-clock time: 00:01:06
Memory Utilized: 780.33 MB
Memory Efficiency: 0.03% of 2.66 TB

 +++++++++++++++++++++++++++++++++++++++++++++++++++++++++++++++++++++++++++
 ++   Memory Efficiency is too small. Please review the requested memory. ++
 ++ It seems that you do not need that much memory so we recommend        ++
 ++ requesting less memory in other similar jobs.                         ++
 +++++++++++++++++++++++++++++++++++++++++++++++++++++++++++++++++++++++++++
 
*****************************************************************************


*****************************************************************************
*                                                                           *
*                    JOB EFFICIENCY REPORT (seff 10770597)                   *
*                                                                           *
*****************************************************************************

Job ID: 10770597
Cluster: finisterrae3
User/Group: curso341/ulc
State: COMPLETED (exit code 0)
Nodes: 17
Cores per node: 40
CPU Utilized: 00:12:03
CPU Efficiency: 1.61% of 12:28:00 core-walltime
Job Wall-clock time: 00:01:06
Memory Utilized: 780.33 MB
Memory Efficiency: 0.03% of 2.66 TB

 +++++++++++++++++++++++++++++++++++++++++++++++++++++++++++++++++++++++++++
 ++   Memory Efficiency is too small. Please review the requested memory. ++
 ++ It seems that you do not need that much memory so we recommend        ++
 ++ requesting less memory in other similar jobs.                         ++
 +++++++++++++++++++++++++++++++++++++++++++++++++++++++++++++++++++++++++++
 
*****************************************************************************


*****************************************************************************
*                                                                           *
*                    JOB EFFICIENCY REPORT (seff 10770597)                   *
*                                                                           *
*****************************************************************************

Job ID: 10770597
Cluster: finisterrae3
User/Group: curso341/ulc
State: COMPLETED (exit code 0)
Nodes: 17
Cores per node: 40
CPU Utilized: 00:12:03
CPU Efficiency: 1.61% of 12:28:00 core-walltime
Job Wall-clock time: 00:01:06
Memory Utilized: 780.33 MB
Memory Efficiency: 0.03% of 2.66 TB

 +++++++++++++++++++++++++++++++++++++++++++++++++++++++++++++++++++++++++++
 ++   Memory Efficiency is too small. Please review the requested memory. ++
 ++ It seems that you do not need that much memory so we recommend        ++
 ++ requesting less memory in other similar jobs.                         ++
 +++++++++++++++++++++++++++++++++++++++++++++++++++++++++++++++++++++++++++
 
*****************************************************************************


*****************************************************************************
*                                                                           *
*                    JOB EFFICIENCY REPORT (seff 10770597)                   *
*                                                                           *
*****************************************************************************

Job ID: 10770597
Cluster: finisterrae3
User/Group: curso341/ulc
State: COMPLETED (exit code 0)
Nodes: 17
Cores per node: 40
CPU Utilized: 00:12:03
CPU Efficiency: 1.61% of 12:28:00 core-walltime
Job Wall-clock time: 00:01:06
Memory Utilized: 780.33 MB
Memory Efficiency: 0.03% of 2.66 TB

 +++++++++++++++++++++++++++++++++++++++++++++++++++++++++++++++++++++++++++
 ++   Memory Efficiency is too small. Please review the requested memory. ++
 ++ It seems that you do not need that much memory so we recommend        ++
 ++ requesting less memory in other similar jobs.                         ++
 +++++++++++++++++++++++++++++++++++++++++++++++++++++++++++++++++++++++++++
 
*****************************************************************************


*****************************************************************************
*                                                                           *
*                    JOB EFFICIENCY REPORT (seff 10770597)                   *
*                                                                           *
*****************************************************************************

Job ID: 10770597
Cluster: finisterrae3
User/Group: curso341/ulc
State: COMPLETED (exit code 0)
Nodes: 17
Cores per node: 40
CPU Utilized: 00:12:03
CPU Efficiency: 1.61% of 12:28:00 core-walltime
Job Wall-clock time: 00:01:06
Memory Utilized: 780.33 MB
Memory Efficiency: 0.03% of 2.66 TB

 +++++++++++++++++++++++++++++++++++++++++++++++++++++++++++++++++++++++++++
 ++   Memory Efficiency is too small. Please review the requested memory. ++
 ++ It seems that you do not need that much memory so we recommend        ++
 ++ requesting less memory in other similar jobs.                         ++
 +++++++++++++++++++++++++++++++++++++++++++++++++++++++++++++++++++++++++++
 
*****************************************************************************


*****************************************************************************
*                                                                           *
*                    JOB EFFICIENCY REPORT (seff 10770597)                   *
*                                                                           *
*****************************************************************************

Job ID: 10770597
Cluster: finisterrae3
User/Group: curso341/ulc
State: COMPLETED (exit code 0)
Nodes: 17
Cores per node: 40
CPU Utilized: 00:12:03
CPU Efficiency: 1.61% of 12:28:00 core-walltime
Job Wall-clock time: 00:01:06
Memory Utilized: 780.33 MB
Memory Efficiency: 0.03% of 2.66 TB

 +++++++++++++++++++++++++++++++++++++++++++++++++++++++++++++++++++++++++++
 ++   Memory Efficiency is too small. Please review the requested memory. ++
 ++ It seems that you do not need that much memory so we recommend        ++
 ++ requesting less memory in other similar jobs.                         ++
 +++++++++++++++++++++++++++++++++++++++++++++++++++++++++++++++++++++++++++
 
*****************************************************************************


*****************************************************************************
*                                                                           *
*                    JOB EFFICIENCY REPORT (seff 10770597)                   *
*                                                                           *
*****************************************************************************

Job ID: 10770597
Cluster: finisterrae3
User/Group: curso341/ulc
State: COMPLETED (exit code 0)
Nodes: 17
Cores per node: 40
CPU Utilized: 00:15:25
CPU Efficiency: 2.06% of 12:28:00 core-walltime
Job Wall-clock time: 00:01:06
Memory Utilized: 812.52 MB
Memory Efficiency: 0.03% of 2.66 TB

 +++++++++++++++++++++++++++++++++++++++++++++++++++++++++++++++++++++++++++
 ++   Memory Efficiency is too small. Please review the requested memory. ++
 ++ It seems that you do not need that much memory so we recommend        ++
 ++ requesting less memory in other similar jobs.                         ++
 +++++++++++++++++++++++++++++++++++++++++++++++++++++++++++++++++++++++++++
 
*****************************************************************************


*****************************************************************************
*                                                                           *
*                    JOB EFFICIENCY REPORT (seff 10770597)                   *
*                                                                           *
*****************************************************************************

Job ID: 10770597
Cluster: finisterrae3
User/Group: curso341/ulc
State: COMPLETED (exit code 0)
Nodes: 17
Cores per node: 40
CPU Utilized: 00:15:25
CPU Efficiency: 2.06% of 12:28:00 core-walltime
Job Wall-clock time: 00:01:06
Memory Utilized: 812.52 MB
Memory Efficiency: 0.03% of 2.66 TB

 +++++++++++++++++++++++++++++++++++++++++++++++++++++++++++++++++++++++++++
 ++   Memory Efficiency is too small. Please review the requested memory. ++
 ++ It seems that you do not need that much memory so we recommend        ++
 ++ requesting less memory in other similar jobs.                         ++
 +++++++++++++++++++++++++++++++++++++++++++++++++++++++++++++++++++++++++++
 
*****************************************************************************


*****************************************************************************
*                                                                           *
*                    JOB EFFICIENCY REPORT (seff 10770597)                   *
*                                                                           *
*****************************************************************************

Job ID: 10770597
Cluster: finisterrae3
User/Group: curso341/ulc
State: COMPLETED (exit code 0)
Nodes: 17
Cores per node: 40
CPU Utilized: 00:15:25
CPU Efficiency: 2.06% of 12:28:00 core-walltime
Job Wall-clock time: 00:01:06
Memory Utilized: 812.52 MB
Memory Efficiency: 0.03% of 2.66 TB

 +++++++++++++++++++++++++++++++++++++++++++++++++++++++++++++++++++++++++++
 ++   Memory Efficiency is too small. Please review the requested memory. ++
 ++ It seems that you do not need that much memory so we recommend        ++
 ++ requesting less memory in other similar jobs.                         ++
 +++++++++++++++++++++++++++++++++++++++++++++++++++++++++++++++++++++++++++
 
*****************************************************************************


*****************************************************************************
*                                                                           *
*                    JOB EFFICIENCY REPORT (seff 10770597)                   *
*                                                                           *
*****************************************************************************

Job ID: 10770597
Cluster: finisterrae3
User/Group: curso341/ulc
State: COMPLETED (exit code 0)
Nodes: 17
Cores per node: 40
CPU Utilized: 00:15:25
CPU Efficiency: 2.06% of 12:28:00 core-walltime
Job Wall-clock time: 00:01:06
Memory Utilized: 812.52 MB
Memory Efficiency: 0.03% of 2.66 TB

 +++++++++++++++++++++++++++++++++++++++++++++++++++++++++++++++++++++++++++
 ++   Memory Efficiency is too small. Please review the requested memory. ++
 ++ It seems that you do not need that much memory so we recommend        ++
 ++ requesting less memory in other similar jobs.                         ++
 +++++++++++++++++++++++++++++++++++++++++++++++++++++++++++++++++++++++++++
 
*****************************************************************************


*****************************************************************************
*                                                                           *
*                    JOB EFFICIENCY REPORT (seff 10770597)                   *
*                                                                           *
*****************************************************************************

Job ID: 10770597
Cluster: finisterrae3
User/Group: curso341/ulc
State: COMPLETED (exit code 0)
Nodes: 17
Cores per node: 40
CPU Utilized: 00:15:25
CPU Efficiency: 2.06% of 12:28:00 core-walltime
Job Wall-clock time: 00:01:06
Memory Utilized: 812.52 MB
Memory Efficiency: 0.03% of 2.66 TB

 +++++++++++++++++++++++++++++++++++++++++++++++++++++++++++++++++++++++++++
 ++   Memory Efficiency is too small. Please review the requested memory. ++
 ++ It seems that you do not need that much memory so we recommend        ++
 ++ requesting less memory in other similar jobs.                         ++
 +++++++++++++++++++++++++++++++++++++++++++++++++++++++++++++++++++++++++++
 
*****************************************************************************


*****************************************************************************
*                                                                           *
*                    JOB EFFICIENCY REPORT (seff 10770597)                   *
*                                                                           *
*****************************************************************************

Job ID: 10770597
Cluster: finisterrae3
User/Group: curso341/ulc
State: COMPLETED (exit code 0)
Nodes: 17
Cores per node: 40
CPU Utilized: 00:15:39
CPU Efficiency: 2.09% of 12:28:00 core-walltime
Job Wall-clock time: 00:01:06
Memory Utilized: 812.52 MB
Memory Efficiency: 0.03% of 2.66 TB

 +++++++++++++++++++++++++++++++++++++++++++++++++++++++++++++++++++++++++++
 ++   Memory Efficiency is too small. Please review the requested memory. ++
 ++ It seems that you do not need that much memory so we recommend        ++
 ++ requesting less memory in other similar jobs.                         ++
 +++++++++++++++++++++++++++++++++++++++++++++++++++++++++++++++++++++++++++
 
*****************************************************************************


*****************************************************************************
*                                                                           *
*                    JOB EFFICIENCY REPORT (seff 10770597)                   *
*                                                                           *
*****************************************************************************

Job ID: 10770597
Cluster: finisterrae3
User/Group: curso341/ulc
State: COMPLETED (exit code 0)
Nodes: 17
Cores per node: 40
CPU Utilized: 00:24:30
CPU Efficiency: 3.28% of 12:28:00 core-walltime
Job Wall-clock time: 00:01:06
Memory Utilized: 8.14 GB
Memory Efficiency: 0.30% of 2.66 TB

 +++++++++++++++++++++++++++++++++++++++++++++++++++++++++++++++++++++++++++
 ++   Memory Efficiency is too small. Please review the requested memory. ++
 ++ It seems that you do not need that much memory so we recommend        ++
 ++ requesting less memory in other similar jobs.                         ++
 +++++++++++++++++++++++++++++++++++++++++++++++++++++++++++++++++++++++++++
 
*****************************************************************************


*****************************************************************************
*                                                                           *
*                    JOB EFFICIENCY REPORT (seff 10770597)                   *
*                                                                           *
*****************************************************************************

Job ID: 10770597
Cluster: finisterrae3
User/Group: curso341/ulc
State: COMPLETED (exit code 0)
Nodes: 17
Cores per node: 40
CPU Utilized: 00:24:30
CPU Efficiency: 3.28% of 12:28:00 core-walltime
Job Wall-clock time: 00:01:06
Memory Utilized: 8.14 GB
Memory Efficiency: 0.30% of 2.66 TB

 +++++++++++++++++++++++++++++++++++++++++++++++++++++++++++++++++++++++++++
 ++   Memory Efficiency is too small. Please review the requested memory. ++
 ++ It seems that you do not need that much memory so we recommend        ++
 ++ requesting less memory in other similar jobs.                         ++
 +++++++++++++++++++++++++++++++++++++++++++++++++++++++++++++++++++++++++++
 
*****************************************************************************


*****************************************************************************
*                                                                           *
*                    JOB EFFICIENCY REPORT (seff 10770597)                   *
*                                                                           *
*****************************************************************************

Job ID: 10770597
Cluster: finisterrae3
User/Group: curso341/ulc
State: COMPLETED (exit code 0)
Nodes: 17
Cores per node: 40
CPU Utilized: 00:24:30
CPU Efficiency: 3.28% of 12:28:00 core-walltime
Job Wall-clock time: 00:01:06
Memory Utilized: 8.14 GB
Memory Efficiency: 0.30% of 2.66 TB

 +++++++++++++++++++++++++++++++++++++++++++++++++++++++++++++++++++++++++++
 ++   Memory Efficiency is too small. Please review the requested memory. ++
 ++ It seems that you do not need that much memory so we recommend        ++
 ++ requesting less memory in other similar jobs.                         ++
 +++++++++++++++++++++++++++++++++++++++++++++++++++++++++++++++++++++++++++
 
*****************************************************************************

