slurmstepd: info: Setting TMPDIR to /scratch/10908885. Previous errors about TMPDIR can be discarded
Slurm job started at 07/03/2025_10:19:37 PM

In transit.
Initing Ray (1 head node + 2 worker nodes + 4 simulation nodes) on nodes: 
	ilk-241 ilk-243 ilk-244 ilk-245 ilk-246 ilk-247 ilk-248
Head node: 172.30.211.14:6379


RAY_DEPLOY_TIME:     23.37821
2025-03-07 22:20:02,632	INFO packaging.py:520 -- Creating a file package for local directory '/mnt/lustre/scratch/nlsas/home/ulc/cursos/curso341/dask_on_reisa_tests/E2/REISA_ONE_ACTOR/derivative/P128-SN4-LS1-GS134-I10-AN2-D2025-03-07_21-32-28'.
2025-03-07 22:20:02,661	INFO packaging.py:347 -- Pushing file package 'gcs://_ray_pkg_01161f0135b33740.zip' (0.48MiB) to Ray cluster...
2025-03-07 22:20:02,668	INFO packaging.py:360 -- Successfully pushed file package 'gcs://_ray_pkg_01161f0135b33740.zip'.
RAY_INIT_TIME:       2.98739
Iter [0]
Iter [1]
Iter [2]
Iter [3]
Iter [4]
Iter [5]
Iter [6]
Iter [7]
Iter [8]
Iter [9]
GLOBAL_PUT_TIME:     0.06940364837646484 (avg:0.00694)
ACTOR_CONCURRENCY:   8
EST_ANALYTICS_TIME:  31.24670 (avg:3.12467)
SIMULATION_TIME:     30.440142611000002 (avg: 3.044014261100000)
SIM_WTHOUT_PDI:      17.217563318000000 (avg: 1.721756331800000)
PDI_DELAY:           13.222579293000003 (avg: 1.322257929300000)

GLOBAL_SIZE_(GiB):   131072
LOCAL_SIZE_(MiB):    1
ITERATIONS:          10

MPI_PER_NODE:        32
MPI_PARALLELISM:     128

WORKER_NODES:        2
CPUS_PER_WORKER:     64
WORKER_PARALLELISM:  128


SLURM_JOB_ID:        10908885

Slurm job finished at 07/03/2025_10:20:37 PM

*****************************************************************************
*                                                                           *
*                    JOB EFFICIENCY REPORT (seff 10908885)                   *
*                                                                           *
*****************************************************************************

Job ID: 10908885
Cluster: finisterrae3
User/Group: curso341/ulc
State: COMPLETED (exit code 0)
Nodes: 7
Cores per node: 64
CPU Utilized: 00:40:32
CPU Efficiency: 8.76% of 07:42:56 core-walltime
Job Wall-clock time: 00:01:02
Memory Utilized: 294.71 MB
Memory Efficiency: 0.02% of 1.48 TB

 +++++++++++++++++++++++++++++++++++++++++++++++++++++++++++++++++++++++++++
 ++   Memory Efficiency is too small. Please review the requested memory. ++
 ++ It seems that you do not need that much memory so we recommend        ++
 ++ requesting less memory in other similar jobs.                         ++
 +++++++++++++++++++++++++++++++++++++++++++++++++++++++++++++++++++++++++++
 
*****************************************************************************


*****************************************************************************
*                                                                           *
*                    JOB EFFICIENCY REPORT (seff 10908885)                   *
*                                                                           *
*****************************************************************************

Job ID: 10908885
Cluster: finisterrae3
User/Group: curso341/ulc
State: COMPLETED (exit code 0)
Nodes: 7
Cores per node: 64
CPU Utilized: 00:40:32
CPU Efficiency: 8.76% of 07:42:56 core-walltime
Job Wall-clock time: 00:01:02
Memory Utilized: 294.71 MB
Memory Efficiency: 0.02% of 1.48 TB

 +++++++++++++++++++++++++++++++++++++++++++++++++++++++++++++++++++++++++++
 ++   Memory Efficiency is too small. Please review the requested memory. ++
 ++ It seems that you do not need that much memory so we recommend        ++
 ++ requesting less memory in other similar jobs.                         ++
 +++++++++++++++++++++++++++++++++++++++++++++++++++++++++++++++++++++++++++
 
*****************************************************************************


*****************************************************************************
*                                                                           *
*                    JOB EFFICIENCY REPORT (seff 10908885)                   *
*                                                                           *
*****************************************************************************

Job ID: 10908885
Cluster: finisterrae3
User/Group: curso341/ulc
State: COMPLETED (exit code 0)
Nodes: 7
Cores per node: 64
CPU Utilized: 00:40:32
CPU Efficiency: 8.76% of 07:42:56 core-walltime
Job Wall-clock time: 00:01:02
Memory Utilized: 294.71 MB
Memory Efficiency: 0.02% of 1.48 TB

 +++++++++++++++++++++++++++++++++++++++++++++++++++++++++++++++++++++++++++
 ++   Memory Efficiency is too small. Please review the requested memory. ++
 ++ It seems that you do not need that much memory so we recommend        ++
 ++ requesting less memory in other similar jobs.                         ++
 +++++++++++++++++++++++++++++++++++++++++++++++++++++++++++++++++++++++++++
 
*****************************************************************************


*****************************************************************************
*                                                                           *
*                    JOB EFFICIENCY REPORT (seff 10908885)                   *
*                                                                           *
*****************************************************************************

Job ID: 10908885
Cluster: finisterrae3
User/Group: curso341/ulc
State: COMPLETED (exit code 0)
Nodes: 7
Cores per node: 64
CPU Utilized: 00:40:32
CPU Efficiency: 8.76% of 07:42:56 core-walltime
Job Wall-clock time: 00:01:02
Memory Utilized: 294.71 MB
Memory Efficiency: 0.02% of 1.48 TB

 +++++++++++++++++++++++++++++++++++++++++++++++++++++++++++++++++++++++++++
 ++   Memory Efficiency is too small. Please review the requested memory. ++
 ++ It seems that you do not need that much memory so we recommend        ++
 ++ requesting less memory in other similar jobs.                         ++
 +++++++++++++++++++++++++++++++++++++++++++++++++++++++++++++++++++++++++++
 
*****************************************************************************


*****************************************************************************
*                                                                           *
*                    JOB EFFICIENCY REPORT (seff 10908885)                   *
*                                                                           *
*****************************************************************************

Job ID: 10908885
Cluster: finisterrae3
User/Group: curso341/ulc
State: COMPLETED (exit code 0)
Nodes: 7
Cores per node: 64
CPU Utilized: 00:40:32
CPU Efficiency: 8.76% of 07:42:56 core-walltime
Job Wall-clock time: 00:01:02
Memory Utilized: 294.71 MB
Memory Efficiency: 0.02% of 1.48 TB

 +++++++++++++++++++++++++++++++++++++++++++++++++++++++++++++++++++++++++++
 ++   Memory Efficiency is too small. Please review the requested memory. ++
 ++ It seems that you do not need that much memory so we recommend        ++
 ++ requesting less memory in other similar jobs.                         ++
 +++++++++++++++++++++++++++++++++++++++++++++++++++++++++++++++++++++++++++
 
*****************************************************************************


*****************************************************************************
*                                                                           *
*                    JOB EFFICIENCY REPORT (seff 10908885)                   *
*                                                                           *
*****************************************************************************

Job ID: 10908885
Cluster: finisterrae3
User/Group: curso341/ulc
State: COMPLETED (exit code 0)
Nodes: 7
Cores per node: 64
CPU Utilized: 00:40:32
CPU Efficiency: 8.76% of 07:42:56 core-walltime
Job Wall-clock time: 00:01:02
Memory Utilized: 294.71 MB
Memory Efficiency: 0.02% of 1.48 TB

 +++++++++++++++++++++++++++++++++++++++++++++++++++++++++++++++++++++++++++
 ++   Memory Efficiency is too small. Please review the requested memory. ++
 ++ It seems that you do not need that much memory so we recommend        ++
 ++ requesting less memory in other similar jobs.                         ++
 +++++++++++++++++++++++++++++++++++++++++++++++++++++++++++++++++++++++++++
 
*****************************************************************************


*****************************************************************************
*                                                                           *
*                    JOB EFFICIENCY REPORT (seff 10908885)                   *
*                                                                           *
*****************************************************************************

Job ID: 10908885
Cluster: finisterrae3
User/Group: curso341/ulc
State: COMPLETED (exit code 0)
Nodes: 7
Cores per node: 64
CPU Utilized: 00:40:52
CPU Efficiency: 8.83% of 07:42:56 core-walltime
Job Wall-clock time: 00:01:02
Memory Utilized: 633.79 MB
Memory Efficiency: 0.04% of 1.48 TB

 +++++++++++++++++++++++++++++++++++++++++++++++++++++++++++++++++++++++++++
 ++   Memory Efficiency is too small. Please review the requested memory. ++
 ++ It seems that you do not need that much memory so we recommend        ++
 ++ requesting less memory in other similar jobs.                         ++
 +++++++++++++++++++++++++++++++++++++++++++++++++++++++++++++++++++++++++++
 
*****************************************************************************

