slurmstepd: info: Setting TMPDIR to /scratch/10908862. Previous errors about TMPDIR can be discarded
Slurm job started at 07/03/2025_10:02:30 PM

In transit.
Initing Ray (1 head node + 2 worker nodes + 4 simulation nodes) on nodes: 
	ilk-153 ilk-161 ilk-166 ilk-167 ilk-196 ilk-203 ilk-234
Head node: 172.30.204.9:6379


RAY_DEPLOY_TIME:     23.43724
2025-03-07 22:02:56,568	INFO packaging.py:520 -- Creating a file package for local directory '/mnt/lustre/scratch/nlsas/home/ulc/cursos/curso341/dask_on_reisa_tests/E2/REISA/derivative/P128-SN4-LS1-GS134-I10-AN2-D2025-03-07_21-31-38'.
2025-03-07 22:02:56,596	INFO packaging.py:347 -- Pushing file package 'gcs://_ray_pkg_b055a1f8b2c37467.zip' (0.48MiB) to Ray cluster...
2025-03-07 22:02:56,602	INFO packaging.py:360 -- Successfully pushed file package 'gcs://_ray_pkg_b055a1f8b2c37467.zip'.
RAY_INIT_TIME:       3.41875
Iter [0]
Iter [1]
Iter [2]
Iter [3]
Iter [4]
Iter [5]
Iter [6]
Iter [7]
Iter [8]
Iter [9]
GLOBAL_PUT_TIME:     0.028606176376342773 (avg:0.00286)
ACTOR_CONCURRENCY:   8
SIMULATION_TIME:     5.826603036000001 (avg: 0.582660303600000)
SIM_WTHOUT_PDI:      2.428032597000001 (avg: 0.242803259700000)
PDI_DELAY:           3.398570438999999 (avg: 0.339857043900000)

GLOBAL_SIZE_(GiB):   131072
LOCAL_SIZE_(MiB):    1
ITERATIONS:          10

MPI_PER_NODE:        32
MPI_PARALLELISM:     128

WORKER_NODES:        2
CPUS_PER_WORKER:     64
WORKER_PARALLELISM:  128


SLURM_JOB_ID:        10908862
EST_ANALYTICS_TIME:  8.22984 (avg:0.82298)

Slurm job finished at 07/03/2025_10:03:08 PM

*****************************************************************************
*                                                                           *
*                    JOB EFFICIENCY REPORT (seff 10908862)                   *
*                                                                           *
*****************************************************************************

Job ID: 10908862
Cluster: finisterrae3
User/Group: curso341/ulc
State: COMPLETED (exit code 0)
Nodes: 7
Cores per node: 64
CPU Utilized: 00:15:10
CPU Efficiency: 5.08% of 04:58:40 core-walltime
Job Wall-clock time: 00:00:40
Memory Utilized: 24.43 GB (estimated maximum)
Memory Efficiency: 1.61% of 1.48 TB (3.39 GB/core)

 +++++++++++++++++++++++++++++++++++++++++++++++++++++++++++++++++++++++++++
 ++   Memory Efficiency is too small. Please review the requested memory. ++
 ++ It seems that you do not need that much memory so we recommend        ++
 ++ requesting less memory in other similar jobs.                         ++
 +++++++++++++++++++++++++++++++++++++++++++++++++++++++++++++++++++++++++++
 
*****************************************************************************


*****************************************************************************
*                                                                           *
*                    JOB EFFICIENCY REPORT (seff 10908862)                   *
*                                                                           *
*****************************************************************************

Job ID: 10908862
Cluster: finisterrae3
User/Group: curso341/ulc
State: COMPLETED (exit code 0)
Nodes: 7
Cores per node: 64
CPU Utilized: 00:15:10
CPU Efficiency: 5.08% of 04:58:40 core-walltime
Job Wall-clock time: 00:00:40
Memory Utilized: 24.43 GB (estimated maximum)
Memory Efficiency: 1.61% of 1.48 TB (3.39 GB/core)

 +++++++++++++++++++++++++++++++++++++++++++++++++++++++++++++++++++++++++++
 ++   Memory Efficiency is too small. Please review the requested memory. ++
 ++ It seems that you do not need that much memory so we recommend        ++
 ++ requesting less memory in other similar jobs.                         ++
 +++++++++++++++++++++++++++++++++++++++++++++++++++++++++++++++++++++++++++
 
*****************************************************************************


*****************************************************************************
*                                                                           *
*                    JOB EFFICIENCY REPORT (seff 10908862)                   *
*                                                                           *
*****************************************************************************

Job ID: 10908862
Cluster: finisterrae3
User/Group: curso341/ulc
State: COMPLETED (exit code 0)
Nodes: 7
Cores per node: 64
CPU Utilized: 00:15:10
CPU Efficiency: 5.08% of 04:58:40 core-walltime
Job Wall-clock time: 00:00:40
Memory Utilized: 24.43 GB (estimated maximum)
Memory Efficiency: 1.61% of 1.48 TB (3.39 GB/core)

 +++++++++++++++++++++++++++++++++++++++++++++++++++++++++++++++++++++++++++
 ++   Memory Efficiency is too small. Please review the requested memory. ++
 ++ It seems that you do not need that much memory so we recommend        ++
 ++ requesting less memory in other similar jobs.                         ++
 +++++++++++++++++++++++++++++++++++++++++++++++++++++++++++++++++++++++++++
 
*****************************************************************************


*****************************************************************************
*                                                                           *
*                    JOB EFFICIENCY REPORT (seff 10908862)                   *
*                                                                           *
*****************************************************************************

Job ID: 10908862
Cluster: finisterrae3
User/Group: curso341/ulc
State: COMPLETED (exit code 0)
Nodes: 7
Cores per node: 64
CPU Utilized: 00:15:10
CPU Efficiency: 5.08% of 04:58:40 core-walltime
Job Wall-clock time: 00:00:40
Memory Utilized: 24.43 GB (estimated maximum)
Memory Efficiency: 1.61% of 1.48 TB (3.39 GB/core)

 +++++++++++++++++++++++++++++++++++++++++++++++++++++++++++++++++++++++++++
 ++   Memory Efficiency is too small. Please review the requested memory. ++
 ++ It seems that you do not need that much memory so we recommend        ++
 ++ requesting less memory in other similar jobs.                         ++
 +++++++++++++++++++++++++++++++++++++++++++++++++++++++++++++++++++++++++++
 
*****************************************************************************


*****************************************************************************
*                                                                           *
*                    JOB EFFICIENCY REPORT (seff 10908862)                   *
*                                                                           *
*****************************************************************************

Job ID: 10908862
Cluster: finisterrae3
User/Group: curso341/ulc
State: COMPLETED (exit code 0)
Nodes: 7
Cores per node: 64
CPU Utilized: 00:15:10
CPU Efficiency: 5.08% of 04:58:40 core-walltime
Job Wall-clock time: 00:00:40
Memory Utilized: 24.43 GB (estimated maximum)
Memory Efficiency: 1.61% of 1.48 TB (3.39 GB/core)

 +++++++++++++++++++++++++++++++++++++++++++++++++++++++++++++++++++++++++++
 ++   Memory Efficiency is too small. Please review the requested memory. ++
 ++ It seems that you do not need that much memory so we recommend        ++
 ++ requesting less memory in other similar jobs.                         ++
 +++++++++++++++++++++++++++++++++++++++++++++++++++++++++++++++++++++++++++
 
*****************************************************************************


*****************************************************************************
*                                                                           *
*                    JOB EFFICIENCY REPORT (seff 10908862)                   *
*                                                                           *
*****************************************************************************

Job ID: 10908862
Cluster: finisterrae3
User/Group: curso341/ulc
State: COMPLETED (exit code 0)
Nodes: 7
Cores per node: 64
CPU Utilized: 00:19:01
CPU Efficiency: 6.37% of 04:58:40 core-walltime
Job Wall-clock time: 00:00:40
Memory Utilized: 24.43 GB (estimated maximum)
Memory Efficiency: 1.61% of 1.48 TB (3.39 GB/core)

 +++++++++++++++++++++++++++++++++++++++++++++++++++++++++++++++++++++++++++
 ++   Memory Efficiency is too small. Please review the requested memory. ++
 ++ It seems that you do not need that much memory so we recommend        ++
 ++ requesting less memory in other similar jobs.                         ++
 +++++++++++++++++++++++++++++++++++++++++++++++++++++++++++++++++++++++++++
 
*****************************************************************************


*****************************************************************************
*                                                                           *
*                    JOB EFFICIENCY REPORT (seff 10908862)                   *
*                                                                           *
*****************************************************************************

Job ID: 10908862
Cluster: finisterrae3
User/Group: curso341/ulc
State: COMPLETED (exit code 0)
Nodes: 7
Cores per node: 64
CPU Utilized: 00:19:22
CPU Efficiency: 6.48% of 04:58:40 core-walltime
Job Wall-clock time: 00:00:40
Memory Utilized: 609.28 MB
Memory Efficiency: 0.04% of 1.48 TB

 +++++++++++++++++++++++++++++++++++++++++++++++++++++++++++++++++++++++++++
 ++   Memory Efficiency is too small. Please review the requested memory. ++
 ++ It seems that you do not need that much memory so we recommend        ++
 ++ requesting less memory in other similar jobs.                         ++
 +++++++++++++++++++++++++++++++++++++++++++++++++++++++++++++++++++++++++++
 
*****************************************************************************

