slurmstepd: info: Setting TMPDIR to /scratch/10935934. Previous errors about TMPDIR can be discarded
Slurm job started at 11/03/2025_08:52:32 AM

In transit.
Initing Ray (1 head node + 8 worker nodes + 16 simulation nodes) on nodes: 
	ilk-154 ilk-155 ilk-156 ilk-158 ilk-195 ilk-196 ilk-206 ilk-211 ilk-214 ilk-216 ilk-217 ilk-220 ilk-221 ilk-222 ilk-223 ilk-225 ilk-228 ilk-229 ilk-230 ilk-233 ilk-235 ilk-236 ilk-237 ilk-238 ilk-239
Head node: 172.30.204.10:6379


RAY_DEPLOY_TIME:     23.33904
2025-03-11 08:52:57,455	INFO packaging.py:520 -- Creating a file package for local directory '/mnt/lustre/scratch/nlsas/home/ulc/cursos/curso341/dask_on_reisa_tests/E6/REISA/derivative/P512-SN16-LS1-GS536-I10-AN8-D2025-03-11_08-51-18'.
2025-03-11 08:52:57,483	INFO packaging.py:347 -- Pushing file package 'gcs://_ray_pkg_7f7eb63bbe6dee2e.zip' (0.48MiB) to Ray cluster...
2025-03-11 08:52:57,489	INFO packaging.py:360 -- Successfully pushed file package 'gcs://_ray_pkg_7f7eb63bbe6dee2e.zip'.
RAY_INIT_TIME:       5.23603
Iter [0]
Iter [1]
Iter [2]
Iter [3]
Iter [4]
Iter [5]
Iter [6]
Iter [7]
Iter [8]
Iter [9]
GLOBAL_PUT_TIME:     0.034216880798339844 (avg:0.00342)
ACTOR_CONCURRENCY:   8
SIMULATION_TIME:     10.130929886000001 (avg: 1.013092988600000)
SIM_WTHOUT_PDI:      5.638781457000002 (avg: 0.563878145700000)
PDI_DELAY:           4.492148428999998 (avg: 0.449214842900000)

GLOBAL_SIZE_(GiB):   524288
LOCAL_SIZE_(MiB):    1
ITERATIONS:          10

MPI_PER_NODE:        32
MPI_PARALLELISM:     512

WORKER_NODES:        8
CPUS_PER_WORKER:     64
WORKER_PARALLELISM:  512


SLURM_JOB_ID:        10935934
EST_ANALYTICS_TIME:  610.37226 (avg:61.03723)
Traceback (most recent call last):
  File "/mnt/lustre/scratch/nlsas/home/ulc/cursos/curso341/dask_on_reisa_tests/E6/REISA/derivative/P512-SN16-LS1-GS536-I10-AN8-D2025-03-11_08-51-18/derivative.py", line 65, in <module>
    result = handler.get_result(process_func, iter_func, global_func=global_func, selected_iters=iterations, kept_iters=5, timeline=False)
  File "/mnt/lustre/scratch/nlsas/home/ulc/cursos/curso341/dask_on_reisa_tests/E6/REISA/derivative/P512-SN16-LS1-GS536-I10-AN8-D2025-03-11_08-51-18/reisa.py", line 156, in get_result
    return global_func(RayList(results))
  File "/mnt/lustre/scratch/nlsas/home/ulc/cursos/curso341/dask_on_reisa_tests/E6/REISA/derivative/P512-SN16-LS1-GS536-I10-AN8-D2025-03-11_08-51-18/derivative.py", line 58, in global_func
    return np.average(final_results[:])
  File "/mnt/lustre/scratch/nlsas/home/ulc/cursos/curso341/dask_on_reisa_tests/E6/REISA/derivative/P512-SN16-LS1-GS536-I10-AN8-D2025-03-11_08-51-18/reisa.py", line 50, in __getitem__
    return ray.get(RayList(item))
  File "/home/ulc/cursos/curso341/.local/lib/python3.9/site-packages/ray/_private/client_mode_hook.py", line 104, in wrapper
    return getattr(ray, func.__name__)(*args, **kwargs)
  File "/home/ulc/cursos/curso341/.local/lib/python3.9/site-packages/ray/util/client/api.py", line 42, in get
    return self.worker.get(vals, timeout=timeout)
  File "/home/ulc/cursos/curso341/.local/lib/python3.9/site-packages/ray/util/client/worker.py", line 434, in get
    res = self._get(to_get, op_timeout)
  File "/home/ulc/cursos/curso341/.local/lib/python3.9/site-packages/ray/util/client/worker.py", line 462, in _get
    raise err
ray.exceptions.RayTaskError: [36mray::iter_task()[39m (pid=1613379, ip=172.30.205.19)
  File "/mnt/lustre/scratch/nlsas/home/ulc/cursos/curso341/dask_on_reisa_tests/E6/REISA/derivative/P512-SN16-LS1-GS536-I10-AN8-D2025-03-11_08-51-18/reisa.py", line 146, in iter_task
    return iter_func(i, RayList(itertools.chain.from_iterable(current_results)))
  File "/mnt/lustre/scratch/nlsas/home/ulc/cursos/curso341/dask_on_reisa_tests/E6/REISA/derivative/P512-SN16-LS1-GS536-I10-AN8-D2025-03-11_08-51-18/derivative.py", line 48, in iter_func
    return np.average(current_results[:])
  File "/scratch/10935934/ray/session_2025-03-11_08-52-33_482352_4087212/runtime_resources/working_dir_files/_ray_pkg_7f7eb63bbe6dee2e/reisa.py", line 50, in __getitem__
    return ray.get(RayList(item))
ray.exceptions.RayTaskError: [36mray::process_task()[39m (pid=359194, ip=172.30.204.12)
  File "/mnt/lustre/scratch/nlsas/home/ulc/cursos/curso341/dask_on_reisa_tests/E6/REISA/derivative/P512-SN16-LS1-GS536-I10-AN8-D2025-03-11_08-51-18/reisa.py", line 127, in process_task
    return process_func(rank, i, queue)
  File "/mnt/lustre/scratch/nlsas/home/ulc/cursos/curso341/dask_on_reisa_tests/E6/REISA/derivative/P512-SN16-LS1-GS536-I10-AN8-D2025-03-11_08-51-18/derivative.py", line 35, in process_func
    gt = np.array(queue[-5:])
  File "/mnt/lustre/scratch/nlsas/home/ulc/cursos/curso341/dask_on_reisa_tests/E6/REISA/derivative/P512-SN16-LS1-GS536-I10-AN8-D2025-03-11_08-51-18/reisa.py", line 50, in __getitem__
    return ray.get(RayList(item))
ray.exceptions.ObjectFetchTimedOutError: Failed to retrieve object 00ffffffffffffffffffffffffffffffffffffffb701000004000000. To see information about where this ObjectRef was created in Python, set the environment variable RAY_record_ref_creation_sites=1 during `ray start` and `ray.init()`.

Fetch for object 00ffffffffffffffffffffffffffffffffffffffb701000004000000 timed out because no locations were found for the object. This may indicate a system-level bug.
srun: error: ilk-155: task 0: Exited with exit code 1
srun: launch/slurm: _step_signal: Terminating StepId=10935934.26

Slurm job finished at 11/03/2025_09:03:13 AM

*****************************************************************************
*                                                                           *
*                    JOB EFFICIENCY REPORT (seff 10935934)                   *
*                                                                           *
*****************************************************************************

Job ID: 10935934
Cluster: finisterrae3
User/Group: curso341/ulc
State: COMPLETED (exit code 0)
Nodes: 25
Cores per node: 64
CPU Utilized: 01:17:31
CPU Efficiency: 0.45% of 11-21:46:40 core-walltime
Job Wall-clock time: 00:10:43
Memory Utilized: 6.85 GB
Memory Efficiency: 0.13% of 5.30 TB

 +++++++++++++++++++++++++++++++++++++++++++++++++++++++++++++++++++++++++++
 ++   Memory Efficiency is too small. Please review the requested memory. ++
 ++ It seems that you do not need that much memory so we recommend        ++
 ++ requesting less memory in other similar jobs.                         ++
 +++++++++++++++++++++++++++++++++++++++++++++++++++++++++++++++++++++++++++
 
*****************************************************************************


*****************************************************************************
*                                                                           *
*                    JOB EFFICIENCY REPORT (seff 10935934)                   *
*                                                                           *
*****************************************************************************

Job ID: 10935934
Cluster: finisterrae3
User/Group: curso341/ulc
State: COMPLETED (exit code 0)
Nodes: 25
Cores per node: 64
CPU Utilized: 01:53:11
CPU Efficiency: 0.66% of 11-21:46:40 core-walltime
Job Wall-clock time: 00:10:43
Memory Utilized: 7.44 GB
Memory Efficiency: 0.14% of 5.30 TB

 +++++++++++++++++++++++++++++++++++++++++++++++++++++++++++++++++++++++++++
 ++   Memory Efficiency is too small. Please review the requested memory. ++
 ++ It seems that you do not need that much memory so we recommend        ++
 ++ requesting less memory in other similar jobs.                         ++
 +++++++++++++++++++++++++++++++++++++++++++++++++++++++++++++++++++++++++++
 
*****************************************************************************


*****************************************************************************
*                                                                           *
*                    JOB EFFICIENCY REPORT (seff 10935934)                   *
*                                                                           *
*****************************************************************************

Job ID: 10935934
Cluster: finisterrae3
User/Group: curso341/ulc
State: COMPLETED (exit code 0)
Nodes: 25
Cores per node: 64
CPU Utilized: 01:53:11
CPU Efficiency: 0.66% of 11-21:46:40 core-walltime
Job Wall-clock time: 00:10:43
Memory Utilized: 7.44 GB
Memory Efficiency: 0.14% of 5.30 TB

 +++++++++++++++++++++++++++++++++++++++++++++++++++++++++++++++++++++++++++
 ++   Memory Efficiency is too small. Please review the requested memory. ++
 ++ It seems that you do not need that much memory so we recommend        ++
 ++ requesting less memory in other similar jobs.                         ++
 +++++++++++++++++++++++++++++++++++++++++++++++++++++++++++++++++++++++++++
 
*****************************************************************************


*****************************************************************************
*                                                                           *
*                    JOB EFFICIENCY REPORT (seff 10935934)                   *
*                                                                           *
*****************************************************************************

Job ID: 10935934
Cluster: finisterrae3
User/Group: curso341/ulc
State: COMPLETED (exit code 0)
Nodes: 25
Cores per node: 64
CPU Utilized: 01:53:11
CPU Efficiency: 0.66% of 11-21:46:40 core-walltime
Job Wall-clock time: 00:10:43
Memory Utilized: 7.44 GB
Memory Efficiency: 0.14% of 5.30 TB

 +++++++++++++++++++++++++++++++++++++++++++++++++++++++++++++++++++++++++++
 ++   Memory Efficiency is too small. Please review the requested memory. ++
 ++ It seems that you do not need that much memory so we recommend        ++
 ++ requesting less memory in other similar jobs.                         ++
 +++++++++++++++++++++++++++++++++++++++++++++++++++++++++++++++++++++++++++
 
*****************************************************************************


*****************************************************************************
*                                                                           *
*                    JOB EFFICIENCY REPORT (seff 10935934)                   *
*                                                                           *
*****************************************************************************

Job ID: 10935934
Cluster: finisterrae3
User/Group: curso341/ulc
State: COMPLETED (exit code 0)
Nodes: 25
Cores per node: 64
CPU Utilized: 01:53:11
CPU Efficiency: 0.66% of 11-21:46:40 core-walltime
Job Wall-clock time: 00:10:43
Memory Utilized: 7.44 GB
Memory Efficiency: 0.14% of 5.30 TB

 +++++++++++++++++++++++++++++++++++++++++++++++++++++++++++++++++++++++++++
 ++   Memory Efficiency is too small. Please review the requested memory. ++
 ++ It seems that you do not need that much memory so we recommend        ++
 ++ requesting less memory in other similar jobs.                         ++
 +++++++++++++++++++++++++++++++++++++++++++++++++++++++++++++++++++++++++++
 
*****************************************************************************




*****************************************************************************

*****************************************************************************
*****************************************************************************

*                                                                           *
*****************************************************************************
*                                                                           *
*                                                                           *

*****************************************************************************
*                    JOB EFFICIENCY REPORT (seff 10935934)                   *

*                                                                           *
*                    JOB EFFICIENCY REPORT (seff 10935934)                   *
*                    JOB EFFICIENCY REPORT (seff 10935934)                   *
*****************************************************************************
*                                                                           *
*                                                                           *

*****************************************************************************
*                    JOB EFFICIENCY REPORT (seff 10935934)                   *

*                                                                           *
*                                                                           *

*                                                                           *
*                    JOB EFFICIENCY REPORT (seff 10935934)                   *
*****************************************************************************

*****************************************************************************
*                                                                           *

*                                                                           *
*****************************************************************************
*****************************************************************************
*****************************************************************************
*****************************************************************************

*                    JOB EFFICIENCY REPORT (seff 10935934)                   *
*                                                                           *


*****************************************************************************
*                                                                           *
*                    JOB EFFICIENCY REPORT (seff 10935934)                   *
*****************************************************************************
*****************************************************************************
*                                                                           *


*                                                                           *
*****************************************************************************
*                                                                           *
*****************************************************************************
*****************************************************************************
Job ID: 10935934
*                                                                           *
*                    JOB EFFICIENCY REPORT (seff 10935934)                   *
*                                                                           *
*                                                                           *

*                    JOB EFFICIENCY REPORT (seff 10935934)                   *
Job ID: 10935934
Job ID: 10935934
*                    JOB EFFICIENCY REPORT (seff 10935934)                   *
*                                                                           *
*****************************************************************************

*                                                                           *
Cluster: finisterrae3

*                    JOB EFFICIENCY REPORT (seff 10935934)                   *
*                                                                           *
*****************************************************************************
*                    JOB EFFICIENCY REPORT (seff 10935934)                   *
Job ID: 10935934
*                                                                           *
Cluster: finisterrae3
Cluster: finisterrae3
*                                                                           *
*                    JOB EFFICIENCY REPORT (seff 10935934)                   *

Job ID: 10935934
*                    JOB EFFICIENCY REPORT (seff 10935934)                   *
User/Group: curso341/ulc
*****************************************************************************
*                                                                           *
*****************************************************************************

*                                                                           *
Cluster: finisterrae3
*****************************************************************************
User/Group: curso341/ulc
User/Group: curso341/ulc
*****************************************************************************
*                                                                           *
Job ID: 10935934
Cluster: finisterrae3
*                                                                           *
State: COMPLETED (exit code 0)
*                                                                           *
*****************************************************************************

Job ID: 10935934
*****************************************************************************
User/Group: curso341/ulc

State: COMPLETED (exit code 0)
State: COMPLETED (exit code 0)

*****************************************************************************
Cluster: finisterrae3
User/Group: curso341/ulc
*****************************************************************************
Nodes: 25
*                    JOB EFFICIENCY REPORT (seff 10935934)                   *

Job ID: 10935934
Cluster: finisterrae3

State: COMPLETED (exit code 0)
Job ID: 10935934
Nodes: 25
Nodes: 25
Job ID: 10935934

User/Group: curso341/ulc
State: COMPLETED (exit code 0)

Cores per node: 64
*                                                                           *
Job ID: 10935934
Cluster: finisterrae3
User/Group: curso341/ulc
Job ID: 10935934
Nodes: 25
Cluster: finisterrae3
Cores per node: 64
Cores per node: 64
Cluster: finisterrae3
Job ID: 10935934
State: COMPLETED (exit code 0)
Nodes: 25
Job ID: 10935934
CPU Utilized: 01:53:11
*****************************************************************************
Cluster: finisterrae3
User/Group: curso341/ulc
State: COMPLETED (exit code 0)
Cluster: finisterrae3
Cores per node: 64
User/Group: curso341/ulc
CPU Utilized: 01:53:11
CPU Utilized: 01:53:11
User/Group: curso341/ulc
Cluster: finisterrae3
Nodes: 25
Cores per node: 64
Cluster: finisterrae3
CPU Efficiency: 0.66% of 11-21:46:40 core-walltime

User/Group: curso341/ulc
State: COMPLETED (exit code 0)
Nodes: 25
User/Group: curso341/ulc
CPU Utilized: 01:53:11
State: COMPLETED (exit code 0)
CPU Efficiency: 0.66% of 11-21:46:40 core-walltime
CPU Efficiency: 0.66% of 11-21:46:40 core-walltime
State: COMPLETED (exit code 0)
User/Group: curso341/ulc
Cores per node: 64
CPU Utilized: 01:53:11
User/Group: curso341/ulc
Job Wall-clock time: 00:10:43
Job ID: 10935934
State: COMPLETED (exit code 0)
Nodes: 25
Cores per node: 64
State: COMPLETED (exit code 0)
CPU Efficiency: 0.66% of 11-21:46:40 core-walltime
Nodes: 25
Job Wall-clock time: 00:10:43
Job Wall-clock time: 00:10:43
Nodes: 25
State: COMPLETED (exit code 0)
CPU Utilized: 01:53:11
CPU Efficiency: 0.66% of 11-21:46:40 core-walltime
State: COMPLETED (exit code 0)
Memory Utilized: 7.44 GB
Cluster: finisterrae3
Nodes: 25
Cores per node: 64
CPU Utilized: 01:53:11
Nodes: 25
Job Wall-clock time: 00:10:43
Cores per node: 64
Memory Utilized: 7.44 GB
Memory Utilized: 7.44 GB
Cores per node: 64
Nodes: 25
CPU Efficiency: 0.66% of 11-21:46:40 core-walltime
Job Wall-clock time: 00:10:43
Nodes: 25
Memory Efficiency: 0.14% of 5.30 TB
User/Group: curso341/ulc
Cores per node: 64
CPU Utilized: 01:53:11
CPU Efficiency: 0.66% of 11-21:46:40 core-walltime
Cores per node: 64
Memory Utilized: 7.44 GB
CPU Utilized: 01:53:11
Memory Efficiency: 0.14% of 5.30 TB
Memory Efficiency: 0.14% of 5.30 TB
CPU Utilized: 01:53:11
Cores per node: 64
Job Wall-clock time: 00:10:43
Memory Utilized: 7.44 GB
Cores per node: 64

State: COMPLETED (exit code 0)
CPU Utilized: 01:53:11
CPU Efficiency: 0.66% of 11-21:46:40 core-walltime
Job Wall-clock time: 00:10:43
CPU Utilized: 01:53:11
Memory Efficiency: 0.14% of 5.30 TB
CPU Efficiency: 0.66% of 11-21:46:40 core-walltime


CPU Efficiency: 0.66% of 11-21:46:40 core-walltime
CPU Utilized: 01:53:11
Memory Utilized: 7.44 GB
Memory Efficiency: 0.14% of 5.30 TB
CPU Utilized: 01:53:11
 +++++++++++++++++++++++++++++++++++++++++++++++++++++++++++++++++++++++++++
Nodes: 25
CPU Efficiency: 0.66% of 11-21:46:40 core-walltime
Job Wall-clock time: 00:10:43
Memory Utilized: 7.44 GB
CPU Efficiency: 0.66% of 11-21:46:40 core-walltime

Job Wall-clock time: 00:10:43
 +++++++++++++++++++++++++++++++++++++++++++++++++++++++++++++++++++++++++++
 +++++++++++++++++++++++++++++++++++++++++++++++++++++++++++++++++++++++++++
Job Wall-clock time: 00:10:43
CPU Efficiency: 0.66% of 11-21:46:40 core-walltime
Memory Efficiency: 0.14% of 5.30 TB

CPU Efficiency: 0.66% of 11-21:46:40 core-walltime
 ++   Memory Efficiency is too small. Please review the requested memory. ++
Cores per node: 64
Job Wall-clock time: 00:10:43
Memory Utilized: 7.44 GB
Memory Efficiency: 0.14% of 5.30 TB
Job Wall-clock time: 00:10:43
 +++++++++++++++++++++++++++++++++++++++++++++++++++++++++++++++++++++++++++
Memory Utilized: 7.44 GB
 ++   Memory Efficiency is too small. Please review the requested memory. ++
 ++   Memory Efficiency is too small. Please review the requested memory. ++
Memory Utilized: 7.44 GB
Job Wall-clock time: 00:10:43

 +++++++++++++++++++++++++++++++++++++++++++++++++++++++++++++++++++++++++++
Job Wall-clock time: 00:10:43
 ++ It seems that you do not need that much memory so we recommend        ++
CPU Utilized: 01:53:11
Memory Utilized: 7.44 GB
Memory Efficiency: 0.14% of 5.30 TB

Memory Utilized: 7.44 GB
 ++   Memory Efficiency is too small. Please review the requested memory. ++
Memory Efficiency: 0.14% of 5.30 TB
 ++ It seems that you do not need that much memory so we recommend        ++
 ++ It seems that you do not need that much memory so we recommend        ++
Memory Efficiency: 0.14% of 5.30 TB
Memory Utilized: 7.44 GB
 +++++++++++++++++++++++++++++++++++++++++++++++++++++++++++++++++++++++++++
 ++   Memory Efficiency is too small. Please review the requested memory. ++
Memory Utilized: 7.44 GB
 ++ requesting less memory in other similar jobs.                         ++
CPU Efficiency: 0.66% of 11-21:46:40 core-walltime
Memory Efficiency: 0.14% of 5.30 TB

 +++++++++++++++++++++++++++++++++++++++++++++++++++++++++++++++++++++++++++
Memory Efficiency: 0.14% of 5.30 TB
 ++ It seems that you do not need that much memory so we recommend        ++

 ++ requesting less memory in other similar jobs.                         ++
 ++ requesting less memory in other similar jobs.                         ++

Memory Efficiency: 0.14% of 5.30 TB
 ++   Memory Efficiency is too small. Please review the requested memory. ++

 ++ It seems that you do not need that much memory so we recommend        ++
Memory Efficiency: 0.14% of 5.30 TB
 +++++++++++++++++++++++++++++++++++++++++++++++++++++++++++++++++++++++++++
Job Wall-clock time: 00:10:43

 +++++++++++++++++++++++++++++++++++++++++++++++++++++++++++++++++++++++++++
 ++   Memory Efficiency is too small. Please review the requested memory. ++

 ++ requesting less memory in other similar jobs.                         ++
 +++++++++++++++++++++++++++++++++++++++++++++++++++++++++++++++++++++++++++
 +++++++++++++++++++++++++++++++++++++++++++++++++++++++++++++++++++++++++++
 +++++++++++++++++++++++++++++++++++++++++++++++++++++++++++++++++++++++++++
 +++++++++++++++++++++++++++++++++++++++++++++++++++++++++++++++++++++++++++

 ++ It seems that you do not need that much memory so we recommend        ++
*****************************************************************************
 ++ requesting less memory in other similar jobs.                         ++

 
Memory Utilized: 7.44 GB
 +++++++++++++++++++++++++++++++++++++++++++++++++++++++++++++++++++++++++++

 ++   Memory Efficiency is too small. Please review the requested memory. ++
 ++ It seems that you do not need that much memory so we recommend        ++
 +++++++++++++++++++++++++++++++++++++++++++++++++++++++++++++++++++++++++++
 +++++++++++++++++++++++++++++++++++++++++++++++++++++++++++++++++++++++++++
 ++   Memory Efficiency is too small. Please review the requested memory. ++
 
 
 ++   Memory Efficiency is too small. Please review the requested memory. ++
 +++++++++++++++++++++++++++++++++++++++++++++++++++++++++++++++++++++++++++
 ++ requesting less memory in other similar jobs.                         ++
*                                                                           *
 +++++++++++++++++++++++++++++++++++++++++++++++++++++++++++++++++++++++++++
 +++++++++++++++++++++++++++++++++++++++++++++++++++++++++++++++++++++++++++
*****************************************************************************
Memory Efficiency: 0.14% of 5.30 TB
 ++   Memory Efficiency is too small. Please review the requested memory. ++
*****************************************************************************
 ++ It seems that you do not need that much memory so we recommend        ++
 ++ requesting less memory in other similar jobs.                         ++
 ++   Memory Efficiency is too small. Please review the requested memory. ++
 
 ++ It seems that you do not need that much memory so we recommend        ++
*****************************************************************************

*****************************************************************************
 ++ It seems that you do not need that much memory so we recommend        ++
 ++   Memory Efficiency is too small. Please review the requested memory. ++
 +++++++++++++++++++++++++++++++++++++++++++++++++++++++++++++++++++++++++++
*                    JOB EFFICIENCY REPORT (seff 10935934)                   *
 
 ++   Memory Efficiency is too small. Please review the requested memory. ++


 ++ It seems that you do not need that much memory so we recommend        ++
*                                                                           *
 ++ requesting less memory in other similar jobs.                         ++
 +++++++++++++++++++++++++++++++++++++++++++++++++++++++++++++++++++++++++++
 ++ It seems that you do not need that much memory so we recommend        ++
*****************************************************************************
 ++ requesting less memory in other similar jobs.                         ++

*****************************************************************************

 ++ requesting less memory in other similar jobs.                         ++
 ++ It seems that you do not need that much memory so we recommend        ++
 
*                                                                           *
*****************************************************************************
 ++ It seems that you do not need that much memory so we recommend        ++
 +++++++++++++++++++++++++++++++++++++++++++++++++++++++++++++++++++++++++++
 ++ requesting less memory in other similar jobs.                         ++
*                    JOB EFFICIENCY REPORT (seff 10935934)                   *
 +++++++++++++++++++++++++++++++++++++++++++++++++++++++++++++++++++++++++++
 
 ++ requesting less memory in other similar jobs.                         ++

 +++++++++++++++++++++++++++++++++++++++++++++++++++++++++++++++++++++++++++
*                                                                           *
 +++++++++++++++++++++++++++++++++++++++++++++++++++++++++++++++++++++++++++
 ++ requesting less memory in other similar jobs.                         ++
*****************************************************************************
*****************************************************************************


 ++ requesting less memory in other similar jobs.                         ++
 ++   Memory Efficiency is too small. Please review the requested memory. ++
 +++++++++++++++++++++++++++++++++++++++++++++++++++++++++++++++++++++++++++
*                                                                           *
 
*****************************************************************************
 +++++++++++++++++++++++++++++++++++++++++++++++++++++++++++++++++++++++++++
 
*                    JOB EFFICIENCY REPORT (seff 10935934)                   *
 
 +++++++++++++++++++++++++++++++++++++++++++++++++++++++++++++++++++++++++++


*****************************************************************************
 +++++++++++++++++++++++++++++++++++++++++++++++++++++++++++++++++++++++++++
 ++ It seems that you do not need that much memory so we recommend        ++
 
*****************************************************************************
*****************************************************************************

 
*****************************************************************************
*                                                                           *
*****************************************************************************
 
Job ID: 10935934
*                                                                           *
 
 ++ requesting less memory in other similar jobs.                         ++
*****************************************************************************


*****************************************************************************

*****************************************************************************

*****************************************************************************
Cluster: finisterrae3
*                    JOB EFFICIENCY REPORT (seff 10935934)                   *
*****************************************************************************
 +++++++++++++++++++++++++++++++++++++++++++++++++++++++++++++++++++++++++++

Job ID: 10935934



User/Group: curso341/ulc
*                                                                           *

 
Cluster: finisterrae3
Job ID: 10935934
State: COMPLETED (exit code 0)
*****************************************************************************
*****************************************************************************
User/Group: curso341/ulc
Cluster: finisterrae3
Nodes: 25


State: COMPLETED (exit code 0)
User/Group: curso341/ulc
Cores per node: 64
Job ID: 10935934
Nodes: 25
State: COMPLETED (exit code 0)
CPU Utilized: 01:53:11
Cluster: finisterrae3
Cores per node: 64
Nodes: 25
CPU Efficiency: 0.66% of 11-21:46:40 core-walltime
User/Group: curso341/ulc
CPU Utilized: 01:53:11
Cores per node: 64
Job Wall-clock time: 00:10:43
State: COMPLETED (exit code 0)
CPU Efficiency: 0.66% of 11-21:46:40 core-walltime
CPU Utilized: 01:53:11
Memory Utilized: 7.44 GB
Nodes: 25
Job Wall-clock time: 00:10:43
CPU Efficiency: 0.66% of 11-21:46:40 core-walltime
Memory Efficiency: 0.14% of 5.30 TB
Cores per node: 64
Memory Utilized: 7.44 GB
Job Wall-clock time: 00:10:43

CPU Utilized: 01:53:11
Memory Efficiency: 0.14% of 5.30 TB
Memory Utilized: 7.44 GB
 +++++++++++++++++++++++++++++++++++++++++++++++++++++++++++++++++++++++++++
CPU Efficiency: 0.66% of 11-21:46:40 core-walltime

Memory Efficiency: 0.14% of 5.30 TB
 ++   Memory Efficiency is too small. Please review the requested memory. ++
Job Wall-clock time: 00:10:43
 +++++++++++++++++++++++++++++++++++++++++++++++++++++++++++++++++++++++++++

 ++ It seems that you do not need that much memory so we recommend        ++
Memory Utilized: 7.44 GB
 ++   Memory Efficiency is too small. Please review the requested memory. ++
 +++++++++++++++++++++++++++++++++++++++++++++++++++++++++++++++++++++++++++
 ++ requesting less memory in other similar jobs.                         ++
Memory Efficiency: 0.14% of 5.30 TB
 ++ It seems that you do not need that much memory so we recommend        ++
 ++   Memory Efficiency is too small. Please review the requested memory. ++
 +++++++++++++++++++++++++++++++++++++++++++++++++++++++++++++++++++++++++++

 ++ requesting less memory in other similar jobs.                         ++
 ++ It seems that you do not need that much memory so we recommend        ++
 
 +++++++++++++++++++++++++++++++++++++++++++++++++++++++++++++++++++++++++++
 +++++++++++++++++++++++++++++++++++++++++++++++++++++++++++++++++++++++++++
 ++ requesting less memory in other similar jobs.                         ++
*****************************************************************************
 ++   Memory Efficiency is too small. Please review the requested memory. ++
 
 +++++++++++++++++++++++++++++++++++++++++++++++++++++++++++++++++++++++++++

 ++ It seems that you do not need that much memory so we recommend        ++
*****************************************************************************
 
 ++ requesting less memory in other similar jobs.                         ++

*****************************************************************************
 +++++++++++++++++++++++++++++++++++++++++++++++++++++++++++++++++++++++++++

 
*****************************************************************************


*****************************************************************************
*                                                                           *
*                    JOB EFFICIENCY REPORT (seff 10935934)                   *
*                                                                           *
*****************************************************************************

Job ID: 10935934
Cluster: finisterrae3
User/Group: curso341/ulc
State: COMPLETED (exit code 0)
Nodes: 25
Cores per node: 64
CPU Utilized: 01:54:14
CPU Efficiency: 0.67% of 11-21:46:40 core-walltime
Job Wall-clock time: 00:10:43
Memory Utilized: 7.44 GB
Memory Efficiency: 0.14% of 5.30 TB

 +++++++++++++++++++++++++++++++++++++++++++++++++++++++++++++++++++++++++++
 ++   Memory Efficiency is too small. Please review the requested memory. ++
 ++ It seems that you do not need that much memory so we recommend        ++
 ++ requesting less memory in other similar jobs.                         ++
 +++++++++++++++++++++++++++++++++++++++++++++++++++++++++++++++++++++++++++
 
*****************************************************************************

