slurmstepd: info: Setting TMPDIR to /scratch/10899151. Previous errors about TMPDIR can be discarded
Slurm job started at 07/03/2025_12:44:05 PM

In transit.
Initing Ray (1 head node + 2 worker nodes + 4 simulation nodes) on nodes: 
	ilk-19 ilk-22 ilk-30 ilk-35 ilk-48 ilk-147 ilk-148
Head node: 172.30.201.19:6379


RAY_DEPLOY_TIME:     23.31225
2025-03-07 12:44:31,995	INFO packaging.py:520 -- Creating a file package for local directory '/mnt/lustre/scratch/nlsas/home/ulc/cursos/curso341/dask_on_reisa_tests/E1/DASK_ON_REISA_ONE_ACTOR/derivative/P128-SN4-LS1-GS134-I10-AN2-D2025-03-07_09-36-10'.
2025-03-07 12:44:32,021	INFO packaging.py:347 -- Pushing file package 'gcs://_ray_pkg_67c1d920d3be15f0.zip' (0.48MiB) to Ray cluster...
2025-03-07 12:44:32,028	INFO packaging.py:360 -- Successfully pushed file package 'gcs://_ray_pkg_67c1d920d3be15f0.zip'.
RAY_INIT_TIME:       4.92473
Iter [0]
Iter [1]
Iter [2]
Iter [3]
Iter [4]
Iter [5]
Iter [6]
Iter [7]
Iter [8]
Iter [9]
GLOBAL_PUT_TIME:     0.9700462818145752 (avg:0.09700)
ACTOR_CONCURRENCY:   8
SIMULATION_TIME:     31.866121960999997 (avg: 3.186612196100000)
SIM_WTHOUT_PDI:      7.043489717000005 (avg: 0.704348971700001)
PDI_DELAY:           24.822632243999990 (avg: 2.482263224399999)

GLOBAL_SIZE_(GiB):   131072
LOCAL_SIZE_(MiB):    1
ITERATIONS:          10

MPI_PER_NODE:        32
MPI_PARALLELISM:     128

WORKER_NODES:        2
CPUS_PER_WORKER:     64
WORKER_PARALLELISM:  128


SLURM_JOB_ID:        10899151
EST_ANALYTICS_TIME:  264.27297 (avg:26.42730)

Slurm job finished at 07/03/2025_12:49:00 PM

*****************************************************************************
*                                                                           *
*                    JOB EFFICIENCY REPORT (seff 10899151)                   *
*                                                                           *
*****************************************************************************

Job ID: 10899151
Cluster: finisterrae3
User/Group: curso341/ulc
State: COMPLETED (exit code 0)
Nodes: 7
Cores per node: 64
CPU Utilized: 01:07:25
CPU Efficiency: 3.04% of 1-12:57:36 core-walltime
Job Wall-clock time: 00:04:57
Memory Utilized: 5.37 GB
Memory Efficiency: 0.35% of 1.48 TB

 +++++++++++++++++++++++++++++++++++++++++++++++++++++++++++++++++++++++++++
 ++   Memory Efficiency is too small. Please review the requested memory. ++
 ++ It seems that you do not need that much memory so we recommend        ++
 ++ requesting less memory in other similar jobs.                         ++
 +++++++++++++++++++++++++++++++++++++++++++++++++++++++++++++++++++++++++++
 
*****************************************************************************


*****************************************************************************
*                                                                           *
*                    JOB EFFICIENCY REPORT (seff 10899151)                   *
*                                                                           *
*****************************************************************************

Job ID: 10899151
Cluster: finisterrae3
User/Group: curso341/ulc
State: COMPLETED (exit code 0)
Nodes: 7
Cores per node: 64
CPU Utilized: 01:07:25
CPU Efficiency: 3.04% of 1-12:57:36 core-walltime
Job Wall-clock time: 00:04:57
Memory Utilized: 5.37 GB
Memory Efficiency: 0.35% of 1.48 TB

 +++++++++++++++++++++++++++++++++++++++++++++++++++++++++++++++++++++++++++
 ++   Memory Efficiency is too small. Please review the requested memory. ++
 ++ It seems that you do not need that much memory so we recommend        ++
 ++ requesting less memory in other similar jobs.                         ++
 +++++++++++++++++++++++++++++++++++++++++++++++++++++++++++++++++++++++++++
 
*****************************************************************************


*****************************************************************************
*                                                                           *
*                    JOB EFFICIENCY REPORT (seff 10899151)                   *
*                                                                           *
*****************************************************************************

Job ID: 10899151
Cluster: finisterrae3
User/Group: curso341/ulc
State: COMPLETED (exit code 0)
Nodes: 7
Cores per node: 64
CPU Utilized: 01:07:25
CPU Efficiency: 3.04% of 1-12:57:36 core-walltime
Job Wall-clock time: 00:04:57
Memory Utilized: 5.37 GB
Memory Efficiency: 0.35% of 1.48 TB

 +++++++++++++++++++++++++++++++++++++++++++++++++++++++++++++++++++++++++++
 ++   Memory Efficiency is too small. Please review the requested memory. ++
 ++ It seems that you do not need that much memory so we recommend        ++
 ++ requesting less memory in other similar jobs.                         ++
 +++++++++++++++++++++++++++++++++++++++++++++++++++++++++++++++++++++++++++
 
*****************************************************************************


*****************************************************************************
*                                                                           *
*                    JOB EFFICIENCY REPORT (seff 10899151)                   *
*                                                                           *
*****************************************************************************

Job ID: 10899151
Cluster: finisterrae3
User/Group: curso341/ulc
State: COMPLETED (exit code 0)
Nodes: 7
Cores per node: 64
CPU Utilized: 01:17:13
CPU Efficiency: 3.48% of 1-12:57:36 core-walltime
Job Wall-clock time: 00:04:57
Memory Utilized: 7.95 GB
Memory Efficiency: 0.52% of 1.48 TB

 +++++++++++++++++++++++++++++++++++++++++++++++++++++++++++++++++++++++++++
 ++   Memory Efficiency is too small. Please review the requested memory. ++
 ++ It seems that you do not need that much memory so we recommend        ++
 ++ requesting less memory in other similar jobs.                         ++
 +++++++++++++++++++++++++++++++++++++++++++++++++++++++++++++++++++++++++++
 
*****************************************************************************


*****************************************************************************
*                                                                           *
*                    JOB EFFICIENCY REPORT (seff 10899151)                   *
*                                                                           *
*****************************************************************************

Job ID: 10899151
Cluster: finisterrae3
User/Group: curso341/ulc
State: COMPLETED (exit code 0)
Nodes: 7
Cores per node: 64
CPU Utilized: 01:17:13
CPU Efficiency: 3.48% of 1-12:57:36 core-walltime
Job Wall-clock time: 00:04:57
Memory Utilized: 7.95 GB
Memory Efficiency: 0.52% of 1.48 TB

 +++++++++++++++++++++++++++++++++++++++++++++++++++++++++++++++++++++++++++
 ++   Memory Efficiency is too small. Please review the requested memory. ++
 ++ It seems that you do not need that much memory so we recommend        ++
 ++ requesting less memory in other similar jobs.                         ++
 +++++++++++++++++++++++++++++++++++++++++++++++++++++++++++++++++++++++++++
 
*****************************************************************************


*****************************************************************************
*                                                                           *
*                    JOB EFFICIENCY REPORT (seff 10899151)                   *
*                                                                           *
*****************************************************************************

Job ID: 10899151
Cluster: finisterrae3
User/Group: curso341/ulc
State: COMPLETED (exit code 0)
Nodes: 7
Cores per node: 64
CPU Utilized: 01:17:13
CPU Efficiency: 3.48% of 1-12:57:36 core-walltime
Job Wall-clock time: 00:04:57
Memory Utilized: 7.95 GB
Memory Efficiency: 0.52% of 1.48 TB

 +++++++++++++++++++++++++++++++++++++++++++++++++++++++++++++++++++++++++++
 ++   Memory Efficiency is too small. Please review the requested memory. ++
 ++ It seems that you do not need that much memory so we recommend        ++
 ++ requesting less memory in other similar jobs.                         ++
 +++++++++++++++++++++++++++++++++++++++++++++++++++++++++++++++++++++++++++
 
*****************************************************************************


*****************************************************************************
*                                                                           *
*                    JOB EFFICIENCY REPORT (seff 10899151)                   *
*                                                                           *
*****************************************************************************

Job ID: 10899151
Cluster: finisterrae3
User/Group: curso341/ulc
State: COMPLETED (exit code 0)
Nodes: 7
Cores per node: 64
CPU Utilized: 01:19:17
CPU Efficiency: 3.58% of 1-12:57:36 core-walltime
Job Wall-clock time: 00:04:57
Memory Utilized: 7.95 GB
Memory Efficiency: 0.52% of 1.48 TB

 +++++++++++++++++++++++++++++++++++++++++++++++++++++++++++++++++++++++++++
 ++   Memory Efficiency is too small. Please review the requested memory. ++
 ++ It seems that you do not need that much memory so we recommend        ++
 ++ requesting less memory in other similar jobs.                         ++
 +++++++++++++++++++++++++++++++++++++++++++++++++++++++++++++++++++++++++++
 
*****************************************************************************

