slurmstepd: info: Setting TMPDIR to /scratch/10772442. Previous errors about TMPDIR can be discarded
Slurm job started at 25/02/2025_10:59:13 PM

In transit.
Initing Ray (1 head node + 2 worker nodes + 2 simulation nodes) on nodes: 
	ilk-167 ilk-170 ilk-172 ilk-173 ilk-237
Head node: 172.30.204.23:6379


RAY_DEPLOY_TIME:     22.40381
RAY_INIT_TIME:       3.15215
Iter [0]
2025-02-25 22:59:41,488	INFO packaging.py:520 -- Creating a file package for local directory '/mnt/lustre/scratch/nlsas/home/ulc/cursos/curso341/dask_on_reisa_tests/E1/DASK_ON_REISA/derivative/P4-SN2-LS268-GS1073-I12-AN2-D2025-02-25_20-30-42'.
2025-02-25 22:59:41,515	INFO packaging.py:347 -- Pushing file package 'gcs://_ray_pkg_3d22677867351ce5.zip' (0.48MiB) to Ray cluster...
2025-02-25 22:59:41,522	INFO packaging.py:360 -- Successfully pushed file package 'gcs://_ray_pkg_3d22677867351ce5.zip'.
Iter [1]
Iter [2]
Iter [3]
Iter [4]
Iter [5]
Iter [6]
Iter [7]
Iter [8]
Iter [9]
Iter [10]
Iter [11]
GLOBAL_PUT_TIME:     4.800304174423218 (avg:0.40003)
ACTOR_CONCURRENCY:   8
[2m[36m(process_task pid=191589, ip=10.120.204.28)[0m gt: <class 'dask.array.core.Array'>
[2m[36m(process_task pid=191589, ip=10.120.204.28)[0m result: <class 'dask.array.core.Array'>
[2m[36m(process_task pid=191589, ip=10.120.204.28)[0m result_dask: <class 'dask.array.core.Array'>
[2m[36m(process_task pid=191589, ip=10.120.204.28)[0m gt: <class 'dask.array.core.Array'>
[2m[36m(process_task pid=191589, ip=10.120.204.28)[0m result: <class 'dask.array.core.Array'>
[2m[36m(process_task pid=191589, ip=10.120.204.28)[0m result_dask: <class 'dask.array.core.Array'>
[2m[36m(process_task pid=1801086, ip=10.120.204.26)[0m gt: <class 'dask.array.core.Array'>
[2m[36m(process_task pid=1801086, ip=10.120.204.26)[0m result: <class 'dask.array.core.Array'>
[2m[36m(process_task pid=1801086, ip=10.120.204.26)[0m result_dask: <class 'dask.array.core.Array'>
[2m[36m(process_task pid=198327, ip=10.120.204.28)[0m gt: <class 'dask.array.core.Array'>
[2m[36m(process_task pid=198327, ip=10.120.204.28)[0m result: <class 'dask.array.core.Array'>
[2m[36m(process_task pid=198327, ip=10.120.204.28)[0m result_dask: <class 'dask.array.core.Array'>
[2m[36m(process_task pid=191789, ip=10.120.204.28)[0m gt: <class 'dask.array.core.Array'>
[2m[36m(process_task pid=191789, ip=10.120.204.28)[0m result: <class 'dask.array.core.Array'>
[2m[36m(process_task pid=191789, ip=10.120.204.28)[0m result_dask: <class 'dask.array.core.Array'>
[2m[36m(process_task pid=191789, ip=10.120.204.28)[0m gt: <class 'dask.array.core.Array'>
[2m[36m(process_task pid=191789, ip=10.120.204.28)[0m result: <class 'dask.array.core.Array'>
[2m[36m(process_task pid=191789, ip=10.120.204.28)[0m result_dask: <class 'dask.array.core.Array'>
[2m[36m(process_task pid=191789, ip=10.120.204.28)[0m gt: <class 'dask.array.core.Array'>
[2m[36m(process_task pid=191789, ip=10.120.204.28)[0m result: <class 'dask.array.core.Array'>
[2m[36m(process_task pid=191789, ip=10.120.204.28)[0m result_dask: <class 'dask.array.core.Array'>
SIMULATION_TIME:     42.859314451000003 (avg: 3.571609537583333)
SIM_WTHOUT_PDI:      31.917825664999995 (avg: 2.659818805416666)
PDI_DELAY:           10.941488786000008 (avg: 0.911790732166667)

GLOBAL_SIZE_(GiB):   1048576
LOCAL_SIZE_(MiB):    256
ITERATIONS:          12

MPI_PER_NODE:        2
MPI_PARALLELISM:     4

WORKER_NODES:        2
CPUS_PER_WORKER:     30
WORKER_PARALLELISM:  60


SLURM_JOB_ID:        10772442
EST_ANALYTICS_TIME:  110.25882 (avg:9.18824)

Slurm job finished at 25/02/2025_11:01:35 PM

*****************************************************************************
*                                                                           *
*                    JOB EFFICIENCY REPORT (seff 10772442)                   *
*                                                                           *
*****************************************************************************

Job ID: 10772442
Cluster: finisterrae3
User/Group: curso341/ulc
State: COMPLETED (exit code 0)
Nodes: 5
Cores per node: 40
CPU Utilized: 00:06:49
CPU Efficiency: 1.42% of 08:00:00 core-walltime
Job Wall-clock time: 00:02:24
Memory Utilized: 5.42 GB
Memory Efficiency: 0.68% of 800.00 GB

 +++++++++++++++++++++++++++++++++++++++++++++++++++++++++++++++++++++++++++
 ++   Memory Efficiency is too small. Please review the requested memory. ++
 ++ It seems that you do not need that much memory so we recommend        ++
 ++ requesting less memory in other similar jobs.                         ++
 +++++++++++++++++++++++++++++++++++++++++++++++++++++++++++++++++++++++++++
 
*****************************************************************************


*****************************************************************************
*                                                                           *
*                    JOB EFFICIENCY REPORT (seff 10772442)                   *
*                                                                           *
*****************************************************************************

Job ID: 10772442
Cluster: finisterrae3
User/Group: curso341/ulc
State: COMPLETED (exit code 0)
Nodes: 5
Cores per node: 40
CPU Utilized: 00:09:17
CPU Efficiency: 1.93% of 08:00:00 core-walltime
Job Wall-clock time: 00:02:24
Memory Utilized: 21.99 GB
Memory Efficiency: 2.75% of 800.00 GB

 +++++++++++++++++++++++++++++++++++++++++++++++++++++++++++++++++++++++++++
 ++   Memory Efficiency is too small. Please review the requested memory. ++
 ++ It seems that you do not need that much memory so we recommend        ++
 ++ requesting less memory in other similar jobs.                         ++
 +++++++++++++++++++++++++++++++++++++++++++++++++++++++++++++++++++++++++++
 
*****************************************************************************


*****************************************************************************
*                                                                           *
*                    JOB EFFICIENCY REPORT (seff 10772442)                   *
*                                                                           *
*****************************************************************************

Job ID: 10772442
Cluster: finisterrae3
User/Group: curso341/ulc
State: COMPLETED (exit code 0)
Nodes: 5
Cores per node: 40
CPU Utilized: 00:32:10
CPU Efficiency: 6.70% of 08:00:00 core-walltime
Job Wall-clock time: 00:02:24
Memory Utilized: 21.99 GB
Memory Efficiency: 2.75% of 800.00 GB

 +++++++++++++++++++++++++++++++++++++++++++++++++++++++++++++++++++++++++++
 ++   Memory Efficiency is too small. Please review the requested memory. ++
 ++ It seems that you do not need that much memory so we recommend        ++
 ++ requesting less memory in other similar jobs.                         ++
 +++++++++++++++++++++++++++++++++++++++++++++++++++++++++++++++++++++++++++
 
*****************************************************************************


*****************************************************************************
*                                                                           *
*                    JOB EFFICIENCY REPORT (seff 10772442)                   *
*                                                                           *
*****************************************************************************

Job ID: 10772442
Cluster: finisterrae3
User/Group: curso341/ulc
State: COMPLETED (exit code 0)
Nodes: 5
Cores per node: 40
CPU Utilized: 00:32:10
CPU Efficiency: 6.70% of 08:00:00 core-walltime
Job Wall-clock time: 00:02:24
Memory Utilized: 21.99 GB
Memory Efficiency: 2.75% of 800.00 GB

 +++++++++++++++++++++++++++++++++++++++++++++++++++++++++++++++++++++++++++
 ++   Memory Efficiency is too small. Please review the requested memory. ++
 ++ It seems that you do not need that much memory so we recommend        ++
 ++ requesting less memory in other similar jobs.                         ++
 +++++++++++++++++++++++++++++++++++++++++++++++++++++++++++++++++++++++++++
 
*****************************************************************************


*****************************************************************************
*                                                                           *
*                    JOB EFFICIENCY REPORT (seff 10772442)                   *
*                                                                           *
*****************************************************************************

Job ID: 10772442
Cluster: finisterrae3
User/Group: curso341/ulc
State: COMPLETED (exit code 0)
Nodes: 5
Cores per node: 40
CPU Utilized: 00:32:10
CPU Efficiency: 6.70% of 08:00:00 core-walltime
Job Wall-clock time: 00:02:24
Memory Utilized: 21.99 GB
Memory Efficiency: 2.75% of 800.00 GB

 +++++++++++++++++++++++++++++++++++++++++++++++++++++++++++++++++++++++++++
 ++   Memory Efficiency is too small. Please review the requested memory. ++
 ++ It seems that you do not need that much memory so we recommend        ++
 ++ requesting less memory in other similar jobs.                         ++
 +++++++++++++++++++++++++++++++++++++++++++++++++++++++++++++++++++++++++++
 
*****************************************************************************

