slurmstepd: info: Setting TMPDIR to /scratch/10770648. Previous errors about TMPDIR can be discarded
Slurm job started at 25/02/2025_06:50:22 PM

In transit.
Initing Ray (1 head node + 4 worker nodes + 4 simulation nodes) on nodes: 
	ilk-4 ilk-34 ilk-152 ilk-161 ilk-166 ilk-170 ilk-177 ilk-185 ilk-188
Head node: 172.30.201.4:6379


RAY_DEPLOY_TIME:     22.73267
RAY_INIT_TIME:       2.31661
Iter [0]
2025-02-25 18:50:48,639	INFO packaging.py:520 -- Creating a file package for local directory '/mnt/lustre/scratch/nlsas/home/ulc/cursos/curso341/dask_on_reisa_tests/E1/REISA_ONE_ACTOR/derivative/P8-SN4-LS536-GS4294-I12-AN4-D2025-02-25_18-09-50'.
2025-02-25 18:50:48,665	INFO packaging.py:347 -- Pushing file package 'gcs://_ray_pkg_e26c32929a1a57ee.zip' (0.48MiB) to Ray cluster...
2025-02-25 18:50:48,672	INFO packaging.py:360 -- Successfully pushed file package 'gcs://_ray_pkg_e26c32929a1a57ee.zip'.
Iter [1]
Iter [2]
Iter [3]
Iter [4]
Iter [5]
Iter [6]
Iter [7]
Iter [8]
Iter [9]
Iter [10]
Iter [11]
EST_ANALYTICS_TIME:  67.10483 (avg:5.59207)
GLOBAL_PUT_TIME:     8.688267469406128 (avg:0.72402)
ACTOR_CONCURRENCY:   8
SIMULATION_TIME:     71.201328570999991 (avg: 5.933444047583333)
SIM_WTHOUT_PDI:      60.040378474999990 (avg: 5.003364872916666)
PDI_DELAY:           11.160950096000001 (avg: 0.930079174666667)

GLOBAL_SIZE_(GiB):   4194304
LOCAL_SIZE_(MiB):    512
ITERATIONS:          12

MPI_PER_NODE:        2
MPI_PARALLELISM:     8

WORKER_NODES:        4
CPUS_PER_WORKER:     30
WORKER_PARALLELISM:  120


SLURM_JOB_ID:        10770648

Slurm job finished at 25/02/2025_06:52:01 PM

*****************************************************************************
*                                                                           *
*                    JOB EFFICIENCY REPORT (seff 10770648)                   *
*                                                                           *
*****************************************************************************

Job ID: 10770648
Cluster: finisterrae3
User/Group: curso341/ulc
State: COMPLETED (exit code 0)
Nodes: 9
Cores per node: 40
CPU Utilized: 00:11:42
CPU Efficiency: 1.91% of 10:12:00 core-walltime
Job Wall-clock time: 00:01:42
Memory Utilized: 9.90 GB (estimated maximum)
Memory Efficiency: 0.69% of 1.41 TB (4.00 GB/core)

 +++++++++++++++++++++++++++++++++++++++++++++++++++++++++++++++++++++++++++
 ++   Memory Efficiency is too small. Please review the requested memory. ++
 ++ It seems that you do not need that much memory so we recommend        ++
 ++ requesting less memory in other similar jobs.                         ++
 +++++++++++++++++++++++++++++++++++++++++++++++++++++++++++++++++++++++++++
 
*****************************************************************************


*****************************************************************************
*                                                                           *
*                    JOB EFFICIENCY REPORT (seff 10770648)                   *
*                                                                           *
*****************************************************************************

Job ID: 10770648
Cluster: finisterrae3
User/Group: curso341/ulc
State: COMPLETED (exit code 0)
Nodes: 9
Cores per node: 40
CPU Utilized: 00:11:42
CPU Efficiency: 1.91% of 10:12:00 core-walltime
Job Wall-clock time: 00:01:42
Memory Utilized: 9.90 GB (estimated maximum)
Memory Efficiency: 0.69% of 1.41 TB (4.00 GB/core)

 +++++++++++++++++++++++++++++++++++++++++++++++++++++++++++++++++++++++++++
 ++   Memory Efficiency is too small. Please review the requested memory. ++
 ++ It seems that you do not need that much memory so we recommend        ++
 ++ requesting less memory in other similar jobs.                         ++
 +++++++++++++++++++++++++++++++++++++++++++++++++++++++++++++++++++++++++++
 
*****************************************************************************


*****************************************************************************
*                                                                           *
*                    JOB EFFICIENCY REPORT (seff 10770648)                   *
*                                                                           *
*****************************************************************************

Job ID: 10770648
Cluster: finisterrae3
User/Group: curso341/ulc
State: COMPLETED (exit code 0)
Nodes: 9
Cores per node: 40
CPU Utilized: 00:11:42
CPU Efficiency: 1.91% of 10:12:00 core-walltime
Job Wall-clock time: 00:01:42
Memory Utilized: 9.90 GB (estimated maximum)
Memory Efficiency: 0.69% of 1.41 TB (4.00 GB/core)

 +++++++++++++++++++++++++++++++++++++++++++++++++++++++++++++++++++++++++++
 ++   Memory Efficiency is too small. Please review the requested memory. ++
 ++ It seems that you do not need that much memory so we recommend        ++
 ++ requesting less memory in other similar jobs.                         ++
 +++++++++++++++++++++++++++++++++++++++++++++++++++++++++++++++++++++++++++
 
*****************************************************************************


*****************************************************************************
*                                                                           *
*                    JOB EFFICIENCY REPORT (seff 10770648)                   *
*                                                                           *
*****************************************************************************

Job ID: 10770648
Cluster: finisterrae3
User/Group: curso341/ulc
State: COMPLETED (exit code 0)
Nodes: 9
Cores per node: 40
CPU Utilized: 00:11:42
CPU Efficiency: 1.91% of 10:12:00 core-walltime
Job Wall-clock time: 00:01:42
Memory Utilized: 9.90 GB (estimated maximum)
Memory Efficiency: 0.69% of 1.41 TB (4.00 GB/core)

 +++++++++++++++++++++++++++++++++++++++++++++++++++++++++++++++++++++++++++
 ++   Memory Efficiency is too small. Please review the requested memory. ++
 ++ It seems that you do not need that much memory so we recommend        ++
 ++ requesting less memory in other similar jobs.                         ++
 +++++++++++++++++++++++++++++++++++++++++++++++++++++++++++++++++++++++++++
 
*****************************************************************************


*****************************************************************************
*                                                                           *
*                    JOB EFFICIENCY REPORT (seff 10770648)                   *
*                                                                           *
*****************************************************************************

Job ID: 10770648
Cluster: finisterrae3
User/Group: curso341/ulc
State: COMPLETED (exit code 0)
Nodes: 9
Cores per node: 40
CPU Utilized: 00:11:42
CPU Efficiency: 1.91% of 10:12:00 core-walltime
Job Wall-clock time: 00:01:42
Memory Utilized: 9.90 GB (estimated maximum)
Memory Efficiency: 0.69% of 1.41 TB (4.00 GB/core)

 +++++++++++++++++++++++++++++++++++++++++++++++++++++++++++++++++++++++++++
 ++   Memory Efficiency is too small. Please review the requested memory. ++
 ++ It seems that you do not need that much memory so we recommend        ++
 ++ requesting less memory in other similar jobs.                         ++
 +++++++++++++++++++++++++++++++++++++++++++++++++++++++++++++++++++++++++++
 
*****************************************************************************


*****************************************************************************
*                                                                           *
*                    JOB EFFICIENCY REPORT (seff 10770648)                   *
*                                                                           *
*****************************************************************************

Job ID: 10770648
Cluster: finisterrae3
User/Group: curso341/ulc
State: COMPLETED (exit code 0)
Nodes: 9
Cores per node: 40
CPU Utilized: 00:11:42
CPU Efficiency: 1.91% of 10:12:00 core-walltime
Job Wall-clock time: 00:01:42
Memory Utilized: 9.90 GB (estimated maximum)
Memory Efficiency: 0.69% of 1.41 TB (4.00 GB/core)

 +++++++++++++++++++++++++++++++++++++++++++++++++++++++++++++++++++++++++++
 ++   Memory Efficiency is too small. Please review the requested memory. ++
 ++ It seems that you do not need that much memory so we recommend        ++
 ++ requesting less memory in other similar jobs.                         ++
 +++++++++++++++++++++++++++++++++++++++++++++++++++++++++++++++++++++++++++
 
*****************************************************************************


*****************************************************************************
*                                                                           *
*                    JOB EFFICIENCY REPORT (seff 10770648)                   *
*                                                                           *
*****************************************************************************

Job ID: 10770648
Cluster: finisterrae3
User/Group: curso341/ulc
State: COMPLETED (exit code 0)
Nodes: 9
Cores per node: 40
CPU Utilized: 00:17:33
CPU Efficiency: 2.87% of 10:12:00 core-walltime
Job Wall-clock time: 00:01:42
Memory Utilized: 15.80 GB
Memory Efficiency: 1.10% of 1.41 TB

 +++++++++++++++++++++++++++++++++++++++++++++++++++++++++++++++++++++++++++
 ++   Memory Efficiency is too small. Please review the requested memory. ++
 ++ It seems that you do not need that much memory so we recommend        ++
 ++ requesting less memory in other similar jobs.                         ++
 +++++++++++++++++++++++++++++++++++++++++++++++++++++++++++++++++++++++++++
 
*****************************************************************************


*****************************************************************************
*                                                                           *
*                    JOB EFFICIENCY REPORT (seff 10770648)                   *
*                                                                           *
*****************************************************************************

Job ID: 10770648
Cluster: finisterrae3
User/Group: curso341/ulc
State: COMPLETED (exit code 0)
Nodes: 9
Cores per node: 40
CPU Utilized: 00:17:33
CPU Efficiency: 2.87% of 10:12:00 core-walltime
Job Wall-clock time: 00:01:42
Memory Utilized: 15.80 GB
Memory Efficiency: 1.10% of 1.41 TB

 +++++++++++++++++++++++++++++++++++++++++++++++++++++++++++++++++++++++++++
 ++   Memory Efficiency is too small. Please review the requested memory. ++
 ++ It seems that you do not need that much memory so we recommend        ++
 ++ requesting less memory in other similar jobs.                         ++
 +++++++++++++++++++++++++++++++++++++++++++++++++++++++++++++++++++++++++++
 
*****************************************************************************


*****************************************************************************
*                                                                           *
*                    JOB EFFICIENCY REPORT (seff 10770648)                   *
*                                                                           *
*****************************************************************************

Job ID: 10770648
Cluster: finisterrae3
User/Group: curso341/ulc
State: COMPLETED (exit code 0)
Nodes: 9
Cores per node: 40
CPU Utilized: 00:11:42
CPU Efficiency: 1.91% of 10:12:00 core-walltime
Job Wall-clock time: 00:01:42
Memory Utilized: 9.90 GB (estimated maximum)
Memory Efficiency: 0.69% of 1.41 TB (4.00 GB/core)

 +++++++++++++++++++++++++++++++++++++++++++++++++++++++++++++++++++++++++++
 ++   Memory Efficiency is too small. Please review the requested memory. ++
 ++ It seems that you do not need that much memory so we recommend        ++
 ++ requesting less memory in other similar jobs.                         ++
 +++++++++++++++++++++++++++++++++++++++++++++++++++++++++++++++++++++++++++
 
*****************************************************************************

