slurmstepd: info: Setting TMPDIR to /scratch/10942645. Previous errors about TMPDIR can be discarded
Slurm job started at 12/03/2025_07:46:24 PM

In transit.
Initing Ray (1 head node + 2 worker nodes + 2 simulation nodes) on nodes: 
	ilk-148 ilk-152 ilk-154 ilk-157 ilk-158
Head node: 172.30.204.4:6379


RAY_DEPLOY_TIME:     23.99563
RAY_INIT_TIME:       3.24698
Iter [0]
2025-03-12 19:46:53,661	INFO packaging.py:520 -- Creating a file package for local directory '/mnt/lustre/scratch/nlsas/home/ulc/cursos/curso341/dask_on_reisa_tests/E6/DASK_ON_REISA/derivative/P4-SN2-LS536-GS2147-I10-AN2-D2025-03-12_10-03-23'.
2025-03-12 19:46:53,689	INFO packaging.py:347 -- Pushing file package 'gcs://_ray_pkg_9ec20e84aa097136.zip' (0.48MiB) to Ray cluster...
2025-03-12 19:46:53,696	INFO packaging.py:360 -- Successfully pushed file package 'gcs://_ray_pkg_9ec20e84aa097136.zip'.
Iter [1]
[2m[36m(iter_task pid=628451, ip=10.120.204.10)[0m /home/ulc/cursos/curso341/.local/lib/python3.9/site-packages/dask/config.py:693: UserWarning: Configuration key "shuffle" has been deprecated. Please use "dataframe.shuffle.algorithm" instead
[2m[36m(iter_task pid=628451, ip=10.120.204.10)[0m   warnings.warn(
[2m[36m(iter_task pid=628454, ip=10.120.204.10)[0m /home/ulc/cursos/curso341/.local/lib/python3.9/site-packages/dask/config.py:693: UserWarning: Configuration key "shuffle" has been deprecated. Please use "dataframe.shuffle.algorithm" instead
[2m[36m(iter_task pid=628454, ip=10.120.204.10)[0m   warnings.warn(
[2m[36m(iter_task pid=628455, ip=10.120.204.10)[0m /home/ulc/cursos/curso341/.local/lib/python3.9/site-packages/dask/config.py:693: UserWarning: Configuration key "shuffle" has been deprecated. Please use "dataframe.shuffle.algorithm" instead
[2m[36m(iter_task pid=628455, ip=10.120.204.10)[0m   warnings.warn(
[2m[36m(iter_task pid=628456, ip=10.120.204.10)[0m /home/ulc/cursos/curso341/.local/lib/python3.9/site-packages/dask/config.py:693: UserWarning: Configuration key "shuffle" has been deprecated. Please use "dataframe.shuffle.algorithm" instead
[2m[36m(iter_task pid=628456, ip=10.120.204.10)[0m   warnings.warn(
[2m[36m(iter_task pid=628453, ip=10.120.204.10)[0m /home/ulc/cursos/curso341/.local/lib/python3.9/site-packages/dask/config.py:693: UserWarning: Configuration key "shuffle" has been deprecated. Please use "dataframe.shuffle.algorithm" instead
[2m[36m(iter_task pid=628453, ip=10.120.204.10)[0m   warnings.warn(
[2m[36m(iter_task pid=628452, ip=10.120.204.10)[0m /home/ulc/cursos/curso341/.local/lib/python3.9/site-packages/dask/config.py:693: UserWarning: Configuration key "shuffle" has been deprecated. Please use "dataframe.shuffle.algorithm" instead
[2m[36m(iter_task pid=628452, ip=10.120.204.10)[0m   warnings.warn(
Iter [2]
Iter [3]
Iter [4]
Iter [5]
Iter [6]
Iter [7]
Iter [8]
Iter [9]
GLOBAL_PUT_TIME:     8.658535242080688 (avg:0.86585)
ACTOR_CONCURRENCY:   8
SIMULATION_TIME:     65.039251410000006 (avg: 6.503925141000001)
SIM_WTHOUT_PDI:      51.269968417999998 (avg: 5.126996841800000)
PDI_DELAY:           13.769282992000008 (avg: 1.376928299200001)

GLOBAL_SIZE_(GiB):   2097152
LOCAL_SIZE_(MiB):    512
ITERATIONS:          10

MPI_PER_NODE:        2
MPI_PARALLELISM:     4

WORKER_NODES:        2
CPUS_PER_WORKER:     64
WORKER_PARALLELISM:  128


SLURM_JOB_ID:        10942645
EST_ANALYTICS_TIME:  129.58986 (avg:12.95899)

Slurm job finished at 12/03/2025_07:49:07 PM

*****************************************************************************
*                                                                           *
*                    JOB EFFICIENCY REPORT (seff 10942645)                   *
*                                                                           *
*****************************************************************************

Job ID: 10942645
Cluster: finisterrae3
User/Group: curso341/ulc
State: COMPLETED (exit code 0)
Nodes: 5
Cores per node: 64
CPU Utilized: 00:10:03
CPU Efficiency: 1.15% of 14:34:40 core-walltime
Job Wall-clock time: 00:02:44
Memory Utilized: 6.51 GB
Memory Efficiency: 0.60% of 1.06 TB

 +++++++++++++++++++++++++++++++++++++++++++++++++++++++++++++++++++++++++++
 ++   Memory Efficiency is too small. Please review the requested memory. ++
 ++ It seems that you do not need that much memory so we recommend        ++
 ++ requesting less memory in other similar jobs.                         ++
 +++++++++++++++++++++++++++++++++++++++++++++++++++++++++++++++++++++++++++
 
*****************************************************************************


*****************************************************************************
*                                                                           *
*                    JOB EFFICIENCY REPORT (seff 10942645)                   *
*                                                                           *
*****************************************************************************

Job ID: 10942645
Cluster: finisterrae3
User/Group: curso341/ulc
State: COMPLETED (exit code 0)
Nodes: 5
Cores per node: 64
CPU Utilized: 00:48:15
CPU Efficiency: 5.52% of 14:34:40 core-walltime
Job Wall-clock time: 00:02:44
Memory Utilized: 27.85 GB
Memory Efficiency: 2.57% of 1.06 TB

 +++++++++++++++++++++++++++++++++++++++++++++++++++++++++++++++++++++++++++
 ++   Memory Efficiency is too small. Please review the requested memory. ++
 ++ It seems that you do not need that much memory so we recommend        ++
 ++ requesting less memory in other similar jobs.                         ++
 +++++++++++++++++++++++++++++++++++++++++++++++++++++++++++++++++++++++++++
 
*****************************************************************************


*****************************************************************************
*                                                                           *
*                    JOB EFFICIENCY REPORT (seff 10942645)                   *
*                                                                           *
*****************************************************************************

Job ID: 10942645
Cluster: finisterrae3
User/Group: curso341/ulc
State: COMPLETED (exit code 0)
Nodes: 5
Cores per node: 64
CPU Utilized: 00:48:15
CPU Efficiency: 5.52% of 14:34:40 core-walltime
Job Wall-clock time: 00:02:44
Memory Utilized: 27.85 GB
Memory Efficiency: 2.57% of 1.06 TB

 +++++++++++++++++++++++++++++++++++++++++++++++++++++++++++++++++++++++++++
 ++   Memory Efficiency is too small. Please review the requested memory. ++
 ++ It seems that you do not need that much memory so we recommend        ++
 ++ requesting less memory in other similar jobs.                         ++
 +++++++++++++++++++++++++++++++++++++++++++++++++++++++++++++++++++++++++++
 
*****************************************************************************


*****************************************************************************
*                                                                           *
*                    JOB EFFICIENCY REPORT (seff 10942645)                   *
*                                                                           *
*****************************************************************************

Job ID: 10942645
Cluster: finisterrae3
User/Group: curso341/ulc
State: COMPLETED (exit code 0)
Nodes: 5
Cores per node: 64
CPU Utilized: 00:48:15
CPU Efficiency: 5.52% of 14:34:40 core-walltime
Job Wall-clock time: 00:02:44
Memory Utilized: 27.85 GB
Memory Efficiency: 2.57% of 1.06 TB

 +++++++++++++++++++++++++++++++++++++++++++++++++++++++++++++++++++++++++++
 ++   Memory Efficiency is too small. Please review the requested memory. ++
 ++ It seems that you do not need that much memory so we recommend        ++
 ++ requesting less memory in other similar jobs.                         ++
 +++++++++++++++++++++++++++++++++++++++++++++++++++++++++++++++++++++++++++
 
*****************************************************************************


*****************************************************************************
*                                                                           *
*                    JOB EFFICIENCY REPORT (seff 10942645)                   *
*                                                                           *
*****************************************************************************

Job ID: 10942645
Cluster: finisterrae3
User/Group: curso341/ulc
State: COMPLETED (exit code 0)
Nodes: 5
Cores per node: 64
CPU Utilized: 00:48:15
CPU Efficiency: 5.52% of 14:34:40 core-walltime
Job Wall-clock time: 00:02:44
Memory Utilized: 27.85 GB
Memory Efficiency: 2.57% of 1.06 TB

 +++++++++++++++++++++++++++++++++++++++++++++++++++++++++++++++++++++++++++
 ++   Memory Efficiency is too small. Please review the requested memory. ++
 ++ It seems that you do not need that much memory so we recommend        ++
 ++ requesting less memory in other similar jobs.                         ++
 +++++++++++++++++++++++++++++++++++++++++++++++++++++++++++++++++++++++++++
 
*****************************************************************************

