slurmstepd: info: Setting TMPDIR to /scratch/10772514. Previous errors about TMPDIR can be discarded
Slurm job started at 25/02/2025_11:15:36 PM

In transit.
Initing Ray (1 head node + 8 worker nodes + 8 simulation nodes) on nodes: 
	ilk-4 ilk-89 ilk-91 ilk-151 ilk-152 ilk-159 ilk-161 ilk-162 ilk-166 ilk-167 ilk-170 ilk-172 ilk-173 ilk-177 ilk-178 ilk-179 ilk-185
Head node: 172.30.201.4:6379


RAY_DEPLOY_TIME:     23.20236
2025-02-25 23:16:04,817	INFO packaging.py:520 -- Creating a file package for local directory '/mnt/lustre/scratch/nlsas/home/ulc/cursos/curso341/dask_on_reisa_tests/E1/DASK_ON_REISA/reduction/P16-SN8-LS536-GS8589-I25-AN8-D2025-02-25_20-31-39'.
2025-02-25 23:16:04,845	INFO packaging.py:347 -- Pushing file package 'gcs://_ray_pkg_5f0e96371be33664.zip' (0.48MiB) to Ray cluster...
2025-02-25 23:16:04,852	INFO packaging.py:360 -- Successfully pushed file package 'gcs://_ray_pkg_5f0e96371be33664.zip'.
RAY_INIT_TIME:       4.89657
Iter [0]
Iter [2]
Iter [4]
Iter [6]
Iter [8]
Iter [10]
Iter [12]
Iter [14]
Iter [16]
[2m[36m(iter_task pid=2149783, ip=10.120.202.43)[0m 2025-02-25 23:18:47,344	WARNING worker.py:2519 -- Local object store memory usage:
[2m[36m(iter_task pid=2149783, ip=10.120.202.43)[0m 
[2m[36m(iter_task pid=2149783, ip=10.120.202.43)[0m (global lru) capacity: 72000000000
[2m[36m(iter_task pid=2149783, ip=10.120.202.43)[0m (global lru) used: 0%
[2m[36m(iter_task pid=2149783, ip=10.120.202.43)[0m (global lru) num objects: 0
[2m[36m(iter_task pid=2149783, ip=10.120.202.43)[0m (global lru) num evictions: 39
[2m[36m(iter_task pid=2149783, ip=10.120.202.43)[0m (global lru) bytes evicted: 96167088609
[2m[36m(iter_task pid=2149783, ip=10.120.202.43)[0m 
Iter [18]
Iter [20]
Iter [22]
Iter [24]
GLOBAL_PUT_TIME:     15.500581741333008 (avg:0.62002)
ACTOR_CONCURRENCY:   8
SIMULATION_TIME:     218.644661830000018 (avg: 8.745786473200001)
SIM_WTHOUT_PDI:      146.239164533999997 (avg: 5.849566581360000)
PDI_DELAY:           72.405497296000021 (avg: 2.896219891840001)

GLOBAL_SIZE_(GiB):   8388608
LOCAL_SIZE_(MiB):    512
ITERATIONS:          25

MPI_PER_NODE:        2
MPI_PARALLELISM:     16

WORKER_NODES:        8
CPUS_PER_WORKER:     30
WORKER_PARALLELISM:  240


SLURM_JOB_ID:        10772514
srun: Job step aborted: Waiting up to 32 seconds for job step to finish.
slurmstepd: error: *** JOB 10772514 ON ilk-4 CANCELLED AT 2025-02-25T23:35:45 DUE TO TIME LIMIT ***
slurmstepd: error: *** STEP 10772514.18 ON ilk-89 CANCELLED AT 2025-02-25T23:35:45 DUE TO TIME LIMIT ***
