slurmstepd: info: Setting TMPDIR to /scratch/10935944. Previous errors about TMPDIR can be discarded
Slurm job started at 11/03/2025_11:22:00 AM

In transit.
Initing Ray (1 head node + 4 worker nodes + 4 simulation nodes) on nodes: 
	ilk-143 ilk-241 ilk-242 ilk-243 ilk-244 ilk-250 ilk-251 ilk-252 ilk-253
Head node: 172.30.203.47:6379


RAY_DEPLOY_TIME:     23.34345
2025-03-11 11:22:26,854	INFO packaging.py:520 -- Creating a file package for local directory '/mnt/lustre/scratch/nlsas/home/ulc/cursos/curso341/dask_on_reisa_tests/E6/REISA/reduction/P8-SN4-LS536-GS4294-I20-AN4-D2025-03-11_08-51-37'.
2025-03-11 11:22:26,879	INFO packaging.py:347 -- Pushing file package 'gcs://_ray_pkg_7f6e9eb855b66554.zip' (0.48MiB) to Ray cluster...
2025-03-11 11:22:26,885	INFO packaging.py:360 -- Successfully pushed file package 'gcs://_ray_pkg_7f6e9eb855b66554.zip'.
RAY_INIT_TIME:       2.44964
Iter [0]
Iter [2]
Iter [4]
Iter [6]
Iter [8]
Iter [10]
Iter [12]
Iter [14]
Iter [16]
Iter [18]
EST_ANALYTICS_TIME:  107.72688 (avg:5.38634)
GLOBAL_PUT_TIME:     16.801642179489136 (avg:0.84008)
ACTOR_CONCURRENCY:   8
SIMULATION_TIME:     113.059734730999992 (avg: 5.652986736550000)
SIM_WTHOUT_PDI:      93.480514087000017 (avg: 4.674025704350001)
PDI_DELAY:           19.579220643999975 (avg: 0.978961032199999)

GLOBAL_SIZE_(GiB):   4194304
LOCAL_SIZE_(MiB):    512
ITERATIONS:          20

MPI_PER_NODE:        2
MPI_PARALLELISM:     8

WORKER_NODES:        4
CPUS_PER_WORKER:     64
WORKER_PARALLELISM:  256


SLURM_JOB_ID:        10935944

Slurm job finished at 11/03/2025_11:24:21 AM

*****************************************************************************
*                                                                           *
*                    JOB EFFICIENCY REPORT (seff 10935944)                   *
*                                                                           *
*****************************************************************************

Job ID: 10935944
Cluster: finisterrae3
User/Group: curso341/ulc
State: COMPLETED (exit code 0)
Nodes: 9
Cores per node: 64
CPU Utilized: 00:15:12
CPU Efficiency: 1.12% of 22:43:12 core-walltime
Job Wall-clock time: 00:02:22
Memory Utilized: 12.19 GB (estimated maximum)
Memory Efficiency: 0.62% of 1.91 TB (3.39 GB/core)

 +++++++++++++++++++++++++++++++++++++++++++++++++++++++++++++++++++++++++++
 ++   Memory Efficiency is too small. Please review the requested memory. ++
 ++ It seems that you do not need that much memory so we recommend        ++
 ++ requesting less memory in other similar jobs.                         ++
 +++++++++++++++++++++++++++++++++++++++++++++++++++++++++++++++++++++++++++
 
*****************************************************************************


*****************************************************************************
*                                                                           *
*                    JOB EFFICIENCY REPORT (seff 10935944)                   *
*                                                                           *
*****************************************************************************

Job ID: 10935944
Cluster: finisterrae3
User/Group: curso341/ulc
State: COMPLETED (exit code 0)
Nodes: 9
Cores per node: 64
CPU Utilized: 00:15:12
CPU Efficiency: 1.12% of 22:43:12 core-walltime
Job Wall-clock time: 00:02:22
Memory Utilized: 12.19 GB (estimated maximum)
Memory Efficiency: 0.62% of 1.91 TB (3.39 GB/core)

 +++++++++++++++++++++++++++++++++++++++++++++++++++++++++++++++++++++++++++
 ++   Memory Efficiency is too small. Please review the requested memory. ++
 ++ It seems that you do not need that much memory so we recommend        ++
 ++ requesting less memory in other similar jobs.                         ++
 +++++++++++++++++++++++++++++++++++++++++++++++++++++++++++++++++++++++++++
 
*****************************************************************************


*****************************************************************************
*                                                                           *
*                    JOB EFFICIENCY REPORT (seff 10935944)                   *
*                                                                           *
*****************************************************************************

Job ID: 10935944
Cluster: finisterrae3
User/Group: curso341/ulc
State: COMPLETED (exit code 0)
Nodes: 9
Cores per node: 64
CPU Utilized: 00:15:12
CPU Efficiency: 1.12% of 22:43:12 core-walltime
Job Wall-clock time: 00:02:22
Memory Utilized: 12.19 GB (estimated maximum)
Memory Efficiency: 0.62% of 1.91 TB (3.39 GB/core)

 +++++++++++++++++++++++++++++++++++++++++++++++++++++++++++++++++++++++++++
 ++   Memory Efficiency is too small. Please review the requested memory. ++
 ++ It seems that you do not need that much memory so we recommend        ++
 ++ requesting less memory in other similar jobs.                         ++
 +++++++++++++++++++++++++++++++++++++++++++++++++++++++++++++++++++++++++++
 
*****************************************************************************


*****************************************************************************
*                                                                           *
*                    JOB EFFICIENCY REPORT (seff 10935944)                   *
*                                                                           *
*****************************************************************************

Job ID: 10935944
Cluster: finisterrae3
User/Group: curso341/ulc
State: COMPLETED (exit code 0)
Nodes: 9
Cores per node: 64
CPU Utilized: 00:15:32
CPU Efficiency: 1.14% of 22:43:12 core-walltime
Job Wall-clock time: 00:02:22
Memory Utilized: 12.19 GB (estimated maximum)
Memory Efficiency: 0.62% of 1.91 TB (3.39 GB/core)

 +++++++++++++++++++++++++++++++++++++++++++++++++++++++++++++++++++++++++++
 ++   Memory Efficiency is too small. Please review the requested memory. ++
 ++ It seems that you do not need that much memory so we recommend        ++
 ++ requesting less memory in other similar jobs.                         ++
 +++++++++++++++++++++++++++++++++++++++++++++++++++++++++++++++++++++++++++
 
*****************************************************************************


*****************************************************************************
*                                                                           *
*                    JOB EFFICIENCY REPORT (seff 10935944)                   *
*                                                                           *
*****************************************************************************

Job ID: 10935944
Cluster: finisterrae3
User/Group: curso341/ulc
State: COMPLETED (exit code 0)
Nodes: 9
Cores per node: 64
CPU Utilized: 00:23:37
CPU Efficiency: 1.73% of 22:43:12 core-walltime
Job Wall-clock time: 00:02:22
Memory Utilized: 12.19 GB (estimated maximum)
Memory Efficiency: 0.62% of 1.91 TB (3.39 GB/core)

 +++++++++++++++++++++++++++++++++++++++++++++++++++++++++++++++++++++++++++
 ++   Memory Efficiency is too small. Please review the requested memory. ++
 ++ It seems that you do not need that much memory so we recommend        ++
 ++ requesting less memory in other similar jobs.                         ++
 +++++++++++++++++++++++++++++++++++++++++++++++++++++++++++++++++++++++++++
 
*****************************************************************************


*****************************************************************************
*                                                                           *
*                    JOB EFFICIENCY REPORT (seff 10935944)                   *
*                                                                           *
*****************************************************************************

Job ID: 10935944
Cluster: finisterrae3
User/Group: curso341/ulc
State: COMPLETED (exit code 0)
Nodes: 9
Cores per node: 64
CPU Utilized: 00:23:37
CPU Efficiency: 1.73% of 22:43:12 core-walltime
Job Wall-clock time: 00:02:22
Memory Utilized: 12.19 GB (estimated maximum)
Memory Efficiency: 0.62% of 1.91 TB (3.39 GB/core)

 +++++++++++++++++++++++++++++++++++++++++++++++++++++++++++++++++++++++++++
 ++   Memory Efficiency is too small. Please review the requested memory. ++
 ++ It seems that you do not need that much memory so we recommend        ++
 ++ requesting less memory in other similar jobs.                         ++
 +++++++++++++++++++++++++++++++++++++++++++++++++++++++++++++++++++++++++++
 
*****************************************************************************


*****************************************************************************
*                                                                           *
*                    JOB EFFICIENCY REPORT (seff 10935944)                   *
*                                                                           *
*****************************************************************************

Job ID: 10935944
Cluster: finisterrae3
User/Group: curso341/ulc
State: COMPLETED (exit code 0)
Nodes: 9
Cores per node: 64
CPU Utilized: 00:23:37
CPU Efficiency: 1.73% of 22:43:12 core-walltime
Job Wall-clock time: 00:02:22
Memory Utilized: 12.19 GB (estimated maximum)
Memory Efficiency: 0.62% of 1.91 TB (3.39 GB/core)

 +++++++++++++++++++++++++++++++++++++++++++++++++++++++++++++++++++++++++++
 ++   Memory Efficiency is too small. Please review the requested memory. ++
 ++ It seems that you do not need that much memory so we recommend        ++
 ++ requesting less memory in other similar jobs.                         ++
 +++++++++++++++++++++++++++++++++++++++++++++++++++++++++++++++++++++++++++
 
*****************************************************************************


*****************************************************************************
*                                                                           *
*                    JOB EFFICIENCY REPORT (seff 10935944)                   *
*                                                                           *
*****************************************************************************

Job ID: 10935944
Cluster: finisterrae3
User/Group: curso341/ulc
State: COMPLETED (exit code 0)
Nodes: 9
Cores per node: 64
CPU Utilized: 00:23:37
CPU Efficiency: 1.73% of 22:43:12 core-walltime
Job Wall-clock time: 00:02:22
Memory Utilized: 12.19 GB (estimated maximum)
Memory Efficiency: 0.62% of 1.91 TB (3.39 GB/core)

 +++++++++++++++++++++++++++++++++++++++++++++++++++++++++++++++++++++++++++
 ++   Memory Efficiency is too small. Please review the requested memory. ++
 ++ It seems that you do not need that much memory so we recommend        ++
 ++ requesting less memory in other similar jobs.                         ++
 +++++++++++++++++++++++++++++++++++++++++++++++++++++++++++++++++++++++++++
 
*****************************************************************************


*****************************************************************************
*                                                                           *
*                    JOB EFFICIENCY REPORT (seff 10935944)                   *
*                                                                           *
*****************************************************************************

Job ID: 10935944
Cluster: finisterrae3
User/Group: curso341/ulc
State: COMPLETED (exit code 0)
Nodes: 9
Cores per node: 64
CPU Utilized: 00:28:35
CPU Efficiency: 2.10% of 22:43:12 core-walltime
Job Wall-clock time: 00:02:22
Memory Utilized: 8.62 GB
Memory Efficiency: 0.44% of 1.91 TB

 +++++++++++++++++++++++++++++++++++++++++++++++++++++++++++++++++++++++++++
 ++   Memory Efficiency is too small. Please review the requested memory. ++
 ++ It seems that you do not need that much memory so we recommend        ++
 ++ requesting less memory in other similar jobs.                         ++
 +++++++++++++++++++++++++++++++++++++++++++++++++++++++++++++++++++++++++++
 
*****************************************************************************

