slurmstepd: info: Setting TMPDIR to /scratch/10932584. Previous errors about TMPDIR can be discarded
Slurm job started at 10/03/2025_07:24:49 PM

In transit.
Initing Ray (1 head node + 2 worker nodes + 4 simulation nodes) on nodes: 
	ilk-241 ilk-243 ilk-246 ilk-247 ilk-249 ilk-250 ilk-252
Head node: 172.30.211.14:6379


RAY_DEPLOY_TIME:     24.02290
RAY_INIT_TIME:       4.46756
Iter [0]
2025-03-10 19:25:22,768	INFO packaging.py:520 -- Creating a file package for local directory '/mnt/lustre/scratch/nlsas/home/ulc/cursos/curso341/dask_on_reisa_tests/E5/REISA_ONE_ACTOR/reduction/P128-SN4-LS1-GS134-I20-AN2-D2025-03-10_18-38-46'.
2025-03-10 19:25:22,982	INFO packaging.py:347 -- Pushing file package 'gcs://_ray_pkg_2d455ad45d693b1d.zip' (0.48MiB) to Ray cluster...
2025-03-10 19:25:22,988	INFO packaging.py:360 -- Successfully pushed file package 'gcs://_ray_pkg_2d455ad45d693b1d.zip'.
Iter [2]
Iter [4]
Iter [6]
Iter [8]
Iter [10]
Iter [12]
Iter [14]
Iter [16]
Iter [18]
GLOBAL_PUT_TIME:     0.09706377983093262 (avg:0.00485)
ACTOR_CONCURRENCY:   8
EST_ANALYTICS_TIME:  42.94888 (avg:2.14744)
SIMULATION_TIME:     46.649522427000001 (avg: 2.332476121350000)
SIM_WTHOUT_PDI:      12.642216143000011 (avg: 0.632110807150001)
PDI_DELAY:           34.007306283999988 (avg: 1.700365314199999)

GLOBAL_SIZE_(GiB):   131072
LOCAL_SIZE_(MiB):    1
ITERATIONS:          20

MPI_PER_NODE:        32
MPI_PARALLELISM:     128

WORKER_NODES:        2
CPUS_PER_WORKER:     64
WORKER_PARALLELISM:  128


SLURM_JOB_ID:        10932584

Slurm job finished at 10/03/2025_07:26:10 PM




*****************************************************************************
*****************************************************************************
*****************************************************************************
*****************************************************************************
*                                                                           *
*                                                                           *


*                                                                           *
*                                                                           *
*                    JOB EFFICIENCY REPORT (seff 10932584)                   *
*                    JOB EFFICIENCY REPORT (seff 10932584)                   *
*****************************************************************************
*****************************************************************************
*                    JOB EFFICIENCY REPORT (seff 10932584)                   *
*                    JOB EFFICIENCY REPORT (seff 10932584)                   *
*                                                                           *
*                                                                           *
*                                                                           *
*                                                                           *
*                                                                           *

*                                                                           *
*****************************************************************************
*****************************************************************************
*                    JOB EFFICIENCY REPORT (seff 10932584)                   *
*                    JOB EFFICIENCY REPORT (seff 10932584)                   *
*****************************************************************************
*****************************************************************************
*****************************************************************************


*                                                                           *
*                                                                           *

*                                                                           *

Job ID: 10932584
Job ID: 10932584
*****************************************************************************
*****************************************************************************
Job ID: 10932584
*                    JOB EFFICIENCY REPORT (seff 10932584)                   *
Job ID: 10932584
Cluster: finisterrae3
Cluster: finisterrae3


Cluster: finisterrae3
*                                                                           *
Cluster: finisterrae3
User/Group: curso341/ulc
User/Group: curso341/ulc
Job ID: 10932584
Job ID: 10932584
User/Group: curso341/ulc
*****************************************************************************
User/Group: curso341/ulc
State: COMPLETED (exit code 0)
State: COMPLETED (exit code 0)
Cluster: finisterrae3
Cluster: finisterrae3
State: COMPLETED (exit code 0)

State: COMPLETED (exit code 0)
Nodes: 7
Nodes: 7
User/Group: curso341/ulc
User/Group: curso341/ulc
Nodes: 7
Job ID: 10932584
Nodes: 7
Cores per node: 64
Cores per node: 64
State: COMPLETED (exit code 0)
State: COMPLETED (exit code 0)
Cores per node: 64
Cluster: finisterrae3
Cores per node: 64
CPU Utilized: 00:58:52
CPU Utilized: 00:58:52
Nodes: 7
Nodes: 7
CPU Utilized: 00:58:52
User/Group: curso341/ulc
CPU Utilized: 00:58:52
CPU Efficiency: 9.50% of 10:19:44 core-walltime
CPU Efficiency: 9.50% of 10:19:44 core-walltime
Cores per node: 64
Cores per node: 64
CPU Efficiency: 9.50% of 10:19:44 core-walltime
State: COMPLETED (exit code 0)
CPU Efficiency: 9.50% of 10:19:44 core-walltime
Job Wall-clock time: 00:01:23
Job Wall-clock time: 00:01:23
CPU Utilized: 00:58:52
CPU Utilized: 00:58:52
Job Wall-clock time: 00:01:23
Nodes: 7
Job Wall-clock time: 00:01:23
Memory Utilized: 4.29 GB
Memory Utilized: 4.29 GB
CPU Efficiency: 9.50% of 10:19:44 core-walltime
CPU Efficiency: 9.50% of 10:19:44 core-walltime
Memory Utilized: 4.29 GB
Cores per node: 64
Memory Utilized: 4.29 GB
Memory Efficiency: 0.28% of 1.48 TB
Memory Efficiency: 0.28% of 1.48 TB
Job Wall-clock time: 00:01:23
Job Wall-clock time: 00:01:23
Memory Efficiency: 0.28% of 1.48 TB
CPU Utilized: 00:59:20
Memory Efficiency: 0.28% of 1.48 TB


Memory Utilized: 4.29 GB
Memory Utilized: 4.29 GB

CPU Efficiency: 9.57% of 10:19:44 core-walltime

 +++++++++++++++++++++++++++++++++++++++++++++++++++++++++++++++++++++++++++
 +++++++++++++++++++++++++++++++++++++++++++++++++++++++++++++++++++++++++++
Memory Efficiency: 0.28% of 1.48 TB
Memory Efficiency: 0.28% of 1.48 TB
 +++++++++++++++++++++++++++++++++++++++++++++++++++++++++++++++++++++++++++
Job Wall-clock time: 00:01:23
 +++++++++++++++++++++++++++++++++++++++++++++++++++++++++++++++++++++++++++
 ++   Memory Efficiency is too small. Please review the requested memory. ++
 ++   Memory Efficiency is too small. Please review the requested memory. ++


 ++   Memory Efficiency is too small. Please review the requested memory. ++
Memory Utilized: 4.29 GB
 ++   Memory Efficiency is too small. Please review the requested memory. ++
 ++ It seems that you do not need that much memory so we recommend        ++
 ++ It seems that you do not need that much memory so we recommend        ++
 +++++++++++++++++++++++++++++++++++++++++++++++++++++++++++++++++++++++++++
 +++++++++++++++++++++++++++++++++++++++++++++++++++++++++++++++++++++++++++
 ++ It seems that you do not need that much memory so we recommend        ++
Memory Efficiency: 0.28% of 1.48 TB
 ++ It seems that you do not need that much memory so we recommend        ++
 ++ requesting less memory in other similar jobs.                         ++
 ++ requesting less memory in other similar jobs.                         ++
 ++   Memory Efficiency is too small. Please review the requested memory. ++
 ++   Memory Efficiency is too small. Please review the requested memory. ++
 ++ requesting less memory in other similar jobs.                         ++

 ++ requesting less memory in other similar jobs.                         ++
 +++++++++++++++++++++++++++++++++++++++++++++++++++++++++++++++++++++++++++
 +++++++++++++++++++++++++++++++++++++++++++++++++++++++++++++++++++++++++++
 ++ It seems that you do not need that much memory so we recommend        ++
 ++ It seems that you do not need that much memory so we recommend        ++
 +++++++++++++++++++++++++++++++++++++++++++++++++++++++++++++++++++++++++++
 +++++++++++++++++++++++++++++++++++++++++++++++++++++++++++++++++++++++++++
 +++++++++++++++++++++++++++++++++++++++++++++++++++++++++++++++++++++++++++
 
 
 ++ requesting less memory in other similar jobs.                         ++
 ++ requesting less memory in other similar jobs.                         ++
 
 ++   Memory Efficiency is too small. Please review the requested memory. ++
 
*****************************************************************************
*****************************************************************************
 +++++++++++++++++++++++++++++++++++++++++++++++++++++++++++++++++++++++++++
 +++++++++++++++++++++++++++++++++++++++++++++++++++++++++++++++++++++++++++
*****************************************************************************
 ++ It seems that you do not need that much memory so we recommend        ++
*****************************************************************************


 
 

 ++ requesting less memory in other similar jobs.                         ++

*****************************************************************************
*****************************************************************************
 +++++++++++++++++++++++++++++++++++++++++++++++++++++++++++++++++++++++++++


 
*****************************************************************************

