slurmstepd: info: Setting TMPDIR to /scratch/10933994. Previous errors about TMPDIR can be discarded
Slurm job started at 11/03/2025_12:34:23 AM

In transit.
Initing Ray (1 head node + 2 worker nodes + 4 simulation nodes) on nodes: 
	ilk-133 ilk-134 ilk-135 ilk-138 ilk-144 ilk-211 ilk-237
Head node: 172.30.203.37:6379


RAY_DEPLOY_TIME:     24.00432
2025-03-11 00:34:50,378	INFO packaging.py:520 -- Creating a file package for local directory '/mnt/lustre/scratch/nlsas/home/ulc/cursos/curso341/dask_on_reisa_tests/E5/DASK_ON_REISA/reduction/P128-SN4-LS1-GS134-I20-AN2-D2025-03-10_22-50-06'.
2025-03-11 00:34:50,405	INFO packaging.py:347 -- Pushing file package 'gcs://_ray_pkg_a15217a79421563c.zip' (0.48MiB) to Ray cluster...
2025-03-11 00:34:50,412	INFO packaging.py:360 -- Successfully pushed file package 'gcs://_ray_pkg_a15217a79421563c.zip'.
RAY_INIT_TIME:       5.08047
Iter [0]
Iter [2]
Iter [4]
[2m[36m(iter_task pid=1020176, ip=10.120.203.38)[0m /home/ulc/cursos/curso341/.local/lib/python3.9/site-packages/dask/config.py:693: UserWarning: Configuration key "shuffle" has been deprecated. Please use "dataframe.shuffle.algorithm" instead
[2m[36m(iter_task pid=1020176, ip=10.120.203.38)[0m   warnings.warn(
[2m[36m(iter_task pid=1020177, ip=10.120.203.38)[0m /home/ulc/cursos/curso341/.local/lib/python3.9/site-packages/dask/config.py:693: UserWarning: Configuration key "shuffle" has been deprecated. Please use "dataframe.shuffle.algorithm" instead
[2m[36m(iter_task pid=1020177, ip=10.120.203.38)[0m   warnings.warn(
[2m[36m(iter_task pid=3486894, ip=10.120.203.39)[0m /home/ulc/cursos/curso341/.local/lib/python3.9/site-packages/dask/config.py:693: UserWarning: Configuration key "shuffle" has been deprecated. Please use "dataframe.shuffle.algorithm" instead
[2m[36m(iter_task pid=3486894, ip=10.120.203.39)[0m   warnings.warn(
[2m[36m(iter_task pid=3486893, ip=10.120.203.39)[0m /home/ulc/cursos/curso341/.local/lib/python3.9/site-packages/dask/config.py:693: UserWarning: Configuration key "shuffle" has been deprecated. Please use "dataframe.shuffle.algorithm" instead
[2m[36m(iter_task pid=3486893, ip=10.120.203.39)[0m   warnings.warn(
Iter [6]
Iter [8]
Iter [10]
Iter [12]
Iter [14]
Iter [16]
Iter [18]
GLOBAL_PUT_TIME:     0.06037449836730957 (avg:0.00302)
ACTOR_CONCURRENCY:   8
SIMULATION_TIME:     13.685909074000001 (avg: 0.684295453700000)
SIM_WTHOUT_PDI:      4.735333636999997 (avg: 0.236766681850000)
PDI_DELAY:           8.950575437000005 (avg: 0.447528771850000)

GLOBAL_SIZE_(GiB):   131072
LOCAL_SIZE_(MiB):    1
ITERATIONS:          20

MPI_PER_NODE:        32
MPI_PARALLELISM:     128

WORKER_NODES:        2
CPUS_PER_WORKER:     64
WORKER_PARALLELISM:  128


SLURM_JOB_ID:        10933994
[2m[36m(iter_task pid=3486894, ip=10.120.203.39)[0m /home/ulc/cursos/curso341/.local/lib/python3.9/site-packages/dask/config.py:693: UserWarning: Configuration key "shuffle" has been deprecated. Please use "dataframe.shuffle.algorithm" instead
[2m[36m(iter_task pid=3486894, ip=10.120.203.39)[0m   warnings.warn(
[2m[36m(iter_task pid=3486893, ip=10.120.203.39)[0m /home/ulc/cursos/curso341/.local/lib/python3.9/site-packages/dask/config.py:693: UserWarning: Configuration key "shuffle" has been deprecated. Please use "dataframe.shuffle.algorithm" instead
[2m[36m(iter_task pid=3486893, ip=10.120.203.39)[0m   warnings.warn(
[2m[36m(iter_task pid=1020176, ip=10.120.203.38)[0m /home/ulc/cursos/curso341/.local/lib/python3.9/site-packages/dask/config.py:693: UserWarning: Configuration key "shuffle" has been deprecated. Please use "dataframe.shuffle.algorithm" instead
[2m[36m(iter_task pid=1020176, ip=10.120.203.38)[0m   warnings.warn(
[2m[36m(iter_task pid=1020177, ip=10.120.203.38)[0m /home/ulc/cursos/curso341/.local/lib/python3.9/site-packages/dask/config.py:693: UserWarning: Configuration key "shuffle" has been deprecated. Please use "dataframe.shuffle.algorithm" instead
[2m[36m(iter_task pid=1020177, ip=10.120.203.38)[0m   warnings.warn(
[2m[36m(iter_task pid=1020176, ip=10.120.203.38)[0m /home/ulc/cursos/curso341/.local/lib/python3.9/site-packages/dask/config.py:693: UserWarning: Configuration key "shuffle" has been deprecated. Please use "dataframe.shuffle.algorithm" instead
[2m[36m(iter_task pid=1020176, ip=10.120.203.38)[0m   warnings.warn(
[2m[36m(iter_task pid=1020177, ip=10.120.203.38)[0m /home/ulc/cursos/curso341/.local/lib/python3.9/site-packages/dask/config.py:693: UserWarning: Configuration key "shuffle" has been deprecated. Please use "dataframe.shuffle.algorithm" instead
[2m[36m(iter_task pid=1020177, ip=10.120.203.38)[0m   warnings.warn(
[2m[36m(iter_task pid=3486893, ip=10.120.203.39)[0m /home/ulc/cursos/curso341/.local/lib/python3.9/site-packages/dask/config.py:693: UserWarning: Configuration key "shuffle" has been deprecated. Please use "dataframe.shuffle.algorithm" instead
[2m[36m(iter_task pid=3486893, ip=10.120.203.39)[0m   warnings.warn(
[2m[36m(iter_task pid=3546925, ip=10.120.203.39)[0m /home/ulc/cursos/curso341/.local/lib/python3.9/site-packages/dask/config.py:693: UserWarning: Configuration key "shuffle" has been deprecated. Please use "dataframe.shuffle.algorithm" instead
[2m[36m(iter_task pid=3546925, ip=10.120.203.39)[0m   warnings.warn(
[2m[36m(iter_task pid=1107347, ip=10.120.203.38)[0m /home/ulc/cursos/curso341/.local/lib/python3.9/site-packages/dask/config.py:693: UserWarning: Configuration key "shuffle" has been deprecated. Please use "dataframe.shuffle.algorithm" instead
[2m[36m(iter_task pid=1107347, ip=10.120.203.38)[0m   warnings.warn(
[2m[36m(iter_task pid=1107346, ip=10.120.203.38)[0m /home/ulc/cursos/curso341/.local/lib/python3.9/site-packages/dask/config.py:693: UserWarning: Configuration key "shuffle" has been deprecated. Please use "dataframe.shuffle.algorithm" instead
[2m[36m(iter_task pid=1107346, ip=10.120.203.38)[0m   warnings.warn(
[2m[36m(iter_task pid=3486893, ip=10.120.203.39)[0m /home/ulc/cursos/curso341/.local/lib/python3.9/site-packages/dask/config.py:693: UserWarning: Configuration key "shuffle" has been deprecated. Please use "dataframe.shuffle.algorithm" instead
[2m[36m(iter_task pid=3486893, ip=10.120.203.39)[0m   warnings.warn(
[2m[36m(iter_task pid=3486894, ip=10.120.203.39)[0m /home/ulc/cursos/curso341/.local/lib/python3.9/site-packages/dask/config.py:693: UserWarning: Configuration key "shuffle" has been deprecated. Please use "dataframe.shuffle.algorithm" instead
[2m[36m(iter_task pid=3486894, ip=10.120.203.39)[0m   warnings.warn(
[2m[36m(iter_task pid=1107347, ip=10.120.203.38)[0m /home/ulc/cursos/curso341/.local/lib/python3.9/site-packages/dask/config.py:693: UserWarning: Configuration key "shuffle" has been deprecated. Please use "dataframe.shuffle.algorithm" instead
[2m[36m(iter_task pid=1107347, ip=10.120.203.38)[0m   warnings.warn(
[2m[36m(iter_task pid=1107346, ip=10.120.203.38)[0m /home/ulc/cursos/curso341/.local/lib/python3.9/site-packages/dask/config.py:693: UserWarning: Configuration key "shuffle" has been deprecated. Please use "dataframe.shuffle.algorithm" instead
[2m[36m(iter_task pid=1107346, ip=10.120.203.38)[0m   warnings.warn(
[2m[36m(iter_task pid=3604319, ip=10.120.203.39)[0m /home/ulc/cursos/curso341/.local/lib/python3.9/site-packages/dask/config.py:693: UserWarning: Configuration key "shuffle" has been deprecated. Please use "dataframe.shuffle.algorithm" instead
[2m[36m(iter_task pid=3604319, ip=10.120.203.39)[0m   warnings.warn(
[2m[36m(iter_task pid=3486894, ip=10.120.203.39)[0m /home/ulc/cursos/curso341/.local/lib/python3.9/site-packages/dask/config.py:693: UserWarning: Configuration key "shuffle" has been deprecated. Please use "dataframe.shuffle.algorithm" instead
[2m[36m(iter_task pid=3486894, ip=10.120.203.39)[0m   warnings.warn(
EST_ANALYTICS_TIME:  87.61401 (avg:4.38070)

Slurm job finished at 11/03/2025_12:36:22 AM

*****************************************************************************
*                                                                           *
*                    JOB EFFICIENCY REPORT (seff 10933994)                   *
*                                                                           *
*****************************************************************************

Job ID: 10933994
Cluster: finisterrae3
User/Group: curso341/ulc
State: COMPLETED (exit code 0)
Nodes: 7
Cores per node: 64
CPU Utilized: 00:22:59
CPU Efficiency: 2.57% of 14:56:00 core-walltime
Job Wall-clock time: 00:02:00
Memory Utilized: 1.15 GB
Memory Efficiency: 0.08% of 1.48 TB

 +++++++++++++++++++++++++++++++++++++++++++++++++++++++++++++++++++++++++++
 ++   Memory Efficiency is too small. Please review the requested memory. ++
 ++ It seems that you do not need that much memory so we recommend        ++
 ++ requesting less memory in other similar jobs.                         ++
 +++++++++++++++++++++++++++++++++++++++++++++++++++++++++++++++++++++++++++
 
*****************************************************************************


*****************************************************************************
*                                                                           *
*                    JOB EFFICIENCY REPORT (seff 10933994)                   *
*                                                                           *
*****************************************************************************

Job ID: 10933994
Cluster: finisterrae3
User/Group: curso341/ulc
State: COMPLETED (exit code 0)
Nodes: 7
Cores per node: 64
CPU Utilized: 00:22:59
CPU Efficiency: 2.57% of 14:56:00 core-walltime
Job Wall-clock time: 00:02:00
Memory Utilized: 1.15 GB
Memory Efficiency: 0.08% of 1.48 TB

 +++++++++++++++++++++++++++++++++++++++++++++++++++++++++++++++++++++++++++
 ++   Memory Efficiency is too small. Please review the requested memory. ++
 ++ It seems that you do not need that much memory so we recommend        ++
 ++ requesting less memory in other similar jobs.                         ++
 +++++++++++++++++++++++++++++++++++++++++++++++++++++++++++++++++++++++++++
 
*****************************************************************************



*****************************************************************************
*****************************************************************************
*                                                                           *
*                                                                           *
*                    JOB EFFICIENCY REPORT (seff 10933994)                   *
*                    JOB EFFICIENCY REPORT (seff 10933994)                   *
*                                                                           *
*                                                                           *
*****************************************************************************
*****************************************************************************


Job ID: 10933994
Job ID: 10933994
Cluster: finisterrae3
Cluster: finisterrae3
User/Group: curso341/ulc
User/Group: curso341/ulc
State: COMPLETED (exit code 0)
State: COMPLETED (exit code 0)
Nodes: 7
Nodes: 7
Cores per node: 64
Cores per node: 64
CPU Utilized: 00:24:16
CPU Utilized: 00:24:16
CPU Efficiency: 2.71% of 14:56:00 core-walltime
CPU Efficiency: 2.71% of 14:56:00 core-walltime
Job Wall-clock time: 00:02:00
Job Wall-clock time: 00:02:00
Memory Utilized: 1.28 GB
Memory Utilized: 1.28 GB
Memory Efficiency: 0.08% of 1.48 TB
Memory Efficiency: 0.08% of 1.48 TB


 +++++++++++++++++++++++++++++++++++++++++++++++++++++++++++++++++++++++++++
 +++++++++++++++++++++++++++++++++++++++++++++++++++++++++++++++++++++++++++
 ++   Memory Efficiency is too small. Please review the requested memory. ++
 ++   Memory Efficiency is too small. Please review the requested memory. ++
 ++ It seems that you do not need that much memory so we recommend        ++
 ++ It seems that you do not need that much memory so we recommend        ++
 ++ requesting less memory in other similar jobs.                         ++
 ++ requesting less memory in other similar jobs.                         ++
 +++++++++++++++++++++++++++++++++++++++++++++++++++++++++++++++++++++++++++
 +++++++++++++++++++++++++++++++++++++++++++++++++++++++++++++++++++++++++++
 
 
*****************************************************************************
*****************************************************************************



*****************************************************************************
*                                                                           *
*                    JOB EFFICIENCY REPORT (seff 10933994)                   *
*                                                                           *
*****************************************************************************

Job ID: 10933994
Cluster: finisterrae3
User/Group: curso341/ulc
State: COMPLETED (exit code 0)
Nodes: 7
Cores per node: 64
CPU Utilized: 00:29:11
CPU Efficiency: 3.26% of 14:56:00 core-walltime
Job Wall-clock time: 00:02:00
Memory Utilized: 4.17 GB
Memory Efficiency: 0.27% of 1.48 TB

 +++++++++++++++++++++++++++++++++++++++++++++++++++++++++++++++++++++++++++
 ++   Memory Efficiency is too small. Please review the requested memory. ++
 ++ It seems that you do not need that much memory so we recommend        ++
 ++ requesting less memory in other similar jobs.                         ++
 +++++++++++++++++++++++++++++++++++++++++++++++++++++++++++++++++++++++++++
 
*****************************************************************************


*****************************************************************************
*                                                                           *
*                    JOB EFFICIENCY REPORT (seff 10933994)                   *
*                                                                           *
*****************************************************************************

Job ID: 10933994
Cluster: finisterrae3
User/Group: curso341/ulc
State: COMPLETED (exit code 0)
Nodes: 7
Cores per node: 64
CPU Utilized: 02:15:25
CPU Efficiency: 15.11% of 14:56:00 core-walltime
Job Wall-clock time: 00:02:00
Memory Utilized: 9.43 GB
Memory Efficiency: 0.62% of 1.48 TB

 +++++++++++++++++++++++++++++++++++++++++++++++++++++++++++++++++++++++++++
 ++   Memory Efficiency is too small. Please review the requested memory. ++
 ++ It seems that you do not need that much memory so we recommend        ++
 ++ requesting less memory in other similar jobs.                         ++
 +++++++++++++++++++++++++++++++++++++++++++++++++++++++++++++++++++++++++++
 
*****************************************************************************


*****************************************************************************
*                                                                           *
*                    JOB EFFICIENCY REPORT (seff 10933994)                   *
*                                                                           *
*****************************************************************************

Job ID: 10933994
Cluster: finisterrae3
User/Group: curso341/ulc
State: COMPLETED (exit code 0)
Nodes: 7
Cores per node: 64
CPU Utilized: 02:15:25
CPU Efficiency: 15.11% of 14:56:00 core-walltime
Job Wall-clock time: 00:02:00
Memory Utilized: 9.43 GB
Memory Efficiency: 0.62% of 1.48 TB

 +++++++++++++++++++++++++++++++++++++++++++++++++++++++++++++++++++++++++++
 ++   Memory Efficiency is too small. Please review the requested memory. ++
 ++ It seems that you do not need that much memory so we recommend        ++
 ++ requesting less memory in other similar jobs.                         ++
 +++++++++++++++++++++++++++++++++++++++++++++++++++++++++++++++++++++++++++
 
*****************************************************************************

