slurmstepd: info: Setting TMPDIR to /scratch/10908868. Previous errors about TMPDIR can be discarded
Slurm job started at 08/03/2025_01:03:19 AM

In transit.
Initing Ray (1 head node + 2 worker nodes + 2 simulation nodes) on nodes: 
	ilk-12 ilk-13 ilk-23 ilk-52 ilk-68
Head node: 172.30.201.12:6379


RAY_DEPLOY_TIME:     24.35759
2025-03-08 01:03:46,624	INFO packaging.py:520 -- Creating a file package for local directory '/mnt/lustre/scratch/nlsas/home/ulc/cursos/curso341/dask_on_reisa_tests/E2/REISA/reduction/P4-SN2-LS536-GS2147-I20-AN2-D2025-03-07_21-31-48'.
2025-03-08 01:03:46,651	INFO packaging.py:347 -- Pushing file package 'gcs://_ray_pkg_239a0d97afaef96a.zip' (0.48MiB) to Ray cluster...
2025-03-08 01:03:46,657	INFO packaging.py:360 -- Successfully pushed file package 'gcs://_ray_pkg_239a0d97afaef96a.zip'.
RAY_INIT_TIME:       3.15980
Iter [0]
Iter [2]
Iter [4]
Iter [6]
Iter [8]
Iter [10]
Iter [12]
Iter [14]
Iter [16]
Iter [18]
EST_ANALYTICS_TIME:  105.78101 (avg:5.28905)
GLOBAL_PUT_TIME:     16.884247064590454 (avg:0.84421)
ACTOR_CONCURRENCY:   8
SIMULATION_TIME:     112.054638839000006 (avg: 5.602731941950000)
SIM_WTHOUT_PDI:      92.160530638000012 (avg: 4.608026531900000)
PDI_DELAY:           19.894108200999995 (avg: 0.994705410050000)

GLOBAL_SIZE_(GiB):   2097152
LOCAL_SIZE_(MiB):    512
ITERATIONS:          20

MPI_PER_NODE:        2
MPI_PARALLELISM:     4

WORKER_NODES:        2
CPUS_PER_WORKER:     64
WORKER_PARALLELISM:  128


SLURM_JOB_ID:        10908868

Slurm job finished at 08/03/2025_01:05:41 AM

*****************************************************************************
*                                                                           *
*                    JOB EFFICIENCY REPORT (seff 10908868)                   *
*                                                                           *
*****************************************************************************

Job ID: 10908868
Cluster: finisterrae3
User/Group: curso341/ulc
State: COMPLETED (exit code 0)
Nodes: 5
Cores per node: 64
CPU Utilized: 00:07:32
CPU Efficiency: 0.99% of 12:42:40 core-walltime
Job Wall-clock time: 00:02:23
Memory Utilized: 4.93 GB (estimated maximum)
Memory Efficiency: 0.45% of 1.06 TB (3.39 GB/core)

 +++++++++++++++++++++++++++++++++++++++++++++++++++++++++++++++++++++++++++
 ++   Memory Efficiency is too small. Please review the requested memory. ++
 ++ It seems that you do not need that much memory so we recommend        ++
 ++ requesting less memory in other similar jobs.                         ++
 +++++++++++++++++++++++++++++++++++++++++++++++++++++++++++++++++++++++++++
 
*****************************************************************************


*****************************************************************************
*                                                                           *
*                    JOB EFFICIENCY REPORT (seff 10908868)                   *
*                                                                           *
*****************************************************************************

Job ID: 10908868
Cluster: finisterrae3
User/Group: curso341/ulc
State: COMPLETED (exit code 0)
Nodes: 5
Cores per node: 64
CPU Utilized: 00:07:50
CPU Efficiency: 1.03% of 12:42:40 core-walltime
Job Wall-clock time: 00:02:23
Memory Utilized: 4.93 GB (estimated maximum)
Memory Efficiency: 0.45% of 1.06 TB (3.39 GB/core)

 +++++++++++++++++++++++++++++++++++++++++++++++++++++++++++++++++++++++++++
 ++   Memory Efficiency is too small. Please review the requested memory. ++
 ++ It seems that you do not need that much memory so we recommend        ++
 ++ requesting less memory in other similar jobs.                         ++
 +++++++++++++++++++++++++++++++++++++++++++++++++++++++++++++++++++++++++++
 
*****************************************************************************


*****************************************************************************
*                                                                           *
*                    JOB EFFICIENCY REPORT (seff 10908868)                   *
*                                                                           *
*****************************************************************************

Job ID: 10908868
Cluster: finisterrae3
User/Group: curso341/ulc
State: COMPLETED (exit code 0)
Nodes: 5
Cores per node: 64
CPU Utilized: 00:11:44
CPU Efficiency: 1.54% of 12:42:40 core-walltime
Job Wall-clock time: 00:02:23
Memory Utilized: 4.93 GB (estimated maximum)
Memory Efficiency: 0.45% of 1.06 TB (3.39 GB/core)

 +++++++++++++++++++++++++++++++++++++++++++++++++++++++++++++++++++++++++++
 ++   Memory Efficiency is too small. Please review the requested memory. ++
 ++ It seems that you do not need that much memory so we recommend        ++
 ++ requesting less memory in other similar jobs.                         ++
 +++++++++++++++++++++++++++++++++++++++++++++++++++++++++++++++++++++++++++
 
*****************************************************************************


*****************************************************************************
*                                                                           *
*                    JOB EFFICIENCY REPORT (seff 10908868)                   *
*                                                                           *
*****************************************************************************

Job ID: 10908868
Cluster: finisterrae3
User/Group: curso341/ulc
State: COMPLETED (exit code 0)
Nodes: 5
Cores per node: 64
CPU Utilized: 00:11:44
CPU Efficiency: 1.54% of 12:42:40 core-walltime
Job Wall-clock time: 00:02:23
Memory Utilized: 4.93 GB (estimated maximum)
Memory Efficiency: 0.45% of 1.06 TB (3.39 GB/core)

 +++++++++++++++++++++++++++++++++++++++++++++++++++++++++++++++++++++++++++
 ++   Memory Efficiency is too small. Please review the requested memory. ++
 ++ It seems that you do not need that much memory so we recommend        ++
 ++ requesting less memory in other similar jobs.                         ++
 +++++++++++++++++++++++++++++++++++++++++++++++++++++++++++++++++++++++++++
 
*****************************************************************************


*****************************************************************************
*                                                                           *
*                    JOB EFFICIENCY REPORT (seff 10908868)                   *
*                                                                           *
*****************************************************************************

Job ID: 10908868
Cluster: finisterrae3
User/Group: curso341/ulc
State: COMPLETED (exit code 0)
Nodes: 5
Cores per node: 64
CPU Utilized: 00:14:52
CPU Efficiency: 1.95% of 12:42:40 core-walltime
Job Wall-clock time: 00:02:23
Memory Utilized: 6.37 GB
Memory Efficiency: 0.59% of 1.06 TB

 +++++++++++++++++++++++++++++++++++++++++++++++++++++++++++++++++++++++++++
 ++   Memory Efficiency is too small. Please review the requested memory. ++
 ++ It seems that you do not need that much memory so we recommend        ++
 ++ requesting less memory in other similar jobs.                         ++
 +++++++++++++++++++++++++++++++++++++++++++++++++++++++++++++++++++++++++++
 
*****************************************************************************

