slurmstepd: info: Setting TMPDIR to /scratch/10925223. Previous errors about TMPDIR can be discarded
Slurm job started at 09/03/2025_06:56:27 PM

In transit.
Initing Ray (1 head node + 2 worker nodes + 4 simulation nodes) on nodes: 
	ilk-241 ilk-243 ilk-244 ilk-246 ilk-250 ilk-251 ilk-253
Head node: 172.30.211.14:6379


RAY_DEPLOY_TIME:     24.34444
2025-03-09 18:56:54,127	INFO packaging.py:520 -- Creating a file package for local directory '/mnt/lustre/scratch/nlsas/home/ulc/cursos/curso341/dask_on_reisa_tests/E4/REISA/derivative/P128-SN4-LS134-GS17179-I10-AN2-D2025-03-09_18-42-24'.
2025-03-09 18:56:54,155	INFO packaging.py:347 -- Pushing file package 'gcs://_ray_pkg_9c9209309e453550.zip' (0.48MiB) to Ray cluster...
2025-03-09 18:56:54,161	INFO packaging.py:360 -- Successfully pushed file package 'gcs://_ray_pkg_9c9209309e453550.zip'.
RAY_INIT_TIME:       4.06030
Iter [0]
Iter [1]
Iter [2]
Iter [3]
Iter [4]
Iter [5]
Iter [6]
Iter [7]
Iter [8]
Iter [9]
GLOBAL_PUT_TIME:     7.657722473144531 (avg:0.76577)
ACTOR_CONCURRENCY:   8
SIMULATION_TIME:     29.920797505000003 (avg: 2.992079750500000)
SIM_WTHOUT_PDI:      18.091471107999986 (avg: 1.809147110799999)
PDI_DELAY:           11.829326397000017 (avg: 1.182932639700002)

GLOBAL_SIZE_(GiB):   16777216
LOCAL_SIZE_(MiB):    128
ITERATIONS:          10

MPI_PER_NODE:        32
MPI_PARALLELISM:     128

WORKER_NODES:        2
CPUS_PER_WORKER:     64
WORKER_PARALLELISM:  128


SLURM_JOB_ID:        10925223
EST_ANALYTICS_TIME:  108.55510 (avg:10.85551)

Slurm job finished at 09/03/2025_06:58:46 PM

*****************************************************************************
*                                                                           *
*                    JOB EFFICIENCY REPORT (seff 10925223)                   *
*                                                                           *
*****************************************************************************

Job ID: 10925223
Cluster: finisterrae3
User/Group: curso341/ulc
State: COMPLETED (exit code 0)
Nodes: 7
Cores per node: 64
CPU Utilized: 01:01:36
CPU Efficiency: 5.89% of 17:25:20 core-walltime
Job Wall-clock time: 00:02:20
Memory Utilized: 661.66 MB
Memory Efficiency: 0.04% of 1.48 TB

 +++++++++++++++++++++++++++++++++++++++++++++++++++++++++++++++++++++++++++
 ++   Memory Efficiency is too small. Please review the requested memory. ++
 ++ It seems that you do not need that much memory so we recommend        ++
 ++ requesting less memory in other similar jobs.                         ++
 +++++++++++++++++++++++++++++++++++++++++++++++++++++++++++++++++++++++++++
 
*****************************************************************************


*****************************************************************************
*                                                                           *
*                    JOB EFFICIENCY REPORT (seff 10925223)                   *
*                                                                           *
*****************************************************************************

Job ID: 10925223
Cluster: finisterrae3
User/Group: curso341/ulc
State: COMPLETED (exit code 0)
Nodes: 7
Cores per node: 64
CPU Utilized: 02:10:29
CPU Efficiency: 12.48% of 17:25:20 core-walltime
Job Wall-clock time: 00:02:20
Memory Utilized: 31.37 GB
Memory Efficiency: 2.06% of 1.48 TB

 +++++++++++++++++++++++++++++++++++++++++++++++++++++++++++++++++++++++++++
 ++   Memory Efficiency is too small. Please review the requested memory. ++
 ++ It seems that you do not need that much memory so we recommend        ++
 ++ requesting less memory in other similar jobs.                         ++
 +++++++++++++++++++++++++++++++++++++++++++++++++++++++++++++++++++++++++++
 
*****************************************************************************



*****************************************************************************
*****************************************************************************
*                                                                           *
*                                                                           *
*                    JOB EFFICIENCY REPORT (seff 10925223)                   *
*                    JOB EFFICIENCY REPORT (seff 10925223)                   *
*                                                                           *
*                                                                           *
*****************************************************************************
*****************************************************************************


Job ID: 10925223
Job ID: 10925223
Cluster: finisterrae3
Cluster: finisterrae3
User/Group: curso341/ulc
User/Group: curso341/ulc
State: COMPLETED (exit code 0)
State: COMPLETED (exit code 0)
Nodes: 7
Nodes: 7
Cores per node: 64
Cores per node: 64
CPU Utilized: 02:10:29
CPU Utilized: 02:10:29
CPU Efficiency: 12.48% of 17:25:20 core-walltime
CPU Efficiency: 12.48% of 17:25:20 core-walltime
Job Wall-clock time: 00:02:20
Job Wall-clock time: 00:02:20
Memory Utilized: 31.37 GB
Memory Utilized: 31.37 GB
Memory Efficiency: 2.06% of 1.48 TB
Memory Efficiency: 2.06% of 1.48 TB


 +++++++++++++++++++++++++++++++++++++++++++++++++++++++++++++++++++++++++++
 +++++++++++++++++++++++++++++++++++++++++++++++++++++++++++++++++++++++++++
 ++   Memory Efficiency is too small. Please review the requested memory. ++
 ++   Memory Efficiency is too small. Please review the requested memory. ++
 ++ It seems that you do not need that much memory so we recommend        ++
 ++ It seems that you do not need that much memory so we recommend        ++
 ++ requesting less memory in other similar jobs.                         ++
 ++ requesting less memory in other similar jobs.                         ++
 +++++++++++++++++++++++++++++++++++++++++++++++++++++++++++++++++++++++++++
 +++++++++++++++++++++++++++++++++++++++++++++++++++++++++++++++++++++++++++
 
 
*****************************************************************************
*****************************************************************************



*****************************************************************************
*                                                                           *
*                    JOB EFFICIENCY REPORT (seff 10925223)                   *
*                                                                           *
*****************************************************************************

Job ID: 10925223
Cluster: finisterrae3
User/Group: curso341/ulc
State: COMPLETED (exit code 0)
Nodes: 7
Cores per node: 64
CPU Utilized: 02:10:29
CPU Efficiency: 12.48% of 17:25:20 core-walltime
Job Wall-clock time: 00:02:20
Memory Utilized: 31.37 GB
Memory Efficiency: 2.06% of 1.48 TB

 +++++++++++++++++++++++++++++++++++++++++++++++++++++++++++++++++++++++++++
 ++   Memory Efficiency is too small. Please review the requested memory. ++
 ++ It seems that you do not need that much memory so we recommend        ++
 ++ requesting less memory in other similar jobs.                         ++
 +++++++++++++++++++++++++++++++++++++++++++++++++++++++++++++++++++++++++++
 
*****************************************************************************


*****************************************************************************
*                                                                           *
*                    JOB EFFICIENCY REPORT (seff 10925223)                   *
*                                                                           *
*****************************************************************************

Job ID: 10925223
Cluster: finisterrae3
User/Group: curso341/ulc
State: COMPLETED (exit code 0)
Nodes: 7
Cores per node: 64
CPU Utilized: 02:10:29
CPU Efficiency: 12.48% of 17:25:20 core-walltime
Job Wall-clock time: 00:02:20
Memory Utilized: 31.37 GB
Memory Efficiency: 2.06% of 1.48 TB

 +++++++++++++++++++++++++++++++++++++++++++++++++++++++++++++++++++++++++++
 ++   Memory Efficiency is too small. Please review the requested memory. ++
 ++ It seems that you do not need that much memory so we recommend        ++
 ++ requesting less memory in other similar jobs.                         ++
 +++++++++++++++++++++++++++++++++++++++++++++++++++++++++++++++++++++++++++
 
*****************************************************************************


*****************************************************************************
*                                                                           *
*                    JOB EFFICIENCY REPORT (seff 10925223)                   *
*                                                                           *
*****************************************************************************

Job ID: 10925223
Cluster: finisterrae3
User/Group: curso341/ulc
State: COMPLETED (exit code 0)
Nodes: 7
Cores per node: 64
CPU Utilized: 02:10:29
CPU Efficiency: 12.48% of 17:25:20 core-walltime
Job Wall-clock time: 00:02:20
Memory Utilized: 31.37 GB
Memory Efficiency: 2.06% of 1.48 TB

 +++++++++++++++++++++++++++++++++++++++++++++++++++++++++++++++++++++++++++
 ++   Memory Efficiency is too small. Please review the requested memory. ++
 ++ It seems that you do not need that much memory so we recommend        ++
 ++ requesting less memory in other similar jobs.                         ++
 +++++++++++++++++++++++++++++++++++++++++++++++++++++++++++++++++++++++++++
 
*****************************************************************************

