slurmstepd: info: Setting TMPDIR to /scratch/10908860. Previous errors about TMPDIR can be discarded
Slurm job started at 07/03/2025_09:55:00 PM

In transit.
Initing Ray (1 head node + 2 worker nodes + 4 simulation nodes) on nodes: 
	ilk-153 ilk-161 ilk-166 ilk-167 ilk-196 ilk-203 ilk-234
Head node: 172.30.204.9:6379


RAY_DEPLOY_TIME:     23.39125
2025-03-07 21:55:26,622	INFO packaging.py:520 -- Creating a file package for local directory '/mnt/lustre/scratch/nlsas/home/ulc/cursos/curso341/dask_on_reisa_tests/E2/REISA/derivative/P128-SN4-LS1-GS134-I10-AN2-D2025-03-07_21-31-33'.
2025-03-07 21:55:26,651	INFO packaging.py:347 -- Pushing file package 'gcs://_ray_pkg_79daa83c5c2bf12d.zip' (0.48MiB) to Ray cluster...
2025-03-07 21:55:26,657	INFO packaging.py:360 -- Successfully pushed file package 'gcs://_ray_pkg_79daa83c5c2bf12d.zip'.
RAY_INIT_TIME:       4.31022
Iter [0]
Iter [1]
Iter [2]
Iter [3]
Iter [4]
Iter [5]
Iter [6]
Iter [7]
Iter [8]
Iter [9]
GLOBAL_PUT_TIME:     0.05034279823303223 (avg:0.00503)
ACTOR_CONCURRENCY:   8
EST_ANALYTICS_TIME:  7.61659 (avg:0.76166)
SIMULATION_TIME:     6.798878068000000 (avg: 0.679887806800000)
SIM_WTHOUT_PDI:      1.657066394999998 (avg: 0.165706639500000)
PDI_DELAY:           5.141811673000001 (avg: 0.514181167300000)

GLOBAL_SIZE_(GiB):   131072
LOCAL_SIZE_(MiB):    1
ITERATIONS:          10

MPI_PER_NODE:        32
MPI_PARALLELISM:     128

WORKER_NODES:        2
CPUS_PER_WORKER:     64
WORKER_PARALLELISM:  128


SLURM_JOB_ID:        10908860

Slurm job finished at 07/03/2025_09:55:38 PM

*****************************************************************************
*                                                                           *
*                    JOB EFFICIENCY REPORT (seff 10908860)                   *
*                                                                           *
*****************************************************************************

Job ID: 10908860
Cluster: finisterrae3
User/Group: curso341/ulc
State: COMPLETED (exit code 0)
Nodes: 7
Cores per node: 64
CPU Utilized: 00:18:53
CPU Efficiency: 6.32% of 04:58:40 core-walltime
Job Wall-clock time: 00:00:40
Memory Utilized: 473.18 MB
Memory Efficiency: 0.03% of 1.48 TB

 +++++++++++++++++++++++++++++++++++++++++++++++++++++++++++++++++++++++++++
 ++   Memory Efficiency is too small. Please review the requested memory. ++
 ++ It seems that you do not need that much memory so we recommend        ++
 ++ requesting less memory in other similar jobs.                         ++
 +++++++++++++++++++++++++++++++++++++++++++++++++++++++++++++++++++++++++++
 
*****************************************************************************



*****************************************************************************
*****************************************************************************
*                                                                           *
*                                                                           *

*                    JOB EFFICIENCY REPORT (seff 10908860)                   *
*                    JOB EFFICIENCY REPORT (seff 10908860)                   *
*****************************************************************************
*                                                                           *
*                                                                           *
*                                                                           *
*****************************************************************************
*****************************************************************************
*                    JOB EFFICIENCY REPORT (seff 10908860)                   *



*                                                                           *

*****************************************************************************
Job ID: 10908860
Job ID: 10908860
*****************************************************************************
*****************************************************************************
*                                                                           *
Cluster: finisterrae3
Cluster: finisterrae3

*                                                                           *
*                    JOB EFFICIENCY REPORT (seff 10908860)                   *
User/Group: curso341/ulc
User/Group: curso341/ulc
Job ID: 10908860
*                    JOB EFFICIENCY REPORT (seff 10908860)                   *
*                                                                           *
State: COMPLETED (exit code 0)
State: COMPLETED (exit code 0)
Cluster: finisterrae3
*                                                                           *
*****************************************************************************
Nodes: 7
Nodes: 7
User/Group: curso341/ulc
*****************************************************************************

Cores per node: 64
Cores per node: 64
State: COMPLETED (exit code 0)

Job ID: 10908860
CPU Utilized: 00:18:53
CPU Utilized: 00:18:53
Nodes: 7
Job ID: 10908860
Cluster: finisterrae3
CPU Efficiency: 6.32% of 04:58:40 core-walltime
CPU Efficiency: 6.32% of 04:58:40 core-walltime
Cores per node: 64
Cluster: finisterrae3
User/Group: curso341/ulc
Job Wall-clock time: 00:00:40
Job Wall-clock time: 00:00:40
CPU Utilized: 00:18:53
User/Group: curso341/ulc
State: COMPLETED (exit code 0)
Memory Utilized: 473.18 MB
Memory Utilized: 473.18 MB
CPU Efficiency: 6.32% of 04:58:40 core-walltime
State: COMPLETED (exit code 0)
Nodes: 7
Memory Efficiency: 0.03% of 1.48 TB
Memory Efficiency: 0.03% of 1.48 TB
Job Wall-clock time: 00:00:40
Nodes: 7
Cores per node: 64


Memory Utilized: 473.18 MB
Cores per node: 64
CPU Utilized: 00:18:53
 +++++++++++++++++++++++++++++++++++++++++++++++++++++++++++++++++++++++++++
 +++++++++++++++++++++++++++++++++++++++++++++++++++++++++++++++++++++++++++
Memory Efficiency: 0.03% of 1.48 TB
CPU Utilized: 00:18:53
CPU Efficiency: 6.32% of 04:58:40 core-walltime
 ++   Memory Efficiency is too small. Please review the requested memory. ++
 ++   Memory Efficiency is too small. Please review the requested memory. ++

CPU Efficiency: 6.32% of 04:58:40 core-walltime
Job Wall-clock time: 00:00:40
 ++ It seems that you do not need that much memory so we recommend        ++
 ++ It seems that you do not need that much memory so we recommend        ++
 +++++++++++++++++++++++++++++++++++++++++++++++++++++++++++++++++++++++++++
Job Wall-clock time: 00:00:40
Memory Utilized: 473.18 MB
 ++ requesting less memory in other similar jobs.                         ++
 ++ requesting less memory in other similar jobs.                         ++
 ++   Memory Efficiency is too small. Please review the requested memory. ++
Memory Utilized: 473.18 MB
Memory Efficiency: 0.03% of 1.48 TB
 +++++++++++++++++++++++++++++++++++++++++++++++++++++++++++++++++++++++++++
 +++++++++++++++++++++++++++++++++++++++++++++++++++++++++++++++++++++++++++
 ++ It seems that you do not need that much memory so we recommend        ++
Memory Efficiency: 0.03% of 1.48 TB

 
 
 ++ requesting less memory in other similar jobs.                         ++

 +++++++++++++++++++++++++++++++++++++++++++++++++++++++++++++++++++++++++++
*****************************************************************************
*****************************************************************************
 +++++++++++++++++++++++++++++++++++++++++++++++++++++++++++++++++++++++++++
 +++++++++++++++++++++++++++++++++++++++++++++++++++++++++++++++++++++++++++
 ++   Memory Efficiency is too small. Please review the requested memory. ++


 
 ++   Memory Efficiency is too small. Please review the requested memory. ++
 ++ It seems that you do not need that much memory so we recommend        ++
*****************************************************************************
 ++ It seems that you do not need that much memory so we recommend        ++
 ++ requesting less memory in other similar jobs.                         ++

 ++ requesting less memory in other similar jobs.                         ++
 +++++++++++++++++++++++++++++++++++++++++++++++++++++++++++++++++++++++++++
 +++++++++++++++++++++++++++++++++++++++++++++++++++++++++++++++++++++++++++
 
 
*****************************************************************************
*****************************************************************************



*****************************************************************************
*                                                                           *
*                    JOB EFFICIENCY REPORT (seff 10908860)                   *
*                                                                           *
*****************************************************************************

Job ID: 10908860
Cluster: finisterrae3
User/Group: curso341/ulc
State: COMPLETED (exit code 0)
Nodes: 7
Cores per node: 64
CPU Utilized: 00:19:16
CPU Efficiency: 6.45% of 04:58:40 core-walltime
Job Wall-clock time: 00:00:40
Memory Utilized: 620.03 MB
Memory Efficiency: 0.04% of 1.48 TB

 +++++++++++++++++++++++++++++++++++++++++++++++++++++++++++++++++++++++++++
 ++   Memory Efficiency is too small. Please review the requested memory. ++
 ++ It seems that you do not need that much memory so we recommend        ++
 ++ requesting less memory in other similar jobs.                         ++
 +++++++++++++++++++++++++++++++++++++++++++++++++++++++++++++++++++++++++++
 
*****************************************************************************

