slurmstepd: info: Setting TMPDIR to /scratch/10781210. Previous errors about TMPDIR can be discarded
Slurm job started at 26/02/2025_12:53:28 PM

In transit.
Initing Ray (1 head node + 2 worker nodes + 2 simulation nodes) on nodes: 
	ilk-248 ilk-249 ilk-250 ilk-251 ilk-252
Head node: 172.30.211.21:6379


RAY_DEPLOY_TIME:     22.61449
2025-02-26 12:53:54,238	INFO packaging.py:520 -- Creating a file package for local directory '/mnt/lustre/scratch/nlsas/home/ulc/cursos/curso341/dask_on_reisa_tests/E2/REISA_ONE_ACTOR/derivative/P4-SN2-LS268-GS1073-I12-AN2-D2025-02-26_11-02-57'.
2025-02-26 12:53:54,264	INFO packaging.py:347 -- Pushing file package 'gcs://_ray_pkg_19c67bb9ad17e89c.zip' (0.48MiB) to Ray cluster...
2025-02-26 12:53:54,271	INFO packaging.py:360 -- Successfully pushed file package 'gcs://_ray_pkg_19c67bb9ad17e89c.zip'.
RAY_INIT_TIME:       2.96644
Iter [0]
Iter [1]
Iter [2]
Iter [3]
Iter [4]
Iter [5]
Iter [6]
Iter [7]
Iter [8]
Iter [9]
Iter [10]
Iter [11]
EST_ANALYTICS_TIME:  31.46546 (avg:2.62212)
GLOBAL_PUT_TIME:     4.199386835098267 (avg:0.34995)
ACTOR_CONCURRENCY:   8
SIMULATION_TIME:     34.264050161999997 (avg: 2.855337513500000)
SIM_WTHOUT_PDI:      28.381065260000010 (avg: 2.365088771666668)
PDI_DELAY:           5.882984901999986 (avg: 0.490248741833332)

GLOBAL_SIZE_(GiB):   1048576
LOCAL_SIZE_(MiB):    256
ITERATIONS:          12

MPI_PER_NODE:        2
MPI_PARALLELISM:     4

WORKER_NODES:        2
CPUS_PER_WORKER:     30
WORKER_PARALLELISM:  60


SLURM_JOB_ID:        10781210

Slurm job finished at 26/02/2025_12:54:30 PM

*****************************************************************************
*                                                                           *
*                    JOB EFFICIENCY REPORT (seff 10781210)                   *
*                                                                           *
*****************************************************************************

Job ID: 10781210
Cluster: finisterrae3
User/Group: curso341/ulc
State: COMPLETED (exit code 0)
Nodes: 5
Cores per node: 40
CPU Utilized: 00:03:00
CPU Efficiency: 1.38% of 03:36:40 core-walltime
Job Wall-clock time: 00:01:05
Memory Utilized: 2.98 GB (estimated maximum)
Memory Efficiency: 0.37% of 800.00 GB (4.00 GB/core)

 +++++++++++++++++++++++++++++++++++++++++++++++++++++++++++++++++++++++++++
 ++   Memory Efficiency is too small. Please review the requested memory. ++
 ++ It seems that you do not need that much memory so we recommend        ++
 ++ requesting less memory in other similar jobs.                         ++
 +++++++++++++++++++++++++++++++++++++++++++++++++++++++++++++++++++++++++++
 
*****************************************************************************


*****************************************************************************
*                                                                           *
*                    JOB EFFICIENCY REPORT (seff 10781210)                   *
*                                                                           *
*****************************************************************************

Job ID: 10781210
Cluster: finisterrae3
User/Group: curso341/ulc
State: COMPLETED (exit code 0)
Nodes: 5
Cores per node: 40
CPU Utilized: 00:03:00
CPU Efficiency: 1.38% of 03:36:40 core-walltime
Job Wall-clock time: 00:01:05
Memory Utilized: 2.98 GB (estimated maximum)
Memory Efficiency: 0.37% of 800.00 GB (4.00 GB/core)

 +++++++++++++++++++++++++++++++++++++++++++++++++++++++++++++++++++++++++++
 ++   Memory Efficiency is too small. Please review the requested memory. ++
 ++ It seems that you do not need that much memory so we recommend        ++
 ++ requesting less memory in other similar jobs.                         ++
 +++++++++++++++++++++++++++++++++++++++++++++++++++++++++++++++++++++++++++
 
*****************************************************************************


*****************************************************************************
*                                                                           *
*                    JOB EFFICIENCY REPORT (seff 10781210)                   *
*                                                                           *
*****************************************************************************

Job ID: 10781210
Cluster: finisterrae3
User/Group: curso341/ulc
State: COMPLETED (exit code 0)
Nodes: 5
Cores per node: 40
CPU Utilized: 00:04:27
CPU Efficiency: 2.05% of 03:36:40 core-walltime
Job Wall-clock time: 00:01:05
Memory Utilized: 7.14 GB
Memory Efficiency: 0.89% of 800.00 GB

 +++++++++++++++++++++++++++++++++++++++++++++++++++++++++++++++++++++++++++
 ++   Memory Efficiency is too small. Please review the requested memory. ++
 ++ It seems that you do not need that much memory so we recommend        ++
 ++ requesting less memory in other similar jobs.                         ++
 +++++++++++++++++++++++++++++++++++++++++++++++++++++++++++++++++++++++++++
 
*****************************************************************************


*****************************************************************************
*                                                                           *
*                    JOB EFFICIENCY REPORT (seff 10781210)                   *
*                                                                           *
*****************************************************************************

Job ID: 10781210
Cluster: finisterrae3
User/Group: curso341/ulc
State: COMPLETED (exit code 0)
Nodes: 5
Cores per node: 40
CPU Utilized: 00:04:27
CPU Efficiency: 2.05% of 03:36:40 core-walltime
Job Wall-clock time: 00:01:05
Memory Utilized: 7.14 GB
Memory Efficiency: 0.89% of 800.00 GB

 +++++++++++++++++++++++++++++++++++++++++++++++++++++++++++++++++++++++++++
 ++   Memory Efficiency is too small. Please review the requested memory. ++
 ++ It seems that you do not need that much memory so we recommend        ++
 ++ requesting less memory in other similar jobs.                         ++
 +++++++++++++++++++++++++++++++++++++++++++++++++++++++++++++++++++++++++++
 
*****************************************************************************


*****************************************************************************
*                                                                           *
*                    JOB EFFICIENCY REPORT (seff 10781210)                   *
*                                                                           *
*****************************************************************************

Job ID: 10781210
Cluster: finisterrae3
User/Group: curso341/ulc
State: COMPLETED (exit code 0)
Nodes: 5
Cores per node: 40
CPU Utilized: 00:04:38
CPU Efficiency: 2.14% of 03:36:40 core-walltime
Job Wall-clock time: 00:01:05
Memory Utilized: 7.14 GB
Memory Efficiency: 0.89% of 800.00 GB

 +++++++++++++++++++++++++++++++++++++++++++++++++++++++++++++++++++++++++++
 ++   Memory Efficiency is too small. Please review the requested memory. ++
 ++ It seems that you do not need that much memory so we recommend        ++
 ++ requesting less memory in other similar jobs.                         ++
 +++++++++++++++++++++++++++++++++++++++++++++++++++++++++++++++++++++++++++
 
*****************************************************************************

