slurmstepd: info: Setting TMPDIR to /scratch/10932578. Previous errors about TMPDIR can be discarded
Slurm job started at 10/03/2025_06:57:56 PM

In transit.
Initing Ray (1 head node + 4 worker nodes + 4 simulation nodes) on nodes: 
	ilk-145 ilk-146 ilk-147 ilk-148 ilk-150 ilk-151 ilk-152 ilk-153 ilk-154
Head node: 172.30.204.1:6379


RAY_DEPLOY_TIME:     26.58068
RAY_INIT_TIME:       2.59379
Iter [0]
2025-03-10 18:58:30,055	INFO packaging.py:520 -- Creating a file package for local directory '/mnt/lustre/scratch/nlsas/home/ulc/cursos/curso341/dask_on_reisa_tests/E5/REISA_ONE_ACTOR/reduction/P8-SN4-LS268-GS2147-I20-AN4-D2025-03-10_18-38-18'.
2025-03-10 18:58:30,083	INFO packaging.py:347 -- Pushing file package 'gcs://_ray_pkg_8475c69a2fe37a86.zip' (0.48MiB) to Ray cluster...
2025-03-10 18:58:30,090	INFO packaging.py:360 -- Successfully pushed file package 'gcs://_ray_pkg_8475c69a2fe37a86.zip'.
Iter [2]
Iter [4]
Iter [6]
Iter [8]
Iter [10]
Iter [12]
Iter [14]
Iter [16]
Iter [18]
EST_ANALYTICS_TIME:  50.65200 (avg:2.53260)
GLOBAL_PUT_TIME:     8.494481801986694 (avg:0.42472)
ACTOR_CONCURRENCY:   8
SIMULATION_TIME:     59.448521988000003 (avg: 2.972426099400000)
SIM_WTHOUT_PDI:      47.166020787999983 (avg: 2.358301039399999)
PDI_DELAY:           12.282501200000020 (avg: 0.614125060000001)

GLOBAL_SIZE_(GiB):   2097152
LOCAL_SIZE_(MiB):    256
ITERATIONS:          20

MPI_PER_NODE:        2
MPI_PARALLELISM:     8

WORKER_NODES:        4
CPUS_PER_WORKER:     64
WORKER_PARALLELISM:  256


SLURM_JOB_ID:        10932578

Slurm job finished at 10/03/2025_06:59:27 PM

*****************************************************************************
*                                                                           *
*                    JOB EFFICIENCY REPORT (seff 10932578)                   *
*                                                                           *
*****************************************************************************

Job ID: 10932578
Cluster: finisterrae3
User/Group: curso341/ulc
State: COMPLETED (exit code 0)
Nodes: 9
Cores per node: 64
CPU Utilized: 00:08:33
CPU Efficiency: 0.96% of 14:52:48 core-walltime
Job Wall-clock time: 00:01:33
Memory Utilized: 3.93 GB
Memory Efficiency: 0.20% of 1.91 TB

 +++++++++++++++++++++++++++++++++++++++++++++++++++++++++++++++++++++++++++
 ++   Memory Efficiency is too small. Please review the requested memory. ++
 ++ It seems that you do not need that much memory so we recommend        ++
 ++ requesting less memory in other similar jobs.                         ++
 +++++++++++++++++++++++++++++++++++++++++++++++++++++++++++++++++++++++++++
 
*****************************************************************************


*****************************************************************************
*                                                                           *
*                    JOB EFFICIENCY REPORT (seff 10932578)                   *
*                                                                           *
*****************************************************************************

Job ID: 10932578
Cluster: finisterrae3
User/Group: curso341/ulc
State: COMPLETED (exit code 0)
Nodes: 9
Cores per node: 64
CPU Utilized: 00:08:33
CPU Efficiency: 0.96% of 14:52:48 core-walltime
Job Wall-clock time: 00:01:33
Memory Utilized: 3.93 GB
Memory Efficiency: 0.20% of 1.91 TB

 +++++++++++++++++++++++++++++++++++++++++++++++++++++++++++++++++++++++++++
 ++   Memory Efficiency is too small. Please review the requested memory. ++
 ++ It seems that you do not need that much memory so we recommend        ++
 ++ requesting less memory in other similar jobs.                         ++
 +++++++++++++++++++++++++++++++++++++++++++++++++++++++++++++++++++++++++++
 
*****************************************************************************


*****************************************************************************
*                                                                           *
*                    JOB EFFICIENCY REPORT (seff 10932578)                   *
*                                                                           *
*****************************************************************************

Job ID: 10932578
Cluster: finisterrae3
User/Group: curso341/ulc
State: COMPLETED (exit code 0)
Nodes: 9
Cores per node: 64
CPU Utilized: 00:09:56
CPU Efficiency: 1.11% of 14:52:48 core-walltime
Job Wall-clock time: 00:01:33
Memory Utilized: 3.93 GB
Memory Efficiency: 0.20% of 1.91 TB

 +++++++++++++++++++++++++++++++++++++++++++++++++++++++++++++++++++++++++++
 ++   Memory Efficiency is too small. Please review the requested memory. ++
 ++ It seems that you do not need that much memory so we recommend        ++
 ++ requesting less memory in other similar jobs.                         ++
 +++++++++++++++++++++++++++++++++++++++++++++++++++++++++++++++++++++++++++
 
*****************************************************************************


*****************************************************************************
*                                                                           *
*                    JOB EFFICIENCY REPORT (seff 10932578)                   *
*                                                                           *
*****************************************************************************

Job ID: 10932578
Cluster: finisterrae3
User/Group: curso341/ulc
State: COMPLETED (exit code 0)
Nodes: 9
Cores per node: 64
CPU Utilized: 00:09:56
CPU Efficiency: 1.11% of 14:52:48 core-walltime
Job Wall-clock time: 00:01:33
Memory Utilized: 3.93 GB
Memory Efficiency: 0.20% of 1.91 TB

 +++++++++++++++++++++++++++++++++++++++++++++++++++++++++++++++++++++++++++
 ++   Memory Efficiency is too small. Please review the requested memory. ++
 ++ It seems that you do not need that much memory so we recommend        ++
 ++ requesting less memory in other similar jobs.                         ++
 +++++++++++++++++++++++++++++++++++++++++++++++++++++++++++++++++++++++++++
 
*****************************************************************************


*****************************************************************************
*                                                                           *
*                    JOB EFFICIENCY REPORT (seff 10932578)                   *
*                                                                           *
*****************************************************************************

Job ID: 10932578
Cluster: finisterrae3
User/Group: curso341/ulc
State: COMPLETED (exit code 0)
Nodes: 9
Cores per node: 64
CPU Utilized: 00:09:56
CPU Efficiency: 1.11% of 14:52:48 core-walltime
Job Wall-clock time: 00:01:33
Memory Utilized: 3.93 GB
Memory Efficiency: 0.20% of 1.91 TB

 +++++++++++++++++++++++++++++++++++++++++++++++++++++++++++++++++++++++++++
 ++   Memory Efficiency is too small. Please review the requested memory. ++
 ++ It seems that you do not need that much memory so we recommend        ++
 ++ requesting less memory in other similar jobs.                         ++
 +++++++++++++++++++++++++++++++++++++++++++++++++++++++++++++++++++++++++++
 
*****************************************************************************


*****************************************************************************
*                                                                           *
*                    JOB EFFICIENCY REPORT (seff 10932578)                   *
*                                                                           *
*****************************************************************************

Job ID: 10932578
Cluster: finisterrae3
User/Group: curso341/ulc
State: COMPLETED (exit code 0)
Nodes: 9
Cores per node: 64
CPU Utilized: 00:09:56
CPU Efficiency: 1.11% of 14:52:48 core-walltime
Job Wall-clock time: 00:01:33
Memory Utilized: 3.93 GB
Memory Efficiency: 0.20% of 1.91 TB

 +++++++++++++++++++++++++++++++++++++++++++++++++++++++++++++++++++++++++++
 ++   Memory Efficiency is too small. Please review the requested memory. ++
 ++ It seems that you do not need that much memory so we recommend        ++
 ++ requesting less memory in other similar jobs.                         ++
 +++++++++++++++++++++++++++++++++++++++++++++++++++++++++++++++++++++++++++
 
*****************************************************************************


*****************************************************************************
*                                                                           *
*                    JOB EFFICIENCY REPORT (seff 10932578)                   *
*                                                                           *
*****************************************************************************

Job ID: 10932578
Cluster: finisterrae3
User/Group: curso341/ulc
State: COMPLETED (exit code 0)
Nodes: 9
Cores per node: 64
CPU Utilized: 00:09:56
CPU Efficiency: 1.11% of 14:52:48 core-walltime
Job Wall-clock time: 00:01:33
Memory Utilized: 3.93 GB
Memory Efficiency: 0.20% of 1.91 TB

 +++++++++++++++++++++++++++++++++++++++++++++++++++++++++++++++++++++++++++
 ++   Memory Efficiency is too small. Please review the requested memory. ++
 ++ It seems that you do not need that much memory so we recommend        ++
 ++ requesting less memory in other similar jobs.                         ++
 +++++++++++++++++++++++++++++++++++++++++++++++++++++++++++++++++++++++++++
 
*****************************************************************************


*****************************************************************************
*                                                                           *
*                    JOB EFFICIENCY REPORT (seff 10932578)                   *
*                                                                           *
*****************************************************************************

Job ID: 10932578
Cluster: finisterrae3
User/Group: curso341/ulc
State: COMPLETED (exit code 0)
Nodes: 9
Cores per node: 64
CPU Utilized: 00:10:16
CPU Efficiency: 1.15% of 14:52:48 core-walltime
Job Wall-clock time: 00:01:33
Memory Utilized: 3.93 GB
Memory Efficiency: 0.20% of 1.91 TB

 +++++++++++++++++++++++++++++++++++++++++++++++++++++++++++++++++++++++++++
 ++   Memory Efficiency is too small. Please review the requested memory. ++
 ++ It seems that you do not need that much memory so we recommend        ++
 ++ requesting less memory in other similar jobs.                         ++
 +++++++++++++++++++++++++++++++++++++++++++++++++++++++++++++++++++++++++++
 
*****************************************************************************


*****************************************************************************
*                                                                           *
*                    JOB EFFICIENCY REPORT (seff 10932578)                   *
*                                                                           *
*****************************************************************************

Job ID: 10932578
Cluster: finisterrae3
User/Group: curso341/ulc
State: COMPLETED (exit code 0)
Nodes: 9
Cores per node: 64
CPU Utilized: 00:14:26
CPU Efficiency: 1.62% of 14:52:48 core-walltime
Job Wall-clock time: 00:01:33
Memory Utilized: 7.30 GB
Memory Efficiency: 0.37% of 1.91 TB

 +++++++++++++++++++++++++++++++++++++++++++++++++++++++++++++++++++++++++++
 ++   Memory Efficiency is too small. Please review the requested memory. ++
 ++ It seems that you do not need that much memory so we recommend        ++
 ++ requesting less memory in other similar jobs.                         ++
 +++++++++++++++++++++++++++++++++++++++++++++++++++++++++++++++++++++++++++
 
*****************************************************************************

