slurmstepd: info: Setting TMPDIR to /scratch/10912149. Previous errors about TMPDIR can be discarded
Slurm job started at 08/03/2025_09:19:30 AM

In transit.
Initing Ray (1 head node + 4 worker nodes + 4 simulation nodes) on nodes: 
	ilk-145 ilk-146 ilk-147 ilk-148 ilk-149 ilk-150 ilk-151 ilk-152 ilk-153
Head node: 172.30.204.1:6379


RAY_DEPLOY_TIME:     25.15705
2025-03-08 09:19:58,412	INFO packaging.py:520 -- Creating a file package for local directory '/mnt/lustre/scratch/nlsas/home/ulc/cursos/curso341/dask_on_reisa_tests/E2/DASK_ON_REISA/reduction/P8-SN4-LS268-GS2147-I20-AN4-D2025-03-08_09-07-45'.
2025-03-08 09:19:58,436	INFO packaging.py:347 -- Pushing file package 'gcs://_ray_pkg_6aa117b09661ce24.zip' (0.48MiB) to Ray cluster...
2025-03-08 09:19:58,443	INFO packaging.py:360 -- Successfully pushed file package 'gcs://_ray_pkg_6aa117b09661ce24.zip'.
RAY_INIT_TIME:       4.05635
Iter [0]
Iter [2]
[2m[36m(iter_task pid=2721020, ip=10.120.204.4)[0m /home/ulc/cursos/curso341/.local/lib/python3.9/site-packages/dask/config.py:693: UserWarning: Configuration key "shuffle" has been deprecated. Please use "dataframe.shuffle.algorithm" instead
[2m[36m(iter_task pid=2721020, ip=10.120.204.4)[0m   warnings.warn(
[2m[36m(iter_task pid=2721021, ip=10.120.204.4)[0m /home/ulc/cursos/curso341/.local/lib/python3.9/site-packages/dask/config.py:693: UserWarning: Configuration key "shuffle" has been deprecated. Please use "dataframe.shuffle.algorithm" instead
[2m[36m(iter_task pid=2721021, ip=10.120.204.4)[0m   warnings.warn(
[2m[36m(iter_task pid=2721022, ip=10.120.204.4)[0m /home/ulc/cursos/curso341/.local/lib/python3.9/site-packages/dask/config.py:693: UserWarning: Configuration key "shuffle" has been deprecated. Please use "dataframe.shuffle.algorithm" instead
[2m[36m(iter_task pid=2721022, ip=10.120.204.4)[0m   warnings.warn(
[2m[36m(iter_task pid=2721019, ip=10.120.204.4)[0m /home/ulc/cursos/curso341/.local/lib/python3.9/site-packages/dask/config.py:693: UserWarning: Configuration key "shuffle" has been deprecated. Please use "dataframe.shuffle.algorithm" instead
[2m[36m(iter_task pid=2721019, ip=10.120.204.4)[0m   warnings.warn(
[2m[36m(iter_task pid=2721017, ip=10.120.204.4)[0m /home/ulc/cursos/curso341/.local/lib/python3.9/site-packages/dask/config.py:693: UserWarning: Configuration key "shuffle" has been deprecated. Please use "dataframe.shuffle.algorithm" instead
[2m[36m(iter_task pid=2721017, ip=10.120.204.4)[0m   warnings.warn(
[2m[36m(iter_task pid=2721018, ip=10.120.204.4)[0m /home/ulc/cursos/curso341/.local/lib/python3.9/site-packages/dask/config.py:693: UserWarning: Configuration key "shuffle" has been deprecated. Please use "dataframe.shuffle.algorithm" instead
[2m[36m(iter_task pid=2721018, ip=10.120.204.4)[0m   warnings.warn(
[2m[36m(iter_task pid=2721016, ip=10.120.204.4)[0m /home/ulc/cursos/curso341/.local/lib/python3.9/site-packages/dask/config.py:693: UserWarning: Configuration key "shuffle" has been deprecated. Please use "dataframe.shuffle.algorithm" instead
[2m[36m(iter_task pid=2721016, ip=10.120.204.4)[0m   warnings.warn(
[2m[36m(iter_task pid=2721023, ip=10.120.204.4)[0m /home/ulc/cursos/curso341/.local/lib/python3.9/site-packages/dask/config.py:693: UserWarning: Configuration key "shuffle" has been deprecated. Please use "dataframe.shuffle.algorithm" instead
[2m[36m(iter_task pid=2721023, ip=10.120.204.4)[0m   warnings.warn(
[2m[36m(iter_task pid=2721024, ip=10.120.204.4)[0m /home/ulc/cursos/curso341/.local/lib/python3.9/site-packages/dask/config.py:693: UserWarning: Configuration key "shuffle" has been deprecated. Please use "dataframe.shuffle.algorithm" instead
[2m[36m(iter_task pid=2721024, ip=10.120.204.4)[0m   warnings.warn(
[2m[36m(iter_task pid=2721015, ip=10.120.204.4)[0m /home/ulc/cursos/curso341/.local/lib/python3.9/site-packages/dask/config.py:693: UserWarning: Configuration key "shuffle" has been deprecated. Please use "dataframe.shuffle.algorithm" instead
[2m[36m(iter_task pid=2721015, ip=10.120.204.4)[0m   warnings.warn(
Iter [4]
[2m[36m(iter_task pid=2721155, ip=10.120.204.4)[0m /home/ulc/cursos/curso341/.local/lib/python3.9/site-packages/dask/config.py:693: UserWarning: Configuration key "shuffle" has been deprecated. Please use "dataframe.shuffle.algorithm" instead
[2m[36m(iter_task pid=2721155, ip=10.120.204.4)[0m   warnings.warn(
[2m[36m(iter_task pid=2721326, ip=10.120.204.4)[0m /home/ulc/cursos/curso341/.local/lib/python3.9/site-packages/dask/config.py:693: UserWarning: Configuration key "shuffle" has been deprecated. Please use "dataframe.shuffle.algorithm" instead
[2m[36m(iter_task pid=2721326, ip=10.120.204.4)[0m   warnings.warn(
[2m[36m(iter_task pid=2721566, ip=10.120.204.4)[0m /home/ulc/cursos/curso341/.local/lib/python3.9/site-packages/dask/config.py:693: UserWarning: Configuration key "shuffle" has been deprecated. Please use "dataframe.shuffle.algorithm" instead
[2m[36m(iter_task pid=2721566, ip=10.120.204.4)[0m   warnings.warn(
[2m[36m(iter_task pid=2721617, ip=10.120.204.4)[0m /home/ulc/cursos/curso341/.local/lib/python3.9/site-packages/dask/config.py:693: UserWarning: Configuration key "shuffle" has been deprecated. Please use "dataframe.shuffle.algorithm" instead
[2m[36m(iter_task pid=2721617, ip=10.120.204.4)[0m   warnings.warn(
[2m[36m(iter_task pid=2721569, ip=10.120.204.4)[0m /home/ulc/cursos/curso341/.local/lib/python3.9/site-packages/dask/config.py:693: UserWarning: Configuration key "shuffle" has been deprecated. Please use "dataframe.shuffle.algorithm" instead
[2m[36m(iter_task pid=2721569, ip=10.120.204.4)[0m   warnings.warn(
[2m[36m(iter_task pid=2721610, ip=10.120.204.4)[0m /home/ulc/cursos/curso341/.local/lib/python3.9/site-packages/dask/config.py:693: UserWarning: Configuration key "shuffle" has been deprecated. Please use "dataframe.shuffle.algorithm" instead
[2m[36m(iter_task pid=2721610, ip=10.120.204.4)[0m   warnings.warn(
[2m[36m(iter_task pid=2721374, ip=10.120.204.4)[0m /home/ulc/cursos/curso341/.local/lib/python3.9/site-packages/dask/config.py:693: UserWarning: Configuration key "shuffle" has been deprecated. Please use "dataframe.shuffle.algorithm" instead
[2m[36m(iter_task pid=2721374, ip=10.120.204.4)[0m   warnings.warn(
[2m[36m(iter_task pid=2721521, ip=10.120.204.4)[0m /home/ulc/cursos/curso341/.local/lib/python3.9/site-packages/dask/config.py:693: UserWarning: Configuration key "shuffle" has been deprecated. Please use "dataframe.shuffle.algorithm" instead
[2m[36m(iter_task pid=2721521, ip=10.120.204.4)[0m   warnings.warn(
[2m[36m(iter_task pid=2721319, ip=10.120.204.4)[0m /home/ulc/cursos/curso341/.local/lib/python3.9/site-packages/dask/config.py:693: UserWarning: Configuration key "shuffle" has been deprecated. Please use "dataframe.shuffle.algorithm" instead
[2m[36m(iter_task pid=2721319, ip=10.120.204.4)[0m   warnings.warn(
[2m[36m(iter_task pid=2721557, ip=10.120.204.4)[0m /home/ulc/cursos/curso341/.local/lib/python3.9/site-packages/dask/config.py:693: UserWarning: Configuration key "shuffle" has been deprecated. Please use "dataframe.shuffle.algorithm" instead
[2m[36m(iter_task pid=2721557, ip=10.120.204.4)[0m   warnings.warn(
Iter [6]
Iter [8]
Iter [10]
Iter [12]
Iter [14]
Iter [16]
Iter [18]
GLOBAL_PUT_TIME:     7.17052149772644 (avg:0.35853)
ACTOR_CONCURRENCY:   8
SIMULATION_TIME:     131.583635377999997 (avg: 6.579181768900000)
SIM_WTHOUT_PDI:      64.660151558999971 (avg: 3.233007577949999)
PDI_DELAY:           66.923483819000026 (avg: 3.346174190950001)

GLOBAL_SIZE_(GiB):   2097152
LOCAL_SIZE_(MiB):    256
ITERATIONS:          20

MPI_PER_NODE:        2
MPI_PARALLELISM:     8

WORKER_NODES:        4
CPUS_PER_WORKER:     64
WORKER_PARALLELISM:  256


SLURM_JOB_ID:        10912149
EST_ANALYTICS_TIME:  375.31077 (avg:18.76554)

Slurm job finished at 08/03/2025_09:26:19 AM

*****************************************************************************
*                                                                           *
*                    JOB EFFICIENCY REPORT (seff 10912149)                   *
*                                                                           *
*****************************************************************************

Job ID: 10912149
Cluster: finisterrae3
User/Group: curso341/ulc
State: COMPLETED (exit code 0)
Nodes: 9
Cores per node: 64
CPU Utilized: 00:15:21
CPU Efficiency: 0.39% of 2-17:36:00 core-walltime
Job Wall-clock time: 00:06:50
Memory Utilized: 6.06 GB (estimated maximum)
Memory Efficiency: 0.31% of 1.91 TB (3.39 GB/core)

 +++++++++++++++++++++++++++++++++++++++++++++++++++++++++++++++++++++++++++
 ++   Memory Efficiency is too small. Please review the requested memory. ++
 ++ It seems that you do not need that much memory so we recommend        ++
 ++ requesting less memory in other similar jobs.                         ++
 +++++++++++++++++++++++++++++++++++++++++++++++++++++++++++++++++++++++++++
 
*****************************************************************************


*****************************************************************************
*                                                                           *
*                    JOB EFFICIENCY REPORT (seff 10912149)                   *
*                                                                           *
*****************************************************************************

Job ID: 10912149
Cluster: finisterrae3
User/Group: curso341/ulc
State: COMPLETED (exit code 0)
Nodes: 9
Cores per node: 64
CPU Utilized: 00:18:51
CPU Efficiency: 0.48% of 2-17:36:00 core-walltime
Job Wall-clock time: 00:06:50
Memory Utilized: 4.06 GB
Memory Efficiency: 0.21% of 1.91 TB

 +++++++++++++++++++++++++++++++++++++++++++++++++++++++++++++++++++++++++++
 ++   Memory Efficiency is too small. Please review the requested memory. ++
 ++ It seems that you do not need that much memory so we recommend        ++
 ++ requesting less memory in other similar jobs.                         ++
 +++++++++++++++++++++++++++++++++++++++++++++++++++++++++++++++++++++++++++
 
*****************************************************************************


*****************************************************************************
*                                                                           *
*                    JOB EFFICIENCY REPORT (seff 10912149)                   *
*                                                                           *
*****************************************************************************

Job ID: 10912149
Cluster: finisterrae3
User/Group: curso341/ulc
State: COMPLETED (exit code 0)
Nodes: 9
Cores per node: 64
CPU Utilized: 00:34:22
CPU Efficiency: 0.87% of 2-17:36:00 core-walltime
Job Wall-clock time: 00:06:50
Memory Utilized: 39.49 GB
Memory Efficiency: 2.02% of 1.91 TB

 +++++++++++++++++++++++++++++++++++++++++++++++++++++++++++++++++++++++++++
 ++   Memory Efficiency is too small. Please review the requested memory. ++
 ++ It seems that you do not need that much memory so we recommend        ++
 ++ requesting less memory in other similar jobs.                         ++
 +++++++++++++++++++++++++++++++++++++++++++++++++++++++++++++++++++++++++++
 
*****************************************************************************


*****************************************************************************
*                                                                           *
*                    JOB EFFICIENCY REPORT (seff 10912149)                   *
*                                                                           *
*****************************************************************************

Job ID: 10912149
Cluster: finisterrae3
User/Group: curso341/ulc
State: COMPLETED (exit code 0)
Nodes: 9
Cores per node: 64
CPU Utilized: 02:07:09
CPU Efficiency: 3.23% of 2-17:36:00 core-walltime
Job Wall-clock time: 00:06:50
Memory Utilized: 39.49 GB
Memory Efficiency: 2.02% of 1.91 TB

 +++++++++++++++++++++++++++++++++++++++++++++++++++++++++++++++++++++++++++
 ++   Memory Efficiency is too small. Please review the requested memory. ++
 ++ It seems that you do not need that much memory so we recommend        ++
 ++ requesting less memory in other similar jobs.                         ++
 +++++++++++++++++++++++++++++++++++++++++++++++++++++++++++++++++++++++++++
 
*****************************************************************************


*****************************************************************************
*                                                                           *
*                    JOB EFFICIENCY REPORT (seff 10912149)                   *
*                                                                           *
*****************************************************************************

Job ID: 10912149
Cluster: finisterrae3
User/Group: curso341/ulc
State: COMPLETED (exit code 0)
Nodes: 9
Cores per node: 64
CPU Utilized: 02:07:09
CPU Efficiency: 3.23% of 2-17:36:00 core-walltime
Job Wall-clock time: 00:06:50
Memory Utilized: 39.49 GB
Memory Efficiency: 2.02% of 1.91 TB

 +++++++++++++++++++++++++++++++++++++++++++++++++++++++++++++++++++++++++++
 ++   Memory Efficiency is too small. Please review the requested memory. ++
 ++ It seems that you do not need that much memory so we recommend        ++
 ++ requesting less memory in other similar jobs.                         ++
 +++++++++++++++++++++++++++++++++++++++++++++++++++++++++++++++++++++++++++
 
*****************************************************************************



*****************************************************************************
*****************************************************************************
*                                                                           *
*                                                                           *
*                    JOB EFFICIENCY REPORT (seff 10912149)                   *
*                    JOB EFFICIENCY REPORT (seff 10912149)                   *
*                                                                           *
*                                                                           *
*****************************************************************************
*****************************************************************************


Job ID: 10912149
Job ID: 10912149
Cluster: finisterrae3
Cluster: finisterrae3
User/Group: curso341/ulc
User/Group: curso341/ulc
State: COMPLETED (exit code 0)
State: COMPLETED (exit code 0)
Nodes: 9
Nodes: 9
Cores per node: 64
Cores per node: 64
CPU Utilized: 02:07:09
CPU Utilized: 02:07:09
CPU Efficiency: 3.23% of 2-17:36:00 core-walltime
CPU Efficiency: 3.23% of 2-17:36:00 core-walltime
Job Wall-clock time: 00:06:50
Job Wall-clock time: 00:06:50
Memory Utilized: 39.49 GB
Memory Utilized: 39.49 GB
Memory Efficiency: 2.02% of 1.91 TB
Memory Efficiency: 2.02% of 1.91 TB


 +++++++++++++++++++++++++++++++++++++++++++++++++++++++++++++++++++++++++++
 +++++++++++++++++++++++++++++++++++++++++++++++++++++++++++++++++++++++++++
 ++   Memory Efficiency is too small. Please review the requested memory. ++
 ++   Memory Efficiency is too small. Please review the requested memory. ++
 ++ It seems that you do not need that much memory so we recommend        ++
 ++ It seems that you do not need that much memory so we recommend        ++
 ++ requesting less memory in other similar jobs.                         ++
 ++ requesting less memory in other similar jobs.                         ++
 +++++++++++++++++++++++++++++++++++++++++++++++++++++++++++++++++++++++++++
 +++++++++++++++++++++++++++++++++++++++++++++++++++++++++++++++++++++++++++
 
 
*****************************************************************************
*****************************************************************************



*****************************************************************************
*                                                                           *
*                    JOB EFFICIENCY REPORT (seff 10912149)                   *
*                                                                           *
*****************************************************************************

Job ID: 10912149
Cluster: finisterrae3
User/Group: curso341/ulc
State: COMPLETED (exit code 0)
Nodes: 9
Cores per node: 64
CPU Utilized: 02:07:09
CPU Efficiency: 3.23% of 2-17:36:00 core-walltime
Job Wall-clock time: 00:06:50
Memory Utilized: 39.49 GB
Memory Efficiency: 2.02% of 1.91 TB

 +++++++++++++++++++++++++++++++++++++++++++++++++++++++++++++++++++++++++++
 ++   Memory Efficiency is too small. Please review the requested memory. ++
 ++ It seems that you do not need that much memory so we recommend        ++
 ++ requesting less memory in other similar jobs.                         ++
 +++++++++++++++++++++++++++++++++++++++++++++++++++++++++++++++++++++++++++
 
*****************************************************************************


*****************************************************************************
*                                                                           *
*                    JOB EFFICIENCY REPORT (seff 10912149)                   *
*                                                                           *
*****************************************************************************

Job ID: 10912149
Cluster: finisterrae3
User/Group: curso341/ulc
State: COMPLETED (exit code 0)
Nodes: 9
Cores per node: 64
CPU Utilized: 02:07:09
CPU Efficiency: 3.23% of 2-17:36:00 core-walltime
Job Wall-clock time: 00:06:50
Memory Utilized: 39.49 GB
Memory Efficiency: 2.02% of 1.91 TB

 +++++++++++++++++++++++++++++++++++++++++++++++++++++++++++++++++++++++++++
 ++   Memory Efficiency is too small. Please review the requested memory. ++
 ++ It seems that you do not need that much memory so we recommend        ++
 ++ requesting less memory in other similar jobs.                         ++
 +++++++++++++++++++++++++++++++++++++++++++++++++++++++++++++++++++++++++++
 
*****************************************************************************

