slurmstepd: info: Setting TMPDIR to /scratch/10908858. Previous errors about TMPDIR can be discarded
Slurm job started at 07/03/2025_09:45:27 PM

In transit.
Initing Ray (1 head node + 8 worker nodes + 8 simulation nodes) on nodes: 
	ilk-13 ilk-14 ilk-15 ilk-18 ilk-196 ilk-203 ilk-243 ilk-244 ilk-245 ilk-246 ilk-247 ilk-248 ilk-249 ilk-250 ilk-251 ilk-252 ilk-253
Head node: 172.30.201.13:6379


RAY_DEPLOY_TIME:     23.49819
2025-03-07 21:45:52,755	INFO packaging.py:520 -- Creating a file package for local directory '/mnt/lustre/scratch/nlsas/home/ulc/cursos/curso341/dask_on_reisa_tests/E2/REISA/derivative/P16-SN8-LS268-GS4294-I10-AN8-D2025-03-07_21-31-29'.
2025-03-07 21:45:52,780	INFO packaging.py:347 -- Pushing file package 'gcs://_ray_pkg_fb7eead1f489d293.zip' (0.48MiB) to Ray cluster...
2025-03-07 21:45:52,787	INFO packaging.py:360 -- Successfully pushed file package 'gcs://_ray_pkg_fb7eead1f489d293.zip'.
RAY_INIT_TIME:       3.09436
Iter [0]
Iter [1]
Iter [2]
Iter [3]
Iter [4]
Iter [5]
Iter [6]
Iter [7]
Iter [8]
Iter [9]
GLOBAL_PUT_TIME:     4.100751638412476 (avg:0.41008)
ACTOR_CONCURRENCY:   8
SIMULATION_TIME:     29.229008334999996 (avg: 2.922900833500000)
SIM_WTHOUT_PDI:      23.504156868000003 (avg: 2.350415686800000)
PDI_DELAY:           5.724851466999993 (avg: 0.572485146699999)

GLOBAL_SIZE_(GiB):   4194304
LOCAL_SIZE_(MiB):    256
ITERATIONS:          10

MPI_PER_NODE:        2
MPI_PARALLELISM:     16

WORKER_NODES:        8
CPUS_PER_WORKER:     64
WORKER_PARALLELISM:  512


SLURM_JOB_ID:        10908858
EST_ANALYTICS_TIME:  33.38631 (avg:3.33863)

Slurm job finished at 07/03/2025_09:46:29 PM

*****************************************************************************
*                                                                           *
*                    JOB EFFICIENCY REPORT (seff 10908858)                   *
*                                                                           *
*****************************************************************************

Job ID: 10908858
Cluster: finisterrae3
User/Group: curso341/ulc
State: COMPLETED (exit code 0)
Nodes: 17
Cores per node: 64
CPU Utilized: 00:08:46
CPU Efficiency: 0.74% of 19:38:40 core-walltime
Job Wall-clock time: 00:01:05
Memory Utilized: 11.83 GB (estimated maximum)
Memory Efficiency: 0.32% of 3.60 TB (3.39 GB/core)

 +++++++++++++++++++++++++++++++++++++++++++++++++++++++++++++++++++++++++++
 ++   Memory Efficiency is too small. Please review the requested memory. ++
 ++ It seems that you do not need that much memory so we recommend        ++
 ++ requesting less memory in other similar jobs.                         ++
 +++++++++++++++++++++++++++++++++++++++++++++++++++++++++++++++++++++++++++
 
*****************************************************************************


*****************************************************************************
*                                                                           *
*                    JOB EFFICIENCY REPORT (seff 10908858)                   *
*                                                                           *
*****************************************************************************

Job ID: 10908858
Cluster: finisterrae3
User/Group: curso341/ulc
State: COMPLETED (exit code 0)
Nodes: 17
Cores per node: 64
CPU Utilized: 00:08:46
CPU Efficiency: 0.74% of 19:38:40 core-walltime
Job Wall-clock time: 00:01:05
Memory Utilized: 11.83 GB (estimated maximum)
Memory Efficiency: 0.32% of 3.60 TB (3.39 GB/core)

 +++++++++++++++++++++++++++++++++++++++++++++++++++++++++++++++++++++++++++
 ++   Memory Efficiency is too small. Please review the requested memory. ++
 ++ It seems that you do not need that much memory so we recommend        ++
 ++ requesting less memory in other similar jobs.                         ++
 +++++++++++++++++++++++++++++++++++++++++++++++++++++++++++++++++++++++++++
 
*****************************************************************************



*****************************************************************************
*****************************************************************************
*                                                                           *
*                                                                           *
*                    JOB EFFICIENCY REPORT (seff 10908858)                   *
*                    JOB EFFICIENCY REPORT (seff 10908858)                   *

*                                                                           *
*                                                                           *
*****************************************************************************
*****************************************************************************
*****************************************************************************
*                                                                           *


*                    JOB EFFICIENCY REPORT (seff 10908858)                   *
Job ID: 10908858
Job ID: 10908858
*                                                                           *
Cluster: finisterrae3
Cluster: finisterrae3
*****************************************************************************
User/Group: curso341/ulc
User/Group: curso341/ulc

State: COMPLETED (exit code 0)
State: COMPLETED (exit code 0)
Job ID: 10908858
Nodes: 17
Nodes: 17
Cluster: finisterrae3
Cores per node: 64
Cores per node: 64
User/Group: curso341/ulc
CPU Utilized: 00:08:46
CPU Utilized: 00:08:46
State: COMPLETED (exit code 0)
CPU Efficiency: 0.74% of 19:38:40 core-walltime
CPU Efficiency: 0.74% of 19:38:40 core-walltime
Nodes: 17
Job Wall-clock time: 00:01:05
Job Wall-clock time: 00:01:05
Cores per node: 64
Memory Utilized: 11.83 GB (estimated maximum)
Memory Utilized: 11.83 GB (estimated maximum)
CPU Utilized: 00:08:46
Memory Efficiency: 0.32% of 3.60 TB (3.39 GB/core)
Memory Efficiency: 0.32% of 3.60 TB (3.39 GB/core)
CPU Efficiency: 0.74% of 19:38:40 core-walltime


Job Wall-clock time: 00:01:05
 +++++++++++++++++++++++++++++++++++++++++++++++++++++++++++++++++++++++++++
 +++++++++++++++++++++++++++++++++++++++++++++++++++++++++++++++++++++++++++
Memory Utilized: 11.83 GB (estimated maximum)
 ++   Memory Efficiency is too small. Please review the requested memory. ++
 ++   Memory Efficiency is too small. Please review the requested memory. ++
Memory Efficiency: 0.32% of 3.60 TB (3.39 GB/core)
 ++ It seems that you do not need that much memory so we recommend        ++
 ++ It seems that you do not need that much memory so we recommend        ++

 ++ requesting less memory in other similar jobs.                         ++
 ++ requesting less memory in other similar jobs.                         ++
 +++++++++++++++++++++++++++++++++++++++++++++++++++++++++++++++++++++++++++
 +++++++++++++++++++++++++++++++++++++++++++++++++++++++++++++++++++++++++++
 +++++++++++++++++++++++++++++++++++++++++++++++++++++++++++++++++++++++++++
 ++   Memory Efficiency is too small. Please review the requested memory. ++
 
 
 ++ It seems that you do not need that much memory so we recommend        ++
*****************************************************************************
*****************************************************************************
 ++ requesting less memory in other similar jobs.                         ++


 +++++++++++++++++++++++++++++++++++++++++++++++++++++++++++++++++++++++++++
 
*****************************************************************************


*****************************************************************************
*                                                                           *
*                    JOB EFFICIENCY REPORT (seff 10908858)                   *
*                                                                           *
*****************************************************************************

Job ID: 10908858
Cluster: finisterrae3
User/Group: curso341/ulc
State: COMPLETED (exit code 0)
Nodes: 17
Cores per node: 64
CPU Utilized: 00:12:35
CPU Efficiency: 1.07% of 19:38:40 core-walltime
Job Wall-clock time: 00:01:05
Memory Utilized: 1.08 GB
Memory Efficiency: 0.03% of 3.60 TB

 +++++++++++++++++++++++++++++++++++++++++++++++++++++++++++++++++++++++++++
 ++   Memory Efficiency is too small. Please review the requested memory. ++
 ++ It seems that you do not need that much memory so we recommend        ++
 ++ requesting less memory in other similar jobs.                         ++
 +++++++++++++++++++++++++++++++++++++++++++++++++++++++++++++++++++++++++++
 
*****************************************************************************


*****************************************************************************
*                                                                           *
*                    JOB EFFICIENCY REPORT (seff 10908858)                   *
*                                                                           *
*****************************************************************************

Job ID: 10908858
Cluster: finisterrae3
User/Group: curso341/ulc
State: COMPLETED (exit code 0)
Nodes: 17
Cores per node: 64
CPU Utilized: 00:12:35
CPU Efficiency: 1.07% of 19:38:40 core-walltime
Job Wall-clock time: 00:01:05
Memory Utilized: 1.08 GB
Memory Efficiency: 0.03% of 3.60 TB

 +++++++++++++++++++++++++++++++++++++++++++++++++++++++++++++++++++++++++++
 ++   Memory Efficiency is too small. Please review the requested memory. ++
 ++ It seems that you do not need that much memory so we recommend        ++
 ++ requesting less memory in other similar jobs.                         ++
 +++++++++++++++++++++++++++++++++++++++++++++++++++++++++++++++++++++++++++
 
*****************************************************************************


*****************************************************************************
*                                                                           *
*                    JOB EFFICIENCY REPORT (seff 10908858)                   *
*                                                                           *
*****************************************************************************

Job ID: 10908858
Cluster: finisterrae3
User/Group: curso341/ulc
State: COMPLETED (exit code 0)
Nodes: 17
Cores per node: 64
CPU Utilized: 00:12:35
CPU Efficiency: 1.07% of 19:38:40 core-walltime
Job Wall-clock time: 00:01:05
Memory Utilized: 1.08 GB
Memory Efficiency: 0.03% of 3.60 TB

 +++++++++++++++++++++++++++++++++++++++++++++++++++++++++++++++++++++++++++
 ++   Memory Efficiency is too small. Please review the requested memory. ++
 ++ It seems that you do not need that much memory so we recommend        ++
 ++ requesting less memory in other similar jobs.                         ++
 +++++++++++++++++++++++++++++++++++++++++++++++++++++++++++++++++++++++++++
 
*****************************************************************************


*****************************************************************************
*                                                                           *
*                    JOB EFFICIENCY REPORT (seff 10908858)                   *
*                                                                           *
*****************************************************************************

Job ID: 10908858
Cluster: finisterrae3
User/Group: curso341/ulc
State: COMPLETED (exit code 0)
Nodes: 17
Cores per node: 64
CPU Utilized: 00:12:35
CPU Efficiency: 1.07% of 19:38:40 core-walltime
Job Wall-clock time: 00:01:05
Memory Utilized: 1.08 GB
Memory Efficiency: 0.03% of 3.60 TB

 +++++++++++++++++++++++++++++++++++++++++++++++++++++++++++++++++++++++++++
 ++   Memory Efficiency is too small. Please review the requested memory. ++
 ++ It seems that you do not need that much memory so we recommend        ++
 ++ requesting less memory in other similar jobs.                         ++
 +++++++++++++++++++++++++++++++++++++++++++++++++++++++++++++++++++++++++++
 
*****************************************************************************


*****************************************************************************
*                                                                           *
*                    JOB EFFICIENCY REPORT (seff 10908858)                   *
*                                                                           *
*****************************************************************************

Job ID: 10908858
Cluster: finisterrae3
User/Group: curso341/ulc
State: COMPLETED (exit code 0)
Nodes: 17
Cores per node: 64
CPU Utilized: 00:12:35
CPU Efficiency: 1.07% of 19:38:40 core-walltime
Job Wall-clock time: 00:01:05
Memory Utilized: 1.08 GB
Memory Efficiency: 0.03% of 3.60 TB

 +++++++++++++++++++++++++++++++++++++++++++++++++++++++++++++++++++++++++++
 ++   Memory Efficiency is too small. Please review the requested memory. ++
 ++ It seems that you do not need that much memory so we recommend        ++
 ++ requesting less memory in other similar jobs.                         ++
 +++++++++++++++++++++++++++++++++++++++++++++++++++++++++++++++++++++++++++
 
*****************************************************************************


*****************************************************************************
*                                                                           *
*                    JOB EFFICIENCY REPORT (seff 10908858)                   *
*                                                                           *
*****************************************************************************

Job ID: 10908858
Cluster: finisterrae3
User/Group: curso341/ulc
State: COMPLETED (exit code 0)
Nodes: 17
Cores per node: 64
CPU Utilized: 00:12:35
CPU Efficiency: 1.07% of 19:38:40 core-walltime
Job Wall-clock time: 00:01:05
Memory Utilized: 1.08 GB
Memory Efficiency: 0.03% of 3.60 TB

 +++++++++++++++++++++++++++++++++++++++++++++++++++++++++++++++++++++++++++
 ++   Memory Efficiency is too small. Please review the requested memory. ++
 ++ It seems that you do not need that much memory so we recommend        ++
 ++ requesting less memory in other similar jobs.                         ++
 +++++++++++++++++++++++++++++++++++++++++++++++++++++++++++++++++++++++++++
 
*****************************************************************************


*****************************************************************************
*                                                                           *
*                    JOB EFFICIENCY REPORT (seff 10908858)                   *
*                                                                           *
*****************************************************************************

Job ID: 10908858
Cluster: finisterrae3
User/Group: curso341/ulc
State: COMPLETED (exit code 0)
Nodes: 17
Cores per node: 64
CPU Utilized: 00:12:35
CPU Efficiency: 1.07% of 19:38:40 core-walltime
Job Wall-clock time: 00:01:05
Memory Utilized: 1.08 GB
Memory Efficiency: 0.03% of 3.60 TB

 +++++++++++++++++++++++++++++++++++++++++++++++++++++++++++++++++++++++++++
 ++   Memory Efficiency is too small. Please review the requested memory. ++
 ++ It seems that you do not need that much memory so we recommend        ++
 ++ requesting less memory in other similar jobs.                         ++
 +++++++++++++++++++++++++++++++++++++++++++++++++++++++++++++++++++++++++++
 
*****************************************************************************


*****************************************************************************
*                                                                           *
*                    JOB EFFICIENCY REPORT (seff 10908858)                   *
*                                                                           *
*****************************************************************************

Job ID: 10908858
Cluster: finisterrae3
User/Group: curso341/ulc
State: COMPLETED (exit code 0)
Nodes: 17
Cores per node: 64
CPU Utilized: 00:12:35
CPU Efficiency: 1.07% of 19:38:40 core-walltime
Job Wall-clock time: 00:01:05
Memory Utilized: 1.08 GB
Memory Efficiency: 0.03% of 3.60 TB

 +++++++++++++++++++++++++++++++++++++++++++++++++++++++++++++++++++++++++++
 ++   Memory Efficiency is too small. Please review the requested memory. ++
 ++ It seems that you do not need that much memory so we recommend        ++
 ++ requesting less memory in other similar jobs.                         ++
 +++++++++++++++++++++++++++++++++++++++++++++++++++++++++++++++++++++++++++
 
*****************************************************************************


*****************************************************************************
*                                                                           *
*                    JOB EFFICIENCY REPORT (seff 10908858)                   *
*                                                                           *
*****************************************************************************

Job ID: 10908858
Cluster: finisterrae3
User/Group: curso341/ulc
State: COMPLETED (exit code 0)
Nodes: 17
Cores per node: 64
CPU Utilized: 00:12:56
CPU Efficiency: 1.10% of 19:38:40 core-walltime
Job Wall-clock time: 00:01:05
Memory Utilized: 1.08 GB
Memory Efficiency: 0.03% of 3.60 TB

 +++++++++++++++++++++++++++++++++++++++++++++++++++++++++++++++++++++++++++
 ++   Memory Efficiency is too small. Please review the requested memory. ++
 ++ It seems that you do not need that much memory so we recommend        ++
 ++ requesting less memory in other similar jobs.                         ++
 +++++++++++++++++++++++++++++++++++++++++++++++++++++++++++++++++++++++++++
 
*****************************************************************************


*****************************************************************************
*                                                                           *
*                    JOB EFFICIENCY REPORT (seff 10908858)                   *
*                                                                           *
*****************************************************************************

Job ID: 10908858
Cluster: finisterrae3
User/Group: curso341/ulc
State: COMPLETED (exit code 0)
Nodes: 17
Cores per node: 64
CPU Utilized: 00:23:13
CPU Efficiency: 1.97% of 19:38:40 core-walltime
Job Wall-clock time: 00:01:05
Memory Utilized: 6.85 GB
Memory Efficiency: 0.19% of 3.60 TB

 +++++++++++++++++++++++++++++++++++++++++++++++++++++++++++++++++++++++++++
 ++   Memory Efficiency is too small. Please review the requested memory. ++
 ++ It seems that you do not need that much memory so we recommend        ++
 ++ requesting less memory in other similar jobs.                         ++
 +++++++++++++++++++++++++++++++++++++++++++++++++++++++++++++++++++++++++++
 
*****************************************************************************


*****************************************************************************
*                                                                           *
*                    JOB EFFICIENCY REPORT (seff 10908858)                   *
*                                                                           *
*****************************************************************************

Job ID: 10908858
Cluster: finisterrae3
User/Group: curso341/ulc
State: COMPLETED (exit code 0)
Nodes: 17
Cores per node: 64
CPU Utilized: 00:23:13
CPU Efficiency: 1.97% of 19:38:40 core-walltime
Job Wall-clock time: 00:01:05
Memory Utilized: 6.85 GB
Memory Efficiency: 0.19% of 3.60 TB

 +++++++++++++++++++++++++++++++++++++++++++++++++++++++++++++++++++++++++++
 ++   Memory Efficiency is too small. Please review the requested memory. ++
 ++ It seems that you do not need that much memory so we recommend        ++
 ++ requesting less memory in other similar jobs.                         ++
 +++++++++++++++++++++++++++++++++++++++++++++++++++++++++++++++++++++++++++
 
*****************************************************************************


*****************************************************************************
*                                                                           *
*                    JOB EFFICIENCY REPORT (seff 10908858)                   *
*                                                                           *
*****************************************************************************

Job ID: 10908858
Cluster: finisterrae3
User/Group: curso341/ulc
State: COMPLETED (exit code 0)
Nodes: 17
Cores per node: 64
CPU Utilized: 00:23:13
CPU Efficiency: 1.97% of 19:38:40 core-walltime
Job Wall-clock time: 00:01:05
Memory Utilized: 6.85 GB
Memory Efficiency: 0.19% of 3.60 TB

 +++++++++++++++++++++++++++++++++++++++++++++++++++++++++++++++++++++++++++
 ++   Memory Efficiency is too small. Please review the requested memory. ++
 ++ It seems that you do not need that much memory so we recommend        ++
 ++ requesting less memory in other similar jobs.                         ++
 +++++++++++++++++++++++++++++++++++++++++++++++++++++++++++++++++++++++++++
 
*****************************************************************************

