slurmstepd: info: Setting TMPDIR to /scratch/10912151. Previous errors about TMPDIR can be discarded
Slurm job started at 08/03/2025_10:53:47 AM

In transit.
Initing Ray (1 head node + 8 worker nodes + 8 simulation nodes) on nodes: 
	ilk-160 ilk-161 ilk-164 ilk-241 ilk-242 ilk-243 ilk-244 ilk-245 ilk-246 ilk-247 ilk-248 ilk-249 ilk-250 ilk-251 ilk-252 ilk-253 ilk-254
Head node: 172.30.204.16:6379


RAY_DEPLOY_TIME:     23.87238
2025-03-08 10:54:15,779	INFO packaging.py:520 -- Creating a file package for local directory '/mnt/lustre/scratch/nlsas/home/ulc/cursos/curso341/dask_on_reisa_tests/E2/DASK_ON_REISA/reduction/P16-SN8-LS268-GS4294-I20-AN8-D2025-03-08_09-07-49'.
2025-03-08 10:54:15,806	INFO packaging.py:347 -- Pushing file package 'gcs://_ray_pkg_a11ae7b7f7157e1b.zip' (0.48MiB) to Ray cluster...
2025-03-08 10:54:15,812	INFO packaging.py:360 -- Successfully pushed file package 'gcs://_ray_pkg_a11ae7b7f7157e1b.zip'.
RAY_INIT_TIME:       4.51902
Iter [0]
Iter [2]
[2m[36m(iter_task pid=461356, ip=10.120.211.14)[0m /home/ulc/cursos/curso341/.local/lib/python3.9/site-packages/dask/config.py:693: UserWarning: Configuration key "shuffle" has been deprecated. Please use "dataframe.shuffle.algorithm" instead
[2m[36m(iter_task pid=461356, ip=10.120.211.14)[0m   warnings.warn(
[2m[36m(iter_task pid=461355, ip=10.120.211.14)[0m /home/ulc/cursos/curso341/.local/lib/python3.9/site-packages/dask/config.py:693: UserWarning: Configuration key "shuffle" has been deprecated. Please use "dataframe.shuffle.algorithm" instead
[2m[36m(iter_task pid=461355, ip=10.120.211.14)[0m   warnings.warn(
[2m[36m(iter_task pid=461357, ip=10.120.211.14)[0m /home/ulc/cursos/curso341/.local/lib/python3.9/site-packages/dask/config.py:693: UserWarning: Configuration key "shuffle" has been deprecated. Please use "dataframe.shuffle.algorithm" instead
[2m[36m(iter_task pid=461357, ip=10.120.211.14)[0m   warnings.warn(
[2m[36m(iter_task pid=461360, ip=10.120.211.14)[0m /home/ulc/cursos/curso341/.local/lib/python3.9/site-packages/dask/config.py:693: UserWarning: Configuration key "shuffle" has been deprecated. Please use "dataframe.shuffle.algorithm" instead
[2m[36m(iter_task pid=461360, ip=10.120.211.14)[0m   warnings.warn(
[2m[36m(iter_task pid=461358, ip=10.120.211.14)[0m /home/ulc/cursos/curso341/.local/lib/python3.9/site-packages/dask/config.py:693: UserWarning: Configuration key "shuffle" has been deprecated. Please use "dataframe.shuffle.algorithm" instead
[2m[36m(iter_task pid=461358, ip=10.120.211.14)[0m   warnings.warn(
[2m[36m(iter_task pid=461359, ip=10.120.211.14)[0m /home/ulc/cursos/curso341/.local/lib/python3.9/site-packages/dask/config.py:693: UserWarning: Configuration key "shuffle" has been deprecated. Please use "dataframe.shuffle.algorithm" instead
[2m[36m(iter_task pid=461359, ip=10.120.211.14)[0m   warnings.warn(
[2m[36m(iter_task pid=3539935, ip=10.120.204.17)[0m /home/ulc/cursos/curso341/.local/lib/python3.9/site-packages/dask/config.py:693: UserWarning: Configuration key "shuffle" has been deprecated. Please use "dataframe.shuffle.algorithm" instead
[2m[36m(iter_task pid=3539935, ip=10.120.204.17)[0m   warnings.warn(
[2m[36m(iter_task pid=3539934, ip=10.120.204.17)[0m /home/ulc/cursos/curso341/.local/lib/python3.9/site-packages/dask/config.py:693: UserWarning: Configuration key "shuffle" has been deprecated. Please use "dataframe.shuffle.algorithm" instead
[2m[36m(iter_task pid=3539934, ip=10.120.204.17)[0m   warnings.warn(
[2m[36m(iter_task pid=3539933, ip=10.120.204.17)[0m /home/ulc/cursos/curso341/.local/lib/python3.9/site-packages/dask/config.py:693: UserWarning: Configuration key "shuffle" has been deprecated. Please use "dataframe.shuffle.algorithm" instead
[2m[36m(iter_task pid=3539933, ip=10.120.204.17)[0m   warnings.warn(
[2m[36m(iter_task pid=3539932, ip=10.120.204.17)[0m /home/ulc/cursos/curso341/.local/lib/python3.9/site-packages/dask/config.py:693: UserWarning: Configuration key "shuffle" has been deprecated. Please use "dataframe.shuffle.algorithm" instead
[2m[36m(iter_task pid=3539932, ip=10.120.204.17)[0m   warnings.warn(
[2m[36m(iter_task pid=3539931, ip=10.120.204.17)[0m /home/ulc/cursos/curso341/.local/lib/python3.9/site-packages/dask/config.py:693: UserWarning: Configuration key "shuffle" has been deprecated. Please use "dataframe.shuffle.algorithm" instead
[2m[36m(iter_task pid=3539931, ip=10.120.204.17)[0m   warnings.warn(
[2m[36m(iter_task pid=461425, ip=10.120.211.14)[0m /home/ulc/cursos/curso341/.local/lib/python3.9/site-packages/dask/config.py:693: UserWarning: Configuration key "shuffle" has been deprecated. Please use "dataframe.shuffle.algorithm" instead
[2m[36m(iter_task pid=461425, ip=10.120.211.14)[0m   warnings.warn(
[2m[36m(iter_task pid=3539940, ip=10.120.204.17)[0m /home/ulc/cursos/curso341/.local/lib/python3.9/site-packages/dask/config.py:693: UserWarning: Configuration key "shuffle" has been deprecated. Please use "dataframe.shuffle.algorithm" instead
[2m[36m(iter_task pid=3539940, ip=10.120.204.17)[0m   warnings.warn(
[2m[36m(iter_task pid=2975225, ip=10.120.211.19)[0m /home/ulc/cursos/curso341/.local/lib/python3.9/site-packages/dask/config.py:693: UserWarning: Configuration key "shuffle" has been deprecated. Please use "dataframe.shuffle.algorithm" instead
[2m[36m(iter_task pid=2975225, ip=10.120.211.19)[0m   warnings.warn(
[2m[36m(iter_task pid=2975223, ip=10.120.211.19)[0m /home/ulc/cursos/curso341/.local/lib/python3.9/site-packages/dask/config.py:693: UserWarning: Configuration key "shuffle" has been deprecated. Please use "dataframe.shuffle.algorithm" instead
[2m[36m(iter_task pid=2975223, ip=10.120.211.19)[0m   warnings.warn(
[2m[36m(iter_task pid=2975226, ip=10.120.211.19)[0m /home/ulc/cursos/curso341/.local/lib/python3.9/site-packages/dask/config.py:693: UserWarning: Configuration key "shuffle" has been deprecated. Please use "dataframe.shuffle.algorithm" instead
[2m[36m(iter_task pid=2975226, ip=10.120.211.19)[0m   warnings.warn(
[2m[36m(iter_task pid=2975227, ip=10.120.211.19)[0m /home/ulc/cursos/curso341/.local/lib/python3.9/site-packages/dask/config.py:693: UserWarning: Configuration key "shuffle" has been deprecated. Please use "dataframe.shuffle.algorithm" instead
[2m[36m(iter_task pid=2975227, ip=10.120.211.19)[0m   warnings.warn(
[2m[36m(iter_task pid=2975224, ip=10.120.211.19)[0m /home/ulc/cursos/curso341/.local/lib/python3.9/site-packages/dask/config.py:693: UserWarning: Configuration key "shuffle" has been deprecated. Please use "dataframe.shuffle.algorithm" instead
[2m[36m(iter_task pid=2975224, ip=10.120.211.19)[0m   warnings.warn(
[2m[36m(iter_task pid=2975228, ip=10.120.211.19)[0m /home/ulc/cursos/curso341/.local/lib/python3.9/site-packages/dask/config.py:693: UserWarning: Configuration key "shuffle" has been deprecated. Please use "dataframe.shuffle.algorithm" instead
[2m[36m(iter_task pid=2975228, ip=10.120.211.19)[0m   warnings.warn(
[2m[36m(iter_task pid=2975230, ip=10.120.211.19)[0m /home/ulc/cursos/curso341/.local/lib/python3.9/site-packages/dask/config.py:693: UserWarning: Configuration key "shuffle" has been deprecated. Please use "dataframe.shuffle.algorithm" instead
[2m[36m(iter_task pid=2975230, ip=10.120.211.19)[0m   warnings.warn(
Iter [4]
Iter [6]
Iter [8]
Iter [10]
Iter [12]
Iter [14]
Iter [16]
Iter [18]
GLOBAL_PUT_TIME:     7.295438528060913 (avg:0.36477)
ACTOR_CONCURRENCY:   8
SIMULATION_TIME:     387.080299265000008 (avg: 19.354014963250002)
SIM_WTHOUT_PDI:      65.757692041000041 (avg: 3.287884602050002)
PDI_DELAY:           321.322607223999967 (avg: 16.066130361199999)

GLOBAL_SIZE_(GiB):   4194304
LOCAL_SIZE_(MiB):    256
ITERATIONS:          20

MPI_PER_NODE:        2
MPI_PARALLELISM:     16

WORKER_NODES:        8
CPUS_PER_WORKER:     64
WORKER_PARALLELISM:  512


SLURM_JOB_ID:        10912151
EST_ANALYTICS_TIME:  962.59265 (avg:48.12963)

Slurm job finished at 08/03/2025_11:10:23 AM

*****************************************************************************
*                                                                           *
*                    JOB EFFICIENCY REPORT (seff 10912151)                   *
*                                                                           *
*****************************************************************************

Job ID: 10912151
Cluster: finisterrae3
User/Group: curso341/ulc
State: COMPLETED (exit code 0)
Nodes: 17
Cores per node: 64
CPU Utilized: 01:41:03
CPU Efficiency: 0.56% of 12-13:55:12 core-walltime
Job Wall-clock time: 00:16:39
Memory Utilized: 12.66 GB (estimated maximum)
Memory Efficiency: 0.34% of 3.60 TB (3.39 GB/core)

 +++++++++++++++++++++++++++++++++++++++++++++++++++++++++++++++++++++++++++
 ++   Memory Efficiency is too small. Please review the requested memory. ++
 ++ It seems that you do not need that much memory so we recommend        ++
 ++ requesting less memory in other similar jobs.                         ++
 +++++++++++++++++++++++++++++++++++++++++++++++++++++++++++++++++++++++++++
 
*****************************************************************************


*****************************************************************************
*                                                                           *
*                    JOB EFFICIENCY REPORT (seff 10912151)                   *
*                                                                           *
*****************************************************************************

Job ID: 10912151
Cluster: finisterrae3
User/Group: curso341/ulc
State: COMPLETED (exit code 0)
Nodes: 17
Cores per node: 64
CPU Utilized: 01:41:03
CPU Efficiency: 0.56% of 12-13:55:12 core-walltime
Job Wall-clock time: 00:16:39
Memory Utilized: 12.66 GB (estimated maximum)
Memory Efficiency: 0.34% of 3.60 TB (3.39 GB/core)

 +++++++++++++++++++++++++++++++++++++++++++++++++++++++++++++++++++++++++++
 ++   Memory Efficiency is too small. Please review the requested memory. ++
 ++ It seems that you do not need that much memory so we recommend        ++
 ++ requesting less memory in other similar jobs.                         ++
 +++++++++++++++++++++++++++++++++++++++++++++++++++++++++++++++++++++++++++
 
*****************************************************************************


*****************************************************************************
*                                                                           *
*                    JOB EFFICIENCY REPORT (seff 10912151)                   *
*                                                                           *
*****************************************************************************

Job ID: 10912151
Cluster: finisterrae3
User/Group: curso341/ulc
State: COMPLETED (exit code 0)
Nodes: 17
Cores per node: 64
CPU Utilized: 01:41:03
CPU Efficiency: 0.56% of 12-13:55:12 core-walltime
Job Wall-clock time: 00:16:39
Memory Utilized: 12.66 GB (estimated maximum)
Memory Efficiency: 0.34% of 3.60 TB (3.39 GB/core)

 +++++++++++++++++++++++++++++++++++++++++++++++++++++++++++++++++++++++++++
 ++   Memory Efficiency is too small. Please review the requested memory. ++
 ++ It seems that you do not need that much memory so we recommend        ++
 ++ requesting less memory in other similar jobs.                         ++
 +++++++++++++++++++++++++++++++++++++++++++++++++++++++++++++++++++++++++++
 
*****************************************************************************


*****************************************************************************
*                                                                           *
*                    JOB EFFICIENCY REPORT (seff 10912151)                   *
*                                                                           *
*****************************************************************************

Job ID: 10912151
Cluster: finisterrae3
User/Group: curso341/ulc
State: COMPLETED (exit code 0)
Nodes: 17
Cores per node: 64
CPU Utilized: 01:43:48
CPU Efficiency: 0.57% of 12-13:55:12 core-walltime
Job Wall-clock time: 00:16:39
Memory Utilized: 12.66 GB (estimated maximum)
Memory Efficiency: 0.34% of 3.60 TB (3.39 GB/core)

 +++++++++++++++++++++++++++++++++++++++++++++++++++++++++++++++++++++++++++
 ++   Memory Efficiency is too small. Please review the requested memory. ++
 ++ It seems that you do not need that much memory so we recommend        ++
 ++ requesting less memory in other similar jobs.                         ++
 +++++++++++++++++++++++++++++++++++++++++++++++++++++++++++++++++++++++++++
 
*****************************************************************************


*****************************************************************************
*                                                                           *
*                    JOB EFFICIENCY REPORT (seff 10912151)                   *
*                                                                           *
*****************************************************************************

Job ID: 10912151
Cluster: finisterrae3
User/Group: curso341/ulc
State: COMPLETED (exit code 0)
Nodes: 17
Cores per node: 64
CPU Utilized: 02:48:50
CPU Efficiency: 0.93% of 12-13:55:12 core-walltime
Job Wall-clock time: 00:16:39
Memory Utilized: 54.98 GB
Memory Efficiency: 1.49% of 3.60 TB

 +++++++++++++++++++++++++++++++++++++++++++++++++++++++++++++++++++++++++++
 ++   Memory Efficiency is too small. Please review the requested memory. ++
 ++ It seems that you do not need that much memory so we recommend        ++
 ++ requesting less memory in other similar jobs.                         ++
 +++++++++++++++++++++++++++++++++++++++++++++++++++++++++++++++++++++++++++
 
*****************************************************************************


*****************************************************************************
*                                                                           *
*                    JOB EFFICIENCY REPORT (seff 10912151)                   *
*                                                                           *
*****************************************************************************

Job ID: 10912151
Cluster: finisterrae3
User/Group: curso341/ulc
State: COMPLETED (exit code 0)
Nodes: 17
Cores per node: 64
CPU Utilized: 02:48:50
CPU Efficiency: 0.93% of 12-13:55:12 core-walltime
Job Wall-clock time: 00:16:39
Memory Utilized: 54.98 GB
Memory Efficiency: 1.49% of 3.60 TB

 +++++++++++++++++++++++++++++++++++++++++++++++++++++++++++++++++++++++++++
 ++   Memory Efficiency is too small. Please review the requested memory. ++
 ++ It seems that you do not need that much memory so we recommend        ++
 ++ requesting less memory in other similar jobs.                         ++
 +++++++++++++++++++++++++++++++++++++++++++++++++++++++++++++++++++++++++++
 
*****************************************************************************


*****************************************************************************
*                                                                           *
*                    JOB EFFICIENCY REPORT (seff 10912151)                   *
*                                                                           *
*****************************************************************************

Job ID: 10912151
Cluster: finisterrae3
User/Group: curso341/ulc
State: COMPLETED (exit code 0)
Nodes: 17
Cores per node: 64
CPU Utilized: 06:36:27
CPU Efficiency: 2.19% of 12-13:55:12 core-walltime
Job Wall-clock time: 00:16:39
Memory Utilized: 54.98 GB
Memory Efficiency: 1.49% of 3.60 TB

 +++++++++++++++++++++++++++++++++++++++++++++++++++++++++++++++++++++++++++
 ++   Memory Efficiency is too small. Please review the requested memory. ++
 ++ It seems that you do not need that much memory so we recommend        ++
 ++ requesting less memory in other similar jobs.                         ++
 +++++++++++++++++++++++++++++++++++++++++++++++++++++++++++++++++++++++++++
 
*****************************************************************************


*****************************************************************************
*                                                                           *
*                    JOB EFFICIENCY REPORT (seff 10912151)                   *
*                                                                           *
*****************************************************************************

Job ID: 10912151
Cluster: finisterrae3
User/Group: curso341/ulc
State: COMPLETED (exit code 0)
Nodes: 17
Cores per node: 64
CPU Utilized: 06:36:27
CPU Efficiency: 2.19% of 12-13:55:12 core-walltime
Job Wall-clock time: 00:16:39
Memory Utilized: 54.98 GB
Memory Efficiency: 1.49% of 3.60 TB

 +++++++++++++++++++++++++++++++++++++++++++++++++++++++++++++++++++++++++++
 ++   Memory Efficiency is too small. Please review the requested memory. ++
 ++ It seems that you do not need that much memory so we recommend        ++
 ++ requesting less memory in other similar jobs.                         ++
 +++++++++++++++++++++++++++++++++++++++++++++++++++++++++++++++++++++++++++
 
*****************************************************************************


*****************************************************************************
*                                                                           *
*                    JOB EFFICIENCY REPORT (seff 10912151)                   *
*                                                                           *
*****************************************************************************

Job ID: 10912151
Cluster: finisterrae3
User/Group: curso341/ulc
State: COMPLETED (exit code 0)
Nodes: 17
Cores per node: 64
CPU Utilized: 06:36:27
CPU Efficiency: 2.19% of 12-13:55:12 core-walltime
Job Wall-clock time: 00:16:39
Memory Utilized: 54.98 GB
Memory Efficiency: 1.49% of 3.60 TB

 +++++++++++++++++++++++++++++++++++++++++++++++++++++++++++++++++++++++++++
 ++   Memory Efficiency is too small. Please review the requested memory. ++
 ++ It seems that you do not need that much memory so we recommend        ++
 ++ requesting less memory in other similar jobs.                         ++
 +++++++++++++++++++++++++++++++++++++++++++++++++++++++++++++++++++++++++++
 
*****************************************************************************


*****************************************************************************
*                                                                           *
*                    JOB EFFICIENCY REPORT (seff 10912151)                   *
*                                                                           *
*****************************************************************************

Job ID: 10912151
Cluster: finisterrae3
User/Group: curso341/ulc
State: COMPLETED (exit code 0)
Nodes: 17
Cores per node: 64
CPU Utilized: 06:36:27
CPU Efficiency: 2.19% of 12-13:55:12 core-walltime
Job Wall-clock time: 00:16:39
Memory Utilized: 54.98 GB
Memory Efficiency: 1.49% of 3.60 TB

 +++++++++++++++++++++++++++++++++++++++++++++++++++++++++++++++++++++++++++
 ++   Memory Efficiency is too small. Please review the requested memory. ++
 ++ It seems that you do not need that much memory so we recommend        ++
 ++ requesting less memory in other similar jobs.                         ++
 +++++++++++++++++++++++++++++++++++++++++++++++++++++++++++++++++++++++++++
 
*****************************************************************************


*****************************************************************************
*                                                                           *
*                    JOB EFFICIENCY REPORT (seff 10912151)                   *
*                                                                           *
*****************************************************************************

Job ID: 10912151
Cluster: finisterrae3
User/Group: curso341/ulc
State: COMPLETED (exit code 0)
Nodes: 17
Cores per node: 64
CPU Utilized: 06:36:27
CPU Efficiency: 2.19% of 12-13:55:12 core-walltime
Job Wall-clock time: 00:16:39
Memory Utilized: 54.98 GB
Memory Efficiency: 1.49% of 3.60 TB

 +++++++++++++++++++++++++++++++++++++++++++++++++++++++++++++++++++++++++++
 ++   Memory Efficiency is too small. Please review the requested memory. ++
 ++ It seems that you do not need that much memory so we recommend        ++
 ++ requesting less memory in other similar jobs.                         ++
 +++++++++++++++++++++++++++++++++++++++++++++++++++++++++++++++++++++++++++
 
*****************************************************************************


*****************************************************************************
*                                                                           *
*                    JOB EFFICIENCY REPORT (seff 10912151)                   *
*                                                                           *
*****************************************************************************

Job ID: 10912151
Cluster: finisterrae3
User/Group: curso341/ulc
State: COMPLETED (exit code 0)
Nodes: 17
Cores per node: 64
CPU Utilized: 06:36:27
CPU Efficiency: 2.19% of 12-13:55:12 core-walltime
Job Wall-clock time: 00:16:39
Memory Utilized: 54.98 GB
Memory Efficiency: 1.49% of 3.60 TB

 +++++++++++++++++++++++++++++++++++++++++++++++++++++++++++++++++++++++++++
 ++   Memory Efficiency is too small. Please review the requested memory. ++
 ++ It seems that you do not need that much memory so we recommend        ++
 ++ requesting less memory in other similar jobs.                         ++
 +++++++++++++++++++++++++++++++++++++++++++++++++++++++++++++++++++++++++++
 
*****************************************************************************


*****************************************************************************
*                                                                           *
*                    JOB EFFICIENCY REPORT (seff 10912151)                   *
*                                                                           *
*****************************************************************************

Job ID: 10912151
Cluster: finisterrae3
User/Group: curso341/ulc
State: COMPLETED (exit code 0)
Nodes: 17
Cores per node: 64
CPU Utilized: 06:36:27
CPU Efficiency: 2.19% of 12-13:55:12 core-walltime
Job Wall-clock time: 00:16:39
Memory Utilized: 54.98 GB
Memory Efficiency: 1.49% of 3.60 TB

 +++++++++++++++++++++++++++++++++++++++++++++++++++++++++++++++++++++++++++
 ++   Memory Efficiency is too small. Please review the requested memory. ++
 ++ It seems that you do not need that much memory so we recommend        ++
 ++ requesting less memory in other similar jobs.                         ++
 +++++++++++++++++++++++++++++++++++++++++++++++++++++++++++++++++++++++++++
 
*****************************************************************************


*****************************************************************************
*                                                                           *
*                    JOB EFFICIENCY REPORT (seff 10912151)                   *
*                                                                           *
*****************************************************************************

Job ID: 10912151
Cluster: finisterrae3
User/Group: curso341/ulc
State: COMPLETED (exit code 0)
Nodes: 17
Cores per node: 64
CPU Utilized: 06:36:27
CPU Efficiency: 2.19% of 12-13:55:12 core-walltime
Job Wall-clock time: 00:16:39
Memory Utilized: 54.98 GB
Memory Efficiency: 1.49% of 3.60 TB

 +++++++++++++++++++++++++++++++++++++++++++++++++++++++++++++++++++++++++++
 ++   Memory Efficiency is too small. Please review the requested memory. ++
 ++ It seems that you do not need that much memory so we recommend        ++
 ++ requesting less memory in other similar jobs.                         ++
 +++++++++++++++++++++++++++++++++++++++++++++++++++++++++++++++++++++++++++
 
*****************************************************************************


*****************************************************************************
*                                                                           *
*                    JOB EFFICIENCY REPORT (seff 10912151)                   *
*                                                                           *
*****************************************************************************

Job ID: 10912151
Cluster: finisterrae3
User/Group: curso341/ulc
State: COMPLETED (exit code 0)
Nodes: 17
Cores per node: 64
CPU Utilized: 06:36:27
CPU Efficiency: 2.19% of 12-13:55:12 core-walltime
Job Wall-clock time: 00:16:39
Memory Utilized: 54.98 GB
Memory Efficiency: 1.49% of 3.60 TB

 +++++++++++++++++++++++++++++++++++++++++++++++++++++++++++++++++++++++++++
 ++   Memory Efficiency is too small. Please review the requested memory. ++
 ++ It seems that you do not need that much memory so we recommend        ++
 ++ requesting less memory in other similar jobs.                         ++
 +++++++++++++++++++++++++++++++++++++++++++++++++++++++++++++++++++++++++++
 
*****************************************************************************


*****************************************************************************
*                                                                           *
*                    JOB EFFICIENCY REPORT (seff 10912151)                   *
*                                                                           *
*****************************************************************************

Job ID: 10912151
Cluster: finisterrae3
User/Group: curso341/ulc
State: COMPLETED (exit code 0)
Nodes: 17
Cores per node: 64
CPU Utilized: 06:36:27
CPU Efficiency: 2.19% of 12-13:55:12 core-walltime
Job Wall-clock time: 00:16:39
Memory Utilized: 54.98 GB
Memory Efficiency: 1.49% of 3.60 TB

 +++++++++++++++++++++++++++++++++++++++++++++++++++++++++++++++++++++++++++
 ++   Memory Efficiency is too small. Please review the requested memory. ++
 ++ It seems that you do not need that much memory so we recommend        ++
 ++ requesting less memory in other similar jobs.                         ++
 +++++++++++++++++++++++++++++++++++++++++++++++++++++++++++++++++++++++++++
 
*****************************************************************************


*****************************************************************************
*                                                                           *
*                    JOB EFFICIENCY REPORT (seff 10912151)                   *
*                                                                           *
*****************************************************************************

Job ID: 10912151
Cluster: finisterrae3
User/Group: curso341/ulc
State: COMPLETED (exit code 0)
Nodes: 17
Cores per node: 64
CPU Utilized: 06:36:27
CPU Efficiency: 2.19% of 12-13:55:12 core-walltime
Job Wall-clock time: 00:16:39
Memory Utilized: 54.98 GB
Memory Efficiency: 1.49% of 3.60 TB

 +++++++++++++++++++++++++++++++++++++++++++++++++++++++++++++++++++++++++++
 ++   Memory Efficiency is too small. Please review the requested memory. ++
 ++ It seems that you do not need that much memory so we recommend        ++
 ++ requesting less memory in other similar jobs.                         ++
 +++++++++++++++++++++++++++++++++++++++++++++++++++++++++++++++++++++++++++
 
*****************************************************************************

