slurmstepd: info: Setting TMPDIR to /scratch/10935940. Previous errors about TMPDIR can be discarded
Slurm job started at 11/03/2025_01:16:18 PM

In transit.
Initing Ray (1 head node + 2 worker nodes + 2 simulation nodes) on nodes: 
	ilk-241 ilk-242 ilk-243 ilk-252 ilk-253
Head node: 172.30.211.14:6379


RAY_DEPLOY_TIME:     23.32683
RAY_INIT_TIME:       2.35859
Iter [0]
2025-03-11 13:16:45,518	INFO packaging.py:520 -- Creating a file package for local directory '/mnt/lustre/scratch/nlsas/home/ulc/cursos/curso341/dask_on_reisa_tests/E6/REISA/reduction/P4-SN2-LS268-GS1073-I20-AN2-D2025-03-11_08-51-31'.
2025-03-11 13:16:45,547	INFO packaging.py:347 -- Pushing file package 'gcs://_ray_pkg_aad3967b0c7c15c6.zip' (0.48MiB) to Ray cluster...
2025-03-11 13:16:45,554	INFO packaging.py:360 -- Successfully pushed file package 'gcs://_ray_pkg_aad3967b0c7c15c6.zip'.
Iter [2]
Iter [4]
Iter [6]
Iter [8]
Iter [10]
Iter [12]
Iter [14]
Iter [16]
Iter [18]
EST_ANALYTICS_TIME:  53.93670 (avg:2.69684)
GLOBAL_PUT_TIME:     8.496795892715454 (avg:0.42484)
ACTOR_CONCURRENCY:   8
SIMULATION_TIME:     58.131933011000001 (avg: 2.906596650550000)
SIM_WTHOUT_PDI:      46.538859498999983 (avg: 2.326942974949999)
PDI_DELAY:           11.593073512000018 (avg: 0.579653675600001)

GLOBAL_SIZE_(GiB):   1048576
LOCAL_SIZE_(MiB):    256
ITERATIONS:          20

MPI_PER_NODE:        2
MPI_PARALLELISM:     4

WORKER_NODES:        2
CPUS_PER_WORKER:     64
WORKER_PARALLELISM:  128


SLURM_JOB_ID:        10935940

Slurm job finished at 11/03/2025_01:17:44 PM

*****************************************************************************
*                                                                           *
*                    JOB EFFICIENCY REPORT (seff 10935940)                   *
*                                                                           *
*****************************************************************************

Job ID: 10935940
Cluster: finisterrae3
User/Group: curso341/ulc
State: COMPLETED (exit code 0)
Nodes: 5
Cores per node: 64
CPU Utilized: 00:03:54
CPU Efficiency: 0.83% of 07:49:20 core-walltime
Job Wall-clock time: 00:01:28
Memory Utilized: 2.95 GB (estimated maximum)
Memory Efficiency: 0.27% of 1.06 TB (3.39 GB/core)

 +++++++++++++++++++++++++++++++++++++++++++++++++++++++++++++++++++++++++++
 ++   Memory Efficiency is too small. Please review the requested memory. ++
 ++ It seems that you do not need that much memory so we recommend        ++
 ++ requesting less memory in other similar jobs.                         ++
 +++++++++++++++++++++++++++++++++++++++++++++++++++++++++++++++++++++++++++
 
*****************************************************************************


*****************************************************************************
*                                                                           *
*                    JOB EFFICIENCY REPORT (seff 10935940)                   *
*                                                                           *
*****************************************************************************

Job ID: 10935940
Cluster: finisterrae3
User/Group: curso341/ulc
State: COMPLETED (exit code 0)
Nodes: 5
Cores per node: 64
CPU Utilized: 00:05:55
CPU Efficiency: 1.26% of 07:49:20 core-walltime
Job Wall-clock time: 00:01:28
Memory Utilized: 2.95 GB (estimated maximum)
Memory Efficiency: 0.27% of 1.06 TB (3.39 GB/core)

 +++++++++++++++++++++++++++++++++++++++++++++++++++++++++++++++++++++++++++
 ++   Memory Efficiency is too small. Please review the requested memory. ++
 ++ It seems that you do not need that much memory so we recommend        ++
 ++ requesting less memory in other similar jobs.                         ++
 +++++++++++++++++++++++++++++++++++++++++++++++++++++++++++++++++++++++++++
 
*****************************************************************************


*****************************************************************************
*                                                                           *
*                    JOB EFFICIENCY REPORT (seff 10935940)                   *
*                                                                           *
*****************************************************************************

Job ID: 10935940
Cluster: finisterrae3
User/Group: curso341/ulc
State: COMPLETED (exit code 0)
Nodes: 5
Cores per node: 64
CPU Utilized: 00:05:55
CPU Efficiency: 1.26% of 07:49:20 core-walltime
Job Wall-clock time: 00:01:28
Memory Utilized: 2.95 GB (estimated maximum)
Memory Efficiency: 0.27% of 1.06 TB (3.39 GB/core)

 +++++++++++++++++++++++++++++++++++++++++++++++++++++++++++++++++++++++++++
 ++   Memory Efficiency is too small. Please review the requested memory. ++
 ++ It seems that you do not need that much memory so we recommend        ++
 ++ requesting less memory in other similar jobs.                         ++
 +++++++++++++++++++++++++++++++++++++++++++++++++++++++++++++++++++++++++++
 
*****************************************************************************


*****************************************************************************
*                                                                           *
*                    JOB EFFICIENCY REPORT (seff 10935940)                   *
*                                                                           *
*****************************************************************************

Job ID: 10935940
Cluster: finisterrae3
User/Group: curso341/ulc
State: COMPLETED (exit code 0)
Nodes: 5
Cores per node: 64
CPU Utilized: 00:06:14
CPU Efficiency: 1.33% of 07:49:20 core-walltime
Job Wall-clock time: 00:01:28
Memory Utilized: 2.95 GB (estimated maximum)
Memory Efficiency: 0.27% of 1.06 TB (3.39 GB/core)

 +++++++++++++++++++++++++++++++++++++++++++++++++++++++++++++++++++++++++++
 ++   Memory Efficiency is too small. Please review the requested memory. ++
 ++ It seems that you do not need that much memory so we recommend        ++
 ++ requesting less memory in other similar jobs.                         ++
 +++++++++++++++++++++++++++++++++++++++++++++++++++++++++++++++++++++++++++
 
*****************************************************************************


*****************************************************************************
*                                                                           *
*                    JOB EFFICIENCY REPORT (seff 10935940)                   *
*                                                                           *
*****************************************************************************

Job ID: 10935940
Cluster: finisterrae3
User/Group: curso341/ulc
State: COMPLETED (exit code 0)
Nodes: 5
Cores per node: 64
CPU Utilized: 00:08:44
CPU Efficiency: 1.86% of 07:49:20 core-walltime
Job Wall-clock time: 00:01:28
Memory Utilized: 4.04 GB
Memory Efficiency: 0.37% of 1.06 TB

 +++++++++++++++++++++++++++++++++++++++++++++++++++++++++++++++++++++++++++
 ++   Memory Efficiency is too small. Please review the requested memory. ++
 ++ It seems that you do not need that much memory so we recommend        ++
 ++ requesting less memory in other similar jobs.                         ++
 +++++++++++++++++++++++++++++++++++++++++++++++++++++++++++++++++++++++++++
 
*****************************************************************************

