slurmstepd: info: Setting TMPDIR to /scratch/10935951. Previous errors about TMPDIR can be discarded
Slurm job started at 11/03/2025_12:30:11 PM

In situ 2,
Initing Ray (1 head node + 2 worker nodes + 4 simulation nodes) on nodes: 
	ilk-145 ilk-146 ilk-147 ilk-148 ilk-149 ilk-150 ilk-151
Head node: 172.30.204.1:6379


RAY_DEPLOY_TIME:     23.72708
2025-03-11 12:30:38,155	INFO packaging.py:520 -- Creating a file package for local directory '/mnt/lustre/scratch/nlsas/home/ulc/cursos/curso341/dask_on_reisa_tests/E6/REISA/reduction/P128-SN4-LS134-GS17179-I20-AN2-D2025-03-11_08-51-52'.
2025-03-11 12:30:38,184	INFO packaging.py:347 -- Pushing file package 'gcs://_ray_pkg_ddf52772bd87c8f5.zip' (0.48MiB) to Ray cluster...
2025-03-11 12:30:38,191	INFO packaging.py:360 -- Successfully pushed file package 'gcs://_ray_pkg_ddf52772bd87c8f5.zip'.
RAY_INIT_TIME:       5.23704
Iter [0]
Iter [2]
Iter [4]
Iter [6]
Iter [8]
Iter [10]
Iter [12]
srun: Job step aborted: Waiting up to 32 seconds for job step to finish.
srun: Job step aborted: Waiting up to 32 seconds for job step to finish.
slurmstepd: error: *** STEP 10935951.8 ON ilk-146 CANCELLED AT 2025-03-11T12:50:26 DUE TO TIME LIMIT ***
slurmstepd: error: *** JOB 10935951 ON ilk-145 CANCELLED AT 2025-03-11T12:50:26 DUE TO TIME LIMIT ***
slurmstepd: error: *** STEP 10935951.9 ON ilk-148 CANCELLED AT 2025-03-11T12:50:26 DUE TO TIME LIMIT ***
*** SIGTERM received at time=1741693826 on cpu 35 ***
*** SIGTERM received at time=1741693826 on cpu 50 ***
*** SIGTERM received at time=1741693826 on cpu 52 ***
*** SIGTERM received at time=1741693826 on cpu 60 ***
*** SIGTERM received at time=1741693826 on cpu 22 ***
*** SIGTERM received at time=1741693826 on cpu 11 ***
*** SIGTERM received at time=1741693826 on cpu 38 ***
*** SIGTERM received at time=1741693826 on cpu 42 ***
*** SIGTERM received at time=1741693826 on cpu 39 ***
*** SIGTERM received at time=1741693826 on cpu 30 ***
*** SIGTERM received at time=1741693826 on cpu 40 ***
*** SIGTERM received at time=1741693826 on cpu 4 ***
*** SIGTERM received at time=1741693826 on cpu 31 ***
*** SIGTERM received at time=1741693826 on cpu 30 ***
*** SIGTERM received at time=1741693826 on cpu 49 ***
*** SIGTERM received at time=1741693826 on cpu 45 ***
*** SIGTERM received at time=1741693826 on cpu 10 ***
*** SIGTERM received at time=1741693826 on cpu 10 ***
*** SIGTERM received at time=1741693826 on cpu 58 ***
*** SIGTERM received at time=1741693826 on cpu 5 ***
*** SIGTERM received at time=1741693826 on cpu 5 ***
*** SIGTERM received at time=1741693826 on cpu 49 ***
*** SIGTERM received at time=1741693826 on cpu 33 ***
*** SIGTERM received at time=1741693826 on cpu 12 ***
*** SIGTERM received at time=1741693826 on cpu 12 ***
*** SIGTERM received at time=1741693826 on cpu 39 ***
*** SIGTERM received at time=1741693826 on cpu 27 ***
*** SIGTERM received at time=1741693826 on cpu 36 ***
*** SIGTERM received at time=1741693826 on cpu 55 ***
*** SIGTERM received at time=1741693826 on cpu 59 ***
*** SIGTERM received at time=1741693826 on cpu 55 ***
*** SIGTERM received at time=1741693826 on cpu 8 ***
*** SIGTERM received at time=1741693826 on cpu 40 ***
*** SIGTERM received at time=1741693826 on cpu 53 ***
*** SIGTERM received at time=1741693826 on cpu 58 ***
*** SIGTERM received at time=1741693826 on cpu 36 ***
*** SIGTERM received at time=1741693826 on cpu 4 ***
*** SIGTERM received at time=1741693826 on cpu 29 ***
*** SIGTERM received at time=1741693826 on cpu 17 ***
*** SIGTERM received at time=1741693826 on cpu 9 ***
*** SIGTERM received at time=1741693826 on cpu 13 ***
*** SIGTERM received at time=1741693826 on cpu 31 ***
*** SIGTERM received at time=1741693826 on cpu 57 ***
*** SIGTERM received at time=1741693826 on cpu 23 ***
*** SIGTERM received at time=1741693826 on cpu 1 ***
*** SIGTERM received at time=1741693826 on cpu 52 ***
*** SIGTERM received at time=1741693826 on cpu 63 ***
*** SIGTERM received at time=1741693826 on cpu 14 ***
*** SIGTERM received at time=1741693826 on cpu 7 ***
*** SIGTERM received at time=1741693826 on cpu 33 ***
*** SIGTERM received at time=1741693826 on cpu 59 ***
*** SIGTERM received at time=1741693826 on cpu 62 ***
*** SIGTERM received at time=1741693826 on cpu 22 ***
*** SIGTERM received at time=1741693826 on cpu 2 ***
*** SIGTERM received at time=1741693826 on cpu 32 ***
*** SIGTERM received at time=1741693826 on cpu 10 ***
*** SIGTERM received at time=1741693826 on cpu 18 ***
*** SIGTERM received at time=1741693826 on cpu 4 ***
*** SIGTERM received at time=1741693826 on cpu 46 ***
*** SIGTERM received at time=1741693826 on cpu 8 ***
*** SIGTERM received at time=1741693826 on cpu 19 ***
*** SIGTERM received at time=1741693826 on cpu 3 ***
*** SIGTERM received at time=1741693826 on cpu 57 ***
*** SIGTERM received at time=1741693826 on cpu 50 ***
*** SIGTERM received at time=1741693826 on cpu 24 ***
*** SIGTERM received at time=1741693826 on cpu 51 ***
*** SIGTERM received at time=1741693826 on cpu 5 ***
*** SIGTERM received at time=1741693826 on cpu 25 ***
*** SIGTERM received at time=1741693826 on cpu 14 ***
*** SIGTERM received at time=1741693826 on cpu 45 ***
*** SIGTERM received at time=1741693826 on cpu 26 ***
*** SIGTERM received at time=1741693826 on cpu 9 ***
*** SIGTERM received at time=1741693826 on cpu 57 ***
*** SIGTERM received at time=1741693826 on cpu 26 ***
*** SIGTERM received at time=1741693826 on cpu 43 ***
*** SIGTERM received at time=1741693826 on cpu 51 ***
*** SIGTERM received at time=1741693826 on cpu 0 ***
*** SIGTERM received at time=1741693826 on cpu 32 ***
*** SIGTERM received at time=1741693826 on cpu 33 ***
*** SIGTERM received at time=1741693826 on cpu 6 ***
*** SIGTERM received at time=1741693826 on cpu 45 ***
*** SIGTERM received at time=1741693826 on cpu 57 ***
*** SIGTERM received at time=1741693826 on cpu 45 ***
*** SIGTERM received at time=1741693826 on cpu 30 ***
*** SIGTERM received at time=1741693826 on cpu 52 ***
*** SIGTERM received at time=1741693826 on cpu 21 ***
*** SIGTERM received at time=1741693826 on cpu 61 ***
*** SIGTERM received at time=1741693826 on cpu 5 ***
*** SIGTERM received at time=1741693826 on cpu 12 ***
*** SIGTERM received at time=1741693826 on cpu 26 ***
*** SIGTERM received at time=1741693826 on cpu 19 ***
*** SIGTERM received at time=1741693826 on cpu 44 ***
*** SIGTERM received at time=1741693826 on cpu 18 ***
*** SIGTERM received at time=1741693826 on cpu 13 ***
*** SIGTERM received at time=1741693826 on cpu 9 ***
*** SIGTERM received at time=1741693826 on cpu 46 ***
*** SIGTERM received at time=1741693826 on cpu 3 ***
*** SIGTERM received at time=1741693826 on cpu 1 ***
*** SIGTERM received at time=1741693826 on cpu 4 ***
*** SIGTERM received at time=1741693826 on cpu 20 ***
*** SIGTERM received at time=1741693826 on cpu 6 ***
*** SIGTERM received at time=1741693826 on cpu 59 ***
*** SIGTERM received at time=1741693826 on cpu 33 ***
*** SIGTERM received at time=1741693826 on cpu 11 ***
*** SIGTERM received at time=1741693826 on cpu 15 ***
