slurmstepd: info: Setting TMPDIR to /scratch/10781214. Previous errors about TMPDIR can be discarded
Slurm job started at 26/02/2025_12:35:11 PM

In transit.
Initing Ray (1 head node + 8 worker nodes + 8 simulation nodes) on nodes: 
	ilk-97 ilk-98 ilk-99 ilk-101 ilk-104 ilk-106 ilk-107 ilk-108 ilk-112 ilk-113 ilk-114 ilk-115 ilk-117 ilk-118 ilk-120 ilk-122 ilk-123
Head node: 172.30.203.1:6379


RAY_DEPLOY_TIME:     22.32906
RAY_INIT_TIME:       2.33789
Iter [0]
2025-02-26 12:35:37,559	INFO packaging.py:520 -- Creating a file package for local directory '/mnt/lustre/scratch/nlsas/home/ulc/cursos/curso341/dask_on_reisa_tests/E2/REISA_ONE_ACTOR/derivative/P16-SN8-LS268-GS4294-I12-AN8-D2025-02-26_11-03-08'.
2025-02-26 12:35:37,587	INFO packaging.py:347 -- Pushing file package 'gcs://_ray_pkg_cb0ad0cae6abad54.zip' (0.48MiB) to Ray cluster...
2025-02-26 12:35:37,594	INFO packaging.py:360 -- Successfully pushed file package 'gcs://_ray_pkg_cb0ad0cae6abad54.zip'.
Iter [1]
Iter [2]
Iter [3]
Iter [4]
Iter [5]
Iter [6]
Iter [7]
Iter [8]
Iter [9]
Iter [10]
Iter [11]
EST_ANALYTICS_TIME:  35.22755 (avg:2.93563)
GLOBAL_PUT_TIME:     4.19532322883606 (avg:0.34961)
ACTOR_CONCURRENCY:   8
SIMULATION_TIME:     38.422240919000004 (avg: 3.201853409916667)
SIM_WTHOUT_PDI:      30.853662356000005 (avg: 2.571138529666667)
PDI_DELAY:           7.568578562999999 (avg: 0.630714880250000)

GLOBAL_SIZE_(GiB):   4194304
LOCAL_SIZE_(MiB):    256
ITERATIONS:          12

MPI_PER_NODE:        2
MPI_PARALLELISM:     16

WORKER_NODES:        8
CPUS_PER_WORKER:     30
WORKER_PARALLELISM:  240


SLURM_JOB_ID:        10781214

Slurm job finished at 26/02/2025_12:36:16 PM

*****************************************************************************
*                                                                           *
*                    JOB EFFICIENCY REPORT (seff 10781214)                   *
*                                                                           *
*****************************************************************************

Job ID: 10781214
Cluster: finisterrae3
User/Group: curso341/ulc
State: COMPLETED (exit code 0)
Nodes: 17
Cores per node: 40
CPU Utilized: 00:14:23
CPU Efficiency: 1.87% of 12:50:40 core-walltime
Job Wall-clock time: 00:01:08
Memory Utilized: 6.34 GB
Memory Efficiency: 0.23% of 2.66 TB

 +++++++++++++++++++++++++++++++++++++++++++++++++++++++++++++++++++++++++++
 ++   Memory Efficiency is too small. Please review the requested memory. ++
 ++ It seems that you do not need that much memory so we recommend        ++
 ++ requesting less memory in other similar jobs.                         ++
 +++++++++++++++++++++++++++++++++++++++++++++++++++++++++++++++++++++++++++
 
*****************************************************************************


*****************************************************************************
*                                                                           *
*                    JOB EFFICIENCY REPORT (seff 10781214)                   *
*                                                                           *
*****************************************************************************

Job ID: 10781214
Cluster: finisterrae3
User/Group: curso341/ulc
State: COMPLETED (exit code 0)
Nodes: 17
Cores per node: 40
CPU Utilized: 00:14:23
CPU Efficiency: 1.87% of 12:50:40 core-walltime
Job Wall-clock time: 00:01:08
Memory Utilized: 6.34 GB
Memory Efficiency: 0.23% of 2.66 TB

 +++++++++++++++++++++++++++++++++++++++++++++++++++++++++++++++++++++++++++
 ++   Memory Efficiency is too small. Please review the requested memory. ++
 ++ It seems that you do not need that much memory so we recommend        ++
 ++ requesting less memory in other similar jobs.                         ++
 +++++++++++++++++++++++++++++++++++++++++++++++++++++++++++++++++++++++++++
 
*****************************************************************************


*****************************************************************************
*                                                                           *
*                    JOB EFFICIENCY REPORT (seff 10781214)                   *
*                                                                           *
*****************************************************************************

Job ID: 10781214
Cluster: finisterrae3
User/Group: curso341/ulc
State: COMPLETED (exit code 0)
Nodes: 17
Cores per node: 40
CPU Utilized: 00:14:23
CPU Efficiency: 1.87% of 12:50:40 core-walltime
Job Wall-clock time: 00:01:08
Memory Utilized: 6.34 GB
Memory Efficiency: 0.23% of 2.66 TB

 +++++++++++++++++++++++++++++++++++++++++++++++++++++++++++++++++++++++++++
 ++   Memory Efficiency is too small. Please review the requested memory. ++
 ++ It seems that you do not need that much memory so we recommend        ++
 ++ requesting less memory in other similar jobs.                         ++
 +++++++++++++++++++++++++++++++++++++++++++++++++++++++++++++++++++++++++++
 
*****************************************************************************


*****************************************************************************
*                                                                           *
*                    JOB EFFICIENCY REPORT (seff 10781214)                   *
*                                                                           *
*****************************************************************************

Job ID: 10781214
Cluster: finisterrae3
User/Group: curso341/ulc
State: COMPLETED (exit code 0)
Nodes: 17
Cores per node: 40
CPU Utilized: 00:14:23
CPU Efficiency: 1.87% of 12:50:40 core-walltime
Job Wall-clock time: 00:01:08
Memory Utilized: 6.34 GB
Memory Efficiency: 0.23% of 2.66 TB

 +++++++++++++++++++++++++++++++++++++++++++++++++++++++++++++++++++++++++++
 ++   Memory Efficiency is too small. Please review the requested memory. ++
 ++ It seems that you do not need that much memory so we recommend        ++
 ++ requesting less memory in other similar jobs.                         ++
 +++++++++++++++++++++++++++++++++++++++++++++++++++++++++++++++++++++++++++
 
*****************************************************************************


*****************************************************************************
*                                                                           *
*                    JOB EFFICIENCY REPORT (seff 10781214)                   *
*                                                                           *
*****************************************************************************

Job ID: 10781214
Cluster: finisterrae3
User/Group: curso341/ulc
State: COMPLETED (exit code 0)
Nodes: 17
Cores per node: 40
CPU Utilized: 00:14:23
CPU Efficiency: 1.87% of 12:50:40 core-walltime
Job Wall-clock time: 00:01:08
Memory Utilized: 6.34 GB
Memory Efficiency: 0.23% of 2.66 TB

 +++++++++++++++++++++++++++++++++++++++++++++++++++++++++++++++++++++++++++
 ++   Memory Efficiency is too small. Please review the requested memory. ++
 ++ It seems that you do not need that much memory so we recommend        ++
 ++ requesting less memory in other similar jobs.                         ++
 +++++++++++++++++++++++++++++++++++++++++++++++++++++++++++++++++++++++++++
 
*****************************************************************************


*****************************************************************************
*                                                                           *
*                    JOB EFFICIENCY REPORT (seff 10781214)                   *
*                                                                           *
*****************************************************************************

Job ID: 10781214
Cluster: finisterrae3
User/Group: curso341/ulc
State: COMPLETED (exit code 0)
Nodes: 17
Cores per node: 40
CPU Utilized: 00:14:23
CPU Efficiency: 1.87% of 12:50:40 core-walltime
Job Wall-clock time: 00:01:08
Memory Utilized: 6.34 GB
Memory Efficiency: 0.23% of 2.66 TB

 +++++++++++++++++++++++++++++++++++++++++++++++++++++++++++++++++++++++++++
 ++   Memory Efficiency is too small. Please review the requested memory. ++
 ++ It seems that you do not need that much memory so we recommend        ++
 ++ requesting less memory in other similar jobs.                         ++
 +++++++++++++++++++++++++++++++++++++++++++++++++++++++++++++++++++++++++++
 
*****************************************************************************


*****************************************************************************
*                                                                           *
*                    JOB EFFICIENCY REPORT (seff 10781214)                   *
*                                                                           *
*****************************************************************************

Job ID: 10781214
Cluster: finisterrae3
User/Group: curso341/ulc
State: COMPLETED (exit code 0)
Nodes: 17
Cores per node: 40
CPU Utilized: 00:14:23
CPU Efficiency: 1.87% of 12:50:40 core-walltime
Job Wall-clock time: 00:01:08
Memory Utilized: 6.34 GB
Memory Efficiency: 0.23% of 2.66 TB

 +++++++++++++++++++++++++++++++++++++++++++++++++++++++++++++++++++++++++++
 ++   Memory Efficiency is too small. Please review the requested memory. ++
 ++ It seems that you do not need that much memory so we recommend        ++
 ++ requesting less memory in other similar jobs.                         ++
 +++++++++++++++++++++++++++++++++++++++++++++++++++++++++++++++++++++++++++
 
*****************************************************************************


*****************************************************************************
*                                                                           *
*                    JOB EFFICIENCY REPORT (seff 10781214)                   *
*                                                                           *
*****************************************************************************

Job ID: 10781214
Cluster: finisterrae3
User/Group: curso341/ulc
State: COMPLETED (exit code 0)
Nodes: 17
Cores per node: 40
CPU Utilized: 00:14:23
CPU Efficiency: 1.87% of 12:50:40 core-walltime
Job Wall-clock time: 00:01:08
Memory Utilized: 6.34 GB
Memory Efficiency: 0.23% of 2.66 TB

 +++++++++++++++++++++++++++++++++++++++++++++++++++++++++++++++++++++++++++
 ++   Memory Efficiency is too small. Please review the requested memory. ++
 ++ It seems that you do not need that much memory so we recommend        ++
 ++ requesting less memory in other similar jobs.                         ++
 +++++++++++++++++++++++++++++++++++++++++++++++++++++++++++++++++++++++++++
 
*****************************************************************************


*****************************************************************************
*                                                                           *
*                    JOB EFFICIENCY REPORT (seff 10781214)                   *
*                                                                           *
*****************************************************************************

Job ID: 10781214
Cluster: finisterrae3
User/Group: curso341/ulc
State: COMPLETED (exit code 0)
Nodes: 17
Cores per node: 40
CPU Utilized: 00:14:23
CPU Efficiency: 1.87% of 12:50:40 core-walltime
Job Wall-clock time: 00:01:08
Memory Utilized: 6.34 GB
Memory Efficiency: 0.23% of 2.66 TB

 +++++++++++++++++++++++++++++++++++++++++++++++++++++++++++++++++++++++++++
 ++   Memory Efficiency is too small. Please review the requested memory. ++
 ++ It seems that you do not need that much memory so we recommend        ++
 ++ requesting less memory in other similar jobs.                         ++
 +++++++++++++++++++++++++++++++++++++++++++++++++++++++++++++++++++++++++++
 
*****************************************************************************


*****************************************************************************
*                                                                           *
*                    JOB EFFICIENCY REPORT (seff 10781214)                   *
*                                                                           *
*****************************************************************************

Job ID: 10781214
Cluster: finisterrae3
User/Group: curso341/ulc
State: COMPLETED (exit code 0)
Nodes: 17
Cores per node: 40
CPU Utilized: 00:14:23
CPU Efficiency: 1.87% of 12:50:40 core-walltime
Job Wall-clock time: 00:01:08
Memory Utilized: 6.34 GB
Memory Efficiency: 0.23% of 2.66 TB

 +++++++++++++++++++++++++++++++++++++++++++++++++++++++++++++++++++++++++++
 ++   Memory Efficiency is too small. Please review the requested memory. ++
 ++ It seems that you do not need that much memory so we recommend        ++
 ++ requesting less memory in other similar jobs.                         ++
 +++++++++++++++++++++++++++++++++++++++++++++++++++++++++++++++++++++++++++
 
*****************************************************************************


*****************************************************************************
*                                                                           *
*                    JOB EFFICIENCY REPORT (seff 10781214)                   *
*                                                                           *
*****************************************************************************

Job ID: 10781214
Cluster: finisterrae3
User/Group: curso341/ulc
State: COMPLETED (exit code 0)
Nodes: 17
Cores per node: 40
CPU Utilized: 00:14:23
CPU Efficiency: 1.87% of 12:50:40 core-walltime
Job Wall-clock time: 00:01:08
Memory Utilized: 6.34 GB
Memory Efficiency: 0.23% of 2.66 TB

 +++++++++++++++++++++++++++++++++++++++++++++++++++++++++++++++++++++++++++
 ++   Memory Efficiency is too small. Please review the requested memory. ++
 ++ It seems that you do not need that much memory so we recommend        ++
 ++ requesting less memory in other similar jobs.                         ++
 +++++++++++++++++++++++++++++++++++++++++++++++++++++++++++++++++++++++++++
 
*****************************************************************************


*****************************************************************************
*                                                                           *
*                    JOB EFFICIENCY REPORT (seff 10781214)                   *
*                                                                           *
*****************************************************************************

Job ID: 10781214
Cluster: finisterrae3
User/Group: curso341/ulc
State: COMPLETED (exit code 0)
Nodes: 17
Cores per node: 40
CPU Utilized: 00:19:21
CPU Efficiency: 2.51% of 12:50:40 core-walltime
Job Wall-clock time: 00:01:08
Memory Utilized: 6.94 GB
Memory Efficiency: 0.26% of 2.66 TB

 +++++++++++++++++++++++++++++++++++++++++++++++++++++++++++++++++++++++++++
 ++   Memory Efficiency is too small. Please review the requested memory. ++
 ++ It seems that you do not need that much memory so we recommend        ++
 ++ requesting less memory in other similar jobs.                         ++
 +++++++++++++++++++++++++++++++++++++++++++++++++++++++++++++++++++++++++++
 
*****************************************************************************


*****************************************************************************
*                                                                           *
*                    JOB EFFICIENCY REPORT (seff 10781214)                   *
*                                                                           *
*****************************************************************************

Job ID: 10781214
Cluster: finisterrae3
User/Group: curso341/ulc
State: COMPLETED (exit code 0)
Nodes: 17
Cores per node: 40
CPU Utilized: 00:19:21
CPU Efficiency: 2.51% of 12:50:40 core-walltime
Job Wall-clock time: 00:01:08
Memory Utilized: 6.94 GB
Memory Efficiency: 0.26% of 2.66 TB

 +++++++++++++++++++++++++++++++++++++++++++++++++++++++++++++++++++++++++++
 ++   Memory Efficiency is too small. Please review the requested memory. ++
 ++ It seems that you do not need that much memory so we recommend        ++
 ++ requesting less memory in other similar jobs.                         ++
 +++++++++++++++++++++++++++++++++++++++++++++++++++++++++++++++++++++++++++
 
*****************************************************************************


*****************************************************************************
*                                                                           *
*                    JOB EFFICIENCY REPORT (seff 10781214)                   *
*                                                                           *
*****************************************************************************

Job ID: 10781214
Cluster: finisterrae3
User/Group: curso341/ulc
State: COMPLETED (exit code 0)
Nodes: 17
Cores per node: 40
CPU Utilized: 00:14:23
CPU Efficiency: 1.87% of 12:50:40 core-walltime
Job Wall-clock time: 00:01:08
Memory Utilized: 6.34 GB
Memory Efficiency: 0.23% of 2.66 TB

 +++++++++++++++++++++++++++++++++++++++++++++++++++++++++++++++++++++++++++
 ++   Memory Efficiency is too small. Please review the requested memory. ++
 ++ It seems that you do not need that much memory so we recommend        ++
 ++ requesting less memory in other similar jobs.                         ++
 +++++++++++++++++++++++++++++++++++++++++++++++++++++++++++++++++++++++++++
 
*****************************************************************************


*****************************************************************************
*                                                                           *
*                    JOB EFFICIENCY REPORT (seff 10781214)                   *
*                                                                           *
*****************************************************************************

Job ID: 10781214
Cluster: finisterrae3
User/Group: curso341/ulc
State: COMPLETED (exit code 0)
Nodes: 17
Cores per node: 40
CPU Utilized: 00:19:21
CPU Efficiency: 2.51% of 12:50:40 core-walltime
Job Wall-clock time: 00:01:08
Memory Utilized: 6.94 GB
Memory Efficiency: 0.26% of 2.66 TB

 +++++++++++++++++++++++++++++++++++++++++++++++++++++++++++++++++++++++++++
 ++   Memory Efficiency is too small. Please review the requested memory. ++
 ++ It seems that you do not need that much memory so we recommend        ++
 ++ requesting less memory in other similar jobs.                         ++
 +++++++++++++++++++++++++++++++++++++++++++++++++++++++++++++++++++++++++++
 
*****************************************************************************


*****************************************************************************
*                                                                           *
*                    JOB EFFICIENCY REPORT (seff 10781214)                   *
*                                                                           *
*****************************************************************************

Job ID: 10781214
Cluster: finisterrae3
User/Group: curso341/ulc
State: COMPLETED (exit code 0)
Nodes: 17
Cores per node: 40
CPU Utilized: 00:14:23
CPU Efficiency: 1.87% of 12:50:40 core-walltime
Job Wall-clock time: 00:01:08
Memory Utilized: 6.34 GB
Memory Efficiency: 0.23% of 2.66 TB

 +++++++++++++++++++++++++++++++++++++++++++++++++++++++++++++++++++++++++++
 ++   Memory Efficiency is too small. Please review the requested memory. ++
 ++ It seems that you do not need that much memory so we recommend        ++
 ++ requesting less memory in other similar jobs.                         ++
 +++++++++++++++++++++++++++++++++++++++++++++++++++++++++++++++++++++++++++
 
*****************************************************************************


*****************************************************************************
*                                                                           *
*                    JOB EFFICIENCY REPORT (seff 10781214)                   *
*                                                                           *
*****************************************************************************

Job ID: 10781214
Cluster: finisterrae3
User/Group: curso341/ulc
State: COMPLETED (exit code 0)
Nodes: 17
Cores per node: 40
CPU Utilized: 00:14:23
CPU Efficiency: 1.87% of 12:50:40 core-walltime
Job Wall-clock time: 00:01:08
Memory Utilized: 6.34 GB
Memory Efficiency: 0.23% of 2.66 TB

 +++++++++++++++++++++++++++++++++++++++++++++++++++++++++++++++++++++++++++
 ++   Memory Efficiency is too small. Please review the requested memory. ++
 ++ It seems that you do not need that much memory so we recommend        ++
 ++ requesting less memory in other similar jobs.                         ++
 +++++++++++++++++++++++++++++++++++++++++++++++++++++++++++++++++++++++++++
 
*****************************************************************************

