slurmstepd: info: Setting TMPDIR to /scratch/10899123. Previous errors about TMPDIR can be discarded
Slurm job started at 07/03/2025_10:07:35 AM

In transit.
Initing Ray (1 head node + 8 worker nodes + 8 simulation nodes) on nodes: 
	ilk-7 ilk-145 ilk-146 ilk-147 ilk-148 ilk-149 ilk-150 ilk-151 ilk-152 ilk-153 ilk-154 ilk-155 ilk-156 ilk-199 ilk-222 ilk-229 ilk-230
Head node: 172.30.201.7:6379


RAY_DEPLOY_TIME:     23.41560
2025-03-07 10:08:02,007	INFO packaging.py:520 -- Creating a file package for local directory '/mnt/lustre/scratch/nlsas/home/ulc/cursos/curso341/dask_on_reisa_tests/E1/DASK_ON_REISA/derivative/P16-SN8-LS536-GS8589-I10-AN8-D2025-03-07_09-35-15'.
2025-03-07 10:08:02,035	INFO packaging.py:347 -- Pushing file package 'gcs://_ray_pkg_c8d13ca55eaaacdf.zip' (0.48MiB) to Ray cluster...
2025-03-07 10:08:02,042	INFO packaging.py:360 -- Successfully pushed file package 'gcs://_ray_pkg_c8d13ca55eaaacdf.zip'.
RAY_INIT_TIME:       3.62560
Iter [0]
Iter [1]
[2m[36m(iter_task pid=221238, ip=10.120.204.8)[0m /home/ulc/cursos/curso341/.local/lib/python3.9/site-packages/dask/config.py:693: UserWarning: Configuration key "shuffle" has been deprecated. Please use "dataframe.shuffle.algorithm" instead
[2m[36m(iter_task pid=221238, ip=10.120.204.8)[0m   warnings.warn(
[2m[36m(iter_task pid=221239, ip=10.120.204.8)[0m /home/ulc/cursos/curso341/.local/lib/python3.9/site-packages/dask/config.py:693: UserWarning: Configuration key "shuffle" has been deprecated. Please use "dataframe.shuffle.algorithm" instead
[2m[36m(iter_task pid=221239, ip=10.120.204.8)[0m   warnings.warn(
[2m[36m(iter_task pid=2942216, ip=10.120.204.4)[0m /home/ulc/cursos/curso341/.local/lib/python3.9/site-packages/dask/config.py:693: UserWarning: Configuration key "shuffle" has been deprecated. Please use "dataframe.shuffle.algorithm" instead
[2m[36m(iter_task pid=2942216, ip=10.120.204.4)[0m   warnings.warn(
[2m[36m(iter_task pid=2942215, ip=10.120.204.4)[0m /home/ulc/cursos/curso341/.local/lib/python3.9/site-packages/dask/config.py:693: UserWarning: Configuration key "shuffle" has been deprecated. Please use "dataframe.shuffle.algorithm" instead
[2m[36m(iter_task pid=2942215, ip=10.120.204.4)[0m   warnings.warn(
[2m[36m(iter_task pid=2942214, ip=10.120.204.4)[0m /home/ulc/cursos/curso341/.local/lib/python3.9/site-packages/dask/config.py:693: UserWarning: Configuration key "shuffle" has been deprecated. Please use "dataframe.shuffle.algorithm" instead
[2m[36m(iter_task pid=2942214, ip=10.120.204.4)[0m   warnings.warn(
[2m[36m(iter_task pid=2942217, ip=10.120.204.4)[0m /home/ulc/cursos/curso341/.local/lib/python3.9/site-packages/dask/config.py:693: UserWarning: Configuration key "shuffle" has been deprecated. Please use "dataframe.shuffle.algorithm" instead
[2m[36m(iter_task pid=2942217, ip=10.120.204.4)[0m   warnings.warn(
Iter [2]
Iter [3]
Iter [4]
Iter [5]
Iter [6]
Iter [7]
Iter [8]
Iter [9]
GLOBAL_PUT_TIME:     8.499130964279175 (avg:0.84991)
ACTOR_CONCURRENCY:   8
SIMULATION_TIME:     67.449617291999999 (avg: 6.744961729200000)
SIM_WTHOUT_PDI:      51.535902416999996 (avg: 5.153590241700000)
PDI_DELAY:           15.913714875000004 (avg: 1.591371487500000)

GLOBAL_SIZE_(GiB):   8388608
LOCAL_SIZE_(MiB):    512
ITERATIONS:          10

MPI_PER_NODE:        2
MPI_PARALLELISM:     16

WORKER_NODES:        8
CPUS_PER_WORKER:     64
WORKER_PARALLELISM:  512


SLURM_JOB_ID:        10899123
EST_ANALYTICS_TIME:  513.07634 (avg:51.30763)

Slurm job finished at 07/03/2025_10:16:39 AM


*****************************************************************************
*****************************************************************************
*                                                                           *
*                                                                           *
*                    JOB EFFICIENCY REPORT (seff 10899123)                   *
*                    JOB EFFICIENCY REPORT (seff 10899123)                   *
*                                                                           *
*                                                                           *
*****************************************************************************
*****************************************************************************


Job ID: 10899123
Job ID: 10899123
Cluster: finisterrae3
Cluster: finisterrae3
User/Group: curso341/ulc
User/Group: curso341/ulc
State: COMPLETED (exit code 0)
State: COMPLETED (exit code 0)
Nodes: 17
Nodes: 17
Cores per node: 64
Cores per node: 64
CPU Utilized: 00:17:08
CPU Utilized: 00:17:08
CPU Efficiency: 0.17% of 6-21:00:48 core-walltime
CPU Efficiency: 0.17% of 6-21:00:48 core-walltime
Job Wall-clock time: 00:09:06
Job Wall-clock time: 00:09:06
Memory Utilized: 20.05 GB (estimated maximum)
Memory Utilized: 20.05 GB (estimated maximum)
Memory Efficiency: 0.54% of 3.60 TB (3.39 GB/core)
Memory Efficiency: 0.54% of 3.60 TB (3.39 GB/core)


 +++++++++++++++++++++++++++++++++++++++++++++++++++++++++++++++++++++++++++
 +++++++++++++++++++++++++++++++++++++++++++++++++++++++++++++++++++++++++++
 ++   Memory Efficiency is too small. Please review the requested memory. ++
 ++   Memory Efficiency is too small. Please review the requested memory. ++
 ++ It seems that you do not need that much memory so we recommend        ++
 ++ It seems that you do not need that much memory so we recommend        ++
 ++ requesting less memory in other similar jobs.                         ++
 ++ requesting less memory in other similar jobs.                         ++
 +++++++++++++++++++++++++++++++++++++++++++++++++++++++++++++++++++++++++++
 +++++++++++++++++++++++++++++++++++++++++++++++++++++++++++++++++++++++++++
 
 
*****************************************************************************
*****************************************************************************



*****************************************************************************
*                                                                           *
*                    JOB EFFICIENCY REPORT (seff 10899123)                   *
*                                                                           *
*****************************************************************************

Job ID: 10899123
Cluster: finisterrae3
User/Group: curso341/ulc
State: COMPLETED (exit code 0)
Nodes: 17
Cores per node: 64
CPU Utilized: 00:17:08
CPU Efficiency: 0.17% of 6-21:00:48 core-walltime
Job Wall-clock time: 00:09:06
Memory Utilized: 20.05 GB (estimated maximum)
Memory Efficiency: 0.54% of 3.60 TB (3.39 GB/core)

 +++++++++++++++++++++++++++++++++++++++++++++++++++++++++++++++++++++++++++
 ++   Memory Efficiency is too small. Please review the requested memory. ++
 ++ It seems that you do not need that much memory so we recommend        ++
 ++ requesting less memory in other similar jobs.                         ++
 +++++++++++++++++++++++++++++++++++++++++++++++++++++++++++++++++++++++++++
 
*****************************************************************************


*****************************************************************************
*                                                                           *
*                    JOB EFFICIENCY REPORT (seff 10899123)                   *
*                                                                           *
*****************************************************************************

Job ID: 10899123
Cluster: finisterrae3
User/Group: curso341/ulc
State: COMPLETED (exit code 0)
Nodes: 17
Cores per node: 64
CPU Utilized: 00:22:19
CPU Efficiency: 0.23% of 6-21:00:48 core-walltime
Job Wall-clock time: 00:09:06
Memory Utilized: 3.84 GB
Memory Efficiency: 0.10% of 3.60 TB

 +++++++++++++++++++++++++++++++++++++++++++++++++++++++++++++++++++++++++++
 ++   Memory Efficiency is too small. Please review the requested memory. ++
 ++ It seems that you do not need that much memory so we recommend        ++
 ++ requesting less memory in other similar jobs.                         ++
 +++++++++++++++++++++++++++++++++++++++++++++++++++++++++++++++++++++++++++
 
*****************************************************************************


*****************************************************************************
*                                                                           *
*                    JOB EFFICIENCY REPORT (seff 10899123)                   *
*                                                                           *
*****************************************************************************

Job ID: 10899123
Cluster: finisterrae3
User/Group: curso341/ulc
State: COMPLETED (exit code 0)
Nodes: 17
Cores per node: 64
CPU Utilized: 01:53:14
CPU Efficiency: 1.14% of 6-21:00:48 core-walltime
Job Wall-clock time: 00:09:06
Memory Utilized: 36.59 GB
Memory Efficiency: 0.99% of 3.60 TB

 +++++++++++++++++++++++++++++++++++++++++++++++++++++++++++++++++++++++++++
 ++   Memory Efficiency is too small. Please review the requested memory. ++
 ++ It seems that you do not need that much memory so we recommend        ++
 ++ requesting less memory in other similar jobs.                         ++
 +++++++++++++++++++++++++++++++++++++++++++++++++++++++++++++++++++++++++++
 
*****************************************************************************









*****************************************************************************
*****************************************************************************
*****************************************************************************
*****************************************************************************
*****************************************************************************
*****************************************************************************
*****************************************************************************
*****************************************************************************


*                                                                           *
*                                                                           *
*                                                                           *
*                                                                           *
*                                                                           *
*                                                                           *
*                                                                           *
*                                                                           *
*****************************************************************************
*****************************************************************************
*                    JOB EFFICIENCY REPORT (seff 10899123)                   *
*                    JOB EFFICIENCY REPORT (seff 10899123)                   *
*                    JOB EFFICIENCY REPORT (seff 10899123)                   *
*                    JOB EFFICIENCY REPORT (seff 10899123)                   *
*                    JOB EFFICIENCY REPORT (seff 10899123)                   *
*                    JOB EFFICIENCY REPORT (seff 10899123)                   *
*                    JOB EFFICIENCY REPORT (seff 10899123)                   *
*                    JOB EFFICIENCY REPORT (seff 10899123)                   *
*                                                                           *
*                                                                           *
*                                                                           *
*                                                                           *
*                                                                           *
*                                                                           *
*                                                                           *
*                                                                           *
*                                                                           *
*                                                                           *
*                    JOB EFFICIENCY REPORT (seff 10899123)                   *
*                    JOB EFFICIENCY REPORT (seff 10899123)                   *
*****************************************************************************
*****************************************************************************
*****************************************************************************
*****************************************************************************
*****************************************************************************
*****************************************************************************
*****************************************************************************
*****************************************************************************
*                                                                           *
*                                                                           *








*****************************************************************************
*****************************************************************************
Job ID: 10899123
Job ID: 10899123
Job ID: 10899123
Job ID: 10899123
Job ID: 10899123
Job ID: 10899123
Job ID: 10899123
Job ID: 10899123


Cluster: finisterrae3
Cluster: finisterrae3
Cluster: finisterrae3
Cluster: finisterrae3
Cluster: finisterrae3
Cluster: finisterrae3
Cluster: finisterrae3
Cluster: finisterrae3
Job ID: 10899123
Job ID: 10899123
User/Group: curso341/ulc
User/Group: curso341/ulc
User/Group: curso341/ulc
User/Group: curso341/ulc
User/Group: curso341/ulc
User/Group: curso341/ulc
User/Group: curso341/ulc
User/Group: curso341/ulc
Cluster: finisterrae3
Cluster: finisterrae3
State: COMPLETED (exit code 0)
State: COMPLETED (exit code 0)
State: COMPLETED (exit code 0)
State: COMPLETED (exit code 0)
State: COMPLETED (exit code 0)
State: COMPLETED (exit code 0)
State: COMPLETED (exit code 0)
State: COMPLETED (exit code 0)
User/Group: curso341/ulc
User/Group: curso341/ulc
Nodes: 17
Nodes: 17
Nodes: 17
Nodes: 17
Nodes: 17
Nodes: 17
Nodes: 17
Nodes: 17
State: COMPLETED (exit code 0)
State: COMPLETED (exit code 0)
Cores per node: 64
Cores per node: 64
Cores per node: 64
Cores per node: 64
Cores per node: 64
Cores per node: 64
Cores per node: 64
Cores per node: 64
Nodes: 17
Nodes: 17
CPU Utilized: 01:53:14
CPU Utilized: 01:53:14
CPU Utilized: 01:53:14
CPU Utilized: 01:53:14
CPU Utilized: 01:53:14
CPU Utilized: 01:53:14
CPU Utilized: 01:53:14
CPU Utilized: 01:53:14
Cores per node: 64
Cores per node: 64
CPU Efficiency: 1.14% of 6-21:00:48 core-walltime
CPU Efficiency: 1.14% of 6-21:00:48 core-walltime
CPU Efficiency: 1.14% of 6-21:00:48 core-walltime
CPU Efficiency: 1.14% of 6-21:00:48 core-walltime
CPU Efficiency: 1.14% of 6-21:00:48 core-walltime
CPU Efficiency: 1.14% of 6-21:00:48 core-walltime
CPU Efficiency: 1.14% of 6-21:00:48 core-walltime
CPU Efficiency: 1.14% of 6-21:00:48 core-walltime
CPU Utilized: 01:53:14
CPU Utilized: 01:53:14
Job Wall-clock time: 00:09:06
Job Wall-clock time: 00:09:06
Job Wall-clock time: 00:09:06
Job Wall-clock time: 00:09:06
Job Wall-clock time: 00:09:06
Job Wall-clock time: 00:09:06
Job Wall-clock time: 00:09:06
Job Wall-clock time: 00:09:06
CPU Efficiency: 1.14% of 6-21:00:48 core-walltime
CPU Efficiency: 1.14% of 6-21:00:48 core-walltime
Memory Utilized: 36.59 GB
Memory Utilized: 36.59 GB
Memory Utilized: 36.59 GB
Memory Utilized: 36.59 GB
Memory Utilized: 36.59 GB
Memory Utilized: 36.59 GB
Memory Utilized: 36.59 GB
Memory Utilized: 36.59 GB
Job Wall-clock time: 00:09:06
Job Wall-clock time: 00:09:06
Memory Efficiency: 0.99% of 3.60 TB
Memory Efficiency: 0.99% of 3.60 TB
Memory Efficiency: 0.99% of 3.60 TB
Memory Efficiency: 0.99% of 3.60 TB
Memory Efficiency: 0.99% of 3.60 TB
Memory Efficiency: 0.99% of 3.60 TB
Memory Efficiency: 0.99% of 3.60 TB
Memory Efficiency: 0.99% of 3.60 TB
Memory Utilized: 36.59 GB
Memory Utilized: 36.59 GB








Memory Efficiency: 0.99% of 3.60 TB
Memory Efficiency: 0.99% of 3.60 TB
 +++++++++++++++++++++++++++++++++++++++++++++++++++++++++++++++++++++++++++
 +++++++++++++++++++++++++++++++++++++++++++++++++++++++++++++++++++++++++++
 +++++++++++++++++++++++++++++++++++++++++++++++++++++++++++++++++++++++++++
 +++++++++++++++++++++++++++++++++++++++++++++++++++++++++++++++++++++++++++
 +++++++++++++++++++++++++++++++++++++++++++++++++++++++++++++++++++++++++++
 +++++++++++++++++++++++++++++++++++++++++++++++++++++++++++++++++++++++++++
 +++++++++++++++++++++++++++++++++++++++++++++++++++++++++++++++++++++++++++
 +++++++++++++++++++++++++++++++++++++++++++++++++++++++++++++++++++++++++++


 ++   Memory Efficiency is too small. Please review the requested memory. ++
 ++   Memory Efficiency is too small. Please review the requested memory. ++
 ++   Memory Efficiency is too small. Please review the requested memory. ++
 ++   Memory Efficiency is too small. Please review the requested memory. ++
 ++   Memory Efficiency is too small. Please review the requested memory. ++
 ++   Memory Efficiency is too small. Please review the requested memory. ++
 ++   Memory Efficiency is too small. Please review the requested memory. ++
 ++   Memory Efficiency is too small. Please review the requested memory. ++
 +++++++++++++++++++++++++++++++++++++++++++++++++++++++++++++++++++++++++++
 +++++++++++++++++++++++++++++++++++++++++++++++++++++++++++++++++++++++++++
 ++ It seems that you do not need that much memory so we recommend        ++
 ++ It seems that you do not need that much memory so we recommend        ++
 ++ It seems that you do not need that much memory so we recommend        ++
 ++ It seems that you do not need that much memory so we recommend        ++
 ++ It seems that you do not need that much memory so we recommend        ++
 ++ It seems that you do not need that much memory so we recommend        ++
 ++ It seems that you do not need that much memory so we recommend        ++
 ++ It seems that you do not need that much memory so we recommend        ++
 ++   Memory Efficiency is too small. Please review the requested memory. ++
 ++   Memory Efficiency is too small. Please review the requested memory. ++
 ++ requesting less memory in other similar jobs.                         ++
 ++ requesting less memory in other similar jobs.                         ++
 ++ requesting less memory in other similar jobs.                         ++
 ++ requesting less memory in other similar jobs.                         ++
 ++ requesting less memory in other similar jobs.                         ++
 ++ requesting less memory in other similar jobs.                         ++
 ++ requesting less memory in other similar jobs.                         ++
 ++ requesting less memory in other similar jobs.                         ++
 ++ It seems that you do not need that much memory so we recommend        ++
 ++ It seems that you do not need that much memory so we recommend        ++
 +++++++++++++++++++++++++++++++++++++++++++++++++++++++++++++++++++++++++++
 +++++++++++++++++++++++++++++++++++++++++++++++++++++++++++++++++++++++++++
 +++++++++++++++++++++++++++++++++++++++++++++++++++++++++++++++++++++++++++
 +++++++++++++++++++++++++++++++++++++++++++++++++++++++++++++++++++++++++++
 +++++++++++++++++++++++++++++++++++++++++++++++++++++++++++++++++++++++++++
 +++++++++++++++++++++++++++++++++++++++++++++++++++++++++++++++++++++++++++
 +++++++++++++++++++++++++++++++++++++++++++++++++++++++++++++++++++++++++++
 +++++++++++++++++++++++++++++++++++++++++++++++++++++++++++++++++++++++++++
 ++ requesting less memory in other similar jobs.                         ++
 ++ requesting less memory in other similar jobs.                         ++
 
 
 
 
 
 
 
 
 +++++++++++++++++++++++++++++++++++++++++++++++++++++++++++++++++++++++++++
 +++++++++++++++++++++++++++++++++++++++++++++++++++++++++++++++++++++++++++
*****************************************************************************
*****************************************************************************
*****************************************************************************
*****************************************************************************
*****************************************************************************
*****************************************************************************
*****************************************************************************
*****************************************************************************
 
 








*****************************************************************************
*****************************************************************************



*****************************************************************************
*                                                                           *
*                    JOB EFFICIENCY REPORT (seff 10899123)                   *
*                                                                           *
*****************************************************************************

Job ID: 10899123
Cluster: finisterrae3
User/Group: curso341/ulc
State: COMPLETED (exit code 0)
Nodes: 17
Cores per node: 64
CPU Utilized: 01:53:14
CPU Efficiency: 1.14% of 6-21:00:48 core-walltime
Job Wall-clock time: 00:09:06
Memory Utilized: 36.59 GB
Memory Efficiency: 0.99% of 3.60 TB

 +++++++++++++++++++++++++++++++++++++++++++++++++++++++++++++++++++++++++++
 ++   Memory Efficiency is too small. Please review the requested memory. ++
 ++ It seems that you do not need that much memory so we recommend        ++
 ++ requesting less memory in other similar jobs.                         ++
 +++++++++++++++++++++++++++++++++++++++++++++++++++++++++++++++++++++++++++
 
*****************************************************************************


*****************************************************************************
*                                                                           *
*                    JOB EFFICIENCY REPORT (seff 10899123)                   *
*                                                                           *
*****************************************************************************

Job ID: 10899123
Cluster: finisterrae3
User/Group: curso341/ulc
State: COMPLETED (exit code 0)
Nodes: 17
Cores per node: 64
CPU Utilized: 02:30:05
CPU Efficiency: 1.52% of 6-21:00:48 core-walltime
Job Wall-clock time: 00:09:06
Memory Utilized: 38.71 GB
Memory Efficiency: 1.05% of 3.60 TB

 +++++++++++++++++++++++++++++++++++++++++++++++++++++++++++++++++++++++++++
 ++   Memory Efficiency is too small. Please review the requested memory. ++
 ++ It seems that you do not need that much memory so we recommend        ++
 ++ requesting less memory in other similar jobs.                         ++
 +++++++++++++++++++++++++++++++++++++++++++++++++++++++++++++++++++++++++++
 
*****************************************************************************

