slurmstepd: info: Setting TMPDIR to /scratch/10895221. Previous errors about TMPDIR can be discarded
Slurm job started at 07/03/2025_02:08:47 AM

In transit.
Initing Ray (1 head node + 2 worker nodes + 2 simulation nodes) on nodes: 
	ilk-241 ilk-243 ilk-248 ilk-249 ilk-250
Head node: 172.30.211.14:6379


RAY_DEPLOY_TIME:     23.88468
2025-03-07 02:09:13,201	INFO packaging.py:520 -- Creating a file package for local directory '/mnt/lustre/scratch/nlsas/home/ulc/cursos/curso341/dask_on_reisa_tests/E1/REISA_ONE_ACTOR/derivative/P4-SN2-LS536-GS2147-I10-AN2-D2025-03-06_23-16-04'.
2025-03-07 02:09:13,227	INFO packaging.py:347 -- Pushing file package 'gcs://_ray_pkg_c969d5217e508bdf.zip' (0.48MiB) to Ray cluster...
2025-03-07 02:09:13,234	INFO packaging.py:360 -- Successfully pushed file package 'gcs://_ray_pkg_c969d5217e508bdf.zip'.
RAY_INIT_TIME:       2.30644
Iter [0]
Iter [1]
Iter [2]
Iter [3]
Iter [4]
Iter [5]
Iter [6]
Iter [7]
Iter [8]
Iter [9]
EST_ANALYTICS_TIME:  51.23064 (avg:5.12306)
GLOBAL_PUT_TIME:     7.1096131801605225 (avg:0.71096)
ACTOR_CONCURRENCY:   8
SIMULATION_TIME:     55.684531901000000 (avg: 5.568453190100000)
SIM_WTHOUT_PDI:      46.551929428000001 (avg: 4.655192942800000)
PDI_DELAY:           9.132602472999999 (avg: 0.913260247300000)

GLOBAL_SIZE_(GiB):   2097152
LOCAL_SIZE_(MiB):    512
ITERATIONS:          10

MPI_PER_NODE:        2
MPI_PARALLELISM:     4

WORKER_NODES:        2
CPUS_PER_WORKER:     64
WORKER_PARALLELISM:  128


SLURM_JOB_ID:        10895221

Slurm job finished at 07/03/2025_02:10:11 AM

*****************************************************************************
*                                                                           *
*                    JOB EFFICIENCY REPORT (seff 10895221)                   *
*                                                                           *
*****************************************************************************

Job ID: 10895221
Cluster: finisterrae3
User/Group: curso341/ulc
State: COMPLETED (exit code 0)
Nodes: 5
Cores per node: 64
CPU Utilized: 00:03:47
CPU Efficiency: 0.82% of 07:44:00 core-walltime
Job Wall-clock time: 00:01:27
Memory Utilized: 4.93 GB (estimated maximum)
Memory Efficiency: 0.45% of 1.06 TB (3.39 GB/core)

 +++++++++++++++++++++++++++++++++++++++++++++++++++++++++++++++++++++++++++
 ++   Memory Efficiency is too small. Please review the requested memory. ++
 ++ It seems that you do not need that much memory so we recommend        ++
 ++ requesting less memory in other similar jobs.                         ++
 +++++++++++++++++++++++++++++++++++++++++++++++++++++++++++++++++++++++++++
 
*****************************************************************************



*****************************************************************************
*****************************************************************************
*                                                                           *
*                                                                           *
*                    JOB EFFICIENCY REPORT (seff 10895221)                   *
*                    JOB EFFICIENCY REPORT (seff 10895221)                   *
*                                                                           *
*                                                                           *
*****************************************************************************
*****************************************************************************


Job ID: 10895221
Job ID: 10895221
Cluster: finisterrae3
Cluster: finisterrae3
User/Group: curso341/ulc
User/Group: curso341/ulc
State: COMPLETED (exit code 0)
State: COMPLETED (exit code 0)
Nodes: 5
Nodes: 5
Cores per node: 64
Cores per node: 64
CPU Utilized: 00:04:53
CPU Utilized: 00:04:53
CPU Efficiency: 1.05% of 07:44:00 core-walltime
CPU Efficiency: 1.05% of 07:44:00 core-walltime
Job Wall-clock time: 00:01:27
Job Wall-clock time: 00:01:27
Memory Utilized: 4.93 GB (estimated maximum)
Memory Utilized: 4.93 GB (estimated maximum)
Memory Efficiency: 0.45% of 1.06 TB (3.39 GB/core)
Memory Efficiency: 0.45% of 1.06 TB (3.39 GB/core)


 +++++++++++++++++++++++++++++++++++++++++++++++++++++++++++++++++++++++++++
 +++++++++++++++++++++++++++++++++++++++++++++++++++++++++++++++++++++++++++
 ++   Memory Efficiency is too small. Please review the requested memory. ++
 ++   Memory Efficiency is too small. Please review the requested memory. ++
 ++ It seems that you do not need that much memory so we recommend        ++
 ++ It seems that you do not need that much memory so we recommend        ++
 ++ requesting less memory in other similar jobs.                         ++
 ++ requesting less memory in other similar jobs.                         ++
 +++++++++++++++++++++++++++++++++++++++++++++++++++++++++++++++++++++++++++
 +++++++++++++++++++++++++++++++++++++++++++++++++++++++++++++++++++++++++++
 
 
*****************************************************************************
*****************************************************************************



*****************************************************************************
*                                                                           *
*                    JOB EFFICIENCY REPORT (seff 10895221)                   *
*                                                                           *
*****************************************************************************

Job ID: 10895221
Cluster: finisterrae3
User/Group: curso341/ulc
State: COMPLETED (exit code 0)
Nodes: 5
Cores per node: 64
CPU Utilized: 00:05:11
CPU Efficiency: 1.12% of 07:44:00 core-walltime
Job Wall-clock time: 00:01:27
Memory Utilized: 4.93 GB (estimated maximum)
Memory Efficiency: 0.45% of 1.06 TB (3.39 GB/core)

 +++++++++++++++++++++++++++++++++++++++++++++++++++++++++++++++++++++++++++
 ++   Memory Efficiency is too small. Please review the requested memory. ++
 ++ It seems that you do not need that much memory so we recommend        ++
 ++ requesting less memory in other similar jobs.                         ++
 +++++++++++++++++++++++++++++++++++++++++++++++++++++++++++++++++++++++++++
 
*****************************************************************************


*****************************************************************************
*                                                                           *
*                    JOB EFFICIENCY REPORT (seff 10895221)                   *
*                                                                           *
*****************************************************************************

Job ID: 10895221
Cluster: finisterrae3
User/Group: curso341/ulc
State: COMPLETED (exit code 0)
Nodes: 5
Cores per node: 64
CPU Utilized: 00:07:34
CPU Efficiency: 1.63% of 07:44:00 core-walltime
Job Wall-clock time: 00:01:27
Memory Utilized: 4.88 GB
Memory Efficiency: 0.45% of 1.06 TB

 +++++++++++++++++++++++++++++++++++++++++++++++++++++++++++++++++++++++++++
 ++   Memory Efficiency is too small. Please review the requested memory. ++
 ++ It seems that you do not need that much memory so we recommend        ++
 ++ requesting less memory in other similar jobs.                         ++
 +++++++++++++++++++++++++++++++++++++++++++++++++++++++++++++++++++++++++++
 
*****************************************************************************

