slurmstepd: info: Setting TMPDIR to /scratch/10908891. Previous errors about TMPDIR can be discarded
Slurm job started at 07/03/2025_09:59:15 PM

In transit.
Initing Ray (1 head node + 8 worker nodes + 8 simulation nodes) on nodes: 
	ilk-11 ilk-13 ilk-14 ilk-15 ilk-18 ilk-68 ilk-243 ilk-244 ilk-245 ilk-246 ilk-247 ilk-248 ilk-249 ilk-250 ilk-251 ilk-252 ilk-253
Head node: 172.30.201.11:6379


RAY_DEPLOY_TIME:     24.17137
2025-03-07 21:59:42,191	INFO packaging.py:520 -- Creating a file package for local directory '/mnt/lustre/scratch/nlsas/home/ulc/cursos/curso341/dask_on_reisa_tests/E2/REISA_ONE_ACTOR/reduction/P16-SN8-LS268-GS4294-I20-AN8-D2025-03-07_21-32-41'.
2025-03-07 21:59:42,219	INFO packaging.py:347 -- Pushing file package 'gcs://_ray_pkg_4ec0306e5b6f2987.zip' (0.48MiB) to Ray cluster...
2025-03-07 21:59:42,225	INFO packaging.py:360 -- Successfully pushed file package 'gcs://_ray_pkg_4ec0306e5b6f2987.zip'.
RAY_INIT_TIME:       3.05877
Iter [0]
Iter [2]
Iter [4]
Iter [6]
Iter [8]
Iter [10]
Iter [12]
Iter [14]
Iter [16]
Iter [18]
EST_ANALYTICS_TIME:  62.03860 (avg:3.10193)
GLOBAL_PUT_TIME:     8.489356756210327 (avg:0.42447)
ACTOR_CONCURRENCY:   8
SIMULATION_TIME:     65.218306364999989 (avg: 3.260915318249999)
SIM_WTHOUT_PDI:      49.350588438999999 (avg: 2.467529421950000)
PDI_DELAY:           15.867717925999990 (avg: 0.793385896300000)

GLOBAL_SIZE_(GiB):   4194304
LOCAL_SIZE_(MiB):    256
ITERATIONS:          20

MPI_PER_NODE:        2
MPI_PARALLELISM:     16

WORKER_NODES:        8
CPUS_PER_WORKER:     64
WORKER_PARALLELISM:  512


SLURM_JOB_ID:        10908891

Slurm job finished at 07/03/2025_10:00:50 PM

*****************************************************************************
*                                                                           *
*                    JOB EFFICIENCY REPORT (seff 10908891)                   *
*                                                                           *
*****************************************************************************

Job ID: 10908891
Cluster: finisterrae3
User/Group: curso341/ulc
State: COMPLETED (exit code 0)
Nodes: 17
Cores per node: 64
CPU Utilized: 00:16:26
CPU Efficiency: 0.94% of 1-05:00:48 core-walltime
Job Wall-clock time: 00:01:36
Memory Utilized: 15.84 GB (estimated maximum)
Memory Efficiency: 0.43% of 3.60 TB (3.39 GB/core)

 +++++++++++++++++++++++++++++++++++++++++++++++++++++++++++++++++++++++++++
 ++   Memory Efficiency is too small. Please review the requested memory. ++
 ++ It seems that you do not need that much memory so we recommend        ++
 ++ requesting less memory in other similar jobs.                         ++
 +++++++++++++++++++++++++++++++++++++++++++++++++++++++++++++++++++++++++++
 
*****************************************************************************


*****************************************************************************
*                                                                           *
*                    JOB EFFICIENCY REPORT (seff 10908891)                   *
*                                                                           *
*****************************************************************************

Job ID: 10908891
Cluster: finisterrae3
User/Group: curso341/ulc
State: COMPLETED (exit code 0)
Nodes: 17
Cores per node: 64
CPU Utilized: 00:16:26
CPU Efficiency: 0.94% of 1-05:00:48 core-walltime
Job Wall-clock time: 00:01:36
Memory Utilized: 15.84 GB (estimated maximum)
Memory Efficiency: 0.43% of 3.60 TB (3.39 GB/core)

 +++++++++++++++++++++++++++++++++++++++++++++++++++++++++++++++++++++++++++
 ++   Memory Efficiency is too small. Please review the requested memory. ++
 ++ It seems that you do not need that much memory so we recommend        ++
 ++ requesting less memory in other similar jobs.                         ++
 +++++++++++++++++++++++++++++++++++++++++++++++++++++++++++++++++++++++++++
 
*****************************************************************************


*****************************************************************************
*                                                                           *
*                    JOB EFFICIENCY REPORT (seff 10908891)                   *
*                                                                           *
*****************************************************************************

Job ID: 10908891
Cluster: finisterrae3
User/Group: curso341/ulc
State: COMPLETED (exit code 0)
Nodes: 17
Cores per node: 64
CPU Utilized: 00:16:26
CPU Efficiency: 0.94% of 1-05:00:48 core-walltime
Job Wall-clock time: 00:01:36
Memory Utilized: 15.84 GB (estimated maximum)
Memory Efficiency: 0.43% of 3.60 TB (3.39 GB/core)

 +++++++++++++++++++++++++++++++++++++++++++++++++++++++++++++++++++++++++++
 ++   Memory Efficiency is too small. Please review the requested memory. ++
 ++ It seems that you do not need that much memory so we recommend        ++
 ++ requesting less memory in other similar jobs.                         ++
 +++++++++++++++++++++++++++++++++++++++++++++++++++++++++++++++++++++++++++
 
*****************************************************************************


*****************************************************************************
*                                                                           *
*                    JOB EFFICIENCY REPORT (seff 10908891)                   *
*                                                                           *
*****************************************************************************

Job ID: 10908891
Cluster: finisterrae3
User/Group: curso341/ulc
State: COMPLETED (exit code 0)
Nodes: 17
Cores per node: 64
CPU Utilized: 00:16:26
CPU Efficiency: 0.94% of 1-05:00:48 core-walltime
Job Wall-clock time: 00:01:36
Memory Utilized: 15.84 GB (estimated maximum)
Memory Efficiency: 0.43% of 3.60 TB (3.39 GB/core)

 +++++++++++++++++++++++++++++++++++++++++++++++++++++++++++++++++++++++++++
 ++   Memory Efficiency is too small. Please review the requested memory. ++
 ++ It seems that you do not need that much memory so we recommend        ++
 ++ requesting less memory in other similar jobs.                         ++
 +++++++++++++++++++++++++++++++++++++++++++++++++++++++++++++++++++++++++++
 
*****************************************************************************


*****************************************************************************
*                                                                           *
*                    JOB EFFICIENCY REPORT (seff 10908891)                   *
*                                                                           *
*****************************************************************************

Job ID: 10908891
Cluster: finisterrae3
User/Group: curso341/ulc
State: COMPLETED (exit code 0)
Nodes: 17
Cores per node: 64
CPU Utilized: 00:16:26
CPU Efficiency: 0.94% of 1-05:00:48 core-walltime
Job Wall-clock time: 00:01:36
Memory Utilized: 15.84 GB (estimated maximum)
Memory Efficiency: 0.43% of 3.60 TB (3.39 GB/core)

 +++++++++++++++++++++++++++++++++++++++++++++++++++++++++++++++++++++++++++
 ++   Memory Efficiency is too small. Please review the requested memory. ++
 ++ It seems that you do not need that much memory so we recommend        ++
 ++ requesting less memory in other similar jobs.                         ++
 +++++++++++++++++++++++++++++++++++++++++++++++++++++++++++++++++++++++++++
 
*****************************************************************************


*****************************************************************************
*                                                                           *
*                    JOB EFFICIENCY REPORT (seff 10908891)                   *
*                                                                           *
*****************************************************************************

Job ID: 10908891
Cluster: finisterrae3
User/Group: curso341/ulc
State: COMPLETED (exit code 0)
Nodes: 17
Cores per node: 64
CPU Utilized: 00:18:41
CPU Efficiency: 1.07% of 1-05:00:48 core-walltime
Job Wall-clock time: 00:01:36
Memory Utilized: 15.84 GB (estimated maximum)
Memory Efficiency: 0.43% of 3.60 TB (3.39 GB/core)

 +++++++++++++++++++++++++++++++++++++++++++++++++++++++++++++++++++++++++++
 ++   Memory Efficiency is too small. Please review the requested memory. ++
 ++ It seems that you do not need that much memory so we recommend        ++
 ++ requesting less memory in other similar jobs.                         ++
 +++++++++++++++++++++++++++++++++++++++++++++++++++++++++++++++++++++++++++
 
*****************************************************************************


*****************************************************************************
*                                                                           *
*                    JOB EFFICIENCY REPORT (seff 10908891)                   *
*                                                                           *
*****************************************************************************

Job ID: 10908891
Cluster: finisterrae3
User/Group: curso341/ulc
State: COMPLETED (exit code 0)
Nodes: 17
Cores per node: 64
CPU Utilized: 00:18:41
CPU Efficiency: 1.07% of 1-05:00:48 core-walltime
Job Wall-clock time: 00:01:36
Memory Utilized: 15.84 GB (estimated maximum)
Memory Efficiency: 0.43% of 3.60 TB (3.39 GB/core)

 +++++++++++++++++++++++++++++++++++++++++++++++++++++++++++++++++++++++++++
 ++   Memory Efficiency is too small. Please review the requested memory. ++
 ++ It seems that you do not need that much memory so we recommend        ++
 ++ requesting less memory in other similar jobs.                         ++
 +++++++++++++++++++++++++++++++++++++++++++++++++++++++++++++++++++++++++++
 
*****************************************************************************



*****************************************************************************
*****************************************************************************
*                                                                           *
*                                                                           *
*                    JOB EFFICIENCY REPORT (seff 10908891)                   *
*                    JOB EFFICIENCY REPORT (seff 10908891)                   *
*                                                                           *
*                                                                           *

*****************************************************************************

*****************************************************************************
*****************************************************************************

*****************************************************************************

*                                                                           *
Job ID: 10908891
*                                                                           *

Job ID: 10908891
*                    JOB EFFICIENCY REPORT (seff 10908891)                   *
Cluster: finisterrae3
*                    JOB EFFICIENCY REPORT (seff 10908891)                   *
*****************************************************************************
Cluster: finisterrae3
*                                                                           *
User/Group: curso341/ulc
*                                                                           *

*                                                                           *
User/Group: curso341/ulc
*****************************************************************************
State: COMPLETED (exit code 0)
*****************************************************************************
*****************************************************************************
*                    JOB EFFICIENCY REPORT (seff 10908891)                   *
State: COMPLETED (exit code 0)

Nodes: 17

*                                                                           *
*                                                                           *
Nodes: 17
Job ID: 10908891
Cores per node: 64
Job ID: 10908891
*                    JOB EFFICIENCY REPORT (seff 10908891)                   *
*****************************************************************************
Cores per node: 64
Cluster: finisterrae3
CPU Utilized: 00:18:41
Cluster: finisterrae3
*                                                                           *

CPU Utilized: 00:18:41
User/Group: curso341/ulc
CPU Efficiency: 1.07% of 1-05:00:48 core-walltime
User/Group: curso341/ulc
*****************************************************************************
Job ID: 10908891
CPU Efficiency: 1.07% of 1-05:00:48 core-walltime
State: COMPLETED (exit code 0)
Job Wall-clock time: 00:01:36
State: COMPLETED (exit code 0)

Cluster: finisterrae3
Job Wall-clock time: 00:01:36
Nodes: 17
Memory Utilized: 15.84 GB (estimated maximum)
Nodes: 17
Job ID: 10908891
User/Group: curso341/ulc
Memory Utilized: 15.84 GB (estimated maximum)
Cores per node: 64
Memory Efficiency: 0.43% of 3.60 TB (3.39 GB/core)
Cores per node: 64
Cluster: finisterrae3
State: COMPLETED (exit code 0)
Memory Efficiency: 0.43% of 3.60 TB (3.39 GB/core)
CPU Utilized: 00:18:41

CPU Utilized: 00:18:41
User/Group: curso341/ulc
Nodes: 17

CPU Efficiency: 1.07% of 1-05:00:48 core-walltime
 +++++++++++++++++++++++++++++++++++++++++++++++++++++++++++++++++++++++++++
CPU Efficiency: 1.07% of 1-05:00:48 core-walltime
State: COMPLETED (exit code 0)
Cores per node: 64
 +++++++++++++++++++++++++++++++++++++++++++++++++++++++++++++++++++++++++++
Job Wall-clock time: 00:01:36
 ++   Memory Efficiency is too small. Please review the requested memory. ++
Job Wall-clock time: 00:01:36
Nodes: 17
CPU Utilized: 00:18:41
 ++   Memory Efficiency is too small. Please review the requested memory. ++
Memory Utilized: 15.84 GB (estimated maximum)
 ++ It seems that you do not need that much memory so we recommend        ++
Memory Utilized: 15.84 GB (estimated maximum)
Cores per node: 64
CPU Efficiency: 1.07% of 1-05:00:48 core-walltime
 ++ It seems that you do not need that much memory so we recommend        ++
Memory Efficiency: 0.43% of 3.60 TB (3.39 GB/core)
 ++ requesting less memory in other similar jobs.                         ++
Memory Efficiency: 0.43% of 3.60 TB (3.39 GB/core)
CPU Utilized: 00:18:41
Job Wall-clock time: 00:01:36
 ++ requesting less memory in other similar jobs.                         ++

 +++++++++++++++++++++++++++++++++++++++++++++++++++++++++++++++++++++++++++

CPU Efficiency: 1.07% of 1-05:00:48 core-walltime
Memory Utilized: 15.84 GB (estimated maximum)
 +++++++++++++++++++++++++++++++++++++++++++++++++++++++++++++++++++++++++++
 +++++++++++++++++++++++++++++++++++++++++++++++++++++++++++++++++++++++++++
 
 +++++++++++++++++++++++++++++++++++++++++++++++++++++++++++++++++++++++++++
Job Wall-clock time: 00:01:36
Memory Efficiency: 0.43% of 3.60 TB (3.39 GB/core)
 
 ++   Memory Efficiency is too small. Please review the requested memory. ++
*****************************************************************************
 ++   Memory Efficiency is too small. Please review the requested memory. ++
Memory Utilized: 15.84 GB (estimated maximum)

*****************************************************************************
 ++ It seems that you do not need that much memory so we recommend        ++

 ++ It seems that you do not need that much memory so we recommend        ++
Memory Efficiency: 0.43% of 3.60 TB (3.39 GB/core)
 +++++++++++++++++++++++++++++++++++++++++++++++++++++++++++++++++++++++++++

 ++ requesting less memory in other similar jobs.                         ++
 ++ requesting less memory in other similar jobs.                         ++

 ++   Memory Efficiency is too small. Please review the requested memory. ++
 +++++++++++++++++++++++++++++++++++++++++++++++++++++++++++++++++++++++++++
 +++++++++++++++++++++++++++++++++++++++++++++++++++++++++++++++++++++++++++
 +++++++++++++++++++++++++++++++++++++++++++++++++++++++++++++++++++++++++++
 ++ It seems that you do not need that much memory so we recommend        ++
 
 
 ++   Memory Efficiency is too small. Please review the requested memory. ++
 ++ requesting less memory in other similar jobs.                         ++
*****************************************************************************
*****************************************************************************
 ++ It seems that you do not need that much memory so we recommend        ++
 +++++++++++++++++++++++++++++++++++++++++++++++++++++++++++++++++++++++++++


 ++ requesting less memory in other similar jobs.                         ++
 
 +++++++++++++++++++++++++++++++++++++++++++++++++++++++++++++++++++++++++++
*****************************************************************************
 

*****************************************************************************


*****************************************************************************
*                                                                           *
*                    JOB EFFICIENCY REPORT (seff 10908891)                   *
*                                                                           *
*****************************************************************************

Job ID: 10908891
Cluster: finisterrae3
User/Group: curso341/ulc
State: COMPLETED (exit code 0)
Nodes: 17
Cores per node: 64
CPU Utilized: 00:19:03
CPU Efficiency: 1.09% of 1-05:00:48 core-walltime
Job Wall-clock time: 00:01:36
Memory Utilized: 15.84 GB (estimated maximum)
Memory Efficiency: 0.43% of 3.60 TB (3.39 GB/core)

 +++++++++++++++++++++++++++++++++++++++++++++++++++++++++++++++++++++++++++
 ++   Memory Efficiency is too small. Please review the requested memory. ++
 ++ It seems that you do not need that much memory so we recommend        ++
 ++ requesting less memory in other similar jobs.                         ++
 +++++++++++++++++++++++++++++++++++++++++++++++++++++++++++++++++++++++++++
 
*****************************************************************************


*****************************************************************************
*                                                                           *
*                    JOB EFFICIENCY REPORT (seff 10908891)                   *
*                                                                           *
*****************************************************************************

Job ID: 10908891
Cluster: finisterrae3
User/Group: curso341/ulc
State: COMPLETED (exit code 0)
Nodes: 17
Cores per node: 64
CPU Utilized: 00:26:58
CPU Efficiency: 1.55% of 1-05:00:48 core-walltime
Job Wall-clock time: 00:01:36
Memory Utilized: 5.31 GB
Memory Efficiency: 0.14% of 3.60 TB

 +++++++++++++++++++++++++++++++++++++++++++++++++++++++++++++++++++++++++++
 ++   Memory Efficiency is too small. Please review the requested memory. ++
 ++ It seems that you do not need that much memory so we recommend        ++
 ++ requesting less memory in other similar jobs.                         ++
 +++++++++++++++++++++++++++++++++++++++++++++++++++++++++++++++++++++++++++
 
*****************************************************************************


*****************************************************************************
*                                                                           *
*                    JOB EFFICIENCY REPORT (seff 10908891)                   *
*                                                                           *
*****************************************************************************

Job ID: 10908891
Cluster: finisterrae3
User/Group: curso341/ulc
State: COMPLETED (exit code 0)
Nodes: 17
Cores per node: 64
CPU Utilized: 00:26:58
CPU Efficiency: 1.55% of 1-05:00:48 core-walltime
Job Wall-clock time: 00:01:36
Memory Utilized: 5.31 GB
Memory Efficiency: 0.14% of 3.60 TB

 +++++++++++++++++++++++++++++++++++++++++++++++++++++++++++++++++++++++++++
 ++   Memory Efficiency is too small. Please review the requested memory. ++
 ++ It seems that you do not need that much memory so we recommend        ++
 ++ requesting less memory in other similar jobs.                         ++
 +++++++++++++++++++++++++++++++++++++++++++++++++++++++++++++++++++++++++++
 
*****************************************************************************


*****************************************************************************
*                                                                           *
*                    JOB EFFICIENCY REPORT (seff 10908891)                   *
*                                                                           *
*****************************************************************************

Job ID: 10908891
Cluster: finisterrae3
User/Group: curso341/ulc
State: COMPLETED (exit code 0)
Nodes: 17
Cores per node: 64
CPU Utilized: 00:26:58
CPU Efficiency: 1.55% of 1-05:00:48 core-walltime
Job Wall-clock time: 00:01:36
Memory Utilized: 5.31 GB
Memory Efficiency: 0.14% of 3.60 TB

 +++++++++++++++++++++++++++++++++++++++++++++++++++++++++++++++++++++++++++
 ++   Memory Efficiency is too small. Please review the requested memory. ++
 ++ It seems that you do not need that much memory so we recommend        ++
 ++ requesting less memory in other similar jobs.                         ++
 +++++++++++++++++++++++++++++++++++++++++++++++++++++++++++++++++++++++++++
 
*****************************************************************************

