slurmstepd: info: Setting TMPDIR to /scratch/10925255. Previous errors about TMPDIR can be discarded
Slurm job started at 09/03/2025_09:12:43 PM

In transit.
Initing Ray (1 head node + 2 worker nodes + 2 simulation nodes) on nodes: 
	ilk-141 ilk-241 ilk-250 ilk-251 ilk-253
Head node: 172.30.203.45:6379


RAY_DEPLOY_TIME:     23.98127
2025-03-09 21:13:09,988	INFO packaging.py:520 -- Creating a file package for local directory '/mnt/lustre/scratch/nlsas/home/ulc/cursos/curso341/dask_on_reisa_tests/E4/REISA_ONE_ACTOR/reduction/P4-SN2-LS536-GS2147-I20-AN2-D2025-03-09_18-43-47'.
2025-03-09 21:13:10,014	INFO packaging.py:347 -- Pushing file package 'gcs://_ray_pkg_56895f2860da1c11.zip' (0.48MiB) to Ray cluster...
2025-03-09 21:13:10,020	INFO packaging.py:360 -- Successfully pushed file package 'gcs://_ray_pkg_56895f2860da1c11.zip'.
RAY_INIT_TIME:       2.66931
Iter [0]
Iter [2]
Iter [4]
Iter [6]
Iter [8]
Iter [10]
Iter [12]
Iter [14]
Iter [16]
Iter [18]
EST_ANALYTICS_TIME:  107.80201 (avg:5.39010)
GLOBAL_PUT_TIME:     16.977380752563477 (avg:0.84887)
ACTOR_CONCURRENCY:   8
SIMULATION_TIME:     112.508541617999995 (avg: 5.625427080900000)
SIM_WTHOUT_PDI:      92.138132913999996 (avg: 4.606906645700000)
PDI_DELAY:           20.370408703999999 (avg: 1.018520435200000)

GLOBAL_SIZE_(GiB):   2097152
LOCAL_SIZE_(MiB):    512
ITERATIONS:          20

MPI_PER_NODE:        2
MPI_PARALLELISM:     4

WORKER_NODES:        2
CPUS_PER_WORKER:     64
WORKER_PARALLELISM:  128


SLURM_JOB_ID:        10925255

Slurm job finished at 09/03/2025_09:15:04 PM

*****************************************************************************
*                                                                           *
*                    JOB EFFICIENCY REPORT (seff 10925255)                   *
*                                                                           *
*****************************************************************************

Job ID: 10925255
Cluster: finisterrae3
User/Group: curso341/ulc
State: COMPLETED (exit code 0)
Nodes: 5
Cores per node: 64
CPU Utilized: 00:07:32
CPU Efficiency: 0.99% of 12:37:20 core-walltime
Job Wall-clock time: 00:02:22
Memory Utilized: 6.70 GB (estimated maximum)
Memory Efficiency: 0.62% of 1.06 TB (3.39 GB/core)

 +++++++++++++++++++++++++++++++++++++++++++++++++++++++++++++++++++++++++++
 ++   Memory Efficiency is too small. Please review the requested memory. ++
 ++ It seems that you do not need that much memory so we recommend        ++
 ++ requesting less memory in other similar jobs.                         ++
 +++++++++++++++++++++++++++++++++++++++++++++++++++++++++++++++++++++++++++
 
*****************************************************************************


*****************************************************************************
*                                                                           *
*                    JOB EFFICIENCY REPORT (seff 10925255)                   *
*                                                                           *
*****************************************************************************

Job ID: 10925255
Cluster: finisterrae3
User/Group: curso341/ulc
State: COMPLETED (exit code 0)
Nodes: 5
Cores per node: 64
CPU Utilized: 00:07:50
CPU Efficiency: 1.03% of 12:37:20 core-walltime
Job Wall-clock time: 00:02:22
Memory Utilized: 6.70 GB (estimated maximum)
Memory Efficiency: 0.62% of 1.06 TB (3.39 GB/core)

 +++++++++++++++++++++++++++++++++++++++++++++++++++++++++++++++++++++++++++
 ++   Memory Efficiency is too small. Please review the requested memory. ++
 ++ It seems that you do not need that much memory so we recommend        ++
 ++ requesting less memory in other similar jobs.                         ++
 +++++++++++++++++++++++++++++++++++++++++++++++++++++++++++++++++++++++++++
 
*****************************************************************************


*****************************************************************************
*                                                                           *
*                    JOB EFFICIENCY REPORT (seff 10925255)                   *
*                                                                           *
*****************************************************************************

Job ID: 10925255
Cluster: finisterrae3
User/Group: curso341/ulc
State: COMPLETED (exit code 0)
Nodes: 5
Cores per node: 64
CPU Utilized: 00:10:04
CPU Efficiency: 1.33% of 12:37:20 core-walltime
Job Wall-clock time: 00:02:22
Memory Utilized: 6.70 GB (estimated maximum)
Memory Efficiency: 0.62% of 1.06 TB (3.39 GB/core)

 +++++++++++++++++++++++++++++++++++++++++++++++++++++++++++++++++++++++++++
 ++   Memory Efficiency is too small. Please review the requested memory. ++
 ++ It seems that you do not need that much memory so we recommend        ++
 ++ requesting less memory in other similar jobs.                         ++
 +++++++++++++++++++++++++++++++++++++++++++++++++++++++++++++++++++++++++++
 
*****************************************************************************


*****************************************************************************
*                                                                           *
*                    JOB EFFICIENCY REPORT (seff 10925255)                   *
*                                                                           *
*****************************************************************************

Job ID: 10925255
Cluster: finisterrae3
User/Group: curso341/ulc
State: COMPLETED (exit code 0)
Nodes: 5
Cores per node: 64
CPU Utilized: 00:10:04
CPU Efficiency: 1.33% of 12:37:20 core-walltime
Job Wall-clock time: 00:02:22
Memory Utilized: 6.70 GB (estimated maximum)
Memory Efficiency: 0.62% of 1.06 TB (3.39 GB/core)

 +++++++++++++++++++++++++++++++++++++++++++++++++++++++++++++++++++++++++++
 ++   Memory Efficiency is too small. Please review the requested memory. ++
 ++ It seems that you do not need that much memory so we recommend        ++
 ++ requesting less memory in other similar jobs.                         ++
 +++++++++++++++++++++++++++++++++++++++++++++++++++++++++++++++++++++++++++
 
*****************************************************************************


*****************************************************************************
*                                                                           *
*                    JOB EFFICIENCY REPORT (seff 10925255)                   *
*                                                                           *
*****************************************************************************

Job ID: 10925255
Cluster: finisterrae3
User/Group: curso341/ulc
State: COMPLETED (exit code 0)
Nodes: 5
Cores per node: 64
CPU Utilized: 00:13:09
CPU Efficiency: 1.74% of 12:37:20 core-walltime
Job Wall-clock time: 00:02:22
Memory Utilized: 4.11 GB
Memory Efficiency: 0.38% of 1.06 TB

 +++++++++++++++++++++++++++++++++++++++++++++++++++++++++++++++++++++++++++
 ++   Memory Efficiency is too small. Please review the requested memory. ++
 ++ It seems that you do not need that much memory so we recommend        ++
 ++ requesting less memory in other similar jobs.                         ++
 +++++++++++++++++++++++++++++++++++++++++++++++++++++++++++++++++++++++++++
 
*****************************************************************************

