slurmstepd: info: Setting TMPDIR to /scratch/10935938. Previous errors about TMPDIR can be discarded
Slurm job started at 11/03/2025_09:24:58 AM

In situ 2,
Initing Ray (1 head node + 8 worker nodes + 16 simulation nodes) on nodes: 
	ilk-59 ilk-64 ilk-84 ilk-88 ilk-195 ilk-196 ilk-206 ilk-211 ilk-214 ilk-216 ilk-217 ilk-220 ilk-221 ilk-222 ilk-223 ilk-225 ilk-228 ilk-229 ilk-230 ilk-233 ilk-235 ilk-236 ilk-237 ilk-238 ilk-239
Head node: 172.30.202.11:6379


RAY_DEPLOY_TIME:     23.66381
2025-03-11 09:25:24,951	INFO packaging.py:520 -- Creating a file package for local directory '/mnt/lustre/scratch/nlsas/home/ulc/cursos/curso341/dask_on_reisa_tests/E6/REISA/derivative/P512-SN16-LS134-GS68719-I10-AN8-D2025-03-11_08-51-27'.
2025-03-11 09:25:24,977	INFO packaging.py:347 -- Pushing file package 'gcs://_ray_pkg_33a9752251b3edb9.zip' (0.48MiB) to Ray cluster...
2025-03-11 09:25:24,984	INFO packaging.py:360 -- Successfully pushed file package 'gcs://_ray_pkg_33a9752251b3edb9.zip'.
RAY_INIT_TIME:       4.88566
Iter [0]
Iter [1]
Iter [2]
Iter [3]
Iter [4]
Iter [5]
Iter [6]
Iter [7]
Iter [8]
Iter [9]
GLOBAL_PUT_TIME:     7.820201396942139 (avg:0.78202)
ACTOR_CONCURRENCY:   8
SIMULATION_TIME:     34.776715172999999 (avg: 3.477671517300000)
SIM_WTHOUT_PDI:      19.825436531999998 (avg: 1.982543653200000)
PDI_DELAY:           14.951278641000002 (avg: 1.495127864100000)

GLOBAL_SIZE_(GiB):   67108864
LOCAL_SIZE_(MiB):    128
ITERATIONS:          10

MPI_PER_NODE:        32
MPI_PARALLELISM:     512

WORKER_NODES:        8
CPUS_PER_WORKER:     64
WORKER_PARALLELISM:  512


SLURM_JOB_ID:        10935938
EST_ANALYTICS_TIME:  65.07164 (avg:6.50716)

Slurm job finished at 11/03/2025_09:26:35 AM

*****************************************************************************
*                                                                           *
*                    JOB EFFICIENCY REPORT (seff 10935938)                   *
*                                                                           *
*****************************************************************************

Job ID: 10935938
Cluster: finisterrae3
User/Group: curso341/ulc
State: COMPLETED (exit code 0)
Nodes: 25
Cores per node: 64
CPU Utilized: 04:28:57
CPU Efficiency: 10.29% of 1-19:33:20 core-walltime
Job Wall-clock time: 00:01:38
Memory Utilized: 198.71 GB (estimated maximum)
Memory Efficiency: 3.66% of 5.30 TB (3.39 GB/core)

 +++++++++++++++++++++++++++++++++++++++++++++++++++++++++++++++++++++++++++
 ++   Memory Efficiency is too small. Please review the requested memory. ++
 ++ It seems that you do not need that much memory so we recommend        ++
 ++ requesting less memory in other similar jobs.                         ++
 +++++++++++++++++++++++++++++++++++++++++++++++++++++++++++++++++++++++++++
 
*****************************************************************************


*****************************************************************************
*                                                                           *
*                    JOB EFFICIENCY REPORT (seff 10935938)                   *
*                                                                           *
*****************************************************************************

Job ID: 10935938
Cluster: finisterrae3
User/Group: curso341/ulc
State: COMPLETED (exit code 0)
Nodes: 25
Cores per node: 64
CPU Utilized: 04:28:57
CPU Efficiency: 10.29% of 1-19:33:20 core-walltime
Job Wall-clock time: 00:01:38
Memory Utilized: 198.71 GB (estimated maximum)
Memory Efficiency: 3.66% of 5.30 TB (3.39 GB/core)

 +++++++++++++++++++++++++++++++++++++++++++++++++++++++++++++++++++++++++++
 ++   Memory Efficiency is too small. Please review the requested memory. ++
 ++ It seems that you do not need that much memory so we recommend        ++
 ++ requesting less memory in other similar jobs.                         ++
 +++++++++++++++++++++++++++++++++++++++++++++++++++++++++++++++++++++++++++
 
*****************************************************************************


*****************************************************************************
*                                                                           *
*                    JOB EFFICIENCY REPORT (seff 10935938)                   *
*                                                                           *
*****************************************************************************

Job ID: 10935938
Cluster: finisterrae3
User/Group: curso341/ulc
State: COMPLETED (exit code 0)
Nodes: 25
Cores per node: 64
CPU Utilized: 04:28:57
CPU Efficiency: 10.29% of 1-19:33:20 core-walltime
Job Wall-clock time: 00:01:38
Memory Utilized: 198.71 GB (estimated maximum)
Memory Efficiency: 3.66% of 5.30 TB (3.39 GB/core)

 +++++++++++++++++++++++++++++++++++++++++++++++++++++++++++++++++++++++++++
 ++   Memory Efficiency is too small. Please review the requested memory. ++
 ++ It seems that you do not need that much memory so we recommend        ++
 ++ requesting less memory in other similar jobs.                         ++
 +++++++++++++++++++++++++++++++++++++++++++++++++++++++++++++++++++++++++++
 
*****************************************************************************


*****************************************************************************
*                                                                           *
*                    JOB EFFICIENCY REPORT (seff 10935938)                   *
*                                                                           *
*****************************************************************************

Job ID: 10935938
Cluster: finisterrae3
User/Group: curso341/ulc
State: COMPLETED (exit code 0)
Nodes: 25
Cores per node: 64
CPU Utilized: 04:28:57
CPU Efficiency: 10.29% of 1-19:33:20 core-walltime
Job Wall-clock time: 00:01:38
Memory Utilized: 198.71 GB (estimated maximum)
Memory Efficiency: 3.66% of 5.30 TB (3.39 GB/core)

 +++++++++++++++++++++++++++++++++++++++++++++++++++++++++++++++++++++++++++
 ++   Memory Efficiency is too small. Please review the requested memory. ++
 ++ It seems that you do not need that much memory so we recommend        ++
 ++ requesting less memory in other similar jobs.                         ++
 +++++++++++++++++++++++++++++++++++++++++++++++++++++++++++++++++++++++++++
 
*****************************************************************************


*****************************************************************************
*                                                                           *
*                    JOB EFFICIENCY REPORT (seff 10935938)                   *
*                                                                           *
*****************************************************************************

Job ID: 10935938
Cluster: finisterrae3
User/Group: curso341/ulc
State: COMPLETED (exit code 0)
Nodes: 25
Cores per node: 64
CPU Utilized: 04:28:57
CPU Efficiency: 10.29% of 1-19:33:20 core-walltime
Job Wall-clock time: 00:01:38
Memory Utilized: 198.71 GB (estimated maximum)
Memory Efficiency: 3.66% of 5.30 TB (3.39 GB/core)

 +++++++++++++++++++++++++++++++++++++++++++++++++++++++++++++++++++++++++++
 ++   Memory Efficiency is too small. Please review the requested memory. ++
 ++ It seems that you do not need that much memory so we recommend        ++
 ++ requesting less memory in other similar jobs.                         ++
 +++++++++++++++++++++++++++++++++++++++++++++++++++++++++++++++++++++++++++
 
*****************************************************************************


*****************************************************************************
*                                                                           *
*                    JOB EFFICIENCY REPORT (seff 10935938)                   *
*                                                                           *
*****************************************************************************

Job ID: 10935938
Cluster: finisterrae3
User/Group: curso341/ulc
State: COMPLETED (exit code 0)
Nodes: 25
Cores per node: 64
CPU Utilized: 04:28:57
CPU Efficiency: 10.29% of 1-19:33:20 core-walltime
Job Wall-clock time: 00:01:38
Memory Utilized: 198.71 GB (estimated maximum)
Memory Efficiency: 3.66% of 5.30 TB (3.39 GB/core)

 +++++++++++++++++++++++++++++++++++++++++++++++++++++++++++++++++++++++++++
 ++   Memory Efficiency is too small. Please review the requested memory. ++
 ++ It seems that you do not need that much memory so we recommend        ++
 ++ requesting less memory in other similar jobs.                         ++
 +++++++++++++++++++++++++++++++++++++++++++++++++++++++++++++++++++++++++++
 
*****************************************************************************


*****************************************************************************
*                                                                           *
*                    JOB EFFICIENCY REPORT (seff 10935938)                   *
*                                                                           *
*****************************************************************************

Job ID: 10935938
Cluster: finisterrae3
User/Group: curso341/ulc
State: COMPLETED (exit code 0)
Nodes: 25
Cores per node: 64
CPU Utilized: 04:28:57
CPU Efficiency: 10.29% of 1-19:33:20 core-walltime
Job Wall-clock time: 00:01:38
Memory Utilized: 198.71 GB (estimated maximum)
Memory Efficiency: 3.66% of 5.30 TB (3.39 GB/core)

 +++++++++++++++++++++++++++++++++++++++++++++++++++++++++++++++++++++++++++
 ++   Memory Efficiency is too small. Please review the requested memory. ++
 ++ It seems that you do not need that much memory so we recommend        ++
 ++ requesting less memory in other similar jobs.                         ++
 +++++++++++++++++++++++++++++++++++++++++++++++++++++++++++++++++++++++++++
 
*****************************************************************************


*****************************************************************************
*                                                                           *
*                    JOB EFFICIENCY REPORT (seff 10935938)                   *
*                                                                           *
*****************************************************************************

Job ID: 10935938
Cluster: finisterrae3
User/Group: curso341/ulc
State: COMPLETED (exit code 0)
Nodes: 25
Cores per node: 64
CPU Utilized: 04:28:57
CPU Efficiency: 10.29% of 1-19:33:20 core-walltime
Job Wall-clock time: 00:01:38
Memory Utilized: 198.71 GB (estimated maximum)
Memory Efficiency: 3.66% of 5.30 TB (3.39 GB/core)

 +++++++++++++++++++++++++++++++++++++++++++++++++++++++++++++++++++++++++++
 ++   Memory Efficiency is too small. Please review the requested memory. ++
 ++ It seems that you do not need that much memory so we recommend        ++
 ++ requesting less memory in other similar jobs.                         ++
 +++++++++++++++++++++++++++++++++++++++++++++++++++++++++++++++++++++++++++
 
*****************************************************************************


*****************************************************************************
*                                                                           *
*                    JOB EFFICIENCY REPORT (seff 10935938)                   *
*                                                                           *
*****************************************************************************

Job ID: 10935938
Cluster: finisterrae3
User/Group: curso341/ulc
State: COMPLETED (exit code 0)
Nodes: 25
Cores per node: 64
CPU Utilized: 04:29:30
CPU Efficiency: 10.31% of 1-19:33:20 core-walltime
Job Wall-clock time: 00:01:38
Memory Utilized: 752.39 MB
Memory Efficiency: 0.01% of 5.30 TB

 +++++++++++++++++++++++++++++++++++++++++++++++++++++++++++++++++++++++++++
 ++   Memory Efficiency is too small. Please review the requested memory. ++
 ++ It seems that you do not need that much memory so we recommend        ++
 ++ requesting less memory in other similar jobs.                         ++
 +++++++++++++++++++++++++++++++++++++++++++++++++++++++++++++++++++++++++++
 
*****************************************************************************


*****************************************************************************
*                                                                           *
*                    JOB EFFICIENCY REPORT (seff 10935938)                   *
*                                                                           *
*****************************************************************************

Job ID: 10935938
Cluster: finisterrae3
User/Group: curso341/ulc
State: COMPLETED (exit code 0)
Nodes: 25
Cores per node: 64
CPU Utilized: 05:03:41
CPU Efficiency: 11.62% of 1-19:33:20 core-walltime
Job Wall-clock time: 00:01:38
Memory Utilized: 2.63 GB
Memory Efficiency: 0.05% of 5.30 TB

 +++++++++++++++++++++++++++++++++++++++++++++++++++++++++++++++++++++++++++
 ++   Memory Efficiency is too small. Please review the requested memory. ++
 ++ It seems that you do not need that much memory so we recommend        ++
 ++ requesting less memory in other similar jobs.                         ++
 +++++++++++++++++++++++++++++++++++++++++++++++++++++++++++++++++++++++++++
 
*****************************************************************************


*****************************************************************************
*                                                                           *
*                    JOB EFFICIENCY REPORT (seff 10935938)                   *
*                                                                           *
*****************************************************************************

Job ID: 10935938
Cluster: finisterrae3
User/Group: curso341/ulc
State: COMPLETED (exit code 0)
Nodes: 25
Cores per node: 64
CPU Utilized: 05:03:41
CPU Efficiency: 11.62% of 1-19:33:20 core-walltime
Job Wall-clock time: 00:01:38
Memory Utilized: 2.63 GB
Memory Efficiency: 0.05% of 5.30 TB

 +++++++++++++++++++++++++++++++++++++++++++++++++++++++++++++++++++++++++++
 ++   Memory Efficiency is too small. Please review the requested memory. ++
 ++ It seems that you do not need that much memory so we recommend        ++
 ++ requesting less memory in other similar jobs.                         ++
 +++++++++++++++++++++++++++++++++++++++++++++++++++++++++++++++++++++++++++
 
*****************************************************************************


*****************************************************************************
*                                                                           *
*                    JOB EFFICIENCY REPORT (seff 10935938)                   *
*                                                                           *
*****************************************************************************

Job ID: 10935938
Cluster: finisterrae3
User/Group: curso341/ulc
State: COMPLETED (exit code 0)
Nodes: 25
Cores per node: 64
CPU Utilized: 05:03:41
CPU Efficiency: 11.62% of 1-19:33:20 core-walltime
Job Wall-clock time: 00:01:38
Memory Utilized: 2.63 GB
Memory Efficiency: 0.05% of 5.30 TB

 +++++++++++++++++++++++++++++++++++++++++++++++++++++++++++++++++++++++++++
 ++   Memory Efficiency is too small. Please review the requested memory. ++
 ++ It seems that you do not need that much memory so we recommend        ++
 ++ requesting less memory in other similar jobs.                         ++
 +++++++++++++++++++++++++++++++++++++++++++++++++++++++++++++++++++++++++++
 
*****************************************************************************



*****************************************************************************
*****************************************************************************

*                                                                           *
*                                                                           *

*****************************************************************************
*                    JOB EFFICIENCY REPORT (seff 10935938)                   *
*                    JOB EFFICIENCY REPORT (seff 10935938)                   *

*****************************************************************************

*                                                                           *
*                                                                           *
*                                                                           *
*****************************************************************************
*                                                                           *
*****************************************************************************
*                    JOB EFFICIENCY REPORT (seff 10935938)                   *

*****************************************************************************
*****************************************************************************
*                                                                           *
*                    JOB EFFICIENCY REPORT (seff 10935938)                   *
*                                                                           *
*                                                                           *
*****************************************************************************


*                    JOB EFFICIENCY REPORT (seff 10935938)                   *
*                                                                           *

*                    JOB EFFICIENCY REPORT (seff 10935938)                   *
*****************************************************************************
*                                                                           *
Job ID: 10935938
Job ID: 10935938
*                                                                           *
*****************************************************************************

*****************************************************************************
*                                                                           *

*                    JOB EFFICIENCY REPORT (seff 10935938)                   *
Cluster: finisterrae3
Cluster: finisterrae3
*****************************************************************************

*****************************************************************************
*                                                                           *
*****************************************************************************
Job ID: 10935938
*                                                                           *
User/Group: curso341/ulc
User/Group: curso341/ulc

Job ID: 10935938
*                                                                           *
*                    JOB EFFICIENCY REPORT (seff 10935938)                   *

Cluster: finisterrae3
*****************************************************************************
State: COMPLETED (exit code 0)
State: COMPLETED (exit code 0)
Job ID: 10935938
Cluster: finisterrae3
*                    JOB EFFICIENCY REPORT (seff 10935938)                   *
*                                                                           *
Job ID: 10935938
User/Group: curso341/ulc

Nodes: 25
Nodes: 25
Cluster: finisterrae3
User/Group: curso341/ulc
*                                                                           *
*****************************************************************************
Cluster: finisterrae3
State: COMPLETED (exit code 0)
Job ID: 10935938
Cores per node: 64
Cores per node: 64
User/Group: curso341/ulc
State: COMPLETED (exit code 0)
*****************************************************************************

User/Group: curso341/ulc
Nodes: 25
Cluster: finisterrae3
CPU Utilized: 05:03:41
CPU Utilized: 05:03:41
State: COMPLETED (exit code 0)
Nodes: 25

Job ID: 10935938
State: COMPLETED (exit code 0)
Cores per node: 64
User/Group: curso341/ulc
CPU Efficiency: 11.62% of 1-19:33:20 core-walltime
CPU Efficiency: 11.62% of 1-19:33:20 core-walltime
Nodes: 25
Cores per node: 64
Job ID: 10935938
Cluster: finisterrae3
Nodes: 25
CPU Utilized: 05:03:41
State: COMPLETED (exit code 0)
Job Wall-clock time: 00:01:38
Job Wall-clock time: 00:01:38
Cores per node: 64
CPU Utilized: 05:03:41
Cluster: finisterrae3
User/Group: curso341/ulc
Cores per node: 64
CPU Efficiency: 11.62% of 1-19:33:20 core-walltime
Nodes: 25
Memory Utilized: 2.63 GB
Memory Utilized: 2.63 GB
CPU Utilized: 05:03:41
CPU Efficiency: 11.62% of 1-19:33:20 core-walltime
User/Group: curso341/ulc
State: COMPLETED (exit code 0)
CPU Utilized: 05:03:41
Job Wall-clock time: 00:01:38
Cores per node: 64
Memory Efficiency: 0.05% of 5.30 TB
Memory Efficiency: 0.05% of 5.30 TB
CPU Efficiency: 11.62% of 1-19:33:20 core-walltime
Job Wall-clock time: 00:01:38
State: COMPLETED (exit code 0)
Nodes: 25
CPU Efficiency: 11.62% of 1-19:33:20 core-walltime
Memory Utilized: 2.63 GB
CPU Utilized: 05:03:41


Job Wall-clock time: 00:01:38
Memory Utilized: 2.63 GB
Nodes: 25
Cores per node: 64
Job Wall-clock time: 00:01:38
Memory Efficiency: 0.05% of 5.30 TB
CPU Efficiency: 11.62% of 1-19:33:20 core-walltime
 +++++++++++++++++++++++++++++++++++++++++++++++++++++++++++++++++++++++++++
 +++++++++++++++++++++++++++++++++++++++++++++++++++++++++++++++++++++++++++
Memory Utilized: 2.63 GB
Memory Efficiency: 0.05% of 5.30 TB
Cores per node: 64
CPU Utilized: 05:03:41
Memory Utilized: 2.63 GB

Job Wall-clock time: 00:01:38
 ++   Memory Efficiency is too small. Please review the requested memory. ++
 ++   Memory Efficiency is too small. Please review the requested memory. ++
Memory Efficiency: 0.05% of 5.30 TB

CPU Utilized: 05:03:41
CPU Efficiency: 11.62% of 1-19:33:20 core-walltime
Memory Efficiency: 0.05% of 5.30 TB
 +++++++++++++++++++++++++++++++++++++++++++++++++++++++++++++++++++++++++++
Memory Utilized: 2.63 GB
 ++ It seems that you do not need that much memory so we recommend        ++
 ++ It seems that you do not need that much memory so we recommend        ++

 +++++++++++++++++++++++++++++++++++++++++++++++++++++++++++++++++++++++++++
CPU Efficiency: 11.62% of 1-19:33:20 core-walltime
Job Wall-clock time: 00:01:38

 ++   Memory Efficiency is too small. Please review the requested memory. ++
Memory Efficiency: 0.05% of 5.30 TB
 ++ requesting less memory in other similar jobs.                         ++
 ++ requesting less memory in other similar jobs.                         ++
 +++++++++++++++++++++++++++++++++++++++++++++++++++++++++++++++++++++++++++
 ++   Memory Efficiency is too small. Please review the requested memory. ++
Job Wall-clock time: 00:01:38
Memory Utilized: 2.63 GB
 +++++++++++++++++++++++++++++++++++++++++++++++++++++++++++++++++++++++++++
 ++ It seems that you do not need that much memory so we recommend        ++

 +++++++++++++++++++++++++++++++++++++++++++++++++++++++++++++++++++++++++++
 +++++++++++++++++++++++++++++++++++++++++++++++++++++++++++++++++++++++++++
 ++   Memory Efficiency is too small. Please review the requested memory. ++
 ++ It seems that you do not need that much memory so we recommend        ++
Memory Utilized: 2.63 GB
Memory Efficiency: 0.05% of 5.30 TB
 ++   Memory Efficiency is too small. Please review the requested memory. ++
 ++ requesting less memory in other similar jobs.                         ++
 +++++++++++++++++++++++++++++++++++++++++++++++++++++++++++++++++++++++++++
 
 
 ++ It seems that you do not need that much memory so we recommend        ++
 ++ requesting less memory in other similar jobs.                         ++
Memory Efficiency: 0.05% of 5.30 TB

 ++ It seems that you do not need that much memory so we recommend        ++
 +++++++++++++++++++++++++++++++++++++++++++++++++++++++++++++++++++++++++++
 ++   Memory Efficiency is too small. Please review the requested memory. ++
*****************************************************************************
*****************************************************************************
 ++ requesting less memory in other similar jobs.                         ++
 +++++++++++++++++++++++++++++++++++++++++++++++++++++++++++++++++++++++++++

 +++++++++++++++++++++++++++++++++++++++++++++++++++++++++++++++++++++++++++
 ++ requesting less memory in other similar jobs.                         ++
 
 ++ It seems that you do not need that much memory so we recommend        ++


 +++++++++++++++++++++++++++++++++++++++++++++++++++++++++++++++++++++++++++
 
 +++++++++++++++++++++++++++++++++++++++++++++++++++++++++++++++++++++++++++
 ++   Memory Efficiency is too small. Please review the requested memory. ++
 +++++++++++++++++++++++++++++++++++++++++++++++++++++++++++++++++++++++++++
*****************************************************************************
 ++ requesting less memory in other similar jobs.                         ++
 
*****************************************************************************
 ++   Memory Efficiency is too small. Please review the requested memory. ++
 ++ It seems that you do not need that much memory so we recommend        ++
 

 +++++++++++++++++++++++++++++++++++++++++++++++++++++++++++++++++++++++++++
*****************************************************************************

 ++ It seems that you do not need that much memory so we recommend        ++
 ++ requesting less memory in other similar jobs.                         ++
*****************************************************************************
 


 ++ requesting less memory in other similar jobs.                         ++
 +++++++++++++++++++++++++++++++++++++++++++++++++++++++++++++++++++++++++++

*****************************************************************************
*****************************************************************************
 +++++++++++++++++++++++++++++++++++++++++++++++++++++++++++++++++++++++++++
 

*                                                                           *
 
*****************************************************************************
*                    JOB EFFICIENCY REPORT (seff 10935938)                   *
*****************************************************************************

*                                                                           *

*****************************************************************************

Job ID: 10935938
Cluster: finisterrae3
User/Group: curso341/ulc
State: COMPLETED (exit code 0)
Nodes: 25
Cores per node: 64
CPU Utilized: 05:03:41
CPU Efficiency: 11.62% of 1-19:33:20 core-walltime
Job Wall-clock time: 00:01:38
Memory Utilized: 2.63 GB
Memory Efficiency: 0.05% of 5.30 TB

 +++++++++++++++++++++++++++++++++++++++++++++++++++++++++++++++++++++++++++
 ++   Memory Efficiency is too small. Please review the requested memory. ++
 ++ It seems that you do not need that much memory so we recommend        ++
 ++ requesting less memory in other similar jobs.                         ++
 +++++++++++++++++++++++++++++++++++++++++++++++++++++++++++++++++++++++++++
 
*****************************************************************************


*****************************************************************************
*                                                                           *
*                    JOB EFFICIENCY REPORT (seff 10935938)                   *
*                                                                           *
*****************************************************************************

Job ID: 10935938
Cluster: finisterrae3
User/Group: curso341/ulc
State: COMPLETED (exit code 0)
Nodes: 25
Cores per node: 64
CPU Utilized: 05:03:41
CPU Efficiency: 11.62% of 1-19:33:20 core-walltime
Job Wall-clock time: 00:01:38
Memory Utilized: 2.63 GB
Memory Efficiency: 0.05% of 5.30 TB

 +++++++++++++++++++++++++++++++++++++++++++++++++++++++++++++++++++++++++++
 ++   Memory Efficiency is too small. Please review the requested memory. ++
 ++ It seems that you do not need that much memory so we recommend        ++
 ++ requesting less memory in other similar jobs.                         ++
 +++++++++++++++++++++++++++++++++++++++++++++++++++++++++++++++++++++++++++
 
*****************************************************************************


*****************************************************************************
*                                                                           *
*                    JOB EFFICIENCY REPORT (seff 10935938)                   *
*                                                                           *
*****************************************************************************

Job ID: 10935938
Cluster: finisterrae3
User/Group: curso341/ulc
State: COMPLETED (exit code 0)
Nodes: 25
Cores per node: 64
CPU Utilized: 05:03:41
CPU Efficiency: 11.62% of 1-19:33:20 core-walltime
Job Wall-clock time: 00:01:38
Memory Utilized: 2.63 GB
Memory Efficiency: 0.05% of 5.30 TB

 +++++++++++++++++++++++++++++++++++++++++++++++++++++++++++++++++++++++++++
 ++   Memory Efficiency is too small. Please review the requested memory. ++
 ++ It seems that you do not need that much memory so we recommend        ++
 ++ requesting less memory in other similar jobs.                         ++
 +++++++++++++++++++++++++++++++++++++++++++++++++++++++++++++++++++++++++++
 
*****************************************************************************


*****************************************************************************
*                                                                           *
*                    JOB EFFICIENCY REPORT (seff 10935938)                   *
*                                                                           *
*****************************************************************************

Job ID: 10935938
Cluster: finisterrae3
User/Group: curso341/ulc
State: COMPLETED (exit code 0)
Nodes: 25
Cores per node: 64
CPU Utilized: 05:05:59
CPU Efficiency: 11.71% of 1-19:33:20 core-walltime
Job Wall-clock time: 00:01:38
Memory Utilized: 2.63 GB
Memory Efficiency: 0.05% of 5.30 TB

 +++++++++++++++++++++++++++++++++++++++++++++++++++++++++++++++++++++++++++
 ++   Memory Efficiency is too small. Please review the requested memory. ++
 ++ It seems that you do not need that much memory so we recommend        ++
 ++ requesting less memory in other similar jobs.                         ++
 +++++++++++++++++++++++++++++++++++++++++++++++++++++++++++++++++++++++++++
 
*****************************************************************************

