slurmstepd: info: Setting TMPDIR to /scratch/10772534. Previous errors about TMPDIR can be discarded
Slurm job started at 26/02/2025_12:32:38 AM

In transit.
Initing Ray (1 head node + 2 worker nodes + 4 simulation nodes) on nodes: 
	ilk-152 ilk-159 ilk-161 ilk-162 ilk-166 ilk-167 ilk-170
Head node: 172.30.204.8:6379


RAY_DEPLOY_TIME:     22.54984
2025-02-26 00:33:04,956	INFO packaging.py:520 -- Creating a file package for local directory '/mnt/lustre/scratch/nlsas/home/ulc/cursos/curso341/dask_on_reisa_tests/E1/DASK_ON_REISA_ONE_ACTOR/derivative/P128-SN4-LS134-GS17179-I12-AN2-D2025-02-25_20-32-24'.
2025-02-26 00:33:04,984	INFO packaging.py:347 -- Pushing file package 'gcs://_ray_pkg_994a864dc8138f61.zip' (0.48MiB) to Ray cluster...
2025-02-26 00:33:04,991	INFO packaging.py:360 -- Successfully pushed file package 'gcs://_ray_pkg_994a864dc8138f61.zip'.
RAY_INIT_TIME:       7.89556
Iter [0]
Iter [1]
Iter [2]
Iter [3]
Iter [4]
Iter [5]
Iter [6]
Iter [7]
Iter [8]
Iter [9]
Iter [10]
Iter [11]
GLOBAL_PUT_TIME:     8.794459581375122 (avg:0.73287)
ACTOR_CONCURRENCY:   8
SIMULATION_TIME:     289.626806877999968 (avg: 24.135567239833332)
SIM_WTHOUT_PDI:      78.383688581999991 (avg: 6.531974048500000)
PDI_DELAY:           211.243118295999977 (avg: 17.603593191333331)

GLOBAL_SIZE_(GiB):   16777216
LOCAL_SIZE_(MiB):    128
ITERATIONS:          12

MPI_PER_NODE:        32
MPI_PARALLELISM:     128

WORKER_NODES:        2
CPUS_PER_WORKER:     30
WORKER_PARALLELISM:  60


SLURM_JOB_ID:        10772534
srun: Job step aborted: Waiting up to 32 seconds for job step to finish.
slurmstepd: error: *** JOB 10772534 ON ilk-152 CANCELLED AT 2025-02-26T00:52:44 DUE TO TIME LIMIT ***
slurmstepd: error: *** STEP 10772534.8 ON ilk-159 CANCELLED AT 2025-02-26T00:52:44 DUE TO TIME LIMIT ***
