slurmstepd: info: Setting TMPDIR to /scratch/10770650. Previous errors about TMPDIR can be discarded
Slurm job started at 25/02/2025_06:39:05 PM

In transit.
Initing Ray (1 head node + 8 worker nodes + 8 simulation nodes) on nodes: 
	ilk-4 ilk-34 ilk-69 ilk-82 ilk-95 ilk-111 ilk-112 ilk-152 ilk-161 ilk-166 ilk-170 ilk-177 ilk-185 ilk-188 ilk-243 ilk-247 ilk-253
Head node: 172.30.201.4:6379


RAY_DEPLOY_TIME:     23.15262
RAY_INIT_TIME:       2.32859
Iter [0]
2025-02-25 18:39:32,520	INFO packaging.py:520 -- Creating a file package for local directory '/mnt/lustre/scratch/nlsas/home/ulc/cursos/curso341/dask_on_reisa_tests/E1/REISA_ONE_ACTOR/derivative/P16-SN8-LS536-GS8589-I12-AN8-D2025-02-25_18-09-56'.
2025-02-25 18:39:32,547	INFO packaging.py:347 -- Pushing file package 'gcs://_ray_pkg_dd700d93e987fe84.zip' (0.48MiB) to Ray cluster...
2025-02-25 18:39:32,553	INFO packaging.py:360 -- Successfully pushed file package 'gcs://_ray_pkg_dd700d93e987fe84.zip'.
Iter [1]
Iter [2]
Iter [3]
Iter [4]
Iter [5]
Iter [6]
Iter [7]
Iter [8]
Iter [9]
Iter [10]
Iter [11]
GLOBAL_PUT_TIME:     8.840330123901367 (avg:0.73669)
ACTOR_CONCURRENCY:   8
SIMULATION_TIME:     72.297440180000009 (avg: 6.024786681666668)
SIM_WTHOUT_PDI:      60.060268491000002 (avg: 5.005022374250000)
PDI_DELAY:           12.237171689000007 (avg: 1.019764307416667)

GLOBAL_SIZE_(GiB):   8388608
LOCAL_SIZE_(MiB):    512
ITERATIONS:          12

MPI_PER_NODE:        2
MPI_PARALLELISM:     16

WORKER_NODES:        8
CPUS_PER_WORKER:     30
WORKER_PARALLELISM:  240


SLURM_JOB_ID:        10770650
EST_ANALYTICS_TIME:  72.11619 (avg:6.00968)

Slurm job finished at 25/02/2025_06:40:47 PM

*****************************************************************************
*                                                                           *
*                    JOB EFFICIENCY REPORT (seff 10770650)                   *
*                                                                           *
*****************************************************************************

Job ID: 10770650
Cluster: finisterrae3
User/Group: curso341/ulc
State: COMPLETED (exit code 0)
Nodes: 17
Cores per node: 40
CPU Utilized: 00:22:51
CPU Efficiency: 1.92% of 19:50:00 core-walltime
Job Wall-clock time: 00:01:45
Memory Utilized: 2.22 GB
Memory Efficiency: 0.08% of 2.66 TB

 +++++++++++++++++++++++++++++++++++++++++++++++++++++++++++++++++++++++++++
 ++   Memory Efficiency is too small. Please review the requested memory. ++
 ++ It seems that you do not need that much memory so we recommend        ++
 ++ requesting less memory in other similar jobs.                         ++
 +++++++++++++++++++++++++++++++++++++++++++++++++++++++++++++++++++++++++++
 
*****************************************************************************


*****************************************************************************
*                                                                           *
*                    JOB EFFICIENCY REPORT (seff 10770650)                   *
*                                                                           *
*****************************************************************************

Job ID: 10770650
Cluster: finisterrae3
User/Group: curso341/ulc
State: COMPLETED (exit code 0)
Nodes: 17
Cores per node: 40
CPU Utilized: 00:22:51
CPU Efficiency: 1.92% of 19:50:00 core-walltime
Job Wall-clock time: 00:01:45
Memory Utilized: 2.22 GB
Memory Efficiency: 0.08% of 2.66 TB

 +++++++++++++++++++++++++++++++++++++++++++++++++++++++++++++++++++++++++++
 ++   Memory Efficiency is too small. Please review the requested memory. ++
 ++ It seems that you do not need that much memory so we recommend        ++
 ++ requesting less memory in other similar jobs.                         ++
 +++++++++++++++++++++++++++++++++++++++++++++++++++++++++++++++++++++++++++
 
*****************************************************************************


*****************************************************************************
*                                                                           *
*                    JOB EFFICIENCY REPORT (seff 10770650)                   *
*                                                                           *
*****************************************************************************

Job ID: 10770650
Cluster: finisterrae3
User/Group: curso341/ulc
State: COMPLETED (exit code 0)
Nodes: 17
Cores per node: 40
CPU Utilized: 00:22:51
CPU Efficiency: 1.92% of 19:50:00 core-walltime
Job Wall-clock time: 00:01:45
Memory Utilized: 2.22 GB
Memory Efficiency: 0.08% of 2.66 TB

 +++++++++++++++++++++++++++++++++++++++++++++++++++++++++++++++++++++++++++
 ++   Memory Efficiency is too small. Please review the requested memory. ++
 ++ It seems that you do not need that much memory so we recommend        ++
 ++ requesting less memory in other similar jobs.                         ++
 +++++++++++++++++++++++++++++++++++++++++++++++++++++++++++++++++++++++++++
 
*****************************************************************************


*****************************************************************************
*                                                                           *
*                    JOB EFFICIENCY REPORT (seff 10770650)                   *
*                                                                           *
*****************************************************************************

Job ID: 10770650
Cluster: finisterrae3
User/Group: curso341/ulc
State: COMPLETED (exit code 0)
Nodes: 17
Cores per node: 40
CPU Utilized: 00:22:51
CPU Efficiency: 1.92% of 19:50:00 core-walltime
Job Wall-clock time: 00:01:45
Memory Utilized: 2.22 GB
Memory Efficiency: 0.08% of 2.66 TB

 +++++++++++++++++++++++++++++++++++++++++++++++++++++++++++++++++++++++++++
 ++   Memory Efficiency is too small. Please review the requested memory. ++
 ++ It seems that you do not need that much memory so we recommend        ++
 ++ requesting less memory in other similar jobs.                         ++
 +++++++++++++++++++++++++++++++++++++++++++++++++++++++++++++++++++++++++++
 
*****************************************************************************


*****************************************************************************
*                                                                           *
*                    JOB EFFICIENCY REPORT (seff 10770650)                   *
*                                                                           *
*****************************************************************************

Job ID: 10770650
Cluster: finisterrae3
User/Group: curso341/ulc
State: COMPLETED (exit code 0)
Nodes: 17
Cores per node: 40
CPU Utilized: 00:22:51
CPU Efficiency: 1.92% of 19:50:00 core-walltime
Job Wall-clock time: 00:01:45
Memory Utilized: 2.22 GB
Memory Efficiency: 0.08% of 2.66 TB

 +++++++++++++++++++++++++++++++++++++++++++++++++++++++++++++++++++++++++++
 ++   Memory Efficiency is too small. Please review the requested memory. ++
 ++ It seems that you do not need that much memory so we recommend        ++
 ++ requesting less memory in other similar jobs.                         ++
 +++++++++++++++++++++++++++++++++++++++++++++++++++++++++++++++++++++++++++
 
*****************************************************************************


*****************************************************************************
*                                                                           *
*                    JOB EFFICIENCY REPORT (seff 10770650)                   *
*                                                                           *
*****************************************************************************

Job ID: 10770650
Cluster: finisterrae3
User/Group: curso341/ulc
State: COMPLETED (exit code 0)
Nodes: 17
Cores per node: 40
CPU Utilized: 00:22:51
CPU Efficiency: 1.92% of 19:50:00 core-walltime
Job Wall-clock time: 00:01:45
Memory Utilized: 2.22 GB
Memory Efficiency: 0.08% of 2.66 TB

 +++++++++++++++++++++++++++++++++++++++++++++++++++++++++++++++++++++++++++
 ++   Memory Efficiency is too small. Please review the requested memory. ++
 ++ It seems that you do not need that much memory so we recommend        ++
 ++ requesting less memory in other similar jobs.                         ++
 +++++++++++++++++++++++++++++++++++++++++++++++++++++++++++++++++++++++++++
 
*****************************************************************************


*****************************************************************************
*                                                                           *
*                    JOB EFFICIENCY REPORT (seff 10770650)                   *
*                                                                           *
*****************************************************************************

Job ID: 10770650
Cluster: finisterrae3
User/Group: curso341/ulc
State: COMPLETED (exit code 0)
Nodes: 17
Cores per node: 40
CPU Utilized: 00:22:51
CPU Efficiency: 1.92% of 19:50:00 core-walltime
Job Wall-clock time: 00:01:45
Memory Utilized: 2.22 GB
Memory Efficiency: 0.08% of 2.66 TB

 +++++++++++++++++++++++++++++++++++++++++++++++++++++++++++++++++++++++++++
 ++   Memory Efficiency is too small. Please review the requested memory. ++
 ++ It seems that you do not need that much memory so we recommend        ++
 ++ requesting less memory in other similar jobs.                         ++
 +++++++++++++++++++++++++++++++++++++++++++++++++++++++++++++++++++++++++++
 
*****************************************************************************


*****************************************************************************
*                                                                           *
*                    JOB EFFICIENCY REPORT (seff 10770650)                   *
*                                                                           *
*****************************************************************************

Job ID: 10770650
Cluster: finisterrae3
User/Group: curso341/ulc
State: COMPLETED (exit code 0)
Nodes: 17
Cores per node: 40
CPU Utilized: 00:22:51
CPU Efficiency: 1.92% of 19:50:00 core-walltime
Job Wall-clock time: 00:01:45
Memory Utilized: 2.22 GB
Memory Efficiency: 0.08% of 2.66 TB

 +++++++++++++++++++++++++++++++++++++++++++++++++++++++++++++++++++++++++++
 ++   Memory Efficiency is too small. Please review the requested memory. ++
 ++ It seems that you do not need that much memory so we recommend        ++
 ++ requesting less memory in other similar jobs.                         ++
 +++++++++++++++++++++++++++++++++++++++++++++++++++++++++++++++++++++++++++
 
*****************************************************************************


*****************************************************************************
*                                                                           *
*                    JOB EFFICIENCY REPORT (seff 10770650)                   *
*                                                                           *
*****************************************************************************

Job ID: 10770650
Cluster: finisterrae3
User/Group: curso341/ulc
State: COMPLETED (exit code 0)
Nodes: 17
Cores per node: 40
CPU Utilized: 00:22:51
CPU Efficiency: 1.92% of 19:50:00 core-walltime
Job Wall-clock time: 00:01:45
Memory Utilized: 2.22 GB
Memory Efficiency: 0.08% of 2.66 TB

 +++++++++++++++++++++++++++++++++++++++++++++++++++++++++++++++++++++++++++
 ++   Memory Efficiency is too small. Please review the requested memory. ++
 ++ It seems that you do not need that much memory so we recommend        ++
 ++ requesting less memory in other similar jobs.                         ++
 +++++++++++++++++++++++++++++++++++++++++++++++++++++++++++++++++++++++++++
 
*****************************************************************************


*****************************************************************************
*                                                                           *
*                    JOB EFFICIENCY REPORT (seff 10770650)                   *
*                                                                           *
*****************************************************************************

Job ID: 10770650
Cluster: finisterrae3
User/Group: curso341/ulc
State: COMPLETED (exit code 0)
Nodes: 17
Cores per node: 40
CPU Utilized: 00:22:51
CPU Efficiency: 1.92% of 19:50:00 core-walltime
Job Wall-clock time: 00:01:45
Memory Utilized: 2.22 GB
Memory Efficiency: 0.08% of 2.66 TB

 +++++++++++++++++++++++++++++++++++++++++++++++++++++++++++++++++++++++++++
 ++   Memory Efficiency is too small. Please review the requested memory. ++
 ++ It seems that you do not need that much memory so we recommend        ++
 ++ requesting less memory in other similar jobs.                         ++
 +++++++++++++++++++++++++++++++++++++++++++++++++++++++++++++++++++++++++++
 
*****************************************************************************


*****************************************************************************
*                                                                           *
*                    JOB EFFICIENCY REPORT (seff 10770650)                   *
*                                                                           *
*****************************************************************************

Job ID: 10770650
Cluster: finisterrae3
User/Group: curso341/ulc
State: COMPLETED (exit code 0)
Nodes: 17
Cores per node: 40
CPU Utilized: 00:22:51
CPU Efficiency: 1.92% of 19:50:00 core-walltime
Job Wall-clock time: 00:01:45
Memory Utilized: 2.22 GB
Memory Efficiency: 0.08% of 2.66 TB

 +++++++++++++++++++++++++++++++++++++++++++++++++++++++++++++++++++++++++++
 ++   Memory Efficiency is too small. Please review the requested memory. ++
 ++ It seems that you do not need that much memory so we recommend        ++
 ++ requesting less memory in other similar jobs.                         ++
 +++++++++++++++++++++++++++++++++++++++++++++++++++++++++++++++++++++++++++
 
*****************************************************************************


*****************************************************************************
*                                                                           *
*                    JOB EFFICIENCY REPORT (seff 10770650)                   *
*                                                                           *
*****************************************************************************

Job ID: 10770650
Cluster: finisterrae3
User/Group: curso341/ulc
State: COMPLETED (exit code 0)
Nodes: 17
Cores per node: 40
CPU Utilized: 00:22:51
CPU Efficiency: 1.92% of 19:50:00 core-walltime
Job Wall-clock time: 00:01:45
Memory Utilized: 2.22 GB
Memory Efficiency: 0.08% of 2.66 TB

 +++++++++++++++++++++++++++++++++++++++++++++++++++++++++++++++++++++++++++
 ++   Memory Efficiency is too small. Please review the requested memory. ++
 ++ It seems that you do not need that much memory so we recommend        ++
 ++ requesting less memory in other similar jobs.                         ++
 +++++++++++++++++++++++++++++++++++++++++++++++++++++++++++++++++++++++++++
 
*****************************************************************************


*****************************************************************************
*                                                                           *
*                    JOB EFFICIENCY REPORT (seff 10770650)                   *
*                                                                           *
*****************************************************************************

Job ID: 10770650
Cluster: finisterrae3
User/Group: curso341/ulc
State: COMPLETED (exit code 0)
Nodes: 17
Cores per node: 40
CPU Utilized: 00:22:51
CPU Efficiency: 1.92% of 19:50:00 core-walltime
Job Wall-clock time: 00:01:45
Memory Utilized: 2.22 GB
Memory Efficiency: 0.08% of 2.66 TB

 +++++++++++++++++++++++++++++++++++++++++++++++++++++++++++++++++++++++++++
 ++   Memory Efficiency is too small. Please review the requested memory. ++
 ++ It seems that you do not need that much memory so we recommend        ++
 ++ requesting less memory in other similar jobs.                         ++
 +++++++++++++++++++++++++++++++++++++++++++++++++++++++++++++++++++++++++++
 
*****************************************************************************


*****************************************************************************
*                                                                           *
*                    JOB EFFICIENCY REPORT (seff 10770650)                   *
*                                                                           *
*****************************************************************************

Job ID: 10770650
Cluster: finisterrae3
User/Group: curso341/ulc
State: COMPLETED (exit code 0)
Nodes: 17
Cores per node: 40
CPU Utilized: 00:22:51
CPU Efficiency: 1.92% of 19:50:00 core-walltime
Job Wall-clock time: 00:01:45
Memory Utilized: 2.22 GB
Memory Efficiency: 0.08% of 2.66 TB

 +++++++++++++++++++++++++++++++++++++++++++++++++++++++++++++++++++++++++++
 ++   Memory Efficiency is too small. Please review the requested memory. ++
 ++ It seems that you do not need that much memory so we recommend        ++
 ++ requesting less memory in other similar jobs.                         ++
 +++++++++++++++++++++++++++++++++++++++++++++++++++++++++++++++++++++++++++
 
*****************************************************************************


*****************************************************************************
*                                                                           *
*                    JOB EFFICIENCY REPORT (seff 10770650)                   *
*                                                                           *
*****************************************************************************

Job ID: 10770650
Cluster: finisterrae3
User/Group: curso341/ulc
State: COMPLETED (exit code 0)
Nodes: 17
Cores per node: 40
CPU Utilized: 00:37:58
CPU Efficiency: 3.19% of 19:50:00 core-walltime
Job Wall-clock time: 00:01:45
Memory Utilized: 15.30 GB
Memory Efficiency: 0.56% of 2.66 TB

 +++++++++++++++++++++++++++++++++++++++++++++++++++++++++++++++++++++++++++
 ++   Memory Efficiency is too small. Please review the requested memory. ++
 ++ It seems that you do not need that much memory so we recommend        ++
 ++ requesting less memory in other similar jobs.                         ++
 +++++++++++++++++++++++++++++++++++++++++++++++++++++++++++++++++++++++++++
 
*****************************************************************************


*****************************************************************************
*                                                                           *
*                    JOB EFFICIENCY REPORT (seff 10770650)                   *
*                                                                           *
*****************************************************************************

Job ID: 10770650
Cluster: finisterrae3
User/Group: curso341/ulc
State: COMPLETED (exit code 0)
Nodes: 17
Cores per node: 40
CPU Utilized: 00:37:58
CPU Efficiency: 3.19% of 19:50:00 core-walltime
Job Wall-clock time: 00:01:45
Memory Utilized: 15.30 GB
Memory Efficiency: 0.56% of 2.66 TB

 +++++++++++++++++++++++++++++++++++++++++++++++++++++++++++++++++++++++++++
 ++   Memory Efficiency is too small. Please review the requested memory. ++
 ++ It seems that you do not need that much memory so we recommend        ++
 ++ requesting less memory in other similar jobs.                         ++
 +++++++++++++++++++++++++++++++++++++++++++++++++++++++++++++++++++++++++++
 
*****************************************************************************


*****************************************************************************
*                                                                           *
*                    JOB EFFICIENCY REPORT (seff 10770650)                   *
*                                                                           *
*****************************************************************************

Job ID: 10770650
Cluster: finisterrae3
User/Group: curso341/ulc
State: COMPLETED (exit code 0)
Nodes: 17
Cores per node: 40
CPU Utilized: 00:37:58
CPU Efficiency: 3.19% of 19:50:00 core-walltime
Job Wall-clock time: 00:01:45
Memory Utilized: 15.30 GB
Memory Efficiency: 0.56% of 2.66 TB

 +++++++++++++++++++++++++++++++++++++++++++++++++++++++++++++++++++++++++++
 ++   Memory Efficiency is too small. Please review the requested memory. ++
 ++ It seems that you do not need that much memory so we recommend        ++
 ++ requesting less memory in other similar jobs.                         ++
 +++++++++++++++++++++++++++++++++++++++++++++++++++++++++++++++++++++++++++
 
*****************************************************************************

