slurmstepd: info: Setting TMPDIR to /scratch/10781185. Previous errors about TMPDIR can be discarded
Slurm job started at 26/02/2025_12:41:32 PM

In transit.
Initing Ray (1 head node + 4 worker nodes + 4 simulation nodes) on nodes: 
	ilk-244 ilk-245 ilk-246 ilk-247 ilk-248 ilk-249 ilk-250 ilk-251 ilk-252
Head node: 172.30.211.17:6379


RAY_DEPLOY_TIME:     22.52837
2025-02-26 12:41:58,990	INFO packaging.py:520 -- Creating a file package for local directory '/mnt/lustre/scratch/nlsas/home/ulc/cursos/curso341/dask_on_reisa_tests/E2/REISA/derivative/P8-SN4-LS536-GS4294-I12-AN4-D2025-02-26_11-01-33'.
2025-02-26 12:41:59,017	INFO packaging.py:347 -- Pushing file package 'gcs://_ray_pkg_f4682d276aa99041.zip' (0.48MiB) to Ray cluster...
2025-02-26 12:41:59,023	INFO packaging.py:360 -- Successfully pushed file package 'gcs://_ray_pkg_f4682d276aa99041.zip'.
RAY_INIT_TIME:       3.06024
Iter [0]
Iter [1]
Iter [2]
Iter [3]
Iter [4]
Iter [5]
Iter [6]
Iter [7]
Iter [8]
Iter [9]
Iter [10]
Iter [11]
EST_ANALYTICS_TIME:  63.41406 (avg:5.28451)
GLOBAL_PUT_TIME:     8.482595443725586 (avg:0.70688)
ACTOR_CONCURRENCY:   8
SIMULATION_TIME:     66.836030360999999 (avg: 5.569669196750000)
SIM_WTHOUT_PDI:      56.428684372999989 (avg: 4.702390364416666)
PDI_DELAY:           10.407345988000010 (avg: 0.867278832333334)

GLOBAL_SIZE_(GiB):   4194304
LOCAL_SIZE_(MiB):    512
ITERATIONS:          12

MPI_PER_NODE:        2
MPI_PARALLELISM:     8

WORKER_NODES:        4
CPUS_PER_WORKER:     30
WORKER_PARALLELISM:  120


SLURM_JOB_ID:        10781185

Slurm job finished at 26/02/2025_12:43:08 PM

*****************************************************************************
*                                                                           *
*                    JOB EFFICIENCY REPORT (seff 10781185)                   *
*                                                                           *
*****************************************************************************

Job ID: 10781185
Cluster: finisterrae3
User/Group: curso341/ulc
State: COMPLETED (exit code 0)
Nodes: 9
Cores per node: 40
CPU Utilized: 00:09:02
CPU Efficiency: 1.55% of 09:42:00 core-walltime
Job Wall-clock time: 00:01:37
Memory Utilized: 9.89 GB (estimated maximum)
Memory Efficiency: 0.69% of 1.41 TB (4.00 GB/core)

 +++++++++++++++++++++++++++++++++++++++++++++++++++++++++++++++++++++++++++
 ++   Memory Efficiency is too small. Please review the requested memory. ++
 ++ It seems that you do not need that much memory so we recommend        ++
 ++ requesting less memory in other similar jobs.                         ++
 +++++++++++++++++++++++++++++++++++++++++++++++++++++++++++++++++++++++++++
 
*****************************************************************************


*****************************************************************************
*                                                                           *
*                    JOB EFFICIENCY REPORT (seff 10781185)                   *
*                                                                           *
*****************************************************************************

Job ID: 10781185
Cluster: finisterrae3
User/Group: curso341/ulc
State: COMPLETED (exit code 0)
Nodes: 9
Cores per node: 40
CPU Utilized: 00:09:02
CPU Efficiency: 1.55% of 09:42:00 core-walltime
Job Wall-clock time: 00:01:37
Memory Utilized: 9.89 GB (estimated maximum)
Memory Efficiency: 0.69% of 1.41 TB (4.00 GB/core)

 +++++++++++++++++++++++++++++++++++++++++++++++++++++++++++++++++++++++++++
 ++   Memory Efficiency is too small. Please review the requested memory. ++
 ++ It seems that you do not need that much memory so we recommend        ++
 ++ requesting less memory in other similar jobs.                         ++
 +++++++++++++++++++++++++++++++++++++++++++++++++++++++++++++++++++++++++++
 
*****************************************************************************


*****************************************************************************
*                                                                           *
*                    JOB EFFICIENCY REPORT (seff 10781185)                   *
*                                                                           *
*****************************************************************************

Job ID: 10781185
Cluster: finisterrae3
User/Group: curso341/ulc
State: COMPLETED (exit code 0)
Nodes: 9
Cores per node: 40
CPU Utilized: 00:14:04
CPU Efficiency: 2.42% of 09:42:00 core-walltime
Job Wall-clock time: 00:01:37
Memory Utilized: 9.89 GB (estimated maximum)
Memory Efficiency: 0.69% of 1.41 TB (4.00 GB/core)

 +++++++++++++++++++++++++++++++++++++++++++++++++++++++++++++++++++++++++++
 ++   Memory Efficiency is too small. Please review the requested memory. ++
 ++ It seems that you do not need that much memory so we recommend        ++
 ++ requesting less memory in other similar jobs.                         ++
 +++++++++++++++++++++++++++++++++++++++++++++++++++++++++++++++++++++++++++
 
*****************************************************************************


*****************************************************************************
*                                                                           *
*                    JOB EFFICIENCY REPORT (seff 10781185)                   *
*                                                                           *
*****************************************************************************

Job ID: 10781185
Cluster: finisterrae3
User/Group: curso341/ulc
State: COMPLETED (exit code 0)
Nodes: 9
Cores per node: 40
CPU Utilized: 00:14:04
CPU Efficiency: 2.42% of 09:42:00 core-walltime
Job Wall-clock time: 00:01:37
Memory Utilized: 9.89 GB (estimated maximum)
Memory Efficiency: 0.69% of 1.41 TB (4.00 GB/core)

 +++++++++++++++++++++++++++++++++++++++++++++++++++++++++++++++++++++++++++
 ++   Memory Efficiency is too small. Please review the requested memory. ++
 ++ It seems that you do not need that much memory so we recommend        ++
 ++ requesting less memory in other similar jobs.                         ++
 +++++++++++++++++++++++++++++++++++++++++++++++++++++++++++++++++++++++++++
 
*****************************************************************************


*****************************************************************************
*                                                                           *
*                    JOB EFFICIENCY REPORT (seff 10781185)                   *
*                                                                           *
*****************************************************************************

Job ID: 10781185
Cluster: finisterrae3
User/Group: curso341/ulc
State: COMPLETED (exit code 0)
Nodes: 9
Cores per node: 40
CPU Utilized: 00:14:04
CPU Efficiency: 2.42% of 09:42:00 core-walltime
Job Wall-clock time: 00:01:37
Memory Utilized: 9.89 GB (estimated maximum)
Memory Efficiency: 0.69% of 1.41 TB (4.00 GB/core)

 +++++++++++++++++++++++++++++++++++++++++++++++++++++++++++++++++++++++++++
 ++   Memory Efficiency is too small. Please review the requested memory. ++
 ++ It seems that you do not need that much memory so we recommend        ++
 ++ requesting less memory in other similar jobs.                         ++
 +++++++++++++++++++++++++++++++++++++++++++++++++++++++++++++++++++++++++++
 
*****************************************************************************


*****************************************************************************
*                                                                           *
*                    JOB EFFICIENCY REPORT (seff 10781185)                   *
*                                                                           *
*****************************************************************************

Job ID: 10781185
Cluster: finisterrae3
User/Group: curso341/ulc
State: COMPLETED (exit code 0)
Nodes: 9
Cores per node: 40
CPU Utilized: 00:14:15
CPU Efficiency: 2.45% of 09:42:00 core-walltime
Job Wall-clock time: 00:01:37
Memory Utilized: 9.89 GB (estimated maximum)
Memory Efficiency: 0.69% of 1.41 TB (4.00 GB/core)

 +++++++++++++++++++++++++++++++++++++++++++++++++++++++++++++++++++++++++++
 ++   Memory Efficiency is too small. Please review the requested memory. ++
 ++ It seems that you do not need that much memory so we recommend        ++
 ++ requesting less memory in other similar jobs.                         ++
 +++++++++++++++++++++++++++++++++++++++++++++++++++++++++++++++++++++++++++
 
*****************************************************************************


*****************************************************************************
*                                                                           *
*                    JOB EFFICIENCY REPORT (seff 10781185)                   *
*                                                                           *
*****************************************************************************

Job ID: 10781185
Cluster: finisterrae3
User/Group: curso341/ulc
State: COMPLETED (exit code 0)
Nodes: 9
Cores per node: 40
CPU Utilized: 00:14:04
CPU Efficiency: 2.42% of 09:42:00 core-walltime
Job Wall-clock time: 00:01:37
Memory Utilized: 9.89 GB (estimated maximum)
Memory Efficiency: 0.69% of 1.41 TB (4.00 GB/core)

 +++++++++++++++++++++++++++++++++++++++++++++++++++++++++++++++++++++++++++
 ++   Memory Efficiency is too small. Please review the requested memory. ++
 ++ It seems that you do not need that much memory so we recommend        ++
 ++ requesting less memory in other similar jobs.                         ++
 +++++++++++++++++++++++++++++++++++++++++++++++++++++++++++++++++++++++++++
 
*****************************************************************************



*****************************************************************************
*****************************************************************************
*                                                                           *
*                                                                           *
*                    JOB EFFICIENCY REPORT (seff 10781185)                   *
*                    JOB EFFICIENCY REPORT (seff 10781185)                   *
*                                                                           *
*                                                                           *
*****************************************************************************
*****************************************************************************


Job ID: 10781185
Job ID: 10781185
Cluster: finisterrae3
Cluster: finisterrae3
User/Group: curso341/ulc
User/Group: curso341/ulc
State: COMPLETED (exit code 0)
State: COMPLETED (exit code 0)
Nodes: 9
Nodes: 9
Cores per node: 40
Cores per node: 40
CPU Utilized: 00:20:34
CPU Utilized: 00:20:34
CPU Efficiency: 3.53% of 09:42:00 core-walltime
CPU Efficiency: 3.53% of 09:42:00 core-walltime
Job Wall-clock time: 00:01:37
Job Wall-clock time: 00:01:37
Memory Utilized: 17.12 GB
Memory Utilized: 17.12 GB
Memory Efficiency: 1.19% of 1.41 TB
Memory Efficiency: 1.19% of 1.41 TB


 +++++++++++++++++++++++++++++++++++++++++++++++++++++++++++++++++++++++++++
 +++++++++++++++++++++++++++++++++++++++++++++++++++++++++++++++++++++++++++
 ++   Memory Efficiency is too small. Please review the requested memory. ++
 ++   Memory Efficiency is too small. Please review the requested memory. ++
 ++ It seems that you do not need that much memory so we recommend        ++
 ++ It seems that you do not need that much memory so we recommend        ++
 ++ requesting less memory in other similar jobs.                         ++
 ++ requesting less memory in other similar jobs.                         ++
 +++++++++++++++++++++++++++++++++++++++++++++++++++++++++++++++++++++++++++
 +++++++++++++++++++++++++++++++++++++++++++++++++++++++++++++++++++++++++++
 
 
*****************************************************************************
*****************************************************************************


