slurmstepd: info: Setting TMPDIR to /scratch/10899127. Previous errors about TMPDIR can be discarded
Slurm job started at 07/03/2025_10:34:00 AM

In transit.
Initing Ray (1 head node + 2 worker nodes + 4 simulation nodes) on nodes: 
	ilk-145 ilk-146 ilk-147 ilk-148 ilk-149 ilk-150 ilk-151
Head node: 172.30.204.1:6379


RAY_DEPLOY_TIME:     23.48461
2025-03-07 10:34:27,588	INFO packaging.py:520 -- Creating a file package for local directory '/mnt/lustre/scratch/nlsas/home/ulc/cursos/curso341/dask_on_reisa_tests/E1/DASK_ON_REISA/derivative/P128-SN4-LS1-GS134-I10-AN2-D2025-03-07_09-35-21'.
2025-03-07 10:34:27,614	INFO packaging.py:347 -- Pushing file package 'gcs://_ray_pkg_8148965ba1ee67ae.zip' (0.48MiB) to Ray cluster...
2025-03-07 10:34:27,621	INFO packaging.py:360 -- Successfully pushed file package 'gcs://_ray_pkg_8148965ba1ee67ae.zip'.
RAY_INIT_TIME:       4.91984
Iter [0]
Iter [1]
Iter [2]
Iter [3]
Iter [4]
Iter [5]
[2m[36m(iter_task pid=1258930, ip=10.120.204.2)[0m /home/ulc/cursos/curso341/.local/lib/python3.9/site-packages/dask/config.py:693: UserWarning: Configuration key "shuffle" has been deprecated. Please use "dataframe.shuffle.algorithm" instead
[2m[36m(iter_task pid=1258930, ip=10.120.204.2)[0m   warnings.warn(
[2m[36m(iter_task pid=1258929, ip=10.120.204.2)[0m /home/ulc/cursos/curso341/.local/lib/python3.9/site-packages/dask/config.py:693: UserWarning: Configuration key "shuffle" has been deprecated. Please use "dataframe.shuffle.algorithm" instead
[2m[36m(iter_task pid=1258929, ip=10.120.204.2)[0m   warnings.warn(
Iter [6]
[2m[36m(iter_task pid=530009, ip=10.120.204.3)[0m /home/ulc/cursos/curso341/.local/lib/python3.9/site-packages/dask/config.py:693: UserWarning: Configuration key "shuffle" has been deprecated. Please use "dataframe.shuffle.algorithm" instead
[2m[36m(iter_task pid=530009, ip=10.120.204.3)[0m   warnings.warn(
[2m[36m(iter_task pid=530010, ip=10.120.204.3)[0m /home/ulc/cursos/curso341/.local/lib/python3.9/site-packages/dask/config.py:693: UserWarning: Configuration key "shuffle" has been deprecated. Please use "dataframe.shuffle.algorithm" instead
[2m[36m(iter_task pid=530010, ip=10.120.204.3)[0m   warnings.warn(
Iter [7]
Iter [8]
Iter [9]
GLOBAL_PUT_TIME:     0.027231216430664062 (avg:0.00272)
ACTOR_CONCURRENCY:   8
SIMULATION_TIME:     7.277682376000000 (avg: 0.727768237600000)
SIM_WTHOUT_PDI:      3.610949388000000 (avg: 0.361094938800000)
PDI_DELAY:           3.666732988000001 (avg: 0.366673298800000)

GLOBAL_SIZE_(GiB):   131072
LOCAL_SIZE_(MiB):    1
ITERATIONS:          10

MPI_PER_NODE:        32
MPI_PARALLELISM:     128

WORKER_NODES:        2
CPUS_PER_WORKER:     64
WORKER_PARALLELISM:  128


SLURM_JOB_ID:        10899127
[2m[36m(iter_task pid=530009, ip=10.120.204.3)[0m /home/ulc/cursos/curso341/.local/lib/python3.9/site-packages/dask/config.py:693: UserWarning: Configuration key "shuffle" has been deprecated. Please use "dataframe.shuffle.algorithm" instead
[2m[36m(iter_task pid=530009, ip=10.120.204.3)[0m   warnings.warn(
[2m[36m(iter_task pid=530010, ip=10.120.204.3)[0m /home/ulc/cursos/curso341/.local/lib/python3.9/site-packages/dask/config.py:693: UserWarning: Configuration key "shuffle" has been deprecated. Please use "dataframe.shuffle.algorithm" instead
[2m[36m(iter_task pid=530010, ip=10.120.204.3)[0m   warnings.warn(
EST_ANALYTICS_TIME:  29.28378 (avg:2.92838)

Slurm job finished at 07/03/2025_10:35:00 AM


*****************************************************************************
*****************************************************************************
*                                                                           *
*                                                                           *
*                    JOB EFFICIENCY REPORT (seff 10899127)                   *
*                    JOB EFFICIENCY REPORT (seff 10899127)                   *
*                                                                           *
*                                                                           *
*****************************************************************************
*****************************************************************************


Job ID: 10899127
Job ID: 10899127
Cluster: finisterrae3
Cluster: finisterrae3
User/Group: curso341/ulc
User/Group: curso341/ulc
State: COMPLETED (exit code 0)
State: COMPLETED (exit code 0)
Nodes: 7
Nodes: 7
Cores per node: 64
Cores per node: 64
CPU Utilized: 00:14:53
CPU Utilized: 00:14:53
CPU Efficiency: 3.11% of 07:57:52 core-walltime
CPU Efficiency: 3.11% of 07:57:52 core-walltime
Job Wall-clock time: 00:01:04
Job Wall-clock time: 00:01:04
Memory Utilized: 403.01 MB
Memory Utilized: 403.01 MB
Memory Efficiency: 0.03% of 1.48 TB
Memory Efficiency: 0.03% of 1.48 TB


 +++++++++++++++++++++++++++++++++++++++++++++++++++++++++++++++++++++++++++
 +++++++++++++++++++++++++++++++++++++++++++++++++++++++++++++++++++++++++++
 ++   Memory Efficiency is too small. Please review the requested memory. ++
 ++   Memory Efficiency is too small. Please review the requested memory. ++
 ++ It seems that you do not need that much memory so we recommend        ++
 ++ It seems that you do not need that much memory so we recommend        ++
 ++ requesting less memory in other similar jobs.                         ++
 ++ requesting less memory in other similar jobs.                         ++
 +++++++++++++++++++++++++++++++++++++++++++++++++++++++++++++++++++++++++++
 +++++++++++++++++++++++++++++++++++++++++++++++++++++++++++++++++++++++++++
 
 
*****************************************************************************
*****************************************************************************



*****************************************************************************
*                                                                           *
*                    JOB EFFICIENCY REPORT (seff 10899127)                   *
*                                                                           *
*****************************************************************************

Job ID: 10899127
Cluster: finisterrae3
User/Group: curso341/ulc
State: COMPLETED (exit code 0)
Nodes: 7
Cores per node: 64
CPU Utilized: 00:14:53
CPU Efficiency: 3.11% of 07:57:52 core-walltime
Job Wall-clock time: 00:01:04
Memory Utilized: 403.01 MB
Memory Efficiency: 0.03% of 1.48 TB

 +++++++++++++++++++++++++++++++++++++++++++++++++++++++++++++++++++++++++++
 ++   Memory Efficiency is too small. Please review the requested memory. ++
 ++ It seems that you do not need that much memory so we recommend        ++
 ++ requesting less memory in other similar jobs.                         ++
 +++++++++++++++++++++++++++++++++++++++++++++++++++++++++++++++++++++++++++
 
*****************************************************************************



*****************************************************************************
*****************************************************************************
*                                                                           *
*                                                                           *
*                    JOB EFFICIENCY REPORT (seff 10899127)                   *
*                    JOB EFFICIENCY REPORT (seff 10899127)                   *
*                                                                           *
*                                                                           *
*****************************************************************************
*****************************************************************************


Job ID: 10899127
Job ID: 10899127
Cluster: finisterrae3
Cluster: finisterrae3
User/Group: curso341/ulc
User/Group: curso341/ulc
State: COMPLETED (exit code 0)
State: COMPLETED (exit code 0)
Nodes: 7
Nodes: 7
Cores per node: 64
Cores per node: 64
CPU Utilized: 00:46:55
CPU Utilized: 00:46:55
CPU Efficiency: 9.82% of 07:57:52 core-walltime
CPU Efficiency: 9.82% of 07:57:52 core-walltime
Job Wall-clock time: 00:01:04
Job Wall-clock time: 00:01:04
Memory Utilized: 6.71 GB
Memory Utilized: 6.71 GB
Memory Efficiency: 0.44% of 1.48 TB
Memory Efficiency: 0.44% of 1.48 TB


 +++++++++++++++++++++++++++++++++++++++++++++++++++++++++++++++++++++++++++
 +++++++++++++++++++++++++++++++++++++++++++++++++++++++++++++++++++++++++++

 ++   Memory Efficiency is too small. Please review the requested memory. ++
 ++   Memory Efficiency is too small. Please review the requested memory. ++
*****************************************************************************
 ++ It seems that you do not need that much memory so we recommend        ++
 ++ It seems that you do not need that much memory so we recommend        ++
*                                                                           *
 ++ requesting less memory in other similar jobs.                         ++
 ++ requesting less memory in other similar jobs.                         ++
*                    JOB EFFICIENCY REPORT (seff 10899127)                   *
 +++++++++++++++++++++++++++++++++++++++++++++++++++++++++++++++++++++++++++
 +++++++++++++++++++++++++++++++++++++++++++++++++++++++++++++++++++++++++++
*                                                                           *
 
 
*****************************************************************************
*****************************************************************************
*****************************************************************************



Job ID: 10899127
Cluster: finisterrae3
User/Group: curso341/ulc
State: COMPLETED (exit code 0)
Nodes: 7
Cores per node: 64
CPU Utilized: 00:46:55
CPU Efficiency: 9.82% of 07:57:52 core-walltime
Job Wall-clock time: 00:01:04
Memory Utilized: 6.71 GB
Memory Efficiency: 0.44% of 1.48 TB

 +++++++++++++++++++++++++++++++++++++++++++++++++++++++++++++++++++++++++++
 ++   Memory Efficiency is too small. Please review the requested memory. ++
 ++ It seems that you do not need that much memory so we recommend        ++
 ++ requesting less memory in other similar jobs.                         ++
 +++++++++++++++++++++++++++++++++++++++++++++++++++++++++++++++++++++++++++
 
*****************************************************************************


*****************************************************************************
*                                                                           *
*                    JOB EFFICIENCY REPORT (seff 10899127)                   *
*                                                                           *
*****************************************************************************

Job ID: 10899127
Cluster: finisterrae3
User/Group: curso341/ulc
State: COMPLETED (exit code 0)
Nodes: 7
Cores per node: 64
CPU Utilized: 00:48:33
CPU Efficiency: 10.16% of 07:57:52 core-walltime
Job Wall-clock time: 00:01:04
Memory Utilized: 6.71 GB
Memory Efficiency: 0.44% of 1.48 TB

 +++++++++++++++++++++++++++++++++++++++++++++++++++++++++++++++++++++++++++
 ++   Memory Efficiency is too small. Please review the requested memory. ++
 ++ It seems that you do not need that much memory so we recommend        ++
 ++ requesting less memory in other similar jobs.                         ++
 +++++++++++++++++++++++++++++++++++++++++++++++++++++++++++++++++++++++++++
 
*****************************************************************************

