slurmstepd: info: Setting TMPDIR to /scratch/10932566. Previous errors about TMPDIR can be discarded
Slurm job started at 10/03/2025_07:14:21 PM

In transit.
Initing Ray (1 head node + 2 worker nodes + 4 simulation nodes) on nodes: 
	ilk-153 ilk-154 ilk-155 ilk-156 ilk-159 ilk-160 ilk-161
Head node: 172.30.204.9:6379


RAY_DEPLOY_TIME:     24.10171
2025-03-10 19:14:55,553	INFO packaging.py:520 -- Creating a file package for local directory '/mnt/lustre/scratch/nlsas/home/ulc/cursos/curso341/dask_on_reisa_tests/E5/REISA_ONE_ACTOR/derivative/P128-SN4-LS134-GS17179-I10-AN2-D2025-03-10_18-37-43'.
2025-03-10 19:14:55,581	INFO packaging.py:347 -- Pushing file package 'gcs://_ray_pkg_cc89e2b1ae15527f.zip' (0.48MiB) to Ray cluster...
2025-03-10 19:14:55,587	INFO packaging.py:360 -- Successfully pushed file package 'gcs://_ray_pkg_cc89e2b1ae15527f.zip'.
RAY_INIT_TIME:       4.00032
Iter [0]
Iter [1]
Iter [2]
Iter [3]
Iter [4]
Iter [5]
Iter [6]
Iter [7]
Iter [8]
Iter [9]
GLOBAL_PUT_TIME:     8.25680661201477 (avg:0.82568)
ACTOR_CONCURRENCY:   8
SIMULATION_TIME:     47.698851382000001 (avg: 4.769885138200000)
SIM_WTHOUT_PDI:      24.540929655999996 (avg: 2.454092965600000)
PDI_DELAY:           23.157921726000005 (avg: 2.315792172600001)

GLOBAL_SIZE_(GiB):   16777216
LOCAL_SIZE_(MiB):    128
ITERATIONS:          10

MPI_PER_NODE:        32
MPI_PARALLELISM:     128

WORKER_NODES:        2
CPUS_PER_WORKER:     64
WORKER_PARALLELISM:  128


SLURM_JOB_ID:        10932566
EST_ANALYTICS_TIME:  691.99975 (avg:69.19998)
Traceback (most recent call last):
  File "/mnt/lustre/scratch/nlsas/home/ulc/cursos/curso341/dask_on_reisa_tests/E5/REISA_ONE_ACTOR/derivative/P128-SN4-LS134-GS17179-I10-AN2-D2025-03-10_18-37-43/derivative.py", line 64, in <module>
    result = handler.get_result(process_func, iter_func, global_func=global_func, selected_iters=iterations, kept_iters=5, timeline=False)
  File "/mnt/lustre/scratch/nlsas/home/ulc/cursos/curso341/dask_on_reisa_tests/E5/REISA_ONE_ACTOR/derivative/P128-SN4-LS134-GS17179-I10-AN2-D2025-03-10_18-37-43/reisa.py", line 154, in get_result
    return global_func(RayList(results))
  File "/mnt/lustre/scratch/nlsas/home/ulc/cursos/curso341/dask_on_reisa_tests/E5/REISA_ONE_ACTOR/derivative/P128-SN4-LS134-GS17179-I10-AN2-D2025-03-10_18-37-43/derivative.py", line 57, in global_func
    return np.average(final_results[:])
  File "/mnt/lustre/scratch/nlsas/home/ulc/cursos/curso341/dask_on_reisa_tests/E5/REISA_ONE_ACTOR/derivative/P128-SN4-LS134-GS17179-I10-AN2-D2025-03-10_18-37-43/reisa.py", line 51, in __getitem__
    return ray.get(RayList(item))
  File "/home/ulc/cursos/curso341/.local/lib/python3.9/site-packages/ray/_private/client_mode_hook.py", line 104, in wrapper
    return getattr(ray, func.__name__)(*args, **kwargs)
  File "/home/ulc/cursos/curso341/.local/lib/python3.9/site-packages/ray/util/client/api.py", line 42, in get
    return self.worker.get(vals, timeout=timeout)
  File "/home/ulc/cursos/curso341/.local/lib/python3.9/site-packages/ray/util/client/worker.py", line 434, in get
    res = self._get(to_get, op_timeout)
  File "/home/ulc/cursos/curso341/.local/lib/python3.9/site-packages/ray/util/client/worker.py", line 462, in _get
    raise err
ray.exceptions.RayTaskError: [36mray::iter_task()[39m (pid=729283, ip=172.30.204.11)
  File "/mnt/lustre/scratch/nlsas/home/ulc/cursos/curso341/dask_on_reisa_tests/E5/REISA_ONE_ACTOR/derivative/P128-SN4-LS134-GS17179-I10-AN2-D2025-03-10_18-37-43/reisa.py", line 144, in iter_task
    return iter_func(i, RayList(current_result))
  File "/mnt/lustre/scratch/nlsas/home/ulc/cursos/curso341/dask_on_reisa_tests/E5/REISA_ONE_ACTOR/derivative/P128-SN4-LS134-GS17179-I10-AN2-D2025-03-10_18-37-43/derivative.py", line 47, in iter_func
    return np.average(current_results[:])
  File "/scratch/10932566/ray/session_2025-03-10_19-14-22_882269_3904298/runtime_resources/working_dir_files/_ray_pkg_cc89e2b1ae15527f/reisa.py", line 51, in __getitem__
    return ray.get(RayList(item))
ray.exceptions.RayTaskError: [36mray::process_task()[39m (pid=3745564, ip=172.30.204.10)
  File "/mnt/lustre/scratch/nlsas/home/ulc/cursos/curso341/dask_on_reisa_tests/E5/REISA_ONE_ACTOR/derivative/P128-SN4-LS134-GS17179-I10-AN2-D2025-03-10_18-37-43/reisa.py", line 125, in process_task
    return process_func(rank, i, queue)
  File "/mnt/lustre/scratch/nlsas/home/ulc/cursos/curso341/dask_on_reisa_tests/E5/REISA_ONE_ACTOR/derivative/P128-SN4-LS134-GS17179-I10-AN2-D2025-03-10_18-37-43/derivative.py", line 34, in process_func
    gt = np.array(queue[-5:])
  File "/mnt/lustre/scratch/nlsas/home/ulc/cursos/curso341/dask_on_reisa_tests/E5/REISA_ONE_ACTOR/derivative/P128-SN4-LS134-GS17179-I10-AN2-D2025-03-10_18-37-43/reisa.py", line 51, in __getitem__
    return ray.get(RayList(item))
ray.exceptions.ObjectFetchTimedOutError: Failed to retrieve object 00ffffffffffffffffffffffffffffffffffffff2e00000004000000. To see information about where this ObjectRef was created in Python, set the environment variable RAY_record_ref_creation_sites=1 during `ray start` and `ray.init()`.

Fetch for object 00ffffffffffffffffffffffffffffffffffffff2e00000004000000 timed out because no locations were found for the object. This may indicate a system-level bug.
srun: error: ilk-154: task 0: Exited with exit code 1
srun: launch/slurm: _step_signal: Terminating StepId=10932566.8

Slurm job finished at 10/03/2025_07:26:32 PM

*****************************************************************************
*                                                                           *
*                    JOB EFFICIENCY REPORT (seff 10932566)                   *
*                                                                           *
*****************************************************************************

Job ID: 10932566
Cluster: finisterrae3
User/Group: curso341/ulc
State: COMPLETED (exit code 0)
Nodes: 7
Cores per node: 64
CPU Utilized: 01:22:48
CPU Efficiency: 1.51% of 3-19:13:04 core-walltime
Job Wall-clock time: 00:12:13
Memory Utilized: 674.30 MB
Memory Efficiency: 0.04% of 1.48 TB

 +++++++++++++++++++++++++++++++++++++++++++++++++++++++++++++++++++++++++++
 ++   Memory Efficiency is too small. Please review the requested memory. ++
 ++ It seems that you do not need that much memory so we recommend        ++
 ++ requesting less memory in other similar jobs.                         ++
 +++++++++++++++++++++++++++++++++++++++++++++++++++++++++++++++++++++++++++
 
*****************************************************************************


*****************************************************************************
*                                                                           *
*                    JOB EFFICIENCY REPORT (seff 10932566)                   *
*                                                                           *
*****************************************************************************

Job ID: 10932566
Cluster: finisterrae3
User/Group: curso341/ulc
State: COMPLETED (exit code 0)
Nodes: 7
Cores per node: 64
CPU Utilized: 01:56:26
CPU Efficiency: 2.13% of 3-19:13:04 core-walltime
Job Wall-clock time: 00:12:13
Memory Utilized: 26.56 GB
Memory Efficiency: 1.75% of 1.48 TB

 +++++++++++++++++++++++++++++++++++++++++++++++++++++++++++++++++++++++++++
 ++   Memory Efficiency is too small. Please review the requested memory. ++
 ++ It seems that you do not need that much memory so we recommend        ++
 ++ requesting less memory in other similar jobs.                         ++
 +++++++++++++++++++++++++++++++++++++++++++++++++++++++++++++++++++++++++++
 
*****************************************************************************


*****************************************************************************
*                                                                           *
*                    JOB EFFICIENCY REPORT (seff 10932566)                   *
*                                                                           *
*****************************************************************************

Job ID: 10932566
Cluster: finisterrae3
User/Group: curso341/ulc
State: COMPLETED (exit code 0)
Nodes: 7
Cores per node: 64
CPU Utilized: 01:56:26
CPU Efficiency: 2.13% of 3-19:13:04 core-walltime
Job Wall-clock time: 00:12:13
Memory Utilized: 26.56 GB
Memory Efficiency: 1.75% of 1.48 TB

 +++++++++++++++++++++++++++++++++++++++++++++++++++++++++++++++++++++++++++
 ++   Memory Efficiency is too small. Please review the requested memory. ++
 ++ It seems that you do not need that much memory so we recommend        ++
 ++ requesting less memory in other similar jobs.                         ++
 +++++++++++++++++++++++++++++++++++++++++++++++++++++++++++++++++++++++++++
 
*****************************************************************************


*****************************************************************************
*                                                                           *
*                    JOB EFFICIENCY REPORT (seff 10932566)                   *
*                                                                           *
*****************************************************************************

Job ID: 10932566
Cluster: finisterrae3
User/Group: curso341/ulc
State: COMPLETED (exit code 0)
Nodes: 7
Cores per node: 64
CPU Utilized: 01:56:26
CPU Efficiency: 2.13% of 3-19:13:04 core-walltime
Job Wall-clock time: 00:12:13
Memory Utilized: 26.56 GB
Memory Efficiency: 1.75% of 1.48 TB

 +++++++++++++++++++++++++++++++++++++++++++++++++++++++++++++++++++++++++++
 ++   Memory Efficiency is too small. Please review the requested memory. ++
 ++ It seems that you do not need that much memory so we recommend        ++
 ++ requesting less memory in other similar jobs.                         ++
 +++++++++++++++++++++++++++++++++++++++++++++++++++++++++++++++++++++++++++
 
*****************************************************************************


*****************************************************************************
*                                                                           *
*                    JOB EFFICIENCY REPORT (seff 10932566)                   *
*                                                                           *
*****************************************************************************

Job ID: 10932566
Cluster: finisterrae3
User/Group: curso341/ulc
State: COMPLETED (exit code 0)
Nodes: 7
Cores per node: 64
CPU Utilized: 01:56:26
CPU Efficiency: 2.13% of 3-19:13:04 core-walltime
Job Wall-clock time: 00:12:13
Memory Utilized: 26.56 GB
Memory Efficiency: 1.75% of 1.48 TB

 +++++++++++++++++++++++++++++++++++++++++++++++++++++++++++++++++++++++++++
 ++   Memory Efficiency is too small. Please review the requested memory. ++
 ++ It seems that you do not need that much memory so we recommend        ++
 ++ requesting less memory in other similar jobs.                         ++
 +++++++++++++++++++++++++++++++++++++++++++++++++++++++++++++++++++++++++++
 
*****************************************************************************


*****************************************************************************
*                                                                           *
*                    JOB EFFICIENCY REPORT (seff 10932566)                   *
*                                                                           *
*****************************************************************************

Job ID: 10932566
Cluster: finisterrae3
User/Group: curso341/ulc
State: COMPLETED (exit code 0)
Nodes: 7
Cores per node: 64
CPU Utilized: 01:56:26
CPU Efficiency: 2.13% of 3-19:13:04 core-walltime
Job Wall-clock time: 00:12:13
Memory Utilized: 26.56 GB
Memory Efficiency: 1.75% of 1.48 TB

 +++++++++++++++++++++++++++++++++++++++++++++++++++++++++++++++++++++++++++
 ++   Memory Efficiency is too small. Please review the requested memory. ++
 ++ It seems that you do not need that much memory so we recommend        ++
 ++ requesting less memory in other similar jobs.                         ++
 +++++++++++++++++++++++++++++++++++++++++++++++++++++++++++++++++++++++++++
 
*****************************************************************************


*****************************************************************************
*                                                                           *
*                    JOB EFFICIENCY REPORT (seff 10932566)                   *
*                                                                           *
*****************************************************************************

Job ID: 10932566
Cluster: finisterrae3
User/Group: curso341/ulc
State: COMPLETED (exit code 0)
Nodes: 7
Cores per node: 64
CPU Utilized: 01:56:26
CPU Efficiency: 2.13% of 3-19:13:04 core-walltime
Job Wall-clock time: 00:12:13
Memory Utilized: 26.56 GB
Memory Efficiency: 1.75% of 1.48 TB

 +++++++++++++++++++++++++++++++++++++++++++++++++++++++++++++++++++++++++++
 ++   Memory Efficiency is too small. Please review the requested memory. ++
 ++ It seems that you do not need that much memory so we recommend        ++
 ++ requesting less memory in other similar jobs.                         ++
 +++++++++++++++++++++++++++++++++++++++++++++++++++++++++++++++++++++++++++
 
*****************************************************************************

