slurmstepd: info: Setting TMPDIR to /scratch/10899162. Previous errors about TMPDIR can be discarded
Slurm job started at 07/03/2025_12:47:17 PM

In transit.
Initing Ray (1 head node + 2 worker nodes + 4 simulation nodes) on nodes: 
	ilk-159 ilk-160 ilk-161 ilk-162 ilk-163 ilk-164 ilk-165
Head node: 172.30.204.15:6379


RAY_DEPLOY_TIME:     23.37377
2025-03-07 12:47:45,603	INFO packaging.py:520 -- Creating a file package for local directory '/mnt/lustre/scratch/nlsas/home/ulc/cursos/curso341/dask_on_reisa_tests/E1/DASK_ON_REISA_ONE_ACTOR/reduction/P128-SN4-LS134-GS17179-I20-AN2-D2025-03-07_09-36-30'.
2025-03-07 12:47:45,632	INFO packaging.py:347 -- Pushing file package 'gcs://_ray_pkg_4c2895bc275379bd.zip' (0.48MiB) to Ray cluster...
2025-03-07 12:47:45,638	INFO packaging.py:360 -- Successfully pushed file package 'gcs://_ray_pkg_4c2895bc275379bd.zip'.
RAY_INIT_TIME:       6.17190
Iter [0]
Iter [2]
Iter [4]
Iter [6]
Iter [8]
Iter [10]
Iter [12]
srun: Job step aborted: Waiting up to 32 seconds for job step to finish.
slurmstepd: error: *** JOB 10899162 ON ilk-159 CANCELLED AT 2025-03-07T13:07:23 DUE TO TIME LIMIT ***
srun: Job step aborted: Waiting up to 32 seconds for job step to finish.
slurmstepd: error: *** STEP 10899162.8 ON ilk-160 CANCELLED AT 2025-03-07T13:07:23 DUE TO TIME LIMIT ***
slurmstepd: error: *** STEP 10899162.9 ON ilk-162 CANCELLED AT 2025-03-07T13:07:23 DUE TO TIME LIMIT ***
*** SIGTERM received at time=1741349243 on cpu 10 ***
*** SIGTERM received at time=1741349243 on cpu 56 ***
*** SIGTERM received at time=1741349243 on cpu 44 ***
*** SIGTERM received at time=1741349243 on cpu 53 ***
*** SIGTERM received at time=1741349243 on cpu 48 ***
*** SIGTERM received at time=1741349243 on cpu 21 ***
*** SIGTERM received at time=1741349243 on cpu 17 ***
*** SIGTERM received at time=1741349243 on cpu 44 ***
*** SIGTERM received at time=1741349243 on cpu 5 ***
*** SIGTERM received at time=1741349243 on cpu 26 ***
*** SIGTERM received at time=1741349243 on cpu 36 ***
*** SIGTERM received at time=1741349243 on cpu 3 ***
*** SIGTERM received at time=1741349243 on cpu 39 ***
*** SIGTERM received at time=1741349243 on cpu 11 ***
*** SIGTERM received at time=1741349243 on cpu 30 ***
*** SIGTERM received at time=1741349243 on cpu 54 ***
*** SIGTERM received at time=1741349243 on cpu 25 ***
*** SIGTERM received at time=1741349243 on cpu 20 ***
*** SIGTERM received at time=1741349243 on cpu 63 ***
*** SIGTERM received at time=1741349243 on cpu 6 ***
*** SIGTERM received at time=1741349243 on cpu 24 ***
*** SIGTERM received at time=1741349243 on cpu 24 ***
*** SIGTERM received at time=1741349243 on cpu 4 ***
*** SIGTERM received at time=1741349243 on cpu 15 ***
*** SIGTERM received at time=1741349243 on cpu 49 ***
*** SIGTERM received at time=1741349243 on cpu 60 ***
*** SIGTERM received at time=1741349243 on cpu 34 ***
*** SIGTERM received at time=1741349243 on cpu 44 ***
*** SIGTERM received at time=1741349243 on cpu 52 ***
*** SIGTERM received at time=1741349243 on cpu 31 ***
*** SIGTERM received at time=1741349243 on cpu 21 ***
*** SIGTERM received at time=1741349243 on cpu 25 ***
*** SIGTERM received at time=1741349243 on cpu 15 ***
*** SIGTERM received at time=1741349243 on cpu 55 ***
*** SIGTERM received at time=1741349243 on cpu 13 ***
*** SIGTERM received at time=1741349243 on cpu 7 ***
*** SIGTERM received at time=1741349243 on cpu 12 ***
*** SIGTERM received at time=1741349243 on cpu 60 ***
*** SIGTERM received at time=1741349243 on cpu 60 ***
*** SIGTERM received at time=1741349243 on cpu 19 ***
*** SIGTERM received at time=1741349243 on cpu 3 ***
*** SIGTERM received at time=1741349243 on cpu 9 ***
*** SIGTERM received at time=1741349243 on cpu 17 ***
*** SIGTERM received at time=1741349243 on cpu 6 ***
*** SIGTERM received at time=1741349243 on cpu 62 ***
*** SIGTERM received at time=1741349243 on cpu 14 ***
*** SIGTERM received at time=1741349243 on cpu 63 ***
*** SIGTERM received at time=1741349243 on cpu 61 ***
*** SIGTERM received at time=1741349243 on cpu 35 ***
*** SIGTERM received at time=1741349243 on cpu 11 ***
*** SIGTERM received at time=1741349243 on cpu 13 ***
*** SIGTERM received at time=1741349243 on cpu 9 ***
*** SIGTERM received at time=1741349243 on cpu 2 ***
*** SIGTERM received at time=1741349243 on cpu 27 ***
*** SIGTERM received at time=1741349243 on cpu 8 ***
*** SIGTERM received at time=1741349243 on cpu 33 ***
*** SIGTERM received at time=1741349243 on cpu 34 ***
*** SIGTERM received at time=1741349243 on cpu 15 ***
*** SIGTERM received at time=1741349243 on cpu 41 ***
*** SIGTERM received at time=1741349243 on cpu 16 ***
*** SIGTERM received at time=1741349243 on cpu 10 ***
*** SIGTERM received at time=1741349243 on cpu 41 ***
*** SIGTERM received at time=1741349243 on cpu 16 ***
*** SIGTERM received at time=1741349243 on cpu 51 ***
*** SIGTERM received at time=1741349243 on cpu 38 ***
*** SIGTERM received at time=1741349243 on cpu 14 ***
*** SIGTERM received at time=1741349243 on cpu 48 ***
*** SIGTERM received at time=1741349243 on cpu 30 ***
*** SIGTERM received at time=1741349243 on cpu 5 ***
*** SIGTERM received at time=1741349243 on cpu 22 ***
*** SIGTERM received at time=1741349243 on cpu 4 ***
*** SIGTERM received at time=1741349243 on cpu 0 ***
*** SIGTERM received at time=1741349243 on cpu 23 ***
*** SIGTERM received at time=1741349243 on cpu 2 ***
*** SIGTERM received at time=1741349243 on cpu 11 ***
*** SIGTERM received at time=1741349243 on cpu 54 ***
*** SIGTERM received at time=1741349243 on cpu 48 ***
*** SIGTERM received at time=1741349243 on cpu 10 ***
*** SIGTERM received at time=1741349243 on cpu 55 ***
*** SIGTERM received at time=1741349243 on cpu 32 ***
*** SIGTERM received at time=1741349243 on cpu 61 ***
*** SIGTERM received at time=1741349243 on cpu 52 ***
*** SIGTERM received at time=1741349243 on cpu 5 ***
*** SIGTERM received at time=1741349243 on cpu 15 ***
*** SIGTERM received at time=1741349243 on cpu 27 ***
*** SIGTERM received at time=1741349243 on cpu 57 ***
*** SIGTERM received at time=1741349243 on cpu 4 ***
*** SIGTERM received at time=1741349243 on cpu 13 ***
*** SIGTERM received at time=1741349243 on cpu 56 ***
*** SIGTERM received at time=1741349243 on cpu 23 ***
*** SIGTERM received at time=1741349243 on cpu 50 ***
*** SIGTERM received at time=1741349243 on cpu 17 ***
*** SIGTERM received at time=1741349243 on cpu 62 ***
*** SIGTERM received at time=1741349243 on cpu 16 ***
*** SIGTERM received at time=1741349243 on cpu 3 ***
*** SIGTERM received at time=1741349243 on cpu 2 ***
*** SIGTERM received at time=1741349243 on cpu 25 ***
*** SIGTERM received at time=1741349243 on cpu 8 ***
*** SIGTERM received at time=1741349243 on cpu 60 ***
*** SIGTERM received at time=1741349243 on cpu 6 ***
*** SIGTERM received at time=1741349243 on cpu 14 ***
*** SIGTERM received at time=1741349243 on cpu 40 ***
*** SIGTERM received at time=1741349243 on cpu 18 ***
*** SIGTERM received at time=1741349243 on cpu 42 ***
*** SIGTERM received at time=1741349243 on cpu 35 ***
*** SIGTERM received at time=1741349243 on cpu 21 ***
