slurmstepd: info: Setting TMPDIR to /scratch/10935962. Previous errors about TMPDIR can be discarded
Slurm job started at 11/03/2025_12:54:35 PM

In transit.
Initing Ray (1 head node + 2 worker nodes + 4 simulation nodes) on nodes: 
	ilk-146 ilk-147 ilk-148 ilk-149 ilk-150 ilk-151 ilk-152
Head node: 172.30.204.2:6379


RAY_DEPLOY_TIME:     23.41391
2025-03-11 12:55:01,954	INFO packaging.py:520 -- Creating a file package for local directory '/mnt/lustre/scratch/nlsas/home/ulc/cursos/curso341/dask_on_reisa_tests/E6/REISA_ONE_ACTOR/derivative/P128-SN4-LS134-GS17179-I10-AN2-D2025-03-11_08-52-14'.
2025-03-11 12:55:01,984	INFO packaging.py:347 -- Pushing file package 'gcs://_ray_pkg_f88dd500195d1dde.zip' (0.48MiB) to Ray cluster...
2025-03-11 12:55:01,990	INFO packaging.py:360 -- Successfully pushed file package 'gcs://_ray_pkg_f88dd500195d1dde.zip'.
RAY_INIT_TIME:       3.59548
Iter [0]
Iter [1]
Iter [2]
Iter [3]
Iter [4]
Iter [5]
Iter [6]
Iter [7]
Iter [8]
Iter [9]
GLOBAL_PUT_TIME:     7.411617279052734 (avg:0.74116)
ACTOR_CONCURRENCY:   8
SIMULATION_TIME:     47.955565604000000 (avg: 4.795556560400000)
SIM_WTHOUT_PDI:      30.814204719000003 (avg: 3.081420471900000)
PDI_DELAY:           17.141360884999997 (avg: 1.714136088500000)

GLOBAL_SIZE_(GiB):   16777216
LOCAL_SIZE_(MiB):    128
ITERATIONS:          10

MPI_PER_NODE:        32
MPI_PARALLELISM:     128

WORKER_NODES:        2
CPUS_PER_WORKER:     64
WORKER_PARALLELISM:  128


SLURM_JOB_ID:        10935962
EST_ANALYTICS_TIME:  98.27952 (avg:9.82795)

Slurm job finished at 11/03/2025_12:56:44 PM

*****************************************************************************
*                                                                           *
*                    JOB EFFICIENCY REPORT (seff 10935962)                   *
*                                                                           *
*****************************************************************************

Job ID: 10935962
Cluster: finisterrae3
User/Group: curso341/ulc
State: COMPLETED (exit code 0)
Nodes: 7
Cores per node: 64
CPU Utilized: 01:20:46
CPU Efficiency: 8.32% of 16:10:40 core-walltime
Job Wall-clock time: 00:02:10
Memory Utilized: 650.11 MB
Memory Efficiency: 0.04% of 1.48 TB

 +++++++++++++++++++++++++++++++++++++++++++++++++++++++++++++++++++++++++++
 ++   Memory Efficiency is too small. Please review the requested memory. ++
 ++ It seems that you do not need that much memory so we recommend        ++
 ++ requesting less memory in other similar jobs.                         ++
 +++++++++++++++++++++++++++++++++++++++++++++++++++++++++++++++++++++++++++
 
*****************************************************************************







*****************************************************************************
*****************************************************************************
*****************************************************************************
*****************************************************************************
*****************************************************************************
*****************************************************************************
*                                                                           *
*                                                                           *
*                                                                           *
*                                                                           *
*                                                                           *
*                                                                           *
*                    JOB EFFICIENCY REPORT (seff 10935962)                   *
*                    JOB EFFICIENCY REPORT (seff 10935962)                   *
*                    JOB EFFICIENCY REPORT (seff 10935962)                   *
*                    JOB EFFICIENCY REPORT (seff 10935962)                   *
*                    JOB EFFICIENCY REPORT (seff 10935962)                   *
*                    JOB EFFICIENCY REPORT (seff 10935962)                   *
*                                                                           *
*                                                                           *
*                                                                           *
*                                                                           *
*                                                                           *
*                                                                           *
*****************************************************************************
*****************************************************************************
*****************************************************************************
*****************************************************************************
*****************************************************************************
*****************************************************************************






Job ID: 10935962
Job ID: 10935962
Job ID: 10935962
Job ID: 10935962
Job ID: 10935962
Job ID: 10935962
Cluster: finisterrae3
Cluster: finisterrae3
Cluster: finisterrae3
Cluster: finisterrae3
Cluster: finisterrae3
Cluster: finisterrae3
User/Group: curso341/ulc
User/Group: curso341/ulc
User/Group: curso341/ulc
User/Group: curso341/ulc
User/Group: curso341/ulc
User/Group: curso341/ulc
State: COMPLETED (exit code 0)
State: COMPLETED (exit code 0)
State: COMPLETED (exit code 0)
State: COMPLETED (exit code 0)
State: COMPLETED (exit code 0)
State: COMPLETED (exit code 0)
Nodes: 7
Nodes: 7
Nodes: 7
Nodes: 7
Nodes: 7
Nodes: 7
Cores per node: 64
Cores per node: 64
Cores per node: 64
Cores per node: 64
Cores per node: 64
Cores per node: 64
CPU Utilized: 01:53:27
CPU Utilized: 01:53:27
CPU Utilized: 01:53:27
CPU Utilized: 01:53:27
CPU Utilized: 01:53:27
CPU Utilized: 01:53:27
CPU Efficiency: 11.69% of 16:10:40 core-walltime
CPU Efficiency: 11.69% of 16:10:40 core-walltime
CPU Efficiency: 11.69% of 16:10:40 core-walltime
CPU Efficiency: 11.69% of 16:10:40 core-walltime
CPU Efficiency: 11.69% of 16:10:40 core-walltime
CPU Efficiency: 11.69% of 16:10:40 core-walltime
Job Wall-clock time: 00:02:10
Job Wall-clock time: 00:02:10
Job Wall-clock time: 00:02:10
Job Wall-clock time: 00:02:10
Job Wall-clock time: 00:02:10
Job Wall-clock time: 00:02:10
Memory Utilized: 15.96 GB
Memory Utilized: 15.96 GB
Memory Utilized: 15.96 GB
Memory Utilized: 15.96 GB
Memory Utilized: 15.96 GB
Memory Utilized: 15.96 GB
Memory Efficiency: 1.05% of 1.48 TB
Memory Efficiency: 1.05% of 1.48 TB
Memory Efficiency: 1.05% of 1.48 TB
Memory Efficiency: 1.05% of 1.48 TB
Memory Efficiency: 1.05% of 1.48 TB
Memory Efficiency: 1.05% of 1.48 TB






 +++++++++++++++++++++++++++++++++++++++++++++++++++++++++++++++++++++++++++
 +++++++++++++++++++++++++++++++++++++++++++++++++++++++++++++++++++++++++++
 +++++++++++++++++++++++++++++++++++++++++++++++++++++++++++++++++++++++++++
 +++++++++++++++++++++++++++++++++++++++++++++++++++++++++++++++++++++++++++
 +++++++++++++++++++++++++++++++++++++++++++++++++++++++++++++++++++++++++++
 +++++++++++++++++++++++++++++++++++++++++++++++++++++++++++++++++++++++++++
 ++   Memory Efficiency is too small. Please review the requested memory. ++
 ++   Memory Efficiency is too small. Please review the requested memory. ++
 ++   Memory Efficiency is too small. Please review the requested memory. ++
 ++   Memory Efficiency is too small. Please review the requested memory. ++
 ++   Memory Efficiency is too small. Please review the requested memory. ++
 ++   Memory Efficiency is too small. Please review the requested memory. ++
 ++ It seems that you do not need that much memory so we recommend        ++
 ++ It seems that you do not need that much memory so we recommend        ++
 ++ It seems that you do not need that much memory so we recommend        ++
 ++ It seems that you do not need that much memory so we recommend        ++
 ++ It seems that you do not need that much memory so we recommend        ++
 ++ It seems that you do not need that much memory so we recommend        ++
 ++ requesting less memory in other similar jobs.                         ++
 ++ requesting less memory in other similar jobs.                         ++
 ++ requesting less memory in other similar jobs.                         ++
 ++ requesting less memory in other similar jobs.                         ++
 ++ requesting less memory in other similar jobs.                         ++
 ++ requesting less memory in other similar jobs.                         ++
 +++++++++++++++++++++++++++++++++++++++++++++++++++++++++++++++++++++++++++
 +++++++++++++++++++++++++++++++++++++++++++++++++++++++++++++++++++++++++++
 +++++++++++++++++++++++++++++++++++++++++++++++++++++++++++++++++++++++++++
 +++++++++++++++++++++++++++++++++++++++++++++++++++++++++++++++++++++++++++
 +++++++++++++++++++++++++++++++++++++++++++++++++++++++++++++++++++++++++++
 +++++++++++++++++++++++++++++++++++++++++++++++++++++++++++++++++++++++++++
 
 
 
 
 
 
*****************************************************************************
*****************************************************************************
*****************************************************************************
*****************************************************************************
*****************************************************************************
*****************************************************************************






