slurmstepd: info: Setting TMPDIR to /scratch/10935936. Previous errors about TMPDIR can be discarded
Slurm job started at 11/03/2025_11:40:37 AM

In situ 2,
Initing Ray (1 head node + 2 worker nodes + 4 simulation nodes) on nodes: 
	ilk-158 ilk-160 ilk-161 ilk-162 ilk-163 ilk-166 ilk-167
Head node: 172.30.204.14:6379


RAY_DEPLOY_TIME:     23.53911
2025-03-11 11:41:03,699	INFO packaging.py:520 -- Creating a file package for local directory '/mnt/lustre/scratch/nlsas/home/ulc/cursos/curso341/dask_on_reisa_tests/E6/REISA/derivative/P128-SN4-LS134-GS17179-I10-AN2-D2025-03-11_08-51-23'.
2025-03-11 11:41:03,726	INFO packaging.py:347 -- Pushing file package 'gcs://_ray_pkg_a68eb39ab48fabd8.zip' (0.48MiB) to Ray cluster...
2025-03-11 11:41:03,733	INFO packaging.py:360 -- Successfully pushed file package 'gcs://_ray_pkg_a68eb39ab48fabd8.zip'.
RAY_INIT_TIME:       3.29379
Iter [0]
Iter [1]
Iter [2]
Iter [3]
Iter [4]
Iter [5]
Iter [6]
Iter [7]
Iter [8]
Iter [9]
GLOBAL_PUT_TIME:     7.524134635925293 (avg:0.75241)
ACTOR_CONCURRENCY:   8
SIMULATION_TIME:     33.209069180000000 (avg: 3.320906918000000)
SIM_WTHOUT_PDI:      20.390658055000003 (avg: 2.039065805500000)
PDI_DELAY:           12.818411124999997 (avg: 1.281841112500000)

GLOBAL_SIZE_(GiB):   16777216
LOCAL_SIZE_(MiB):    128
ITERATIONS:          10

MPI_PER_NODE:        32
MPI_PARALLELISM:     128

WORKER_NODES:        2
CPUS_PER_WORKER:     64
WORKER_PARALLELISM:  128


SLURM_JOB_ID:        10935936
EST_ANALYTICS_TIME:  63.89696 (avg:6.38970)

Slurm job finished at 11/03/2025_11:42:11 AM

*****************************************************************************
*                                                                           *
*                    JOB EFFICIENCY REPORT (seff 10935936)                   *
*                                                                           *
*****************************************************************************

Job ID: 10935936
Cluster: finisterrae3
User/Group: curso341/ulc
State: COMPLETED (exit code 0)
Nodes: 7
Cores per node: 64
CPU Utilized: 01:03:44
CPU Efficiency: 8.98% of 11:49:20 core-walltime
Job Wall-clock time: 00:01:35
Memory Utilized: 57.74 GB (estimated maximum)
Memory Efficiency: 3.80% of 1.48 TB (3.39 GB/core)

 +++++++++++++++++++++++++++++++++++++++++++++++++++++++++++++++++++++++++++
 ++   Memory Efficiency is too small. Please review the requested memory. ++
 ++ It seems that you do not need that much memory so we recommend        ++
 ++ requesting less memory in other similar jobs.                         ++
 +++++++++++++++++++++++++++++++++++++++++++++++++++++++++++++++++++++++++++
 
*****************************************************************************


*****************************************************************************
*                                                                           *
*                    JOB EFFICIENCY REPORT (seff 10935936)                   *
*                                                                           *
*****************************************************************************

Job ID: 10935936
Cluster: finisterrae3
User/Group: curso341/ulc
State: COMPLETED (exit code 0)
Nodes: 7
Cores per node: 64
CPU Utilized: 01:03:44
CPU Efficiency: 8.98% of 11:49:20 core-walltime
Job Wall-clock time: 00:01:35
Memory Utilized: 57.74 GB (estimated maximum)
Memory Efficiency: 3.80% of 1.48 TB (3.39 GB/core)

 +++++++++++++++++++++++++++++++++++++++++++++++++++++++++++++++++++++++++++
 ++   Memory Efficiency is too small. Please review the requested memory. ++
 ++ It seems that you do not need that much memory so we recommend        ++
 ++ requesting less memory in other similar jobs.                         ++
 +++++++++++++++++++++++++++++++++++++++++++++++++++++++++++++++++++++++++++
 
*****************************************************************************


*****************************************************************************
*                                                                           *
*                    JOB EFFICIENCY REPORT (seff 10935936)                   *
*                                                                           *
*****************************************************************************

Job ID: 10935936
Cluster: finisterrae3
User/Group: curso341/ulc
State: COMPLETED (exit code 0)
Nodes: 7
Cores per node: 64
CPU Utilized: 01:04:02
CPU Efficiency: 9.03% of 11:49:20 core-walltime
Job Wall-clock time: 00:01:35
Memory Utilized: 641.17 MB
Memory Efficiency: 0.04% of 1.48 TB

 +++++++++++++++++++++++++++++++++++++++++++++++++++++++++++++++++++++++++++
 ++   Memory Efficiency is too small. Please review the requested memory. ++
 ++ It seems that you do not need that much memory so we recommend        ++
 ++ requesting less memory in other similar jobs.                         ++
 +++++++++++++++++++++++++++++++++++++++++++++++++++++++++++++++++++++++++++
 
*****************************************************************************


*****************************************************************************
*                                                                           *
*                    JOB EFFICIENCY REPORT (seff 10935936)                   *
*                                                                           *
*****************************************************************************

Job ID: 10935936
Cluster: finisterrae3
User/Group: curso341/ulc
State: COMPLETED (exit code 0)
Nodes: 7
Cores per node: 64
CPU Utilized: 01:13:00
CPU Efficiency: 10.29% of 11:49:20 core-walltime
Job Wall-clock time: 00:01:35
Memory Utilized: 2.34 GB
Memory Efficiency: 0.15% of 1.48 TB

 +++++++++++++++++++++++++++++++++++++++++++++++++++++++++++++++++++++++++++
 ++   Memory Efficiency is too small. Please review the requested memory. ++
 ++ It seems that you do not need that much memory so we recommend        ++
 ++ requesting less memory in other similar jobs.                         ++
 +++++++++++++++++++++++++++++++++++++++++++++++++++++++++++++++++++++++++++
 
*****************************************************************************


*****************************************************************************
*                                                                           *
*                    JOB EFFICIENCY REPORT (seff 10935936)                   *
*                                                                           *
*****************************************************************************

Job ID: 10935936
Cluster: finisterrae3
User/Group: curso341/ulc
State: COMPLETED (exit code 0)
Nodes: 7
Cores per node: 64
CPU Utilized: 01:13:00
CPU Efficiency: 10.29% of 11:49:20 core-walltime
Job Wall-clock time: 00:01:35
Memory Utilized: 2.34 GB
Memory Efficiency: 0.15% of 1.48 TB

 +++++++++++++++++++++++++++++++++++++++++++++++++++++++++++++++++++++++++++
 ++   Memory Efficiency is too small. Please review the requested memory. ++
 ++ It seems that you do not need that much memory so we recommend        ++
 ++ requesting less memory in other similar jobs.                         ++
 +++++++++++++++++++++++++++++++++++++++++++++++++++++++++++++++++++++++++++
 
*****************************************************************************


*****************************************************************************
*                                                                           *
*                    JOB EFFICIENCY REPORT (seff 10935936)                   *
*                                                                           *
*****************************************************************************

Job ID: 10935936
Cluster: finisterrae3
User/Group: curso341/ulc
State: COMPLETED (exit code 0)
Nodes: 7
Cores per node: 64
CPU Utilized: 01:13:00
CPU Efficiency: 10.29% of 11:49:20 core-walltime
Job Wall-clock time: 00:01:35
Memory Utilized: 2.34 GB
Memory Efficiency: 0.15% of 1.48 TB

 +++++++++++++++++++++++++++++++++++++++++++++++++++++++++++++++++++++++++++
 ++   Memory Efficiency is too small. Please review the requested memory. ++
 ++ It seems that you do not need that much memory so we recommend        ++
 ++ requesting less memory in other similar jobs.                         ++
 +++++++++++++++++++++++++++++++++++++++++++++++++++++++++++++++++++++++++++
 
*****************************************************************************


*****************************************************************************
*                                                                           *
*                    JOB EFFICIENCY REPORT (seff 10935936)                   *
*                                                                           *
*****************************************************************************

Job ID: 10935936
Cluster: finisterrae3
User/Group: curso341/ulc
State: COMPLETED (exit code 0)
Nodes: 7
Cores per node: 64
CPU Utilized: 01:13:00
CPU Efficiency: 10.29% of 11:49:20 core-walltime
Job Wall-clock time: 00:01:35
Memory Utilized: 2.34 GB
Memory Efficiency: 0.15% of 1.48 TB

 +++++++++++++++++++++++++++++++++++++++++++++++++++++++++++++++++++++++++++
 ++   Memory Efficiency is too small. Please review the requested memory. ++
 ++ It seems that you do not need that much memory so we recommend        ++
 ++ requesting less memory in other similar jobs.                         ++
 +++++++++++++++++++++++++++++++++++++++++++++++++++++++++++++++++++++++++++
 
*****************************************************************************

