slurmstepd: info: Setting TMPDIR to /scratch/10934009. Previous errors about TMPDIR can be discarded
Slurm job started at 11/03/2025_02:32:11 AM

In transit.
Initing Ray (1 head node + 2 worker nodes + 4 simulation nodes) on nodes: 
	ilk-116 ilk-120 ilk-121 ilk-122 ilk-123 ilk-127 ilk-128
Head node: 172.30.203.20:6379


RAY_DEPLOY_TIME:     24.00778
2025-03-11 02:32:39,918	INFO packaging.py:520 -- Creating a file package for local directory '/mnt/lustre/scratch/nlsas/home/ulc/cursos/curso341/dask_on_reisa_tests/E5/DASK_ON_REISA_ONE_ACTOR/derivative/P128-SN4-LS134-GS17179-I10-AN2-D2025-03-10_22-50-45'.
2025-03-11 02:32:39,947	INFO packaging.py:347 -- Pushing file package 'gcs://_ray_pkg_983218130292c350.zip' (0.48MiB) to Ray cluster...
2025-03-11 02:32:39,953	INFO packaging.py:360 -- Successfully pushed file package 'gcs://_ray_pkg_983218130292c350.zip'.
RAY_INIT_TIME:       4.84736
Iter [0]
Iter [1]
Iter [2]
Iter [3]
Iter [4]
Iter [5]
Iter [6]
Iter [7]
Iter [8]
Iter [9]
GLOBAL_PUT_TIME:     6.591690301895142 (avg:0.65917)
ACTOR_CONCURRENCY:   8
SIMULATION_TIME:     221.886003203999991 (avg: 22.188600320399999)
SIM_WTHOUT_PDI:      53.381412200999982 (avg: 5.338141220099998)
PDI_DELAY:           168.504591003000002 (avg: 16.850459100300000)

GLOBAL_SIZE_(GiB):   16777216
LOCAL_SIZE_(MiB):    128
ITERATIONS:          10

MPI_PER_NODE:        32
MPI_PARALLELISM:     128

WORKER_NODES:        2
CPUS_PER_WORKER:     64
WORKER_PARALLELISM:  128


SLURM_JOB_ID:        10934009
srun: Job step aborted: Waiting up to 32 seconds for job step to finish.
slurmstepd: error: *** JOB 10934009 ON ilk-116 CANCELLED AT 2025-03-11T02:52:28 DUE TO TIME LIMIT ***
slurmstepd: error: *** STEP 10934009.8 ON ilk-120 CANCELLED AT 2025-03-11T02:52:28 DUE TO TIME LIMIT ***
