slurmstepd: info: Setting TMPDIR to /scratch/10925243. Previous errors about TMPDIR can be discarded
Slurm job started at 09/03/2025_07:21:00 PM

In transit.
Initing Ray (1 head node + 4 worker nodes + 4 simulation nodes) on nodes: 
	ilk-241 ilk-243 ilk-244 ilk-246 ilk-247 ilk-248 ilk-249 ilk-250 ilk-251
Head node: 172.30.211.14:6379


RAY_DEPLOY_TIME:     24.51742
2025-03-09 19:21:26,764	INFO packaging.py:520 -- Creating a file package for local directory '/mnt/lustre/scratch/nlsas/home/ulc/cursos/curso341/dask_on_reisa_tests/E4/REISA_ONE_ACTOR/derivative/P8-SN4-LS268-GS2147-I10-AN4-D2025-03-09_18-43-17'.
2025-03-09 19:21:26,791	INFO packaging.py:347 -- Pushing file package 'gcs://_ray_pkg_86da4244c464f0ff.zip' (0.48MiB) to Ray cluster...
2025-03-09 19:21:26,797	INFO packaging.py:360 -- Successfully pushed file package 'gcs://_ray_pkg_86da4244c464f0ff.zip'.
RAY_INIT_TIME:       3.01154
Iter [0]
Iter [1]
Iter [2]
Iter [3]
Iter [4]
Iter [5]
Iter [6]
Iter [7]
Iter [8]
Iter [9]
EST_ANALYTICS_TIME:  28.24551 (avg:2.82455)
GLOBAL_PUT_TIME:     4.1320717334747314 (avg:0.41321)
ACTOR_CONCURRENCY:   8
SIMULATION_TIME:     30.072646450999997 (avg: 3.007264645100000)
SIM_WTHOUT_PDI:      23.774627484000003 (avg: 2.377462748400000)
PDI_DELAY:           6.298018966999994 (avg: 0.629801896699999)

GLOBAL_SIZE_(GiB):   2097152
LOCAL_SIZE_(MiB):    256
ITERATIONS:          10

MPI_PER_NODE:        2
MPI_PARALLELISM:     8

WORKER_NODES:        4
CPUS_PER_WORKER:     64
WORKER_PARALLELISM:  256


SLURM_JOB_ID:        10925243

Slurm job finished at 09/03/2025_07:21:59 PM


*****************************************************************************
*****************************************************************************
*                                                                           *
*                                                                           *
*                    JOB EFFICIENCY REPORT (seff 10925243)                   *
*                    JOB EFFICIENCY REPORT (seff 10925243)                   *
*                                                                           *
*                                                                           *
*****************************************************************************
*****************************************************************************


Job ID: 10925243
Job ID: 10925243
Cluster: finisterrae3
Cluster: finisterrae3
User/Group: curso341/ulc
User/Group: curso341/ulc
State: COMPLETED (exit code 0)
State: COMPLETED (exit code 0)
Nodes: 9
Nodes: 9
Cores per node: 64
Cores per node: 64
CPU Utilized: 00:04:11
CPU Utilized: 00:04:11
CPU Efficiency: 0.71% of 09:45:36 core-walltime
CPU Efficiency: 0.71% of 09:45:36 core-walltime
Job Wall-clock time: 00:01:01
Job Wall-clock time: 00:01:01
Memory Utilized: 5.90 GB (estimated maximum)
Memory Utilized: 5.90 GB (estimated maximum)
Memory Efficiency: 0.30% of 1.91 TB (3.39 GB/core)
Memory Efficiency: 0.30% of 1.91 TB (3.39 GB/core)


 +++++++++++++++++++++++++++++++++++++++++++++++++++++++++++++++++++++++++++
 +++++++++++++++++++++++++++++++++++++++++++++++++++++++++++++++++++++++++++
 ++   Memory Efficiency is too small. Please review the requested memory. ++
 ++   Memory Efficiency is too small. Please review the requested memory. ++
 ++ It seems that you do not need that much memory so we recommend        ++
 ++ It seems that you do not need that much memory so we recommend        ++
 ++ requesting less memory in other similar jobs.                         ++
 ++ requesting less memory in other similar jobs.                         ++
 +++++++++++++++++++++++++++++++++++++++++++++++++++++++++++++++++++++++++++
 +++++++++++++++++++++++++++++++++++++++++++++++++++++++++++++++++++++++++++
 
 
*****************************************************************************
*****************************************************************************



*****************************************************************************
*                                                                           *
*                    JOB EFFICIENCY REPORT (seff 10925243)                   *
*                                                                           *
*****************************************************************************

Job ID: 10925243
Cluster: finisterrae3
User/Group: curso341/ulc
State: COMPLETED (exit code 0)
Nodes: 9
Cores per node: 64
CPU Utilized: 00:04:11
CPU Efficiency: 0.71% of 09:45:36 core-walltime
Job Wall-clock time: 00:01:01
Memory Utilized: 5.90 GB (estimated maximum)
Memory Efficiency: 0.30% of 1.91 TB (3.39 GB/core)

 +++++++++++++++++++++++++++++++++++++++++++++++++++++++++++++++++++++++++++
 ++   Memory Efficiency is too small. Please review the requested memory. ++
 ++ It seems that you do not need that much memory so we recommend        ++
 ++ requesting less memory in other similar jobs.                         ++
 +++++++++++++++++++++++++++++++++++++++++++++++++++++++++++++++++++++++++++
 
*****************************************************************************


*****************************************************************************
*                                                                           *
*                    JOB EFFICIENCY REPORT (seff 10925243)                   *
*                                                                           *
*****************************************************************************

Job ID: 10925243
Cluster: finisterrae3
User/Group: curso341/ulc
State: COMPLETED (exit code 0)
Nodes: 9
Cores per node: 64
CPU Utilized: 00:04:53
CPU Efficiency: 0.83% of 09:45:36 core-walltime
Job Wall-clock time: 00:01:01
Memory Utilized: 5.90 GB (estimated maximum)
Memory Efficiency: 0.30% of 1.91 TB (3.39 GB/core)

 +++++++++++++++++++++++++++++++++++++++++++++++++++++++++++++++++++++++++++
 ++   Memory Efficiency is too small. Please review the requested memory. ++
 ++ It seems that you do not need that much memory so we recommend        ++
 ++ requesting less memory in other similar jobs.                         ++
 +++++++++++++++++++++++++++++++++++++++++++++++++++++++++++++++++++++++++++
 
*****************************************************************************


*****************************************************************************
*                                                                           *
*                    JOB EFFICIENCY REPORT (seff 10925243)                   *
*                                                                           *
*****************************************************************************

Job ID: 10925243
Cluster: finisterrae3
User/Group: curso341/ulc
State: COMPLETED (exit code 0)
Nodes: 9
Cores per node: 64
CPU Utilized: 00:04:53
CPU Efficiency: 0.83% of 09:45:36 core-walltime
Job Wall-clock time: 00:01:01
Memory Utilized: 5.90 GB (estimated maximum)
Memory Efficiency: 0.30% of 1.91 TB (3.39 GB/core)

 +++++++++++++++++++++++++++++++++++++++++++++++++++++++++++++++++++++++++++
 ++   Memory Efficiency is too small. Please review the requested memory. ++
 ++ It seems that you do not need that much memory so we recommend        ++
 ++ requesting less memory in other similar jobs.                         ++
 +++++++++++++++++++++++++++++++++++++++++++++++++++++++++++++++++++++++++++
 
*****************************************************************************


*****************************************************************************
*                                                                           *
*                    JOB EFFICIENCY REPORT (seff 10925243)                   *
*                                                                           *
*****************************************************************************

Job ID: 10925243
Cluster: finisterrae3
User/Group: curso341/ulc
State: COMPLETED (exit code 0)
Nodes: 9
Cores per node: 64
CPU Utilized: 00:04:53
CPU Efficiency: 0.83% of 09:45:36 core-walltime
Job Wall-clock time: 00:01:01
Memory Utilized: 5.90 GB (estimated maximum)
Memory Efficiency: 0.30% of 1.91 TB (3.39 GB/core)

 +++++++++++++++++++++++++++++++++++++++++++++++++++++++++++++++++++++++++++
 ++   Memory Efficiency is too small. Please review the requested memory. ++
 ++ It seems that you do not need that much memory so we recommend        ++
 ++ requesting less memory in other similar jobs.                         ++
 +++++++++++++++++++++++++++++++++++++++++++++++++++++++++++++++++++++++++++
 
*****************************************************************************


*****************************************************************************
*                                                                           *
*                    JOB EFFICIENCY REPORT (seff 10925243)                   *
*                                                                           *
*****************************************************************************

Job ID: 10925243
Cluster: finisterrae3
User/Group: curso341/ulc
State: COMPLETED (exit code 0)
Nodes: 9
Cores per node: 64
CPU Utilized: 00:04:53
CPU Efficiency: 0.83% of 09:45:36 core-walltime
Job Wall-clock time: 00:01:01
Memory Utilized: 5.90 GB (estimated maximum)
Memory Efficiency: 0.30% of 1.91 TB (3.39 GB/core)

 +++++++++++++++++++++++++++++++++++++++++++++++++++++++++++++++++++++++++++
 ++   Memory Efficiency is too small. Please review the requested memory. ++
 ++ It seems that you do not need that much memory so we recommend        ++
 ++ requesting less memory in other similar jobs.                         ++
 +++++++++++++++++++++++++++++++++++++++++++++++++++++++++++++++++++++++++++
 
*****************************************************************************


*****************************************************************************
*                                                                           *
*                    JOB EFFICIENCY REPORT (seff 10925243)                   *
*                                                                           *
*****************************************************************************

Job ID: 10925243
Cluster: finisterrae3
User/Group: curso341/ulc
State: COMPLETED (exit code 0)
Nodes: 9
Cores per node: 64
CPU Utilized: 00:05:14
CPU Efficiency: 0.89% of 09:45:36 core-walltime
Job Wall-clock time: 00:01:01
Memory Utilized: 5.90 GB (estimated maximum)
Memory Efficiency: 0.30% of 1.91 TB (3.39 GB/core)

 +++++++++++++++++++++++++++++++++++++++++++++++++++++++++++++++++++++++++++
 ++   Memory Efficiency is too small. Please review the requested memory. ++
 ++ It seems that you do not need that much memory so we recommend        ++
 ++ requesting less memory in other similar jobs.                         ++
 +++++++++++++++++++++++++++++++++++++++++++++++++++++++++++++++++++++++++++
 
*****************************************************************************


*****************************************************************************
*                                                                           *
*                    JOB EFFICIENCY REPORT (seff 10925243)                   *
*                                                                           *
*****************************************************************************

Job ID: 10925243
Cluster: finisterrae3
User/Group: curso341/ulc
State: COMPLETED (exit code 0)
Nodes: 9
Cores per node: 64
CPU Utilized: 00:09:48
CPU Efficiency: 1.67% of 09:45:36 core-walltime
Job Wall-clock time: 00:01:01
Memory Utilized: 6.08 GB
Memory Efficiency: 0.31% of 1.91 TB

 +++++++++++++++++++++++++++++++++++++++++++++++++++++++++++++++++++++++++++
 ++   Memory Efficiency is too small. Please review the requested memory. ++
 ++ It seems that you do not need that much memory so we recommend        ++
 ++ requesting less memory in other similar jobs.                         ++
 +++++++++++++++++++++++++++++++++++++++++++++++++++++++++++++++++++++++++++
 
*****************************************************************************

