slurmstepd: info: Setting TMPDIR to /scratch/10781211. Previous errors about TMPDIR can be discarded
Slurm job started at 26/02/2025_12:54:59 PM

In transit.
Initing Ray (1 head node + 2 worker nodes + 2 simulation nodes) on nodes: 
	ilk-148 ilk-164 ilk-167 ilk-170 ilk-173
Head node: 172.30.204.4:6379


RAY_DEPLOY_TIME:     23.51581
2025-02-26 12:55:26,260	INFO packaging.py:520 -- Creating a file package for local directory '/mnt/lustre/scratch/nlsas/home/ulc/cursos/curso341/dask_on_reisa_tests/E2/REISA_ONE_ACTOR/derivative/P4-SN2-LS536-GS2147-I12-AN2-D2025-02-26_11-03-00'.
2025-02-26 12:55:26,288	INFO packaging.py:347 -- Pushing file package 'gcs://_ray_pkg_ef2f46e6505198d1.zip' (0.48MiB) to Ray cluster...
2025-02-26 12:55:26,294	INFO packaging.py:360 -- Successfully pushed file package 'gcs://_ray_pkg_ef2f46e6505198d1.zip'.
RAY_INIT_TIME:       2.34638
Iter [0]
Iter [1]
Iter [2]
Iter [3]
Iter [4]
Iter [5]
Iter [6]
Iter [7]
Iter [8]
Iter [9]
Iter [10]
Iter [11]
EST_ANALYTICS_TIME:  61.36333 (avg:5.11361)
GLOBAL_PUT_TIME:     7.637170791625977 (avg:0.63643)
ACTOR_CONCURRENCY:   8
SIMULATION_TIME:     65.566282586999989 (avg: 5.463856882249999)
SIM_WTHOUT_PDI:      56.315851896999995 (avg: 4.692987658083333)
PDI_DELAY:           9.250430689999995 (avg: 0.770869224166666)

GLOBAL_SIZE_(GiB):   2097152
LOCAL_SIZE_(MiB):    512
ITERATIONS:          12

MPI_PER_NODE:        2
MPI_PARALLELISM:     4

WORKER_NODES:        2
CPUS_PER_WORKER:     30
WORKER_PARALLELISM:  60


SLURM_JOB_ID:        10781211

Slurm job finished at 26/02/2025_12:56:33 PM

*****************************************************************************
*                                                                           *
*                    JOB EFFICIENCY REPORT (seff 10781211)                   *
*                                                                           *
*****************************************************************************

Job ID: 10781211
Cluster: finisterrae3
User/Group: curso341/ulc
State: COMPLETED (exit code 0)
Nodes: 5
Cores per node: 40
CPU Utilized: 00:08:00
CPU Efficiency: 2.53% of 05:16:40 core-walltime
Job Wall-clock time: 00:01:35
Memory Utilized: 14.86 GB
Memory Efficiency: 1.86% of 800.00 GB

 +++++++++++++++++++++++++++++++++++++++++++++++++++++++++++++++++++++++++++
 ++   Memory Efficiency is too small. Please review the requested memory. ++
 ++ It seems that you do not need that much memory so we recommend        ++
 ++ requesting less memory in other similar jobs.                         ++
 +++++++++++++++++++++++++++++++++++++++++++++++++++++++++++++++++++++++++++
 
*****************************************************************************


*****************************************************************************
*                                                                           *
*                    JOB EFFICIENCY REPORT (seff 10781211)                   *
*                                                                           *
*****************************************************************************

Job ID: 10781211
Cluster: finisterrae3
User/Group: curso341/ulc
State: COMPLETED (exit code 0)
Nodes: 5
Cores per node: 40
CPU Utilized: 00:08:00
CPU Efficiency: 2.53% of 05:16:40 core-walltime
Job Wall-clock time: 00:01:35
Memory Utilized: 14.86 GB
Memory Efficiency: 1.86% of 800.00 GB

 +++++++++++++++++++++++++++++++++++++++++++++++++++++++++++++++++++++++++++
 ++   Memory Efficiency is too small. Please review the requested memory. ++
 ++ It seems that you do not need that much memory so we recommend        ++
 ++ requesting less memory in other similar jobs.                         ++
 +++++++++++++++++++++++++++++++++++++++++++++++++++++++++++++++++++++++++++
 
*****************************************************************************


*****************************************************************************
*                                                                           *
*                    JOB EFFICIENCY REPORT (seff 10781211)                   *
*                                                                           *
*****************************************************************************

Job ID: 10781211
Cluster: finisterrae3
User/Group: curso341/ulc
State: COMPLETED (exit code 0)
Nodes: 5
Cores per node: 40
CPU Utilized: 00:08:00
CPU Efficiency: 2.53% of 05:16:40 core-walltime
Job Wall-clock time: 00:01:35
Memory Utilized: 14.86 GB
Memory Efficiency: 1.86% of 800.00 GB

 +++++++++++++++++++++++++++++++++++++++++++++++++++++++++++++++++++++++++++
 ++   Memory Efficiency is too small. Please review the requested memory. ++
 ++ It seems that you do not need that much memory so we recommend        ++
 ++ requesting less memory in other similar jobs.                         ++
 +++++++++++++++++++++++++++++++++++++++++++++++++++++++++++++++++++++++++++
 
*****************************************************************************


*****************************************************************************
*                                                                           *
*                    JOB EFFICIENCY REPORT (seff 10781211)                   *
*                                                                           *
*****************************************************************************

Job ID: 10781211
Cluster: finisterrae3
User/Group: curso341/ulc
State: COMPLETED (exit code 0)
Nodes: 5
Cores per node: 40
CPU Utilized: 00:08:00
CPU Efficiency: 2.53% of 05:16:40 core-walltime
Job Wall-clock time: 00:01:35
Memory Utilized: 14.86 GB
Memory Efficiency: 1.86% of 800.00 GB

 +++++++++++++++++++++++++++++++++++++++++++++++++++++++++++++++++++++++++++
 ++   Memory Efficiency is too small. Please review the requested memory. ++
 ++ It seems that you do not need that much memory so we recommend        ++
 ++ requesting less memory in other similar jobs.                         ++
 +++++++++++++++++++++++++++++++++++++++++++++++++++++++++++++++++++++++++++
 
*****************************************************************************


*****************************************************************************
*                                                                           *
*                    JOB EFFICIENCY REPORT (seff 10781211)                   *
*                                                                           *
*****************************************************************************

Job ID: 10781211
Cluster: finisterrae3
User/Group: curso341/ulc
State: COMPLETED (exit code 0)
Nodes: 5
Cores per node: 40
CPU Utilized: 00:08:13
CPU Efficiency: 2.59% of 05:16:40 core-walltime
Job Wall-clock time: 00:01:35
Memory Utilized: 14.86 GB
Memory Efficiency: 1.86% of 800.00 GB

 +++++++++++++++++++++++++++++++++++++++++++++++++++++++++++++++++++++++++++
 ++   Memory Efficiency is too small. Please review the requested memory. ++
 ++ It seems that you do not need that much memory so we recommend        ++
 ++ requesting less memory in other similar jobs.                         ++
 +++++++++++++++++++++++++++++++++++++++++++++++++++++++++++++++++++++++++++
 
*****************************************************************************

