slurmstepd: info: Setting TMPDIR to /scratch/10912162. Previous errors about TMPDIR can be discarded
Slurm job started at 08/03/2025_12:11:40 PM

In transit.
Initing Ray (1 head node + 2 worker nodes + 4 simulation nodes) on nodes: 
	ilk-40 ilk-121 ilk-140 ilk-143 ilk-237 ilk-238 ilk-240
Head node: 172.30.201.40:6379


RAY_DEPLOY_TIME:     23.91376
2025-03-08 12:12:08,332	INFO packaging.py:520 -- Creating a file package for local directory '/mnt/lustre/scratch/nlsas/home/ulc/cursos/curso341/dask_on_reisa_tests/E2/DASK_ON_REISA_ONE_ACTOR/derivative/P128-SN4-LS1-GS134-I10-AN2-D2025-03-08_09-08-16'.
2025-03-08 12:12:08,356	INFO packaging.py:347 -- Pushing file package 'gcs://_ray_pkg_51fe20a960392fad.zip' (0.48MiB) to Ray cluster...
2025-03-08 12:12:08,363	INFO packaging.py:360 -- Successfully pushed file package 'gcs://_ray_pkg_51fe20a960392fad.zip'.
RAY_INIT_TIME:       5.83866
Iter [0]
Iter [1]
Iter [2]
Iter [3]
Iter [4]
Iter [5]
Iter [6]
Iter [7]
Iter [8]
Iter [9]
GLOBAL_PUT_TIME:     1.0739493370056152 (avg:0.10739)
ACTOR_CONCURRENCY:   8
SIMULATION_TIME:     31.772388532000001 (avg: 3.177238853200000)
SIM_WTHOUT_PDI:      8.823508569999991 (avg: 0.882350856999999)
PDI_DELAY:           22.948879962000010 (avg: 2.294887996200001)

GLOBAL_SIZE_(GiB):   131072
LOCAL_SIZE_(MiB):    1
ITERATIONS:          10

MPI_PER_NODE:        32
MPI_PARALLELISM:     128

WORKER_NODES:        2
CPUS_PER_WORKER:     64
WORKER_PARALLELISM:  128


SLURM_JOB_ID:        10912162
EST_ANALYTICS_TIME:  252.32084 (avg:25.23208)

Slurm job finished at 08/03/2025_12:16:24 PM

*****************************************************************************
*                                                                           *
*                    JOB EFFICIENCY REPORT (seff 10912162)                   *
*                                                                           *
*****************************************************************************

Job ID: 10912162
Cluster: finisterrae3
User/Group: curso341/ulc
State: COMPLETED (exit code 0)
Nodes: 7
Cores per node: 64
CPU Utilized: 00:50:36
CPU Efficiency: 2.37% of 1-11:35:28 core-walltime
Job Wall-clock time: 00:04:46
Memory Utilized: 5.17 GB
Memory Efficiency: 0.34% of 1.48 TB

 +++++++++++++++++++++++++++++++++++++++++++++++++++++++++++++++++++++++++++
 ++   Memory Efficiency is too small. Please review the requested memory. ++
 ++ It seems that you do not need that much memory so we recommend        ++
 ++ requesting less memory in other similar jobs.                         ++
 +++++++++++++++++++++++++++++++++++++++++++++++++++++++++++++++++++++++++++
 
*****************************************************************************


*****************************************************************************
*                                                                           *
*                    JOB EFFICIENCY REPORT (seff 10912162)                   *
*                                                                           *
*****************************************************************************

Job ID: 10912162
Cluster: finisterrae3
User/Group: curso341/ulc
State: COMPLETED (exit code 0)
Nodes: 7
Cores per node: 64
CPU Utilized: 00:50:36
CPU Efficiency: 2.37% of 1-11:35:28 core-walltime
Job Wall-clock time: 00:04:46
Memory Utilized: 5.17 GB
Memory Efficiency: 0.34% of 1.48 TB

 +++++++++++++++++++++++++++++++++++++++++++++++++++++++++++++++++++++++++++
 ++   Memory Efficiency is too small. Please review the requested memory. ++
 ++ It seems that you do not need that much memory so we recommend        ++
 ++ requesting less memory in other similar jobs.                         ++
 +++++++++++++++++++++++++++++++++++++++++++++++++++++++++++++++++++++++++++
 
*****************************************************************************


*****************************************************************************
*                                                                           *
*                    JOB EFFICIENCY REPORT (seff 10912162)                   *
*                                                                           *
*****************************************************************************

Job ID: 10912162
Cluster: finisterrae3
User/Group: curso341/ulc
State: COMPLETED (exit code 0)
Nodes: 7
Cores per node: 64
CPU Utilized: 00:50:36
CPU Efficiency: 2.37% of 1-11:35:28 core-walltime
Job Wall-clock time: 00:04:46
Memory Utilized: 5.17 GB
Memory Efficiency: 0.34% of 1.48 TB

 +++++++++++++++++++++++++++++++++++++++++++++++++++++++++++++++++++++++++++
 ++   Memory Efficiency is too small. Please review the requested memory. ++
 ++ It seems that you do not need that much memory so we recommend        ++
 ++ requesting less memory in other similar jobs.                         ++
 +++++++++++++++++++++++++++++++++++++++++++++++++++++++++++++++++++++++++++
 
*****************************************************************************


*****************************************************************************
*                                                                           *
*                    JOB EFFICIENCY REPORT (seff 10912162)                   *
*                                                                           *
*****************************************************************************

Job ID: 10912162
Cluster: finisterrae3
User/Group: curso341/ulc
State: COMPLETED (exit code 0)
Nodes: 7
Cores per node: 64
CPU Utilized: 01:24:40
CPU Efficiency: 3.96% of 1-11:35:28 core-walltime
Job Wall-clock time: 00:04:46
Memory Utilized: 5.17 GB
Memory Efficiency: 0.34% of 1.48 TB

 +++++++++++++++++++++++++++++++++++++++++++++++++++++++++++++++++++++++++++
 ++   Memory Efficiency is too small. Please review the requested memory. ++
 ++ It seems that you do not need that much memory so we recommend        ++
 ++ requesting less memory in other similar jobs.                         ++
 +++++++++++++++++++++++++++++++++++++++++++++++++++++++++++++++++++++++++++
 
*****************************************************************************


*****************************************************************************
*                                                                           *
*                    JOB EFFICIENCY REPORT (seff 10912162)                   *
*                                                                           *
*****************************************************************************

Job ID: 10912162
Cluster: finisterrae3
User/Group: curso341/ulc
State: COMPLETED (exit code 0)
Nodes: 7
Cores per node: 64
CPU Utilized: 01:24:40
CPU Efficiency: 3.96% of 1-11:35:28 core-walltime
Job Wall-clock time: 00:04:46
Memory Utilized: 5.17 GB
Memory Efficiency: 0.34% of 1.48 TB

 +++++++++++++++++++++++++++++++++++++++++++++++++++++++++++++++++++++++++++
 ++   Memory Efficiency is too small. Please review the requested memory. ++
 ++ It seems that you do not need that much memory so we recommend        ++
 ++ requesting less memory in other similar jobs.                         ++
 +++++++++++++++++++++++++++++++++++++++++++++++++++++++++++++++++++++++++++
 
*****************************************************************************


*****************************************************************************
*                                                                           *
*                    JOB EFFICIENCY REPORT (seff 10912162)                   *
*                                                                           *
*****************************************************************************

Job ID: 10912162
Cluster: finisterrae3
User/Group: curso341/ulc
State: COMPLETED (exit code 0)
Nodes: 7
Cores per node: 64
CPU Utilized: 01:24:40
CPU Efficiency: 3.96% of 1-11:35:28 core-walltime
Job Wall-clock time: 00:04:46
Memory Utilized: 5.17 GB
Memory Efficiency: 0.34% of 1.48 TB

 +++++++++++++++++++++++++++++++++++++++++++++++++++++++++++++++++++++++++++
 ++   Memory Efficiency is too small. Please review the requested memory. ++
 ++ It seems that you do not need that much memory so we recommend        ++
 ++ requesting less memory in other similar jobs.                         ++
 +++++++++++++++++++++++++++++++++++++++++++++++++++++++++++++++++++++++++++
 
*****************************************************************************


*****************************************************************************
*                                                                           *
*                    JOB EFFICIENCY REPORT (seff 10912162)                   *
*                                                                           *
*****************************************************************************

Job ID: 10912162
Cluster: finisterrae3
User/Group: curso341/ulc
State: COMPLETED (exit code 0)
Nodes: 7
Cores per node: 64
CPU Utilized: 01:27:05
CPU Efficiency: 4.08% of 1-11:35:28 core-walltime
Job Wall-clock time: 00:04:46
Memory Utilized: 5.17 GB
Memory Efficiency: 0.34% of 1.48 TB

 +++++++++++++++++++++++++++++++++++++++++++++++++++++++++++++++++++++++++++
 ++   Memory Efficiency is too small. Please review the requested memory. ++
 ++ It seems that you do not need that much memory so we recommend        ++
 ++ requesting less memory in other similar jobs.                         ++
 +++++++++++++++++++++++++++++++++++++++++++++++++++++++++++++++++++++++++++
 
*****************************************************************************

