slurmstepd: info: Setting TMPDIR to /scratch/10912147. Previous errors about TMPDIR can be discarded
Slurm job started at 08/03/2025_12:53:57 PM

In transit.
Initing Ray (1 head node + 2 worker nodes + 2 simulation nodes) on nodes: 
	ilk-160 ilk-161 ilk-163 ilk-164 ilk-167
Head node: 172.30.204.16:6379


RAY_DEPLOY_TIME:     23.96526
2025-03-08 12:54:26,309	INFO packaging.py:520 -- Creating a file package for local directory '/mnt/lustre/scratch/nlsas/home/ulc/cursos/curso341/dask_on_reisa_tests/E2/DASK_ON_REISA/reduction/P4-SN2-LS268-GS1073-I20-AN2-D2025-03-08_09-07-39'.
2025-03-08 12:54:26,335	INFO packaging.py:347 -- Pushing file package 'gcs://_ray_pkg_81787d3dd82694a0.zip' (0.48MiB) to Ray cluster...
2025-03-08 12:54:26,341	INFO packaging.py:360 -- Successfully pushed file package 'gcs://_ray_pkg_81787d3dd82694a0.zip'.
RAY_INIT_TIME:       6.14364
Iter [0]
Iter [2]
[2m[36m(iter_task pid=40204, ip=10.120.204.17)[0m /home/ulc/cursos/curso341/.local/lib/python3.9/site-packages/dask/config.py:693: UserWarning: Configuration key "shuffle" has been deprecated. Please use "dataframe.shuffle.algorithm" instead
[2m[36m(iter_task pid=40204, ip=10.120.204.17)[0m   warnings.warn(
[2m[36m(iter_task pid=40210, ip=10.120.204.17)[0m /home/ulc/cursos/curso341/.local/lib/python3.9/site-packages/dask/config.py:693: UserWarning: Configuration key "shuffle" has been deprecated. Please use "dataframe.shuffle.algorithm" instead
[2m[36m(iter_task pid=40210, ip=10.120.204.17)[0m   warnings.warn(
[2m[36m(iter_task pid=40206, ip=10.120.204.17)[0m /home/ulc/cursos/curso341/.local/lib/python3.9/site-packages/dask/config.py:693: UserWarning: Configuration key "shuffle" has been deprecated. Please use "dataframe.shuffle.algorithm" instead
[2m[36m(iter_task pid=40206, ip=10.120.204.17)[0m   warnings.warn(
[2m[36m(iter_task pid=40212, ip=10.120.204.17)[0m /home/ulc/cursos/curso341/.local/lib/python3.9/site-packages/dask/config.py:693: UserWarning: Configuration key "shuffle" has been deprecated. Please use "dataframe.shuffle.algorithm" instead
[2m[36m(iter_task pid=40212, ip=10.120.204.17)[0m   warnings.warn(
[2m[36m(iter_task pid=40208, ip=10.120.204.17)[0m /home/ulc/cursos/curso341/.local/lib/python3.9/site-packages/dask/config.py:693: UserWarning: Configuration key "shuffle" has been deprecated. Please use "dataframe.shuffle.algorithm" instead
[2m[36m(iter_task pid=40208, ip=10.120.204.17)[0m   warnings.warn(
[2m[36m(iter_task pid=40205, ip=10.120.204.17)[0m /home/ulc/cursos/curso341/.local/lib/python3.9/site-packages/dask/config.py:693: UserWarning: Configuration key "shuffle" has been deprecated. Please use "dataframe.shuffle.algorithm" instead
[2m[36m(iter_task pid=40205, ip=10.120.204.17)[0m   warnings.warn(
[2m[36m(iter_task pid=40203, ip=10.120.204.17)[0m /home/ulc/cursos/curso341/.local/lib/python3.9/site-packages/dask/config.py:693: UserWarning: Configuration key "shuffle" has been deprecated. Please use "dataframe.shuffle.algorithm" instead
[2m[36m(iter_task pid=40203, ip=10.120.204.17)[0m   warnings.warn(
[2m[36m(iter_task pid=40209, ip=10.120.204.17)[0m /home/ulc/cursos/curso341/.local/lib/python3.9/site-packages/dask/config.py:693: UserWarning: Configuration key "shuffle" has been deprecated. Please use "dataframe.shuffle.algorithm" instead
[2m[36m(iter_task pid=40209, ip=10.120.204.17)[0m   warnings.warn(
[2m[36m(iter_task pid=40211, ip=10.120.204.17)[0m /home/ulc/cursos/curso341/.local/lib/python3.9/site-packages/dask/config.py:693: UserWarning: Configuration key "shuffle" has been deprecated. Please use "dataframe.shuffle.algorithm" instead
[2m[36m(iter_task pid=40211, ip=10.120.204.17)[0m   warnings.warn(
[2m[36m(iter_task pid=40207, ip=10.120.204.17)[0m /home/ulc/cursos/curso341/.local/lib/python3.9/site-packages/dask/config.py:693: UserWarning: Configuration key "shuffle" has been deprecated. Please use "dataframe.shuffle.algorithm" instead
[2m[36m(iter_task pid=40207, ip=10.120.204.17)[0m   warnings.warn(
[2m[36m(iter_task pid=40272, ip=10.120.204.17)[0m /home/ulc/cursos/curso341/.local/lib/python3.9/site-packages/dask/config.py:693: UserWarning: Configuration key "shuffle" has been deprecated. Please use "dataframe.shuffle.algorithm" instead
[2m[36m(iter_task pid=40272, ip=10.120.204.17)[0m   warnings.warn(
[2m[36m(iter_task pid=40841, ip=10.120.204.17)[0m /home/ulc/cursos/curso341/.local/lib/python3.9/site-packages/dask/config.py:693: UserWarning: Configuration key "shuffle" has been deprecated. Please use "dataframe.shuffle.algorithm" instead
[2m[36m(iter_task pid=40841, ip=10.120.204.17)[0m   warnings.warn(
[2m[36m(iter_task pid=40868, ip=10.120.204.17)[0m /home/ulc/cursos/curso341/.local/lib/python3.9/site-packages/dask/config.py:693: UserWarning: Configuration key "shuffle" has been deprecated. Please use "dataframe.shuffle.algorithm" instead
[2m[36m(iter_task pid=40868, ip=10.120.204.17)[0m   warnings.warn(
[2m[36m(iter_task pid=40835, ip=10.120.204.17)[0m /home/ulc/cursos/curso341/.local/lib/python3.9/site-packages/dask/config.py:693: UserWarning: Configuration key "shuffle" has been deprecated. Please use "dataframe.shuffle.algorithm" instead
[2m[36m(iter_task pid=40835, ip=10.120.204.17)[0m   warnings.warn(
[2m[36m(iter_task pid=40836, ip=10.120.204.17)[0m /home/ulc/cursos/curso341/.local/lib/python3.9/site-packages/dask/config.py:693: UserWarning: Configuration key "shuffle" has been deprecated. Please use "dataframe.shuffle.algorithm" instead
[2m[36m(iter_task pid=40836, ip=10.120.204.17)[0m   warnings.warn(
[2m[36m(iter_task pid=40845, ip=10.120.204.17)[0m /home/ulc/cursos/curso341/.local/lib/python3.9/site-packages/dask/config.py:693: UserWarning: Configuration key "shuffle" has been deprecated. Please use "dataframe.shuffle.algorithm" instead
[2m[36m(iter_task pid=40845, ip=10.120.204.17)[0m   warnings.warn(
[2m[36m(iter_task pid=40604, ip=10.120.204.17)[0m /home/ulc/cursos/curso341/.local/lib/python3.9/site-packages/dask/config.py:693: UserWarning: Configuration key "shuffle" has been deprecated. Please use "dataframe.shuffle.algorithm" instead
[2m[36m(iter_task pid=40604, ip=10.120.204.17)[0m   warnings.warn(
[2m[36m(iter_task pid=40837, ip=10.120.204.17)[0m /home/ulc/cursos/curso341/.local/lib/python3.9/site-packages/dask/config.py:693: UserWarning: Configuration key "shuffle" has been deprecated. Please use "dataframe.shuffle.algorithm" instead
[2m[36m(iter_task pid=40837, ip=10.120.204.17)[0m   warnings.warn(
[2m[36m(iter_task pid=40482, ip=10.120.204.17)[0m /home/ulc/cursos/curso341/.local/lib/python3.9/site-packages/dask/config.py:693: UserWarning: Configuration key "shuffle" has been deprecated. Please use "dataframe.shuffle.algorithm" instead
[2m[36m(iter_task pid=40482, ip=10.120.204.17)[0m   warnings.warn(
[2m[36m(iter_task pid=40815, ip=10.120.204.17)[0m /home/ulc/cursos/curso341/.local/lib/python3.9/site-packages/dask/config.py:693: UserWarning: Configuration key "shuffle" has been deprecated. Please use "dataframe.shuffle.algorithm" instead
[2m[36m(iter_task pid=40815, ip=10.120.204.17)[0m   warnings.warn(
Iter [4]
Iter [6]
Iter [8]
Iter [10]
Iter [12]
Iter [14]
Iter [16]
Iter [18]
GLOBAL_PUT_TIME:     6.954676389694214 (avg:0.34773)
ACTOR_CONCURRENCY:   8
SIMULATION_TIME:     104.234958910999993 (avg: 5.211747945550000)
SIM_WTHOUT_PDI:      59.984503809000003 (avg: 2.999225190450000)
PDI_DELAY:           44.250455101999989 (avg: 2.212522755099999)

GLOBAL_SIZE_(GiB):   1048576
LOCAL_SIZE_(MiB):    256
ITERATIONS:          20

MPI_PER_NODE:        2
MPI_PARALLELISM:     4

WORKER_NODES:        2
CPUS_PER_WORKER:     64
WORKER_PARALLELISM:  128


SLURM_JOB_ID:        10912147
EST_ANALYTICS_TIME:  250.16283 (avg:12.50814)

Slurm job finished at 08/03/2025_12:58:40 PM

*****************************************************************************
*                                                                           *
*                    JOB EFFICIENCY REPORT (seff 10912147)                   *
*                                                                           *
*****************************************************************************

Job ID: 10912147
Cluster: finisterrae3
User/Group: curso341/ulc
State: COMPLETED (exit code 0)
Nodes: 5
Cores per node: 64
CPU Utilized: 00:07:51
CPU Efficiency: 0.52% of 1-01:14:40 core-walltime
Job Wall-clock time: 00:04:44
Memory Utilized: 2.62 GB
Memory Efficiency: 0.24% of 1.06 TB

 +++++++++++++++++++++++++++++++++++++++++++++++++++++++++++++++++++++++++++
 ++   Memory Efficiency is too small. Please review the requested memory. ++
 ++ It seems that you do not need that much memory so we recommend        ++
 ++ requesting less memory in other similar jobs.                         ++
 +++++++++++++++++++++++++++++++++++++++++++++++++++++++++++++++++++++++++++
 
*****************************************************************************


*****************************************************************************
*                                                                           *
*                    JOB EFFICIENCY REPORT (seff 10912147)                   *
*                                                                           *
*****************************************************************************

Job ID: 10912147
Cluster: finisterrae3
User/Group: curso341/ulc
State: COMPLETED (exit code 0)
Nodes: 5
Cores per node: 64
CPU Utilized: 00:11:04
CPU Efficiency: 0.73% of 1-01:14:40 core-walltime
Job Wall-clock time: 00:04:44
Memory Utilized: 4.88 GB
Memory Efficiency: 0.45% of 1.06 TB

 +++++++++++++++++++++++++++++++++++++++++++++++++++++++++++++++++++++++++++
 ++   Memory Efficiency is too small. Please review the requested memory. ++
 ++ It seems that you do not need that much memory so we recommend        ++
 ++ requesting less memory in other similar jobs.                         ++
 +++++++++++++++++++++++++++++++++++++++++++++++++++++++++++++++++++++++++++
 
*****************************************************************************


*****************************************************************************
*                                                                           *
*                    JOB EFFICIENCY REPORT (seff 10912147)                   *
*                                                                           *
*****************************************************************************

Job ID: 10912147
Cluster: finisterrae3
User/Group: curso341/ulc
State: COMPLETED (exit code 0)
Nodes: 5
Cores per node: 64
CPU Utilized: 01:01:53
CPU Efficiency: 4.09% of 1-01:14:40 core-walltime
Job Wall-clock time: 00:04:44
Memory Utilized: 38.62 GB
Memory Efficiency: 3.56% of 1.06 TB

 +++++++++++++++++++++++++++++++++++++++++++++++++++++++++++++++++++++++++++
 ++   Memory Efficiency is too small. Please review the requested memory. ++
 ++ It seems that you do not need that much memory so we recommend        ++
 ++ requesting less memory in other similar jobs.                         ++
 +++++++++++++++++++++++++++++++++++++++++++++++++++++++++++++++++++++++++++
 
*****************************************************************************


*****************************************************************************
*                                                                           *
*                    JOB EFFICIENCY REPORT (seff 10912147)                   *
*                                                                           *
*****************************************************************************

Job ID: 10912147
Cluster: finisterrae3
User/Group: curso341/ulc
State: COMPLETED (exit code 0)
Nodes: 5
Cores per node: 64
CPU Utilized: 01:01:53
CPU Efficiency: 4.09% of 1-01:14:40 core-walltime
Job Wall-clock time: 00:04:44
Memory Utilized: 38.62 GB
Memory Efficiency: 3.56% of 1.06 TB

 +++++++++++++++++++++++++++++++++++++++++++++++++++++++++++++++++++++++++++
 ++   Memory Efficiency is too small. Please review the requested memory. ++
 ++ It seems that you do not need that much memory so we recommend        ++
 ++ requesting less memory in other similar jobs.                         ++
 +++++++++++++++++++++++++++++++++++++++++++++++++++++++++++++++++++++++++++
 
*****************************************************************************


*****************************************************************************
*                                                                           *
*                    JOB EFFICIENCY REPORT (seff 10912147)                   *
*                                                                           *
*****************************************************************************

Job ID: 10912147
Cluster: finisterrae3
User/Group: curso341/ulc
State: COMPLETED (exit code 0)
Nodes: 5
Cores per node: 64
CPU Utilized: 01:01:53
CPU Efficiency: 4.09% of 1-01:14:40 core-walltime
Job Wall-clock time: 00:04:44
Memory Utilized: 38.62 GB
Memory Efficiency: 3.56% of 1.06 TB

 +++++++++++++++++++++++++++++++++++++++++++++++++++++++++++++++++++++++++++
 ++   Memory Efficiency is too small. Please review the requested memory. ++
 ++ It seems that you do not need that much memory so we recommend        ++
 ++ requesting less memory in other similar jobs.                         ++
 +++++++++++++++++++++++++++++++++++++++++++++++++++++++++++++++++++++++++++
 
*****************************************************************************

