slurmstepd: info: Setting TMPDIR to /scratch/10935927. Previous errors about TMPDIR can be discarded
Slurm job started at 11/03/2025_12:50:27 PM

In transit.
Initing Ray (1 head node + 2 worker nodes + 2 simulation nodes) on nodes: 
	ilk-153 ilk-154 ilk-155 ilk-241 ilk-242
Head node: 172.30.204.9:6379


RAY_DEPLOY_TIME:     23.85775
RAY_INIT_TIME:       2.53375
Iter [0]
2025-03-11 12:50:54,703	INFO packaging.py:520 -- Creating a file package for local directory '/mnt/lustre/scratch/nlsas/home/ulc/cursos/curso341/dask_on_reisa_tests/E6/REISA/derivative/P4-SN2-LS536-GS2147-I10-AN2-D2025-03-11_08-51-03'.
2025-03-11 12:50:54,729	INFO packaging.py:347 -- Pushing file package 'gcs://_ray_pkg_3563c5ba6756e40d.zip' (0.48MiB) to Ray cluster...
2025-03-11 12:50:54,735	INFO packaging.py:360 -- Successfully pushed file package 'gcs://_ray_pkg_3563c5ba6756e40d.zip'.
Iter [1]
Iter [2]
Iter [3]
Iter [4]
Iter [5]
Iter [6]
Iter [7]
Iter [8]
Iter [9]
EST_ANALYTICS_TIME:  49.22083 (avg:4.92208)
GLOBAL_PUT_TIME:     7.121219873428345 (avg:0.71212)
ACTOR_CONCURRENCY:   8
SIMULATION_TIME:     54.990545257999997 (avg: 5.499054525800000)
SIM_WTHOUT_PDI:      46.417220772999990 (avg: 4.641722077299999)
PDI_DELAY:           8.573324485000008 (avg: 0.857332448500001)

GLOBAL_SIZE_(GiB):   2097152
LOCAL_SIZE_(MiB):    512
ITERATIONS:          10

MPI_PER_NODE:        2
MPI_PARALLELISM:     4

WORKER_NODES:        2
CPUS_PER_WORKER:     64
WORKER_PARALLELISM:  128


SLURM_JOB_ID:        10935927

Slurm job finished at 11/03/2025_12:51:50 PM

*****************************************************************************
*                                                                           *
*                    JOB EFFICIENCY REPORT (seff 10935927)                   *
*                                                                           *
*****************************************************************************

Job ID: 10935927
Cluster: finisterrae3
User/Group: curso341/ulc
State: COMPLETED (exit code 0)
Nodes: 5
Cores per node: 64
CPU Utilized: 00:04:40
CPU Efficiency: 1.03% of 07:33:20 core-walltime
Job Wall-clock time: 00:01:25
Memory Utilized: 4.95 GB (estimated maximum)
Memory Efficiency: 0.46% of 1.06 TB (3.39 GB/core)

 +++++++++++++++++++++++++++++++++++++++++++++++++++++++++++++++++++++++++++
 ++   Memory Efficiency is too small. Please review the requested memory. ++
 ++ It seems that you do not need that much memory so we recommend        ++
 ++ requesting less memory in other similar jobs.                         ++
 +++++++++++++++++++++++++++++++++++++++++++++++++++++++++++++++++++++++++++
 
*****************************************************************************


*****************************************************************************
*                                                                           *
*                    JOB EFFICIENCY REPORT (seff 10935927)                   *
*                                                                           *
*****************************************************************************

Job ID: 10935927
Cluster: finisterrae3
User/Group: curso341/ulc
State: COMPLETED (exit code 0)
Nodes: 5
Cores per node: 64
CPU Utilized: 00:07:58
CPU Efficiency: 1.76% of 07:33:20 core-walltime
Job Wall-clock time: 00:01:25
Memory Utilized: 10.42 GB
Memory Efficiency: 0.96% of 1.06 TB

 +++++++++++++++++++++++++++++++++++++++++++++++++++++++++++++++++++++++++++
 ++   Memory Efficiency is too small. Please review the requested memory. ++
 ++ It seems that you do not need that much memory so we recommend        ++
 ++ requesting less memory in other similar jobs.                         ++
 +++++++++++++++++++++++++++++++++++++++++++++++++++++++++++++++++++++++++++
 
*****************************************************************************


*****************************************************************************
*                                                                           *
*                    JOB EFFICIENCY REPORT (seff 10935927)                   *
*                                                                           *
*****************************************************************************

Job ID: 10935927
Cluster: finisterrae3
User/Group: curso341/ulc
State: COMPLETED (exit code 0)
Nodes: 5
Cores per node: 64
CPU Utilized: 00:07:58
CPU Efficiency: 1.76% of 07:33:20 core-walltime
Job Wall-clock time: 00:01:25
Memory Utilized: 10.42 GB
Memory Efficiency: 0.96% of 1.06 TB

 +++++++++++++++++++++++++++++++++++++++++++++++++++++++++++++++++++++++++++
 ++   Memory Efficiency is too small. Please review the requested memory. ++
 ++ It seems that you do not need that much memory so we recommend        ++
 ++ requesting less memory in other similar jobs.                         ++
 +++++++++++++++++++++++++++++++++++++++++++++++++++++++++++++++++++++++++++
 
*****************************************************************************


*****************************************************************************
*                                                                           *
*                    JOB EFFICIENCY REPORT (seff 10935927)                   *
*                                                                           *
*****************************************************************************

Job ID: 10935927
Cluster: finisterrae3
User/Group: curso341/ulc
State: COMPLETED (exit code 0)
Nodes: 5
Cores per node: 64
CPU Utilized: 00:07:58
CPU Efficiency: 1.76% of 07:33:20 core-walltime
Job Wall-clock time: 00:01:25
Memory Utilized: 10.42 GB
Memory Efficiency: 0.96% of 1.06 TB

 +++++++++++++++++++++++++++++++++++++++++++++++++++++++++++++++++++++++++++
 ++   Memory Efficiency is too small. Please review the requested memory. ++
 ++ It seems that you do not need that much memory so we recommend        ++
 ++ requesting less memory in other similar jobs.                         ++
 +++++++++++++++++++++++++++++++++++++++++++++++++++++++++++++++++++++++++++
 
*****************************************************************************


*****************************************************************************
*                                                                           *
*                    JOB EFFICIENCY REPORT (seff 10935927)                   *
*                                                                           *
*****************************************************************************

Job ID: 10935927
Cluster: finisterrae3
User/Group: curso341/ulc
State: COMPLETED (exit code 0)
Nodes: 5
Cores per node: 64
CPU Utilized: 00:08:16
CPU Efficiency: 1.82% of 07:33:20 core-walltime
Job Wall-clock time: 00:01:25
Memory Utilized: 10.42 GB
Memory Efficiency: 0.96% of 1.06 TB

 +++++++++++++++++++++++++++++++++++++++++++++++++++++++++++++++++++++++++++
 ++   Memory Efficiency is too small. Please review the requested memory. ++
 ++ It seems that you do not need that much memory so we recommend        ++
 ++ requesting less memory in other similar jobs.                         ++
 +++++++++++++++++++++++++++++++++++++++++++++++++++++++++++++++++++++++++++
 
*****************************************************************************

