slurmstepd: info: Setting TMPDIR to /scratch/10932554. Previous errors about TMPDIR can be discarded
Slurm job started at 10/03/2025_07:32:45 PM

In transit.
Initing Ray (1 head node + 2 worker nodes + 2 simulation nodes) on nodes: 
	ilk-119 ilk-120 ilk-121 ilk-122 ilk-140
Head node: 172.30.203.23:6379


RAY_DEPLOY_TIME:     23.82438
RAY_INIT_TIME:       2.77131
Iter [0]
2025-03-10 19:33:15,568	INFO packaging.py:520 -- Creating a file package for local directory '/mnt/lustre/scratch/nlsas/home/ulc/cursos/curso341/dask_on_reisa_tests/E5/REISA_ONE_ACTOR/derivative/P4-SN2-LS536-GS2147-I10-AN2-D2025-03-10_18-36-58'.
2025-03-10 19:33:15,596	INFO packaging.py:347 -- Pushing file package 'gcs://_ray_pkg_f8297beec39688b0.zip' (0.48MiB) to Ray cluster...
2025-03-10 19:33:15,603	INFO packaging.py:360 -- Successfully pushed file package 'gcs://_ray_pkg_f8297beec39688b0.zip'.
Iter [1]
Iter [2]
Iter [3]
Iter [4]
Iter [5]
Iter [6]
Iter [7]
Iter [8]
Iter [9]
EST_ANALYTICS_TIME:  49.66505 (avg:4.96651)
GLOBAL_PUT_TIME:     7.009207248687744 (avg:0.70092)
ACTOR_CONCURRENCY:   8
SIMULATION_TIME:     57.985594047999996 (avg: 5.798559404800000)
SIM_WTHOUT_PDI:      49.523638806000008 (avg: 4.952363880600001)
PDI_DELAY:           8.461955241999988 (avg: 0.846195524199999)

GLOBAL_SIZE_(GiB):   2097152
LOCAL_SIZE_(MiB):    512
ITERATIONS:          10

MPI_PER_NODE:        2
MPI_PARALLELISM:     4

WORKER_NODES:        2
CPUS_PER_WORKER:     64
WORKER_PARALLELISM:  128


SLURM_JOB_ID:        10932554

Slurm job finished at 10/03/2025_07:34:12 PM

*****************************************************************************
*                                                                           *
*                    JOB EFFICIENCY REPORT (seff 10932554)                   *
*                                                                           *
*****************************************************************************

Job ID: 10932554
Cluster: finisterrae3
User/Group: curso341/ulc
State: COMPLETED (exit code 0)
Nodes: 5
Cores per node: 64
CPU Utilized: 00:03:58
CPU Efficiency: 0.85% of 07:49:20 core-walltime
Job Wall-clock time: 00:01:28
Memory Utilized: 4.93 GB (estimated maximum)
Memory Efficiency: 0.45% of 1.06 TB (3.39 GB/core)

 +++++++++++++++++++++++++++++++++++++++++++++++++++++++++++++++++++++++++++
 ++   Memory Efficiency is too small. Please review the requested memory. ++
 ++ It seems that you do not need that much memory so we recommend        ++
 ++ requesting less memory in other similar jobs.                         ++
 +++++++++++++++++++++++++++++++++++++++++++++++++++++++++++++++++++++++++++
 
*****************************************************************************


*****************************************************************************
*                                                                           *
*                    JOB EFFICIENCY REPORT (seff 10932554)                   *
*                                                                           *
*****************************************************************************

Job ID: 10932554
Cluster: finisterrae3
User/Group: curso341/ulc
State: COMPLETED (exit code 0)
Nodes: 5
Cores per node: 64
CPU Utilized: 00:04:59
CPU Efficiency: 1.06% of 07:49:20 core-walltime
Job Wall-clock time: 00:01:28
Memory Utilized: 4.93 GB (estimated maximum)
Memory Efficiency: 0.45% of 1.06 TB (3.39 GB/core)

 +++++++++++++++++++++++++++++++++++++++++++++++++++++++++++++++++++++++++++
 ++   Memory Efficiency is too small. Please review the requested memory. ++
 ++ It seems that you do not need that much memory so we recommend        ++
 ++ requesting less memory in other similar jobs.                         ++
 +++++++++++++++++++++++++++++++++++++++++++++++++++++++++++++++++++++++++++
 
*****************************************************************************


*****************************************************************************
*                                                                           *
*                    JOB EFFICIENCY REPORT (seff 10932554)                   *
*                                                                           *
*****************************************************************************

Job ID: 10932554
Cluster: finisterrae3
User/Group: curso341/ulc
State: COMPLETED (exit code 0)
Nodes: 5
Cores per node: 64
CPU Utilized: 00:04:59
CPU Efficiency: 1.06% of 07:49:20 core-walltime
Job Wall-clock time: 00:01:28
Memory Utilized: 4.93 GB (estimated maximum)
Memory Efficiency: 0.45% of 1.06 TB (3.39 GB/core)

 +++++++++++++++++++++++++++++++++++++++++++++++++++++++++++++++++++++++++++
 ++   Memory Efficiency is too small. Please review the requested memory. ++
 ++ It seems that you do not need that much memory so we recommend        ++
 ++ requesting less memory in other similar jobs.                         ++
 +++++++++++++++++++++++++++++++++++++++++++++++++++++++++++++++++++++++++++
 
*****************************************************************************


*****************************************************************************
*                                                                           *
*                    JOB EFFICIENCY REPORT (seff 10932554)                   *
*                                                                           *
*****************************************************************************

Job ID: 10932554
Cluster: finisterrae3
User/Group: curso341/ulc
State: COMPLETED (exit code 0)
Nodes: 5
Cores per node: 64
CPU Utilized: 00:05:16
CPU Efficiency: 1.12% of 07:49:20 core-walltime
Job Wall-clock time: 00:01:28
Memory Utilized: 4.93 GB (estimated maximum)
Memory Efficiency: 0.45% of 1.06 TB (3.39 GB/core)

 +++++++++++++++++++++++++++++++++++++++++++++++++++++++++++++++++++++++++++
 ++   Memory Efficiency is too small. Please review the requested memory. ++
 ++ It seems that you do not need that much memory so we recommend        ++
 ++ requesting less memory in other similar jobs.                         ++
 +++++++++++++++++++++++++++++++++++++++++++++++++++++++++++++++++++++++++++
 
*****************************************************************************


*****************************************************************************
*                                                                           *
*                    JOB EFFICIENCY REPORT (seff 10932554)                   *
*                                                                           *
*****************************************************************************

Job ID: 10932554
Cluster: finisterrae3
User/Group: curso341/ulc
State: COMPLETED (exit code 0)
Nodes: 5
Cores per node: 64
CPU Utilized: 00:07:35
CPU Efficiency: 1.62% of 07:49:20 core-walltime
Job Wall-clock time: 00:01:28
Memory Utilized: 4.93 GB
Memory Efficiency: 0.45% of 1.06 TB

 +++++++++++++++++++++++++++++++++++++++++++++++++++++++++++++++++++++++++++
 ++   Memory Efficiency is too small. Please review the requested memory. ++
 ++ It seems that you do not need that much memory so we recommend        ++
 ++ requesting less memory in other similar jobs.                         ++
 +++++++++++++++++++++++++++++++++++++++++++++++++++++++++++++++++++++++++++
 
*****************************************************************************

