slurmstepd: info: Setting TMPDIR to /scratch/10912194. Previous errors about TMPDIR can be discarded
Slurm job started at 08/03/2025_12:22:21 PM

In transit.
Initing Ray (1 head node + 8 worker nodes + 8 simulation nodes) on nodes: 
	ilk-16 ilk-22 ilk-241 ilk-242 ilk-243 ilk-244 ilk-245 ilk-246 ilk-247 ilk-248 ilk-249 ilk-250 ilk-251 ilk-252 ilk-253 ilk-254 ilk-256
Head node: 172.30.201.16:6379


RAY_DEPLOY_TIME:     24.01195
2025-03-08 12:22:48,782	INFO packaging.py:520 -- Creating a file package for local directory '/mnt/lustre/scratch/nlsas/home/ulc/cursos/curso341/dask_on_reisa_tests/E2/DASK_ON_REISA_ONE_ACTOR/reduction/P16-SN8-LS536-GS8589-I20-AN8-D2025-03-08_09-08-47'.
2025-03-08 12:22:48,808	INFO packaging.py:347 -- Pushing file package 'gcs://_ray_pkg_a73baf68c25e4fb7.zip' (0.48MiB) to Ray cluster...
2025-03-08 12:22:48,815	INFO packaging.py:360 -- Successfully pushed file package 'gcs://_ray_pkg_a73baf68c25e4fb7.zip'.
RAY_INIT_TIME:       4.34770
Iter [0]
Iter [2]
Iter [4]
Iter [6]
Iter [8]
Iter [10]
Iter [12]
Iter [14]
Iter [16]
Iter [18]
GLOBAL_PUT_TIME:     17.71546483039856 (avg:0.88577)
ACTOR_CONCURRENCY:   8
SIMULATION_TIME:     348.216249291999986 (avg: 17.410812464599999)
SIM_WTHOUT_PDI:      171.300165282000023 (avg: 8.565008264100001)
PDI_DELAY:           176.916084009999963 (avg: 8.845804200499998)

GLOBAL_SIZE_(GiB):   8388608
LOCAL_SIZE_(MiB):    512
ITERATIONS:          20

MPI_PER_NODE:        2
MPI_PARALLELISM:     16

WORKER_NODES:        8
CPUS_PER_WORKER:     64
WORKER_PARALLELISM:  512


SLURM_JOB_ID:        10912194
The node with node id: a3cfa71dc61bb15cfb1ece12f65551d95a0ea8bd4b857e6efcc310ec and address: 172.30.211.21 and node name: 172.30.211.21 has been marked dead because the detector has missed too many heartbeats from it. This can happen when a 	(1) raylet crashes unexpectedly (OOM, preempted node, etc.) 
	(2) raylet has lagging heartbeats due to slow network or busy workload.
slurmstepd: error: *** JOB 10912194 ON ilk-16 CANCELLED AT 2025-03-08T12:42:31 DUE TO TIME LIMIT ***
slurmstepd: error: *** STEP 10912194.18 ON ilk-22 CANCELLED AT 2025-03-08T12:42:31 DUE TO TIME LIMIT ***
srun: Job step aborted: Waiting up to 32 seconds for job step to finish.
