slurmstepd: info: Setting TMPDIR to /scratch/10770678. Previous errors about TMPDIR can be discarded
Slurm job started at 25/02/2025_08:28:59 PM

In transit.
Initing Ray (1 head node + 8 worker nodes + 16 simulation nodes) on nodes: 
	ilk-97 ilk-98 ilk-99 ilk-100 ilk-101 ilk-102 ilk-103 ilk-104 ilk-105 ilk-106 ilk-138 ilk-155 ilk-161 ilk-162 ilk-166 ilk-167 ilk-170 ilk-178 ilk-243 ilk-244 ilk-245 ilk-246 ilk-247 ilk-248 ilk-253
Head node: 172.30.203.1:6379


RAY_DEPLOY_TIME:     22.73948
2025-02-25 20:29:26,467	INFO packaging.py:520 -- Creating a file package for local directory '/mnt/lustre/scratch/nlsas/home/ulc/cursos/curso341/dask_on_reisa_tests/E1/REISA_ONE_ACTOR/reduction/P512-SN16-LS134-GS68719-I25-AN8-D2025-02-25_18-10-42'.
2025-02-25 20:29:26,500	INFO packaging.py:347 -- Pushing file package 'gcs://_ray_pkg_d3fd3997d613cdd6.zip' (0.48MiB) to Ray cluster...
2025-02-25 20:29:26,510	INFO packaging.py:360 -- Successfully pushed file package 'gcs://_ray_pkg_d3fd3997d613cdd6.zip'.
RAY_INIT_TIME:       4.82130
Iter [0]
Iter [2]
Iter [4]
Iter [6]
Iter [8]
Iter [10]
Iter [12]
srun: Job step aborted: Waiting up to 32 seconds for job step to finish.
srun: Job step aborted: Waiting up to 32 seconds for job step to finish.
slurmstepd: error: *** JOB 10770678 ON ilk-97 CANCELLED AT 2025-02-25T20:49:25 DUE TO TIME LIMIT ***
slurmstepd: error: *** STEP 10770678.26 ON ilk-98 CANCELLED AT 2025-02-25T20:49:25 DUE TO TIME LIMIT ***
slurmstepd: error: *** STEP 10770678.27 ON ilk-106 CANCELLED AT 2025-02-25T20:49:25 DUE TO TIME LIMIT ***
*** SIGTERM received at time=1740512965 on cpu 2 ***
*** SIGTERM received at time=1740512965 on cpu 8 ***
*** SIGTERM received at time=1740512965 on cpu 12 ***
*** SIGTERM received at time=1740512965 on cpu 10 ***
*** SIGTERM received at time=1740512965 on cpu 19 ***
*** SIGTERM received at time=1740512965 on cpu 15 ***
*** SIGTERM received at time=1740512965 on cpu 37 ***
*** SIGTERM received at time=1740512965 on cpu 33 ***
*** SIGTERM received at time=1740512965 on cpu 11 ***
*** SIGTERM received at time=1740512965 on cpu 7 ***
*** SIGTERM received at time=1740512965 on cpu 47 ***
*** SIGTERM received at time=1740512965 on cpu 44 ***
*** SIGTERM received at time=1740512965 on cpu 41 ***
*** SIGTERM received at time=1740512965 on cpu 34 ***
*** SIGTERM received at time=1740512965 on cpu 36 ***
*** SIGTERM received at time=1740512965 on cpu 13 ***
*** SIGTERM received at time=1740512965 on cpu 53 ***
*** SIGTERM received at time=1740512965 on cpu 1 ***
*** SIGTERM received at time=1740512965 on cpu 43 ***
*** SIGTERM received at time=1740512965 on cpu 43 ***
*** SIGTERM received at time=1740512965 on cpu 6 ***
*** SIGTERM received at time=1740512965 on cpu 14 ***
*** SIGTERM received at time=1740512965 on cpu 35 ***
*** SIGTERM received at time=1740512965 on cpu 4 ***
*** SIGTERM received at time=1740512965 on cpu 48 ***
*** SIGTERM received at time=1740512965 on cpu 6 ***
*** SIGTERM received at time=1740512965 on cpu 15 ***
*** SIGTERM received at time=1740512965 on cpu 8 ***
*** SIGTERM received at time=1740512965 on cpu 17 ***
*** SIGTERM received at time=1740512965 on cpu 9 ***
*** SIGTERM received at time=1740512965 on cpu 3 ***
*** SIGTERM received at time=1740512965 on cpu 45 ***
*** SIGTERM received at time=1740512965 on cpu 0 ***
*** SIGTERM received at time=1740512965 on cpu 17 ***
*** SIGTERM received at time=1740512965 on cpu 3 ***
*** SIGTERM received at time=1740512965 on cpu 40 ***
*** SIGTERM received at time=1740512965 on cpu 9 ***
*** SIGTERM received at time=1740512965 on cpu 50 ***
*** SIGTERM received at time=1740512965 on cpu 32 ***
*** SIGTERM received at time=1740512965 on cpu 40 ***
*** SIGTERM received at time=1740512965 on cpu 7 ***
*** SIGTERM received at time=1740512965 on cpu 50 ***
*** SIGTERM received at time=1740512965 on cpu 1 ***
*** SIGTERM received at time=1740512965 on cpu 43 ***
*** SIGTERM received at time=1740512965 on cpu 32 ***
*** SIGTERM received at time=1740512965 on cpu 39 ***
*** SIGTERM received at time=1740512965 on cpu 33 ***
*** SIGTERM received at time=1740512965 on cpu 37 ***
*** SIGTERM received at time=1740512965 on cpu 0 ***
*** SIGTERM received at time=1740512965 on cpu 7 ***
*** SIGTERM received at time=1740512965 on cpu 15 ***
*** SIGTERM received at time=1740512965 on cpu 12 ***
*** SIGTERM received at time=1740512965 on cpu 41 ***
*** SIGTERM received at time=1740512965 on cpu 5 ***
*** SIGTERM received at time=1740512965 on cpu 4 ***
*** SIGTERM received at time=1740512965 on cpu 50 ***
*** SIGTERM received at time=1740512965 on cpu 15 ***
*** SIGTERM received at time=1740512965 on cpu 36 ***
*** SIGTERM received at time=1740512965 on cpu 45 ***
*** SIGTERM received at time=1740512965 on cpu 35 ***
*** SIGTERM received at time=1740512965 on cpu 17 ***
*** SIGTERM received at time=1740512965 on cpu 14 ***
*** SIGTERM received at time=1740512965 on cpu 11 ***
*** SIGTERM received at time=1740512965 on cpu 14 ***
*** SIGTERM received at time=1740512965 on cpu 5 ***
*** SIGTERM received at time=1740512965 on cpu 33 ***
*** SIGTERM received at time=1740512965 on cpu 9 ***
*** SIGTERM received at time=1740512965 on cpu 45 ***
*** SIGTERM received at time=1740512965 on cpu 7 ***
*** SIGTERM received at time=1740512965 on cpu 39 ***
*** SIGTERM received at time=1740512965 on cpu 5 ***
*** SIGTERM received at time=1740512965 on cpu 7 ***
*** SIGTERM received at time=1740512965 on cpu 30 ***
*** SIGTERM received at time=1740512965 on cpu 43 ***
*** SIGTERM received at time=1740512965 on cpu 9 ***
*** SIGTERM received at time=1740512965 on cpu 48 ***
*** SIGTERM received at time=1740512965 on cpu 12 ***
*** SIGTERM received at time=1740512965 on cpu 37 ***
*** SIGTERM received at time=1740512965 on cpu 4 ***
*** SIGTERM received at time=1740512965 on cpu 36 ***
*** SIGTERM received at time=1740512965 on cpu 33 ***
*** SIGTERM received at time=1740512965 on cpu 0 ***
*** SIGTERM received at time=1740512965 on cpu 12 ***
*** SIGTERM received at time=1740512965 on cpu 49 ***
*** SIGTERM received at time=1740512965 on cpu 40 ***
*** SIGTERM received at time=1740512965 on cpu 16 ***
*** SIGTERM received at time=1740512965 on cpu 48 ***
*** SIGTERM received at time=1740512965 on cpu 42 ***
*** SIGTERM received at time=1740512965 on cpu 13 ***
*** SIGTERM received at time=1740512965 on cpu 38 ***
*** SIGTERM received at time=1740512965 on cpu 38 ***
*** SIGTERM received at time=1740512965 on cpu 19 ***
*** SIGTERM received at time=1740512965 on cpu 3 ***
*** SIGTERM received at time=1740512965 on cpu 37 ***
*** SIGTERM received at time=1740512965 on cpu 29 ***
*** SIGTERM received at time=1740512965 on cpu 37 ***
*** SIGTERM received at time=1740512965 on cpu 0 ***
*** SIGTERM received at time=1740512965 on cpu 38 ***
*** SIGTERM received at time=1740512965 on cpu 10 ***
*** SIGTERM received at time=1740512965 on cpu 3 ***
*** SIGTERM received at time=1740512965 on cpu 1 ***
*** SIGTERM received at time=1740512965 on cpu 39 ***
*** SIGTERM received at time=1740512965 on cpu 51 ***
*** SIGTERM received at time=1740512965 on cpu 1 ***
*** SIGTERM received at time=1740512965 on cpu 39 ***
*** SIGTERM received at time=1740512965 on cpu 41 ***
*** SIGTERM received at time=1740512965 on cpu 8 ***
*** SIGTERM received at time=1740512965 on cpu 8 ***
*** SIGTERM received at time=1740512965 on cpu 11 ***
*** SIGTERM received at time=1740512965 on cpu 35 ***
*** SIGTERM received at time=1740512965 on cpu 44 ***
*** SIGTERM received at time=1740512965 on cpu 6 ***
*** SIGTERM received at time=1740512965 on cpu 52 ***
*** SIGTERM received at time=1740512965 on cpu 42 ***
*** SIGTERM received at time=1740512965 on cpu 5 ***
*** SIGTERM received at time=1740512965 on cpu 5 ***
*** SIGTERM received at time=1740512965 on cpu 41 ***
*** SIGTERM received at time=1740512965 on cpu 13 ***
*** SIGTERM received at time=1740512965 on cpu 34 ***
*** SIGTERM received at time=1740512965 on cpu 1 ***
*** SIGTERM received at time=1740512965 on cpu 4 ***
*** SIGTERM received at time=1740512965 on cpu 45 ***
*** SIGTERM received at time=1740512965 on cpu 50 ***
*** SIGTERM received at time=1740512965 on cpu 2 ***
*** SIGTERM received at time=1740512965 on cpu 12 ***
*** SIGTERM received at time=1740512965 on cpu 34 ***
*** SIGTERM received at time=1740512965 on cpu 32 ***
*** SIGTERM received at time=1740512965 on cpu 56 ***
*** SIGTERM received at time=1740512965 on cpu 32 ***
*** SIGTERM received at time=1740512965 on cpu 6 ***
*** SIGTERM received at time=1740512965 on cpu 46 ***
*** SIGTERM received at time=1740512965 on cpu 4 ***
*** SIGTERM received at time=1740512965 on cpu 51 ***
*** SIGTERM received at time=1740512965 on cpu 11 ***
*** SIGTERM received at time=1740512965 on cpu 16 ***
*** SIGTERM received at time=1740512965 on cpu 41 ***
*** SIGTERM received at time=1740512965 on cpu 19 ***
*** SIGTERM received at time=1740512965 on cpu 5 ***
*** SIGTERM received at time=1740512965 on cpu 44 ***
*** SIGTERM received at time=1740512965 on cpu 10 ***
*** SIGTERM received at time=1740512965 on cpu 19 ***
*** SIGTERM received at time=1740512965 on cpu 51 ***
*** SIGTERM received at time=1740512965 on cpu 16 ***
*** SIGTERM received at time=1740512965 on cpu 15 ***
*** SIGTERM received at time=1740512965 on cpu 26 ***
*** SIGTERM received at time=1740512965 on cpu 10 ***
*** SIGTERM received at time=1740512965 on cpu 36 ***
*** SIGTERM received at time=1740512965 on cpu 43 ***
*** SIGTERM received at time=1740512965 on cpu 3 ***
*** SIGTERM received at time=1740512965 on cpu 18 ***
*** SIGTERM received at time=1740512965 on cpu 47 ***
*** SIGTERM received at time=1740512965 on cpu 47 ***
*** SIGTERM received at time=1740512965 on cpu 8 ***
*** SIGTERM received at time=1740512965 on cpu 4 ***
*** SIGTERM received at time=1740512965 on cpu 35 ***
*** SIGTERM received at time=1740512965 on cpu 47 ***
*** SIGTERM received at time=1740512965 on cpu 11 ***
*** SIGTERM received at time=1740512965 on cpu 27 ***
*** SIGTERM received at time=1740512965 on cpu 0 ***
*** SIGTERM received at time=1740512965 on cpu 40 ***
*** SIGTERM received at time=1740512965 on cpu 11 ***
*** SIGTERM received at time=1740512965 on cpu 39 ***
*** SIGTERM received at time=1740512965 on cpu 31 ***
*** SIGTERM received at time=1740512965 on cpu 43 ***
*** SIGTERM received at time=1740512965 on cpu 5 ***
*** SIGTERM received at time=1740512965 on cpu 13 ***
*** SIGTERM received at time=1740512965 on cpu 15 ***
*** SIGTERM received at time=1740512965 on cpu 43 ***
*** SIGTERM received at time=1740512965 on cpu 13 ***
*** SIGTERM received at time=1740512965 on cpu 19 ***
*** SIGTERM received at time=1740512965 on cpu 51 ***
*** SIGTERM received at time=1740512965 on cpu 35 ***
*** SIGTERM received at time=1740512965 on cpu 39 ***
*** SIGTERM received at time=1740512965 on cpu 17 ***
*** SIGTERM received at time=1740512965 on cpu 6 ***
*** SIGTERM received at time=1740512965 on cpu 17 ***
*** SIGTERM received at time=1740512965 on cpu 9 ***
*** SIGTERM received at time=1740512965 on cpu 45 ***
*** SIGTERM received at time=1740512965 on cpu 43 ***
*** SIGTERM received at time=1740512965 on cpu 47 ***
*** SIGTERM received at time=1740512965 on cpu 9 ***
*** SIGTERM received at time=1740512965 on cpu 45 ***
*** SIGTERM received at time=1740512965 on cpu 0 ***
*** SIGTERM received at time=1740512965 on cpu 36 ***
*** SIGTERM received at time=1740512965 on cpu 11 ***
*** SIGTERM received at time=1740512965 on cpu 12 ***
*** SIGTERM received at time=1740512965 on cpu 0 ***
*** SIGTERM received at time=1740512965 on cpu 10 ***
*** SIGTERM received at time=1740512965 on cpu 14 ***
*** SIGTERM received at time=1740512965 on cpu 43 ***
*** SIGTERM received at time=1740512965 on cpu 1 ***
*** SIGTERM received at time=1740512965 on cpu 32 ***
*** SIGTERM received at time=1740512965 on cpu 44 ***
*** SIGTERM received at time=1740512965 on cpu 38 ***
*** SIGTERM received at time=1740512965 on cpu 50 ***
*** SIGTERM received at time=1740512965 on cpu 46 ***
*** SIGTERM received at time=1740512965 on cpu 15 ***
*** SIGTERM received at time=1740512965 on cpu 18 ***
*** SIGTERM received at time=1740512965 on cpu 2 ***
*** SIGTERM received at time=1740512965 on cpu 45 ***
*** SIGTERM received at time=1740512965 on cpu 14 ***
*** SIGTERM received at time=1740512965 on cpu 5 ***
*** SIGTERM received at time=1740512965 on cpu 5 ***
*** SIGTERM received at time=1740512965 on cpu 49 ***
*** SIGTERM received at time=1740512965 on cpu 18 ***
*** SIGTERM received at time=1740512965 on cpu 2 ***
*** SIGTERM received at time=1740512965 on cpu 32 ***
*** SIGTERM received at time=1740512965 on cpu 16 ***
*** SIGTERM received at time=1740512965 on cpu 41 ***
*** SIGTERM received at time=1740512965 on cpu 48 ***
*** SIGTERM received at time=1740512965 on cpu 44 ***
*** SIGTERM received at time=1740512965 on cpu 17 ***
*** SIGTERM received at time=1740512965 on cpu 0 ***
*** SIGTERM received at time=1740512965 on cpu 8 ***
*** SIGTERM received at time=1740512965 on cpu 29 ***
*** SIGTERM received at time=1740512965 on cpu 2 ***
*** SIGTERM received at time=1740512965 on cpu 1 ***
*** SIGTERM received at time=1740512965 on cpu 11 ***
*** SIGTERM received at time=1740512965 on cpu 32 ***
*** SIGTERM received at time=1740512965 on cpu 15 ***
*** SIGTERM received at time=1740512965 on cpu 53 ***
*** SIGTERM received at time=1740512965 on cpu 45 ***
*** SIGTERM received at time=1740512965 on cpu 3 ***
*** SIGTERM received at time=1740512965 on cpu 15 ***
*** SIGTERM received at time=1740512965 on cpu 39 ***
*** SIGTERM received at time=1740512965 on cpu 39 ***
*** SIGTERM received at time=1740512965 on cpu 43 ***
*** SIGTERM received at time=1740512965 on cpu 50 ***
*** SIGTERM received at time=1740512965 on cpu 9 ***
*** SIGTERM received at time=1740512965 on cpu 15 ***
*** SIGTERM received at time=1740512965 on cpu 14 ***
*** SIGTERM received at time=1740512965 on cpu 49 ***
*** SIGTERM received at time=1740512965 on cpu 36 ***
*** SIGTERM received at time=1740512965 on cpu 10 ***
*** SIGTERM received at time=1740512965 on cpu 47 ***
*** SIGTERM received at time=1740512965 on cpu 7 ***
*** SIGTERM received at time=1740512965 on cpu 41 ***
*** SIGTERM received at time=1740512965 on cpu 17 ***
*** SIGTERM received at time=1740512965 on cpu 9 ***
*** SIGTERM received at time=1740512965 on cpu 47 ***
*** SIGTERM received at time=1740512965 on cpu 47 ***
*** SIGTERM received at time=1740512965 on cpu 50 ***
*** SIGTERM received at time=1740512965 on cpu 10 ***
*** SIGTERM received at time=1740512965 on cpu 13 ***
*** SIGTERM received at time=1740512965 on cpu 20 ***
*** SIGTERM received at time=1740512965 on cpu 14 ***
*** SIGTERM received at time=1740512965 on cpu 13 ***
*** SIGTERM received at time=1740512965 on cpu 2 ***
*** SIGTERM received at time=1740512965 on cpu 35 ***
*** SIGTERM received at time=1740512965 on cpu 42 ***
*** SIGTERM received at time=1740512965 on cpu 8 ***
*** SIGTERM received at time=1740512965 on cpu 34 ***
*** SIGTERM received at time=1740512965 on cpu 54 ***
*** SIGTERM received at time=1740512965 on cpu 1 ***
*** SIGTERM received at time=1740512965 on cpu 50 ***
*** SIGTERM received at time=1740512965 on cpu 10 ***
*** SIGTERM received at time=1740512965 on cpu 11 ***
*** SIGTERM received at time=1740512965 on cpu 4 ***
*** SIGTERM received at time=1740512965 on cpu 18 ***
*** SIGTERM received at time=1740512965 on cpu 10 ***
*** SIGTERM received at time=1740512965 on cpu 21 ***
*** SIGTERM received at time=1740512965 on cpu 39 ***
*** SIGTERM received at time=1740512965 on cpu 42 ***
*** SIGTERM received at time=1740512965 on cpu 39 ***
*** SIGTERM received at time=1740512965 on cpu 2 ***
*** SIGTERM received at time=1740512965 on cpu 35 ***
*** SIGTERM received at time=1740512965 on cpu 35 ***
*** SIGTERM received at time=1740512965 on cpu 42 ***
*** SIGTERM received at time=1740512965 on cpu 19 ***
*** SIGTERM received at time=1740512965 on cpu 48 ***
*** SIGTERM received at time=1740512965 on cpu 19 ***
*** SIGTERM received at time=1740512965 on cpu 3 ***
*** SIGTERM received at time=1740512965 on cpu 1 ***
*** SIGTERM received at time=1740512965 on cpu 31 ***
*** SIGTERM received at time=1740512965 on cpu 11 ***
*** SIGTERM received at time=1740512965 on cpu 40 ***
*** SIGTERM received at time=1740512965 on cpu 13 ***
*** SIGTERM received at time=1740512965 on cpu 5 ***
*** SIGTERM received at time=1740512965 on cpu 7 ***
*** SIGTERM received at time=1740512965 on cpu 34 ***
*** SIGTERM received at time=1740512965 on cpu 9 ***
*** SIGTERM received at time=1740512965 on cpu 32 ***
*** SIGTERM received at time=1740512965 on cpu 49 ***
*** SIGTERM received at time=1740512965 on cpu 13 ***
*** SIGTERM received at time=1740512965 on cpu 4 ***
*** SIGTERM received at time=1740512965 on cpu 47 ***
*** SIGTERM received at time=1740512965 on cpu 4 ***
*** SIGTERM received at time=1740512965 on cpu 18 ***
*** SIGTERM received at time=1740512965 on cpu 11 ***
*** SIGTERM received at time=1740512965 on cpu 3 ***
*** SIGTERM received at time=1740512965 on cpu 2 ***
*** SIGTERM received at time=1740512965 on cpu 48 ***
*** SIGTERM received at time=1740512965 on cpu 40 ***
*** SIGTERM received at time=1740512965 on cpu 16 ***
*** SIGTERM received at time=1740512965 on cpu 3 ***
*** SIGTERM received at time=1740512965 on cpu 46 ***
*** SIGTERM received at time=1740512965 on cpu 16 ***
*** SIGTERM received at time=1740512965 on cpu 17 ***
*** SIGTERM received at time=1740512965 on cpu 22 ***
*** SIGTERM received at time=1740512965 on cpu 46 ***
*** SIGTERM received at time=1740512965 on cpu 6 ***
*** SIGTERM received at time=1740512965 on cpu 4 ***
*** SIGTERM received at time=1740512965 on cpu 50 ***
*** SIGTERM received at time=1740512965 on cpu 6 ***
*** SIGTERM received at time=1740512965 on cpu 32 ***
*** SIGTERM received at time=1740512965 on cpu 14 ***
*** SIGTERM received at time=1740512965 on cpu 14 ***
*** SIGTERM received at time=1740512965 on cpu 34 ***
*** SIGTERM received at time=1740512965 on cpu 24 ***
*** SIGTERM received at time=1740512965 on cpu 1 ***
*** SIGTERM received at time=1740512965 on cpu 8 ***
*** SIGTERM received at time=1740512965 on cpu 51 ***
*** SIGTERM received at time=1740512965 on cpu 34 ***
*** SIGTERM received at time=1740512965 on cpu 14 ***
*** SIGTERM received at time=1740512965 on cpu 27 ***
*** SIGTERM received at time=1740512965 on cpu 13 ***
*** SIGTERM received at time=1740512965 on cpu 11 ***
*** SIGTERM received at time=1740512965 on cpu 16 ***
*** SIGTERM received at time=1740512965 on cpu 44 ***
*** SIGTERM received at time=1740512965 on cpu 11 ***
*** SIGTERM received at time=1740512965 on cpu 39 ***
*** SIGTERM received at time=1740512965 on cpu 49 ***
*** SIGTERM received at time=1740512965 on cpu 43 ***
*** SIGTERM received at time=1740512965 on cpu 4 ***
*** SIGTERM received at time=1740512965 on cpu 47 ***
*** SIGTERM received at time=1740512965 on cpu 52 ***
*** SIGTERM received at time=1740512965 on cpu 0 ***
*** SIGTERM received at time=1740512965 on cpu 12 ***
*** SIGTERM received at time=1740512965 on cpu 0 ***
*** SIGTERM received at time=1740512965 on cpu 40 ***
*** SIGTERM received at time=1740512965 on cpu 23 ***
*** SIGTERM received at time=1740512965 on cpu 24 ***
*** SIGTERM received at time=1740512965 on cpu 6 ***
*** SIGTERM received at time=1740512965 on cpu 35 ***
*** SIGTERM received at time=1740512965 on cpu 45 ***
*** SIGTERM received at time=1740512965 on cpu 49 ***
*** SIGTERM received at time=1740512965 on cpu 36 ***
*** SIGTERM received at time=1740512965 on cpu 18 ***
*** SIGTERM received at time=1740512965 on cpu 7 ***
*** SIGTERM received at time=1740512965 on cpu 7 ***
*** SIGTERM received at time=1740512965 on cpu 35 ***
*** SIGTERM received at time=1740512965 on cpu 18 ***
*** SIGTERM received at time=1740512965 on cpu 33 ***
*** SIGTERM received at time=1740512965 on cpu 39 ***
*** SIGTERM received at time=1740512965 on cpu 3 ***
*** SIGTERM received at time=1740512965 on cpu 34 ***
*** SIGTERM received at time=1740512965 on cpu 6 ***
*** SIGTERM received at time=1740512965 on cpu 10 ***
*** SIGTERM received at time=1740512965 on cpu 1 ***
*** SIGTERM received at time=1740512965 on cpu 19 ***
*** SIGTERM received at time=1740512965 on cpu 40 ***
*** SIGTERM received at time=1740512965 on cpu 34 ***
*** SIGTERM received at time=1740512965 on cpu 44 ***
*** SIGTERM received at time=1740512965 on cpu 8 ***
*** SIGTERM received at time=1740512965 on cpu 1 ***
*** SIGTERM received at time=1740512965 on cpu 33 ***
*** SIGTERM received at time=1740512965 on cpu 17 ***
*** SIGTERM received at time=1740512965 on cpu 48 ***
*** SIGTERM received at time=1740512965 on cpu 5 ***
*** SIGTERM received at time=1740512965 on cpu 7 ***
*** SIGTERM received at time=1740512965 on cpu 43 ***
*** SIGTERM received at time=1740512965 on cpu 36 ***
*** SIGTERM received at time=1740512965 on cpu 10 ***
*** SIGTERM received at time=1740512965 on cpu 12 ***
*** SIGTERM received at time=1740512965 on cpu 5 ***
*** SIGTERM received at time=1740512965 on cpu 15 ***
*** SIGTERM received at time=1740512965 on cpu 42 ***
*** SIGTERM received at time=1740512965 on cpu 40 ***
*** SIGTERM received at time=1740512965 on cpu 4 ***
*** SIGTERM received at time=1740512965 on cpu 3 ***
*** SIGTERM received at time=1740512965 on cpu 39 ***
*** SIGTERM received at time=1740512965 on cpu 41 ***
*** SIGTERM received at time=1740512965 on cpu 51 ***
*** SIGTERM received at time=1740512965 on cpu 2 ***
*** SIGTERM received at time=1740512965 on cpu 13 ***
*** SIGTERM received at time=1740512965 on cpu 46 ***
*** SIGTERM received at time=1740512965 on cpu 8 ***
*** SIGTERM received at time=1740512965 on cpu 33 ***
*** SIGTERM received at time=1740512965 on cpu 5 ***
*** SIGTERM received at time=1740512965 on cpu 33 ***
*** SIGTERM received at time=1740512965 on cpu 51 ***
*** SIGTERM received at time=1740512965 on cpu 37 ***
*** SIGTERM received at time=1740512965 on cpu 10 ***
*** SIGTERM received at time=1740512965 on cpu 21 ***
*** SIGTERM received at time=1740512965 on cpu 15 ***
*** SIGTERM received at time=1740512965 on cpu 33 ***
*** SIGTERM received at time=1740512965 on cpu 23 ***
*** SIGTERM received at time=1740512965 on cpu 8 ***
*** SIGTERM received at time=1740512965 on cpu 9 ***
*** SIGTERM received at time=1740512965 on cpu 47 ***
*** SIGTERM received at time=1740512965 on cpu 26 ***
*** SIGTERM received at time=1740512965 on cpu 38 ***
*** SIGTERM received at time=1740512965 on cpu 46 ***
*** SIGTERM received at time=1740512965 on cpu 51 ***
*** SIGTERM received at time=1740512965 on cpu 6 ***
*** SIGTERM received at time=1740512965 on cpu 41 ***
*** SIGTERM received at time=1740512965 on cpu 43 ***
*** SIGTERM received at time=1740512965 on cpu 37 ***
*** SIGTERM received at time=1740512965 on cpu 54 ***
*** SIGTERM received at time=1740512965 on cpu 48 ***
*** SIGTERM received at time=1740512965 on cpu 38 ***
*** SIGTERM received at time=1740512965 on cpu 12 ***
*** SIGTERM received at time=1740512965 on cpu 55 ***
*** SIGTERM received at time=1740512965 on cpu 37 ***
*** SIGTERM received at time=1740512965 on cpu 12 ***
*** SIGTERM received at time=1740512965 on cpu 34 ***
*** SIGTERM received at time=1740512965 on cpu 44 ***
*** SIGTERM received at time=1740512965 on cpu 48 ***
*** SIGTERM received at time=1740512965 on cpu 20 ***
*** SIGTERM received at time=1740512965 on cpu 41 ***
*** SIGTERM received at time=1740512965 on cpu 0 ***
*** SIGTERM received at time=1740512965 on cpu 52 ***
*** SIGTERM received at time=1740512965 on cpu 35 ***
*** SIGTERM received at time=1740512965 on cpu 48 ***
*** SIGTERM received at time=1740512965 on cpu 50 ***
*** SIGTERM received at time=1740512965 on cpu 53 ***
*** SIGTERM received at time=1740512965 on cpu 36 ***
*** SIGTERM received at time=1740512965 on cpu 8 ***
*** SIGTERM received at time=1740512965 on cpu 11 ***
*** SIGTERM received at time=1740512965 on cpu 14 ***
*** SIGTERM received at time=1740512965 on cpu 41 ***
*** SIGTERM received at time=1740512965 on cpu 33 ***
*** SIGTERM received at time=1740512965 on cpu 2 ***
*** SIGTERM received at time=1740512965 on cpu 43 ***
*** SIGTERM received at time=1740512965 on cpu 37 ***
*** SIGTERM received at time=1740512965 on cpu 7 ***
*** SIGTERM received at time=1740512965 on cpu 48 ***
*** SIGTERM received at time=1740512965 on cpu 10 ***
*** SIGTERM received at time=1740512965 on cpu 6 ***
*** SIGTERM received at time=1740512965 on cpu 8 ***
*** SIGTERM received at time=1740512965 on cpu 3 ***
*** SIGTERM received at time=1740512965 on cpu 21 ***
*** SIGTERM received at time=1740512965 on cpu 14 ***
*** SIGTERM received at time=1740512965 on cpu 5 ***
*** SIGTERM received at time=1740512965 on cpu 50 ***
*** SIGTERM received at time=1740512965 on cpu 0 ***
*** SIGTERM received at time=1740512965 on cpu 1 ***
*** SIGTERM received at time=1740512965 on cpu 9 ***
*** SIGTERM received at time=1740512965 on cpu 14 ***
*** SIGTERM received at time=1740512965 on cpu 18 ***
*** SIGTERM received at time=1740512965 on cpu 34 ***
*** SIGTERM received at time=1740512965 on cpu 17 ***
*** SIGTERM received at time=1740512965 on cpu 35 ***
*** SIGTERM received at time=1740512965 on cpu 45 ***
*** SIGTERM received at time=1740512965 on cpu 7 ***
*** SIGTERM received at time=1740512965 on cpu 19 ***
*** SIGTERM received at time=1740512965 on cpu 13 ***
*** SIGTERM received at time=1740512965 on cpu 4 ***
*** SIGTERM received at time=1740512965 on cpu 8 ***
*** SIGTERM received at time=1740512965 on cpu 0 ***
[failure_signal_handler.cc : 329] RAW: Signal 15 raised at PC=0x1550ae5632f4 while already in AbslFailureSignalHandler()
*** SIGTERM received at time=1740512965 on cpu 14 ***
[failure_signal_handler.cc : 329] RAW: Signal 15 raised at PC=0x14de215582f4 while already in AbslFailureSignalHandler()
*** SIGTERM received at time=1740512965 on cpu 2 ***
[failure_signal_handler.cc : 329] RAW: Signal 15 raised at PC=0x14e91cef0647 while already in AbslFailureSignalHandler()
*** SIGTERM received at time=1740512965 on cpu 0 ***
[failure_signal_handler.cc : 329] RAW: Signal 15 raised at PC=0x150db95ff2f4 while already in AbslFailureSignalHandler()
*** SIGTERM received at time=1740512965 on cpu 4 ***
[failure_signal_handler.cc : 329] RAW: Signal 15 raised at PC=0x1534265fd2f4 while already in AbslFailureSignalHandler()
*** SIGTERM received at time=1740512965 on cpu 1 ***
[failure_signal_handler.cc : 329] RAW: Signal 15 raised at PC=0x14a91a6752f4 while already in AbslFailureSignalHandler()
*** SIGTERM received at time=1740512965 on cpu 8 ***
[failure_signal_handler.cc : 329] RAW: Signal 15 raised at PC=0x152348bd82f4 while already in AbslFailureSignalHandler()
*** SIGTERM received at time=1740512965 on cpu 12 ***
[failure_signal_handler.cc : 329] RAW: Signal 15 raised at PC=0x146d58b322f4 while already in AbslFailureSignalHandler()
*** SIGTERM received at time=1740512965 on cpu 15 ***
[failure_signal_handler.cc : 329] RAW: Signal 15 raised at PC=0x145ae2f7b2f4 while already in AbslFailureSignalHandler()
*** SIGTERM received at time=1740512965 on cpu 11 ***
[failure_signal_handler.cc : 329] RAW: Signal 15 raised at PC=0x151d468472f4 while already in AbslFailureSignalHandler()
*** SIGTERM received at time=1740512965 on cpu 17 ***
[failure_signal_handler.cc : 329] RAW: Signal 15 raised at PC=0x149b1266b2f4 while already in AbslFailureSignalHandler()
*** SIGTERM received at time=1740512965 on cpu 3 ***
[failure_signal_handler.cc : 329] RAW: Signal 15 raised at PC=0x14ba42d5e2f4 while already in AbslFailureSignalHandler()
*** SIGTERM received at time=1740512965 on cpu 13 ***
[failure_signal_handler.cc : 329] RAW: Signal 15 raised at PC=0x14e15054b2f4 while already in AbslFailureSignalHandler()
*** SIGTERM received at time=1740512965 on cpu 1 ***
[failure_signal_handler.cc : 329] RAW: Signal 15 raised at PC=0x14d62dffa2f4 while already in AbslFailureSignalHandler()
*** SIGTERM received at time=1740512965 on cpu 2 ***
[failure_signal_handler.cc : 329] RAW: Signal 15 raised at PC=0x146511fcf2f4 while already in AbslFailureSignalHandler()
*** SIGTERM received at time=1740512965 on cpu 0 ***
[failure_signal_handler.cc : 329] RAW: Signal 15 raised at PC=0x146cb613f2f4 while already in AbslFailureSignalHandler()
*** SIGTERM received at time=1740512965 on cpu 3 ***
[failure_signal_handler.cc : 329] RAW: Signal 15 raised at PC=0x1465f78bf2f4 while already in AbslFailureSignalHandler()
*** SIGTERM received at time=1740512965 on cpu 9 ***
[failure_signal_handler.cc : 329] RAW: Signal 15 raised at PC=0x1468152792f4 while already in AbslFailureSignalHandler()
*** SIGTERM received at time=1740512965 on cpu 15 ***
[failure_signal_handler.cc : 329] RAW: Signal 15 raised at PC=0x151cd9a8f2f4 while already in AbslFailureSignalHandler()
*** SIGTERM received at time=1740512965 on cpu 12 ***
