slurmstepd: info: Setting TMPDIR to /scratch/10899152. Previous errors about TMPDIR can be discarded
Slurm job started at 07/03/2025_12:24:05 PM

In transit.
Initing Ray (1 head node + 2 worker nodes + 4 simulation nodes) on nodes: 
	ilk-151 ilk-154 ilk-155 ilk-156 ilk-157 ilk-243 ilk-245
Head node: 172.30.204.7:6379


RAY_DEPLOY_TIME:     23.65248
2025-03-07 12:24:33,328	INFO packaging.py:520 -- Creating a file package for local directory '/mnt/lustre/scratch/nlsas/home/ulc/cursos/curso341/dask_on_reisa_tests/E1/DASK_ON_REISA_ONE_ACTOR/derivative/P128-SN4-LS134-GS17179-I10-AN2-D2025-03-07_09-36-12'.
2025-03-07 12:24:33,356	INFO packaging.py:347 -- Pushing file package 'gcs://_ray_pkg_384b6abbd28113e5.zip' (0.48MiB) to Ray cluster...
2025-03-07 12:24:33,362	INFO packaging.py:360 -- Successfully pushed file package 'gcs://_ray_pkg_384b6abbd28113e5.zip'.
RAY_INIT_TIME:       7.08005
Iter [0]
Iter [1]
Iter [2]
Iter [3]
Iter [4]
Iter [5]
Iter [6]
Iter [7]
Iter [8]
Iter [9]
GLOBAL_PUT_TIME:     7.190036296844482 (avg:0.71900)
ACTOR_CONCURRENCY:   8
SIMULATION_TIME:     228.155484543000000 (avg: 22.815548454300000)
SIM_WTHOUT_PDI:      58.113882504000017 (avg: 5.811388250400002)
PDI_DELAY:           170.041602038999997 (avg: 17.004160203900000)

GLOBAL_SIZE_(GiB):   16777216
LOCAL_SIZE_(MiB):    128
ITERATIONS:          10

MPI_PER_NODE:        32
MPI_PARALLELISM:     128

WORKER_NODES:        2
CPUS_PER_WORKER:     64
WORKER_PARALLELISM:  128


SLURM_JOB_ID:        10899152
slurmstepd: error: *** JOB 10899152 ON ilk-151 CANCELLED AT 2025-03-07T12:44:20 DUE TO TIME LIMIT ***
slurmstepd: error: *** STEP 10899152.8 ON ilk-154 CANCELLED AT 2025-03-07T12:44:20 DUE TO TIME LIMIT ***
srun: Job step aborted: Waiting up to 32 seconds for job step to finish.
