slurmstepd: info: Setting TMPDIR to /scratch/10895253. Previous errors about TMPDIR can be discarded
Slurm job started at 07/03/2025_02:09:57 AM

In transit.
Initing Ray (1 head node + 2 worker nodes + 2 simulation nodes) on nodes: 
	ilk-4 ilk-5 ilk-6 ilk-10 ilk-11
Head node: 172.30.201.4:6379


RAY_DEPLOY_TIME:     23.24620
2025-03-07 02:10:22,531	INFO packaging.py:520 -- Creating a file package for local directory '/mnt/lustre/scratch/nlsas/home/ulc/cursos/curso341/dask_on_reisa_tests/E1/REISA_ONE_ACTOR/reduction/P4-SN2-LS268-GS1073-I20-AN2-D2025-03-06_23-16-28'.
2025-03-07 02:10:22,559	INFO packaging.py:347 -- Pushing file package 'gcs://_ray_pkg_5f9d2953836d06b4.zip' (0.48MiB) to Ray cluster...
2025-03-07 02:10:22,565	INFO packaging.py:360 -- Successfully pushed file package 'gcs://_ray_pkg_5f9d2953836d06b4.zip'.
RAY_INIT_TIME:       2.34003
Iter [0]
Iter [2]
Iter [4]
Iter [6]
Iter [8]
Iter [10]
Iter [12]
Iter [14]
Iter [16]
Iter [18]
EST_ANALYTICS_TIME:  55.47673 (avg:2.77384)
GLOBAL_PUT_TIME:     8.490302562713623 (avg:0.42452)
ACTOR_CONCURRENCY:   8
SIMULATION_TIME:     58.719486318999998 (avg: 2.935974315950000)
SIM_WTHOUT_PDI:      46.457975872000013 (avg: 2.322898793600001)
PDI_DELAY:           12.261510446999985 (avg: 0.613075522349999)

GLOBAL_SIZE_(GiB):   1048576
LOCAL_SIZE_(MiB):    256
ITERATIONS:          20

MPI_PER_NODE:        2
MPI_PARALLELISM:     4

WORKER_NODES:        2
CPUS_PER_WORKER:     64
WORKER_PARALLELISM:  128


SLURM_JOB_ID:        10895253

Slurm job finished at 07/03/2025_02:11:23 AM

*****************************************************************************
*                                                                           *
*                    JOB EFFICIENCY REPORT (seff 10895253)                   *
*                                                                           *
*****************************************************************************

Job ID: 10895253
Cluster: finisterrae3
User/Group: curso341/ulc
State: COMPLETED (exit code 0)
Nodes: 5
Cores per node: 64
CPU Utilized: 00:03:54
CPU Efficiency: 0.82% of 07:54:40 core-walltime
Job Wall-clock time: 00:01:29
Memory Utilized: 3.94 GB (estimated maximum)
Memory Efficiency: 0.36% of 1.06 TB (3.39 GB/core)

 +++++++++++++++++++++++++++++++++++++++++++++++++++++++++++++++++++++++++++
 ++   Memory Efficiency is too small. Please review the requested memory. ++
 ++ It seems that you do not need that much memory so we recommend        ++
 ++ requesting less memory in other similar jobs.                         ++
 +++++++++++++++++++++++++++++++++++++++++++++++++++++++++++++++++++++++++++
 
*****************************************************************************


*****************************************************************************
*                                                                           *
*                    JOB EFFICIENCY REPORT (seff 10895253)                   *
*                                                                           *
*****************************************************************************

Job ID: 10895253
Cluster: finisterrae3
User/Group: curso341/ulc
State: COMPLETED (exit code 0)
Nodes: 5
Cores per node: 64
CPU Utilized: 00:05:05
CPU Efficiency: 1.07% of 07:54:40 core-walltime
Job Wall-clock time: 00:01:29
Memory Utilized: 3.94 GB (estimated maximum)
Memory Efficiency: 0.36% of 1.06 TB (3.39 GB/core)

 +++++++++++++++++++++++++++++++++++++++++++++++++++++++++++++++++++++++++++
 ++   Memory Efficiency is too small. Please review the requested memory. ++
 ++ It seems that you do not need that much memory so we recommend        ++
 ++ requesting less memory in other similar jobs.                         ++
 +++++++++++++++++++++++++++++++++++++++++++++++++++++++++++++++++++++++++++
 
*****************************************************************************


*****************************************************************************
*                                                                           *
*                    JOB EFFICIENCY REPORT (seff 10895253)                   *
*                                                                           *
*****************************************************************************

Job ID: 10895253
Cluster: finisterrae3
User/Group: curso341/ulc
State: COMPLETED (exit code 0)
Nodes: 5
Cores per node: 64
CPU Utilized: 00:05:05
CPU Efficiency: 1.07% of 07:54:40 core-walltime
Job Wall-clock time: 00:01:29
Memory Utilized: 3.94 GB (estimated maximum)
Memory Efficiency: 0.36% of 1.06 TB (3.39 GB/core)

 +++++++++++++++++++++++++++++++++++++++++++++++++++++++++++++++++++++++++++
 ++   Memory Efficiency is too small. Please review the requested memory. ++
 ++ It seems that you do not need that much memory so we recommend        ++
 ++ requesting less memory in other similar jobs.                         ++
 +++++++++++++++++++++++++++++++++++++++++++++++++++++++++++++++++++++++++++
 
*****************************************************************************


*****************************************************************************
*                                                                           *
*                    JOB EFFICIENCY REPORT (seff 10895253)                   *
*                                                                           *
*****************************************************************************

Job ID: 10895253
Cluster: finisterrae3
User/Group: curso341/ulc
State: COMPLETED (exit code 0)
Nodes: 5
Cores per node: 64
CPU Utilized: 00:05:24
CPU Efficiency: 1.14% of 07:54:40 core-walltime
Job Wall-clock time: 00:01:29
Memory Utilized: 3.94 GB (estimated maximum)
Memory Efficiency: 0.36% of 1.06 TB (3.39 GB/core)

 +++++++++++++++++++++++++++++++++++++++++++++++++++++++++++++++++++++++++++
 ++   Memory Efficiency is too small. Please review the requested memory. ++
 ++ It seems that you do not need that much memory so we recommend        ++
 ++ requesting less memory in other similar jobs.                         ++
 +++++++++++++++++++++++++++++++++++++++++++++++++++++++++++++++++++++++++++
 
*****************************************************************************


*****************************************************************************
*                                                                           *
*                    JOB EFFICIENCY REPORT (seff 10895253)                   *
*                                                                           *
*****************************************************************************

Job ID: 10895253
Cluster: finisterrae3
User/Group: curso341/ulc
State: COMPLETED (exit code 0)
Nodes: 5
Cores per node: 64
CPU Utilized: 00:07:56
CPU Efficiency: 1.67% of 07:54:40 core-walltime
Job Wall-clock time: 00:01:29
Memory Utilized: 4.33 GB
Memory Efficiency: 0.40% of 1.06 TB

 +++++++++++++++++++++++++++++++++++++++++++++++++++++++++++++++++++++++++++
 ++   Memory Efficiency is too small. Please review the requested memory. ++
 ++ It seems that you do not need that much memory so we recommend        ++
 ++ requesting less memory in other similar jobs.                         ++
 +++++++++++++++++++++++++++++++++++++++++++++++++++++++++++++++++++++++++++
 
*****************************************************************************

