slurmstepd: info: Setting TMPDIR to /scratch/10908879. Previous errors about TMPDIR can be discarded
Slurm job started at 07/03/2025_09:55:00 PM

In transit.
Initing Ray (1 head node + 8 worker nodes + 8 simulation nodes) on nodes: 
	ilk-11 ilk-13 ilk-14 ilk-15 ilk-18 ilk-68 ilk-243 ilk-244 ilk-245 ilk-246 ilk-247 ilk-248 ilk-249 ilk-250 ilk-251 ilk-252 ilk-253
Head node: 172.30.201.11:6379


RAY_DEPLOY_TIME:     23.42245
2025-03-07 21:55:26,177	INFO packaging.py:520 -- Creating a file package for local directory '/mnt/lustre/scratch/nlsas/home/ulc/cursos/curso341/dask_on_reisa_tests/E2/REISA_ONE_ACTOR/derivative/P16-SN8-LS268-GS4294-I10-AN8-D2025-03-07_21-32-13'.
2025-03-07 21:55:26,205	INFO packaging.py:347 -- Pushing file package 'gcs://_ray_pkg_895ebd55683cd769.zip' (0.48MiB) to Ray cluster...
2025-03-07 21:55:26,212	INFO packaging.py:360 -- Successfully pushed file package 'gcs://_ray_pkg_895ebd55683cd769.zip'.
RAY_INIT_TIME:       3.36842
Iter [0]
Iter [1]
Iter [2]
Iter [3]
Iter [4]
Iter [5]
Iter [6]
Iter [7]
Iter [8]
Iter [9]
GLOBAL_PUT_TIME:     3.9459755420684814 (avg:0.39460)
ACTOR_CONCURRENCY:   8
SIMULATION_TIME:     33.038940565000004 (avg: 3.303894056500000)
SIM_WTHOUT_PDI:      25.473103390000006 (avg: 2.547310339000000)
PDI_DELAY:           7.565837174999999 (avg: 0.756583717500000)

GLOBAL_SIZE_(GiB):   4194304
LOCAL_SIZE_(MiB):    256
ITERATIONS:          10

MPI_PER_NODE:        2
MPI_PARALLELISM:     16

WORKER_NODES:        8
CPUS_PER_WORKER:     64
WORKER_PARALLELISM:  512


SLURM_JOB_ID:        10908879
EST_ANALYTICS_TIME:  33.58163 (avg:3.35816)

Slurm job finished at 07/03/2025_09:56:03 PM

*****************************************************************************
*                                                                           *
*                    JOB EFFICIENCY REPORT (seff 10908879)                   *
*                                                                           *
*****************************************************************************

Job ID: 10908879
Cluster: finisterrae3
User/Group: curso341/ulc
State: COMPLETED (exit code 0)
Nodes: 17
Cores per node: 64
CPU Utilized: 00:08:36
CPU Efficiency: 0.73% of 19:38:40 core-walltime
Job Wall-clock time: 00:01:05
Memory Utilized: 11.83 GB (estimated maximum)
Memory Efficiency: 0.32% of 3.60 TB (3.39 GB/core)

 +++++++++++++++++++++++++++++++++++++++++++++++++++++++++++++++++++++++++++
 ++   Memory Efficiency is too small. Please review the requested memory. ++
 ++ It seems that you do not need that much memory so we recommend        ++
 ++ requesting less memory in other similar jobs.                         ++
 +++++++++++++++++++++++++++++++++++++++++++++++++++++++++++++++++++++++++++
 
*****************************************************************************


*****************************************************************************
*                                                                           *
*                    JOB EFFICIENCY REPORT (seff 10908879)                   *
*                                                                           *
*****************************************************************************

Job ID: 10908879
Cluster: finisterrae3
User/Group: curso341/ulc
State: COMPLETED (exit code 0)
Nodes: 17
Cores per node: 64
CPU Utilized: 00:08:36
CPU Efficiency: 0.73% of 19:38:40 core-walltime
Job Wall-clock time: 00:01:05
Memory Utilized: 11.83 GB (estimated maximum)
Memory Efficiency: 0.32% of 3.60 TB (3.39 GB/core)

 +++++++++++++++++++++++++++++++++++++++++++++++++++++++++++++++++++++++++++
 ++   Memory Efficiency is too small. Please review the requested memory. ++
 ++ It seems that you do not need that much memory so we recommend        ++
 ++ requesting less memory in other similar jobs.                         ++
 +++++++++++++++++++++++++++++++++++++++++++++++++++++++++++++++++++++++++++
 
*****************************************************************************


*****************************************************************************
*                                                                           *
*                    JOB EFFICIENCY REPORT (seff 10908879)                   *
*                                                                           *
*****************************************************************************

Job ID: 10908879
Cluster: finisterrae3
User/Group: curso341/ulc
State: COMPLETED (exit code 0)
Nodes: 17
Cores per node: 64
CPU Utilized: 00:08:36
CPU Efficiency: 0.73% of 19:38:40 core-walltime
Job Wall-clock time: 00:01:05
Memory Utilized: 11.83 GB (estimated maximum)
Memory Efficiency: 0.32% of 3.60 TB (3.39 GB/core)

 +++++++++++++++++++++++++++++++++++++++++++++++++++++++++++++++++++++++++++
 ++   Memory Efficiency is too small. Please review the requested memory. ++
 ++ It seems that you do not need that much memory so we recommend        ++
 ++ requesting less memory in other similar jobs.                         ++
 +++++++++++++++++++++++++++++++++++++++++++++++++++++++++++++++++++++++++++
 
*****************************************************************************


*****************************************************************************
*                                                                           *
*                    JOB EFFICIENCY REPORT (seff 10908879)                   *
*                                                                           *
*****************************************************************************

Job ID: 10908879
Cluster: finisterrae3
User/Group: curso341/ulc
State: COMPLETED (exit code 0)
Nodes: 17
Cores per node: 64
CPU Utilized: 00:08:36
CPU Efficiency: 0.73% of 19:38:40 core-walltime
Job Wall-clock time: 00:01:05
Memory Utilized: 11.83 GB (estimated maximum)
Memory Efficiency: 0.32% of 3.60 TB (3.39 GB/core)

 +++++++++++++++++++++++++++++++++++++++++++++++++++++++++++++++++++++++++++
 ++   Memory Efficiency is too small. Please review the requested memory. ++
 ++ It seems that you do not need that much memory so we recommend        ++
 ++ requesting less memory in other similar jobs.                         ++
 +++++++++++++++++++++++++++++++++++++++++++++++++++++++++++++++++++++++++++
 
*****************************************************************************


*****************************************************************************
*                                                                           *
*                    JOB EFFICIENCY REPORT (seff 10908879)                   *
*                                                                           *
*****************************************************************************

Job ID: 10908879
Cluster: finisterrae3
User/Group: curso341/ulc
State: COMPLETED (exit code 0)
Nodes: 17
Cores per node: 64
CPU Utilized: 00:08:36
CPU Efficiency: 0.73% of 19:38:40 core-walltime
Job Wall-clock time: 00:01:05
Memory Utilized: 11.83 GB (estimated maximum)
Memory Efficiency: 0.32% of 3.60 TB (3.39 GB/core)

 +++++++++++++++++++++++++++++++++++++++++++++++++++++++++++++++++++++++++++
 ++   Memory Efficiency is too small. Please review the requested memory. ++
 ++ It seems that you do not need that much memory so we recommend        ++
 ++ requesting less memory in other similar jobs.                         ++
 +++++++++++++++++++++++++++++++++++++++++++++++++++++++++++++++++++++++++++
 
*****************************************************************************



*****************************************************************************

*****************************************************************************
*                                                                           *
*****************************************************************************
*                                                                           *
*                    JOB EFFICIENCY REPORT (seff 10908879)                   *
*                                                                           *
*                    JOB EFFICIENCY REPORT (seff 10908879)                   *
*                                                                           *
*                    JOB EFFICIENCY REPORT (seff 10908879)                   *
*                                                                           *


*****************************************************************************
*                                                                           *
*****************************************************************************
*****************************************************************************
*****************************************************************************

*****************************************************************************


*                                                                           *
*                                                                           *

Job ID: 10908879

*****************************************************************************
Job ID: 10908879
*                    JOB EFFICIENCY REPORT (seff 10908879)                   *
*                    JOB EFFICIENCY REPORT (seff 10908879)                   *
*****************************************************************************
Cluster: finisterrae3
Job ID: 10908879
*                                                                           *
Cluster: finisterrae3
*                                                                           *
*                                                                           *

*                                                                           *
User/Group: curso341/ulc
Cluster: finisterrae3
*                    JOB EFFICIENCY REPORT (seff 10908879)                   *
User/Group: curso341/ulc
*****************************************************************************
*****************************************************************************
*****************************************************************************
*                    JOB EFFICIENCY REPORT (seff 10908879)                   *
State: COMPLETED (exit code 0)
User/Group: curso341/ulc
*                                                                           *
State: COMPLETED (exit code 0)


*                                                                           *
*                                                                           *
Nodes: 17
State: COMPLETED (exit code 0)
*****************************************************************************
Nodes: 17
Job ID: 10908879
Job ID: 10908879
*                    JOB EFFICIENCY REPORT (seff 10908879)                   *
*****************************************************************************
Cores per node: 64
Nodes: 17

Cores per node: 64
Cluster: finisterrae3
Cluster: finisterrae3
*                                                                           *

CPU Utilized: 00:10:13
Cores per node: 64
Job ID: 10908879
CPU Utilized: 00:10:13
User/Group: curso341/ulc
User/Group: curso341/ulc
*****************************************************************************
Job ID: 10908879
CPU Efficiency: 0.87% of 19:38:40 core-walltime
CPU Utilized: 00:10:13
Cluster: finisterrae3
CPU Efficiency: 0.87% of 19:38:40 core-walltime
State: COMPLETED (exit code 0)
State: COMPLETED (exit code 0)

Cluster: finisterrae3
Job Wall-clock time: 00:01:05
CPU Efficiency: 0.87% of 19:38:40 core-walltime
User/Group: curso341/ulc
Job Wall-clock time: 00:01:05
Nodes: 17
Nodes: 17
Job ID: 10908879
User/Group: curso341/ulc
Memory Utilized: 11.83 GB (estimated maximum)
Job Wall-clock time: 00:01:05
State: COMPLETED (exit code 0)
Memory Utilized: 11.83 GB (estimated maximum)
Cores per node: 64
Cores per node: 64
Cluster: finisterrae3
State: COMPLETED (exit code 0)
Memory Efficiency: 0.32% of 3.60 TB (3.39 GB/core)
Memory Utilized: 11.83 GB (estimated maximum)
Nodes: 17
Memory Efficiency: 0.32% of 3.60 TB (3.39 GB/core)
CPU Utilized: 00:10:13
CPU Utilized: 00:10:13
User/Group: curso341/ulc
Nodes: 17

Memory Efficiency: 0.32% of 3.60 TB (3.39 GB/core)
Cores per node: 64

CPU Efficiency: 0.87% of 19:38:40 core-walltime
CPU Efficiency: 0.87% of 19:38:40 core-walltime
State: COMPLETED (exit code 0)
Cores per node: 64
 +++++++++++++++++++++++++++++++++++++++++++++++++++++++++++++++++++++++++++

CPU Utilized: 00:10:13
 +++++++++++++++++++++++++++++++++++++++++++++++++++++++++++++++++++++++++++
Job Wall-clock time: 00:01:05
Job Wall-clock time: 00:01:05
Nodes: 17
CPU Utilized: 00:10:13
 ++   Memory Efficiency is too small. Please review the requested memory. ++
 +++++++++++++++++++++++++++++++++++++++++++++++++++++++++++++++++++++++++++
CPU Efficiency: 0.87% of 19:38:40 core-walltime
 ++   Memory Efficiency is too small. Please review the requested memory. ++
Memory Utilized: 11.83 GB (estimated maximum)
Memory Utilized: 11.83 GB (estimated maximum)
Cores per node: 64
CPU Efficiency: 0.87% of 19:38:40 core-walltime
 ++ It seems that you do not need that much memory so we recommend        ++
 ++   Memory Efficiency is too small. Please review the requested memory. ++
Job Wall-clock time: 00:01:05
 ++ It seems that you do not need that much memory so we recommend        ++
Memory Efficiency: 0.32% of 3.60 TB (3.39 GB/core)
Memory Efficiency: 0.32% of 3.60 TB (3.39 GB/core)
CPU Utilized: 00:10:13
Job Wall-clock time: 00:01:05
 ++ requesting less memory in other similar jobs.                         ++
 ++ It seems that you do not need that much memory so we recommend        ++
Memory Utilized: 11.83 GB (estimated maximum)
 ++ requesting less memory in other similar jobs.                         ++


CPU Efficiency: 0.87% of 19:38:40 core-walltime
Memory Utilized: 11.83 GB (estimated maximum)
 +++++++++++++++++++++++++++++++++++++++++++++++++++++++++++++++++++++++++++
 ++ requesting less memory in other similar jobs.                         ++
Memory Efficiency: 0.32% of 3.60 TB (3.39 GB/core)
 +++++++++++++++++++++++++++++++++++++++++++++++++++++++++++++++++++++++++++
 +++++++++++++++++++++++++++++++++++++++++++++++++++++++++++++++++++++++++++
 +++++++++++++++++++++++++++++++++++++++++++++++++++++++++++++++++++++++++++
Job Wall-clock time: 00:01:05
Memory Efficiency: 0.32% of 3.60 TB (3.39 GB/core)
 
 +++++++++++++++++++++++++++++++++++++++++++++++++++++++++++++++++++++++++++

 
 ++   Memory Efficiency is too small. Please review the requested memory. ++
 ++   Memory Efficiency is too small. Please review the requested memory. ++
Memory Utilized: 11.83 GB (estimated maximum)

*****************************************************************************
 
 +++++++++++++++++++++++++++++++++++++++++++++++++++++++++++++++++++++++++++
*****************************************************************************
 ++ It seems that you do not need that much memory so we recommend        ++
 ++ It seems that you do not need that much memory so we recommend        ++
Memory Efficiency: 0.32% of 3.60 TB (3.39 GB/core)
 +++++++++++++++++++++++++++++++++++++++++++++++++++++++++++++++++++++++++++

*****************************************************************************
 ++   Memory Efficiency is too small. Please review the requested memory. ++

 ++ requesting less memory in other similar jobs.                         ++
 ++ requesting less memory in other similar jobs.                         ++

 ++   Memory Efficiency is too small. Please review the requested memory. ++

 ++ It seems that you do not need that much memory so we recommend        ++
 +++++++++++++++++++++++++++++++++++++++++++++++++++++++++++++++++++++++++++
 +++++++++++++++++++++++++++++++++++++++++++++++++++++++++++++++++++++++++++
 +++++++++++++++++++++++++++++++++++++++++++++++++++++++++++++++++++++++++++
 ++ It seems that you do not need that much memory so we recommend        ++
 ++ requesting less memory in other similar jobs.                         ++
 
 
 ++   Memory Efficiency is too small. Please review the requested memory. ++
 ++ requesting less memory in other similar jobs.                         ++
 +++++++++++++++++++++++++++++++++++++++++++++++++++++++++++++++++++++++++++
*****************************************************************************
*****************************************************************************
 ++ It seems that you do not need that much memory so we recommend        ++
 +++++++++++++++++++++++++++++++++++++++++++++++++++++++++++++++++++++++++++
 


 ++ requesting less memory in other similar jobs.                         ++
 
*****************************************************************************
 +++++++++++++++++++++++++++++++++++++++++++++++++++++++++++++++++++++++++++
*****************************************************************************

 

*****************************************************************************


*****************************************************************************
*                                                                           *
*                    JOB EFFICIENCY REPORT (seff 10908879)                   *
*                                                                           *
*****************************************************************************

Job ID: 10908879
Cluster: finisterrae3
User/Group: curso341/ulc
State: COMPLETED (exit code 0)
Nodes: 17
Cores per node: 64
CPU Utilized: 00:10:36
CPU Efficiency: 0.90% of 19:38:40 core-walltime
Job Wall-clock time: 00:01:05
Memory Utilized: 11.83 GB (estimated maximum)
Memory Efficiency: 0.32% of 3.60 TB (3.39 GB/core)

 +++++++++++++++++++++++++++++++++++++++++++++++++++++++++++++++++++++++++++
 ++   Memory Efficiency is too small. Please review the requested memory. ++
 ++ It seems that you do not need that much memory so we recommend        ++
 ++ requesting less memory in other similar jobs.                         ++
 +++++++++++++++++++++++++++++++++++++++++++++++++++++++++++++++++++++++++++
 
*****************************************************************************


*****************************************************************************
*                                                                           *
*                    JOB EFFICIENCY REPORT (seff 10908879)                   *
*                                                                           *
*****************************************************************************

Job ID: 10908879
Cluster: finisterrae3
User/Group: curso341/ulc
State: COMPLETED (exit code 0)
Nodes: 17
Cores per node: 64
CPU Utilized: 00:19:16
CPU Efficiency: 1.63% of 19:38:40 core-walltime
Job Wall-clock time: 00:01:05
Memory Utilized: 11.83 GB (estimated maximum)
Memory Efficiency: 0.32% of 3.60 TB (3.39 GB/core)

 +++++++++++++++++++++++++++++++++++++++++++++++++++++++++++++++++++++++++++
 ++   Memory Efficiency is too small. Please review the requested memory. ++
 ++ It seems that you do not need that much memory so we recommend        ++
 ++ requesting less memory in other similar jobs.                         ++
 +++++++++++++++++++++++++++++++++++++++++++++++++++++++++++++++++++++++++++
 
*****************************************************************************


*****************************************************************************
*                                                                           *
*                    JOB EFFICIENCY REPORT (seff 10908879)                   *
*                                                                           *
*****************************************************************************

Job ID: 10908879
Cluster: finisterrae3
User/Group: curso341/ulc
State: COMPLETED (exit code 0)
Nodes: 17
Cores per node: 64
CPU Utilized: 00:19:16
CPU Efficiency: 1.63% of 19:38:40 core-walltime
Job Wall-clock time: 00:01:05
Memory Utilized: 11.83 GB (estimated maximum)
Memory Efficiency: 0.32% of 3.60 TB (3.39 GB/core)

 +++++++++++++++++++++++++++++++++++++++++++++++++++++++++++++++++++++++++++
 ++   Memory Efficiency is too small. Please review the requested memory. ++
 ++ It seems that you do not need that much memory so we recommend        ++
 ++ requesting less memory in other similar jobs.                         ++
 +++++++++++++++++++++++++++++++++++++++++++++++++++++++++++++++++++++++++++
 
*****************************************************************************


*****************************************************************************
*                                                                           *
*                    JOB EFFICIENCY REPORT (seff 10908879)                   *
*                                                                           *
*****************************************************************************

Job ID: 10908879
Cluster: finisterrae3
User/Group: curso341/ulc
State: COMPLETED (exit code 0)
Nodes: 17
Cores per node: 64
CPU Utilized: 00:19:16
CPU Efficiency: 1.63% of 19:38:40 core-walltime
Job Wall-clock time: 00:01:05
Memory Utilized: 11.83 GB (estimated maximum)
Memory Efficiency: 0.32% of 3.60 TB (3.39 GB/core)

 +++++++++++++++++++++++++++++++++++++++++++++++++++++++++++++++++++++++++++
 ++   Memory Efficiency is too small. Please review the requested memory. ++
 ++ It seems that you do not need that much memory so we recommend        ++
 ++ requesting less memory in other similar jobs.                         ++
 +++++++++++++++++++++++++++++++++++++++++++++++++++++++++++++++++++++++++++
 
*****************************************************************************

