slurmstepd: info: Setting TMPDIR to /scratch/10770670. Previous errors about TMPDIR can be discarded
Slurm job started at 25/02/2025_06:50:22 PM

In transit.
Initing Ray (1 head node + 4 worker nodes + 4 simulation nodes) on nodes: 
	ilk-82 ilk-95 ilk-111 ilk-112 ilk-241 ilk-242 ilk-243 ilk-247 ilk-253
Head node: 172.30.202.34:6379


RAY_DEPLOY_TIME:     22.56969
RAY_INIT_TIME:       3.46777
Iter [0]
2025-02-25 18:50:50,077	INFO packaging.py:520 -- Creating a file package for local directory '/mnt/lustre/scratch/nlsas/home/ulc/cursos/curso341/dask_on_reisa_tests/E1/REISA_ONE_ACTOR/reduction/P8-SN4-LS268-GS2147-I25-AN4-D2025-02-25_18-10-19'.
2025-02-25 18:50:50,107	INFO packaging.py:347 -- Pushing file package 'gcs://_ray_pkg_592aa4cde33c3c61.zip' (0.48MiB) to Ray cluster...
2025-02-25 18:50:50,113	INFO packaging.py:360 -- Successfully pushed file package 'gcs://_ray_pkg_592aa4cde33c3c61.zip'.
Iter [2]
Iter [4]
Iter [6]
Iter [8]
Iter [10]
Iter [12]
Iter [14]
Iter [16]
Iter [18]
Iter [20]
Iter [22]
Iter [24]
EST_ANALYTICS_TIME:  72.05525 (avg:2.88221)
GLOBAL_PUT_TIME:     9.754235744476318 (avg:0.39017)
ACTOR_CONCURRENCY:   8
SIMULATION_TIME:     75.470014413000001 (avg: 3.018800576520000)
SIM_WTHOUT_PDI:      60.538269292999978 (avg: 2.421530771719999)
PDI_DELAY:           14.931745120000024 (avg: 0.597269804800001)

GLOBAL_SIZE_(GiB):   2097152
LOCAL_SIZE_(MiB):    256
ITERATIONS:          25

MPI_PER_NODE:        2
MPI_PARALLELISM:     8

WORKER_NODES:        4
CPUS_PER_WORKER:     30
WORKER_PARALLELISM:  120


SLURM_JOB_ID:        10770670

Slurm job finished at 25/02/2025_06:52:06 PM

*****************************************************************************
*                                                                           *
*                    JOB EFFICIENCY REPORT (seff 10770670)                   *
*                                                                           *
*****************************************************************************

Job ID: 10770670
Cluster: finisterrae3
User/Group: curso341/ulc
State: COMPLETED (exit code 0)
Nodes: 9
Cores per node: 40
CPU Utilized: 00:10:51
CPU Efficiency: 1.69% of 10:42:00 core-walltime
Job Wall-clock time: 00:01:47
Memory Utilized: 2.36 GB
Memory Efficiency: 0.16% of 1.41 TB

 +++++++++++++++++++++++++++++++++++++++++++++++++++++++++++++++++++++++++++
 ++   Memory Efficiency is too small. Please review the requested memory. ++
 ++ It seems that you do not need that much memory so we recommend        ++
 ++ requesting less memory in other similar jobs.                         ++
 +++++++++++++++++++++++++++++++++++++++++++++++++++++++++++++++++++++++++++
 
*****************************************************************************


*****************************************************************************
*                                                                           *
*                    JOB EFFICIENCY REPORT (seff 10770670)                   *
*                                                                           *
*****************************************************************************

Job ID: 10770670
Cluster: finisterrae3
User/Group: curso341/ulc
State: COMPLETED (exit code 0)
Nodes: 9
Cores per node: 40
CPU Utilized: 00:10:51
CPU Efficiency: 1.69% of 10:42:00 core-walltime
Job Wall-clock time: 00:01:47
Memory Utilized: 2.36 GB
Memory Efficiency: 0.16% of 1.41 TB

 +++++++++++++++++++++++++++++++++++++++++++++++++++++++++++++++++++++++++++
 ++   Memory Efficiency is too small. Please review the requested memory. ++
 ++ It seems that you do not need that much memory so we recommend        ++
 ++ requesting less memory in other similar jobs.                         ++
 +++++++++++++++++++++++++++++++++++++++++++++++++++++++++++++++++++++++++++
 
*****************************************************************************


*****************************************************************************
*                                                                           *
*                    JOB EFFICIENCY REPORT (seff 10770670)                   *
*                                                                           *
*****************************************************************************

Job ID: 10770670
Cluster: finisterrae3
User/Group: curso341/ulc
State: COMPLETED (exit code 0)
Nodes: 9
Cores per node: 40
CPU Utilized: 00:10:51
CPU Efficiency: 1.69% of 10:42:00 core-walltime
Job Wall-clock time: 00:01:47
Memory Utilized: 2.36 GB
Memory Efficiency: 0.16% of 1.41 TB

 +++++++++++++++++++++++++++++++++++++++++++++++++++++++++++++++++++++++++++
 ++   Memory Efficiency is too small. Please review the requested memory. ++
 ++ It seems that you do not need that much memory so we recommend        ++
 ++ requesting less memory in other similar jobs.                         ++
 +++++++++++++++++++++++++++++++++++++++++++++++++++++++++++++++++++++++++++
 
*****************************************************************************


*****************************************************************************
*                                                                           *
*                    JOB EFFICIENCY REPORT (seff 10770670)                   *
*                                                                           *
*****************************************************************************

Job ID: 10770670
Cluster: finisterrae3
User/Group: curso341/ulc
State: COMPLETED (exit code 0)
Nodes: 9
Cores per node: 40
CPU Utilized: 00:11:08
CPU Efficiency: 1.73% of 10:42:00 core-walltime
Job Wall-clock time: 00:01:47
Memory Utilized: 2.36 GB
Memory Efficiency: 0.16% of 1.41 TB

 +++++++++++++++++++++++++++++++++++++++++++++++++++++++++++++++++++++++++++
 ++   Memory Efficiency is too small. Please review the requested memory. ++
 ++ It seems that you do not need that much memory so we recommend        ++
 ++ requesting less memory in other similar jobs.                         ++
 +++++++++++++++++++++++++++++++++++++++++++++++++++++++++++++++++++++++++++
 
*****************************************************************************


*****************************************************************************
*                                                                           *
*                    JOB EFFICIENCY REPORT (seff 10770670)                   *
*                                                                           *
*****************************************************************************

Job ID: 10770670
Cluster: finisterrae3
User/Group: curso341/ulc
State: COMPLETED (exit code 0)
Nodes: 9
Cores per node: 40
CPU Utilized: 00:13:01
CPU Efficiency: 2.03% of 10:42:00 core-walltime
Job Wall-clock time: 00:01:47
Memory Utilized: 2.36 GB
Memory Efficiency: 0.16% of 1.41 TB

 +++++++++++++++++++++++++++++++++++++++++++++++++++++++++++++++++++++++++++
 ++   Memory Efficiency is too small. Please review the requested memory. ++
 ++ It seems that you do not need that much memory so we recommend        ++
 ++ requesting less memory in other similar jobs.                         ++
 +++++++++++++++++++++++++++++++++++++++++++++++++++++++++++++++++++++++++++
 
*****************************************************************************


*****************************************************************************
*                                                                           *
*                    JOB EFFICIENCY REPORT (seff 10770670)                   *
*                                                                           *
*****************************************************************************

Job ID: 10770670
Cluster: finisterrae3
User/Group: curso341/ulc
State: COMPLETED (exit code 0)
Nodes: 9
Cores per node: 40
CPU Utilized: 00:13:01
CPU Efficiency: 2.03% of 10:42:00 core-walltime
Job Wall-clock time: 00:01:47
Memory Utilized: 2.36 GB
Memory Efficiency: 0.16% of 1.41 TB

 +++++++++++++++++++++++++++++++++++++++++++++++++++++++++++++++++++++++++++
 ++   Memory Efficiency is too small. Please review the requested memory. ++
 ++ It seems that you do not need that much memory so we recommend        ++
 ++ requesting less memory in other similar jobs.                         ++
 +++++++++++++++++++++++++++++++++++++++++++++++++++++++++++++++++++++++++++
 
*****************************************************************************



*****************************************************************************
*****************************************************************************
*                                                                           *
*                                                                           *
*                    JOB EFFICIENCY REPORT (seff 10770670)                   *
*                    JOB EFFICIENCY REPORT (seff 10770670)                   *
*                                                                           *
*                                                                           *
*****************************************************************************
*****************************************************************************


Job ID: 10770670
Job ID: 10770670
Cluster: finisterrae3
Cluster: finisterrae3
User/Group: curso341/ulc
User/Group: curso341/ulc
State: COMPLETED (exit code 0)
State: COMPLETED (exit code 0)
Nodes: 9
Nodes: 9
Cores per node: 40
Cores per node: 40
CPU Utilized: 00:13:01
CPU Utilized: 00:13:01
CPU Efficiency: 2.03% of 10:42:00 core-walltime
CPU Efficiency: 2.03% of 10:42:00 core-walltime
Job Wall-clock time: 00:01:47
Job Wall-clock time: 00:01:47
Memory Utilized: 2.36 GB
Memory Utilized: 2.36 GB
Memory Efficiency: 0.16% of 1.41 TB
Memory Efficiency: 0.16% of 1.41 TB


 +++++++++++++++++++++++++++++++++++++++++++++++++++++++++++++++++++++++++++
 +++++++++++++++++++++++++++++++++++++++++++++++++++++++++++++++++++++++++++
 ++   Memory Efficiency is too small. Please review the requested memory. ++
 ++   Memory Efficiency is too small. Please review the requested memory. ++
 ++ It seems that you do not need that much memory so we recommend        ++
 ++ It seems that you do not need that much memory so we recommend        ++
 ++ requesting less memory in other similar jobs.                         ++
 ++ requesting less memory in other similar jobs.                         ++
 +++++++++++++++++++++++++++++++++++++++++++++++++++++++++++++++++++++++++++
 +++++++++++++++++++++++++++++++++++++++++++++++++++++++++++++++++++++++++++
 
 
*****************************************************************************
*****************************************************************************



*****************************************************************************
*                                                                           *
*                    JOB EFFICIENCY REPORT (seff 10770670)                   *
*                                                                           *
*****************************************************************************

Job ID: 10770670
Cluster: finisterrae3
User/Group: curso341/ulc
State: COMPLETED (exit code 0)
Nodes: 9
Cores per node: 40
CPU Utilized: 00:15:42
CPU Efficiency: 2.45% of 10:42:00 core-walltime
Job Wall-clock time: 00:01:47
Memory Utilized: 3.91 GB
Memory Efficiency: 0.27% of 1.41 TB

 +++++++++++++++++++++++++++++++++++++++++++++++++++++++++++++++++++++++++++
 ++   Memory Efficiency is too small. Please review the requested memory. ++
 ++ It seems that you do not need that much memory so we recommend        ++
 ++ requesting less memory in other similar jobs.                         ++
 +++++++++++++++++++++++++++++++++++++++++++++++++++++++++++++++++++++++++++
 
*****************************************************************************

