slurmstepd: info: Setting TMPDIR to /scratch/10899146. Previous errors about TMPDIR can be discarded
Slurm job started at 07/03/2025_12:16:15 PM

In transit.
Initing Ray (1 head node + 2 worker nodes + 4 simulation nodes) on nodes: 
	ilk-145 ilk-146 ilk-147 ilk-148 ilk-149 ilk-150 ilk-151
Head node: 172.30.204.1:6379


RAY_DEPLOY_TIME:     24.86597
2025-03-07 12:16:43,483	INFO packaging.py:520 -- Creating a file package for local directory '/mnt/lustre/scratch/nlsas/home/ulc/cursos/curso341/dask_on_reisa_tests/E1/DASK_ON_REISA_ONE_ACTOR/derivative/P128-SN4-LS1-GS134-I10-AN2-D2025-03-07_09-36-01'.
2025-03-07 12:16:43,510	INFO packaging.py:347 -- Pushing file package 'gcs://_ray_pkg_50dced72eef406d6.zip' (0.48MiB) to Ray cluster...
2025-03-07 12:16:43,516	INFO packaging.py:360 -- Successfully pushed file package 'gcs://_ray_pkg_50dced72eef406d6.zip'.
RAY_INIT_TIME:       4.09334
Iter [0]
Iter [1]
Iter [2]
Iter [3]
Iter [4]
Iter [5]
Iter [6]
Iter [7]
Iter [8]
Iter [9]
GLOBAL_PUT_TIME:     0.03596782684326172 (avg:0.00360)
ACTOR_CONCURRENCY:   8
SIMULATION_TIME:     31.035512988000004 (avg: 3.103551298800000)
SIM_WTHOUT_PDI:      14.747485223999995 (avg: 1.474748522399999)
PDI_DELAY:           16.288027764000010 (avg: 1.628802776400001)

GLOBAL_SIZE_(GiB):   131072
LOCAL_SIZE_(MiB):    1
ITERATIONS:          10

MPI_PER_NODE:        32
MPI_PARALLELISM:     128

WORKER_NODES:        2
CPUS_PER_WORKER:     64
WORKER_PARALLELISM:  128


SLURM_JOB_ID:        10899146
EST_ANALYTICS_TIME:  248.17101 (avg:24.81710)

Slurm job finished at 07/03/2025_12:20:55 PM


*****************************************************************************

*****************************************************************************
*                                                                           *
*****************************************************************************
*                                                                           *
*                    JOB EFFICIENCY REPORT (seff 10899146)                   *
*                                                                           *

*                    JOB EFFICIENCY REPORT (seff 10899146)                   *
*                                                                           *
*                    JOB EFFICIENCY REPORT (seff 10899146)                   *
*****************************************************************************
*                                                                           *
*****************************************************************************
*                                                                           *
*                                                                           *
*****************************************************************************

*****************************************************************************
*                    JOB EFFICIENCY REPORT (seff 10899146)                   *

Job ID: 10899146

*                                                                           *
Job ID: 10899146
Cluster: finisterrae3
Job ID: 10899146
*****************************************************************************
Cluster: finisterrae3
User/Group: curso341/ulc
Cluster: finisterrae3

User/Group: curso341/ulc
State: COMPLETED (exit code 0)
User/Group: curso341/ulc
Job ID: 10899146
State: COMPLETED (exit code 0)
Nodes: 7
State: COMPLETED (exit code 0)
Cluster: finisterrae3
Nodes: 7
Cores per node: 64
Nodes: 7
User/Group: curso341/ulc
Cores per node: 64
CPU Utilized: 00:46:02
Cores per node: 64
State: COMPLETED (exit code 0)
CPU Utilized: 00:46:02
CPU Efficiency: 2.19% of 1-11:05:36 core-walltime
CPU Utilized: 00:46:02
Nodes: 7
CPU Efficiency: 2.19% of 1-11:05:36 core-walltime
Job Wall-clock time: 00:04:42
CPU Efficiency: 2.19% of 1-11:05:36 core-walltime
Cores per node: 64
Job Wall-clock time: 00:04:42
Memory Utilized: 370.29 MB
Job Wall-clock time: 00:04:42
CPU Utilized: 00:46:02
Memory Utilized: 370.29 MB
Memory Efficiency: 0.02% of 1.48 TB
Memory Utilized: 370.29 MB
CPU Efficiency: 2.19% of 1-11:05:36 core-walltime
Memory Efficiency: 0.02% of 1.48 TB

Memory Efficiency: 0.02% of 1.48 TB
Job Wall-clock time: 00:04:42

 +++++++++++++++++++++++++++++++++++++++++++++++++++++++++++++++++++++++++++

Memory Utilized: 370.29 MB
 +++++++++++++++++++++++++++++++++++++++++++++++++++++++++++++++++++++++++++
 ++   Memory Efficiency is too small. Please review the requested memory. ++
 +++++++++++++++++++++++++++++++++++++++++++++++++++++++++++++++++++++++++++
Memory Efficiency: 0.02% of 1.48 TB
 ++   Memory Efficiency is too small. Please review the requested memory. ++
 ++ It seems that you do not need that much memory so we recommend        ++
 ++   Memory Efficiency is too small. Please review the requested memory. ++

 ++ It seems that you do not need that much memory so we recommend        ++
 ++ requesting less memory in other similar jobs.                         ++
 ++ It seems that you do not need that much memory so we recommend        ++
 +++++++++++++++++++++++++++++++++++++++++++++++++++++++++++++++++++++++++++
 ++ requesting less memory in other similar jobs.                         ++
 +++++++++++++++++++++++++++++++++++++++++++++++++++++++++++++++++++++++++++
 ++ requesting less memory in other similar jobs.                         ++
 ++   Memory Efficiency is too small. Please review the requested memory. ++
 +++++++++++++++++++++++++++++++++++++++++++++++++++++++++++++++++++++++++++
 
 +++++++++++++++++++++++++++++++++++++++++++++++++++++++++++++++++++++++++++
 ++ It seems that you do not need that much memory so we recommend        ++
 
*****************************************************************************
 
 ++ requesting less memory in other similar jobs.                         ++
*****************************************************************************

*****************************************************************************
 +++++++++++++++++++++++++++++++++++++++++++++++++++++++++++++++++++++++++++


 
*****************************************************************************


*****************************************************************************
*                                                                           *
*                    JOB EFFICIENCY REPORT (seff 10899146)                   *
*                                                                           *
*****************************************************************************

Job ID: 10899146
Cluster: finisterrae3
User/Group: curso341/ulc
State: COMPLETED (exit code 0)
Nodes: 7
Cores per node: 64
CPU Utilized: 01:16:12
CPU Efficiency: 3.62% of 1-11:05:36 core-walltime
Job Wall-clock time: 00:04:42
Memory Utilized: 1.40 GB
Memory Efficiency: 0.09% of 1.48 TB

 +++++++++++++++++++++++++++++++++++++++++++++++++++++++++++++++++++++++++++
 ++   Memory Efficiency is too small. Please review the requested memory. ++
 ++ It seems that you do not need that much memory so we recommend        ++
 ++ requesting less memory in other similar jobs.                         ++
 +++++++++++++++++++++++++++++++++++++++++++++++++++++++++++++++++++++++++++
 
*****************************************************************************


*****************************************************************************
*                                                                           *
*                    JOB EFFICIENCY REPORT (seff 10899146)                   *
*                                                                           *
*****************************************************************************

Job ID: 10899146
Cluster: finisterrae3
User/Group: curso341/ulc
State: COMPLETED (exit code 0)
Nodes: 7
Cores per node: 64
CPU Utilized: 01:16:12
CPU Efficiency: 3.62% of 1-11:05:36 core-walltime
Job Wall-clock time: 00:04:42
Memory Utilized: 1.40 GB
Memory Efficiency: 0.09% of 1.48 TB

 +++++++++++++++++++++++++++++++++++++++++++++++++++++++++++++++++++++++++++
 ++   Memory Efficiency is too small. Please review the requested memory. ++
 ++ It seems that you do not need that much memory so we recommend        ++
 ++ requesting less memory in other similar jobs.                         ++
 +++++++++++++++++++++++++++++++++++++++++++++++++++++++++++++++++++++++++++
 
*****************************************************************************


*****************************************************************************
*                                                                           *
*                    JOB EFFICIENCY REPORT (seff 10899146)                   *
*                                                                           *
*****************************************************************************

Job ID: 10899146
Cluster: finisterrae3
User/Group: curso341/ulc
State: COMPLETED (exit code 0)
Nodes: 7
Cores per node: 64
CPU Utilized: 01:18:12
CPU Efficiency: 3.71% of 1-11:05:36 core-walltime
Job Wall-clock time: 00:04:42
Memory Utilized: 1.40 GB
Memory Efficiency: 0.09% of 1.48 TB

 +++++++++++++++++++++++++++++++++++++++++++++++++++++++++++++++++++++++++++
 ++   Memory Efficiency is too small. Please review the requested memory. ++
 ++ It seems that you do not need that much memory so we recommend        ++
 ++ requesting less memory in other similar jobs.                         ++
 +++++++++++++++++++++++++++++++++++++++++++++++++++++++++++++++++++++++++++
 
*****************************************************************************

