slurmstepd: info: Setting TMPDIR to /scratch/10908864. Previous errors about TMPDIR can be discarded
Slurm job started at 07/03/2025_10:09:59 PM

In transit.
Initing Ray (1 head node + 2 worker nodes + 4 simulation nodes) on nodes: 
	ilk-11 ilk-13 ilk-14 ilk-15 ilk-18 ilk-29 ilk-166
Head node: 172.30.201.11:6379


RAY_DEPLOY_TIME:     24.23509
2025-03-07 22:10:25,937	INFO packaging.py:520 -- Creating a file package for local directory '/mnt/lustre/scratch/nlsas/home/ulc/cursos/curso341/dask_on_reisa_tests/E2/REISA/derivative/P128-SN4-LS1-GS134-I10-AN2-D2025-03-07_21-31-42'.
2025-03-07 22:10:25,965	INFO packaging.py:347 -- Pushing file package 'gcs://_ray_pkg_6d07ad30639bc06c.zip' (0.48MiB) to Ray cluster...
2025-03-07 22:10:25,972	INFO packaging.py:360 -- Successfully pushed file package 'gcs://_ray_pkg_6d07ad30639bc06c.zip'.
RAY_INIT_TIME:       4.00549
Iter [0]
Iter [1]
Iter [2]
Iter [3]
Iter [4]
Iter [5]
Iter [6]
Iter [7]
Iter [8]
Iter [9]
GLOBAL_PUT_TIME:     0.027797698974609375 (avg:0.00278)
ACTOR_CONCURRENCY:   8
SIMULATION_TIME:     8.618807296000000 (avg: 0.861880729600000)
SIM_WTHOUT_PDI:      5.204157421000000 (avg: 0.520415742100000)
PDI_DELAY:           3.414649875000000 (avg: 0.341464987500000)

GLOBAL_SIZE_(GiB):   131072
LOCAL_SIZE_(MiB):    1
ITERATIONS:          10

MPI_PER_NODE:        32
MPI_PARALLELISM:     128

WORKER_NODES:        2
CPUS_PER_WORKER:     64
WORKER_PARALLELISM:  128


SLURM_JOB_ID:        10908864
EST_ANALYTICS_TIME:  611.77644 (avg:61.17765)
Traceback (most recent call last):
  File "/mnt/lustre/scratch/nlsas/home/ulc/cursos/curso341/dask_on_reisa_tests/E2/REISA/derivative/P128-SN4-LS1-GS134-I10-AN2-D2025-03-07_21-31-42/derivative.py", line 65, in <module>
    result = handler.get_result(process_func, iter_func, global_func=global_func, selected_iters=iterations, kept_iters=5, timeline=False)
  File "/mnt/lustre/scratch/nlsas/home/ulc/cursos/curso341/dask_on_reisa_tests/E2/REISA/derivative/P128-SN4-LS1-GS134-I10-AN2-D2025-03-07_21-31-42/reisa.py", line 156, in get_result
    return global_func(RayList(results))
  File "/mnt/lustre/scratch/nlsas/home/ulc/cursos/curso341/dask_on_reisa_tests/E2/REISA/derivative/P128-SN4-LS1-GS134-I10-AN2-D2025-03-07_21-31-42/derivative.py", line 58, in global_func
    return np.average(final_results[:])
  File "/mnt/lustre/scratch/nlsas/home/ulc/cursos/curso341/dask_on_reisa_tests/E2/REISA/derivative/P128-SN4-LS1-GS134-I10-AN2-D2025-03-07_21-31-42/reisa.py", line 50, in __getitem__
    return ray.get(RayList(item))
  File "/home/ulc/cursos/curso341/.local/lib/python3.9/site-packages/ray/_private/client_mode_hook.py", line 104, in wrapper
    return getattr(ray, func.__name__)(*args, **kwargs)
  File "/home/ulc/cursos/curso341/.local/lib/python3.9/site-packages/ray/util/client/api.py", line 42, in get
    return self.worker.get(vals, timeout=timeout)
  File "/home/ulc/cursos/curso341/.local/lib/python3.9/site-packages/ray/util/client/worker.py", line 434, in get
    res = self._get(to_get, op_timeout)
  File "/home/ulc/cursos/curso341/.local/lib/python3.9/site-packages/ray/util/client/worker.py", line 462, in _get
    raise err
ray.exceptions.RayTaskError: [36mray::iter_task()[39m (pid=3387229, ip=172.30.201.13)
  File "/mnt/lustre/scratch/nlsas/home/ulc/cursos/curso341/dask_on_reisa_tests/E2/REISA/derivative/P128-SN4-LS1-GS134-I10-AN2-D2025-03-07_21-31-42/reisa.py", line 146, in iter_task
    return iter_func(i, RayList(itertools.chain.from_iterable(current_results)))
  File "/mnt/lustre/scratch/nlsas/home/ulc/cursos/curso341/dask_on_reisa_tests/E2/REISA/derivative/P128-SN4-LS1-GS134-I10-AN2-D2025-03-07_21-31-42/derivative.py", line 48, in iter_func
    return np.average(current_results[:])
  File "/scratch/10908864/ray/session_2025-03-07_22-10-01_991402_1522821/runtime_resources/working_dir_files/_ray_pkg_6d07ad30639bc06c/reisa.py", line 50, in __getitem__
    return ray.get(RayList(item))
ray.exceptions.RayTaskError: [36mray::process_task()[39m (pid=3387495, ip=172.30.201.13)
  File "/mnt/lustre/scratch/nlsas/home/ulc/cursos/curso341/dask_on_reisa_tests/E2/REISA/derivative/P128-SN4-LS1-GS134-I10-AN2-D2025-03-07_21-31-42/reisa.py", line 127, in process_task
    return process_func(rank, i, queue)
  File "/mnt/lustre/scratch/nlsas/home/ulc/cursos/curso341/dask_on_reisa_tests/E2/REISA/derivative/P128-SN4-LS1-GS134-I10-AN2-D2025-03-07_21-31-42/derivative.py", line 35, in process_func
    gt = np.array(queue[-5:])
  File "/mnt/lustre/scratch/nlsas/home/ulc/cursos/curso341/dask_on_reisa_tests/E2/REISA/derivative/P128-SN4-LS1-GS134-I10-AN2-D2025-03-07_21-31-42/reisa.py", line 50, in __getitem__
    return ray.get(RayList(item))
ray.exceptions.ObjectFetchTimedOutError: Failed to retrieve object 00ffffffffffffffffffffffffffffffffffffff7700000004000000. To see information about where this ObjectRef was created in Python, set the environment variable RAY_record_ref_creation_sites=1 during `ray start` and `ray.init()`.

Fetch for object 00ffffffffffffffffffffffffffffffffffffff7700000004000000 timed out because no locations were found for the object. This may indicate a system-level bug.
srun: error: ilk-13: task 0: Exited with exit code 1
srun: launch/slurm: _step_signal: Terminating StepId=10908864.8

Slurm job finished at 07/03/2025_10:20:41 PM

*****************************************************************************
*                                                                           *
*                    JOB EFFICIENCY REPORT (seff 10908864)                   *
*                                                                           *
*****************************************************************************

Job ID: 10908864
Cluster: finisterrae3
User/Group: curso341/ulc
State: COMPLETED (exit code 0)
Nodes: 7
Cores per node: 64
CPU Utilized: 00:25:06
CPU Efficiency: 0.52% of 3-08:01:04 core-walltime
Job Wall-clock time: 00:10:43
Memory Utilized: 4.64 GB
Memory Efficiency: 0.31% of 1.48 TB

 +++++++++++++++++++++++++++++++++++++++++++++++++++++++++++++++++++++++++++
 ++   Memory Efficiency is too small. Please review the requested memory. ++
 ++ It seems that you do not need that much memory so we recommend        ++
 ++ requesting less memory in other similar jobs.                         ++
 +++++++++++++++++++++++++++++++++++++++++++++++++++++++++++++++++++++++++++
 
*****************************************************************************


*****************************************************************************
*                                                                           *
*                    JOB EFFICIENCY REPORT (seff 10908864)                   *
*                                                                           *
*****************************************************************************

Job ID: 10908864
Cluster: finisterrae3
User/Group: curso341/ulc
State: COMPLETED (exit code 0)
Nodes: 7
Cores per node: 64
CPU Utilized: 00:26:49
CPU Efficiency: 0.56% of 3-08:01:04 core-walltime
Job Wall-clock time: 00:10:43
Memory Utilized: 4.64 GB
Memory Efficiency: 0.31% of 1.48 TB


 +++++++++++++++++++++++++++++++++++++++++++++++++++++++++++++++++++++++++++
*****************************************************************************
 ++   Memory Efficiency is too small. Please review the requested memory. ++
*                                                                           *
 ++ It seems that you do not need that much memory so we recommend        ++
*                    JOB EFFICIENCY REPORT (seff 10908864)                   *
 ++ requesting less memory in other similar jobs.                         ++
*                                                                           *

 +++++++++++++++++++++++++++++++++++++++++++++++++++++++++++++++++++++++++++
*****************************************************************************
*****************************************************************************
 

*                                                                           *
*****************************************************************************
Job ID: 10908864
*                    JOB EFFICIENCY REPORT (seff 10908864)                   *

Cluster: finisterrae3
*                                                                           *
User/Group: curso341/ulc
*****************************************************************************
State: COMPLETED (exit code 0)

Nodes: 7
Job ID: 10908864
Cores per node: 64
Cluster: finisterrae3
CPU Utilized: 00:26:49
User/Group: curso341/ulc
CPU Efficiency: 0.56% of 3-08:01:04 core-walltime
State: COMPLETED (exit code 0)
Job Wall-clock time: 00:10:43
Nodes: 7
Memory Utilized: 4.64 GB
Cores per node: 64
Memory Efficiency: 0.31% of 1.48 TB
CPU Utilized: 00:26:49


CPU Efficiency: 0.56% of 3-08:01:04 core-walltime
*****************************************************************************
 +++++++++++++++++++++++++++++++++++++++++++++++++++++++++++++++++++++++++++
Job Wall-clock time: 00:10:43
*                                                                           *
 ++   Memory Efficiency is too small. Please review the requested memory. ++
Memory Utilized: 4.64 GB
*                    JOB EFFICIENCY REPORT (seff 10908864)                   *
 ++ It seems that you do not need that much memory so we recommend        ++
Memory Efficiency: 0.31% of 1.48 TB
*                                                                           *
 ++ requesting less memory in other similar jobs.                         ++

*****************************************************************************
 +++++++++++++++++++++++++++++++++++++++++++++++++++++++++++++++++++++++++++
 +++++++++++++++++++++++++++++++++++++++++++++++++++++++++++++++++++++++++++

 
 ++   Memory Efficiency is too small. Please review the requested memory. ++
Job ID: 10908864
*****************************************************************************
 ++ It seems that you do not need that much memory so we recommend        ++
Cluster: finisterrae3

 ++ requesting less memory in other similar jobs.                         ++
User/Group: curso341/ulc

 +++++++++++++++++++++++++++++++++++++++++++++++++++++++++++++++++++++++++++
State: COMPLETED (exit code 0)
*****************************************************************************

 
Nodes: 7
*                                                                           *
*****************************************************************************
*****************************************************************************
Cores per node: 64
*                    JOB EFFICIENCY REPORT (seff 10908864)                   *
*                                                                           *

CPU Utilized: 00:26:49
*                                                                           *
*                    JOB EFFICIENCY REPORT (seff 10908864)                   *
CPU Efficiency: 0.56% of 3-08:01:04 core-walltime
*****************************************************************************
*                                                                           *
Job Wall-clock time: 00:10:43

*****************************************************************************
Memory Utilized: 4.64 GB
Job ID: 10908864

Memory Efficiency: 0.31% of 1.48 TB
Cluster: finisterrae3
Job ID: 10908864

User/Group: curso341/ulc
Cluster: finisterrae3
 +++++++++++++++++++++++++++++++++++++++++++++++++++++++++++++++++++++++++++
State: COMPLETED (exit code 0)
User/Group: curso341/ulc
 ++   Memory Efficiency is too small. Please review the requested memory. ++
Nodes: 7
State: COMPLETED (exit code 0)
 ++ It seems that you do not need that much memory so we recommend        ++
Cores per node: 64
Nodes: 7
 ++ requesting less memory in other similar jobs.                         ++
CPU Utilized: 00:26:49
Cores per node: 64
 +++++++++++++++++++++++++++++++++++++++++++++++++++++++++++++++++++++++++++
CPU Efficiency: 0.56% of 3-08:01:04 core-walltime
CPU Utilized: 00:26:49
 
Job Wall-clock time: 00:10:43
CPU Efficiency: 0.56% of 3-08:01:04 core-walltime
*****************************************************************************
Memory Utilized: 4.64 GB
Job Wall-clock time: 00:10:43

Memory Efficiency: 0.31% of 1.48 TB
Memory Utilized: 4.64 GB

Memory Efficiency: 0.31% of 1.48 TB
 +++++++++++++++++++++++++++++++++++++++++++++++++++++++++++++++++++++++++++

 ++   Memory Efficiency is too small. Please review the requested memory. ++
 +++++++++++++++++++++++++++++++++++++++++++++++++++++++++++++++++++++++++++
 ++ It seems that you do not need that much memory so we recommend        ++
 ++   Memory Efficiency is too small. Please review the requested memory. ++
 ++ requesting less memory in other similar jobs.                         ++
 ++ It seems that you do not need that much memory so we recommend        ++
 +++++++++++++++++++++++++++++++++++++++++++++++++++++++++++++++++++++++++++
 ++ requesting less memory in other similar jobs.                         ++
 
 +++++++++++++++++++++++++++++++++++++++++++++++++++++++++++++++++++++++++++
*****************************************************************************
 

*****************************************************************************

