slurmstepd: info: Setting TMPDIR to /scratch/10770675. Previous errors about TMPDIR can be discarded
Slurm job started at 25/02/2025_07:00:12 PM

In transit.
Initing Ray (1 head node + 2 worker nodes + 4 simulation nodes) on nodes: 
	ilk-152 ilk-161 ilk-166 ilk-170 ilk-177 ilk-178 ilk-185
Head node: 172.30.204.8:6379


RAY_DEPLOY_TIME:     22.42688
2025-02-25 19:00:38,343	INFO packaging.py:520 -- Creating a file package for local directory '/mnt/lustre/scratch/nlsas/home/ulc/cursos/curso341/dask_on_reisa_tests/E1/REISA_ONE_ACTOR/reduction/P128-SN4-LS1-GS134-I25-AN2-D2025-02-25_18-10-32'.
2025-02-25 19:00:38,373	INFO packaging.py:347 -- Pushing file package 'gcs://_ray_pkg_405e113adf1599cd.zip' (0.48MiB) to Ray cluster...
2025-02-25 19:00:38,380	INFO packaging.py:360 -- Successfully pushed file package 'gcs://_ray_pkg_405e113adf1599cd.zip'.
RAY_INIT_TIME:       3.45500
Iter [0]
Iter [2]
Iter [4]
Iter [6]
Iter [8]
Iter [10]
Iter [12]
Iter [14]
Iter [16]
Iter [18]
Iter [20]
Iter [22]
Iter [24]
GLOBAL_PUT_TIME:     0.17368030548095703 (avg:0.00695)
ACTOR_CONCURRENCY:   8
EST_ANALYTICS_TIME:  65.78399 (avg:2.63136)
SIMULATION_TIME:     65.895646475000007 (avg: 2.635825859000000)
SIM_WTHOUT_PDI:      28.323605881000013 (avg: 1.132944235240001)
PDI_DELAY:           37.572040593999994 (avg: 1.502881623760000)

GLOBAL_SIZE_(GiB):   131072
LOCAL_SIZE_(MiB):    1
ITERATIONS:          25

MPI_PER_NODE:        32
MPI_PARALLELISM:     128

WORKER_NODES:        2
CPUS_PER_WORKER:     30
WORKER_PARALLELISM:  60


SLURM_JOB_ID:        10770675

Slurm job finished at 25/02/2025_07:01:48 PM

*****************************************************************************
*                                                                           *
*                    JOB EFFICIENCY REPORT (seff 10770675)                   *
*                                                                           *
*****************************************************************************

Job ID: 10770675
Cluster: finisterrae3
User/Group: curso341/ulc
State: COMPLETED (exit code 0)
Nodes: 7
Cores per node: 40
CPU Utilized: 01:20:00
CPU Efficiency: 17.49% of 07:37:20 core-walltime
Job Wall-clock time: 00:01:38
Memory Utilized: 2.19 GB
Memory Efficiency: 0.20% of 1.09 TB

 +++++++++++++++++++++++++++++++++++++++++++++++++++++++++++++++++++++++++++
 ++   Memory Efficiency is too small. Please review the requested memory. ++
 ++ It seems that you do not need that much memory so we recommend        ++
 ++ requesting less memory in other similar jobs.                         ++
 +++++++++++++++++++++++++++++++++++++++++++++++++++++++++++++++++++++++++++
 
*****************************************************************************


*****************************************************************************
*                                                                           *
*                    JOB EFFICIENCY REPORT (seff 10770675)                   *
*                                                                           *
*****************************************************************************

Job ID: 10770675
Cluster: finisterrae3
User/Group: curso341/ulc
State: COMPLETED (exit code 0)
Nodes: 7
Cores per node: 40
CPU Utilized: 01:20:00
CPU Efficiency: 17.49% of 07:37:20 core-walltime
Job Wall-clock time: 00:01:38
Memory Utilized: 2.19 GB
Memory Efficiency: 0.20% of 1.09 TB

 +++++++++++++++++++++++++++++++++++++++++++++++++++++++++++++++++++++++++++
 ++   Memory Efficiency is too small. Please review the requested memory. ++
 ++ It seems that you do not need that much memory so we recommend        ++
 ++ requesting less memory in other similar jobs.                         ++
 +++++++++++++++++++++++++++++++++++++++++++++++++++++++++++++++++++++++++++
 
*****************************************************************************


*****************************************************************************
*                                                                           *
*                    JOB EFFICIENCY REPORT (seff 10770675)                   *
*                                                                           *
*****************************************************************************

Job ID: 10770675
Cluster: finisterrae3
User/Group: curso341/ulc
State: COMPLETED (exit code 0)
Nodes: 7
Cores per node: 40
CPU Utilized: 01:20:00
CPU Efficiency: 17.49% of 07:37:20 core-walltime
Job Wall-clock time: 00:01:38
Memory Utilized: 2.19 GB
Memory Efficiency: 0.20% of 1.09 TB

 +++++++++++++++++++++++++++++++++++++++++++++++++++++++++++++++++++++++++++
 ++   Memory Efficiency is too small. Please review the requested memory. ++
 ++ It seems that you do not need that much memory so we recommend        ++
 ++ requesting less memory in other similar jobs.                         ++
 +++++++++++++++++++++++++++++++++++++++++++++++++++++++++++++++++++++++++++
 
*****************************************************************************


*****************************************************************************
*                                                                           *
*                    JOB EFFICIENCY REPORT (seff 10770675)                   *
*                                                                           *
*****************************************************************************

Job ID: 10770675
Cluster: finisterrae3
User/Group: curso341/ulc
State: COMPLETED (exit code 0)
Nodes: 7
Cores per node: 40
CPU Utilized: 01:20:00
CPU Efficiency: 17.49% of 07:37:20 core-walltime
Job Wall-clock time: 00:01:38
Memory Utilized: 2.19 GB
Memory Efficiency: 0.20% of 1.09 TB

 +++++++++++++++++++++++++++++++++++++++++++++++++++++++++++++++++++++++++++
 ++   Memory Efficiency is too small. Please review the requested memory. ++
 ++ It seems that you do not need that much memory so we recommend        ++
 ++ requesting less memory in other similar jobs.                         ++
 +++++++++++++++++++++++++++++++++++++++++++++++++++++++++++++++++++++++++++
 
*****************************************************************************


*****************************************************************************
*                                                                           *
*                    JOB EFFICIENCY REPORT (seff 10770675)                   *
*                                                                           *
*****************************************************************************

Job ID: 10770675
Cluster: finisterrae3
User/Group: curso341/ulc
State: COMPLETED (exit code 0)
Nodes: 7
Cores per node: 40
CPU Utilized: 01:20:00
CPU Efficiency: 17.49% of 07:37:20 core-walltime
Job Wall-clock time: 00:01:38
Memory Utilized: 2.19 GB
Memory Efficiency: 0.20% of 1.09 TB

 +++++++++++++++++++++++++++++++++++++++++++++++++++++++++++++++++++++++++++
 ++   Memory Efficiency is too small. Please review the requested memory. ++
 ++ It seems that you do not need that much memory so we recommend        ++
 ++ requesting less memory in other similar jobs.                         ++
 +++++++++++++++++++++++++++++++++++++++++++++++++++++++++++++++++++++++++++
 
*****************************************************************************


*****************************************************************************
*                                                                           *
*                    JOB EFFICIENCY REPORT (seff 10770675)                   *
*                                                                           *
*****************************************************************************

Job ID: 10770675
Cluster: finisterrae3
User/Group: curso341/ulc
State: COMPLETED (exit code 0)
Nodes: 7
Cores per node: 40
CPU Utilized: 01:20:00
CPU Efficiency: 17.49% of 07:37:20 core-walltime
Job Wall-clock time: 00:01:38
Memory Utilized: 2.19 GB
Memory Efficiency: 0.20% of 1.09 TB

 +++++++++++++++++++++++++++++++++++++++++++++++++++++++++++++++++++++++++++
 ++   Memory Efficiency is too small. Please review the requested memory. ++
 ++ It seems that you do not need that much memory so we recommend        ++
 ++ requesting less memory in other similar jobs.                         ++
 +++++++++++++++++++++++++++++++++++++++++++++++++++++++++++++++++++++++++++
 
*****************************************************************************


*****************************************************************************
*                                                                           *
*                    JOB EFFICIENCY REPORT (seff 10770675)                   *
*                                                                           *
*****************************************************************************

Job ID: 10770675
Cluster: finisterrae3
User/Group: curso341/ulc
State: COMPLETED (exit code 0)
Nodes: 7
Cores per node: 40
CPU Utilized: 01:20:00
CPU Efficiency: 17.49% of 07:37:20 core-walltime
Job Wall-clock time: 00:01:38
Memory Utilized: 2.19 GB
Memory Efficiency: 0.20% of 1.09 TB

 +++++++++++++++++++++++++++++++++++++++++++++++++++++++++++++++++++++++++++
 ++   Memory Efficiency is too small. Please review the requested memory. ++
 ++ It seems that you do not need that much memory so we recommend        ++
 ++ requesting less memory in other similar jobs.                         ++
 +++++++++++++++++++++++++++++++++++++++++++++++++++++++++++++++++++++++++++
 
*****************************************************************************

