slurmstepd: info: Setting TMPDIR to /scratch/10927286. Previous errors about TMPDIR can be discarded
Slurm job started at 10/03/2025_10:37:15 AM

In transit.
Initing Ray (1 head node + 2 worker nodes + 4 simulation nodes) on nodes: 
	ilk-145 ilk-146 ilk-147 ilk-148 ilk-149 ilk-177 ilk-180
Head node: 172.30.204.1:6379


RAY_DEPLOY_TIME:     31.66118
2025-03-10 10:37:51,154	INFO packaging.py:520 -- Creating a file package for local directory '/mnt/lustre/scratch/nlsas/home/ulc/cursos/curso341/dask_on_reisa_tests/E4/DASK_ON_REISA/derivative/P128-SN4-LS1-GS134-I10-AN2-D2025-03-10_08-46-31'.
2025-03-10 10:37:51,180	INFO packaging.py:347 -- Pushing file package 'gcs://_ray_pkg_c145c7b90965d63f.zip' (0.48MiB) to Ray cluster...
2025-03-10 10:37:51,186	INFO packaging.py:360 -- Successfully pushed file package 'gcs://_ray_pkg_c145c7b90965d63f.zip'.
RAY_INIT_TIME:       5.92006
Iter [0]
Iter [1]
Iter [2]
Iter [3]
Iter [4]
Iter [5]
[2m[36m(iter_task pid=2569189, ip=10.120.204.2)[0m /home/ulc/cursos/curso341/.local/lib/python3.9/site-packages/dask/config.py:693: UserWarning: Configuration key "shuffle" has been deprecated. Please use "dataframe.shuffle.algorithm" instead
[2m[36m(iter_task pid=2569189, ip=10.120.204.2)[0m   warnings.warn(
[2m[36m(iter_task pid=2569188, ip=10.120.204.2)[0m /home/ulc/cursos/curso341/.local/lib/python3.9/site-packages/dask/config.py:693: UserWarning: Configuration key "shuffle" has been deprecated. Please use "dataframe.shuffle.algorithm" instead
[2m[36m(iter_task pid=2569188, ip=10.120.204.2)[0m   warnings.warn(
[2m[36m(iter_task pid=2461683, ip=10.120.204.3)[0m /home/ulc/cursos/curso341/.local/lib/python3.9/site-packages/dask/config.py:693: UserWarning: Configuration key "shuffle" has been deprecated. Please use "dataframe.shuffle.algorithm" instead
[2m[36m(iter_task pid=2461683, ip=10.120.204.3)[0m   warnings.warn(
[2m[36m(iter_task pid=2461684, ip=10.120.204.3)[0m /home/ulc/cursos/curso341/.local/lib/python3.9/site-packages/dask/config.py:693: UserWarning: Configuration key "shuffle" has been deprecated. Please use "dataframe.shuffle.algorithm" instead
[2m[36m(iter_task pid=2461684, ip=10.120.204.3)[0m   warnings.warn(
Iter [6]
Iter [7]
Iter [8]
Iter [9]
GLOBAL_PUT_TIME:     0.03232407569885254 (avg:0.00323)
ACTOR_CONCURRENCY:   8
SIMULATION_TIME:     7.660451595000001 (avg: 0.766045159500000)
SIM_WTHOUT_PDI:      4.167587702000003 (avg: 0.416758770200000)
PDI_DELAY:           3.492863892999997 (avg: 0.349286389300000)

GLOBAL_SIZE_(GiB):   131072
LOCAL_SIZE_(MiB):    1
ITERATIONS:          10

MPI_PER_NODE:        32
MPI_PARALLELISM:     128

WORKER_NODES:        2
CPUS_PER_WORKER:     64
WORKER_PARALLELISM:  128


SLURM_JOB_ID:        10927286
[2m[36m(iter_task pid=2569189, ip=10.120.204.2)[0m /home/ulc/cursos/curso341/.local/lib/python3.9/site-packages/dask/config.py:693: UserWarning: Configuration key "shuffle" has been deprecated. Please use "dataframe.shuffle.algorithm" instead
[2m[36m(iter_task pid=2569189, ip=10.120.204.2)[0m   warnings.warn(
[2m[36m(iter_task pid=2569188, ip=10.120.204.2)[0m /home/ulc/cursos/curso341/.local/lib/python3.9/site-packages/dask/config.py:693: UserWarning: Configuration key "shuffle" has been deprecated. Please use "dataframe.shuffle.algorithm" instead
[2m[36m(iter_task pid=2569188, ip=10.120.204.2)[0m   warnings.warn(
EST_ANALYTICS_TIME:  32.34003 (avg:3.23400)

Slurm job finished at 10/03/2025_10:38:28 AM

*****************************************************************************
*                                                                           *
*                    JOB EFFICIENCY REPORT (seff 10927286)                   *
*                                                                           *
*****************************************************************************

Job ID: 10927286
Cluster: finisterrae3
User/Group: curso341/ulc
State: COMPLETED (exit code 0)
Nodes: 7
Cores per node: 64
CPU Utilized: 00:16:17
CPU Efficiency: 2.91% of 09:20:00 core-walltime
Job Wall-clock time: 00:01:15
Memory Utilized: 510.88 MB
Memory Efficiency: 0.03% of 1.48 TB

 +++++++++++++++++++++++++++++++++++++++++++++++++++++++++++++++++++++++++++
 ++   Memory Efficiency is too small. Please review the requested memory. ++
 ++ It seems that you do not need that much memory so we recommend        ++
 ++ requesting less memory in other similar jobs.                         ++
 +++++++++++++++++++++++++++++++++++++++++++++++++++++++++++++++++++++++++++
 
*****************************************************************************


*****************************************************************************
*                                                                           *
*                    JOB EFFICIENCY REPORT (seff 10927286)                   *
*                                                                           *
*****************************************************************************

Job ID: 10927286
Cluster: finisterrae3
User/Group: curso341/ulc
State: COMPLETED (exit code 0)
Nodes: 7
Cores per node: 64
CPU Utilized: 00:16:17
CPU Efficiency: 2.91% of 09:20:00 core-walltime
Job Wall-clock time: 00:01:15
Memory Utilized: 510.88 MB
Memory Efficiency: 0.03% of 1.48 TB

 +++++++++++++++++++++++++++++++++++++++++++++++++++++++++++++++++++++++++++
 ++   Memory Efficiency is too small. Please review the requested memory. ++
 ++ It seems that you do not need that much memory so we recommend        ++
 ++ requesting less memory in other similar jobs.                         ++
 +++++++++++++++++++++++++++++++++++++++++++++++++++++++++++++++++++++++++++
 
*****************************************************************************


*****************************************************************************
*                                                                           *
*                    JOB EFFICIENCY REPORT (seff 10927286)                   *
*                                                                           *
*****************************************************************************

Job ID: 10927286
Cluster: finisterrae3
User/Group: curso341/ulc
State: COMPLETED (exit code 0)
Nodes: 7
Cores per node: 64
CPU Utilized: 00:16:17
CPU Efficiency: 2.91% of 09:20:00 core-walltime
Job Wall-clock time: 00:01:15
Memory Utilized: 510.88 MB
Memory Efficiency: 0.03% of 1.48 TB

 +++++++++++++++++++++++++++++++++++++++++++++++++++++++++++++++++++++++++++
 ++   Memory Efficiency is too small. Please review the requested memory. ++
 ++ It seems that you do not need that much memory so we recommend        ++
 ++ requesting less memory in other similar jobs.                         ++
 +++++++++++++++++++++++++++++++++++++++++++++++++++++++++++++++++++++++++++
 
*****************************************************************************


*****************************************************************************
*                                                                           *
*                    JOB EFFICIENCY REPORT (seff 10927286)                   *
*                                                                           *
*****************************************************************************

Job ID: 10927286
Cluster: finisterrae3
User/Group: curso341/ulc
State: COMPLETED (exit code 0)
Nodes: 7
Cores per node: 64
CPU Utilized: 00:16:17
CPU Efficiency: 2.91% of 09:20:00 core-walltime
Job Wall-clock time: 00:01:15
Memory Utilized: 510.88 MB
Memory Efficiency: 0.03% of 1.48 TB

 +++++++++++++++++++++++++++++++++++++++++++++++++++++++++++++++++++++++++++
 ++   Memory Efficiency is too small. Please review the requested memory. ++
 ++ It seems that you do not need that much memory so we recommend        ++
 ++ requesting less memory in other similar jobs.                         ++
 +++++++++++++++++++++++++++++++++++++++++++++++++++++++++++++++++++++++++++
 
*****************************************************************************


*****************************************************************************
*                                                                           *
*                    JOB EFFICIENCY REPORT (seff 10927286)                   *
*                                                                           *
*****************************************************************************

Job ID: 10927286
Cluster: finisterrae3
User/Group: curso341/ulc
State: COMPLETED (exit code 0)
Nodes: 7
Cores per node: 64
CPU Utilized: 00:49:51
CPU Efficiency: 8.90% of 09:20:00 core-walltime
Job Wall-clock time: 00:01:15
Memory Utilized: 5.73 GB
Memory Efficiency: 0.38% of 1.48 TB

 +++++++++++++++++++++++++++++++++++++++++++++++++++++++++++++++++++++++++++
 ++   Memory Efficiency is too small. Please review the requested memory. ++
 ++ It seems that you do not need that much memory so we recommend        ++
 ++ requesting less memory in other similar jobs.                         ++
 +++++++++++++++++++++++++++++++++++++++++++++++++++++++++++++++++++++++++++
 
*****************************************************************************


*****************************************************************************
*                                                                           *
*                    JOB EFFICIENCY REPORT (seff 10927286)                   *
*                                                                           *
*****************************************************************************

Job ID: 10927286
Cluster: finisterrae3
User/Group: curso341/ulc
State: COMPLETED (exit code 0)
Nodes: 7
Cores per node: 64
CPU Utilized: 00:49:51
CPU Efficiency: 8.90% of 09:20:00 core-walltime
Job Wall-clock time: 00:01:15
Memory Utilized: 5.73 GB
Memory Efficiency: 0.38% of 1.48 TB

 +++++++++++++++++++++++++++++++++++++++++++++++++++++++++++++++++++++++++++
 ++   Memory Efficiency is too small. Please review the requested memory. ++
 ++ It seems that you do not need that much memory so we recommend        ++
 ++ requesting less memory in other similar jobs.                         ++
 +++++++++++++++++++++++++++++++++++++++++++++++++++++++++++++++++++++++++++
 
*****************************************************************************


*****************************************************************************
*                                                                           *
*                    JOB EFFICIENCY REPORT (seff 10927286)                   *
*                                                                           *
*****************************************************************************

Job ID: 10927286
Cluster: finisterrae3
User/Group: curso341/ulc
State: COMPLETED (exit code 0)
Nodes: 7
Cores per node: 64
CPU Utilized: 00:50:22
CPU Efficiency: 8.99% of 09:20:00 core-walltime
Job Wall-clock time: 00:01:15
Memory Utilized: 5.73 GB
Memory Efficiency: 0.38% of 1.48 TB

 +++++++++++++++++++++++++++++++++++++++++++++++++++++++++++++++++++++++++++
 ++   Memory Efficiency is too small. Please review the requested memory. ++
 ++ It seems that you do not need that much memory so we recommend        ++
 ++ requesting less memory in other similar jobs.                         ++
 +++++++++++++++++++++++++++++++++++++++++++++++++++++++++++++++++++++++++++
 
*****************************************************************************

