slurmstepd: info: Setting TMPDIR to /scratch/11207214. Previous errors about TMPDIR can be discarded
Slurm job started at 21/03/2025_10:30:28 AM

In transit.
Initing Ray (1 head node + 2 worker nodes + 2 simulation nodes) on nodes: 
	ilk-151 ilk-152 ilk-153 ilk-154 ilk-156
Head node: 172.30.204.7:6379


RAY_DEPLOY_TIME:     27.61422
2025-03-21 10:30:58,179	INFO packaging.py:520 -- Creating a file package for local directory '/mnt/lustre/scratch/nlsas/home/ulc/cursos/curso341/dask_on_reisa_tests/E2/DASK_ON_REISA/derivative/P4-SN2-LS268-GS1073-I10-AN2-D2025-03-21_10-30-12'.
2025-03-21 10:30:58,205	INFO packaging.py:347 -- Pushing file package 'gcs://_ray_pkg_1c7522b6eebecb7e.zip' (0.48MiB) to Ray cluster...
2025-03-21 10:30:58,212	INFO packaging.py:360 -- Successfully pushed file package 'gcs://_ray_pkg_1c7522b6eebecb7e.zip'.
RAY_INIT_TIME:       4.23030
Iter [0]
Iter [1]
Iter [2]
[2m[36m(iter_task pid=651996, ip=10.120.204.9)[0m /home/ulc/cursos/curso341/.local/lib/python3.9/site-packages/dask/config.py:693: UserWarning: Configuration key "shuffle" has been deprecated. Please use "dataframe.shuffle.algorithm" instead
[2m[36m(iter_task pid=651996, ip=10.120.204.9)[0m   warnings.warn(
[2m[36m(iter_task pid=651999, ip=10.120.204.9)[0m /home/ulc/cursos/curso341/.local/lib/python3.9/site-packages/dask/config.py:693: UserWarning: Configuration key "shuffle" has been deprecated. Please use "dataframe.shuffle.algorithm" instead
[2m[36m(iter_task pid=651999, ip=10.120.204.9)[0m   warnings.warn(
[2m[36m(iter_task pid=651997, ip=10.120.204.9)[0m /home/ulc/cursos/curso341/.local/lib/python3.9/site-packages/dask/config.py:693: UserWarning: Configuration key "shuffle" has been deprecated. Please use "dataframe.shuffle.algorithm" instead
[2m[36m(iter_task pid=651997, ip=10.120.204.9)[0m   warnings.warn(
[2m[36m(iter_task pid=651994, ip=10.120.204.9)[0m /home/ulc/cursos/curso341/.local/lib/python3.9/site-packages/dask/config.py:693: UserWarning: Configuration key "shuffle" has been deprecated. Please use "dataframe.shuffle.algorithm" instead
[2m[36m(iter_task pid=651994, ip=10.120.204.9)[0m   warnings.warn(
[2m[36m(iter_task pid=651995, ip=10.120.204.9)[0m /home/ulc/cursos/curso341/.local/lib/python3.9/site-packages/dask/config.py:693: UserWarning: Configuration key "shuffle" has been deprecated. Please use "dataframe.shuffle.algorithm" instead
[2m[36m(iter_task pid=651995, ip=10.120.204.9)[0m   warnings.warn(
[2m[36m(iter_task pid=651998, ip=10.120.204.9)[0m /home/ulc/cursos/curso341/.local/lib/python3.9/site-packages/dask/config.py:693: UserWarning: Configuration key "shuffle" has been deprecated. Please use "dataframe.shuffle.algorithm" instead
[2m[36m(iter_task pid=651998, ip=10.120.204.9)[0m   warnings.warn(
Iter [3]
Iter [4]
Iter [5]
Iter [6]
Iter [7]
Iter [8]
Iter [9]
EST_ANALYTICS_TIME:  23.40570 (avg:2.34057)
Traceback (most recent call last):
  File "/mnt/lustre/scratch/nlsas/home/ulc/cursos/curso341/dask_on_reisa_tests/E2/DASK_ON_REISA/derivative/P4-SN2-LS268-GS1073-I10-AN2-D2025-03-21_10-30-12/derivative.py", line 71, in <module>
    result = handler.get_result(process_func, iter_func, global_func=global_func, selected_iters=iterations, kept_iters=5, timeline=False)
  File "/mnt/lustre/scratch/nlsas/home/ulc/cursos/curso341/dask_on_reisa_tests/E2/DASK_ON_REISA/derivative/P4-SN2-LS268-GS1073-I10-AN2-D2025-03-21_10-30-12/reisa.py", line 131, in get_result
    tmp = ray.get(results)
  File "/home/ulc/cursos/curso341/.local/lib/python3.9/site-packages/ray/_private/client_mode_hook.py", line 104, in wrapper
    return getattr(ray, func.__name__)(*args, **kwargs)
  File "/home/ulc/cursos/curso341/.local/lib/python3.9/site-packages/ray/util/client/api.py", line 42, in get
    return self.worker.get(vals, timeout=timeout)
  File "/home/ulc/cursos/curso341/.local/lib/python3.9/site-packages/ray/util/client/worker.py", line 434, in get
    res = self._get(to_get, op_timeout)
  File "/home/ulc/cursos/curso341/.local/lib/python3.9/site-packages/ray/util/client/worker.py", line 462, in _get
    raise err
types.RayTaskError(TypeError): [36mray::iter_task()[39m (pid=651996, ip=172.30.204.9)
  File "/mnt/lustre/scratch/nlsas/home/ulc/cursos/curso341/dask_on_reisa_tests/E2/DASK_ON_REISA/derivative/P4-SN2-LS268-GS1073-I10-AN2-D2025-03-21_10-30-12/reisa.py", line 120, in iter_task
    current_results_list = ray.get(current_results_list)  # type: #List[dask.array.core.Array]
ray.exceptions.RayTaskError(TypeError): [36mray::process_task()[39m (pid=653503, ip=172.30.204.9)
  File "/mnt/lustre/scratch/nlsas/home/ulc/cursos/curso341/dask_on_reisa_tests/E2/DASK_ON_REISA/derivative/P4-SN2-LS268-GS1073-I10-AN2-D2025-03-21_10-30-12/reisa.py", line 100, in process_task
    return process_func(rank, i, queue)
  File "/mnt/lustre/scratch/nlsas/home/ulc/cursos/curso341/dask_on_reisa_tests/E2/DASK_ON_REISA/derivative/P4-SN2-LS268-GS1073-I10-AN2-D2025-03-21_10-30-12/derivative.py", line 37, in process_func
    result = c0 * (gt[3] - gt[1] - (gt[4] - gt[0]) / 8.)
TypeError: unsupported operand type(s) for -: 'ray._raylet.ObjectRef' and 'ray._raylet.ObjectRef'
srun: error: ilk-152: task 0: Exited with exit code 1
srun: launch/slurm: _step_signal: Terminating StepId=11207214.6
GLOBAL_PUT_TIME:     3.135552167892456 (avg:0.31356)
ACTOR_CONCURRENCY:   8
SIMULATION_TIME:     27.381246219000001 (avg: 2.738124621900000)
SIM_WTHOUT_PDI:      22.886340324999999 (avg: 2.288634032500000)
PDI_DELAY:           4.494905894000002 (avg: 0.449490589400000)

GLOBAL_SIZE_(GiB):   1048576
LOCAL_SIZE_(MiB):    256
ITERATIONS:          10

MPI_PER_NODE:        2
MPI_PARALLELISM:     4

WORKER_NODES:        2
CPUS_PER_WORKER:     64
WORKER_PARALLELISM:  128


SLURM_JOB_ID:        11207214

Slurm job finished at 21/03/2025_10:31:29 AM

*****************************************************************************
*                                                                           *
*                    JOB EFFICIENCY REPORT (seff 11207214)                   *
*                                                                           *
*****************************************************************************

Job ID: 11207214
Cluster: finisterrae3
User/Group: curso341/ulc
State: COMPLETED (exit code 0)
Nodes: 5
Cores per node: 64
CPU Utilized: 00:03:40
CPU Efficiency: 1.07% of 05:41:20 core-walltime
Job Wall-clock time: 00:01:04
Memory Utilized: 1.13 GB
Memory Efficiency: 0.10% of 1.06 TB

 +++++++++++++++++++++++++++++++++++++++++++++++++++++++++++++++++++++++++++
 ++   Memory Efficiency is too small. Please review the requested memory. ++
 ++ It seems that you do not need that much memory so we recommend        ++
 ++ requesting less memory in other similar jobs.                         ++
 +++++++++++++++++++++++++++++++++++++++++++++++++++++++++++++++++++++++++++
 
*****************************************************************************


*****************************************************************************
*                                                                           *
*                    JOB EFFICIENCY REPORT (seff 11207214)                   *
*                                                                           *
*****************************************************************************

Job ID: 11207214
Cluster: finisterrae3
User/Group: curso341/ulc
State: COMPLETED (exit code 0)
Nodes: 5
Cores per node: 64
CPU Utilized: 00:03:40
CPU Efficiency: 1.07% of 05:41:20 core-walltime
Job Wall-clock time: 00:01:04
Memory Utilized: 1.13 GB
Memory Efficiency: 0.10% of 1.06 TB

 +++++++++++++++++++++++++++++++++++++++++++++++++++++++++++++++++++++++++++
 ++   Memory Efficiency is too small. Please review the requested memory. ++
 ++ It seems that you do not need that much memory so we recommend        ++
 ++ requesting less memory in other similar jobs.                         ++
 +++++++++++++++++++++++++++++++++++++++++++++++++++++++++++++++++++++++++++
 
*****************************************************************************


*****************************************************************************
*                                                                           *
*                    JOB EFFICIENCY REPORT (seff 11207214)                   *
*                                                                           *
*****************************************************************************

Job ID: 11207214
Cluster: finisterrae3
User/Group: curso341/ulc
State: COMPLETED (exit code 0)
Nodes: 5
Cores per node: 64
CPU Utilized: 00:03:40
CPU Efficiency: 1.07% of 05:41:20 core-walltime
Job Wall-clock time: 00:01:04
Memory Utilized: 1.13 GB
Memory Efficiency: 0.10% of 1.06 TB

 +++++++++++++++++++++++++++++++++++++++++++++++++++++++++++++++++++++++++++
 ++   Memory Efficiency is too small. Please review the requested memory. ++
 ++ It seems that you do not need that much memory so we recommend        ++
 ++ requesting less memory in other similar jobs.                         ++
 +++++++++++++++++++++++++++++++++++++++++++++++++++++++++++++++++++++++++++
 
*****************************************************************************


*****************************************************************************
*                                                                           *
*                    JOB EFFICIENCY REPORT (seff 11207214)                   *
*                                                                           *
*****************************************************************************

Job ID: 11207214
Cluster: finisterrae3
User/Group: curso341/ulc
State: COMPLETED (exit code 0)
Nodes: 5
Cores per node: 64
CPU Utilized: 00:04:01
CPU Efficiency: 1.18% of 05:41:20 core-walltime
Job Wall-clock time: 00:01:04
Memory Utilized: 1.13 GB
Memory Efficiency: 0.10% of 1.06 TB

 +++++++++++++++++++++++++++++++++++++++++++++++++++++++++++++++++++++++++++
 ++   Memory Efficiency is too small. Please review the requested memory. ++
 ++ It seems that you do not need that much memory so we recommend        ++
 ++ requesting less memory in other similar jobs.                         ++
 +++++++++++++++++++++++++++++++++++++++++++++++++++++++++++++++++++++++++++
 
*****************************************************************************


*****************************************************************************
*                                                                           *
*                    JOB EFFICIENCY REPORT (seff 11207214)                   *
*                                                                           *
*****************************************************************************

Job ID: 11207214
Cluster: finisterrae3
User/Group: curso341/ulc
State: COMPLETED (exit code 0)
Nodes: 5
Cores per node: 64
CPU Utilized: 00:04:28
CPU Efficiency: 1.31% of 05:41:20 core-walltime
Job Wall-clock time: 00:01:04
Memory Utilized: 1.13 GB
Memory Efficiency: 0.10% of 1.06 TB

 +++++++++++++++++++++++++++++++++++++++++++++++++++++++++++++++++++++++++++
 ++   Memory Efficiency is too small. Please review the requested memory. ++
 ++ It seems that you do not need that much memory so we recommend        ++
 ++ requesting less memory in other similar jobs.                         ++
 +++++++++++++++++++++++++++++++++++++++++++++++++++++++++++++++++++++++++++
 
*****************************************************************************

