slurmstepd: info: Setting TMPDIR to /scratch/10932565. Previous errors about TMPDIR can be discarded
Slurm job started at 10/03/2025_07:12:18 PM

In transit.
Initing Ray (1 head node + 2 worker nodes + 4 simulation nodes) on nodes: 
	ilk-153 ilk-154 ilk-155 ilk-156 ilk-159 ilk-160 ilk-161
Head node: 172.30.204.9:6379


RAY_DEPLOY_TIME:     23.85994
2025-03-10 19:12:52,152	INFO packaging.py:520 -- Creating a file package for local directory '/mnt/lustre/scratch/nlsas/home/ulc/cursos/curso341/dask_on_reisa_tests/E5/REISA_ONE_ACTOR/derivative/P128-SN4-LS1-GS134-I10-AN2-D2025-03-10_18-37-38'.
2025-03-10 19:12:52,258	INFO packaging.py:347 -- Pushing file package 'gcs://_ray_pkg_7c0c38fe99e86279.zip' (0.48MiB) to Ray cluster...
2025-03-10 19:12:52,264	INFO packaging.py:360 -- Successfully pushed file package 'gcs://_ray_pkg_7c0c38fe99e86279.zip'.
RAY_INIT_TIME:       3.89768
Iter [0]
Iter [1]
Iter [2]
Iter [3]
Iter [4]
Iter [5]
Iter [6]
Iter [7]
Iter [8]
Iter [9]
GLOBAL_PUT_TIME:     0.039046287536621094 (avg:0.00390)
ACTOR_CONCURRENCY:   8
EST_ANALYTICS_TIME:  26.13548 (avg:2.61355)
SIMULATION_TIME:     27.780074811999999 (avg: 2.778007481200000)
SIM_WTHOUT_PDI:      15.622475368999996 (avg: 1.562247536900000)
PDI_DELAY:           12.157599443000002 (avg: 1.215759944300000)

GLOBAL_SIZE_(GiB):   131072
LOCAL_SIZE_(MiB):    1
ITERATIONS:          10

MPI_PER_NODE:        32
MPI_PARALLELISM:     128

WORKER_NODES:        2
CPUS_PER_WORKER:     64
WORKER_PARALLELISM:  128


SLURM_JOB_ID:        10932565

Slurm job finished at 10/03/2025_07:13:22 PM

*****************************************************************************
*                                                                           *
*                    JOB EFFICIENCY REPORT (seff 10932565)                   *
*                                                                           *
*****************************************************************************

Job ID: 10932565
Cluster: finisterrae3
User/Group: curso341/ulc
State: COMPLETED (exit code 0)
Nodes: 7
Cores per node: 64
CPU Utilized: 00:38:57
CPU Efficiency: 7.90% of 08:12:48 core-walltime
Job Wall-clock time: 00:01:06
Memory Utilized: 296.60 MB
Memory Efficiency: 0.02% of 1.48 TB

 +++++++++++++++++++++++++++++++++++++++++++++++++++++++++++++++++++++++++++
 ++   Memory Efficiency is too small. Please review the requested memory. ++
 ++ It seems that you do not need that much memory so we recommend        ++
 ++ requesting less memory in other similar jobs.                         ++
 +++++++++++++++++++++++++++++++++++++++++++++++++++++++++++++++++++++++++++
 
*****************************************************************************






*****************************************************************************
*****************************************************************************
*****************************************************************************
*****************************************************************************
*****************************************************************************
*                                                                           *
*                                                                           *
*                                                                           *
*                                                                           *
*                                                                           *
*                    JOB EFFICIENCY REPORT (seff 10932565)                   *
*                    JOB EFFICIENCY REPORT (seff 10932565)                   *
*                    JOB EFFICIENCY REPORT (seff 10932565)                   *
*                    JOB EFFICIENCY REPORT (seff 10932565)                   *
*                    JOB EFFICIENCY REPORT (seff 10932565)                   *
*                                                                           *
*                                                                           *
*                                                                           *
*                                                                           *
*                                                                           *
*****************************************************************************
*****************************************************************************
*****************************************************************************
*****************************************************************************
*****************************************************************************





Job ID: 10932565
Job ID: 10932565
Job ID: 10932565

Job ID: 10932565
Job ID: 10932565
Cluster: finisterrae3
Cluster: finisterrae3
Cluster: finisterrae3
*****************************************************************************
Cluster: finisterrae3
Cluster: finisterrae3
User/Group: curso341/ulc
User/Group: curso341/ulc
User/Group: curso341/ulc
*                                                                           *
User/Group: curso341/ulc
User/Group: curso341/ulc
State: COMPLETED (exit code 0)
State: COMPLETED (exit code 0)
State: COMPLETED (exit code 0)
*                    JOB EFFICIENCY REPORT (seff 10932565)                   *
State: COMPLETED (exit code 0)
State: COMPLETED (exit code 0)
Nodes: 7
Nodes: 7
Nodes: 7
*                                                                           *
Nodes: 7
Nodes: 7
Cores per node: 64
Cores per node: 64
Cores per node: 64
*****************************************************************************
Cores per node: 64
Cores per node: 64
CPU Utilized: 00:38:57
CPU Utilized: 00:38:57
CPU Utilized: 00:38:57

CPU Utilized: 00:38:57
CPU Utilized: 00:38:57
CPU Efficiency: 7.90% of 08:12:48 core-walltime
CPU Efficiency: 7.90% of 08:12:48 core-walltime
CPU Efficiency: 7.90% of 08:12:48 core-walltime
Job ID: 10932565
CPU Efficiency: 7.90% of 08:12:48 core-walltime
CPU Efficiency: 7.90% of 08:12:48 core-walltime
Job Wall-clock time: 00:01:06
Job Wall-clock time: 00:01:06
Job Wall-clock time: 00:01:06
Cluster: finisterrae3
Job Wall-clock time: 00:01:06
Job Wall-clock time: 00:01:06
Memory Utilized: 296.60 MB
Memory Utilized: 296.60 MB
Memory Utilized: 296.60 MB
User/Group: curso341/ulc
Memory Utilized: 296.60 MB
Memory Utilized: 296.60 MB
Memory Efficiency: 0.02% of 1.48 TB
Memory Efficiency: 0.02% of 1.48 TB
Memory Efficiency: 0.02% of 1.48 TB
State: COMPLETED (exit code 0)
Memory Efficiency: 0.02% of 1.48 TB
Memory Efficiency: 0.02% of 1.48 TB



Nodes: 7


 +++++++++++++++++++++++++++++++++++++++++++++++++++++++++++++++++++++++++++
 +++++++++++++++++++++++++++++++++++++++++++++++++++++++++++++++++++++++++++
 +++++++++++++++++++++++++++++++++++++++++++++++++++++++++++++++++++++++++++
Cores per node: 64
 +++++++++++++++++++++++++++++++++++++++++++++++++++++++++++++++++++++++++++
 +++++++++++++++++++++++++++++++++++++++++++++++++++++++++++++++++++++++++++
 ++   Memory Efficiency is too small. Please review the requested memory. ++
 ++   Memory Efficiency is too small. Please review the requested memory. ++
 ++   Memory Efficiency is too small. Please review the requested memory. ++
CPU Utilized: 00:39:17
 ++   Memory Efficiency is too small. Please review the requested memory. ++
 ++   Memory Efficiency is too small. Please review the requested memory. ++
 ++ It seems that you do not need that much memory so we recommend        ++
 ++ It seems that you do not need that much memory so we recommend        ++
 ++ It seems that you do not need that much memory so we recommend        ++
CPU Efficiency: 7.97% of 08:12:48 core-walltime
 ++ It seems that you do not need that much memory so we recommend        ++
 ++ It seems that you do not need that much memory so we recommend        ++
 ++ requesting less memory in other similar jobs.                         ++
 ++ requesting less memory in other similar jobs.                         ++
 ++ requesting less memory in other similar jobs.                         ++
Job Wall-clock time: 00:01:06
 ++ requesting less memory in other similar jobs.                         ++
 ++ requesting less memory in other similar jobs.                         ++
 +++++++++++++++++++++++++++++++++++++++++++++++++++++++++++++++++++++++++++
 +++++++++++++++++++++++++++++++++++++++++++++++++++++++++++++++++++++++++++
 +++++++++++++++++++++++++++++++++++++++++++++++++++++++++++++++++++++++++++
Memory Utilized: 633.97 MB
 +++++++++++++++++++++++++++++++++++++++++++++++++++++++++++++++++++++++++++
 +++++++++++++++++++++++++++++++++++++++++++++++++++++++++++++++++++++++++++
 
 
 
Memory Efficiency: 0.04% of 1.48 TB
 
 
*****************************************************************************
*****************************************************************************
*****************************************************************************

*****************************************************************************
*****************************************************************************



 +++++++++++++++++++++++++++++++++++++++++++++++++++++++++++++++++++++++++++


 ++   Memory Efficiency is too small. Please review the requested memory. ++
 ++ It seems that you do not need that much memory so we recommend        ++
 ++ requesting less memory in other similar jobs.                         ++
 +++++++++++++++++++++++++++++++++++++++++++++++++++++++++++++++++++++++++++
 
*****************************************************************************

