slurmstepd: info: Setting TMPDIR to /scratch/10927290. Previous errors about TMPDIR can be discarded
Slurm job started at 10/03/2025_10:48:24 AM

In transit.
Initing Ray (1 head node + 2 worker nodes + 4 simulation nodes) on nodes: 
	ilk-163 ilk-164 ilk-165 ilk-166 ilk-167 ilk-170 ilk-171
Head node: 172.30.204.19:6379


RAY_DEPLOY_TIME:     24.80746
RAY_INIT_TIME:       6.12514
Iter [0]
Iter [1]
2025-03-10 10:48:58,540	INFO packaging.py:520 -- Creating a file package for local directory '/mnt/lustre/scratch/nlsas/home/ulc/cursos/curso341/dask_on_reisa_tests/E4/DASK_ON_REISA/derivative/P128-SN4-LS1-GS134-I10-AN2-D2025-03-10_08-46-41'.
2025-03-10 10:48:58,568	INFO packaging.py:347 -- Pushing file package 'gcs://_ray_pkg_e482af89eadd3670.zip' (0.48MiB) to Ray cluster...
2025-03-10 10:48:58,575	INFO packaging.py:360 -- Successfully pushed file package 'gcs://_ray_pkg_e482af89eadd3670.zip'.
Iter [2]
Iter [3]
Iter [4]
Iter [5]
Iter [6]
Iter [7]
Iter [8]
Iter [9]
GLOBAL_PUT_TIME:     0.027963876724243164 (avg:0.00280)
ACTOR_CONCURRENCY:   8
SIMULATION_TIME:     6.906375495000001 (avg: 0.690637549500000)
SIM_WTHOUT_PDI:      1.327459717000001 (avg: 0.132745971700000)
PDI_DELAY:           5.578915778000000 (avg: 0.557891577800000)

GLOBAL_SIZE_(GiB):   131072
LOCAL_SIZE_(MiB):    1
ITERATIONS:          10

MPI_PER_NODE:        32
MPI_PARALLELISM:     128

WORKER_NODES:        2
CPUS_PER_WORKER:     64
WORKER_PARALLELISM:  128


SLURM_JOB_ID:        10927290
[2m[36m(iter_task pid=2508522, ip=10.120.204.21)[0m /home/ulc/cursos/curso341/.local/lib/python3.9/site-packages/dask/config.py:693: UserWarning: Configuration key "shuffle" has been deprecated. Please use "dataframe.shuffle.algorithm" instead
[2m[36m(iter_task pid=2508522, ip=10.120.204.21)[0m   warnings.warn(
[2m[36m(iter_task pid=2508521, ip=10.120.204.21)[0m /home/ulc/cursos/curso341/.local/lib/python3.9/site-packages/dask/config.py:693: UserWarning: Configuration key "shuffle" has been deprecated. Please use "dataframe.shuffle.algorithm" instead
[2m[36m(iter_task pid=2508521, ip=10.120.204.21)[0m   warnings.warn(
[2m[36m(iter_task pid=2733957, ip=10.120.204.20)[0m /home/ulc/cursos/curso341/.local/lib/python3.9/site-packages/dask/config.py:693: UserWarning: Configuration key "shuffle" has been deprecated. Please use "dataframe.shuffle.algorithm" instead
[2m[36m(iter_task pid=2733957, ip=10.120.204.20)[0m   warnings.warn(
[2m[36m(iter_task pid=2733958, ip=10.120.204.20)[0m /home/ulc/cursos/curso341/.local/lib/python3.9/site-packages/dask/config.py:693: UserWarning: Configuration key "shuffle" has been deprecated. Please use "dataframe.shuffle.algorithm" instead
[2m[36m(iter_task pid=2733958, ip=10.120.204.20)[0m   warnings.warn(
[2m[36m(iter_task pid=2733958, ip=10.120.204.20)[0m /home/ulc/cursos/curso341/.local/lib/python3.9/site-packages/dask/config.py:693: UserWarning: Configuration key "shuffle" has been deprecated. Please use "dataframe.shuffle.algorithm" instead
[2m[36m(iter_task pid=2733958, ip=10.120.204.20)[0m   warnings.warn(
[2m[36m(iter_task pid=2733957, ip=10.120.204.20)[0m /home/ulc/cursos/curso341/.local/lib/python3.9/site-packages/dask/config.py:693: UserWarning: Configuration key "shuffle" has been deprecated. Please use "dataframe.shuffle.algorithm" instead
[2m[36m(iter_task pid=2733957, ip=10.120.204.20)[0m   warnings.warn(
EST_ANALYTICS_TIME:  39.27884 (avg:3.92788)

Slurm job finished at 10/03/2025_10:49:41 AM

*****************************************************************************
*                                                                           *
*                    JOB EFFICIENCY REPORT (seff 10927290)                   *
*                                                                           *
*****************************************************************************

Job ID: 10927290
Cluster: finisterrae3
User/Group: curso341/ulc
State: COMPLETED (exit code 0)
Nodes: 7
Cores per node: 64
CPU Utilized: 00:14:25
CPU Efficiency: 2.48% of 09:42:24 core-walltime
Job Wall-clock time: 00:01:18
Memory Utilized: 386.09 MB
Memory Efficiency: 0.02% of 1.48 TB

 +++++++++++++++++++++++++++++++++++++++++++++++++++++++++++++++++++++++++++
 ++   Memory Efficiency is too small. Please review the requested memory. ++
 ++ It seems that you do not need that much memory so we recommend        ++
 ++ requesting less memory in other similar jobs.                         ++
 +++++++++++++++++++++++++++++++++++++++++++++++++++++++++++++++++++++++++++
 
*****************************************************************************


*****************************************************************************
*                                                                           *
*                    JOB EFFICIENCY REPORT (seff 10927290)                   *
*                                                                           *
*****************************************************************************

Job ID: 10927290
Cluster: finisterrae3
User/Group: curso341/ulc
State: COMPLETED (exit code 0)
Nodes: 7
Cores per node: 64
CPU Utilized: 00:14:25
CPU Efficiency: 2.48% of 09:42:24 core-walltime
Job Wall-clock time: 00:01:18
Memory Utilized: 386.09 MB
Memory Efficiency: 0.02% of 1.48 TB

 +++++++++++++++++++++++++++++++++++++++++++++++++++++++++++++++++++++++++++
 ++   Memory Efficiency is too small. Please review the requested memory. ++
 ++ It seems that you do not need that much memory so we recommend        ++
 ++ requesting less memory in other similar jobs.                         ++
 +++++++++++++++++++++++++++++++++++++++++++++++++++++++++++++++++++++++++++
 
*****************************************************************************


*****************************************************************************
*                                                                           *
*                    JOB EFFICIENCY REPORT (seff 10927290)                   *
*                                                                           *
*****************************************************************************

Job ID: 10927290
Cluster: finisterrae3
User/Group: curso341/ulc
State: COMPLETED (exit code 0)
Nodes: 7
Cores per node: 64
CPU Utilized: 00:14:25
CPU Efficiency: 2.48% of 09:42:24 core-walltime
Job Wall-clock time: 00:01:18
Memory Utilized: 386.09 MB
Memory Efficiency: 0.02% of 1.48 TB

 +++++++++++++++++++++++++++++++++++++++++++++++++++++++++++++++++++++++++++
 ++   Memory Efficiency is too small. Please review the requested memory. ++
 ++ It seems that you do not need that much memory so we recommend        ++
 ++ requesting less memory in other similar jobs.                         ++
 +++++++++++++++++++++++++++++++++++++++++++++++++++++++++++++++++++++++++++
 
*****************************************************************************


*****************************************************************************
*                                                                           *
*                    JOB EFFICIENCY REPORT (seff 10927290)                   *
*                                                                           *
*****************************************************************************

Job ID: 10927290
Cluster: finisterrae3
User/Group: curso341/ulc
State: COMPLETED (exit code 0)
Nodes: 7
Cores per node: 64
CPU Utilized: 00:14:25
CPU Efficiency: 2.48% of 09:42:24 core-walltime
Job Wall-clock time: 00:01:18
Memory Utilized: 386.09 MB
Memory Efficiency: 0.02% of 1.48 TB

 +++++++++++++++++++++++++++++++++++++++++++++++++++++++++++++++++++++++++++
 ++   Memory Efficiency is too small. Please review the requested memory. ++
 ++ It seems that you do not need that much memory so we recommend        ++
 ++ requesting less memory in other similar jobs.                         ++
 +++++++++++++++++++++++++++++++++++++++++++++++++++++++++++++++++++++++++++
 
*****************************************************************************


*****************************************************************************
*                                                                           *
*                    JOB EFFICIENCY REPORT (seff 10927290)                   *
*                                                                           *
*****************************************************************************

Job ID: 10927290
Cluster: finisterrae3
User/Group: curso341/ulc
State: COMPLETED (exit code 0)
Nodes: 7
Cores per node: 64
CPU Utilized: 00:47:21
CPU Efficiency: 8.13% of 09:42:24 core-walltime
Job Wall-clock time: 00:01:18
Memory Utilized: 5.32 GB
Memory Efficiency: 0.35% of 1.48 TB

 +++++++++++++++++++++++++++++++++++++++++++++++++++++++++++++++++++++++++++
 ++   Memory Efficiency is too small. Please review the requested memory. ++
 ++ It seems that you do not need that much memory so we recommend        ++
 ++ requesting less memory in other similar jobs.                         ++
 +++++++++++++++++++++++++++++++++++++++++++++++++++++++++++++++++++++++++++
 
*****************************************************************************


*****************************************************************************
*                                                                           *
*                    JOB EFFICIENCY REPORT (seff 10927290)                   *
*                                                                           *
*****************************************************************************

Job ID: 10927290
Cluster: finisterrae3
User/Group: curso341/ulc
State: COMPLETED (exit code 0)
Nodes: 7
Cores per node: 64
CPU Utilized: 00:47:21
CPU Efficiency: 8.13% of 09:42:24 core-walltime
Job Wall-clock time: 00:01:18
Memory Utilized: 5.32 GB
Memory Efficiency: 0.35% of 1.48 TB

 +++++++++++++++++++++++++++++++++++++++++++++++++++++++++++++++++++++++++++
 ++   Memory Efficiency is too small. Please review the requested memory. ++
 ++ It seems that you do not need that much memory so we recommend        ++
 ++ requesting less memory in other similar jobs.                         ++
 +++++++++++++++++++++++++++++++++++++++++++++++++++++++++++++++++++++++++++
 
*****************************************************************************


*****************************************************************************
*                                                                           *
*                    JOB EFFICIENCY REPORT (seff 10927290)                   *
*                                                                           *
*****************************************************************************

Job ID: 10927290
Cluster: finisterrae3
User/Group: curso341/ulc
State: COMPLETED (exit code 0)
Nodes: 7
Cores per node: 64
CPU Utilized: 00:50:52
CPU Efficiency: 8.73% of 09:42:24 core-walltime
Job Wall-clock time: 00:01:18
Memory Utilized: 5.32 GB
Memory Efficiency: 0.35% of 1.48 TB

 +++++++++++++++++++++++++++++++++++++++++++++++++++++++++++++++++++++++++++
 ++   Memory Efficiency is too small. Please review the requested memory. ++
 ++ It seems that you do not need that much memory so we recommend        ++
 ++ requesting less memory in other similar jobs.                         ++
 +++++++++++++++++++++++++++++++++++++++++++++++++++++++++++++++++++++++++++
 
*****************************************************************************

