slurmstepd: info: Setting TMPDIR to /scratch/10770598. Previous errors about TMPDIR can be discarded
Slurm job started at 25/02/2025_06:26:07 PM

In transit.
Initing Ray (1 head node + 8 worker nodes + 8 simulation nodes) on nodes: 
	ilk-4 ilk-34 ilk-69 ilk-82 ilk-95 ilk-111 ilk-152 ilk-166 ilk-170 ilk-177 ilk-185 ilk-188 ilk-206 ilk-234 ilk-243 ilk-247 ilk-253
Head node: 172.30.201.4:6379


RAY_DEPLOY_TIME:     23.73528
2025-02-25 18:26:34,341	INFO packaging.py:520 -- Creating a file package for local directory '/mnt/lustre/scratch/nlsas/home/ulc/cursos/curso341/dask_on_reisa_tests/E1/REISA/derivative/P16-SN8-LS536-GS8589-I12-AN8-D2025-02-25_18-08-49'.
2025-02-25 18:26:34,371	INFO packaging.py:347 -- Pushing file package 'gcs://_ray_pkg_a7e6da1305dac8a9.zip' (0.48MiB) to Ray cluster...
2025-02-25 18:26:34,377	INFO packaging.py:360 -- Successfully pushed file package 'gcs://_ray_pkg_a7e6da1305dac8a9.zip'.
RAY_INIT_TIME:       2.82699
Iter [0]
Iter [1]
Iter [2]
Iter [3]
Iter [4]
Iter [5]
Iter [6]
Iter [7]
Iter [8]
Iter [9]
Iter [10]
Iter [11]
EST_ANALYTICS_TIME:  64.29888 (avg:5.35824)
GLOBAL_PUT_TIME:     8.315471649169922 (avg:0.69296)
ACTOR_CONCURRENCY:   8
SIMULATION_TIME:     67.338281050999996 (avg: 5.611523420916666)
SIM_WTHOUT_PDI:      57.563928248000018 (avg: 4.796994020666668)
PDI_DELAY:           9.774352802999978 (avg: 0.814529400249998)

GLOBAL_SIZE_(GiB):   8388608
LOCAL_SIZE_(MiB):    512
ITERATIONS:          12

MPI_PER_NODE:        2
MPI_PARALLELISM:     16

WORKER_NODES:        8
CPUS_PER_WORKER:     30
WORKER_PARALLELISM:  240


SLURM_JOB_ID:        10770598

Slurm job finished at 25/02/2025_06:27:43 PM

*****************************************************************************
*                                                                           *
*                    JOB EFFICIENCY REPORT (seff 10770598)                   *
*                                                                           *
*****************************************************************************

Job ID: 10770598
Cluster: finisterrae3
User/Group: curso341/ulc
State: COMPLETED (exit code 0)
Nodes: 17
Cores per node: 40
CPU Utilized: 00:29:26
CPU Efficiency: 2.65% of 18:30:40 core-walltime
Job Wall-clock time: 00:01:38
Memory Utilized: 4.07 GB
Memory Efficiency: 0.15% of 2.66 TB

 +++++++++++++++++++++++++++++++++++++++++++++++++++++++++++++++++++++++++++
 ++   Memory Efficiency is too small. Please review the requested memory. ++
 ++ It seems that you do not need that much memory so we recommend        ++
 ++ requesting less memory in other similar jobs.                         ++
 +++++++++++++++++++++++++++++++++++++++++++++++++++++++++++++++++++++++++++
 
*****************************************************************************


*****************************************************************************
*                                                                           *
*                    JOB EFFICIENCY REPORT (seff 10770598)                   *
*                                                                           *
*****************************************************************************

Job ID: 10770598
Cluster: finisterrae3
User/Group: curso341/ulc
State: COMPLETED (exit code 0)
Nodes: 17
Cores per node: 40
CPU Utilized: 00:29:26
CPU Efficiency: 2.65% of 18:30:40 core-walltime
Job Wall-clock time: 00:01:38
Memory Utilized: 4.07 GB
Memory Efficiency: 0.15% of 2.66 TB

 +++++++++++++++++++++++++++++++++++++++++++++++++++++++++++++++++++++++++++
 ++   Memory Efficiency is too small. Please review the requested memory. ++
 ++ It seems that you do not need that much memory so we recommend        ++
 ++ requesting less memory in other similar jobs.                         ++
 +++++++++++++++++++++++++++++++++++++++++++++++++++++++++++++++++++++++++++
 
*****************************************************************************



*****************************************************************************
*****************************************************************************
*                                                                           *
*                                                                           *
*                    JOB EFFICIENCY REPORT (seff 10770598)                   *
*                    JOB EFFICIENCY REPORT (seff 10770598)                   *
*                                                                           *
*                                                                           *
*****************************************************************************
*****************************************************************************


Job ID: 10770598
Job ID: 10770598

Cluster: finisterrae3
Cluster: finisterrae3
*****************************************************************************
User/Group: curso341/ulc
User/Group: curso341/ulc
*                                                                           *
State: COMPLETED (exit code 0)
State: COMPLETED (exit code 0)
*                    JOB EFFICIENCY REPORT (seff 10770598)                   *
Nodes: 17
Nodes: 17
*                                                                           *
Cores per node: 40
Cores per node: 40
*****************************************************************************

CPU Utilized: 00:29:26
CPU Utilized: 00:29:26

*****************************************************************************
CPU Efficiency: 2.65% of 18:30:40 core-walltime
CPU Efficiency: 2.65% of 18:30:40 core-walltime
Job ID: 10770598
*                                                                           *
Job Wall-clock time: 00:01:38
Job Wall-clock time: 00:01:38
Cluster: finisterrae3
*                    JOB EFFICIENCY REPORT (seff 10770598)                   *
Memory Utilized: 4.07 GB
Memory Utilized: 4.07 GB
User/Group: curso341/ulc
*                                                                           *
Memory Efficiency: 0.15% of 2.66 TB
Memory Efficiency: 0.15% of 2.66 TB
State: COMPLETED (exit code 0)
*****************************************************************************


Nodes: 17

 +++++++++++++++++++++++++++++++++++++++++++++++++++++++++++++++++++++++++++
 +++++++++++++++++++++++++++++++++++++++++++++++++++++++++++++++++++++++++++
Cores per node: 40
Job ID: 10770598
 ++   Memory Efficiency is too small. Please review the requested memory. ++
 ++   Memory Efficiency is too small. Please review the requested memory. ++
CPU Utilized: 00:29:26
Cluster: finisterrae3
 ++ It seems that you do not need that much memory so we recommend        ++
 ++ It seems that you do not need that much memory so we recommend        ++
CPU Efficiency: 2.65% of 18:30:40 core-walltime
User/Group: curso341/ulc
 ++ requesting less memory in other similar jobs.                         ++
 ++ requesting less memory in other similar jobs.                         ++
Job Wall-clock time: 00:01:38
State: COMPLETED (exit code 0)
 +++++++++++++++++++++++++++++++++++++++++++++++++++++++++++++++++++++++++++
 +++++++++++++++++++++++++++++++++++++++++++++++++++++++++++++++++++++++++++
Memory Utilized: 4.07 GB
Nodes: 17
 
 
Memory Efficiency: 0.15% of 2.66 TB
Cores per node: 40
*****************************************************************************
*****************************************************************************

CPU Utilized: 00:29:26


 +++++++++++++++++++++++++++++++++++++++++++++++++++++++++++++++++++++++++++
CPU Efficiency: 2.65% of 18:30:40 core-walltime
 ++   Memory Efficiency is too small. Please review the requested memory. ++
Job Wall-clock time: 00:01:38
 ++ It seems that you do not need that much memory so we recommend        ++
Memory Utilized: 4.07 GB
 ++ requesting less memory in other similar jobs.                         ++
Memory Efficiency: 0.15% of 2.66 TB
 +++++++++++++++++++++++++++++++++++++++++++++++++++++++++++++++++++++++++++

 
 +++++++++++++++++++++++++++++++++++++++++++++++++++++++++++++++++++++++++++
*****************************************************************************
 ++   Memory Efficiency is too small. Please review the requested memory. ++

 ++ It seems that you do not need that much memory so we recommend        ++
 ++ requesting less memory in other similar jobs.                         ++
 +++++++++++++++++++++++++++++++++++++++++++++++++++++++++++++++++++++++++++
 
*****************************************************************************


*****************************************************************************
*                                                                           *
*                    JOB EFFICIENCY REPORT (seff 10770598)                   *
*                                                                           *
*****************************************************************************

Job ID: 10770598
Cluster: finisterrae3
User/Group: curso341/ulc
State: COMPLETED (exit code 0)
Nodes: 17
Cores per node: 40
CPU Utilized: 00:29:26
CPU Efficiency: 2.65% of 18:30:40 core-walltime
Job Wall-clock time: 00:01:38
Memory Utilized: 4.07 GB

Memory Efficiency: 0.15% of 2.66 TB
*****************************************************************************

*                                                                           *
 +++++++++++++++++++++++++++++++++++++++++++++++++++++++++++++++++++++++++++
*                    JOB EFFICIENCY REPORT (seff 10770598)                   *
 ++   Memory Efficiency is too small. Please review the requested memory. ++
*                                                                           *
 ++ It seems that you do not need that much memory so we recommend        ++
*****************************************************************************
 ++ requesting less memory in other similar jobs.                         ++

 +++++++++++++++++++++++++++++++++++++++++++++++++++++++++++++++++++++++++++
Job ID: 10770598
 
Cluster: finisterrae3
*****************************************************************************
User/Group: curso341/ulc

State: COMPLETED (exit code 0)
Nodes: 17
Cores per node: 40
CPU Utilized: 00:29:26
CPU Efficiency: 2.65% of 18:30:40 core-walltime
Job Wall-clock time: 00:01:38
Memory Utilized: 4.07 GB
Memory Efficiency: 0.15% of 2.66 TB

 +++++++++++++++++++++++++++++++++++++++++++++++++++++++++++++++++++++++++++
 ++   Memory Efficiency is too small. Please review the requested memory. ++
 ++ It seems that you do not need that much memory so we recommend        ++
 ++ requesting less memory in other similar jobs.                         ++
 +++++++++++++++++++++++++++++++++++++++++++++++++++++++++++++++++++++++++++
 
*****************************************************************************


*****************************************************************************
*                                                                           *
*                    JOB EFFICIENCY REPORT (seff 10770598)                   *
*                                                                           *
*****************************************************************************

Job ID: 10770598
Cluster: finisterrae3
User/Group: curso341/ulc
State: COMPLETED (exit code 0)
Nodes: 17
Cores per node: 40
CPU Utilized: 00:29:26
CPU Efficiency: 2.65% of 18:30:40 core-walltime
Job Wall-clock time: 00:01:38
Memory Utilized: 4.07 GB
Memory Efficiency: 0.15% of 2.66 TB

 +++++++++++++++++++++++++++++++++++++++++++++++++++++++++++++++++++++++++++
 ++   Memory Efficiency is too small. Please review the requested memory. ++
 ++ It seems that you do not need that much memory so we recommend        ++
 ++ requesting less memory in other similar jobs.                         ++
 +++++++++++++++++++++++++++++++++++++++++++++++++++++++++++++++++++++++++++
 
*****************************************************************************


*****************************************************************************
*                                                                           *
*                    JOB EFFICIENCY REPORT (seff 10770598)                   *
*                                                                           *
*****************************************************************************

Job ID: 10770598
Cluster: finisterrae3
User/Group: curso341/ulc
State: COMPLETED (exit code 0)
Nodes: 17
Cores per node: 40
CPU Utilized: 00:29:26
CPU Efficiency: 2.65% of 18:30:40 core-walltime
Job Wall-clock time: 00:01:38
Memory Utilized: 4.07 GB
Memory Efficiency: 0.15% of 2.66 TB

 +++++++++++++++++++++++++++++++++++++++++++++++++++++++++++++++++++++++++++
 ++   Memory Efficiency is too small. Please review the requested memory. ++
 ++ It seems that you do not need that much memory so we recommend        ++
 ++ requesting less memory in other similar jobs.                         ++
 +++++++++++++++++++++++++++++++++++++++++++++++++++++++++++++++++++++++++++
 
*****************************************************************************


*****************************************************************************
*                                                                           *
*                    JOB EFFICIENCY REPORT (seff 10770598)                   *
*                                                                           *
*****************************************************************************

Job ID: 10770598
Cluster: finisterrae3
User/Group: curso341/ulc
State: COMPLETED (exit code 0)
Nodes: 17
Cores per node: 40
CPU Utilized: 00:29:26
CPU Efficiency: 2.65% of 18:30:40 core-walltime
Job Wall-clock time: 00:01:38
Memory Utilized: 4.07 GB
Memory Efficiency: 0.15% of 2.66 TB

 +++++++++++++++++++++++++++++++++++++++++++++++++++++++++++++++++++++++++++
 ++   Memory Efficiency is too small. Please review the requested memory. ++
 ++ It seems that you do not need that much memory so we recommend        ++
 ++ requesting less memory in other similar jobs.                         ++
 +++++++++++++++++++++++++++++++++++++++++++++++++++++++++++++++++++++++++++
 
*****************************************************************************


*****************************************************************************
*                                                                           *
*                    JOB EFFICIENCY REPORT (seff 10770598)                   *
*                                                                           *
*****************************************************************************

Job ID: 10770598
Cluster: finisterrae3
User/Group: curso341/ulc
State: COMPLETED (exit code 0)
Nodes: 17
Cores per node: 40
CPU Utilized: 00:29:26
CPU Efficiency: 2.65% of 18:30:40 core-walltime
Job Wall-clock time: 00:01:38
Memory Utilized: 4.07 GB
Memory Efficiency: 0.15% of 2.66 TB

 +++++++++++++++++++++++++++++++++++++++++++++++++++++++++++++++++++++++++++
 ++   Memory Efficiency is too small. Please review the requested memory. ++
 ++ It seems that you do not need that much memory so we recommend        ++
 ++ requesting less memory in other similar jobs.                         ++
 +++++++++++++++++++++++++++++++++++++++++++++++++++++++++++++++++++++++++++
 
*****************************************************************************


*****************************************************************************
*                                                                           *
*                    JOB EFFICIENCY REPORT (seff 10770598)                   *
*                                                                           *
*****************************************************************************

Job ID: 10770598
Cluster: finisterrae3
User/Group: curso341/ulc
State: COMPLETED (exit code 0)
Nodes: 17
Cores per node: 40
CPU Utilized: 00:40:12
CPU Efficiency: 3.62% of 18:30:40 core-walltime
Job Wall-clock time: 00:01:38
Memory Utilized: 27.17 GB
Memory Efficiency: 1.00% of 2.66 TB

 +++++++++++++++++++++++++++++++++++++++++++++++++++++++++++++++++++++++++++
 ++   Memory Efficiency is too small. Please review the requested memory. ++
 ++ It seems that you do not need that much memory so we recommend        ++
 ++ requesting less memory in other similar jobs.                         ++
 +++++++++++++++++++++++++++++++++++++++++++++++++++++++++++++++++++++++++++
 
*****************************************************************************


*****************************************************************************
*                                                                           *
*                    JOB EFFICIENCY REPORT (seff 10770598)                   *
*                                                                           *
*****************************************************************************

Job ID: 10770598
Cluster: finisterrae3
User/Group: curso341/ulc
State: COMPLETED (exit code 0)
Nodes: 17
Cores per node: 40
CPU Utilized: 00:40:12
CPU Efficiency: 3.62% of 18:30:40 core-walltime
Job Wall-clock time: 00:01:38
Memory Utilized: 27.17 GB
Memory Efficiency: 1.00% of 2.66 TB

 +++++++++++++++++++++++++++++++++++++++++++++++++++++++++++++++++++++++++++
 ++   Memory Efficiency is too small. Please review the requested memory. ++
 ++ It seems that you do not need that much memory so we recommend        ++
 ++ requesting less memory in other similar jobs.                         ++
 +++++++++++++++++++++++++++++++++++++++++++++++++++++++++++++++++++++++++++
 
*****************************************************************************


*****************************************************************************
*                                                                           *
*                    JOB EFFICIENCY REPORT (seff 10770598)                   *
*                                                                           *
*****************************************************************************

Job ID: 10770598
Cluster: finisterrae3
User/Group: curso341/ulc
State: COMPLETED (exit code 0)
Nodes: 17
Cores per node: 40
CPU Utilized: 00:29:26
CPU Efficiency: 2.65% of 18:30:40 core-walltime
Job Wall-clock time: 00:01:38
Memory Utilized: 4.07 GB
Memory Efficiency: 0.15% of 2.66 TB

 +++++++++++++++++++++++++++++++++++++++++++++++++++++++++++++++++++++++++++
 ++   Memory Efficiency is too small. Please review the requested memory. ++
 ++ It seems that you do not need that much memory so we recommend        ++
 ++ requesting less memory in other similar jobs.                         ++
 +++++++++++++++++++++++++++++++++++++++++++++++++++++++++++++++++++++++++++
 
*****************************************************************************


*****************************************************************************
*                                                                           *
*                    JOB EFFICIENCY REPORT (seff 10770598)                   *
*                                                                           *
*****************************************************************************

Job ID: 10770598
Cluster: finisterrae3
User/Group: curso341/ulc
State: COMPLETED (exit code 0)
Nodes: 17
Cores per node: 40
CPU Utilized: 00:40:12
CPU Efficiency: 3.62% of 18:30:40 core-walltime
Job Wall-clock time: 00:01:38
Memory Utilized: 27.17 GB
Memory Efficiency: 1.00% of 2.66 TB

 +++++++++++++++++++++++++++++++++++++++++++++++++++++++++++++++++++++++++++
 ++   Memory Efficiency is too small. Please review the requested memory. ++
 ++ It seems that you do not need that much memory so we recommend        ++
 ++ requesting less memory in other similar jobs.                         ++
 +++++++++++++++++++++++++++++++++++++++++++++++++++++++++++++++++++++++++++
 
*****************************************************************************


*****************************************************************************
*                                                                           *
*                    JOB EFFICIENCY REPORT (seff 10770598)                   *
*                                                                           *
*****************************************************************************

Job ID: 10770598
Cluster: finisterrae3
User/Group: curso341/ulc
State: COMPLETED (exit code 0)
Nodes: 17
Cores per node: 40
CPU Utilized: 00:45:25
CPU Efficiency: 4.09% of 18:30:40 core-walltime
Job Wall-clock time: 00:01:38
Memory Utilized: 27.17 GB
Memory Efficiency: 1.00% of 2.66 TB

 +++++++++++++++++++++++++++++++++++++++++++++++++++++++++++++++++++++++++++
 ++   Memory Efficiency is too small. Please review the requested memory. ++
 ++ It seems that you do not need that much memory so we recommend        ++
 ++ requesting less memory in other similar jobs.                         ++
 +++++++++++++++++++++++++++++++++++++++++++++++++++++++++++++++++++++++++++
 
*****************************************************************************

