slurmstepd: info: Setting TMPDIR to /scratch/10770676. Previous errors about TMPDIR can be discarded
Slurm job started at 25/02/2025_07:01:47 PM

In transit.
Initing Ray (1 head node + 2 worker nodes + 4 simulation nodes) on nodes: 
	ilk-95 ilk-128 ilk-241 ilk-243 ilk-247 ilk-248 ilk-253
Head node: 172.30.202.47:6379


RAY_DEPLOY_TIME:     22.41673
2025-02-25 19:02:15,620	INFO packaging.py:520 -- Creating a file package for local directory '/mnt/lustre/scratch/nlsas/home/ulc/cursos/curso341/dask_on_reisa_tests/E1/REISA_ONE_ACTOR/reduction/P128-SN4-LS134-GS17179-I25-AN2-D2025-02-25_18-10-35'.
2025-02-25 19:02:15,647	INFO packaging.py:347 -- Pushing file package 'gcs://_ray_pkg_ced701daa35261c3.zip' (0.48MiB) to Ray cluster...
2025-02-25 19:02:15,654	INFO packaging.py:360 -- Successfully pushed file package 'gcs://_ray_pkg_ced701daa35261c3.zip'.
RAY_INIT_TIME:       5.72057
Iter [0]
Iter [2]
Iter [4]
Iter [6]
Iter [8]
Iter [10]
Iter [12]
slurmstepd: error: *** JOB 10770676 ON ilk-95 CANCELLED AT 2025-02-25T19:22:07 DUE TO TIME LIMIT ***
slurmstepd: error: *** STEP 10770676.8 ON ilk-128 CANCELLED AT 2025-02-25T19:22:07 DUE TO TIME LIMIT ***
slurmstepd: error: *** STEP 10770676.9 ON ilk-243 CANCELLED AT 2025-02-25T19:22:07 DUE TO TIME LIMIT ***
*** SIGTERM received at time=1740507727 on cpu 40 ***
srun: Job step aborted: Waiting up to 32 seconds for job step to finish.
*** SIGTERM received at time=1740507727 on cpu 2 ***
*** SIGTERM received at time=1740507727 on cpu 1 ***
srun: Job step aborted: Waiting up to 32 seconds for job step to finish.
*** SIGTERM received at time=1740507727 on cpu 7 ***
*** SIGTERM received at time=1740507727 on cpu 1 ***
*** SIGTERM received at time=1740507727 on cpu 37 ***
*** SIGTERM received at time=1740507727 on cpu 34 ***
*** SIGTERM received at time=1740507727 on cpu 5 ***
*** SIGTERM received at time=1740507727 on cpu 18 ***
*** SIGTERM received at time=1740507727 on cpu 8 ***
*** SIGTERM received at time=1740507727 on cpu 46 ***
*** SIGTERM received at time=1740507727 on cpu 18 ***
*** SIGTERM received at time=1740507727 on cpu 43 ***
*** SIGTERM received at time=1740507727 on cpu 11 ***
*** SIGTERM received at time=1740507727 on cpu 4 ***
*** SIGTERM received at time=1740507727 on cpu 17 ***
*** SIGTERM received at time=1740507727 on cpu 38 ***
*** SIGTERM received at time=1740507727 on cpu 13 ***
*** SIGTERM received at time=1740507727 on cpu 50 ***
*** SIGTERM received at time=1740507727 on cpu 2 ***
*** SIGTERM received at time=1740507727 on cpu 51 ***
*** SIGTERM received at time=1740507727 on cpu 35 ***
*** SIGTERM received at time=1740507727 on cpu 15 ***
*** SIGTERM received at time=1740507727 on cpu 51 ***
*** SIGTERM received at time=1740507727 on cpu 5 ***
*** SIGTERM received at time=1740507727 on cpu 41 ***
*** SIGTERM received at time=1740507727 on cpu 41 ***
*** SIGTERM received at time=1740507727 on cpu 50 ***
*** SIGTERM received at time=1740507727 on cpu 6 ***
*** SIGTERM received at time=1740507727 on cpu 3 ***
*** SIGTERM received at time=1740507727 on cpu 42 ***
*** SIGTERM received at time=1740507727 on cpu 6 ***
*** SIGTERM received at time=1740507727 on cpu 45 ***
*** SIGTERM received at time=1740507727 on cpu 48 ***
*** SIGTERM received at time=1740507727 on cpu 40 ***
*** SIGTERM received at time=1740507727 on cpu 10 ***
*** SIGTERM received at time=1740507727 on cpu 11 ***
*** SIGTERM received at time=1740507727 on cpu 44 ***
*** SIGTERM received at time=1740507727 on cpu 8 ***
*** SIGTERM received at time=1740507727 on cpu 38 ***
*** SIGTERM received at time=1740507727 on cpu 3 ***
*** SIGTERM received at time=1740507727 on cpu 49 ***
*** SIGTERM received at time=1740507727 on cpu 14 ***
*** SIGTERM received at time=1740507727 on cpu 47 ***
*** SIGTERM received at time=1740507727 on cpu 12 ***
*** SIGTERM received at time=1740507727 on cpu 46 ***
*** SIGTERM received at time=1740507727 on cpu 19 ***
*** SIGTERM received at time=1740507727 on cpu 4 ***
*** SIGTERM received at time=1740507727 on cpu 33 ***
*** SIGTERM received at time=1740507727 on cpu 7 ***
*** SIGTERM received at time=1740507727 on cpu 3 ***
*** SIGTERM received at time=1740507727 on cpu 48 ***
*** SIGTERM received at time=1740507727 on cpu 45 ***
*** SIGTERM received at time=1740507727 on cpu 6 ***
*** SIGTERM received at time=1740507727 on cpu 12 ***
*** SIGTERM received at time=1740507727 on cpu 39 ***
*** SIGTERM received at time=1740507727 on cpu 17 ***
*** SIGTERM received at time=1740507727 on cpu 0 ***
*** SIGTERM received at time=1740507727 on cpu 9 ***
*** SIGTERM received at time=1740507727 on cpu 41 ***
*** SIGTERM received at time=1740507727 on cpu 32 ***
*** SIGTERM received at time=1740507727 on cpu 51 ***
*** SIGTERM received at time=1740507727 on cpu 15 ***
*** SIGTERM received at time=1740507727 on cpu 11 ***
*** SIGTERM received at time=1740507727 on cpu 2 ***
*** SIGTERM received at time=1740507727 on cpu 7 ***
*** SIGTERM received at time=1740507727 on cpu 37 ***
*** SIGTERM received at time=1740507727 on cpu 10 ***
*** SIGTERM received at time=1740507727 on cpu 16 ***
*** SIGTERM received at time=1740507727 on cpu 14 ***
*** SIGTERM received at time=1740507727 on cpu 49 ***
*** SIGTERM received at time=1740507727 on cpu 8 ***
*** SIGTERM received at time=1740507727 on cpu 38 ***
*** SIGTERM received at time=1740507727 on cpu 16 ***
*** SIGTERM received at time=1740507727 on cpu 7 ***
*** SIGTERM received at time=1740507727 on cpu 5 ***
*** SIGTERM received at time=1740507727 on cpu 6 ***
*** SIGTERM received at time=1740507727 on cpu 8 ***
*** SIGTERM received at time=1740507727 on cpu 2 ***
*** SIGTERM received at time=1740507727 on cpu 15 ***
*** SIGTERM received at time=1740507727 on cpu 9 ***
*** SIGTERM received at time=1740507727 on cpu 45 ***
*** SIGTERM received at time=1740507727 on cpu 14 ***
*** SIGTERM received at time=1740507727 on cpu 38 ***
*** SIGTERM received at time=1740507727 on cpu 10 ***
*** SIGTERM received at time=1740507727 on cpu 19 ***
*** SIGTERM received at time=1740507727 on cpu 40 ***
*** SIGTERM received at time=1740507727 on cpu 41 ***
*** SIGTERM received at time=1740507727 on cpu 46 ***
*** SIGTERM received at time=1740507727 on cpu 34 ***
*** SIGTERM received at time=1740507727 on cpu 36 ***
*** SIGTERM received at time=1740507727 on cpu 39 ***
*** SIGTERM received at time=1740507727 on cpu 32 ***
*** SIGTERM received at time=1740507727 on cpu 44 ***
*** SIGTERM received at time=1740507727 on cpu 1 ***
*** SIGTERM received at time=1740507727 on cpu 4 ***
*** SIGTERM received at time=1740507727 on cpu 11 ***
*** SIGTERM received at time=1740507727 on cpu 13 ***
*** SIGTERM received at time=1740507727 on cpu 49 ***
*** SIGTERM received at time=1740507727 on cpu 12 ***
*** SIGTERM received at time=1740507727 on cpu 3 ***
*** SIGTERM received at time=1740507727 on cpu 0 ***
*** SIGTERM received at time=1740507727 on cpu 2 ***
*** SIGTERM received at time=1740507727 on cpu 8 ***
*** SIGTERM received at time=1740507727 on cpu 1 ***
