slurmstepd: info: Setting TMPDIR to /scratch/10933976. Previous errors about TMPDIR can be discarded
Slurm job started at 10/03/2025_10:55:34 PM

In transit.
Initing Ray (1 head node + 4 worker nodes + 4 simulation nodes) on nodes: 
	ilk-164 ilk-165 ilk-166 ilk-167 ilk-170 ilk-171 ilk-172 ilk-173 ilk-180
Head node: 172.30.204.20:6379


RAY_DEPLOY_TIME:     24.05931
2025-03-10 22:56:01,373	INFO packaging.py:520 -- Creating a file package for local directory '/mnt/lustre/scratch/nlsas/home/ulc/cursos/curso341/dask_on_reisa_tests/E5/DASK_ON_REISA/derivative/P8-SN4-LS536-GS4294-I10-AN4-D2025-03-10_22-49-26'.
2025-03-10 22:56:01,399	INFO packaging.py:347 -- Pushing file package 'gcs://_ray_pkg_f0cd86a2805819ee.zip' (0.48MiB) to Ray cluster...
2025-03-10 22:56:01,406	INFO packaging.py:360 -- Successfully pushed file package 'gcs://_ray_pkg_f0cd86a2805819ee.zip'.
RAY_INIT_TIME:       4.26370
Iter [0]
Iter [1]
[2m[36m(iter_task pid=1074187, ip=10.120.204.26)[0m /home/ulc/cursos/curso341/.local/lib/python3.9/site-packages/dask/config.py:693: UserWarning: Configuration key "shuffle" has been deprecated. Please use "dataframe.shuffle.algorithm" instead
[2m[36m(iter_task pid=1074187, ip=10.120.204.26)[0m   warnings.warn(
[2m[36m(iter_task pid=1074185, ip=10.120.204.26)[0m /home/ulc/cursos/curso341/.local/lib/python3.9/site-packages/dask/config.py:693: UserWarning: Configuration key "shuffle" has been deprecated. Please use "dataframe.shuffle.algorithm" instead
[2m[36m(iter_task pid=1074185, ip=10.120.204.26)[0m   warnings.warn(
[2m[36m(iter_task pid=1074186, ip=10.120.204.26)[0m /home/ulc/cursos/curso341/.local/lib/python3.9/site-packages/dask/config.py:693: UserWarning: Configuration key "shuffle" has been deprecated. Please use "dataframe.shuffle.algorithm" instead
[2m[36m(iter_task pid=1074186, ip=10.120.204.26)[0m   warnings.warn(
[2m[36m(iter_task pid=1074184, ip=10.120.204.26)[0m /home/ulc/cursos/curso341/.local/lib/python3.9/site-packages/dask/config.py:693: UserWarning: Configuration key "shuffle" has been deprecated. Please use "dataframe.shuffle.algorithm" instead
[2m[36m(iter_task pid=1074184, ip=10.120.204.26)[0m   warnings.warn(
[2m[36m(iter_task pid=1074188, ip=10.120.204.26)[0m /home/ulc/cursos/curso341/.local/lib/python3.9/site-packages/dask/config.py:693: UserWarning: Configuration key "shuffle" has been deprecated. Please use "dataframe.shuffle.algorithm" instead
[2m[36m(iter_task pid=1074188, ip=10.120.204.26)[0m   warnings.warn(
[2m[36m(iter_task pid=1074189, ip=10.120.204.26)[0m /home/ulc/cursos/curso341/.local/lib/python3.9/site-packages/dask/config.py:693: UserWarning: Configuration key "shuffle" has been deprecated. Please use "dataframe.shuffle.algorithm" instead
[2m[36m(iter_task pid=1074189, ip=10.120.204.26)[0m   warnings.warn(
Iter [2]
Iter [3]
Iter [4]
Iter [5]
Iter [6]
Iter [7]
Iter [8]
Iter [9]
GLOBAL_PUT_TIME:     8.829679012298584 (avg:0.88297)
ACTOR_CONCURRENCY:   8
SIMULATION_TIME:     65.514153132000004 (avg: 6.551415313200001)
SIM_WTHOUT_PDI:      52.674735509999991 (avg: 5.267473550999999)
PDI_DELAY:           12.839417622000013 (avg: 1.283941762200001)

GLOBAL_SIZE_(GiB):   4194304
LOCAL_SIZE_(MiB):    512
ITERATIONS:          10

MPI_PER_NODE:        2
MPI_PARALLELISM:     8

WORKER_NODES:        4
CPUS_PER_WORKER:     64
WORKER_PARALLELISM:  256


SLURM_JOB_ID:        10933976
EST_ANALYTICS_TIME:  341.52367 (avg:34.15237)

Slurm job finished at 10/03/2025_11:01:46 PM

*****************************************************************************
*                                                                           *
*                    JOB EFFICIENCY REPORT (seff 10933976)                   *
*                                                                           *
*****************************************************************************

Job ID: 10933976
Cluster: finisterrae3
User/Group: curso341/ulc
State: COMPLETED (exit code 0)
Nodes: 9
Cores per node: 64
CPU Utilized: 00:08:32
CPU Efficiency: 0.24% of 2-11:40:48 core-walltime
Job Wall-clock time: 00:06:13
Memory Utilized: 10.02 GB (estimated maximum)
Memory Efficiency: 0.51% of 1.91 TB (3.39 GB/core)

 +++++++++++++++++++++++++++++++++++++++++++++++++++++++++++++++++++++++++++
 ++   Memory Efficiency is too small. Please review the requested memory. ++
 ++ It seems that you do not need that much memory so we recommend        ++
 ++ requesting less memory in other similar jobs.                         ++
 +++++++++++++++++++++++++++++++++++++++++++++++++++++++++++++++++++++++++++
 
*****************************************************************************


*****************************************************************************
*                                                                           *
*                    JOB EFFICIENCY REPORT (seff 10933976)                   *
*                                                                           *
*****************************************************************************

Job ID: 10933976
Cluster: finisterrae3
User/Group: curso341/ulc
State: COMPLETED (exit code 0)
Nodes: 9
Cores per node: 64
CPU Utilized: 00:08:32
CPU Efficiency: 0.24% of 2-11:40:48 core-walltime
Job Wall-clock time: 00:06:13
Memory Utilized: 10.02 GB (estimated maximum)
Memory Efficiency: 0.51% of 1.91 TB (3.39 GB/core)

 +++++++++++++++++++++++++++++++++++++++++++++++++++++++++++++++++++++++++++
 ++   Memory Efficiency is too small. Please review the requested memory. ++
 ++ It seems that you do not need that much memory so we recommend        ++
 ++ requesting less memory in other similar jobs.                         ++
 +++++++++++++++++++++++++++++++++++++++++++++++++++++++++++++++++++++++++++
 
*****************************************************************************


*****************************************************************************
*                                                                           *
*                    JOB EFFICIENCY REPORT (seff 10933976)                   *
*                                                                           *
*****************************************************************************

Job ID: 10933976
Cluster: finisterrae3
User/Group: curso341/ulc
State: COMPLETED (exit code 0)
Nodes: 9
Cores per node: 64
CPU Utilized: 00:19:50
CPU Efficiency: 0.55% of 2-11:40:48 core-walltime
Job Wall-clock time: 00:06:13
Memory Utilized: 8.54 GB
Memory Efficiency: 0.44% of 1.91 TB

 +++++++++++++++++++++++++++++++++++++++++++++++++++++++++++++++++++++++++++
 ++   Memory Efficiency is too small. Please review the requested memory. ++
 ++ It seems that you do not need that much memory so we recommend        ++
 ++ requesting less memory in other similar jobs.                         ++
 +++++++++++++++++++++++++++++++++++++++++++++++++++++++++++++++++++++++++++
 
*****************************************************************************


*****************************************************************************
*                                                                           *
*                    JOB EFFICIENCY REPORT (seff 10933976)                   *
*                                                                           *
*****************************************************************************

Job ID: 10933976
Cluster: finisterrae3
User/Group: curso341/ulc
State: COMPLETED (exit code 0)
Nodes: 9
Cores per node: 64
CPU Utilized: 00:48:20
CPU Efficiency: 1.35% of 2-11:40:48 core-walltime
Job Wall-clock time: 00:06:13
Memory Utilized: 40.68 GB
Memory Efficiency: 2.08% of 1.91 TB

 +++++++++++++++++++++++++++++++++++++++++++++++++++++++++++++++++++++++++++
 ++   Memory Efficiency is too small. Please review the requested memory. ++
 ++ It seems that you do not need that much memory so we recommend        ++
 ++ requesting less memory in other similar jobs.                         ++
 +++++++++++++++++++++++++++++++++++++++++++++++++++++++++++++++++++++++++++
 
*****************************************************************************


*****************************************************************************
*                                                                           *
*                    JOB EFFICIENCY REPORT (seff 10933976)                   *
*                                                                           *
*****************************************************************************

Job ID: 10933976
Cluster: finisterrae3
User/Group: curso341/ulc
State: COMPLETED (exit code 0)
Nodes: 9
Cores per node: 64
CPU Utilized: 00:48:20
CPU Efficiency: 1.35% of 2-11:40:48 core-walltime
Job Wall-clock time: 00:06:13
Memory Utilized: 40.68 GB
Memory Efficiency: 2.08% of 1.91 TB

 +++++++++++++++++++++++++++++++++++++++++++++++++++++++++++++++++++++++++++
 ++   Memory Efficiency is too small. Please review the requested memory. ++
 ++ It seems that you do not need that much memory so we recommend        ++
 ++ requesting less memory in other similar jobs.                         ++
 +++++++++++++++++++++++++++++++++++++++++++++++++++++++++++++++++++++++++++
 
*****************************************************************************


*****************************************************************************
*                                                                           *
*                    JOB EFFICIENCY REPORT (seff 10933976)                   *
*                                                                           *
*****************************************************************************

Job ID: 10933976
Cluster: finisterrae3
User/Group: curso341/ulc
State: COMPLETED (exit code 0)
Nodes: 9
Cores per node: 64
CPU Utilized: 00:48:20
CPU Efficiency: 1.35% of 2-11:40:48 core-walltime
Job Wall-clock time: 00:06:13
Memory Utilized: 40.68 GB
Memory Efficiency: 2.08% of 1.91 TB

 +++++++++++++++++++++++++++++++++++++++++++++++++++++++++++++++++++++++++++
 ++   Memory Efficiency is too small. Please review the requested memory. ++
 ++ It seems that you do not need that much memory so we recommend        ++
 ++ requesting less memory in other similar jobs.                         ++
 +++++++++++++++++++++++++++++++++++++++++++++++++++++++++++++++++++++++++++
 
*****************************************************************************


*****************************************************************************
*                                                                           *
*                    JOB EFFICIENCY REPORT (seff 10933976)                   *
*                                                                           *
*****************************************************************************

Job ID: 10933976
Cluster: finisterrae3
User/Group: curso341/ulc
State: COMPLETED (exit code 0)
Nodes: 9
Cores per node: 64
CPU Utilized: 00:48:20
CPU Efficiency: 1.35% of 2-11:40:48 core-walltime
Job Wall-clock time: 00:06:13
Memory Utilized: 40.68 GB
Memory Efficiency: 2.08% of 1.91 TB

 +++++++++++++++++++++++++++++++++++++++++++++++++++++++++++++++++++++++++++
 ++   Memory Efficiency is too small. Please review the requested memory. ++
 ++ It seems that you do not need that much memory so we recommend        ++
 ++ requesting less memory in other similar jobs.                         ++
 +++++++++++++++++++++++++++++++++++++++++++++++++++++++++++++++++++++++++++
 
*****************************************************************************


*****************************************************************************
*                                                                           *
*                    JOB EFFICIENCY REPORT (seff 10933976)                   *
*                                                                           *
*****************************************************************************

Job ID: 10933976
Cluster: finisterrae3
User/Group: curso341/ulc
State: COMPLETED (exit code 0)
Nodes: 9
Cores per node: 64
CPU Utilized: 00:48:20
CPU Efficiency: 1.35% of 2-11:40:48 core-walltime
Job Wall-clock time: 00:06:13
Memory Utilized: 40.68 GB
Memory Efficiency: 2.08% of 1.91 TB

 +++++++++++++++++++++++++++++++++++++++++++++++++++++++++++++++++++++++++++
 ++   Memory Efficiency is too small. Please review the requested memory. ++
 ++ It seems that you do not need that much memory so we recommend        ++
 ++ requesting less memory in other similar jobs.                         ++
 +++++++++++++++++++++++++++++++++++++++++++++++++++++++++++++++++++++++++++
 
*****************************************************************************


*****************************************************************************
*                                                                           *
*                    JOB EFFICIENCY REPORT (seff 10933976)                   *
*                                                                           *
*****************************************************************************

Job ID: 10933976
Cluster: finisterrae3
User/Group: curso341/ulc
State: COMPLETED (exit code 0)
Nodes: 9
Cores per node: 64
CPU Utilized: 01:23:25
CPU Efficiency: 2.33% of 2-11:40:48 core-walltime
Job Wall-clock time: 00:06:13
Memory Utilized: 41.38 GB
Memory Efficiency: 2.12% of 1.91 TB

 +++++++++++++++++++++++++++++++++++++++++++++++++++++++++++++++++++++++++++
 ++   Memory Efficiency is too small. Please review the requested memory. ++
 ++ It seems that you do not need that much memory so we recommend        ++
 ++ requesting less memory in other similar jobs.                         ++
 +++++++++++++++++++++++++++++++++++++++++++++++++++++++++++++++++++++++++++
 
*****************************************************************************

