slurmstepd: info: Setting TMPDIR to /scratch/10935958. Previous errors about TMPDIR can be discarded
Slurm job started at 11/03/2025_01:37:37 PM

In transit.
Initing Ray (1 head node + 4 worker nodes + 4 simulation nodes) on nodes: 
	ilk-1 ilk-35 ilk-160 ilk-161 ilk-162 ilk-163 ilk-165 ilk-166 ilk-167
Head node: 172.30.201.1:6379


RAY_DEPLOY_TIME:     23.82440
RAY_INIT_TIME:       3.18959
Iter [0]
2025-03-11 13:38:10,108	INFO packaging.py:520 -- Creating a file package for local directory '/mnt/lustre/scratch/nlsas/home/ulc/cursos/curso341/dask_on_reisa_tests/E6/REISA_ONE_ACTOR/derivative/P8-SN4-LS536-GS4294-I10-AN4-D2025-03-11_08-52-06'.
2025-03-11 13:38:10,136	INFO packaging.py:347 -- Pushing file package 'gcs://_ray_pkg_2092f9baf21ad77d.zip' (0.48MiB) to Ray cluster...
2025-03-11 13:38:10,143	INFO packaging.py:360 -- Successfully pushed file package 'gcs://_ray_pkg_2092f9baf21ad77d.zip'.
Iter [1]
Iter [2]
Iter [3]
Iter [4]
Iter [5]
Iter [6]
Iter [7]
Iter [8]
Iter [9]
EST_ANALYTICS_TIME:  45.99565 (avg:4.59957)
GLOBAL_PUT_TIME:     7.949725151062012 (avg:0.79497)
ACTOR_CONCURRENCY:   8
SIMULATION_TIME:     56.503051872000000 (avg: 5.650305187200000)
SIM_WTHOUT_PDI:      46.560607084999994 (avg: 4.656060708499999)
PDI_DELAY:           9.942444787000007 (avg: 0.994244478700001)

GLOBAL_SIZE_(GiB):   4194304
LOCAL_SIZE_(MiB):    512
ITERATIONS:          10

MPI_PER_NODE:        2
MPI_PARALLELISM:     8

WORKER_NODES:        4
CPUS_PER_WORKER:     64
WORKER_PARALLELISM:  256


SLURM_JOB_ID:        10935958

Slurm job finished at 11/03/2025_01:39:03 PM

*****************************************************************************
*                                                                           *
*                    JOB EFFICIENCY REPORT (seff 10935958)                   *
*                                                                           *
*****************************************************************************

Job ID: 10935958
Cluster: finisterrae3
User/Group: curso341/ulc
State: COMPLETED (exit code 0)
Nodes: 9
Cores per node: 64
CPU Utilized: 00:07:43
CPU Efficiency: 0.92% of 13:55:12 core-walltime
Job Wall-clock time: 00:01:27
Memory Utilized: 9.90 GB (estimated maximum)
Memory Efficiency: 0.51% of 1.91 TB (3.39 GB/core)

 +++++++++++++++++++++++++++++++++++++++++++++++++++++++++++++++++++++++++++
 ++   Memory Efficiency is too small. Please review the requested memory. ++
 ++ It seems that you do not need that much memory so we recommend        ++
 ++ requesting less memory in other similar jobs.                         ++
 +++++++++++++++++++++++++++++++++++++++++++++++++++++++++++++++++++++++++++
 
*****************************************************************************


*****************************************************************************
*                                                                           *
*                    JOB EFFICIENCY REPORT (seff 10935958)                   *
*                                                                           *
*****************************************************************************

Job ID: 10935958
Cluster: finisterrae3
User/Group: curso341/ulc
State: COMPLETED (exit code 0)
Nodes: 9
Cores per node: 64
CPU Utilized: 00:07:43
CPU Efficiency: 0.92% of 13:55:12 core-walltime
Job Wall-clock time: 00:01:27
Memory Utilized: 9.90 GB (estimated maximum)
Memory Efficiency: 0.51% of 1.91 TB (3.39 GB/core)

 +++++++++++++++++++++++++++++++++++++++++++++++++++++++++++++++++++++++++++
 ++   Memory Efficiency is too small. Please review the requested memory. ++
 ++ It seems that you do not need that much memory so we recommend        ++
 ++ requesting less memory in other similar jobs.                         ++
 +++++++++++++++++++++++++++++++++++++++++++++++++++++++++++++++++++++++++++
 
*****************************************************************************


*****************************************************************************
*                                                                           *
*                    JOB EFFICIENCY REPORT (seff 10935958)                   *
*                                                                           *
*****************************************************************************

Job ID: 10935958
Cluster: finisterrae3
User/Group: curso341/ulc
State: COMPLETED (exit code 0)
Nodes: 9
Cores per node: 64
CPU Utilized: 00:07:43
CPU Efficiency: 0.92% of 13:55:12 core-walltime
Job Wall-clock time: 00:01:27
Memory Utilized: 9.90 GB (estimated maximum)
Memory Efficiency: 0.51% of 1.91 TB (3.39 GB/core)

 +++++++++++++++++++++++++++++++++++++++++++++++++++++++++++++++++++++++++++
 ++   Memory Efficiency is too small. Please review the requested memory. ++
 ++ It seems that you do not need that much memory so we recommend        ++
 ++ requesting less memory in other similar jobs.                         ++
 +++++++++++++++++++++++++++++++++++++++++++++++++++++++++++++++++++++++++++
 
*****************************************************************************


*****************************************************************************
*                                                                           *
*                    JOB EFFICIENCY REPORT (seff 10935958)                   *
*                                                                           *
*****************************************************************************

Job ID: 10935958
Cluster: finisterrae3
User/Group: curso341/ulc
State: COMPLETED (exit code 0)
Nodes: 9
Cores per node: 64
CPU Utilized: 00:09:11
CPU Efficiency: 1.10% of 13:55:12 core-walltime
Job Wall-clock time: 00:01:27
Memory Utilized: 9.90 GB (estimated maximum)
Memory Efficiency: 0.51% of 1.91 TB (3.39 GB/core)

 +++++++++++++++++++++++++++++++++++++++++++++++++++++++++++++++++++++++++++
 ++   Memory Efficiency is too small. Please review the requested memory. ++
 ++ It seems that you do not need that much memory so we recommend        ++
 ++ requesting less memory in other similar jobs.                         ++
 +++++++++++++++++++++++++++++++++++++++++++++++++++++++++++++++++++++++++++
 
*****************************************************************************


*****************************************************************************
*                                                                           *
*                    JOB EFFICIENCY REPORT (seff 10935958)                   *
*                                                                           *
*****************************************************************************

Job ID: 10935958
Cluster: finisterrae3
User/Group: curso341/ulc
State: COMPLETED (exit code 0)
Nodes: 9
Cores per node: 64
CPU Utilized: 00:09:11
CPU Efficiency: 1.10% of 13:55:12 core-walltime
Job Wall-clock time: 00:01:27
Memory Utilized: 9.90 GB (estimated maximum)
Memory Efficiency: 0.51% of 1.91 TB (3.39 GB/core)

 +++++++++++++++++++++++++++++++++++++++++++++++++++++++++++++++++++++++++++
 ++   Memory Efficiency is too small. Please review the requested memory. ++
 ++ It seems that you do not need that much memory so we recommend        ++
 ++ requesting less memory in other similar jobs.                         ++
 +++++++++++++++++++++++++++++++++++++++++++++++++++++++++++++++++++++++++++
 
*****************************************************************************


*****************************************************************************
*                                                                           *
*                    JOB EFFICIENCY REPORT (seff 10935958)                   *
*                                                                           *
*****************************************************************************

Job ID: 10935958
Cluster: finisterrae3
User/Group: curso341/ulc
State: COMPLETED (exit code 0)
Nodes: 9
Cores per node: 64
CPU Utilized: 00:09:11
CPU Efficiency: 1.10% of 13:55:12 core-walltime
Job Wall-clock time: 00:01:27
Memory Utilized: 9.90 GB (estimated maximum)
Memory Efficiency: 0.51% of 1.91 TB (3.39 GB/core)

 +++++++++++++++++++++++++++++++++++++++++++++++++++++++++++++++++++++++++++
 ++   Memory Efficiency is too small. Please review the requested memory. ++
 ++ It seems that you do not need that much memory so we recommend        ++
 ++ requesting less memory in other similar jobs.                         ++
 +++++++++++++++++++++++++++++++++++++++++++++++++++++++++++++++++++++++++++
 
*****************************************************************************


*****************************************************************************
*                                                                           *
*                    JOB EFFICIENCY REPORT (seff 10935958)                   *
*                                                                           *
*****************************************************************************

Job ID: 10935958
Cluster: finisterrae3
User/Group: curso341/ulc
State: COMPLETED (exit code 0)
Nodes: 9
Cores per node: 64
CPU Utilized: 00:09:11
CPU Efficiency: 1.10% of 13:55:12 core-walltime
Job Wall-clock time: 00:01:27
Memory Utilized: 9.90 GB (estimated maximum)
Memory Efficiency: 0.51% of 1.91 TB (3.39 GB/core)

 +++++++++++++++++++++++++++++++++++++++++++++++++++++++++++++++++++++++++++
 ++   Memory Efficiency is too small. Please review the requested memory. ++
 ++ It seems that you do not need that much memory so we recommend        ++
 ++ requesting less memory in other similar jobs.                         ++
 +++++++++++++++++++++++++++++++++++++++++++++++++++++++++++++++++++++++++++
 
*****************************************************************************


*****************************************************************************
*                                                                           *
*                    JOB EFFICIENCY REPORT (seff 10935958)                   *
*                                                                           *
*****************************************************************************

Job ID: 10935958
Cluster: finisterrae3
User/Group: curso341/ulc
State: COMPLETED (exit code 0)
Nodes: 9
Cores per node: 64
CPU Utilized: 00:09:32
CPU Efficiency: 1.14% of 13:55:12 core-walltime
Job Wall-clock time: 00:01:27
Memory Utilized: 9.90 GB (estimated maximum)
Memory Efficiency: 0.51% of 1.91 TB (3.39 GB/core)

 +++++++++++++++++++++++++++++++++++++++++++++++++++++++++++++++++++++++++++
 ++   Memory Efficiency is too small. Please review the requested memory. ++
 ++ It seems that you do not need that much memory so we recommend        ++
 ++ requesting less memory in other similar jobs.                         ++
 +++++++++++++++++++++++++++++++++++++++++++++++++++++++++++++++++++++++++++
 
*****************************************************************************


*****************************************************************************
*                                                                           *
*                    JOB EFFICIENCY REPORT (seff 10935958)                   *
*                                                                           *
*****************************************************************************

Job ID: 10935958
Cluster: finisterrae3
User/Group: curso341/ulc
State: COMPLETED (exit code 0)
Nodes: 9
Cores per node: 64
CPU Utilized: 00:15:33
CPU Efficiency: 1.86% of 13:55:12 core-walltime
Job Wall-clock time: 00:01:27
Memory Utilized: 35.75 GB
Memory Efficiency: 1.83% of 1.91 TB

 +++++++++++++++++++++++++++++++++++++++++++++++++++++++++++++++++++++++++++
 ++   Memory Efficiency is too small. Please review the requested memory. ++
 ++ It seems that you do not need that much memory so we recommend        ++
 ++ requesting less memory in other similar jobs.                         ++
 +++++++++++++++++++++++++++++++++++++++++++++++++++++++++++++++++++++++++++
 
*****************************************************************************

