slurmstepd: info: Setting TMPDIR to /scratch/10927327. Previous errors about TMPDIR can be discarded
Slurm job started at 10/03/2025_12:03:39 PM

In transit.
Initing Ray (1 head node + 2 worker nodes + 4 simulation nodes) on nodes: 
	ilk-241 ilk-242 ilk-243 ilk-244 ilk-245 ilk-246 ilk-247
Head node: 172.30.211.14:6379


RAY_DEPLOY_TIME:     23.79701
2025-03-10 12:04:09,682	INFO packaging.py:520 -- Creating a file package for local directory '/mnt/lustre/scratch/nlsas/home/ulc/cursos/curso341/dask_on_reisa_tests/E4/DASK_ON_REISA_ONE_ACTOR/reduction/P128-SN4-LS134-GS17179-I20-AN2-D2025-03-10_08-48-26'.
2025-03-10 12:04:09,709	INFO packaging.py:347 -- Pushing file package 'gcs://_ray_pkg_d6127a548a7350fc.zip' (0.48MiB) to Ray cluster...
2025-03-10 12:04:09,715	INFO packaging.py:360 -- Successfully pushed file package 'gcs://_ray_pkg_d6127a548a7350fc.zip'.
RAY_INIT_TIME:       5.81999
Iter [0]
Iter [2]
Iter [4]
Iter [6]
Iter [8]
Iter [10]
Iter [12]
slurmstepd: error: *** JOB 10927327 ON ilk-241 CANCELLED AT 2025-03-10T12:24:00 DUE TO TIME LIMIT ***
slurmstepd: error: *** STEP 10927327.8 ON ilk-242 CANCELLED AT 2025-03-10T12:24:00 DUE TO TIME LIMIT ***
slurmstepd: error: *** STEP 10927327.9 ON ilk-244 CANCELLED AT 2025-03-10T12:24:00 DUE TO TIME LIMIT ***
srun: Job step aborted: Waiting up to 32 seconds for job step to finish.
srun: Job step aborted: Waiting up to 32 seconds for job step to finish.
*** SIGTERM received at time=1741605840 on cpu 26 ***
*** SIGTERM received at time=1741605840 on cpu 54 ***
*** SIGTERM received at time=1741605840 on cpu 1 ***
*** SIGTERM received at time=1741605840 on cpu 60 ***
*** SIGTERM received at time=1741605840 on cpu 27 ***
*** SIGTERM received at time=1741605840 on cpu 1 ***
*** SIGTERM received at time=1741605840 on cpu 39 ***
*** SIGTERM received at time=1741605840 on cpu 53 ***
*** SIGTERM received at time=1741605840 on cpu 48 ***
*** SIGTERM received at time=1741605840 on cpu 11 ***
*** SIGTERM received at time=1741605840 on cpu 43 ***
*** SIGTERM received at time=1741605840 on cpu 61 ***
*** SIGTERM received at time=1741605840 on cpu 28 ***
*** SIGTERM received at time=1741605840 on cpu 17 ***
*** SIGTERM received at time=1741605840 on cpu 16 ***
*** SIGTERM received at time=1741605840 on cpu 10 ***
*** SIGTERM received at time=1741605840 on cpu 12 ***
*** SIGTERM received at time=1741605840 on cpu 14 ***
*** SIGTERM received at time=1741605840 on cpu 19 ***
*** SIGTERM received at time=1741605840 on cpu 2 ***
*** SIGTERM received at time=1741605840 on cpu 6 ***
*** SIGTERM received at time=1741605840 on cpu 19 ***
*** SIGTERM received at time=1741605840 on cpu 56 ***
*** SIGTERM received at time=1741605840 on cpu 13 ***
*** SIGTERM received at time=1741605840 on cpu 34 ***
*** SIGTERM received at time=1741605840 on cpu 57 ***
*** SIGTERM received at time=1741605840 on cpu 5 ***
*** SIGTERM received at time=1741605840 on cpu 3 ***
*** SIGTERM received at time=1741605840 on cpu 10 ***
*** SIGTERM received at time=1741605840 on cpu 35 ***
*** SIGTERM received at time=1741605840 on cpu 12 ***
*** SIGTERM received at time=1741605840 on cpu 20 ***
*** SIGTERM received at time=1741605840 on cpu 25 ***
*** SIGTERM received at time=1741605840 on cpu 63 ***
*** SIGTERM received at time=1741605840 on cpu 42 ***
*** SIGTERM received at time=1741605840 on cpu 9 ***
*** SIGTERM received at time=1741605840 on cpu 19 ***
*** SIGTERM received at time=1741605840 on cpu 17 ***
*** SIGTERM received at time=1741605840 on cpu 3 ***
*** SIGTERM received at time=1741605840 on cpu 32 ***
*** SIGTERM received at time=1741605840 on cpu 48 ***
*** SIGTERM received at time=1741605840 on cpu 23 ***
*** SIGTERM received at time=1741605840 on cpu 15 ***
*** SIGTERM received at time=1741605840 on cpu 26 ***
*** SIGTERM received at time=1741605840 on cpu 47 ***
*** SIGTERM received at time=1741605840 on cpu 56 ***
*** SIGTERM received at time=1741605840 on cpu 24 ***
*** SIGTERM received at time=1741605840 on cpu 36 ***
*** SIGTERM received at time=1741605840 on cpu 51 ***
*** SIGTERM received at time=1741605840 on cpu 11 ***
*** SIGTERM received at time=1741605840 on cpu 44 ***
*** SIGTERM received at time=1741605840 on cpu 29 ***
*** SIGTERM received at time=1741605840 on cpu 41 ***
*** SIGTERM received at time=1741605840 on cpu 28 ***
*** SIGTERM received at time=1741605840 on cpu 63 ***
*** SIGTERM received at time=1741605840 on cpu 31 ***
*** SIGTERM received at time=1741605840 on cpu 4 ***
*** SIGTERM received at time=1741605840 on cpu 27 ***
*** SIGTERM received at time=1741605840 on cpu 46 ***
*** SIGTERM received at time=1741605840 on cpu 33 ***
*** SIGTERM received at time=1741605840 on cpu 30 ***
*** SIGTERM received at time=1741605840 on cpu 57 ***
*** SIGTERM received at time=1741605840 on cpu 6 ***
*** SIGTERM received at time=1741605840 on cpu 56 ***
*** SIGTERM received at time=1741605840 on cpu 43 ***
*** SIGTERM received at time=1741605840 on cpu 63 ***
*** SIGTERM received at time=1741605840 on cpu 52 ***
*** SIGTERM received at time=1741605840 on cpu 54 ***
*** SIGTERM received at time=1741605840 on cpu 24 ***
*** SIGTERM received at time=1741605840 on cpu 41 ***
*** SIGTERM received at time=1741605840 on cpu 4 ***
*** SIGTERM received at time=1741605840 on cpu 7 ***
*** SIGTERM received at time=1741605840 on cpu 13 ***
*** SIGTERM received at time=1741605840 on cpu 40 ***
*** SIGTERM received at time=1741605840 on cpu 8 ***
*** SIGTERM received at time=1741605840 on cpu 36 ***
*** SIGTERM received at time=1741605840 on cpu 21 ***
*** SIGTERM received at time=1741605840 on cpu 2 ***
*** SIGTERM received at time=1741605840 on cpu 0 ***
*** SIGTERM received at time=1741605840 on cpu 3 ***
*** SIGTERM received at time=1741605840 on cpu 15 ***
*** SIGTERM received at time=1741605840 on cpu 7 ***
*** SIGTERM received at time=1741605840 on cpu 34 ***
*** SIGTERM received at time=1741605840 on cpu 48 ***
*** SIGTERM received at time=1741605840 on cpu 18 ***
*** SIGTERM received at time=1741605840 on cpu 40 ***
*** SIGTERM received at time=1741605840 on cpu 16 ***
*** SIGTERM received at time=1741605840 on cpu 8 ***
*** SIGTERM received at time=1741605840 on cpu 1 ***
*** SIGTERM received at time=1741605840 on cpu 24 ***
*** SIGTERM received at time=1741605840 on cpu 2 ***
*** SIGTERM received at time=1741605840 on cpu 42 ***
*** SIGTERM received at time=1741605840 on cpu 58 ***
*** SIGTERM received at time=1741605840 on cpu 10 ***
*** SIGTERM received at time=1741605840 on cpu 11 ***
*** SIGTERM received at time=1741605840 on cpu 12 ***
*** SIGTERM received at time=1741605840 on cpu 36 ***
*** SIGTERM received at time=1741605840 on cpu 51 ***
*** SIGTERM received at time=1741605840 on cpu 22 ***
*** SIGTERM received at time=1741605840 on cpu 3 ***
*** SIGTERM received at time=1741605840 on cpu 31 ***
*** SIGTERM received at time=1741605840 on cpu 13 ***
*** SIGTERM received at time=1741605840 on cpu 20 ***
*** SIGTERM received at time=1741605840 on cpu 14 ***
*** SIGTERM received at time=1741605840 on cpu 17 ***
