slurmstepd: info: Setting TMPDIR to /scratch/10899131. Previous errors about TMPDIR can be discarded
Slurm job started at 07/03/2025_12:49:26 PM

In transit.
Initing Ray (1 head node + 2 worker nodes + 2 simulation nodes) on nodes: 
	ilk-19 ilk-22 ilk-30 ilk-35 ilk-48
Head node: 172.30.201.19:6379


RAY_DEPLOY_TIME:     23.84778
2025-03-07 12:49:54,710	INFO packaging.py:520 -- Creating a file package for local directory '/mnt/lustre/scratch/nlsas/home/ulc/cursos/curso341/dask_on_reisa_tests/E1/DASK_ON_REISA/reduction/P4-SN2-LS268-GS1073-I20-AN2-D2025-03-07_09-35-30'.
2025-03-07 12:49:54,740	INFO packaging.py:347 -- Pushing file package 'gcs://_ray_pkg_4db388f983eec7fa.zip' (0.48MiB) to Ray cluster...
2025-03-07 12:49:54,747	INFO packaging.py:360 -- Successfully pushed file package 'gcs://_ray_pkg_4db388f983eec7fa.zip'.
RAY_INIT_TIME:       3.93625
Iter [0]
Iter [2]
[2m[36m(iter_task pid=2538796, ip=10.120.201.22)[0m /home/ulc/cursos/curso341/.local/lib/python3.9/site-packages/dask/config.py:693: UserWarning: Configuration key "shuffle" has been deprecated. Please use "dataframe.shuffle.algorithm" instead
[2m[36m(iter_task pid=2538796, ip=10.120.201.22)[0m   warnings.warn(
[2m[36m(iter_task pid=2538798, ip=10.120.201.22)[0m /home/ulc/cursos/curso341/.local/lib/python3.9/site-packages/dask/config.py:693: UserWarning: Configuration key "shuffle" has been deprecated. Please use "dataframe.shuffle.algorithm" instead
[2m[36m(iter_task pid=2538798, ip=10.120.201.22)[0m   warnings.warn(
[2m[36m(iter_task pid=2538795, ip=10.120.201.22)[0m /home/ulc/cursos/curso341/.local/lib/python3.9/site-packages/dask/config.py:693: UserWarning: Configuration key "shuffle" has been deprecated. Please use "dataframe.shuffle.algorithm" instead
[2m[36m(iter_task pid=2538795, ip=10.120.201.22)[0m   warnings.warn(
[2m[36m(iter_task pid=2538803, ip=10.120.201.22)[0m /home/ulc/cursos/curso341/.local/lib/python3.9/site-packages/dask/config.py:693: UserWarning: Configuration key "shuffle" has been deprecated. Please use "dataframe.shuffle.algorithm" instead
[2m[36m(iter_task pid=2538803, ip=10.120.201.22)[0m   warnings.warn(
[2m[36m(iter_task pid=2538802, ip=10.120.201.22)[0m /home/ulc/cursos/curso341/.local/lib/python3.9/site-packages/dask/config.py:693: UserWarning: Configuration key "shuffle" has been deprecated. Please use "dataframe.shuffle.algorithm" instead
[2m[36m(iter_task pid=2538802, ip=10.120.201.22)[0m   warnings.warn(
[2m[36m(iter_task pid=2538799, ip=10.120.201.22)[0m /home/ulc/cursos/curso341/.local/lib/python3.9/site-packages/dask/config.py:693: UserWarning: Configuration key "shuffle" has been deprecated. Please use "dataframe.shuffle.algorithm" instead
[2m[36m(iter_task pid=2538799, ip=10.120.201.22)[0m   warnings.warn(
[2m[36m(iter_task pid=2538800, ip=10.120.201.22)[0m /home/ulc/cursos/curso341/.local/lib/python3.9/site-packages/dask/config.py:693: UserWarning: Configuration key "shuffle" has been deprecated. Please use "dataframe.shuffle.algorithm" instead
[2m[36m(iter_task pid=2538800, ip=10.120.201.22)[0m   warnings.warn(
[2m[36m(iter_task pid=2538797, ip=10.120.201.22)[0m /home/ulc/cursos/curso341/.local/lib/python3.9/site-packages/dask/config.py:693: UserWarning: Configuration key "shuffle" has been deprecated. Please use "dataframe.shuffle.algorithm" instead
[2m[36m(iter_task pid=2538797, ip=10.120.201.22)[0m   warnings.warn(
[2m[36m(iter_task pid=2538804, ip=10.120.201.22)[0m /home/ulc/cursos/curso341/.local/lib/python3.9/site-packages/dask/config.py:693: UserWarning: Configuration key "shuffle" has been deprecated. Please use "dataframe.shuffle.algorithm" instead
[2m[36m(iter_task pid=2538804, ip=10.120.201.22)[0m   warnings.warn(
[2m[36m(iter_task pid=2538801, ip=10.120.201.22)[0m /home/ulc/cursos/curso341/.local/lib/python3.9/site-packages/dask/config.py:693: UserWarning: Configuration key "shuffle" has been deprecated. Please use "dataframe.shuffle.algorithm" instead
[2m[36m(iter_task pid=2538801, ip=10.120.201.22)[0m   warnings.warn(
[2m[36m(iter_task pid=2539115, ip=10.120.201.22)[0m /home/ulc/cursos/curso341/.local/lib/python3.9/site-packages/dask/config.py:693: UserWarning: Configuration key "shuffle" has been deprecated. Please use "dataframe.shuffle.algorithm" instead
[2m[36m(iter_task pid=2539115, ip=10.120.201.22)[0m   warnings.warn(
[2m[36m(iter_task pid=2538958, ip=10.120.201.22)[0m /home/ulc/cursos/curso341/.local/lib/python3.9/site-packages/dask/config.py:693: UserWarning: Configuration key "shuffle" has been deprecated. Please use "dataframe.shuffle.algorithm" instead
[2m[36m(iter_task pid=2538958, ip=10.120.201.22)[0m   warnings.warn(
[2m[36m(iter_task pid=2539361, ip=10.120.201.22)[0m /home/ulc/cursos/curso341/.local/lib/python3.9/site-packages/dask/config.py:693: UserWarning: Configuration key "shuffle" has been deprecated. Please use "dataframe.shuffle.algorithm" instead
[2m[36m(iter_task pid=2539361, ip=10.120.201.22)[0m   warnings.warn(
[2m[36m(iter_task pid=2539217, ip=10.120.201.22)[0m /home/ulc/cursos/curso341/.local/lib/python3.9/site-packages/dask/config.py:693: UserWarning: Configuration key "shuffle" has been deprecated. Please use "dataframe.shuffle.algorithm" instead
[2m[36m(iter_task pid=2539217, ip=10.120.201.22)[0m   warnings.warn(
[2m[36m(iter_task pid=2539342, ip=10.120.201.22)[0m /home/ulc/cursos/curso341/.local/lib/python3.9/site-packages/dask/config.py:693: UserWarning: Configuration key "shuffle" has been deprecated. Please use "dataframe.shuffle.algorithm" instead
[2m[36m(iter_task pid=2539342, ip=10.120.201.22)[0m   warnings.warn(
[2m[36m(iter_task pid=2539350, ip=10.120.201.22)[0m /home/ulc/cursos/curso341/.local/lib/python3.9/site-packages/dask/config.py:693: UserWarning: Configuration key "shuffle" has been deprecated. Please use "dataframe.shuffle.algorithm" instead
[2m[36m(iter_task pid=2539350, ip=10.120.201.22)[0m   warnings.warn(
[2m[36m(iter_task pid=2539410, ip=10.120.201.22)[0m /home/ulc/cursos/curso341/.local/lib/python3.9/site-packages/dask/config.py:693: UserWarning: Configuration key "shuffle" has been deprecated. Please use "dataframe.shuffle.algorithm" instead
[2m[36m(iter_task pid=2539410, ip=10.120.201.22)[0m   warnings.warn(
[2m[36m(iter_task pid=2539503, ip=10.120.201.22)[0m /home/ulc/cursos/curso341/.local/lib/python3.9/site-packages/dask/config.py:693: UserWarning: Configuration key "shuffle" has been deprecated. Please use "dataframe.shuffle.algorithm" instead
[2m[36m(iter_task pid=2539503, ip=10.120.201.22)[0m   warnings.warn(
[2m[36m(iter_task pid=2539665, ip=10.120.201.22)[0m /home/ulc/cursos/curso341/.local/lib/python3.9/site-packages/dask/config.py:693: UserWarning: Configuration key "shuffle" has been deprecated. Please use "dataframe.shuffle.algorithm" instead
[2m[36m(iter_task pid=2539665, ip=10.120.201.22)[0m   warnings.warn(
[2m[36m(iter_task pid=2538899, ip=10.120.201.22)[0m /home/ulc/cursos/curso341/.local/lib/python3.9/site-packages/dask/config.py:693: UserWarning: Configuration key "shuffle" has been deprecated. Please use "dataframe.shuffle.algorithm" instead
[2m[36m(iter_task pid=2538899, ip=10.120.201.22)[0m   warnings.warn(
Iter [4]
Iter [6]
Iter [8]
Iter [10]
Iter [12]
Iter [14]
Iter [16]
Iter [18]
GLOBAL_PUT_TIME:     6.658379077911377 (avg:0.33292)
ACTOR_CONCURRENCY:   8
SIMULATION_TIME:     103.910669722999998 (avg: 5.195533486150000)
SIM_WTHOUT_PDI:      69.009388431000019 (avg: 3.450469421550001)
PDI_DELAY:           34.901281291999979 (avg: 1.745064064599999)

GLOBAL_SIZE_(GiB):   1048576
LOCAL_SIZE_(MiB):    256
ITERATIONS:          20

MPI_PER_NODE:        2
MPI_PARALLELISM:     4

WORKER_NODES:        2
CPUS_PER_WORKER:     64
WORKER_PARALLELISM:  128


SLURM_JOB_ID:        10899131
EST_ANALYTICS_TIME:  204.37588 (avg:10.21879)

Slurm job finished at 07/03/2025_12:53:23 PM

*****************************************************************************
*                                                                           *
*                    JOB EFFICIENCY REPORT (seff 10899131)                   *
*                                                                           *
*****************************************************************************

Job ID: 10899131
Cluster: finisterrae3
User/Group: curso341/ulc
State: COMPLETED (exit code 0)
Nodes: 5
Cores per node: 64
CPU Utilized: 00:07:14
CPU Efficiency: 0.57% of 21:09:20 core-walltime
Job Wall-clock time: 00:03:58
Memory Utilized: 3.15 GB
Memory Efficiency: 0.29% of 1.06 TB

 +++++++++++++++++++++++++++++++++++++++++++++++++++++++++++++++++++++++++++
 ++   Memory Efficiency is too small. Please review the requested memory. ++
 ++ It seems that you do not need that much memory so we recommend        ++
 ++ requesting less memory in other similar jobs.                         ++
 +++++++++++++++++++++++++++++++++++++++++++++++++++++++++++++++++++++++++++
 
*****************************************************************************


*****************************************************************************
*                                                                           *
*                    JOB EFFICIENCY REPORT (seff 10899131)                   *
*                                                                           *
*****************************************************************************

Job ID: 10899131
Cluster: finisterrae3
User/Group: curso341/ulc
State: COMPLETED (exit code 0)
Nodes: 5
Cores per node: 64
CPU Utilized: 00:53:27
CPU Efficiency: 4.21% of 21:09:20 core-walltime
Job Wall-clock time: 00:03:58
Memory Utilized: 38.96 GB
Memory Efficiency: 3.59% of 1.06 TB

 +++++++++++++++++++++++++++++++++++++++++++++++++++++++++++++++++++++++++++
 ++   Memory Efficiency is too small. Please review the requested memory. ++
 ++ It seems that you do not need that much memory so we recommend        ++
 ++ requesting less memory in other similar jobs.                         ++
 +++++++++++++++++++++++++++++++++++++++++++++++++++++++++++++++++++++++++++
 
*****************************************************************************


*****************************************************************************
*                                                                           *
*                    JOB EFFICIENCY REPORT (seff 10899131)                   *
*                                                                           *
*****************************************************************************

Job ID: 10899131
Cluster: finisterrae3
User/Group: curso341/ulc
State: COMPLETED (exit code 0)
Nodes: 5
Cores per node: 64
CPU Utilized: 00:53:27
CPU Efficiency: 4.21% of 21:09:20 core-walltime
Job Wall-clock time: 00:03:58
Memory Utilized: 38.96 GB
Memory Efficiency: 3.59% of 1.06 TB

 +++++++++++++++++++++++++++++++++++++++++++++++++++++++++++++++++++++++++++
 ++   Memory Efficiency is too small. Please review the requested memory. ++
 ++ It seems that you do not need that much memory so we recommend        ++
 ++ requesting less memory in other similar jobs.                         ++
 +++++++++++++++++++++++++++++++++++++++++++++++++++++++++++++++++++++++++++
 
*****************************************************************************


*****************************************************************************
*                                                                           *
*                    JOB EFFICIENCY REPORT (seff 10899131)                   *
*                                                                           *
*****************************************************************************

Job ID: 10899131
Cluster: finisterrae3
User/Group: curso341/ulc
State: COMPLETED (exit code 0)
Nodes: 5
Cores per node: 64
CPU Utilized: 00:53:27
CPU Efficiency: 4.21% of 21:09:20 core-walltime
Job Wall-clock time: 00:03:58
Memory Utilized: 38.96 GB
Memory Efficiency: 3.59% of 1.06 TB

 +++++++++++++++++++++++++++++++++++++++++++++++++++++++++++++++++++++++++++
 ++   Memory Efficiency is too small. Please review the requested memory. ++
 ++ It seems that you do not need that much memory so we recommend        ++
 ++ requesting less memory in other similar jobs.                         ++
 +++++++++++++++++++++++++++++++++++++++++++++++++++++++++++++++++++++++++++
 
*****************************************************************************


*****************************************************************************
*                                                                           *
*                    JOB EFFICIENCY REPORT (seff 10899131)                   *
*                                                                           *
*****************************************************************************

Job ID: 10899131
Cluster: finisterrae3
User/Group: curso341/ulc
State: COMPLETED (exit code 0)
Nodes: 5
Cores per node: 64
CPU Utilized: 00:53:27
CPU Efficiency: 4.21% of 21:09:20 core-walltime
Job Wall-clock time: 00:03:58
Memory Utilized: 38.96 GB
Memory Efficiency: 3.59% of 1.06 TB

 +++++++++++++++++++++++++++++++++++++++++++++++++++++++++++++++++++++++++++
 ++   Memory Efficiency is too small. Please review the requested memory. ++
 ++ It seems that you do not need that much memory so we recommend        ++
 ++ requesting less memory in other similar jobs.                         ++
 +++++++++++++++++++++++++++++++++++++++++++++++++++++++++++++++++++++++++++
 
*****************************************************************************

