slurmstepd: info: Setting TMPDIR to /scratch/10772529. Previous errors about TMPDIR can be discarded
Slurm job started at 25/02/2025_11:52:34 PM

In transit.
Initing Ray (1 head node + 4 worker nodes + 4 simulation nodes) on nodes: 
	ilk-65 ilk-67 ilk-68 ilk-69 ilk-82 ilk-88 ilk-94 ilk-215 ilk-216
Head node: 172.30.202.17:6379


RAY_DEPLOY_TIME:     22.50648
2025-02-25 23:53:01,299	INFO packaging.py:520 -- Creating a file package for local directory '/mnt/lustre/scratch/nlsas/home/ulc/cursos/curso341/dask_on_reisa_tests/E1/DASK_ON_REISA_ONE_ACTOR/derivative/P8-SN4-LS268-GS2147-I12-AN4-D2025-02-25_20-32-07'.
2025-02-25 23:53:01,328	INFO packaging.py:347 -- Pushing file package 'gcs://_ray_pkg_b089ad7aaa2ef3d3.zip' (0.48MiB) to Ray cluster...
2025-02-25 23:53:01,336	INFO packaging.py:360 -- Successfully pushed file package 'gcs://_ray_pkg_b089ad7aaa2ef3d3.zip'.
RAY_INIT_TIME:       4.15466
Iter [0]
Iter [1]
Iter [2]
Iter [3]
Iter [4]
Iter [5]
Iter [6]
Iter [7]
Iter [8]
Iter [9]
Iter [10]
Iter [11]
GLOBAL_PUT_TIME:     5.234237909317017 (avg:0.43619)
ACTOR_CONCURRENCY:   8
SIMULATION_TIME:     46.260042513000002 (avg: 3.855003542750000)
SIM_WTHOUT_PDI:      30.481352833000013 (avg: 2.540112736083334)
PDI_DELAY:           15.778689679999989 (avg: 1.314890806666666)

GLOBAL_SIZE_(GiB):   2097152
LOCAL_SIZE_(MiB):    256
ITERATIONS:          12

MPI_PER_NODE:        2
MPI_PARALLELISM:     8

WORKER_NODES:        4
CPUS_PER_WORKER:     30
WORKER_PARALLELISM:  120


SLURM_JOB_ID:        10772529
EST_ANALYTICS_TIME:  284.64853 (avg:23.72071)

Slurm job finished at 25/02/2025_11:57:50 PM
