slurmstepd: info: Setting TMPDIR to /scratch/10935946. Previous errors about TMPDIR can be discarded
Slurm job started at 11/03/2025_11:23:06 AM

In transit.
Initing Ray (1 head node + 8 worker nodes + 8 simulation nodes) on nodes: 
	ilk-158 ilk-160 ilk-161 ilk-162 ilk-163 ilk-166 ilk-167 ilk-170 ilk-177 ilk-180 ilk-221 ilk-222 ilk-223 ilk-225 ilk-235 ilk-236 ilk-237
Head node: 172.30.204.14:6379


RAY_DEPLOY_TIME:     23.21644
2025-03-11 11:23:32,956	INFO packaging.py:520 -- Creating a file package for local directory '/mnt/lustre/scratch/nlsas/home/ulc/cursos/curso341/dask_on_reisa_tests/E6/REISA/reduction/P16-SN8-LS536-GS8589-I20-AN8-D2025-03-11_08-51-41'.
2025-03-11 11:23:32,985	INFO packaging.py:347 -- Pushing file package 'gcs://_ray_pkg_c4f4439fc0192134.zip' (0.48MiB) to Ray cluster...
2025-03-11 11:23:32,992	INFO packaging.py:360 -- Successfully pushed file package 'gcs://_ray_pkg_c4f4439fc0192134.zip'.
RAY_INIT_TIME:       3.24397
Iter [0]
Iter [2]
Iter [4]
Iter [6]
Iter [8]
Iter [10]
Iter [12]
Iter [14]
Iter [16]
Iter [18]
EST_ANALYTICS_TIME:  110.90061 (avg:5.54503)
GLOBAL_PUT_TIME:     16.936038494110107 (avg:0.84680)
ACTOR_CONCURRENCY:   8
SIMULATION_TIME:     113.996146529000001 (avg: 5.699807326450000)
SIM_WTHOUT_PDI:      93.543528426999998 (avg: 4.677176421350000)
PDI_DELAY:           20.452618102000002 (avg: 1.022630905100000)

GLOBAL_SIZE_(GiB):   8388608
LOCAL_SIZE_(MiB):    512
ITERATIONS:          20

MPI_PER_NODE:        2
MPI_PARALLELISM:     16

WORKER_NODES:        8
CPUS_PER_WORKER:     64
WORKER_PARALLELISM:  512


SLURM_JOB_ID:        10935946

Slurm job finished at 11/03/2025_11:25:29 AM

*****************************************************************************
*                                                                           *
*                    JOB EFFICIENCY REPORT (seff 10935946)                   *
*                                                                           *
*****************************************************************************

Job ID: 10935946
Cluster: finisterrae3
User/Group: curso341/ulc
State: COMPLETED (exit code 0)
Nodes: 17
Cores per node: 64
CPU Utilized: 00:30:41
CPU Efficiency: 1.18% of 1-19:31:12 core-walltime
Job Wall-clock time: 00:02:24
Memory Utilized: 20.65 GB (estimated maximum)
Memory Efficiency: 0.56% of 3.60 TB (3.39 GB/core)

 +++++++++++++++++++++++++++++++++++++++++++++++++++++++++++++++++++++++++++
 ++   Memory Efficiency is too small. Please review the requested memory. ++
 ++ It seems that you do not need that much memory so we recommend        ++
 ++ requesting less memory in other similar jobs.                         ++
 +++++++++++++++++++++++++++++++++++++++++++++++++++++++++++++++++++++++++++
 
*****************************************************************************


*****************************************************************************
*                                                                           *
*                    JOB EFFICIENCY REPORT (seff 10935946)                   *
*                                                                           *
*****************************************************************************

Job ID: 10935946
Cluster: finisterrae3
User/Group: curso341/ulc
State: COMPLETED (exit code 0)
Nodes: 17
Cores per node: 64
CPU Utilized: 00:30:41
CPU Efficiency: 1.18% of 1-19:31:12 core-walltime
Job Wall-clock time: 00:02:24
Memory Utilized: 20.65 GB (estimated maximum)
Memory Efficiency: 0.56% of 3.60 TB (3.39 GB/core)

 +++++++++++++++++++++++++++++++++++++++++++++++++++++++++++++++++++++++++++
 ++   Memory Efficiency is too small. Please review the requested memory. ++
 ++ It seems that you do not need that much memory so we recommend        ++
 ++ requesting less memory in other similar jobs.                         ++
 +++++++++++++++++++++++++++++++++++++++++++++++++++++++++++++++++++++++++++
 
*****************************************************************************


*****************************************************************************
*                                                                           *
*                    JOB EFFICIENCY REPORT (seff 10935946)                   *
*                                                                           *
*****************************************************************************

Job ID: 10935946
Cluster: finisterrae3
User/Group: curso341/ulc
State: COMPLETED (exit code 0)
Nodes: 17
Cores per node: 64
CPU Utilized: 00:30:41
CPU Efficiency: 1.18% of 1-19:31:12 core-walltime
Job Wall-clock time: 00:02:24
Memory Utilized: 20.65 GB (estimated maximum)
Memory Efficiency: 0.56% of 3.60 TB (3.39 GB/core)

 +++++++++++++++++++++++++++++++++++++++++++++++++++++++++++++++++++++++++++
 ++   Memory Efficiency is too small. Please review the requested memory. ++
 ++ It seems that you do not need that much memory so we recommend        ++
 ++ requesting less memory in other similar jobs.                         ++
 +++++++++++++++++++++++++++++++++++++++++++++++++++++++++++++++++++++++++++
 
*****************************************************************************


*****************************************************************************
*                                                                           *
*                    JOB EFFICIENCY REPORT (seff 10935946)                   *
*                                                                           *
*****************************************************************************

Job ID: 10935946
Cluster: finisterrae3
User/Group: curso341/ulc
State: COMPLETED (exit code 0)
Nodes: 17
Cores per node: 64
CPU Utilized: 00:30:41
CPU Efficiency: 1.18% of 1-19:31:12 core-walltime
Job Wall-clock time: 00:02:24
Memory Utilized: 20.65 GB (estimated maximum)
Memory Efficiency: 0.56% of 3.60 TB (3.39 GB/core)

 +++++++++++++++++++++++++++++++++++++++++++++++++++++++++++++++++++++++++++
 ++   Memory Efficiency is too small. Please review the requested memory. ++
 ++ It seems that you do not need that much memory so we recommend        ++
 ++ requesting less memory in other similar jobs.                         ++
 +++++++++++++++++++++++++++++++++++++++++++++++++++++++++++++++++++++++++++
 
*****************************************************************************


*****************************************************************************
*                                                                           *
*                    JOB EFFICIENCY REPORT (seff 10935946)                   *
*                                                                           *
*****************************************************************************

Job ID: 10935946
Cluster: finisterrae3
User/Group: curso341/ulc
State: COMPLETED (exit code 0)
Nodes: 17
Cores per node: 64
CPU Utilized: 00:30:41
CPU Efficiency: 1.18% of 1-19:31:12 core-walltime
Job Wall-clock time: 00:02:24
Memory Utilized: 20.65 GB (estimated maximum)
Memory Efficiency: 0.56% of 3.60 TB (3.39 GB/core)

 +++++++++++++++++++++++++++++++++++++++++++++++++++++++++++++++++++++++++++
 ++   Memory Efficiency is too small. Please review the requested memory. ++
 ++ It seems that you do not need that much memory so we recommend        ++
 ++ requesting less memory in other similar jobs.                         ++
 +++++++++++++++++++++++++++++++++++++++++++++++++++++++++++++++++++++++++++
 
*****************************************************************************


*****************************************************************************
*                                                                           *
*                    JOB EFFICIENCY REPORT (seff 10935946)                   *
*                                                                           *
*****************************************************************************

Job ID: 10935946
Cluster: finisterrae3
User/Group: curso341/ulc
State: COMPLETED (exit code 0)
Nodes: 17
Cores per node: 64
CPU Utilized: 00:31:06
CPU Efficiency: 1.19% of 1-19:31:12 core-walltime
Job Wall-clock time: 00:02:24
Memory Utilized: 20.65 GB (estimated maximum)
Memory Efficiency: 0.56% of 3.60 TB (3.39 GB/core)

 +++++++++++++++++++++++++++++++++++++++++++++++++++++++++++++++++++++++++++
 ++   Memory Efficiency is too small. Please review the requested memory. ++
 ++ It seems that you do not need that much memory so we recommend        ++
 ++ requesting less memory in other similar jobs.                         ++
 +++++++++++++++++++++++++++++++++++++++++++++++++++++++++++++++++++++++++++
 
*****************************************************************************







*****************************************************************************
*****************************************************************************
*****************************************************************************
*****************************************************************************
*****************************************************************************
*****************************************************************************
*                                                                           *
*                                                                           *
*                                                                           *
*                                                                           *
*                                                                           *
*                                                                           *
*                    JOB EFFICIENCY REPORT (seff 10935946)                   *
*                    JOB EFFICIENCY REPORT (seff 10935946)                   *
*                    JOB EFFICIENCY REPORT (seff 10935946)                   *
*                    JOB EFFICIENCY REPORT (seff 10935946)                   *
*                    JOB EFFICIENCY REPORT (seff 10935946)                   *
*                    JOB EFFICIENCY REPORT (seff 10935946)                   *
*                                                                           *
*                                                                           *
*                                                                           *
*                                                                           *
*                                                                           *
*                                                                           *
*****************************************************************************
*****************************************************************************
*****************************************************************************
*****************************************************************************
*****************************************************************************
*****************************************************************************






Job ID: 10935946
Job ID: 10935946
Job ID: 10935946
Job ID: 10935946
Job ID: 10935946
Job ID: 10935946
Cluster: finisterrae3
Cluster: finisterrae3
Cluster: finisterrae3
Cluster: finisterrae3
Cluster: finisterrae3
Cluster: finisterrae3
User/Group: curso341/ulc
User/Group: curso341/ulc
User/Group: curso341/ulc
User/Group: curso341/ulc
User/Group: curso341/ulc
User/Group: curso341/ulc
State: COMPLETED (exit code 0)
State: COMPLETED (exit code 0)
State: COMPLETED (exit code 0)
State: COMPLETED (exit code 0)
State: COMPLETED (exit code 0)
State: COMPLETED (exit code 0)
Nodes: 17
Nodes: 17
Nodes: 17
Nodes: 17
Nodes: 17
Nodes: 17
Cores per node: 64
Cores per node: 64
Cores per node: 64
Cores per node: 64
Cores per node: 64
Cores per node: 64
CPU Utilized: 00:47:37
CPU Utilized: 00:47:37
CPU Utilized: 00:47:37
CPU Utilized: 00:47:37
CPU Utilized: 00:47:37
CPU Utilized: 00:47:37
CPU Efficiency: 1.82% of 1-19:31:12 core-walltime
CPU Efficiency: 1.82% of 1-19:31:12 core-walltime
CPU Efficiency: 1.82% of 1-19:31:12 core-walltime
CPU Efficiency: 1.82% of 1-19:31:12 core-walltime
CPU Efficiency: 1.82% of 1-19:31:12 core-walltime
CPU Efficiency: 1.82% of 1-19:31:12 core-walltime
Job Wall-clock time: 00:02:24
Job Wall-clock time: 00:02:24
Job Wall-clock time: 00:02:24
Job Wall-clock time: 00:02:24
Job Wall-clock time: 00:02:24
Job Wall-clock time: 00:02:24
Memory Utilized: 20.65 GB (estimated maximum)
Memory Utilized: 20.65 GB (estimated maximum)
Memory Utilized: 20.65 GB (estimated maximum)
Memory Utilized: 20.65 GB (estimated maximum)
Memory Utilized: 20.65 GB (estimated maximum)
Memory Utilized: 20.65 GB (estimated maximum)
Memory Efficiency: 0.56% of 3.60 TB (3.39 GB/core)
Memory Efficiency: 0.56% of 3.60 TB (3.39 GB/core)
Memory Efficiency: 0.56% of 3.60 TB (3.39 GB/core)
Memory Efficiency: 0.56% of 3.60 TB (3.39 GB/core)
Memory Efficiency: 0.56% of 3.60 TB (3.39 GB/core)
Memory Efficiency: 0.56% of 3.60 TB (3.39 GB/core)






 +++++++++++++++++++++++++++++++++++++++++++++++++++++++++++++++++++++++++++
 +++++++++++++++++++++++++++++++++++++++++++++++++++++++++++++++++++++++++++
 +++++++++++++++++++++++++++++++++++++++++++++++++++++++++++++++++++++++++++
 +++++++++++++++++++++++++++++++++++++++++++++++++++++++++++++++++++++++++++
 +++++++++++++++++++++++++++++++++++++++++++++++++++++++++++++++++++++++++++
 +++++++++++++++++++++++++++++++++++++++++++++++++++++++++++++++++++++++++++
 ++   Memory Efficiency is too small. Please review the requested memory. ++
 ++   Memory Efficiency is too small. Please review the requested memory. ++
 ++   Memory Efficiency is too small. Please review the requested memory. ++
 ++   Memory Efficiency is too small. Please review the requested memory. ++
 ++   Memory Efficiency is too small. Please review the requested memory. ++
 ++   Memory Efficiency is too small. Please review the requested memory. ++
 ++ It seems that you do not need that much memory so we recommend        ++
 ++ It seems that you do not need that much memory so we recommend        ++
 ++ It seems that you do not need that much memory so we recommend        ++
 ++ It seems that you do not need that much memory so we recommend        ++
 ++ It seems that you do not need that much memory so we recommend        ++
 ++ It seems that you do not need that much memory so we recommend        ++
 ++ requesting less memory in other similar jobs.                         ++
 ++ requesting less memory in other similar jobs.                         ++
 ++ requesting less memory in other similar jobs.                         ++
 ++ requesting less memory in other similar jobs.                         ++
 ++ requesting less memory in other similar jobs.                         ++
 ++ requesting less memory in other similar jobs.                         ++
 +++++++++++++++++++++++++++++++++++++++++++++++++++++++++++++++++++++++++++
 +++++++++++++++++++++++++++++++++++++++++++++++++++++++++++++++++++++++++++
 +++++++++++++++++++++++++++++++++++++++++++++++++++++++++++++++++++++++++++
 +++++++++++++++++++++++++++++++++++++++++++++++++++++++++++++++++++++++++++
 +++++++++++++++++++++++++++++++++++++++++++++++++++++++++++++++++++++++++++
 +++++++++++++++++++++++++++++++++++++++++++++++++++++++++++++++++++++++++++
 
 
 
 
 
 
*****************************************************************************
*****************************************************************************
*****************************************************************************
*****************************************************************************
*****************************************************************************
*****************************************************************************







*****************************************************************************
*                                                                           *
*                    JOB EFFICIENCY REPORT (seff 10935946)                   *
*                                                                           *
*****************************************************************************

Job ID: 10935946
Cluster: finisterrae3
User/Group: curso341/ulc
State: COMPLETED (exit code 0)
Nodes: 17
Cores per node: 64
CPU Utilized: 00:47:37
CPU Efficiency: 1.82% of 1-19:31:12 core-walltime
Job Wall-clock time: 00:02:24
Memory Utilized: 20.65 GB (estimated maximum)
Memory Efficiency: 0.56% of 3.60 TB (3.39 GB/core)

 +++++++++++++++++++++++++++++++++++++++++++++++++++++++++++++++++++++++++++
 ++   Memory Efficiency is too small. Please review the requested memory. ++
 ++ It seems that you do not need that much memory so we recommend        ++
 ++ requesting less memory in other similar jobs.                         ++
 +++++++++++++++++++++++++++++++++++++++++++++++++++++++++++++++++++++++++++
 
*****************************************************************************


*****************************************************************************
*                                                                           *
*                    JOB EFFICIENCY REPORT (seff 10935946)                   *
*                                                                           *
*****************************************************************************

Job ID: 10935946
Cluster: finisterrae3
User/Group: curso341/ulc
State: COMPLETED (exit code 0)
Nodes: 17
Cores per node: 64
CPU Utilized: 00:47:37
CPU Efficiency: 1.82% of 1-19:31:12 core-walltime
Job Wall-clock time: 00:02:24
Memory Utilized: 20.65 GB (estimated maximum)
Memory Efficiency: 0.56% of 3.60 TB (3.39 GB/core)

 +++++++++++++++++++++++++++++++++++++++++++++++++++++++++++++++++++++++++++
 ++   Memory Efficiency is too small. Please review the requested memory. ++
 ++ It seems that you do not need that much memory so we recommend        ++
 ++ requesting less memory in other similar jobs.                         ++
 +++++++++++++++++++++++++++++++++++++++++++++++++++++++++++++++++++++++++++
 
*****************************************************************************


*****************************************************************************
*                                                                           *
*                    JOB EFFICIENCY REPORT (seff 10935946)                   *
*                                                                           *
*****************************************************************************

Job ID: 10935946
Cluster: finisterrae3
User/Group: curso341/ulc
State: COMPLETED (exit code 0)
Nodes: 17
Cores per node: 64
CPU Utilized: 00:59:14
CPU Efficiency: 2.27% of 1-19:31:12 core-walltime
Job Wall-clock time: 00:02:24
Memory Utilized: 5.91 GB
Memory Efficiency: 0.16% of 3.60 TB

 +++++++++++++++++++++++++++++++++++++++++++++++++++++++++++++++++++++++++++
 ++   Memory Efficiency is too small. Please review the requested memory. ++
 ++ It seems that you do not need that much memory so we recommend        ++
 ++ requesting less memory in other similar jobs.                         ++
 +++++++++++++++++++++++++++++++++++++++++++++++++++++++++++++++++++++++++++
 
*****************************************************************************


*****************************************************************************
*                                                                           *
*                    JOB EFFICIENCY REPORT (seff 10935946)                   *
*                                                                           *
*****************************************************************************

Job ID: 10935946
Cluster: finisterrae3
User/Group: curso341/ulc
State: COMPLETED (exit code 0)
Nodes: 17
Cores per node: 64
CPU Utilized: 00:59:14
CPU Efficiency: 2.27% of 1-19:31:12 core-walltime
Job Wall-clock time: 00:02:24
Memory Utilized: 5.91 GB
Memory Efficiency: 0.16% of 3.60 TB

 +++++++++++++++++++++++++++++++++++++++++++++++++++++++++++++++++++++++++++
 ++   Memory Efficiency is too small. Please review the requested memory. ++
 ++ It seems that you do not need that much memory so we recommend        ++
 ++ requesting less memory in other similar jobs.                         ++
 +++++++++++++++++++++++++++++++++++++++++++++++++++++++++++++++++++++++++++
 
*****************************************************************************


*****************************************************************************
*                                                                           *
*                    JOB EFFICIENCY REPORT (seff 10935946)                   *
*                                                                           *
*****************************************************************************

Job ID: 10935946
Cluster: finisterrae3
User/Group: curso341/ulc
State: COMPLETED (exit code 0)
Nodes: 17
Cores per node: 64
CPU Utilized: 00:59:14
CPU Efficiency: 2.27% of 1-19:31:12 core-walltime
Job Wall-clock time: 00:02:24
Memory Utilized: 5.91 GB
Memory Efficiency: 0.16% of 3.60 TB

 +++++++++++++++++++++++++++++++++++++++++++++++++++++++++++++++++++++++++++
 ++   Memory Efficiency is too small. Please review the requested memory. ++
 ++ It seems that you do not need that much memory so we recommend        ++
 ++ requesting less memory in other similar jobs.                         ++
 +++++++++++++++++++++++++++++++++++++++++++++++++++++++++++++++++++++++++++
 
*****************************************************************************

