slurmstepd: info: Setting TMPDIR to /scratch/10942666. Previous errors about TMPDIR can be discarded
Slurm job started at 12/03/2025_05:55:25 PM

In transit.
Initing Ray (1 head node + 2 worker nodes + 4 simulation nodes) on nodes: 
	ilk-146 ilk-147 ilk-148 ilk-149 ilk-151 ilk-153 ilk-154
Head node: 172.30.204.2:6379


RAY_DEPLOY_TIME:     24.20853
2025-03-12 17:55:53,228	INFO packaging.py:520 -- Creating a file package for local directory '/mnt/lustre/scratch/nlsas/home/ulc/cursos/curso341/dask_on_reisa_tests/E6/DASK_ON_REISA/reduction/P128-SN4-LS1-GS134-I20-AN2-D2025-03-12_10-04-04'.
2025-03-12 17:55:53,256	INFO packaging.py:347 -- Pushing file package 'gcs://_ray_pkg_ceb3b9c11d1939cb.zip' (0.48MiB) to Ray cluster...
2025-03-12 17:55:53,263	INFO packaging.py:360 -- Successfully pushed file package 'gcs://_ray_pkg_ceb3b9c11d1939cb.zip'.
RAY_INIT_TIME:       5.13437
Iter [0]
Iter [2]
Iter [4]
[2m[36m(iter_task pid=3230810, ip=10.120.204.3)[0m /home/ulc/cursos/curso341/.local/lib/python3.9/site-packages/dask/config.py:693: UserWarning: Configuration key "shuffle" has been deprecated. Please use "dataframe.shuffle.algorithm" instead
[2m[36m(iter_task pid=3230810, ip=10.120.204.3)[0m   warnings.warn(
[2m[36m(iter_task pid=3230811, ip=10.120.204.3)[0m /home/ulc/cursos/curso341/.local/lib/python3.9/site-packages/dask/config.py:693: UserWarning: Configuration key "shuffle" has been deprecated. Please use "dataframe.shuffle.algorithm" instead
[2m[36m(iter_task pid=3230811, ip=10.120.204.3)[0m   warnings.warn(
Iter [6]
[2m[36m(iter_task pid=3512905, ip=10.120.204.4)[0m /home/ulc/cursos/curso341/.local/lib/python3.9/site-packages/dask/config.py:693: UserWarning: Configuration key "shuffle" has been deprecated. Please use "dataframe.shuffle.algorithm" instead
[2m[36m(iter_task pid=3512905, ip=10.120.204.4)[0m   warnings.warn(
[2m[36m(iter_task pid=3512906, ip=10.120.204.4)[0m /home/ulc/cursos/curso341/.local/lib/python3.9/site-packages/dask/config.py:693: UserWarning: Configuration key "shuffle" has been deprecated. Please use "dataframe.shuffle.algorithm" instead
[2m[36m(iter_task pid=3512906, ip=10.120.204.4)[0m   warnings.warn(
Iter [8]
Iter [10]
Iter [12]
Iter [14]
Iter [16]
Iter [18]
GLOBAL_PUT_TIME:     0.06782174110412598 (avg:0.00339)
ACTOR_CONCURRENCY:   8
SIMULATION_TIME:     13.881707724999998 (avg: 0.694085386250000)
SIM_WTHOUT_PDI:      4.464084531999998 (avg: 0.223204226600000)
PDI_DELAY:           9.417623193000001 (avg: 0.470881159650000)

GLOBAL_SIZE_(GiB):   131072
LOCAL_SIZE_(MiB):    1
ITERATIONS:          20

MPI_PER_NODE:        32
MPI_PARALLELISM:     128

WORKER_NODES:        2
CPUS_PER_WORKER:     64
WORKER_PARALLELISM:  128


SLURM_JOB_ID:        10942666
[2m[36m(iter_task pid=3230811, ip=10.120.204.3)[0m /home/ulc/cursos/curso341/.local/lib/python3.9/site-packages/dask/config.py:693: UserWarning: Configuration key "shuffle" has been deprecated. Please use "dataframe.shuffle.algorithm" instead
[2m[36m(iter_task pid=3230811, ip=10.120.204.3)[0m   warnings.warn(
[2m[36m(iter_task pid=3230811, ip=10.120.204.3)[0m /home/ulc/cursos/curso341/.local/lib/python3.9/site-packages/dask/config.py:693: UserWarning: Configuration key "shuffle" has been deprecated. Please use "dataframe.shuffle.algorithm" instead
[2m[36m(iter_task pid=3230811, ip=10.120.204.3)[0m   warnings.warn(
[2m[36m(iter_task pid=3230810, ip=10.120.204.3)[0m /home/ulc/cursos/curso341/.local/lib/python3.9/site-packages/dask/config.py:693: UserWarning: Configuration key "shuffle" has been deprecated. Please use "dataframe.shuffle.algorithm" instead
[2m[36m(iter_task pid=3230810, ip=10.120.204.3)[0m   warnings.warn(
[2m[36m(iter_task pid=3512906, ip=10.120.204.4)[0m /home/ulc/cursos/curso341/.local/lib/python3.9/site-packages/dask/config.py:693: UserWarning: Configuration key "shuffle" has been deprecated. Please use "dataframe.shuffle.algorithm" instead
[2m[36m(iter_task pid=3512906, ip=10.120.204.4)[0m   warnings.warn(
[2m[36m(iter_task pid=3512905, ip=10.120.204.4)[0m /home/ulc/cursos/curso341/.local/lib/python3.9/site-packages/dask/config.py:693: UserWarning: Configuration key "shuffle" has been deprecated. Please use "dataframe.shuffle.algorithm" instead
[2m[36m(iter_task pid=3512905, ip=10.120.204.4)[0m   warnings.warn(
[2m[36m(iter_task pid=3230811, ip=10.120.204.3)[0m /home/ulc/cursos/curso341/.local/lib/python3.9/site-packages/dask/config.py:693: UserWarning: Configuration key "shuffle" has been deprecated. Please use "dataframe.shuffle.algorithm" instead
[2m[36m(iter_task pid=3230811, ip=10.120.204.3)[0m   warnings.warn(
[2m[36m(iter_task pid=3512906, ip=10.120.204.4)[0m /home/ulc/cursos/curso341/.local/lib/python3.9/site-packages/dask/config.py:693: UserWarning: Configuration key "shuffle" has been deprecated. Please use "dataframe.shuffle.algorithm" instead
[2m[36m(iter_task pid=3512906, ip=10.120.204.4)[0m   warnings.warn(
[2m[36m(iter_task pid=3512905, ip=10.120.204.4)[0m /home/ulc/cursos/curso341/.local/lib/python3.9/site-packages/dask/config.py:693: UserWarning: Configuration key "shuffle" has been deprecated. Please use "dataframe.shuffle.algorithm" instead
[2m[36m(iter_task pid=3512905, ip=10.120.204.4)[0m   warnings.warn(
[2m[36m(iter_task pid=3230810, ip=10.120.204.3)[0m /home/ulc/cursos/curso341/.local/lib/python3.9/site-packages/dask/config.py:693: UserWarning: Configuration key "shuffle" has been deprecated. Please use "dataframe.shuffle.algorithm" instead
[2m[36m(iter_task pid=3230810, ip=10.120.204.3)[0m   warnings.warn(
[2m[36m(iter_task pid=3230811, ip=10.120.204.3)[0m /home/ulc/cursos/curso341/.local/lib/python3.9/site-packages/dask/config.py:693: UserWarning: Configuration key "shuffle" has been deprecated. Please use "dataframe.shuffle.algorithm" instead
[2m[36m(iter_task pid=3230811, ip=10.120.204.3)[0m   warnings.warn(
[2m[36m(iter_task pid=3512905, ip=10.120.204.4)[0m /home/ulc/cursos/curso341/.local/lib/python3.9/site-packages/dask/config.py:693: UserWarning: Configuration key "shuffle" has been deprecated. Please use "dataframe.shuffle.algorithm" instead
[2m[36m(iter_task pid=3512905, ip=10.120.204.4)[0m   warnings.warn(
[2m[36m(iter_task pid=3512906, ip=10.120.204.4)[0m /home/ulc/cursos/curso341/.local/lib/python3.9/site-packages/dask/config.py:693: UserWarning: Configuration key "shuffle" has been deprecated. Please use "dataframe.shuffle.algorithm" instead
[2m[36m(iter_task pid=3512906, ip=10.120.204.4)[0m   warnings.warn(
[2m[36m(iter_task pid=3230810, ip=10.120.204.3)[0m /home/ulc/cursos/curso341/.local/lib/python3.9/site-packages/dask/config.py:693: UserWarning: Configuration key "shuffle" has been deprecated. Please use "dataframe.shuffle.algorithm" instead
[2m[36m(iter_task pid=3230810, ip=10.120.204.3)[0m   warnings.warn(
[2m[36m(iter_task pid=3512906, ip=10.120.204.4)[0m /home/ulc/cursos/curso341/.local/lib/python3.9/site-packages/dask/config.py:693: UserWarning: Configuration key "shuffle" has been deprecated. Please use "dataframe.shuffle.algorithm" instead
[2m[36m(iter_task pid=3512906, ip=10.120.204.4)[0m   warnings.warn(
[2m[36m(iter_task pid=3512905, ip=10.120.204.4)[0m /home/ulc/cursos/curso341/.local/lib/python3.9/site-packages/dask/config.py:693: UserWarning: Configuration key "shuffle" has been deprecated. Please use "dataframe.shuffle.algorithm" instead
[2m[36m(iter_task pid=3512905, ip=10.120.204.4)[0m   warnings.warn(
[2m[36m(iter_task pid=3230811, ip=10.120.204.3)[0m /home/ulc/cursos/curso341/.local/lib/python3.9/site-packages/dask/config.py:693: UserWarning: Configuration key "shuffle" has been deprecated. Please use "dataframe.shuffle.algorithm" instead
[2m[36m(iter_task pid=3230811, ip=10.120.204.3)[0m   warnings.warn(
EST_ANALYTICS_TIME:  77.94755 (avg:3.89738)

Slurm job finished at 12/03/2025_05:57:15 PM

*****************************************************************************
*                                                                           *
*                    JOB EFFICIENCY REPORT (seff 10942666)                   *
*                                                                           *
*****************************************************************************

Job ID: 10942666
Cluster: finisterrae3
User/Group: curso341/ulc
State: COMPLETED (exit code 0)
Nodes: 7
Cores per node: 64
CPU Utilized: 00:23:10
CPU Efficiency: 2.80% of 13:48:48 core-walltime
Job Wall-clock time: 00:01:51
Memory Utilized: 728.70 MB
Memory Efficiency: 0.05% of 1.48 TB

 +++++++++++++++++++++++++++++++++++++++++++++++++++++++++++++++++++++++++++
 ++   Memory Efficiency is too small. Please review the requested memory. ++
 ++ It seems that you do not need that much memory so we recommend        ++
 ++ requesting less memory in other similar jobs.                         ++
 +++++++++++++++++++++++++++++++++++++++++++++++++++++++++++++++++++++++++++
 
*****************************************************************************


*****************************************************************************
*                                                                           *
*                    JOB EFFICIENCY REPORT (seff 10942666)                   *
*                                                                           *
*****************************************************************************

Job ID: 10942666
Cluster: finisterrae3
User/Group: curso341/ulc
State: COMPLETED (exit code 0)
Nodes: 7
Cores per node: 64
CPU Utilized: 01:04:31
CPU Efficiency: 7.78% of 13:48:48 core-walltime
Job Wall-clock time: 00:01:51
Memory Utilized: 7.80 GB
Memory Efficiency: 0.51% of 1.48 TB

 +++++++++++++++++++++++++++++++++++++++++++++++++++++++++++++++++++++++++++
 ++   Memory Efficiency is too small. Please review the requested memory. ++
 ++ It seems that you do not need that much memory so we recommend        ++
 ++ requesting less memory in other similar jobs.                         ++
 +++++++++++++++++++++++++++++++++++++++++++++++++++++++++++++++++++++++++++
 
*****************************************************************************


*****************************************************************************
*                                                                           *
*                    JOB EFFICIENCY REPORT (seff 10942666)                   *
*                                                                           *
*****************************************************************************

Job ID: 10942666
Cluster: finisterrae3
User/Group: curso341/ulc
State: COMPLETED (exit code 0)
Nodes: 7
Cores per node: 64
CPU Utilized: 01:04:31
CPU Efficiency: 7.78% of 13:48:48 core-walltime
Job Wall-clock time: 00:01:51
Memory Utilized: 7.80 GB
Memory Efficiency: 0.51% of 1.48 TB

 +++++++++++++++++++++++++++++++++++++++++++++++++++++++++++++++++++++++++++
 ++   Memory Efficiency is too small. Please review the requested memory. ++
 ++ It seems that you do not need that much memory so we recommend        ++
 ++ requesting less memory in other similar jobs.                         ++
 +++++++++++++++++++++++++++++++++++++++++++++++++++++++++++++++++++++++++++
 
*****************************************************************************


*****************************************************************************
*                                                                           *
*                    JOB EFFICIENCY REPORT (seff 10942666)                   *
*                                                                           *
*****************************************************************************

Job ID: 10942666
Cluster: finisterrae3
User/Group: curso341/ulc
State: COMPLETED (exit code 0)
Nodes: 7
Cores per node: 64
CPU Utilized: 01:04:31
CPU Efficiency: 7.78% of 13:48:48 core-walltime
Job Wall-clock time: 00:01:51
Memory Utilized: 7.80 GB
Memory Efficiency: 0.51% of 1.48 TB

 +++++++++++++++++++++++++++++++++++++++++++++++++++++++++++++++++++++++++++
 ++   Memory Efficiency is too small. Please review the requested memory. ++
 ++ It seems that you do not need that much memory so we recommend        ++
 ++ requesting less memory in other similar jobs.                         ++
 +++++++++++++++++++++++++++++++++++++++++++++++++++++++++++++++++++++++++++
 
*****************************************************************************


*****************************************************************************
*                                                                           *
*                    JOB EFFICIENCY REPORT (seff 10942666)                   *
*                                                                           *
*****************************************************************************

Job ID: 10942666
Cluster: finisterrae3
User/Group: curso341/ulc
State: COMPLETED (exit code 0)
Nodes: 7
Cores per node: 64
CPU Utilized: 01:04:31
CPU Efficiency: 7.78% of 13:48:48 core-walltime
Job Wall-clock time: 00:01:51
Memory Utilized: 7.80 GB
Memory Efficiency: 0.51% of 1.48 TB

 +++++++++++++++++++++++++++++++++++++++++++++++++++++++++++++++++++++++++++
 ++   Memory Efficiency is too small. Please review the requested memory. ++
 ++ It seems that you do not need that much memory so we recommend        ++
 ++ requesting less memory in other similar jobs.                         ++
 +++++++++++++++++++++++++++++++++++++++++++++++++++++++++++++++++++++++++++
 
*****************************************************************************


*****************************************************************************
*                                                                           *
*                    JOB EFFICIENCY REPORT (seff 10942666)                   *
*                                                                           *
*****************************************************************************

Job ID: 10942666
Cluster: finisterrae3
User/Group: curso341/ulc
State: COMPLETED (exit code 0)
Nodes: 7
Cores per node: 64
CPU Utilized: 01:10:12
CPU Efficiency: 8.47% of 13:48:48 core-walltime
Job Wall-clock time: 00:01:51
Memory Utilized: 7.80 GB
Memory Efficiency: 0.51% of 1.48 TB

 +++++++++++++++++++++++++++++++++++++++++++++++++++++++++++++++++++++++++++
 ++   Memory Efficiency is too small. Please review the requested memory. ++
 ++ It seems that you do not need that much memory so we recommend        ++
 ++ requesting less memory in other similar jobs.                         ++
 +++++++++++++++++++++++++++++++++++++++++++++++++++++++++++++++++++++++++++
 
*****************************************************************************


*****************************************************************************
*                                                                           *
*                    JOB EFFICIENCY REPORT (seff 10942666)                   *
*                                                                           *
*****************************************************************************

Job ID: 10942666
Cluster: finisterrae3
User/Group: curso341/ulc
State: COMPLETED (exit code 0)
Nodes: 7
Cores per node: 64
CPU Utilized: 02:01:30
CPU Efficiency: 14.66% of 13:48:48 core-walltime
Job Wall-clock time: 00:01:51
Memory Utilized: 8.05 GB
Memory Efficiency: 0.53% of 1.48 TB

 +++++++++++++++++++++++++++++++++++++++++++++++++++++++++++++++++++++++++++
 ++   Memory Efficiency is too small. Please review the requested memory. ++
 ++ It seems that you do not need that much memory so we recommend        ++
 ++ requesting less memory in other similar jobs.                         ++
 +++++++++++++++++++++++++++++++++++++++++++++++++++++++++++++++++++++++++++
 
*****************************************************************************

