slurmstepd: info: Setting TMPDIR to /scratch/10942701. Previous errors about TMPDIR can be discarded
Slurm job started at 12/03/2025_07:30:48 PM

In transit.
Initing Ray (1 head node + 2 worker nodes + 4 simulation nodes) on nodes: 
	ilk-145 ilk-146 ilk-147 ilk-149 ilk-151 ilk-153 ilk-156
Head node: 172.30.204.1:6379


RAY_DEPLOY_TIME:     24.49901
2025-03-12 19:31:16,497	INFO packaging.py:520 -- Creating a file package for local directory '/mnt/lustre/scratch/nlsas/home/ulc/cursos/curso341/dask_on_reisa_tests/E6/DASK_ON_REISA_ONE_ACTOR/reduction/P128-SN4-LS1-GS134-I20-AN2-D2025-03-12_10-05-03'.
2025-03-12 19:31:16,523	INFO packaging.py:347 -- Pushing file package 'gcs://_ray_pkg_87347d5273d0b3fb.zip' (0.48MiB) to Ray cluster...
2025-03-12 19:31:16,529	INFO packaging.py:360 -- Successfully pushed file package 'gcs://_ray_pkg_87347d5273d0b3fb.zip'.
RAY_INIT_TIME:       5.20564
Iter [0]
Iter [2]
Iter [4]
Iter [6]
Iter [8]
Iter [10]
Iter [12]
Iter [14]
Iter [16]
Iter [18]
GLOBAL_PUT_TIME:     15.51598572731018 (avg:0.77580)
ACTOR_CONCURRENCY:   8
SIMULATION_TIME:     79.003845693000002 (avg: 3.950192284650000)
SIM_WTHOUT_PDI:      18.430768447999998 (avg: 0.921538422400000)
PDI_DELAY:           60.573077245000007 (avg: 3.028653862250001)

GLOBAL_SIZE_(GiB):   131072
LOCAL_SIZE_(MiB):    1
ITERATIONS:          20

MPI_PER_NODE:        32
MPI_PARALLELISM:     128

WORKER_NODES:        2
CPUS_PER_WORKER:     64
WORKER_PARALLELISM:  128


SLURM_JOB_ID:        10942701
EST_ANALYTICS_TIME:  742.99701 (avg:37.14985)

Slurm job finished at 12/03/2025_07:43:43 PM

*****************************************************************************
*                                                                           *
*                    JOB EFFICIENCY REPORT (seff 10942701)                   *
*                                                                           *
*****************************************************************************

Job ID: 10942701
Cluster: finisterrae3
User/Group: curso341/ulc
State: COMPLETED (exit code 0)
Nodes: 7
Cores per node: 64
CPU Utilized: 00:59:53
CPU Efficiency: 1.03% of 4-00:34:08 core-walltime
Job Wall-clock time: 00:12:56
Memory Utilized: 27.92 GB (estimated maximum)
Memory Efficiency: 1.84% of 1.48 TB (3.39 GB/core)

 +++++++++++++++++++++++++++++++++++++++++++++++++++++++++++++++++++++++++++
 ++   Memory Efficiency is too small. Please review the requested memory. ++
 ++ It seems that you do not need that much memory so we recommend        ++
 ++ requesting less memory in other similar jobs.                         ++
 +++++++++++++++++++++++++++++++++++++++++++++++++++++++++++++++++++++++++++
 
*****************************************************************************


*****************************************************************************
*                                                                           *
*                    JOB EFFICIENCY REPORT (seff 10942701)                   *
*                                                                           *
*****************************************************************************

Job ID: 10942701
Cluster: finisterrae3
User/Group: curso341/ulc
State: COMPLETED (exit code 0)
Nodes: 7
Cores per node: 64
CPU Utilized: 00:59:53
CPU Efficiency: 1.03% of 4-00:34:08 core-walltime
Job Wall-clock time: 00:12:56
Memory Utilized: 27.92 GB (estimated maximum)
Memory Efficiency: 1.84% of 1.48 TB (3.39 GB/core)

 +++++++++++++++++++++++++++++++++++++++++++++++++++++++++++++++++++++++++++
 ++   Memory Efficiency is too small. Please review the requested memory. ++
 ++ It seems that you do not need that much memory so we recommend        ++
 ++ requesting less memory in other similar jobs.                         ++
 +++++++++++++++++++++++++++++++++++++++++++++++++++++++++++++++++++++++++++
 
*****************************************************************************


*****************************************************************************
*                                                                           *
*                    JOB EFFICIENCY REPORT (seff 10942701)                   *
*                                                                           *
*****************************************************************************

Job ID: 10942701
Cluster: finisterrae3
User/Group: curso341/ulc
State: COMPLETED (exit code 0)
Nodes: 7
Cores per node: 64
CPU Utilized: 00:59:53
CPU Efficiency: 1.03% of 4-00:34:08 core-walltime
Job Wall-clock time: 00:12:56
Memory Utilized: 27.92 GB (estimated maximum)
Memory Efficiency: 1.84% of 1.48 TB (3.39 GB/core)

 +++++++++++++++++++++++++++++++++++++++++++++++++++++++++++++++++++++++++++
 ++   Memory Efficiency is too small. Please review the requested memory. ++
 ++ It seems that you do not need that much memory so we recommend        ++
 ++ requesting less memory in other similar jobs.                         ++
 +++++++++++++++++++++++++++++++++++++++++++++++++++++++++++++++++++++++++++
 
*****************************************************************************


*****************************************************************************
*                                                                           *
*                    JOB EFFICIENCY REPORT (seff 10942701)                   *
*                                                                           *
*****************************************************************************

Job ID: 10942701
Cluster: finisterrae3
User/Group: curso341/ulc
State: COMPLETED (exit code 0)
Nodes: 7
Cores per node: 64
CPU Utilized: 01:13:58
CPU Efficiency: 1.28% of 4-00:34:08 core-walltime
Job Wall-clock time: 00:12:56
Memory Utilized: 3.48 GB
Memory Efficiency: 0.23% of 1.48 TB

 +++++++++++++++++++++++++++++++++++++++++++++++++++++++++++++++++++++++++++
 ++   Memory Efficiency is too small. Please review the requested memory. ++
 ++ It seems that you do not need that much memory so we recommend        ++
 ++ requesting less memory in other similar jobs.                         ++
 +++++++++++++++++++++++++++++++++++++++++++++++++++++++++++++++++++++++++++
 
*****************************************************************************


*****************************************************************************
*                                                                           *
*                    JOB EFFICIENCY REPORT (seff 10942701)                   *
*                                                                           *
*****************************************************************************

Job ID: 10942701
Cluster: finisterrae3
User/Group: curso341/ulc
State: COMPLETED (exit code 0)
Nodes: 7
Cores per node: 64
CPU Utilized: 01:13:58
CPU Efficiency: 1.28% of 4-00:34:08 core-walltime
Job Wall-clock time: 00:12:56
Memory Utilized: 3.48 GB
Memory Efficiency: 0.23% of 1.48 TB

 +++++++++++++++++++++++++++++++++++++++++++++++++++++++++++++++++++++++++++
 ++   Memory Efficiency is too small. Please review the requested memory. ++
 ++ It seems that you do not need that much memory so we recommend        ++
 ++ requesting less memory in other similar jobs.                         ++
 +++++++++++++++++++++++++++++++++++++++++++++++++++++++++++++++++++++++++++
 
*****************************************************************************


*****************************************************************************
*                                                                           *
*                    JOB EFFICIENCY REPORT (seff 10942701)                   *
*                                                                           *
*****************************************************************************

Job ID: 10942701
Cluster: finisterrae3
User/Group: curso341/ulc
State: COMPLETED (exit code 0)
Nodes: 7
Cores per node: 64
CPU Utilized: 01:15:53
CPU Efficiency: 1.31% of 4-00:34:08 core-walltime
Job Wall-clock time: 00:12:56
Memory Utilized: 3.48 GB
Memory Efficiency: 0.23% of 1.48 TB

 +++++++++++++++++++++++++++++++++++++++++++++++++++++++++++++++++++++++++++
 ++   Memory Efficiency is too small. Please review the requested memory. ++
 ++ It seems that you do not need that much memory so we recommend        ++
 ++ requesting less memory in other similar jobs.                         ++
 +++++++++++++++++++++++++++++++++++++++++++++++++++++++++++++++++++++++++++
 
*****************************************************************************


*****************************************************************************
*                                                                           *
*                    JOB EFFICIENCY REPORT (seff 10942701)                   *
*                                                                           *
*****************************************************************************

Job ID: 10942701
Cluster: finisterrae3
User/Group: curso341/ulc
State: COMPLETED (exit code 0)
Nodes: 7
Cores per node: 64
CPU Utilized: 02:40:26
CPU Efficiency: 2.77% of 4-00:34:08 core-walltime
Job Wall-clock time: 00:12:56
Memory Utilized: 4.37 GB
Memory Efficiency: 0.29% of 1.48 TB

 +++++++++++++++++++++++++++++++++++++++++++++++++++++++++++++++++++++++++++
 ++   Memory Efficiency is too small. Please review the requested memory. ++
 ++ It seems that you do not need that much memory so we recommend        ++
 ++ requesting less memory in other similar jobs.                         ++
 +++++++++++++++++++++++++++++++++++++++++++++++++++++++++++++++++++++++++++
 
*****************************************************************************

