slurmstepd: info: Setting TMPDIR to /scratch/10935971. Previous errors about TMPDIR can be discarded
Slurm job started at 11/03/2025_01:38:51 PM

In transit.
Initing Ray (1 head node + 4 worker nodes + 4 simulation nodes) on nodes: 
	ilk-147 ilk-148 ilk-149 ilk-150 ilk-151 ilk-152 ilk-154 ilk-155 ilk-158
Head node: 172.30.204.3:6379


RAY_DEPLOY_TIME:     23.24533
RAY_INIT_TIME:       2.46203
Iter [0]
2025-03-11 13:39:23,633	INFO packaging.py:520 -- Creating a file package for local directory '/mnt/lustre/scratch/nlsas/home/ulc/cursos/curso341/dask_on_reisa_tests/E6/REISA_ONE_ACTOR/reduction/P8-SN4-LS268-GS2147-I20-AN4-D2025-03-11_08-52-33'.
2025-03-11 13:39:23,661	INFO packaging.py:347 -- Pushing file package 'gcs://_ray_pkg_525ca95f1bf4327b.zip' (0.48MiB) to Ray cluster...
2025-03-11 13:39:23,667	INFO packaging.py:360 -- Successfully pushed file package 'gcs://_ray_pkg_525ca95f1bf4327b.zip'.
Iter [2]
Iter [4]
Iter [6]
Iter [8]
Iter [10]
Iter [12]
Iter [14]
Iter [16]
Iter [18]
EST_ANALYTICS_TIME:  51.43703 (avg:2.57185)
GLOBAL_PUT_TIME:     8.553406238555908 (avg:0.42767)
ACTOR_CONCURRENCY:   8
SIMULATION_TIME:     59.930234092999996 (avg: 2.996511704650000)
SIM_WTHOUT_PDI:      47.729544822000022 (avg: 2.386477241100001)
PDI_DELAY:           12.200689270999973 (avg: 0.610034463549999)

GLOBAL_SIZE_(GiB):   2097152
LOCAL_SIZE_(MiB):    256
ITERATIONS:          20

MPI_PER_NODE:        2
MPI_PARALLELISM:     8

WORKER_NODES:        4
CPUS_PER_WORKER:     64
WORKER_PARALLELISM:  256


SLURM_JOB_ID:        10935971

Slurm job finished at 11/03/2025_01:40:19 PM







*****************************************************************************
*****************************************************************************

*****************************************************************************
*****************************************************************************
*****************************************************************************
*****************************************************************************
*****************************************************************************
*                                                                           *
*                                                                           *
*****************************************************************************
*                                                                           *
*                                                                           *
*                                                                           *
*                                                                           *
*                                                                           *
*                    JOB EFFICIENCY REPORT (seff 10935971)                   *
*                    JOB EFFICIENCY REPORT (seff 10935971)                   *
*                                                                           *
*                    JOB EFFICIENCY REPORT (seff 10935971)                   *
*                    JOB EFFICIENCY REPORT (seff 10935971)                   *
*                    JOB EFFICIENCY REPORT (seff 10935971)                   *
*                    JOB EFFICIENCY REPORT (seff 10935971)                   *
*                    JOB EFFICIENCY REPORT (seff 10935971)                   *
*                                                                           *
*                                                                           *
*                    JOB EFFICIENCY REPORT (seff 10935971)                   *
*                                                                           *
*                                                                           *
*                                                                           *
*                                                                           *
*                                                                           *
*****************************************************************************
*****************************************************************************
*                                                                           *
*****************************************************************************
*****************************************************************************
*****************************************************************************
*****************************************************************************
*****************************************************************************


*****************************************************************************





Job ID: 10935971
Job ID: 10935971

Job ID: 10935971
Job ID: 10935971
Job ID: 10935971
Job ID: 10935971
Job ID: 10935971
Cluster: finisterrae3
Cluster: finisterrae3

Job ID: 10935971
Cluster: finisterrae3
Cluster: finisterrae3
Cluster: finisterrae3
Cluster: finisterrae3
Cluster: finisterrae3
User/Group: curso341/ulc
User/Group: curso341/ulc
*****************************************************************************
Cluster: finisterrae3
User/Group: curso341/ulc
User/Group: curso341/ulc
User/Group: curso341/ulc
User/Group: curso341/ulc
User/Group: curso341/ulc
State: COMPLETED (exit code 0)
State: COMPLETED (exit code 0)
*                                                                           *
User/Group: curso341/ulc
State: COMPLETED (exit code 0)
State: COMPLETED (exit code 0)
State: COMPLETED (exit code 0)
State: COMPLETED (exit code 0)
State: COMPLETED (exit code 0)
Nodes: 9
Nodes: 9
*                    JOB EFFICIENCY REPORT (seff 10935971)                   *
State: COMPLETED (exit code 0)
Nodes: 9
Nodes: 9
Nodes: 9
Nodes: 9
Nodes: 9
Cores per node: 64
Cores per node: 64
*                                                                           *
Nodes: 9
Cores per node: 64
Cores per node: 64
Cores per node: 64
Cores per node: 64
Cores per node: 64
CPU Utilized: 00:08:33
CPU Utilized: 00:08:33
*****************************************************************************
Cores per node: 64
CPU Utilized: 00:09:58
CPU Utilized: 00:09:58
CPU Utilized: 00:09:58
CPU Utilized: 00:09:58
CPU Utilized: 00:08:33
CPU Efficiency: 0.98% of 14:33:36 core-walltime
CPU Efficiency: 0.98% of 14:33:36 core-walltime

CPU Utilized: 00:10:18
CPU Efficiency: 1.14% of 14:33:36 core-walltime
CPU Efficiency: 1.14% of 14:33:36 core-walltime
CPU Efficiency: 1.14% of 14:33:36 core-walltime
CPU Efficiency: 1.14% of 14:33:36 core-walltime
CPU Efficiency: 0.98% of 14:33:36 core-walltime
Job Wall-clock time: 00:01:31
Job Wall-clock time: 00:01:31
Job ID: 10935971
CPU Efficiency: 1.18% of 14:33:36 core-walltime
Job Wall-clock time: 00:01:31
Job Wall-clock time: 00:01:31
Job Wall-clock time: 00:01:31
Job Wall-clock time: 00:01:31
Job Wall-clock time: 00:01:31
Memory Utilized: 2.44 GB
Memory Utilized: 2.44 GB
Cluster: finisterrae3
Job Wall-clock time: 00:01:31
Memory Utilized: 2.44 GB
Memory Utilized: 2.44 GB
Memory Utilized: 2.44 GB
Memory Utilized: 2.44 GB
Memory Utilized: 2.44 GB
Memory Efficiency: 0.12% of 1.91 TB
Memory Efficiency: 0.12% of 1.91 TB
User/Group: curso341/ulc
Memory Utilized: 2.44 GB
Memory Efficiency: 0.12% of 1.91 TB
Memory Efficiency: 0.12% of 1.91 TB
Memory Efficiency: 0.12% of 1.91 TB
Memory Efficiency: 0.12% of 1.91 TB
Memory Efficiency: 0.12% of 1.91 TB


State: COMPLETED (exit code 0)
Memory Efficiency: 0.12% of 1.91 TB





 +++++++++++++++++++++++++++++++++++++++++++++++++++++++++++++++++++++++++++
 +++++++++++++++++++++++++++++++++++++++++++++++++++++++++++++++++++++++++++
Nodes: 9

 +++++++++++++++++++++++++++++++++++++++++++++++++++++++++++++++++++++++++++
 +++++++++++++++++++++++++++++++++++++++++++++++++++++++++++++++++++++++++++
 +++++++++++++++++++++++++++++++++++++++++++++++++++++++++++++++++++++++++++
 +++++++++++++++++++++++++++++++++++++++++++++++++++++++++++++++++++++++++++
 +++++++++++++++++++++++++++++++++++++++++++++++++++++++++++++++++++++++++++
 ++   Memory Efficiency is too small. Please review the requested memory. ++
 ++   Memory Efficiency is too small. Please review the requested memory. ++
Cores per node: 64
 +++++++++++++++++++++++++++++++++++++++++++++++++++++++++++++++++++++++++++
 ++   Memory Efficiency is too small. Please review the requested memory. ++
 ++   Memory Efficiency is too small. Please review the requested memory. ++
 ++   Memory Efficiency is too small. Please review the requested memory. ++
 ++   Memory Efficiency is too small. Please review the requested memory. ++
 ++   Memory Efficiency is too small. Please review the requested memory. ++
 ++ It seems that you do not need that much memory so we recommend        ++
 ++ It seems that you do not need that much memory so we recommend        ++
CPU Utilized: 00:14:13
 ++   Memory Efficiency is too small. Please review the requested memory. ++
 ++ It seems that you do not need that much memory so we recommend        ++
 ++ It seems that you do not need that much memory so we recommend        ++
 ++ It seems that you do not need that much memory so we recommend        ++
 ++ It seems that you do not need that much memory so we recommend        ++
 ++ It seems that you do not need that much memory so we recommend        ++
 ++ requesting less memory in other similar jobs.                         ++
 ++ requesting less memory in other similar jobs.                         ++
CPU Efficiency: 1.63% of 14:33:36 core-walltime
 ++ It seems that you do not need that much memory so we recommend        ++
 ++ requesting less memory in other similar jobs.                         ++
 ++ requesting less memory in other similar jobs.                         ++
 ++ requesting less memory in other similar jobs.                         ++
 ++ requesting less memory in other similar jobs.                         ++
 ++ requesting less memory in other similar jobs.                         ++
 +++++++++++++++++++++++++++++++++++++++++++++++++++++++++++++++++++++++++++
 +++++++++++++++++++++++++++++++++++++++++++++++++++++++++++++++++++++++++++
Job Wall-clock time: 00:01:31
 ++ requesting less memory in other similar jobs.                         ++
 +++++++++++++++++++++++++++++++++++++++++++++++++++++++++++++++++++++++++++
 +++++++++++++++++++++++++++++++++++++++++++++++++++++++++++++++++++++++++++
 +++++++++++++++++++++++++++++++++++++++++++++++++++++++++++++++++++++++++++
 +++++++++++++++++++++++++++++++++++++++++++++++++++++++++++++++++++++++++++
 +++++++++++++++++++++++++++++++++++++++++++++++++++++++++++++++++++++++++++
 
 
Memory Utilized: 8.62 GB
 +++++++++++++++++++++++++++++++++++++++++++++++++++++++++++++++++++++++++++
 
 
 
 
 
*****************************************************************************
*****************************************************************************
Memory Efficiency: 0.44% of 1.91 TB
 
*****************************************************************************
*****************************************************************************
*****************************************************************************
*****************************************************************************
*****************************************************************************



*****************************************************************************





 +++++++++++++++++++++++++++++++++++++++++++++++++++++++++++++++++++++++++++

 ++   Memory Efficiency is too small. Please review the requested memory. ++
 ++ It seems that you do not need that much memory so we recommend        ++
 ++ requesting less memory in other similar jobs.                         ++
 +++++++++++++++++++++++++++++++++++++++++++++++++++++++++++++++++++++++++++
 
*****************************************************************************

