slurmstepd: info: Setting TMPDIR to /scratch/10770601. Previous errors about TMPDIR can be discarded
Slurm job started at 25/02/2025_06:55:06 PM

In transit.
Initing Ray (1 head node + 2 worker nodes + 4 simulation nodes) on nodes: 
	ilk-82 ilk-95 ilk-241 ilk-242 ilk-243 ilk-247 ilk-253
Head node: 172.30.202.34:6379


RAY_DEPLOY_TIME:     22.65650
2025-02-25 18:55:33,653	INFO packaging.py:520 -- Creating a file package for local directory '/mnt/lustre/scratch/nlsas/home/ulc/cursos/curso341/dask_on_reisa_tests/E1/REISA/derivative/P128-SN4-LS134-GS17179-I12-AN2-D2025-02-25_18-08-57'.
2025-02-25 18:55:33,680	INFO packaging.py:347 -- Pushing file package 'gcs://_ray_pkg_d52884001c412bc9.zip' (0.48MiB) to Ray cluster...
2025-02-25 18:55:33,687	INFO packaging.py:360 -- Successfully pushed file package 'gcs://_ray_pkg_d52884001c412bc9.zip'.
RAY_INIT_TIME:       4.28272
Iter [0]
Iter [1]
Iter [2]
Iter [3]
Iter [4]
Iter [5]
Iter [6]
Iter [7]
Iter [8]
Iter [9]
Iter [10]
Iter [11]
GLOBAL_PUT_TIME:     10.41025996208191 (avg:0.86752)
ACTOR_CONCURRENCY:   8
SIMULATION_TIME:     44.695965710000003 (avg: 3.724663809166667)
SIM_WTHOUT_PDI:      30.702907760999992 (avg: 2.558575646749999)
PDI_DELAY:           13.993057949000011 (avg: 1.166088162416668)

GLOBAL_SIZE_(GiB):   16777216
LOCAL_SIZE_(MiB):    128
ITERATIONS:          12

MPI_PER_NODE:        32
MPI_PARALLELISM:     128

WORKER_NODES:        2
CPUS_PER_WORKER:     30
WORKER_PARALLELISM:  60


SLURM_JOB_ID:        10770601
EST_ANALYTICS_TIME:  116.50628 (avg:9.70886)

Slurm job finished at 25/02/2025_06:57:33 PM

*****************************************************************************
*                                                                           *
*                    JOB EFFICIENCY REPORT (seff 10770601)                   *
*                                                                           *
*****************************************************************************

Job ID: 10770601
Cluster: finisterrae3
User/Group: curso341/ulc
State: COMPLETED (exit code 0)
Nodes: 7
Cores per node: 40
CPU Utilized: 01:34:04
CPU Efficiency: 13.53% of 11:35:20 core-walltime
Job Wall-clock time: 00:02:29
Memory Utilized: 638.25 MB
Memory Efficiency: 0.06% of 1.09 TB

 +++++++++++++++++++++++++++++++++++++++++++++++++++++++++++++++++++++++++++
 ++   Memory Efficiency is too small. Please review the requested memory. ++
 ++ It seems that you do not need that much memory so we recommend        ++
 ++ requesting less memory in other similar jobs.                         ++
 +++++++++++++++++++++++++++++++++++++++++++++++++++++++++++++++++++++++++++
 
*****************************************************************************


*****************************************************************************
*                                                                           *
*                    JOB EFFICIENCY REPORT (seff 10770601)                   *
*                                                                           *
*****************************************************************************

Job ID: 10770601
Cluster: finisterrae3
User/Group: curso341/ulc
State: COMPLETED (exit code 0)
Nodes: 7
Cores per node: 40
CPU Utilized: 02:09:05
CPU Efficiency: 18.56% of 11:35:20 core-walltime
Job Wall-clock time: 00:02:29
Memory Utilized: 18.36 GB
Memory Efficiency: 1.64% of 1.09 TB

 +++++++++++++++++++++++++++++++++++++++++++++++++++++++++++++++++++++++++++
 ++   Memory Efficiency is too small. Please review the requested memory. ++
 ++ It seems that you do not need that much memory so we recommend        ++
 ++ requesting less memory in other similar jobs.                         ++
 +++++++++++++++++++++++++++++++++++++++++++++++++++++++++++++++++++++++++++
 
*****************************************************************************


*****************************************************************************
*                                                                           *
*                    JOB EFFICIENCY REPORT (seff 10770601)                   *
*                                                                           *
*****************************************************************************

Job ID: 10770601
Cluster: finisterrae3
User/Group: curso341/ulc
State: COMPLETED (exit code 0)
Nodes: 7
Cores per node: 40
CPU Utilized: 02:09:05
CPU Efficiency: 18.56% of 11:35:20 core-walltime
Job Wall-clock time: 00:02:29
Memory Utilized: 18.36 GB
Memory Efficiency: 1.64% of 1.09 TB

 +++++++++++++++++++++++++++++++++++++++++++++++++++++++++++++++++++++++++++
 ++   Memory Efficiency is too small. Please review the requested memory. ++
 ++ It seems that you do not need that much memory so we recommend        ++
 ++ requesting less memory in other similar jobs.                         ++
 +++++++++++++++++++++++++++++++++++++++++++++++++++++++++++++++++++++++++++
 
*****************************************************************************


*****************************************************************************
*                                                                           *
*                    JOB EFFICIENCY REPORT (seff 10770601)                   *
*                                                                           *
*****************************************************************************

Job ID: 10770601
Cluster: finisterrae3
User/Group: curso341/ulc
State: COMPLETED (exit code 0)
Nodes: 7
Cores per node: 40
CPU Utilized: 02:09:05
CPU Efficiency: 18.56% of 11:35:20 core-walltime
Job Wall-clock time: 00:02:29
Memory Utilized: 18.36 GB
Memory Efficiency: 1.64% of 1.09 TB

 +++++++++++++++++++++++++++++++++++++++++++++++++++++++++++++++++++++++++++
 ++   Memory Efficiency is too small. Please review the requested memory. ++
 ++ It seems that you do not need that much memory so we recommend        ++
 ++ requesting less memory in other similar jobs.                         ++
 +++++++++++++++++++++++++++++++++++++++++++++++++++++++++++++++++++++++++++
 
*****************************************************************************


*****************************************************************************
*                                                                           *
*                    JOB EFFICIENCY REPORT (seff 10770601)                   *
*                                                                           *
*****************************************************************************

Job ID: 10770601
Cluster: finisterrae3
User/Group: curso341/ulc
State: COMPLETED (exit code 0)
Nodes: 7
Cores per node: 40
CPU Utilized: 02:09:05
CPU Efficiency: 18.56% of 11:35:20 core-walltime
Job Wall-clock time: 00:02:29
Memory Utilized: 18.36 GB
Memory Efficiency: 1.64% of 1.09 TB

 +++++++++++++++++++++++++++++++++++++++++++++++++++++++++++++++++++++++++++
 ++   Memory Efficiency is too small. Please review the requested memory. ++
 ++ It seems that you do not need that much memory so we recommend        ++
 ++ requesting less memory in other similar jobs.                         ++
 +++++++++++++++++++++++++++++++++++++++++++++++++++++++++++++++++++++++++++
 
*****************************************************************************


*****************************************************************************
*                                                                           *
*                    JOB EFFICIENCY REPORT (seff 10770601)                   *
*                                                                           *
*****************************************************************************

Job ID: 10770601
Cluster: finisterrae3
User/Group: curso341/ulc
State: COMPLETED (exit code 0)
Nodes: 7
Cores per node: 40
CPU Utilized: 02:09:05
CPU Efficiency: 18.56% of 11:35:20 core-walltime
Job Wall-clock time: 00:02:29
Memory Utilized: 18.36 GB
Memory Efficiency: 1.64% of 1.09 TB

 +++++++++++++++++++++++++++++++++++++++++++++++++++++++++++++++++++++++++++
 ++   Memory Efficiency is too small. Please review the requested memory. ++
 ++ It seems that you do not need that much memory so we recommend        ++
 ++ requesting less memory in other similar jobs.                         ++
 +++++++++++++++++++++++++++++++++++++++++++++++++++++++++++++++++++++++++++
 
*****************************************************************************


*****************************************************************************
*                                                                           *
*                    JOB EFFICIENCY REPORT (seff 10770601)                   *
*                                                                           *
*****************************************************************************

Job ID: 10770601
Cluster: finisterrae3
User/Group: curso341/ulc
State: COMPLETED (exit code 0)
Nodes: 7
Cores per node: 40
CPU Utilized: 02:31:41
CPU Efficiency: 21.81% of 11:35:20 core-walltime
Job Wall-clock time: 00:02:29
Memory Utilized: 18.36 GB
Memory Efficiency: 1.64% of 1.09 TB

 +++++++++++++++++++++++++++++++++++++++++++++++++++++++++++++++++++++++++++
 ++   Memory Efficiency is too small. Please review the requested memory. ++
 ++ It seems that you do not need that much memory so we recommend        ++
 ++ requesting less memory in other similar jobs.                         ++
 +++++++++++++++++++++++++++++++++++++++++++++++++++++++++++++++++++++++++++
 
*****************************************************************************

