slurmstepd: info: Setting TMPDIR to /scratch/10895211. Previous errors about TMPDIR can be discarded
Slurm job started at 07/03/2025_01:39:16 AM

In transit.
Initing Ray (1 head node + 2 worker nodes + 4 simulation nodes) on nodes: 
	ilk-83 ilk-88 ilk-106 ilk-199 ilk-203 ilk-230 ilk-238
Head node: 172.30.202.35:6379


RAY_DEPLOY_TIME:     24.64475
2025-03-07 01:39:43,517	INFO packaging.py:520 -- Creating a file package for local directory '/mnt/lustre/scratch/nlsas/home/ulc/cursos/curso341/dask_on_reisa_tests/E1/REISA/derivative/P128-SN4-LS134-GS17179-I10-AN2-D2025-03-06_23-15-42'.
2025-03-07 01:39:43,542	INFO packaging.py:347 -- Pushing file package 'gcs://_ray_pkg_57accacf67497a5d.zip' (0.48MiB) to Ray cluster...
2025-03-07 01:39:43,548	INFO packaging.py:360 -- Successfully pushed file package 'gcs://_ray_pkg_57accacf67497a5d.zip'.
RAY_INIT_TIME:       3.73965
Iter [0]
Iter [1]
Iter [2]
Iter [3]
Iter [4]
Iter [5]
Iter [6]
Iter [7]
Iter [8]
Iter [9]
GLOBAL_PUT_TIME:     8.218000888824463 (avg:0.82180)
ACTOR_CONCURRENCY:   8
SIMULATION_TIME:     30.047504356999998 (avg: 3.004750435700000)
SIM_WTHOUT_PDI:      16.024063214999998 (avg: 1.602406321500000)
PDI_DELAY:           14.023441141999999 (avg: 1.402344114200000)

GLOBAL_SIZE_(GiB):   16777216
LOCAL_SIZE_(MiB):    128
ITERATIONS:          10

MPI_PER_NODE:        32
MPI_PARALLELISM:     128

WORKER_NODES:        2
CPUS_PER_WORKER:     64
WORKER_PARALLELISM:  128


SLURM_JOB_ID:        10895211
EST_ANALYTICS_TIME:  101.25328 (avg:10.12533)

Slurm job finished at 07/03/2025_01:41:29 AM

*****************************************************************************
*                                                                           *
*                    JOB EFFICIENCY REPORT (seff 10895211)                   *
*                                                                           *
*****************************************************************************

Job ID: 10895211
Cluster: finisterrae3
User/Group: curso341/ulc
State: COMPLETED (exit code 0)
Nodes: 7
Cores per node: 64
CPU Utilized: 01:01:30
CPU Efficiency: 6.10% of 16:48:00 core-walltime
Job Wall-clock time: 00:02:15
Memory Utilized: 662.02 MB
Memory Efficiency: 0.04% of 1.48 TB

 +++++++++++++++++++++++++++++++++++++++++++++++++++++++++++++++++++++++++++
 ++   Memory Efficiency is too small. Please review the requested memory. ++
 ++ It seems that you do not need that much memory so we recommend        ++
 ++ requesting less memory in other similar jobs.                         ++
 +++++++++++++++++++++++++++++++++++++++++++++++++++++++++++++++++++++++++++
 
*****************************************************************************


*****************************************************************************
*                                                                           *
*                    JOB EFFICIENCY REPORT (seff 10895211)                   *
*                                                                           *
*****************************************************************************

Job ID: 10895211
Cluster: finisterrae3
User/Group: curso341/ulc
State: COMPLETED (exit code 0)
Nodes: 7
Cores per node: 64
CPU Utilized: 02:03:23
CPU Efficiency: 12.24% of 16:48:00 core-walltime
Job Wall-clock time: 00:02:15
Memory Utilized: 30.30 GB
Memory Efficiency: 1.99% of 1.48 TB

 +++++++++++++++++++++++++++++++++++++++++++++++++++++++++++++++++++++++++++
 ++   Memory Efficiency is too small. Please review the requested memory. ++
 ++ It seems that you do not need that much memory so we recommend        ++
 ++ requesting less memory in other similar jobs.                         ++
 +++++++++++++++++++++++++++++++++++++++++++++++++++++++++++++++++++++++++++
 
*****************************************************************************


*****************************************************************************
*                                                                           *
*                    JOB EFFICIENCY REPORT (seff 10895211)                   *
*                                                                           *
*****************************************************************************

Job ID: 10895211
Cluster: finisterrae3
User/Group: curso341/ulc
State: COMPLETED (exit code 0)
Nodes: 7
Cores per node: 64
CPU Utilized: 02:03:23
CPU Efficiency: 12.24% of 16:48:00 core-walltime
Job Wall-clock time: 00:02:15
Memory Utilized: 30.30 GB
Memory Efficiency: 1.99% of 1.48 TB

 +++++++++++++++++++++++++++++++++++++++++++++++++++++++++++++++++++++++++++
 ++   Memory Efficiency is too small. Please review the requested memory. ++
 ++ It seems that you do not need that much memory so we recommend        ++
 ++ requesting less memory in other similar jobs.                         ++
 +++++++++++++++++++++++++++++++++++++++++++++++++++++++++++++++++++++++++++
 
*****************************************************************************


*****************************************************************************
*                                                                           *
*                    JOB EFFICIENCY REPORT (seff 10895211)                   *
*                                                                           *
*****************************************************************************

Job ID: 10895211
Cluster: finisterrae3
User/Group: curso341/ulc
State: COMPLETED (exit code 0)
Nodes: 7
Cores per node: 64
CPU Utilized: 02:03:23
CPU Efficiency: 12.24% of 16:48:00 core-walltime
Job Wall-clock time: 00:02:15
Memory Utilized: 30.30 GB
Memory Efficiency: 1.99% of 1.48 TB

 +++++++++++++++++++++++++++++++++++++++++++++++++++++++++++++++++++++++++++
 ++   Memory Efficiency is too small. Please review the requested memory. ++
 ++ It seems that you do not need that much memory so we recommend        ++
 ++ requesting less memory in other similar jobs.                         ++
 +++++++++++++++++++++++++++++++++++++++++++++++++++++++++++++++++++++++++++
 
*****************************************************************************


*****************************************************************************
*                                                                           *
*                    JOB EFFICIENCY REPORT (seff 10895211)                   *
*                                                                           *
*****************************************************************************

Job ID: 10895211
Cluster: finisterrae3
User/Group: curso341/ulc
State: COMPLETED (exit code 0)
Nodes: 7
Cores per node: 64
CPU Utilized: 02:03:23
CPU Efficiency: 12.24% of 16:48:00 core-walltime
Job Wall-clock time: 00:02:15
Memory Utilized: 30.30 GB
Memory Efficiency: 1.99% of 1.48 TB

 +++++++++++++++++++++++++++++++++++++++++++++++++++++++++++++++++++++++++++
 ++   Memory Efficiency is too small. Please review the requested memory. ++
 ++ It seems that you do not need that much memory so we recommend        ++
 ++ requesting less memory in other similar jobs.                         ++
 +++++++++++++++++++++++++++++++++++++++++++++++++++++++++++++++++++++++++++
 
*****************************************************************************


*****************************************************************************
*                                                                           *
*                    JOB EFFICIENCY REPORT (seff 10895211)                   *
*                                                                           *
*****************************************************************************

Job ID: 10895211
Cluster: finisterrae3
User/Group: curso341/ulc
State: COMPLETED (exit code 0)
Nodes: 7
Cores per node: 64
CPU Utilized: 02:03:23
CPU Efficiency: 12.24% of 16:48:00 core-walltime
Job Wall-clock time: 00:02:15
Memory Utilized: 30.30 GB
Memory Efficiency: 1.99% of 1.48 TB

 +++++++++++++++++++++++++++++++++++++++++++++++++++++++++++++++++++++++++++
 ++   Memory Efficiency is too small. Please review the requested memory. ++
 ++ It seems that you do not need that much memory so we recommend        ++
 ++ requesting less memory in other similar jobs.                         ++
 +++++++++++++++++++++++++++++++++++++++++++++++++++++++++++++++++++++++++++
 
*****************************************************************************


*****************************************************************************
*                                                                           *
*                    JOB EFFICIENCY REPORT (seff 10895211)                   *
*                                                                           *
*****************************************************************************

Job ID: 10895211
Cluster: finisterrae3
User/Group: curso341/ulc
State: COMPLETED (exit code 0)
Nodes: 7
Cores per node: 64
CPU Utilized: 02:03:23
CPU Efficiency: 12.24% of 16:48:00 core-walltime
Job Wall-clock time: 00:02:15
Memory Utilized: 30.30 GB
Memory Efficiency: 1.99% of 1.48 TB

 +++++++++++++++++++++++++++++++++++++++++++++++++++++++++++++++++++++++++++
 ++   Memory Efficiency is too small. Please review the requested memory. ++
 ++ It seems that you do not need that much memory so we recommend        ++
 ++ requesting less memory in other similar jobs.                         ++
 +++++++++++++++++++++++++++++++++++++++++++++++++++++++++++++++++++++++++++
 
*****************************************************************************

