slurmstepd: info: Setting TMPDIR to /scratch/10912156. Previous errors about TMPDIR can be discarded
Slurm job started at 08/03/2025_01:05:11 PM

In transit.
Initing Ray (1 head node + 2 worker nodes + 2 simulation nodes) on nodes: 
	ilk-241 ilk-242 ilk-243 ilk-244 ilk-245
Head node: 172.30.211.14:6379


RAY_DEPLOY_TIME:     23.69354
2025-03-08 13:05:39,182	INFO packaging.py:520 -- Creating a file package for local directory '/mnt/lustre/scratch/nlsas/home/ulc/cursos/curso341/dask_on_reisa_tests/E2/DASK_ON_REISA_ONE_ACTOR/derivative/P4-SN2-LS536-GS2147-I10-AN2-D2025-03-08_09-08-03'.
2025-03-08 13:05:39,208	INFO packaging.py:347 -- Pushing file package 'gcs://_ray_pkg_c4a0ece7d63b329e.zip' (0.48MiB) to Ray cluster...
2025-03-08 13:05:39,215	INFO packaging.py:360 -- Successfully pushed file package 'gcs://_ray_pkg_c4a0ece7d63b329e.zip'.
RAY_INIT_TIME:       3.93155
Iter [0]
Iter [1]
Iter [2]
Iter [3]
Iter [4]
Iter [5]
Iter [6]
Iter [7]
Iter [8]
Iter [9]
GLOBAL_PUT_TIME:     8.618069887161255 (avg:0.86181)
ACTOR_CONCURRENCY:   8
SIMULATION_TIME:     66.155608571000002 (avg: 6.615560857100000)
SIM_WTHOUT_PDI:      47.306809992999987 (avg: 4.730680999299999)
PDI_DELAY:           18.848798578000014 (avg: 1.884879857800001)

GLOBAL_SIZE_(GiB):   2097152
LOCAL_SIZE_(MiB):    512
ITERATIONS:          10

MPI_PER_NODE:        2
MPI_PARALLELISM:     4

WORKER_NODES:        2
CPUS_PER_WORKER:     64
WORKER_PARALLELISM:  128


SLURM_JOB_ID:        10912156
EST_ANALYTICS_TIME:  170.41507 (avg:17.04151)

Slurm job finished at 08/03/2025_01:08:34 PM

*****************************************************************************
*                                                                           *
*                    JOB EFFICIENCY REPORT (seff 10912156)                   *
*                                                                           *
*****************************************************************************

Job ID: 10912156
Cluster: finisterrae3
User/Group: curso341/ulc
State: COMPLETED (exit code 0)
Nodes: 5
Cores per node: 64
CPU Utilized: 00:04:13
CPU Efficiency: 0.39% of 18:08:00 core-walltime
Job Wall-clock time: 00:03:24
Memory Utilized: 5.00 GB (estimated maximum)
Memory Efficiency: 0.46% of 1.06 TB (3.39 GB/core)

 +++++++++++++++++++++++++++++++++++++++++++++++++++++++++++++++++++++++++++
 ++   Memory Efficiency is too small. Please review the requested memory. ++
 ++ It seems that you do not need that much memory so we recommend        ++
 ++ requesting less memory in other similar jobs.                         ++
 +++++++++++++++++++++++++++++++++++++++++++++++++++++++++++++++++++++++++++
 
*****************************************************************************


*****************************************************************************
*                                                                           *
*                    JOB EFFICIENCY REPORT (seff 10912156)                   *
*                                                                           *
*****************************************************************************

Job ID: 10912156
Cluster: finisterrae3
User/Group: curso341/ulc
State: COMPLETED (exit code 0)
Nodes: 5
Cores per node: 64
CPU Utilized: 00:11:32
CPU Efficiency: 1.06% of 18:08:00 core-walltime
Job Wall-clock time: 00:03:24
Memory Utilized: 7.15 GB
Memory Efficiency: 0.66% of 1.06 TB

 +++++++++++++++++++++++++++++++++++++++++++++++++++++++++++++++++++++++++++
 ++   Memory Efficiency is too small. Please review the requested memory. ++
 ++ It seems that you do not need that much memory so we recommend        ++
 ++ requesting less memory in other similar jobs.                         ++
 +++++++++++++++++++++++++++++++++++++++++++++++++++++++++++++++++++++++++++
 
*****************************************************************************


*****************************************************************************
*                                                                           *
*                    JOB EFFICIENCY REPORT (seff 10912156)                   *
*                                                                           *
*****************************************************************************

Job ID: 10912156
Cluster: finisterrae3
User/Group: curso341/ulc
State: COMPLETED (exit code 0)
Nodes: 5
Cores per node: 64
CPU Utilized: 00:36:39
CPU Efficiency: 3.37% of 18:08:00 core-walltime
Job Wall-clock time: 00:03:24
Memory Utilized: 15.61 GB
Memory Efficiency: 1.44% of 1.06 TB

 +++++++++++++++++++++++++++++++++++++++++++++++++++++++++++++++++++++++++++
 ++   Memory Efficiency is too small. Please review the requested memory. ++
 ++ It seems that you do not need that much memory so we recommend        ++
 ++ requesting less memory in other similar jobs.                         ++
 +++++++++++++++++++++++++++++++++++++++++++++++++++++++++++++++++++++++++++
 
*****************************************************************************


*****************************************************************************
*                                                                           *
*                    JOB EFFICIENCY REPORT (seff 10912156)                   *
*                                                                           *
*****************************************************************************

Job ID: 10912156
Cluster: finisterrae3
User/Group: curso341/ulc
State: COMPLETED (exit code 0)
Nodes: 5
Cores per node: 64
CPU Utilized: 00:36:39
CPU Efficiency: 3.37% of 18:08:00 core-walltime
Job Wall-clock time: 00:03:24
Memory Utilized: 15.61 GB
Memory Efficiency: 1.44% of 1.06 TB

 +++++++++++++++++++++++++++++++++++++++++++++++++++++++++++++++++++++++++++
 ++   Memory Efficiency is too small. Please review the requested memory. ++
 ++ It seems that you do not need that much memory so we recommend        ++
 ++ requesting less memory in other similar jobs.                         ++
 +++++++++++++++++++++++++++++++++++++++++++++++++++++++++++++++++++++++++++
 
*****************************************************************************


*****************************************************************************
*                                                                           *
*                    JOB EFFICIENCY REPORT (seff 10912156)                   *
*                                                                           *
*****************************************************************************

Job ID: 10912156
Cluster: finisterrae3
User/Group: curso341/ulc
State: COMPLETED (exit code 0)
Nodes: 5
Cores per node: 64
CPU Utilized: 00:42:49
CPU Efficiency: 3.94% of 18:08:00 core-walltime
Job Wall-clock time: 00:03:24
Memory Utilized: 32.73 GB
Memory Efficiency: 3.02% of 1.06 TB

 +++++++++++++++++++++++++++++++++++++++++++++++++++++++++++++++++++++++++++
 ++   Memory Efficiency is too small. Please review the requested memory. ++
 ++ It seems that you do not need that much memory so we recommend        ++
 ++ requesting less memory in other similar jobs.                         ++
 +++++++++++++++++++++++++++++++++++++++++++++++++++++++++++++++++++++++++++
 
*****************************************************************************

