slurmstepd: info: Setting TMPDIR to /scratch/10932558. Previous errors about TMPDIR can be discarded
Slurm job started at 10/03/2025_06:46:00 PM

In transit.
Initing Ray (1 head node + 8 worker nodes + 8 simulation nodes) on nodes: 
	ilk-155 ilk-156 ilk-159 ilk-160 ilk-161 ilk-162 ilk-163 ilk-164 ilk-165 ilk-166 ilk-167 ilk-170 ilk-171 ilk-172 ilk-173 ilk-175 ilk-177
Head node: 172.30.204.11:6379


RAY_DEPLOY_TIME:     23.77337
2025-03-10 18:46:27,853	INFO packaging.py:520 -- Creating a file package for local directory '/mnt/lustre/scratch/nlsas/home/ulc/cursos/curso341/dask_on_reisa_tests/E5/REISA_ONE_ACTOR/derivative/P16-SN8-LS268-GS4294-I10-AN8-D2025-03-10_18-37-18'.
2025-03-10 18:46:27,958	INFO packaging.py:347 -- Pushing file package 'gcs://_ray_pkg_3876e861f78af03f.zip' (0.48MiB) to Ray cluster...
2025-03-10 18:46:27,964	INFO packaging.py:360 -- Successfully pushed file package 'gcs://_ray_pkg_3876e861f78af03f.zip'.
RAY_INIT_TIME:       4.13906
Iter [0]
Iter [1]
Iter [2]
Iter [3]
Iter [4]
Iter [5]
Iter [6]
Iter [7]
Iter [8]
Iter [9]
GLOBAL_PUT_TIME:     3.9894959926605225 (avg:0.39895)
ACTOR_CONCURRENCY:   8
SIMULATION_TIME:     32.810110039000001 (avg: 3.281011003900000)
SIM_WTHOUT_PDI:      23.970469486999992 (avg: 2.397046948699999)
PDI_DELAY:           8.839640552000009 (avg: 0.883964055200001)

GLOBAL_SIZE_(GiB):   4194304
LOCAL_SIZE_(MiB):    256
ITERATIONS:          10

MPI_PER_NODE:        2
MPI_PARALLELISM:     16

WORKER_NODES:        8
CPUS_PER_WORKER:     64
WORKER_PARALLELISM:  512


SLURM_JOB_ID:        10932558
EST_ANALYTICS_TIME:  32.61832 (avg:3.26183)

Slurm job finished at 10/03/2025_06:47:03 PM

*****************************************************************************
*                                                                           *
*                    JOB EFFICIENCY REPORT (seff 10932558)                   *
*                                                                           *
*****************************************************************************

Job ID: 10932558
Cluster: finisterrae3
User/Group: curso341/ulc
State: COMPLETED (exit code 0)
Nodes: 17
Cores per node: 64
CPU Utilized: 00:09:33
CPU Efficiency: 0.81% of 19:38:40 core-walltime
Job Wall-clock time: 00:01:05
Memory Utilized: 11.83 GB (estimated maximum)
Memory Efficiency: 0.32% of 3.60 TB (3.39 GB/core)

 +++++++++++++++++++++++++++++++++++++++++++++++++++++++++++++++++++++++++++
 ++   Memory Efficiency is too small. Please review the requested memory. ++
 ++ It seems that you do not need that much memory so we recommend        ++
 ++ requesting less memory in other similar jobs.                         ++
 +++++++++++++++++++++++++++++++++++++++++++++++++++++++++++++++++++++++++++
 
*****************************************************************************




*****************************************************************************

*****************************************************************************
*****************************************************************************
*                                                                           *
*****************************************************************************
*                                                                           *
*                                                                           *
*                    JOB EFFICIENCY REPORT (seff 10932558)                   *
*                                                                           *
*                    JOB EFFICIENCY REPORT (seff 10932558)                   *
*                    JOB EFFICIENCY REPORT (seff 10932558)                   *
*                                                                           *
*                    JOB EFFICIENCY REPORT (seff 10932558)                   *
*                                                                           *







*                                                                           *
*****************************************************************************

*                                                                           *

*****************************************************************************
*****************************************************************************



*****************************************************************************
*****************************************************************************
*****************************************************************************
*****************************************************************************
*****************************************************************************
*****************************************************************************
*****************************************************************************

*****************************************************************************
*****************************************************************************
*****************************************************************************

*                                                                           *
*****************************************************************************
*****************************************************************************
*****************************************************************************
*                                                                           *
*                                                                           *
*                                                                           *
*                                                                           *
*                                                                           *
*                                                                           *

Job ID: 10932558
*                                                                           *

*                                                                           *
Job ID: 10932558
*                    JOB EFFICIENCY REPORT (seff 10932558)                   *
*                                                                           *
*                                                                           *
*                                                                           *
*                    JOB EFFICIENCY REPORT (seff 10932558)                   *
*                    JOB EFFICIENCY REPORT (seff 10932558)                   *
*                    JOB EFFICIENCY REPORT (seff 10932558)                   *
*                    JOB EFFICIENCY REPORT (seff 10932558)                   *
*                    JOB EFFICIENCY REPORT (seff 10932558)                   *
*                    JOB EFFICIENCY REPORT (seff 10932558)                   *
Job ID: 10932558
Cluster: finisterrae3
*                    JOB EFFICIENCY REPORT (seff 10932558)                   *
Job ID: 10932558
*                    JOB EFFICIENCY REPORT (seff 10932558)                   *
Cluster: finisterrae3
*                                                                           *
*                    JOB EFFICIENCY REPORT (seff 10932558)                   *
*                    JOB EFFICIENCY REPORT (seff 10932558)                   *
*                    JOB EFFICIENCY REPORT (seff 10932558)                   *
*                                                                           *
*                                                                           *
*                                                                           *
*                                                                           *
*                                                                           *
*                                                                           *
Cluster: finisterrae3
User/Group: curso341/ulc
*                                                                           *
Cluster: finisterrae3
*                                                                           *
User/Group: curso341/ulc
*****************************************************************************
*                                                                           *
*                                                                           *
*                                                                           *
*****************************************************************************
*****************************************************************************
*****************************************************************************
*****************************************************************************
*****************************************************************************
*****************************************************************************
User/Group: curso341/ulc
State: COMPLETED (exit code 0)
*****************************************************************************
User/Group: curso341/ulc
*****************************************************************************
State: COMPLETED (exit code 0)

*****************************************************************************
*****************************************************************************
*****************************************************************************






State: COMPLETED (exit code 0)
Nodes: 17

State: COMPLETED (exit code 0)

Nodes: 17
Job ID: 10932558



Job ID: 10932558
Job ID: 10932558
Job ID: 10932558
Job ID: 10932558
Job ID: 10932558
Job ID: 10932558
Nodes: 17
Cores per node: 64
Job ID: 10932558
Nodes: 17
Job ID: 10932558
Cores per node: 64
Cluster: finisterrae3
Job ID: 10932558
Job ID: 10932558
Job ID: 10932558
Cluster: finisterrae3
Cluster: finisterrae3
Cluster: finisterrae3
Cluster: finisterrae3
Cluster: finisterrae3
Cluster: finisterrae3
Cores per node: 64
CPU Utilized: 00:09:33
Cluster: finisterrae3
Cores per node: 64
Cluster: finisterrae3
CPU Utilized: 00:09:33
User/Group: curso341/ulc
Cluster: finisterrae3
Cluster: finisterrae3
Cluster: finisterrae3
User/Group: curso341/ulc
User/Group: curso341/ulc
User/Group: curso341/ulc
User/Group: curso341/ulc
User/Group: curso341/ulc
User/Group: curso341/ulc
CPU Utilized: 00:09:33
CPU Efficiency: 0.81% of 19:38:40 core-walltime
User/Group: curso341/ulc
CPU Utilized: 00:09:33
User/Group: curso341/ulc
CPU Efficiency: 0.81% of 19:38:40 core-walltime
State: COMPLETED (exit code 0)
User/Group: curso341/ulc
User/Group: curso341/ulc
User/Group: curso341/ulc
State: COMPLETED (exit code 0)
State: COMPLETED (exit code 0)
State: COMPLETED (exit code 0)
State: COMPLETED (exit code 0)
State: COMPLETED (exit code 0)
State: COMPLETED (exit code 0)
CPU Efficiency: 0.81% of 19:38:40 core-walltime
Job Wall-clock time: 00:01:05
State: COMPLETED (exit code 0)
CPU Efficiency: 0.81% of 19:38:40 core-walltime
State: COMPLETED (exit code 0)
Job Wall-clock time: 00:01:05
Nodes: 17
State: COMPLETED (exit code 0)
State: COMPLETED (exit code 0)
State: COMPLETED (exit code 0)
Nodes: 17
Nodes: 17
Nodes: 17
Nodes: 17
Nodes: 17
Nodes: 17
Job Wall-clock time: 00:01:05
Memory Utilized: 11.83 GB (estimated maximum)
Nodes: 17
Job Wall-clock time: 00:01:05
Nodes: 17
Memory Utilized: 11.83 GB (estimated maximum)
Cores per node: 64
Nodes: 17
Nodes: 17
Nodes: 17
Cores per node: 64
Cores per node: 64
Cores per node: 64
Cores per node: 64
Cores per node: 64
Cores per node: 64
Memory Utilized: 11.83 GB (estimated maximum)
Memory Efficiency: 0.32% of 3.60 TB (3.39 GB/core)
Cores per node: 64
Memory Utilized: 11.83 GB (estimated maximum)
Cores per node: 64
Memory Efficiency: 0.32% of 3.60 TB (3.39 GB/core)
CPU Utilized: 00:09:58
Cores per node: 64
Cores per node: 64
Cores per node: 64
CPU Utilized: 00:09:58
CPU Utilized: 00:09:58
CPU Utilized: 00:09:58
CPU Utilized: 00:09:58
CPU Utilized: 00:09:58
CPU Utilized: 00:09:58
Memory Efficiency: 0.32% of 3.60 TB (3.39 GB/core)

CPU Utilized: 00:09:58
Memory Efficiency: 0.32% of 3.60 TB (3.39 GB/core)
CPU Utilized: 00:10:18

CPU Efficiency: 0.85% of 19:38:40 core-walltime
CPU Utilized: 00:18:47
CPU Utilized: 00:18:47
CPU Utilized: 00:18:47
CPU Efficiency: 0.85% of 19:38:40 core-walltime
CPU Efficiency: 0.85% of 19:38:40 core-walltime
CPU Efficiency: 0.85% of 19:38:40 core-walltime
CPU Efficiency: 0.85% of 19:38:40 core-walltime
CPU Efficiency: 0.85% of 19:38:40 core-walltime
CPU Efficiency: 0.85% of 19:38:40 core-walltime

 +++++++++++++++++++++++++++++++++++++++++++++++++++++++++++++++++++++++++++
CPU Efficiency: 0.85% of 19:38:40 core-walltime

CPU Efficiency: 0.87% of 19:38:40 core-walltime
 +++++++++++++++++++++++++++++++++++++++++++++++++++++++++++++++++++++++++++
Job Wall-clock time: 00:01:05
CPU Efficiency: 1.59% of 19:38:40 core-walltime
CPU Efficiency: 1.59% of 19:38:40 core-walltime
CPU Efficiency: 1.59% of 19:38:40 core-walltime
Job Wall-clock time: 00:01:05
Job Wall-clock time: 00:01:05
Job Wall-clock time: 00:01:05
Job Wall-clock time: 00:01:05
Job Wall-clock time: 00:01:05
Job Wall-clock time: 00:01:05
 +++++++++++++++++++++++++++++++++++++++++++++++++++++++++++++++++++++++++++
 ++   Memory Efficiency is too small. Please review the requested memory. ++
Job Wall-clock time: 00:01:05
 +++++++++++++++++++++++++++++++++++++++++++++++++++++++++++++++++++++++++++
Job Wall-clock time: 00:01:05
 ++   Memory Efficiency is too small. Please review the requested memory. ++
Memory Utilized: 11.83 GB (estimated maximum)
Job Wall-clock time: 00:01:05
Job Wall-clock time: 00:01:05
Job Wall-clock time: 00:01:05
Memory Utilized: 11.83 GB (estimated maximum)
Memory Utilized: 11.83 GB (estimated maximum)
Memory Utilized: 11.83 GB (estimated maximum)
Memory Utilized: 11.83 GB (estimated maximum)
Memory Utilized: 11.83 GB (estimated maximum)
Memory Utilized: 11.83 GB (estimated maximum)
 ++   Memory Efficiency is too small. Please review the requested memory. ++
 ++ It seems that you do not need that much memory so we recommend        ++
Memory Utilized: 11.83 GB (estimated maximum)
 ++   Memory Efficiency is too small. Please review the requested memory. ++
Memory Utilized: 11.83 GB (estimated maximum)
 ++ It seems that you do not need that much memory so we recommend        ++
Memory Efficiency: 0.32% of 3.60 TB (3.39 GB/core)
Memory Utilized: 11.83 GB (estimated maximum)
Memory Utilized: 11.83 GB (estimated maximum)
Memory Utilized: 11.83 GB (estimated maximum)
Memory Efficiency: 0.32% of 3.60 TB (3.39 GB/core)
Memory Efficiency: 0.32% of 3.60 TB (3.39 GB/core)
Memory Efficiency: 0.32% of 3.60 TB (3.39 GB/core)
Memory Efficiency: 0.32% of 3.60 TB (3.39 GB/core)
Memory Efficiency: 0.32% of 3.60 TB (3.39 GB/core)
Memory Efficiency: 0.32% of 3.60 TB (3.39 GB/core)
 ++ It seems that you do not need that much memory so we recommend        ++
 ++ requesting less memory in other similar jobs.                         ++
Memory Efficiency: 0.32% of 3.60 TB (3.39 GB/core)
 ++ It seems that you do not need that much memory so we recommend        ++
Memory Efficiency: 0.32% of 3.60 TB (3.39 GB/core)
 ++ requesting less memory in other similar jobs.                         ++

Memory Efficiency: 0.32% of 3.60 TB (3.39 GB/core)
Memory Efficiency: 0.32% of 3.60 TB (3.39 GB/core)
Memory Efficiency: 0.32% of 3.60 TB (3.39 GB/core)






 ++ requesting less memory in other similar jobs.                         ++
 +++++++++++++++++++++++++++++++++++++++++++++++++++++++++++++++++++++++++++

 ++ requesting less memory in other similar jobs.                         ++

 +++++++++++++++++++++++++++++++++++++++++++++++++++++++++++++++++++++++++++
 +++++++++++++++++++++++++++++++++++++++++++++++++++++++++++++++++++++++++++



 +++++++++++++++++++++++++++++++++++++++++++++++++++++++++++++++++++++++++++
 +++++++++++++++++++++++++++++++++++++++++++++++++++++++++++++++++++++++++++
 +++++++++++++++++++++++++++++++++++++++++++++++++++++++++++++++++++++++++++
 +++++++++++++++++++++++++++++++++++++++++++++++++++++++++++++++++++++++++++
 +++++++++++++++++++++++++++++++++++++++++++++++++++++++++++++++++++++++++++
 +++++++++++++++++++++++++++++++++++++++++++++++++++++++++++++++++++++++++++
 +++++++++++++++++++++++++++++++++++++++++++++++++++++++++++++++++++++++++++
 
 +++++++++++++++++++++++++++++++++++++++++++++++++++++++++++++++++++++++++++
 +++++++++++++++++++++++++++++++++++++++++++++++++++++++++++++++++++++++++++
 +++++++++++++++++++++++++++++++++++++++++++++++++++++++++++++++++++++++++++
 
 ++   Memory Efficiency is too small. Please review the requested memory. ++
 +++++++++++++++++++++++++++++++++++++++++++++++++++++++++++++++++++++++++++
 +++++++++++++++++++++++++++++++++++++++++++++++++++++++++++++++++++++++++++
 +++++++++++++++++++++++++++++++++++++++++++++++++++++++++++++++++++++++++++
 ++   Memory Efficiency is too small. Please review the requested memory. ++
 ++   Memory Efficiency is too small. Please review the requested memory. ++
 ++   Memory Efficiency is too small. Please review the requested memory. ++
 ++   Memory Efficiency is too small. Please review the requested memory. ++
 ++   Memory Efficiency is too small. Please review the requested memory. ++
 ++   Memory Efficiency is too small. Please review the requested memory. ++
 
*****************************************************************************
 ++   Memory Efficiency is too small. Please review the requested memory. ++
 
 ++   Memory Efficiency is too small. Please review the requested memory. ++
*****************************************************************************
 ++ It seems that you do not need that much memory so we recommend        ++
 ++   Memory Efficiency is too small. Please review the requested memory. ++
 ++   Memory Efficiency is too small. Please review the requested memory. ++
 ++   Memory Efficiency is too small. Please review the requested memory. ++
 ++ It seems that you do not need that much memory so we recommend        ++
 ++ It seems that you do not need that much memory so we recommend        ++
 ++ It seems that you do not need that much memory so we recommend        ++
 ++ It seems that you do not need that much memory so we recommend        ++
 ++ It seems that you do not need that much memory so we recommend        ++
 ++ It seems that you do not need that much memory so we recommend        ++
*****************************************************************************

 ++ It seems that you do not need that much memory so we recommend        ++
*****************************************************************************
 ++ It seems that you do not need that much memory so we recommend        ++

 ++ requesting less memory in other similar jobs.                         ++
 ++ It seems that you do not need that much memory so we recommend        ++
 ++ It seems that you do not need that much memory so we recommend        ++
 ++ It seems that you do not need that much memory so we recommend        ++
 ++ requesting less memory in other similar jobs.                         ++
 ++ requesting less memory in other similar jobs.                         ++
 ++ requesting less memory in other similar jobs.                         ++
 ++ requesting less memory in other similar jobs.                         ++
 ++ requesting less memory in other similar jobs.                         ++
 ++ requesting less memory in other similar jobs.                         ++

 ++ requesting less memory in other similar jobs.                         ++

 ++ requesting less memory in other similar jobs.                         ++
 +++++++++++++++++++++++++++++++++++++++++++++++++++++++++++++++++++++++++++
 ++ requesting less memory in other similar jobs.                         ++
 ++ requesting less memory in other similar jobs.                         ++
 ++ requesting less memory in other similar jobs.                         ++
 +++++++++++++++++++++++++++++++++++++++++++++++++++++++++++++++++++++++++++
 +++++++++++++++++++++++++++++++++++++++++++++++++++++++++++++++++++++++++++
 +++++++++++++++++++++++++++++++++++++++++++++++++++++++++++++++++++++++++++
 +++++++++++++++++++++++++++++++++++++++++++++++++++++++++++++++++++++++++++
 +++++++++++++++++++++++++++++++++++++++++++++++++++++++++++++++++++++++++++
 +++++++++++++++++++++++++++++++++++++++++++++++++++++++++++++++++++++++++++
 +++++++++++++++++++++++++++++++++++++++++++++++++++++++++++++++++++++++++++
 +++++++++++++++++++++++++++++++++++++++++++++++++++++++++++++++++++++++++++
 
 +++++++++++++++++++++++++++++++++++++++++++++++++++++++++++++++++++++++++++
 +++++++++++++++++++++++++++++++++++++++++++++++++++++++++++++++++++++++++++
 +++++++++++++++++++++++++++++++++++++++++++++++++++++++++++++++++++++++++++
 
 
 
 
 
 
 
 
*****************************************************************************
 
 
 
*****************************************************************************
*****************************************************************************
*****************************************************************************
*****************************************************************************
*****************************************************************************
*****************************************************************************
*****************************************************************************
*****************************************************************************

*****************************************************************************
*****************************************************************************
*****************************************************************************











