slurmstepd: info: Setting TMPDIR to /scratch/10942646. Previous errors about TMPDIR can be discarded
Slurm job started at 12/03/2025_10:04:19 AM

In transit.
Initing Ray (1 head node + 4 worker nodes + 4 simulation nodes) on nodes: 
	ilk-75 ilk-149 ilk-150 ilk-151 ilk-152 ilk-153 ilk-154 ilk-155 ilk-156
Head node: 172.30.202.27:6379


RAY_DEPLOY_TIME:     23.77702
2025-03-12 10:04:46,468	INFO packaging.py:520 -- Creating a file package for local directory '/mnt/lustre/scratch/nlsas/home/ulc/cursos/curso341/dask_on_reisa_tests/E6/DASK_ON_REISA/derivative/P8-SN4-LS268-GS2147-I10-AN4-D2025-03-12_10-03-26'.
2025-03-12 10:04:46,493	INFO packaging.py:347 -- Pushing file package 'gcs://_ray_pkg_509f30db384920dd.zip' (0.48MiB) to Ray cluster...
2025-03-12 10:04:46,499	INFO packaging.py:360 -- Successfully pushed file package 'gcs://_ray_pkg_509f30db384920dd.zip'.
RAY_INIT_TIME:       3.90264
Iter [0]
Iter [1]
Iter [2]
[2m[36m(iter_task pid=2139577, ip=10.120.204.5)[0m /home/ulc/cursos/curso341/.local/lib/python3.9/site-packages/dask/config.py:693: UserWarning: Configuration key "shuffle" has been deprecated. Please use "dataframe.shuffle.algorithm" instead
[2m[36m(iter_task pid=2139577, ip=10.120.204.5)[0m   warnings.warn(
[2m[36m(iter_task pid=2139575, ip=10.120.204.5)[0m /home/ulc/cursos/curso341/.local/lib/python3.9/site-packages/dask/config.py:693: UserWarning: Configuration key "shuffle" has been deprecated. Please use "dataframe.shuffle.algorithm" instead
[2m[36m(iter_task pid=2139575, ip=10.120.204.5)[0m   warnings.warn(
[2m[36m(iter_task pid=2139576, ip=10.120.204.5)[0m /home/ulc/cursos/curso341/.local/lib/python3.9/site-packages/dask/config.py:693: UserWarning: Configuration key "shuffle" has been deprecated. Please use "dataframe.shuffle.algorithm" instead
[2m[36m(iter_task pid=2139576, ip=10.120.204.5)[0m   warnings.warn(
[2m[36m(iter_task pid=2139578, ip=10.120.204.5)[0m /home/ulc/cursos/curso341/.local/lib/python3.9/site-packages/dask/config.py:693: UserWarning: Configuration key "shuffle" has been deprecated. Please use "dataframe.shuffle.algorithm" instead
[2m[36m(iter_task pid=2139578, ip=10.120.204.5)[0m   warnings.warn(
[2m[36m(iter_task pid=2139579, ip=10.120.204.5)[0m /home/ulc/cursos/curso341/.local/lib/python3.9/site-packages/dask/config.py:693: UserWarning: Configuration key "shuffle" has been deprecated. Please use "dataframe.shuffle.algorithm" instead
[2m[36m(iter_task pid=2139579, ip=10.120.204.5)[0m   warnings.warn(
[2m[36m(iter_task pid=2139574, ip=10.120.204.5)[0m /home/ulc/cursos/curso341/.local/lib/python3.9/site-packages/dask/config.py:693: UserWarning: Configuration key "shuffle" has been deprecated. Please use "dataframe.shuffle.algorithm" instead
[2m[36m(iter_task pid=2139574, ip=10.120.204.5)[0m   warnings.warn(
Iter [3]
Iter [4]
Iter [5]
Iter [6]
Iter [7]
Iter [8]
Iter [9]
GLOBAL_PUT_TIME:     4.280699729919434 (avg:0.42807)
ACTOR_CONCURRENCY:   8
SIMULATION_TIME:     38.247128332999999 (avg: 3.824712833300000)
SIM_WTHOUT_PDI:      26.566797590999986 (avg: 2.656679759099998)
PDI_DELAY:           11.680330742000013 (avg: 1.168033074200001)

GLOBAL_SIZE_(GiB):   2097152
LOCAL_SIZE_(MiB):    256
ITERATIONS:          10

MPI_PER_NODE:        2
MPI_PARALLELISM:     8

WORKER_NODES:        4
CPUS_PER_WORKER:     64
WORKER_PARALLELISM:  256


SLURM_JOB_ID:        10942646
EST_ANALYTICS_TIME:  131.61850 (avg:13.16185)

Slurm job finished at 12/03/2025_10:07:03 AM

*****************************************************************************
*                                                                           *
*                    JOB EFFICIENCY REPORT (seff 10942646)                   *
*                                                                           *
*****************************************************************************

Job ID: 10942646
Cluster: finisterrae3
User/Group: curso341/ulc
State: COMPLETED (exit code 0)
Nodes: 9
Cores per node: 64
CPU Utilized: 00:08:55
CPU Efficiency: 0.56% of 1-02:33:36 core-walltime
Job Wall-clock time: 00:02:46
Memory Utilized: 3.35 GB
Memory Efficiency: 0.17% of 1.91 TB

 +++++++++++++++++++++++++++++++++++++++++++++++++++++++++++++++++++++++++++
 ++   Memory Efficiency is too small. Please review the requested memory. ++
 ++ It seems that you do not need that much memory so we recommend        ++
 ++ requesting less memory in other similar jobs.                         ++
 +++++++++++++++++++++++++++++++++++++++++++++++++++++++++++++++++++++++++++
 
*****************************************************************************


*****************************************************************************
*                                                                           *
*                    JOB EFFICIENCY REPORT (seff 10942646)                   *
*                                                                           *
*****************************************************************************

Job ID: 10942646
Cluster: finisterrae3
User/Group: curso341/ulc
State: COMPLETED (exit code 0)
Nodes: 9
Cores per node: 64
CPU Utilized: 00:08:55
CPU Efficiency: 0.56% of 1-02:33:36 core-walltime
Job Wall-clock time: 00:02:46
Memory Utilized: 3.35 GB
Memory Efficiency: 0.17% of 1.91 TB

 +++++++++++++++++++++++++++++++++++++++++++++++++++++++++++++++++++++++++++
 ++   Memory Efficiency is too small. Please review the requested memory. ++
 ++ It seems that you do not need that much memory so we recommend        ++
 ++ requesting less memory in other similar jobs.                         ++
 +++++++++++++++++++++++++++++++++++++++++++++++++++++++++++++++++++++++++++
 
*****************************************************************************


*****************************************************************************
*                                                                           *
*                    JOB EFFICIENCY REPORT (seff 10942646)                   *
*                                                                           *
*****************************************************************************

Job ID: 10942646
Cluster: finisterrae3
User/Group: curso341/ulc
State: COMPLETED (exit code 0)
Nodes: 9
Cores per node: 64
CPU Utilized: 00:13:12
CPU Efficiency: 0.83% of 1-02:33:36 core-walltime
Job Wall-clock time: 00:02:46
Memory Utilized: 3.35 GB
Memory Efficiency: 0.17% of 1.91 TB

 +++++++++++++++++++++++++++++++++++++++++++++++++++++++++++++++++++++++++++
 ++   Memory Efficiency is too small. Please review the requested memory. ++
 ++ It seems that you do not need that much memory so we recommend        ++
 ++ requesting less memory in other similar jobs.                         ++
 +++++++++++++++++++++++++++++++++++++++++++++++++++++++++++++++++++++++++++
 
*****************************************************************************


*****************************************************************************
*                                                                           *
*                    JOB EFFICIENCY REPORT (seff 10942646)                   *
*                                                                           *
*****************************************************************************

Job ID: 10942646
Cluster: finisterrae3
User/Group: curso341/ulc
State: COMPLETED (exit code 0)
Nodes: 9
Cores per node: 64
CPU Utilized: 00:20:31
CPU Efficiency: 1.29% of 1-02:33:36 core-walltime
Job Wall-clock time: 00:02:46
Memory Utilized: 11.47 GB
Memory Efficiency: 0.59% of 1.91 TB

 +++++++++++++++++++++++++++++++++++++++++++++++++++++++++++++++++++++++++++
 ++   Memory Efficiency is too small. Please review the requested memory. ++
 ++ It seems that you do not need that much memory so we recommend        ++
 ++ requesting less memory in other similar jobs.                         ++
 +++++++++++++++++++++++++++++++++++++++++++++++++++++++++++++++++++++++++++
 
*****************************************************************************


*****************************************************************************
*                                                                           *
*                    JOB EFFICIENCY REPORT (seff 10942646)                   *
*                                                                           *
*****************************************************************************

Job ID: 10942646
Cluster: finisterrae3
User/Group: curso341/ulc
State: COMPLETED (exit code 0)
Nodes: 9
Cores per node: 64
CPU Utilized: 00:20:31
CPU Efficiency: 1.29% of 1-02:33:36 core-walltime
Job Wall-clock time: 00:02:46
Memory Utilized: 11.47 GB
Memory Efficiency: 0.59% of 1.91 TB

 +++++++++++++++++++++++++++++++++++++++++++++++++++++++++++++++++++++++++++
 ++   Memory Efficiency is too small. Please review the requested memory. ++
 ++ It seems that you do not need that much memory so we recommend        ++
 ++ requesting less memory in other similar jobs.                         ++
 +++++++++++++++++++++++++++++++++++++++++++++++++++++++++++++++++++++++++++
 
*****************************************************************************


*****************************************************************************
*                                                                           *
*                    JOB EFFICIENCY REPORT (seff 10942646)                   *
*                                                                           *
*****************************************************************************

Job ID: 10942646
Cluster: finisterrae3
User/Group: curso341/ulc
State: COMPLETED (exit code 0)
Nodes: 9
Cores per node: 64
CPU Utilized: 00:20:31
CPU Efficiency: 1.29% of 1-02:33:36 core-walltime
Job Wall-clock time: 00:02:46
Memory Utilized: 11.47 GB
Memory Efficiency: 0.59% of 1.91 TB

 +++++++++++++++++++++++++++++++++++++++++++++++++++++++++++++++++++++++++++
 ++   Memory Efficiency is too small. Please review the requested memory. ++
 ++ It seems that you do not need that much memory so we recommend        ++
 ++ requesting less memory in other similar jobs.                         ++
 +++++++++++++++++++++++++++++++++++++++++++++++++++++++++++++++++++++++++++
 
*****************************************************************************


*****************************************************************************
*                                                                           *
*                    JOB EFFICIENCY REPORT (seff 10942646)                   *
*                                                                           *
*****************************************************************************

Job ID: 10942646
Cluster: finisterrae3
User/Group: curso341/ulc
State: COMPLETED (exit code 0)
Nodes: 9
Cores per node: 64
CPU Utilized: 00:20:31
CPU Efficiency: 1.29% of 1-02:33:36 core-walltime
Job Wall-clock time: 00:02:46
Memory Utilized: 11.47 GB
Memory Efficiency: 0.59% of 1.91 TB

 +++++++++++++++++++++++++++++++++++++++++++++++++++++++++++++++++++++++++++
 ++   Memory Efficiency is too small. Please review the requested memory. ++
 ++ It seems that you do not need that much memory so we recommend        ++
 ++ requesting less memory in other similar jobs.                         ++
 +++++++++++++++++++++++++++++++++++++++++++++++++++++++++++++++++++++++++++
 
*****************************************************************************


*****************************************************************************
*                                                                           *
*                    JOB EFFICIENCY REPORT (seff 10942646)                   *
*                                                                           *
*****************************************************************************

Job ID: 10942646
Cluster: finisterrae3
User/Group: curso341/ulc
State: COMPLETED (exit code 0)
Nodes: 9
Cores per node: 64
CPU Utilized: 00:46:08
CPU Efficiency: 2.89% of 1-02:33:36 core-walltime
Job Wall-clock time: 00:02:46
Memory Utilized: 24.87 GB
Memory Efficiency: 1.27% of 1.91 TB

 +++++++++++++++++++++++++++++++++++++++++++++++++++++++++++++++++++++++++++
 ++   Memory Efficiency is too small. Please review the requested memory. ++
 ++ It seems that you do not need that much memory so we recommend        ++
 ++ requesting less memory in other similar jobs.                         ++
 +++++++++++++++++++++++++++++++++++++++++++++++++++++++++++++++++++++++++++
 
*****************************************************************************


*****************************************************************************
*                                                                           *
*                    JOB EFFICIENCY REPORT (seff 10942646)                   *
*                                                                           *
*****************************************************************************

Job ID: 10942646
Cluster: finisterrae3
User/Group: curso341/ulc
State: COMPLETED (exit code 0)
Nodes: 9
Cores per node: 64
CPU Utilized: 00:58:15
CPU Efficiency: 3.66% of 1-02:33:36 core-walltime
Job Wall-clock time: 00:02:46
Memory Utilized: 24.87 GB
Memory Efficiency: 1.27% of 1.91 TB

 +++++++++++++++++++++++++++++++++++++++++++++++++++++++++++++++++++++++++++
 ++   Memory Efficiency is too small. Please review the requested memory. ++
 ++ It seems that you do not need that much memory so we recommend        ++
 ++ requesting less memory in other similar jobs.                         ++
 +++++++++++++++++++++++++++++++++++++++++++++++++++++++++++++++++++++++++++
 
*****************************************************************************

