slurmstepd: info: Setting TMPDIR to /scratch/10908880. Previous errors about TMPDIR can be discarded
Slurm job started at 07/03/2025_09:57:08 PM

In transit.
Initing Ray (1 head node + 8 worker nodes + 8 simulation nodes) on nodes: 
	ilk-11 ilk-13 ilk-14 ilk-15 ilk-18 ilk-68 ilk-243 ilk-244 ilk-245 ilk-246 ilk-247 ilk-248 ilk-249 ilk-250 ilk-251 ilk-252 ilk-253
Head node: 172.30.201.11:6379


RAY_DEPLOY_TIME:     23.44875
2025-03-07 21:57:34,401	INFO packaging.py:520 -- Creating a file package for local directory '/mnt/lustre/scratch/nlsas/home/ulc/cursos/curso341/dask_on_reisa_tests/E2/REISA_ONE_ACTOR/derivative/P16-SN8-LS536-GS8589-I10-AN8-D2025-03-07_21-32-16'.
2025-03-07 21:57:34,430	INFO packaging.py:347 -- Pushing file package 'gcs://_ray_pkg_1c8ffc27a3e44ebf.zip' (0.48MiB) to Ray cluster...
2025-03-07 21:57:34,437	INFO packaging.py:360 -- Successfully pushed file package 'gcs://_ray_pkg_1c8ffc27a3e44ebf.zip'.
RAY_INIT_TIME:       3.11296
Iter [0]
Iter [1]
Iter [2]
Iter [3]
Iter [4]
Iter [5]
Iter [6]
Iter [7]
Iter [8]
Iter [9]
GLOBAL_PUT_TIME:     8.597363471984863 (avg:0.85974)
ACTOR_CONCURRENCY:   8
SIMULATION_TIME:     60.535173949000004 (avg: 6.053517394900000)
SIM_WTHOUT_PDI:      46.908747571000006 (avg: 4.690874757100000)
PDI_DELAY:           13.626426377999998 (avg: 1.362642637800000)

GLOBAL_SIZE_(GiB):   8388608
LOCAL_SIZE_(MiB):    512
ITERATIONS:          10

MPI_PER_NODE:        2
MPI_PARALLELISM:     16

WORKER_NODES:        8
CPUS_PER_WORKER:     64
WORKER_PARALLELISM:  512


SLURM_JOB_ID:        10908880
EST_ANALYTICS_TIME:  70.39343 (avg:7.03934)

Slurm job finished at 07/03/2025_09:58:47 PM

*****************************************************************************
*                                                                           *
*                    JOB EFFICIENCY REPORT (seff 10908880)                   *
*                                                                           *
*****************************************************************************

Job ID: 10908880
Cluster: finisterrae3
User/Group: curso341/ulc
State: COMPLETED (exit code 0)
Nodes: 17
Cores per node: 64
CPU Utilized: 00:16:01
CPU Efficiency: 0.87% of 1-06:31:28 core-walltime
Job Wall-clock time: 00:01:41
Memory Utilized: 19.81 GB (estimated maximum)
Memory Efficiency: 0.54% of 3.60 TB (3.39 GB/core)

 +++++++++++++++++++++++++++++++++++++++++++++++++++++++++++++++++++++++++++
 ++   Memory Efficiency is too small. Please review the requested memory. ++
 ++ It seems that you do not need that much memory so we recommend        ++
 ++ requesting less memory in other similar jobs.                         ++
 +++++++++++++++++++++++++++++++++++++++++++++++++++++++++++++++++++++++++++
 
*****************************************************************************


*****************************************************************************
*                                                                           *
*                    JOB EFFICIENCY REPORT (seff 10908880)                   *
*                                                                           *
*****************************************************************************

Job ID: 10908880
Cluster: finisterrae3
User/Group: curso341/ulc
State: COMPLETED (exit code 0)
Nodes: 17
Cores per node: 64
CPU Utilized: 00:16:01
CPU Efficiency: 0.87% of 1-06:31:28 core-walltime
Job Wall-clock time: 00:01:41
Memory Utilized: 19.81 GB (estimated maximum)
Memory Efficiency: 0.54% of 3.60 TB (3.39 GB/core)

 +++++++++++++++++++++++++++++++++++++++++++++++++++++++++++++++++++++++++++
 ++   Memory Efficiency is too small. Please review the requested memory. ++
 ++ It seems that you do not need that much memory so we recommend        ++
 ++ requesting less memory in other similar jobs.                         ++
 +++++++++++++++++++++++++++++++++++++++++++++++++++++++++++++++++++++++++++
 
*****************************************************************************


*****************************************************************************
*                                                                           *
*                    JOB EFFICIENCY REPORT (seff 10908880)                   *
*                                                                           *
*****************************************************************************

Job ID: 10908880
Cluster: finisterrae3
User/Group: curso341/ulc
State: COMPLETED (exit code 0)
Nodes: 17
Cores per node: 64
CPU Utilized: 00:16:01
CPU Efficiency: 0.87% of 1-06:31:28 core-walltime
Job Wall-clock time: 00:01:41
Memory Utilized: 19.81 GB (estimated maximum)
Memory Efficiency: 0.54% of 3.60 TB (3.39 GB/core)

 +++++++++++++++++++++++++++++++++++++++++++++++++++++++++++++++++++++++++++
 ++   Memory Efficiency is too small. Please review the requested memory. ++
 ++ It seems that you do not need that much memory so we recommend        ++
 ++ requesting less memory in other similar jobs.                         ++
 +++++++++++++++++++++++++++++++++++++++++++++++++++++++++++++++++++++++++++
 
*****************************************************************************


*****************************************************************************
*                                                                           *
*                    JOB EFFICIENCY REPORT (seff 10908880)                   *
*                                                                           *
*****************************************************************************

Job ID: 10908880
Cluster: finisterrae3
User/Group: curso341/ulc
State: COMPLETED (exit code 0)
Nodes: 17
Cores per node: 64
CPU Utilized: 00:16:01
CPU Efficiency: 0.87% of 1-06:31:28 core-walltime
Job Wall-clock time: 00:01:41
Memory Utilized: 19.81 GB (estimated maximum)
Memory Efficiency: 0.54% of 3.60 TB (3.39 GB/core)

 +++++++++++++++++++++++++++++++++++++++++++++++++++++++++++++++++++++++++++
 ++   Memory Efficiency is too small. Please review the requested memory. ++
 ++ It seems that you do not need that much memory so we recommend        ++
 ++ requesting less memory in other similar jobs.                         ++
 +++++++++++++++++++++++++++++++++++++++++++++++++++++++++++++++++++++++++++
 
*****************************************************************************


*****************************************************************************
*                                                                           *
*                    JOB EFFICIENCY REPORT (seff 10908880)                   *
*                                                                           *
*****************************************************************************

Job ID: 10908880
Cluster: finisterrae3
User/Group: curso341/ulc
State: COMPLETED (exit code 0)
Nodes: 17
Cores per node: 64
CPU Utilized: 00:16:01
CPU Efficiency: 0.87% of 1-06:31:28 core-walltime
Job Wall-clock time: 00:01:41
Memory Utilized: 19.81 GB (estimated maximum)
Memory Efficiency: 0.54% of 3.60 TB (3.39 GB/core)

 +++++++++++++++++++++++++++++++++++++++++++++++++++++++++++++++++++++++++++
 ++   Memory Efficiency is too small. Please review the requested memory. ++
 ++ It seems that you do not need that much memory so we recommend        ++
 ++ requesting less memory in other similar jobs.                         ++
 +++++++++++++++++++++++++++++++++++++++++++++++++++++++++++++++++++++++++++
 
*****************************************************************************


*****************************************************************************
*                                                                           *
*                    JOB EFFICIENCY REPORT (seff 10908880)                   *
*                                                                           *
*****************************************************************************

Job ID: 10908880
Cluster: finisterrae3
User/Group: curso341/ulc
State: COMPLETED (exit code 0)
Nodes: 17
Cores per node: 64
CPU Utilized: 00:18:59
CPU Efficiency: 1.04% of 1-06:31:28 core-walltime
Job Wall-clock time: 00:01:41
Memory Utilized: 19.81 GB (estimated maximum)
Memory Efficiency: 0.54% of 3.60 TB (3.39 GB/core)

 +++++++++++++++++++++++++++++++++++++++++++++++++++++++++++++++++++++++++++
 ++   Memory Efficiency is too small. Please review the requested memory. ++
 ++ It seems that you do not need that much memory so we recommend        ++
 ++ requesting less memory in other similar jobs.                         ++
 +++++++++++++++++++++++++++++++++++++++++++++++++++++++++++++++++++++++++++
 
*****************************************************************************


*****************************************************************************
*                                                                           *
*                    JOB EFFICIENCY REPORT (seff 10908880)                   *
*                                                                           *
*****************************************************************************

Job ID: 10908880
Cluster: finisterrae3
User/Group: curso341/ulc
State: COMPLETED (exit code 0)
Nodes: 17
Cores per node: 64
CPU Utilized: 00:18:59
CPU Efficiency: 1.04% of 1-06:31:28 core-walltime
Job Wall-clock time: 00:01:41
Memory Utilized: 19.81 GB (estimated maximum)
Memory Efficiency: 0.54% of 3.60 TB (3.39 GB/core)

 +++++++++++++++++++++++++++++++++++++++++++++++++++++++++++++++++++++++++++
 ++   Memory Efficiency is too small. Please review the requested memory. ++
 ++ It seems that you do not need that much memory so we recommend        ++
 ++ requesting less memory in other similar jobs.                         ++
 +++++++++++++++++++++++++++++++++++++++++++++++++++++++++++++++++++++++++++
 
*****************************************************************************


*****************************************************************************
*                                                                           *
*                    JOB EFFICIENCY REPORT (seff 10908880)                   *
*                                                                           *
*****************************************************************************

Job ID: 10908880
Cluster: finisterrae3
User/Group: curso341/ulc
State: COMPLETED (exit code 0)
Nodes: 17
Cores per node: 64
CPU Utilized: 00:18:59
CPU Efficiency: 1.04% of 1-06:31:28 core-walltime
Job Wall-clock time: 00:01:41
Memory Utilized: 19.81 GB (estimated maximum)
Memory Efficiency: 0.54% of 3.60 TB (3.39 GB/core)

 +++++++++++++++++++++++++++++++++++++++++++++++++++++++++++++++++++++++++++
 ++   Memory Efficiency is too small. Please review the requested memory. ++
 ++ It seems that you do not need that much memory so we recommend        ++
 ++ requesting less memory in other similar jobs.                         ++
 +++++++++++++++++++++++++++++++++++++++++++++++++++++++++++++++++++++++++++
 
*****************************************************************************



*****************************************************************************
*****************************************************************************
*                                                                           *
*                                                                           *

*                    JOB EFFICIENCY REPORT (seff 10908880)                   *
*                    JOB EFFICIENCY REPORT (seff 10908880)                   *

*****************************************************************************

*                                                                           *
*                                                                           *
*****************************************************************************
*                                                                           *
*****************************************************************************
*****************************************************************************
*****************************************************************************
*                                                                           *
*                    JOB EFFICIENCY REPORT (seff 10908880)                   *
*                                                                           *


*                    JOB EFFICIENCY REPORT (seff 10908880)                   *
*                                                                           *
*                    JOB EFFICIENCY REPORT (seff 10908880)                   *
Job ID: 10908880
Job ID: 10908880
*                                                                           *
*****************************************************************************
*                                                                           *
Cluster: finisterrae3
Cluster: finisterrae3
*****************************************************************************

*****************************************************************************
User/Group: curso341/ulc
User/Group: curso341/ulc

Job ID: 10908880

State: COMPLETED (exit code 0)
State: COMPLETED (exit code 0)
Job ID: 10908880
Cluster: finisterrae3
Job ID: 10908880
Nodes: 17
Nodes: 17
Cluster: finisterrae3
User/Group: curso341/ulc
Cluster: finisterrae3
Cores per node: 64
Cores per node: 64
User/Group: curso341/ulc
State: COMPLETED (exit code 0)
User/Group: curso341/ulc
CPU Utilized: 00:18:59
CPU Utilized: 00:18:59
State: COMPLETED (exit code 0)
Nodes: 17
State: COMPLETED (exit code 0)
CPU Efficiency: 1.04% of 1-06:31:28 core-walltime
CPU Efficiency: 1.04% of 1-06:31:28 core-walltime
Nodes: 17
Cores per node: 64
Nodes: 17
Job Wall-clock time: 00:01:41
Job Wall-clock time: 00:01:41
Cores per node: 64
CPU Utilized: 00:18:59
Cores per node: 64
Memory Utilized: 19.81 GB (estimated maximum)
Memory Utilized: 19.81 GB (estimated maximum)
CPU Utilized: 00:18:59
CPU Efficiency: 1.04% of 1-06:31:28 core-walltime
CPU Utilized: 00:18:59
Memory Efficiency: 0.54% of 3.60 TB (3.39 GB/core)
Memory Efficiency: 0.54% of 3.60 TB (3.39 GB/core)
CPU Efficiency: 1.04% of 1-06:31:28 core-walltime
Job Wall-clock time: 00:01:41
CPU Efficiency: 1.04% of 1-06:31:28 core-walltime


Job Wall-clock time: 00:01:41
Memory Utilized: 19.81 GB (estimated maximum)
Job Wall-clock time: 00:01:41
 +++++++++++++++++++++++++++++++++++++++++++++++++++++++++++++++++++++++++++
 +++++++++++++++++++++++++++++++++++++++++++++++++++++++++++++++++++++++++++
Memory Utilized: 19.81 GB (estimated maximum)
Memory Efficiency: 0.54% of 3.60 TB (3.39 GB/core)
Memory Utilized: 19.81 GB (estimated maximum)
 ++   Memory Efficiency is too small. Please review the requested memory. ++
 ++   Memory Efficiency is too small. Please review the requested memory. ++
Memory Efficiency: 0.54% of 3.60 TB (3.39 GB/core)

Memory Efficiency: 0.54% of 3.60 TB (3.39 GB/core)
 ++ It seems that you do not need that much memory so we recommend        ++
 ++ It seems that you do not need that much memory so we recommend        ++

 +++++++++++++++++++++++++++++++++++++++++++++++++++++++++++++++++++++++++++

 ++ requesting less memory in other similar jobs.                         ++
 ++ requesting less memory in other similar jobs.                         ++
 +++++++++++++++++++++++++++++++++++++++++++++++++++++++++++++++++++++++++++
 ++   Memory Efficiency is too small. Please review the requested memory. ++
 +++++++++++++++++++++++++++++++++++++++++++++++++++++++++++++++++++++++++++
 +++++++++++++++++++++++++++++++++++++++++++++++++++++++++++++++++++++++++++
 +++++++++++++++++++++++++++++++++++++++++++++++++++++++++++++++++++++++++++
 ++   Memory Efficiency is too small. Please review the requested memory. ++
 ++ It seems that you do not need that much memory so we recommend        ++
 ++   Memory Efficiency is too small. Please review the requested memory. ++
 
 
 ++ It seems that you do not need that much memory so we recommend        ++
 ++ requesting less memory in other similar jobs.                         ++
 ++ It seems that you do not need that much memory so we recommend        ++
*****************************************************************************
*****************************************************************************
 ++ requesting less memory in other similar jobs.                         ++
 +++++++++++++++++++++++++++++++++++++++++++++++++++++++++++++++++++++++++++
 ++ requesting less memory in other similar jobs.                         ++


 +++++++++++++++++++++++++++++++++++++++++++++++++++++++++++++++++++++++++++
 
 +++++++++++++++++++++++++++++++++++++++++++++++++++++++++++++++++++++++++++
 
*****************************************************************************
 
*****************************************************************************

*****************************************************************************



*****************************************************************************
*                                                                           *
*                    JOB EFFICIENCY REPORT (seff 10908880)                   *
*                                                                           *
*****************************************************************************

Job ID: 10908880
Cluster: finisterrae3
User/Group: curso341/ulc
State: COMPLETED (exit code 0)
Nodes: 17
Cores per node: 64
CPU Utilized: 00:19:23
CPU Efficiency: 1.06% of 1-06:31:28 core-walltime
Job Wall-clock time: 00:01:41
Memory Utilized: 19.81 GB (estimated maximum)
Memory Efficiency: 0.54% of 3.60 TB (3.39 GB/core)

 +++++++++++++++++++++++++++++++++++++++++++++++++++++++++++++++++++++++++++
 ++   Memory Efficiency is too small. Please review the requested memory. ++
 ++ It seems that you do not need that much memory so we recommend        ++
 ++ requesting less memory in other similar jobs.                         ++
 +++++++++++++++++++++++++++++++++++++++++++++++++++++++++++++++++++++++++++
 
*****************************************************************************


*****************************************************************************
*                                                                           *
*                    JOB EFFICIENCY REPORT (seff 10908880)                   *
*                                                                           *
*****************************************************************************

Job ID: 10908880
Cluster: finisterrae3
User/Group: curso341/ulc
State: COMPLETED (exit code 0)
Nodes: 17
Cores per node: 64
CPU Utilized: 00:33:32
CPU Efficiency: 1.83% of 1-06:31:28 core-walltime
Job Wall-clock time: 00:01:41
Memory Utilized: 26.36 GB
Memory Efficiency: 0.71% of 3.60 TB

 +++++++++++++++++++++++++++++++++++++++++++++++++++++++++++++++++++++++++++
 ++   Memory Efficiency is too small. Please review the requested memory. ++
 ++ It seems that you do not need that much memory so we recommend        ++
 ++ requesting less memory in other similar jobs.                         ++
 +++++++++++++++++++++++++++++++++++++++++++++++++++++++++++++++++++++++++++
 
*****************************************************************************


*****************************************************************************
*                                                                           *
*                    JOB EFFICIENCY REPORT (seff 10908880)                   *
*                                                                           *
*****************************************************************************

Job ID: 10908880
Cluster: finisterrae3
User/Group: curso341/ulc
State: COMPLETED (exit code 0)
Nodes: 17
Cores per node: 64
CPU Utilized: 00:33:32
CPU Efficiency: 1.83% of 1-06:31:28 core-walltime
Job Wall-clock time: 00:01:41
Memory Utilized: 26.36 GB
Memory Efficiency: 0.71% of 3.60 TB

 +++++++++++++++++++++++++++++++++++++++++++++++++++++++++++++++++++++++++++
 ++   Memory Efficiency is too small. Please review the requested memory. ++
 ++ It seems that you do not need that much memory so we recommend        ++
 ++ requesting less memory in other similar jobs.                         ++
 +++++++++++++++++++++++++++++++++++++++++++++++++++++++++++++++++++++++++++
 
*****************************************************************************


*****************************************************************************
*                                                                           *
*                    JOB EFFICIENCY REPORT (seff 10908880)                   *
*                                                                           *
*****************************************************************************

Job ID: 10908880
Cluster: finisterrae3
User/Group: curso341/ulc
State: COMPLETED (exit code 0)
Nodes: 17
Cores per node: 64
CPU Utilized: 00:33:32
CPU Efficiency: 1.83% of 1-06:31:28 core-walltime
Job Wall-clock time: 00:01:41
Memory Utilized: 26.36 GB
Memory Efficiency: 0.71% of 3.60 TB

 +++++++++++++++++++++++++++++++++++++++++++++++++++++++++++++++++++++++++++
 ++   Memory Efficiency is too small. Please review the requested memory. ++
 ++ It seems that you do not need that much memory so we recommend        ++
 ++ requesting less memory in other similar jobs.                         ++
 +++++++++++++++++++++++++++++++++++++++++++++++++++++++++++++++++++++++++++
 
*****************************************************************************

