slurmstepd: info: Setting TMPDIR to /scratch/10895204. Previous errors about TMPDIR can be discarded
Slurm job started at 07/03/2025_01:33:42 AM

In transit.
Initing Ray (1 head node + 8 worker nodes + 8 simulation nodes) on nodes: 
	ilk-5 ilk-6 ilk-14 ilk-56 ilk-83 ilk-88 ilk-160 ilk-164 ilk-171 ilk-173 ilk-203 ilk-230 ilk-241 ilk-243 ilk-248 ilk-249 ilk-250
Head node: 172.30.201.5:6379


RAY_DEPLOY_TIME:     23.16173
2025-03-07 01:34:07,900	INFO packaging.py:520 -- Creating a file package for local directory '/mnt/lustre/scratch/nlsas/home/ulc/cursos/curso341/dask_on_reisa_tests/E1/REISA/derivative/P16-SN8-LS268-GS4294-I10-AN8-D2025-03-06_23-15-28'.
2025-03-07 01:34:07,926	INFO packaging.py:347 -- Pushing file package 'gcs://_ray_pkg_0662cad6398a7093.zip' (0.48MiB) to Ray cluster...
2025-03-07 01:34:07,932	INFO packaging.py:360 -- Successfully pushed file package 'gcs://_ray_pkg_0662cad6398a7093.zip'.
RAY_INIT_TIME:       2.70576
Iter [0]
Iter [1]
Iter [2]
Iter [3]
Iter [4]
Iter [5]
Iter [6]
Iter [7]
Iter [8]
Iter [9]
GLOBAL_PUT_TIME:     3.8282625675201416 (avg:0.38283)
ACTOR_CONCURRENCY:   8
SIMULATION_TIME:     29.259847516000001 (avg: 2.925984751600000)
SIM_WTHOUT_PDI:      24.289512255999998 (avg: 2.428951225600000)
PDI_DELAY:           4.970335260000002 (avg: 0.497033526000000)

GLOBAL_SIZE_(GiB):   4194304
LOCAL_SIZE_(MiB):    256
ITERATIONS:          10

MPI_PER_NODE:        2
MPI_PARALLELISM:     16

WORKER_NODES:        8
CPUS_PER_WORKER:     64
WORKER_PARALLELISM:  512


SLURM_JOB_ID:        10895204
EST_ANALYTICS_TIME:  30.79431 (avg:3.07943)

Slurm job finished at 07/03/2025_01:34:41 AM

*****************************************************************************
*                                                                           *
*                    JOB EFFICIENCY REPORT (seff 10895204)                   *
*                                                                           *
*****************************************************************************

Job ID: 10895204
Cluster: finisterrae3
User/Group: curso341/ulc
State: COMPLETED (exit code 0)
Nodes: 17
Cores per node: 64
CPU Utilized: 00:08:44
CPU Efficiency: 0.78% of 18:44:16 core-walltime
Job Wall-clock time: 00:01:02
Memory Utilized: 14.02 GB (estimated maximum)
Memory Efficiency: 0.38% of 3.60 TB (3.39 GB/core)

 +++++++++++++++++++++++++++++++++++++++++++++++++++++++++++++++++++++++++++
 ++   Memory Efficiency is too small. Please review the requested memory. ++
 ++ It seems that you do not need that much memory so we recommend        ++
 ++ requesting less memory in other similar jobs.                         ++
 +++++++++++++++++++++++++++++++++++++++++++++++++++++++++++++++++++++++++++
 
*****************************************************************************


*****************************************************************************
*                                                                           *
*                    JOB EFFICIENCY REPORT (seff 10895204)                   *
*                                                                           *
*****************************************************************************

Job ID: 10895204
Cluster: finisterrae3
User/Group: curso341/ulc
State: COMPLETED (exit code 0)
Nodes: 17
Cores per node: 64
CPU Utilized: 00:08:44
CPU Efficiency: 0.78% of 18:44:16 core-walltime
Job Wall-clock time: 00:01:02
Memory Utilized: 14.02 GB (estimated maximum)
Memory Efficiency: 0.38% of 3.60 TB (3.39 GB/core)

 +++++++++++++++++++++++++++++++++++++++++++++++++++++++++++++++++++++++++++
 ++   Memory Efficiency is too small. Please review the requested memory. ++
 ++ It seems that you do not need that much memory so we recommend        ++
 ++ requesting less memory in other similar jobs.                         ++
 +++++++++++++++++++++++++++++++++++++++++++++++++++++++++++++++++++++++++++
 
*****************************************************************************


*****************************************************************************
*                                                                           *
*                    JOB EFFICIENCY REPORT (seff 10895204)                   *
*                                                                           *
*****************************************************************************

Job ID: 10895204
Cluster: finisterrae3
User/Group: curso341/ulc
State: COMPLETED (exit code 0)
Nodes: 17
Cores per node: 64
CPU Utilized: 00:08:44
CPU Efficiency: 0.78% of 18:44:16 core-walltime
Job Wall-clock time: 00:01:02
Memory Utilized: 14.02 GB (estimated maximum)
Memory Efficiency: 0.38% of 3.60 TB (3.39 GB/core)

 +++++++++++++++++++++++++++++++++++++++++++++++++++++++++++++++++++++++++++
 ++   Memory Efficiency is too small. Please review the requested memory. ++
 ++ It seems that you do not need that much memory so we recommend        ++
 ++ requesting less memory in other similar jobs.                         ++
 +++++++++++++++++++++++++++++++++++++++++++++++++++++++++++++++++++++++++++
 
*****************************************************************************



*****************************************************************************
*****************************************************************************
*                                                                           *
*                                                                           *
*                    JOB EFFICIENCY REPORT (seff 10895204)                   *
*                    JOB EFFICIENCY REPORT (seff 10895204)                   *
*                                                                           *
*                                                                           *
*****************************************************************************
*****************************************************************************


Job ID: 10895204
Job ID: 10895204
Cluster: finisterrae3
Cluster: finisterrae3
User/Group: curso341/ulc
User/Group: curso341/ulc
State: COMPLETED (exit code 0)
State: COMPLETED (exit code 0)
Nodes: 17
Nodes: 17
Cores per node: 64
Cores per node: 64
CPU Utilized: 00:08:44
CPU Utilized: 00:08:44
CPU Efficiency: 0.78% of 18:44:16 core-walltime
CPU Efficiency: 0.78% of 18:44:16 core-walltime
Job Wall-clock time: 00:01:02
Job Wall-clock time: 00:01:02
Memory Utilized: 14.02 GB (estimated maximum)
Memory Utilized: 14.02 GB (estimated maximum)
Memory Efficiency: 0.38% of 3.60 TB (3.39 GB/core)
Memory Efficiency: 0.38% of 3.60 TB (3.39 GB/core)


 +++++++++++++++++++++++++++++++++++++++++++++++++++++++++++++++++++++++++++
 +++++++++++++++++++++++++++++++++++++++++++++++++++++++++++++++++++++++++++
 ++   Memory Efficiency is too small. Please review the requested memory. ++
 ++   Memory Efficiency is too small. Please review the requested memory. ++
 ++ It seems that you do not need that much memory so we recommend        ++
 ++ It seems that you do not need that much memory so we recommend        ++
 ++ requesting less memory in other similar jobs.                         ++
 ++ requesting less memory in other similar jobs.                         ++
 +++++++++++++++++++++++++++++++++++++++++++++++++++++++++++++++++++++++++++
 +++++++++++++++++++++++++++++++++++++++++++++++++++++++++++++++++++++++++++
 
 
*****************************************************************************
*****************************************************************************



*****************************************************************************
*                                                                           *
*                    JOB EFFICIENCY REPORT (seff 10895204)                   *
*                                                                           *
*****************************************************************************

Job ID: 10895204
Cluster: finisterrae3
User/Group: curso341/ulc
State: COMPLETED (exit code 0)
Nodes: 17
Cores per node: 64
CPU Utilized: 00:12:32
CPU Efficiency: 1.11% of 18:44:16 core-walltime
Job Wall-clock time: 00:01:02
Memory Utilized: 14.02 GB (estimated maximum)
Memory Efficiency: 0.38% of 3.60 TB (3.39 GB/core)

 +++++++++++++++++++++++++++++++++++++++++++++++++++++++++++++++++++++++++++
 ++   Memory Efficiency is too small. Please review the requested memory. ++
 ++ It seems that you do not need that much memory so we recommend        ++
 ++ requesting less memory in other similar jobs.                         ++
 +++++++++++++++++++++++++++++++++++++++++++++++++++++++++++++++++++++++++++
 
*****************************************************************************


*****************************************************************************
*                                                                           *
*                    JOB EFFICIENCY REPORT (seff 10895204)                   *
*                                                                           *
*****************************************************************************

Job ID: 10895204
Cluster: finisterrae3
User/Group: curso341/ulc
State: COMPLETED (exit code 0)
Nodes: 17
Cores per node: 64
CPU Utilized: 00:12:32
CPU Efficiency: 1.11% of 18:44:16 core-walltime
Job Wall-clock time: 00:01:02
Memory Utilized: 14.02 GB (estimated maximum)
Memory Efficiency: 0.38% of 3.60 TB (3.39 GB/core)

 +++++++++++++++++++++++++++++++++++++++++++++++++++++++++++++++++++++++++++
 ++   Memory Efficiency is too small. Please review the requested memory. ++
 ++ It seems that you do not need that much memory so we recommend        ++
 ++ requesting less memory in other similar jobs.                         ++
 +++++++++++++++++++++++++++++++++++++++++++++++++++++++++++++++++++++++++++
 
*****************************************************************************


*****************************************************************************
*                                                                           *
*                    JOB EFFICIENCY REPORT (seff 10895204)                   *
*                                                                           *
*****************************************************************************

Job ID: 10895204
Cluster: finisterrae3
User/Group: curso341/ulc
State: COMPLETED (exit code 0)
Nodes: 17
Cores per node: 64
CPU Utilized: 00:12:32
CPU Efficiency: 1.11% of 18:44:16 core-walltime
Job Wall-clock time: 00:01:02
Memory Utilized: 14.02 GB (estimated maximum)
Memory Efficiency: 0.38% of 3.60 TB (3.39 GB/core)

 +++++++++++++++++++++++++++++++++++++++++++++++++++++++++++++++++++++++++++
 ++   Memory Efficiency is too small. Please review the requested memory. ++
 ++ It seems that you do not need that much memory so we recommend        ++
 ++ requesting less memory in other similar jobs.                         ++
 +++++++++++++++++++++++++++++++++++++++++++++++++++++++++++++++++++++++++++
 
*****************************************************************************


*****************************************************************************
*                                                                           *
*                    JOB EFFICIENCY REPORT (seff 10895204)                   *
*                                                                           *
*****************************************************************************

Job ID: 10895204
Cluster: finisterrae3
User/Group: curso341/ulc
State: COMPLETED (exit code 0)
Nodes: 17
Cores per node: 64
CPU Utilized: 00:12:32
CPU Efficiency: 1.11% of 18:44:16 core-walltime
Job Wall-clock time: 00:01:02
Memory Utilized: 14.02 GB (estimated maximum)
Memory Efficiency: 0.38% of 3.60 TB (3.39 GB/core)

 +++++++++++++++++++++++++++++++++++++++++++++++++++++++++++++++++++++++++++
 ++   Memory Efficiency is too small. Please review the requested memory. ++
 ++ It seems that you do not need that much memory so we recommend        ++
 ++ requesting less memory in other similar jobs.                         ++
 +++++++++++++++++++++++++++++++++++++++++++++++++++++++++++++++++++++++++++
 
*****************************************************************************


*****************************************************************************
*                                                                           *
*                    JOB EFFICIENCY REPORT (seff 10895204)                   *
*                                                                           *
*****************************************************************************

Job ID: 10895204
Cluster: finisterrae3
User/Group: curso341/ulc
State: COMPLETED (exit code 0)
Nodes: 17
Cores per node: 64
CPU Utilized: 00:12:32
CPU Efficiency: 1.11% of 18:44:16 core-walltime
Job Wall-clock time: 00:01:02
Memory Utilized: 14.02 GB (estimated maximum)
Memory Efficiency: 0.38% of 3.60 TB (3.39 GB/core)

 +++++++++++++++++++++++++++++++++++++++++++++++++++++++++++++++++++++++++++
 ++   Memory Efficiency is too small. Please review the requested memory. ++
 ++ It seems that you do not need that much memory so we recommend        ++
 ++ requesting less memory in other similar jobs.                         ++
 +++++++++++++++++++++++++++++++++++++++++++++++++++++++++++++++++++++++++++
 
*****************************************************************************


*****************************************************************************
*                                                                           *
*                    JOB EFFICIENCY REPORT (seff 10895204)                   *
*                                                                           *
*****************************************************************************

Job ID: 10895204
Cluster: finisterrae3
User/Group: curso341/ulc
State: COMPLETED (exit code 0)
Nodes: 17
Cores per node: 64
CPU Utilized: 00:12:32
CPU Efficiency: 1.11% of 18:44:16 core-walltime
Job Wall-clock time: 00:01:02
Memory Utilized: 14.02 GB (estimated maximum)
Memory Efficiency: 0.38% of 3.60 TB (3.39 GB/core)

 +++++++++++++++++++++++++++++++++++++++++++++++++++++++++++++++++++++++++++
 ++   Memory Efficiency is too small. Please review the requested memory. ++
 ++ It seems that you do not need that much memory so we recommend        ++
 ++ requesting less memory in other similar jobs.                         ++
 +++++++++++++++++++++++++++++++++++++++++++++++++++++++++++++++++++++++++++
 
*****************************************************************************


*****************************************************************************
*                                                                           *
*                    JOB EFFICIENCY REPORT (seff 10895204)                   *
*                                                                           *
*****************************************************************************

Job ID: 10895204
Cluster: finisterrae3
User/Group: curso341/ulc
State: COMPLETED (exit code 0)
Nodes: 17
Cores per node: 64
CPU Utilized: 00:12:32
CPU Efficiency: 1.11% of 18:44:16 core-walltime
Job Wall-clock time: 00:01:02
Memory Utilized: 14.02 GB (estimated maximum)
Memory Efficiency: 0.38% of 3.60 TB (3.39 GB/core)

 +++++++++++++++++++++++++++++++++++++++++++++++++++++++++++++++++++++++++++
 ++   Memory Efficiency is too small. Please review the requested memory. ++
 ++ It seems that you do not need that much memory so we recommend        ++
 ++ requesting less memory in other similar jobs.                         ++
 +++++++++++++++++++++++++++++++++++++++++++++++++++++++++++++++++++++++++++
 
*****************************************************************************


*****************************************************************************
*                                                                           *
*                    JOB EFFICIENCY REPORT (seff 10895204)                   *
*                                                                           *
*****************************************************************************

Job ID: 10895204
Cluster: finisterrae3
User/Group: curso341/ulc
State: COMPLETED (exit code 0)
Nodes: 17
Cores per node: 64
CPU Utilized: 00:12:32
CPU Efficiency: 1.11% of 18:44:16 core-walltime
Job Wall-clock time: 00:01:02
Memory Utilized: 14.02 GB (estimated maximum)
Memory Efficiency: 0.38% of 3.60 TB (3.39 GB/core)

 +++++++++++++++++++++++++++++++++++++++++++++++++++++++++++++++++++++++++++
 ++   Memory Efficiency is too small. Please review the requested memory. ++
 ++ It seems that you do not need that much memory so we recommend        ++
 ++ requesting less memory in other similar jobs.                         ++
 +++++++++++++++++++++++++++++++++++++++++++++++++++++++++++++++++++++++++++
 
*****************************************************************************


*****************************************************************************
*                                                                           *
*                    JOB EFFICIENCY REPORT (seff 10895204)                   *
*                                                                           *
*****************************************************************************

Job ID: 10895204
Cluster: finisterrae3
User/Group: curso341/ulc
State: COMPLETED (exit code 0)
Nodes: 17
Cores per node: 64
CPU Utilized: 00:12:52
CPU Efficiency: 1.14% of 18:44:16 core-walltime
Job Wall-clock time: 00:01:02
Memory Utilized: 14.02 GB (estimated maximum)
Memory Efficiency: 0.38% of 3.60 TB (3.39 GB/core)

 +++++++++++++++++++++++++++++++++++++++++++++++++++++++++++++++++++++++++++
 ++   Memory Efficiency is too small. Please review the requested memory. ++
 ++ It seems that you do not need that much memory so we recommend        ++
 ++ requesting less memory in other similar jobs.                         ++
 +++++++++++++++++++++++++++++++++++++++++++++++++++++++++++++++++++++++++++
 
*****************************************************************************


*****************************************************************************
*                                                                           *
*                    JOB EFFICIENCY REPORT (seff 10895204)                   *
*                                                                           *
*****************************************************************************

Job ID: 10895204
Cluster: finisterrae3
User/Group: curso341/ulc
State: COMPLETED (exit code 0)
Nodes: 17
Cores per node: 64
CPU Utilized: 00:22:59
CPU Efficiency: 2.04% of 18:44:16 core-walltime
Job Wall-clock time: 00:01:02
Memory Utilized: 9.73 GB
Memory Efficiency: 0.26% of 3.60 TB

 +++++++++++++++++++++++++++++++++++++++++++++++++++++++++++++++++++++++++++
 ++   Memory Efficiency is too small. Please review the requested memory. ++
 ++ It seems that you do not need that much memory so we recommend        ++
 ++ requesting less memory in other similar jobs.                         ++
 +++++++++++++++++++++++++++++++++++++++++++++++++++++++++++++++++++++++++++
 
*****************************************************************************


*****************************************************************************
*                                                                           *
*                    JOB EFFICIENCY REPORT (seff 10895204)                   *
*                                                                           *
*****************************************************************************

Job ID: 10895204
Cluster: finisterrae3
User/Group: curso341/ulc
State: COMPLETED (exit code 0)
Nodes: 17
Cores per node: 64
CPU Utilized: 00:22:59
CPU Efficiency: 2.04% of 18:44:16 core-walltime
Job Wall-clock time: 00:01:02
Memory Utilized: 9.73 GB
Memory Efficiency: 0.26% of 3.60 TB

 +++++++++++++++++++++++++++++++++++++++++++++++++++++++++++++++++++++++++++
 ++   Memory Efficiency is too small. Please review the requested memory. ++
 ++ It seems that you do not need that much memory so we recommend        ++
 ++ requesting less memory in other similar jobs.                         ++
 +++++++++++++++++++++++++++++++++++++++++++++++++++++++++++++++++++++++++++
 
*****************************************************************************


*****************************************************************************
*                                                                           *
*                    JOB EFFICIENCY REPORT (seff 10895204)                   *
*                                                                           *
*****************************************************************************

Job ID: 10895204
Cluster: finisterrae3
User/Group: curso341/ulc
State: COMPLETED (exit code 0)
Nodes: 17
Cores per node: 64
CPU Utilized: 00:22:59
CPU Efficiency: 2.04% of 18:44:16 core-walltime
Job Wall-clock time: 00:01:02
Memory Utilized: 9.73 GB
Memory Efficiency: 0.26% of 3.60 TB

 +++++++++++++++++++++++++++++++++++++++++++++++++++++++++++++++++++++++++++
 ++   Memory Efficiency is too small. Please review the requested memory. ++
 ++ It seems that you do not need that much memory so we recommend        ++
 ++ requesting less memory in other similar jobs.                         ++
 +++++++++++++++++++++++++++++++++++++++++++++++++++++++++++++++++++++++++++
 
*****************************************************************************

