slurmstepd: info: Setting TMPDIR to /scratch/10781235. Previous errors about TMPDIR can be discarded
Slurm job started at 26/02/2025_12:50:27 PM

In transit.
Initing Ray (1 head node + 2 worker nodes + 4 simulation nodes) on nodes: 
	ilk-129 ilk-131 ilk-132 ilk-148 ilk-164 ilk-167 ilk-173
Head node: 172.30.203.33:6379


RAY_DEPLOY_TIME:     24.05776
2025-02-26 12:50:55,591	INFO packaging.py:520 -- Creating a file package for local directory '/mnt/lustre/scratch/nlsas/home/ulc/cursos/curso341/dask_on_reisa_tests/E2/REISA_ONE_ACTOR/reduction/P128-SN4-LS1-GS134-I25-AN2-D2025-02-26_11-03-56'.
2025-02-26 12:50:55,618	INFO packaging.py:347 -- Pushing file package 'gcs://_ray_pkg_b6ad362fbc6750ef.zip' (0.48MiB) to Ray cluster...
2025-02-26 12:50:55,624	INFO packaging.py:360 -- Successfully pushed file package 'gcs://_ray_pkg_b6ad362fbc6750ef.zip'.
RAY_INIT_TIME:       5.85458
Iter [0]
Iter [2]
Iter [4]
Iter [6]
Iter [8]
Iter [10]
Iter [12]
Iter [14]
Iter [16]
Iter [18]
Iter [20]
Iter [22]
Iter [24]
GLOBAL_PUT_TIME:     0.10666203498840332 (avg:0.00427)
ACTOR_CONCURRENCY:   8
EST_ANALYTICS_TIME:  78.29723 (avg:3.13189)
SIMULATION_TIME:     76.593459283000001 (avg: 3.063738371320000)
SIM_WTHOUT_PDI:      43.855770814999993 (avg: 1.754230832600000)
PDI_DELAY:           32.737688468000009 (avg: 1.309507538720000)

GLOBAL_SIZE_(GiB):   131072
LOCAL_SIZE_(MiB):    1
ITERATIONS:          25

MPI_PER_NODE:        32
MPI_PARALLELISM:     128

WORKER_NODES:        2
CPUS_PER_WORKER:     30
WORKER_PARALLELISM:  60


SLURM_JOB_ID:        10781235

Slurm job finished at 26/02/2025_12:52:18 PM

*****************************************************************************
*                                                                           *
*                    JOB EFFICIENCY REPORT (seff 10781235)                   *
*                                                                           *
*****************************************************************************

Job ID: 10781235
Cluster: finisterrae3
User/Group: curso341/ulc
State: COMPLETED (exit code 0)
Nodes: 7
Cores per node: 40
CPU Utilized: 01:32:27
CPU Efficiency: 17.69% of 08:42:40 core-walltime
Job Wall-clock time: 00:01:52
Memory Utilized: 1.87 GB
Memory Efficiency: 0.17% of 1.09 TB

 +++++++++++++++++++++++++++++++++++++++++++++++++++++++++++++++++++++++++++
 ++   Memory Efficiency is too small. Please review the requested memory. ++
 ++ It seems that you do not need that much memory so we recommend        ++
 ++ requesting less memory in other similar jobs.                         ++
 +++++++++++++++++++++++++++++++++++++++++++++++++++++++++++++++++++++++++++
 
*****************************************************************************


*****************************************************************************
*                                                                           *
*                    JOB EFFICIENCY REPORT (seff 10781235)                   *
*                                                                           *
*****************************************************************************

Job ID: 10781235
Cluster: finisterrae3
User/Group: curso341/ulc
State: COMPLETED (exit code 0)
Nodes: 7
Cores per node: 40
CPU Utilized: 01:32:27
CPU Efficiency: 17.69% of 08:42:40 core-walltime
Job Wall-clock time: 00:01:52
Memory Utilized: 1.87 GB
Memory Efficiency: 0.17% of 1.09 TB

 +++++++++++++++++++++++++++++++++++++++++++++++++++++++++++++++++++++++++++
 ++   Memory Efficiency is too small. Please review the requested memory. ++
 ++ It seems that you do not need that much memory so we recommend        ++
 ++ requesting less memory in other similar jobs.                         ++
 +++++++++++++++++++++++++++++++++++++++++++++++++++++++++++++++++++++++++++
 
*****************************************************************************


*****************************************************************************
*                                                                           *
*                    JOB EFFICIENCY REPORT (seff 10781235)                   *
*                                                                           *
*****************************************************************************

Job ID: 10781235
Cluster: finisterrae3
User/Group: curso341/ulc
State: COMPLETED (exit code 0)
Nodes: 7
Cores per node: 40
CPU Utilized: 01:32:27
CPU Efficiency: 17.69% of 08:42:40 core-walltime
Job Wall-clock time: 00:01:52
Memory Utilized: 1.87 GB
Memory Efficiency: 0.17% of 1.09 TB

 +++++++++++++++++++++++++++++++++++++++++++++++++++++++++++++++++++++++++++
 ++   Memory Efficiency is too small. Please review the requested memory. ++
 ++ It seems that you do not need that much memory so we recommend        ++
 ++ requesting less memory in other similar jobs.                         ++
 +++++++++++++++++++++++++++++++++++++++++++++++++++++++++++++++++++++++++++
 
*****************************************************************************


*****************************************************************************
*                                                                           *
*                    JOB EFFICIENCY REPORT (seff 10781235)                   *
*                                                                           *
*****************************************************************************

Job ID: 10781235
Cluster: finisterrae3
User/Group: curso341/ulc
State: COMPLETED (exit code 0)
Nodes: 7
Cores per node: 40
CPU Utilized: 01:33:43
CPU Efficiency: 17.93% of 08:42:40 core-walltime
Job Wall-clock time: 00:01:52
Memory Utilized: 1.96 GB
Memory Efficiency: 0.17% of 1.09 TB

 +++++++++++++++++++++++++++++++++++++++++++++++++++++++++++++++++++++++++++
 ++   Memory Efficiency is too small. Please review the requested memory. ++
 ++ It seems that you do not need that much memory so we recommend        ++
 ++ requesting less memory in other similar jobs.                         ++
 +++++++++++++++++++++++++++++++++++++++++++++++++++++++++++++++++++++++++++
 
*****************************************************************************


*****************************************************************************
*                                                                           *
*                    JOB EFFICIENCY REPORT (seff 10781235)                   *
*                                                                           *
*****************************************************************************

Job ID: 10781235
Cluster: finisterrae3
User/Group: curso341/ulc
State: COMPLETED (exit code 0)
Nodes: 7
Cores per node: 40
CPU Utilized: 01:32:27
CPU Efficiency: 17.69% of 08:42:40 core-walltime
Job Wall-clock time: 00:01:52
Memory Utilized: 1.87 GB
Memory Efficiency: 0.17% of 1.09 TB

 +++++++++++++++++++++++++++++++++++++++++++++++++++++++++++++++++++++++++++
 ++   Memory Efficiency is too small. Please review the requested memory. ++
 ++ It seems that you do not need that much memory so we recommend        ++
 ++ requesting less memory in other similar jobs.                         ++
 +++++++++++++++++++++++++++++++++++++++++++++++++++++++++++++++++++++++++++
 
*****************************************************************************


*****************************************************************************
*                                                                           *
*                    JOB EFFICIENCY REPORT (seff 10781235)                   *
*                                                                           *
*****************************************************************************

Job ID: 10781235
Cluster: finisterrae3
User/Group: curso341/ulc
State: COMPLETED (exit code 0)
Nodes: 7
Cores per node: 40
CPU Utilized: 01:34:00
CPU Efficiency: 17.98% of 08:42:40 core-walltime
Job Wall-clock time: 00:01:52
Memory Utilized: 1.96 GB
Memory Efficiency: 0.17% of 1.09 TB

 +++++++++++++++++++++++++++++++++++++++++++++++++++++++++++++++++++++++++++
 ++   Memory Efficiency is too small. Please review the requested memory. ++
 ++ It seems that you do not need that much memory so we recommend        ++
 ++ requesting less memory in other similar jobs.                         ++
 +++++++++++++++++++++++++++++++++++++++++++++++++++++++++++++++++++++++++++
 
*****************************************************************************


*****************************************************************************
*                                                                           *
*                    JOB EFFICIENCY REPORT (seff 10781235)                   *
*                                                                           *
*****************************************************************************

Job ID: 10781235
Cluster: finisterrae3
User/Group: curso341/ulc
State: COMPLETED (exit code 0)
Nodes: 7
Cores per node: 40
CPU Utilized: 01:32:27
CPU Efficiency: 17.69% of 08:42:40 core-walltime
Job Wall-clock time: 00:01:52
Memory Utilized: 1.87 GB
Memory Efficiency: 0.17% of 1.09 TB

 +++++++++++++++++++++++++++++++++++++++++++++++++++++++++++++++++++++++++++
 ++   Memory Efficiency is too small. Please review the requested memory. ++
 ++ It seems that you do not need that much memory so we recommend        ++
 ++ requesting less memory in other similar jobs.                         ++
 +++++++++++++++++++++++++++++++++++++++++++++++++++++++++++++++++++++++++++
 
*****************************************************************************

