slurmstepd: info: Setting TMPDIR to /scratch/10942698. Previous errors about TMPDIR can be discarded
Slurm job started at 12/03/2025_05:11:27 PM

In transit.
Initing Ray (1 head node + 4 worker nodes + 4 simulation nodes) on nodes: 
	ilk-59 ilk-77 ilk-170 ilk-183 ilk-186 ilk-228 ilk-229 ilk-230 ilk-233
Head node: 172.30.202.11:6379


RAY_DEPLOY_TIME:     24.00636
RAY_INIT_TIME:       3.22055
Iter [0]
2025-03-12 17:11:56,545	INFO packaging.py:520 -- Creating a file package for local directory '/mnt/lustre/scratch/nlsas/home/ulc/cursos/curso341/dask_on_reisa_tests/E6/DASK_ON_REISA_ONE_ACTOR/reduction/P8-SN4-LS536-GS4294-I20-AN4-D2025-03-12_10-04-57'.
2025-03-12 17:11:56,574	INFO packaging.py:347 -- Pushing file package 'gcs://_ray_pkg_134a1e627de831c0.zip' (0.48MiB) to Ray cluster...
2025-03-12 17:11:56,581	INFO packaging.py:360 -- Successfully pushed file package 'gcs://_ray_pkg_134a1e627de831c0.zip'.
Iter [2]
Iter [4]
Iter [6]
Iter [8]
Iter [10]
Iter [12]
Iter [14]
Iter [16]
Iter [18]
GLOBAL_PUT_TIME:     13.167375326156616 (avg:0.65837)
ACTOR_CONCURRENCY:   8
SIMULATION_TIME:     243.993694447999985 (avg: 12.199684722399999)
SIM_WTHOUT_PDI:      108.654705092999961 (avg: 5.432735254649998)
PDI_DELAY:           135.338989355000024 (avg: 6.766949467750001)

GLOBAL_SIZE_(GiB):   4194304
LOCAL_SIZE_(MiB):    512
ITERATIONS:          20

MPI_PER_NODE:        2
MPI_PARALLELISM:     8

WORKER_NODES:        4
CPUS_PER_WORKER:     64
WORKER_PARALLELISM:  256


SLURM_JOB_ID:        10942698
slurmstepd: error: *** JOB 10942698 ON ilk-59 CANCELLED AT 2025-03-12T17:31:44 DUE TO TIME LIMIT ***
slurmstepd: error: *** STEP 10942698.10 ON ilk-77 CANCELLED AT 2025-03-12T17:31:44 DUE TO TIME LIMIT ***
srun: Job step aborted: Waiting up to 32 seconds for job step to finish.
