slurmstepd: info: Setting TMPDIR to /scratch/10908883. Previous errors about TMPDIR can be discarded
Slurm job started at 07/03/2025_10:20:50 PM

In transit.
Initing Ray (1 head node + 2 worker nodes + 4 simulation nodes) on nodes: 
	ilk-241 ilk-243 ilk-244 ilk-245 ilk-246 ilk-247 ilk-248
Head node: 172.30.211.14:6379


RAY_DEPLOY_TIME:     23.90525
2025-03-07 22:21:16,407	INFO packaging.py:520 -- Creating a file package for local directory '/mnt/lustre/scratch/nlsas/home/ulc/cursos/curso341/dask_on_reisa_tests/E2/REISA_ONE_ACTOR/derivative/P128-SN4-LS1-GS134-I10-AN2-D2025-03-07_21-32-23'.
2025-03-07 22:21:16,436	INFO packaging.py:347 -- Pushing file package 'gcs://_ray_pkg_f9a929f2b55483bf.zip' (0.48MiB) to Ray cluster...
2025-03-07 22:21:16,441	INFO packaging.py:360 -- Successfully pushed file package 'gcs://_ray_pkg_f9a929f2b55483bf.zip'.
RAY_INIT_TIME:       3.15259
Iter [0]
Iter [1]
Iter [2]
Iter [3]
Iter [4]
Iter [5]
Iter [6]
Iter [7]
Iter [8]
Iter [9]
GLOBAL_PUT_TIME:     0.05451846122741699 (avg:0.00545)
ACTOR_CONCURRENCY:   8
EST_ANALYTICS_TIME:  30.96124 (avg:3.09612)
SIMULATION_TIME:     30.174845144999995 (avg: 3.017484514500000)
SIM_WTHOUT_PDI:      13.230083135999999 (avg: 1.323008313600000)
PDI_DELAY:           16.944762008999994 (avg: 1.694476200899999)

GLOBAL_SIZE_(GiB):   131072
LOCAL_SIZE_(MiB):    1
ITERATIONS:          10

MPI_PER_NODE:        32
MPI_PARALLELISM:     128

WORKER_NODES:        2
CPUS_PER_WORKER:     64
WORKER_PARALLELISM:  128


SLURM_JOB_ID:        10908883

Slurm job finished at 07/03/2025_10:21:51 PM

*****************************************************************************
*                                                                           *
*                    JOB EFFICIENCY REPORT (seff 10908883)                   *
*                                                                           *
*****************************************************************************

Job ID: 10908883
Cluster: finisterrae3
User/Group: curso341/ulc
State: COMPLETED (exit code 0)
Nodes: 7
Cores per node: 64
CPU Utilized: 00:39:30
CPU Efficiency: 8.53% of 07:42:56 core-walltime
Job Wall-clock time: 00:01:02
Memory Utilized: 308.16 MB
Memory Efficiency: 0.02% of 1.48 TB

 +++++++++++++++++++++++++++++++++++++++++++++++++++++++++++++++++++++++++++
 ++   Memory Efficiency is too small. Please review the requested memory. ++
 ++ It seems that you do not need that much memory so we recommend        ++
 ++ requesting less memory in other similar jobs.                         ++
 +++++++++++++++++++++++++++++++++++++++++++++++++++++++++++++++++++++++++++
 
*****************************************************************************


*****************************************************************************
*                                                                           *
*                    JOB EFFICIENCY REPORT (seff 10908883)                   *
*                                                                           *
*****************************************************************************

Job ID: 10908883
Cluster: finisterrae3
User/Group: curso341/ulc
State: COMPLETED (exit code 0)
Nodes: 7
Cores per node: 64
CPU Utilized: 00:39:30
CPU Efficiency: 8.53% of 07:42:56 core-walltime
Job Wall-clock time: 00:01:02
Memory Utilized: 308.16 MB
Memory Efficiency: 0.02% of 1.48 TB

 +++++++++++++++++++++++++++++++++++++++++++++++++++++++++++++++++++++++++++
 ++   Memory Efficiency is too small. Please review the requested memory. ++
 ++ It seems that you do not need that much memory so we recommend        ++
 ++ requesting less memory in other similar jobs.                         ++
 +++++++++++++++++++++++++++++++++++++++++++++++++++++++++++++++++++++++++++
 
*****************************************************************************


*****************************************************************************
*                                                                           *
*                    JOB EFFICIENCY REPORT (seff 10908883)                   *
*                                                                           *
*****************************************************************************

Job ID: 10908883
Cluster: finisterrae3
User/Group: curso341/ulc
State: COMPLETED (exit code 0)
Nodes: 7
Cores per node: 64
CPU Utilized: 00:39:30
CPU Efficiency: 8.53% of 07:42:56 core-walltime
Job Wall-clock time: 00:01:02
Memory Utilized: 308.16 MB
Memory Efficiency: 0.02% of 1.48 TB

 +++++++++++++++++++++++++++++++++++++++++++++++++++++++++++++++++++++++++++
 ++   Memory Efficiency is too small. Please review the requested memory. ++
 ++ It seems that you do not need that much memory so we recommend        ++
 ++ requesting less memory in other similar jobs.                         ++
 +++++++++++++++++++++++++++++++++++++++++++++++++++++++++++++++++++++++++++
 
*****************************************************************************


*****************************************************************************
*                                                                           *
*                    JOB EFFICIENCY REPORT (seff 10908883)                   *
*                                                                           *
*****************************************************************************

Job ID: 10908883
Cluster: finisterrae3
User/Group: curso341/ulc
State: COMPLETED (exit code 0)
Nodes: 7
Cores per node: 64
CPU Utilized: 00:39:30
CPU Efficiency: 8.53% of 07:42:56 core-walltime
Job Wall-clock time: 00:01:02
Memory Utilized: 308.16 MB
Memory Efficiency: 0.02% of 1.48 TB

 +++++++++++++++++++++++++++++++++++++++++++++++++++++++++++++++++++++++++++
 ++   Memory Efficiency is too small. Please review the requested memory. ++
 ++ It seems that you do not need that much memory so we recommend        ++
 ++ requesting less memory in other similar jobs.                         ++
 +++++++++++++++++++++++++++++++++++++++++++++++++++++++++++++++++++++++++++
 
*****************************************************************************


*****************************************************************************
*                                                                           *
*                    JOB EFFICIENCY REPORT (seff 10908883)                   *
*                                                                           *
*****************************************************************************

Job ID: 10908883
Cluster: finisterrae3
User/Group: curso341/ulc
State: COMPLETED (exit code 0)
Nodes: 7
Cores per node: 64
CPU Utilized: 00:39:30
CPU Efficiency: 8.53% of 07:42:56 core-walltime
Job Wall-clock time: 00:01:02
Memory Utilized: 308.16 MB
Memory Efficiency: 0.02% of 1.48 TB

 +++++++++++++++++++++++++++++++++++++++++++++++++++++++++++++++++++++++++++
 ++   Memory Efficiency is too small. Please review the requested memory. ++
 ++ It seems that you do not need that much memory so we recommend        ++
 ++ requesting less memory in other similar jobs.                         ++
 +++++++++++++++++++++++++++++++++++++++++++++++++++++++++++++++++++++++++++
 
*****************************************************************************


*****************************************************************************
*                                                                           *
*                    JOB EFFICIENCY REPORT (seff 10908883)                   *
*                                                                           *
*****************************************************************************

Job ID: 10908883
Cluster: finisterrae3
User/Group: curso341/ulc
State: COMPLETED (exit code 0)
Nodes: 7
Cores per node: 64
CPU Utilized: 00:39:30
CPU Efficiency: 8.53% of 07:42:56 core-walltime
Job Wall-clock time: 00:01:02
Memory Utilized: 308.16 MB
Memory Efficiency: 0.02% of 1.48 TB

 +++++++++++++++++++++++++++++++++++++++++++++++++++++++++++++++++++++++++++
 ++   Memory Efficiency is too small. Please review the requested memory. ++
 ++ It seems that you do not need that much memory so we recommend        ++
 ++ requesting less memory in other similar jobs.                         ++
 +++++++++++++++++++++++++++++++++++++++++++++++++++++++++++++++++++++++++++
 
*****************************************************************************


*****************************************************************************
*                                                                           *
*                    JOB EFFICIENCY REPORT (seff 10908883)                   *
*                                                                           *
*****************************************************************************

Job ID: 10908883
Cluster: finisterrae3
User/Group: curso341/ulc
State: COMPLETED (exit code 0)
Nodes: 7
Cores per node: 64
CPU Utilized: 00:39:50
CPU Efficiency: 8.60% of 07:42:56 core-walltime
Job Wall-clock time: 00:01:02
Memory Utilized: 639.16 MB
Memory Efficiency: 0.04% of 1.48 TB

 +++++++++++++++++++++++++++++++++++++++++++++++++++++++++++++++++++++++++++
 ++   Memory Efficiency is too small. Please review the requested memory. ++
 ++ It seems that you do not need that much memory so we recommend        ++
 ++ requesting less memory in other similar jobs.                         ++
 +++++++++++++++++++++++++++++++++++++++++++++++++++++++++++++++++++++++++++
 
*****************************************************************************

