slurmstepd: info: Setting TMPDIR to /scratch/10934000. Previous errors about TMPDIR can be discarded
Slurm job started at 10/03/2025_11:36:00 PM

In transit.
Initing Ray (1 head node + 4 worker nodes + 4 simulation nodes) on nodes: 
	ilk-120 ilk-121 ilk-122 ilk-123 ilk-127 ilk-131 ilk-133 ilk-134 ilk-135
Head node: 172.30.203.24:6379


RAY_DEPLOY_TIME:     24.25091
2025-03-10 23:36:28,536	INFO packaging.py:520 -- Creating a file package for local directory '/mnt/lustre/scratch/nlsas/home/ulc/cursos/curso341/dask_on_reisa_tests/E5/DASK_ON_REISA_ONE_ACTOR/derivative/P8-SN4-LS268-GS2147-I10-AN4-D2025-03-10_22-50-20'.
2025-03-10 23:36:28,564	INFO packaging.py:347 -- Pushing file package 'gcs://_ray_pkg_22599f7d9bb38105.zip' (0.48MiB) to Ray cluster...
2025-03-10 23:36:28,570	INFO packaging.py:360 -- Successfully pushed file package 'gcs://_ray_pkg_22599f7d9bb38105.zip'.
RAY_INIT_TIME:       5.07190
Iter [0]
Iter [1]
Iter [2]
Iter [3]
Iter [4]
Iter [5]
Iter [6]
Iter [7]
Iter [8]
Iter [9]
GLOBAL_PUT_TIME:     4.310606956481934 (avg:0.43106)
ACTOR_CONCURRENCY:   8
SIMULATION_TIME:     42.019376858000001 (avg: 4.201937685800000)
SIM_WTHOUT_PDI:      26.123221112999996 (avg: 2.612322111300000)
PDI_DELAY:           15.896155745000005 (avg: 1.589615574500000)

GLOBAL_SIZE_(GiB):   2097152
LOCAL_SIZE_(MiB):    256
ITERATIONS:          10

MPI_PER_NODE:        2
MPI_PARALLELISM:     8

WORKER_NODES:        4
CPUS_PER_WORKER:     64
WORKER_PARALLELISM:  256


SLURM_JOB_ID:        10934000
EST_ANALYTICS_TIME:  168.13946 (avg:16.81395)

Slurm job finished at 10/03/2025_11:39:21 PM

*****************************************************************************
*                                                                           *
*                    JOB EFFICIENCY REPORT (seff 10934000)                   *
*                                                                           *
*****************************************************************************

Job ID: 10934000
Cluster: finisterrae3
User/Group: curso341/ulc
State: COMPLETED (exit code 0)
Nodes: 9
Cores per node: 64
CPU Utilized: 00:05:58
CPU Efficiency: 0.31% of 1-08:19:12 core-walltime
Job Wall-clock time: 00:03:22
Memory Utilized: 1.52 GB
Memory Efficiency: 0.08% of 1.91 TB

 +++++++++++++++++++++++++++++++++++++++++++++++++++++++++++++++++++++++++++
 ++   Memory Efficiency is too small. Please review the requested memory. ++
 ++ It seems that you do not need that much memory so we recommend        ++
 ++ requesting less memory in other similar jobs.                         ++
 +++++++++++++++++++++++++++++++++++++++++++++++++++++++++++++++++++++++++++
 
*****************************************************************************


*****************************************************************************
*                                                                           *
*                    JOB EFFICIENCY REPORT (seff 10934000)                   *
*                                                                           *
*****************************************************************************

Job ID: 10934000
Cluster: finisterrae3
User/Group: curso341/ulc
State: COMPLETED (exit code 0)
Nodes: 9
Cores per node: 64
CPU Utilized: 00:05:58
CPU Efficiency: 0.31% of 1-08:19:12 core-walltime
Job Wall-clock time: 00:03:22
Memory Utilized: 1.52 GB
Memory Efficiency: 0.08% of 1.91 TB

 +++++++++++++++++++++++++++++++++++++++++++++++++++++++++++++++++++++++++++
 ++   Memory Efficiency is too small. Please review the requested memory. ++
 ++ It seems that you do not need that much memory so we recommend        ++
 ++ requesting less memory in other similar jobs.                         ++
 +++++++++++++++++++++++++++++++++++++++++++++++++++++++++++++++++++++++++++
 
*****************************************************************************


*****************************************************************************
*                                                                           *
*                    JOB EFFICIENCY REPORT (seff 10934000)                   *
*                                                                           *
*****************************************************************************

Job ID: 10934000
Cluster: finisterrae3
User/Group: curso341/ulc
State: COMPLETED (exit code 0)
Nodes: 9
Cores per node: 64
CPU Utilized: 00:06:25
CPU Efficiency: 0.33% of 1-08:19:12 core-walltime
Job Wall-clock time: 00:03:22
Memory Utilized: 1.52 GB
Memory Efficiency: 0.08% of 1.91 TB

 +++++++++++++++++++++++++++++++++++++++++++++++++++++++++++++++++++++++++++
 ++   Memory Efficiency is too small. Please review the requested memory. ++
 ++ It seems that you do not need that much memory so we recommend        ++
 ++ requesting less memory in other similar jobs.                         ++
 +++++++++++++++++++++++++++++++++++++++++++++++++++++++++++++++++++++++++++
 
*****************************************************************************


*****************************************************************************
*                                                                           *
*                    JOB EFFICIENCY REPORT (seff 10934000)                   *
*                                                                           *
*****************************************************************************

Job ID: 10934000
Cluster: finisterrae3
User/Group: curso341/ulc
State: COMPLETED (exit code 0)
Nodes: 9
Cores per node: 64
CPU Utilized: 00:06:25
CPU Efficiency: 0.33% of 1-08:19:12 core-walltime
Job Wall-clock time: 00:03:22
Memory Utilized: 1.52 GB
Memory Efficiency: 0.08% of 1.91 TB

 +++++++++++++++++++++++++++++++++++++++++++++++++++++++++++++++++++++++++++
 ++   Memory Efficiency is too small. Please review the requested memory. ++
 ++ It seems that you do not need that much memory so we recommend        ++
 ++ requesting less memory in other similar jobs.                         ++
 +++++++++++++++++++++++++++++++++++++++++++++++++++++++++++++++++++++++++++
 
*****************************************************************************


*****************************************************************************
*                                                                           *
*                    JOB EFFICIENCY REPORT (seff 10934000)                   *
*                                                                           *
*****************************************************************************

Job ID: 10934000
Cluster: finisterrae3
User/Group: curso341/ulc
State: COMPLETED (exit code 0)
Nodes: 9
Cores per node: 64
CPU Utilized: 00:06:25
CPU Efficiency: 0.33% of 1-08:19:12 core-walltime
Job Wall-clock time: 00:03:22
Memory Utilized: 1.52 GB
Memory Efficiency: 0.08% of 1.91 TB

 +++++++++++++++++++++++++++++++++++++++++++++++++++++++++++++++++++++++++++
 ++   Memory Efficiency is too small. Please review the requested memory. ++
 ++ It seems that you do not need that much memory so we recommend        ++
 ++ requesting less memory in other similar jobs.                         ++
 +++++++++++++++++++++++++++++++++++++++++++++++++++++++++++++++++++++++++++
 
*****************************************************************************


*****************************************************************************
*                                                                           *
*                    JOB EFFICIENCY REPORT (seff 10934000)                   *
*                                                                           *
*****************************************************************************

Job ID: 10934000
Cluster: finisterrae3
User/Group: curso341/ulc
State: COMPLETED (exit code 0)
Nodes: 9
Cores per node: 64
CPU Utilized: 00:14:51
CPU Efficiency: 0.77% of 1-08:19:12 core-walltime
Job Wall-clock time: 00:03:22
Memory Utilized: 8.61 GB
Memory Efficiency: 0.44% of 1.91 TB

 +++++++++++++++++++++++++++++++++++++++++++++++++++++++++++++++++++++++++++
 ++   Memory Efficiency is too small. Please review the requested memory. ++
 ++ It seems that you do not need that much memory so we recommend        ++
 ++ requesting less memory in other similar jobs.                         ++
 +++++++++++++++++++++++++++++++++++++++++++++++++++++++++++++++++++++++++++
 
*****************************************************************************


*****************************************************************************
*                                                                           *
*                    JOB EFFICIENCY REPORT (seff 10934000)                   *
*                                                                           *
*****************************************************************************

Job ID: 10934000
Cluster: finisterrae3
User/Group: curso341/ulc
State: COMPLETED (exit code 0)
Nodes: 9
Cores per node: 64
CPU Utilized: 00:44:05
CPU Efficiency: 2.27% of 1-08:19:12 core-walltime
Job Wall-clock time: 00:03:22
Memory Utilized: 11.61 GB
Memory Efficiency: 0.59% of 1.91 TB

 +++++++++++++++++++++++++++++++++++++++++++++++++++++++++++++++++++++++++++
 ++   Memory Efficiency is too small. Please review the requested memory. ++
 ++ It seems that you do not need that much memory so we recommend        ++
 ++ requesting less memory in other similar jobs.                         ++
 +++++++++++++++++++++++++++++++++++++++++++++++++++++++++++++++++++++++++++
 
*****************************************************************************


*****************************************************************************
*                                                                           *
*                    JOB EFFICIENCY REPORT (seff 10934000)                   *
*                                                                           *
*****************************************************************************

Job ID: 10934000
Cluster: finisterrae3
User/Group: curso341/ulc
State: COMPLETED (exit code 0)
Nodes: 9
Cores per node: 64
CPU Utilized: 00:44:05
CPU Efficiency: 2.27% of 1-08:19:12 core-walltime
Job Wall-clock time: 00:03:22
Memory Utilized: 11.61 GB
Memory Efficiency: 0.59% of 1.91 TB

 +++++++++++++++++++++++++++++++++++++++++++++++++++++++++++++++++++++++++++
 ++   Memory Efficiency is too small. Please review the requested memory. ++
 ++ It seems that you do not need that much memory so we recommend        ++
 ++ requesting less memory in other similar jobs.                         ++
 +++++++++++++++++++++++++++++++++++++++++++++++++++++++++++++++++++++++++++
 
*****************************************************************************


*****************************************************************************
*                                                                           *
*                    JOB EFFICIENCY REPORT (seff 10934000)                   *
*                                                                           *
*****************************************************************************

Job ID: 10934000
Cluster: finisterrae3
User/Group: curso341/ulc
State: COMPLETED (exit code 0)
Nodes: 9
Cores per node: 64
CPU Utilized: 00:50:08
CPU Efficiency: 2.59% of 1-08:19:12 core-walltime
Job Wall-clock time: 00:03:22
Memory Utilized: 17.49 GB
Memory Efficiency: 0.90% of 1.91 TB

 +++++++++++++++++++++++++++++++++++++++++++++++++++++++++++++++++++++++++++
 ++   Memory Efficiency is too small. Please review the requested memory. ++
 ++ It seems that you do not need that much memory so we recommend        ++
 ++ requesting less memory in other similar jobs.                         ++
 +++++++++++++++++++++++++++++++++++++++++++++++++++++++++++++++++++++++++++
 
*****************************************************************************

