slurmstepd: info: Setting TMPDIR to /scratch/10781198. Previous errors about TMPDIR can be discarded
Slurm job started at 26/02/2025_12:53:28 PM

In transit.
Initing Ray (1 head node + 2 worker nodes + 2 simulation nodes) on nodes: 
	ilk-106 ilk-107 ilk-129 ilk-131 ilk-132
Head node: 172.30.203.10:6379


RAY_DEPLOY_TIME:     22.41002
RAY_INIT_TIME:       2.56793
Iter [0]
2025-02-26 12:53:54,681	INFO packaging.py:520 -- Creating a file package for local directory '/mnt/lustre/scratch/nlsas/home/ulc/cursos/curso341/dask_on_reisa_tests/E2/REISA/reduction/P4-SN2-LS268-GS1073-I25-AN2-D2025-02-26_11-02-05'.
2025-02-26 12:53:54,708	INFO packaging.py:347 -- Pushing file package 'gcs://_ray_pkg_4f43b2cace57871d.zip' (0.48MiB) to Ray cluster...
2025-02-26 12:53:54,715	INFO packaging.py:360 -- Successfully pushed file package 'gcs://_ray_pkg_4f43b2cace57871d.zip'.
Iter [2]
Iter [4]
Iter [6]
Iter [8]
Iter [10]
Iter [12]
Iter [14]
Iter [16]
Iter [18]
Iter [20]
Iter [22]
Iter [24]
EST_ANALYTICS_TIME:  67.86679 (avg:2.71467)
GLOBAL_PUT_TIME:     9.783987045288086 (avg:0.39136)
ACTOR_CONCURRENCY:   8
SIMULATION_TIME:     72.248767506999997 (avg: 2.889950700280000)
SIM_WTHOUT_PDI:      59.280017565999955 (avg: 2.371200702639998)
PDI_DELAY:           12.968749941000041 (avg: 0.518749997640002)

GLOBAL_SIZE_(GiB):   1048576
LOCAL_SIZE_(MiB):    256
ITERATIONS:          25

MPI_PER_NODE:        2
MPI_PARALLELISM:     4

WORKER_NODES:        2
CPUS_PER_WORKER:     30
WORKER_PARALLELISM:  60


SLURM_JOB_ID:        10781198

Slurm job finished at 26/02/2025_12:55:07 PM

*****************************************************************************
*                                                                           *
*                    JOB EFFICIENCY REPORT (seff 10781198)                   *
*                                                                           *
*****************************************************************************

Job ID: 10781198
Cluster: finisterrae3
User/Group: curso341/ulc
State: COMPLETED (exit code 0)
Nodes: 5
Cores per node: 40
CPU Utilized: 00:05:21
CPU Efficiency: 1.57% of 05:40:00 core-walltime
Job Wall-clock time: 00:01:42
Memory Utilized: 1.23 GB
Memory Efficiency: 0.15% of 800.00 GB

 +++++++++++++++++++++++++++++++++++++++++++++++++++++++++++++++++++++++++++
 ++   Memory Efficiency is too small. Please review the requested memory. ++
 ++ It seems that you do not need that much memory so we recommend        ++
 ++ requesting less memory in other similar jobs.                         ++
 +++++++++++++++++++++++++++++++++++++++++++++++++++++++++++++++++++++++++++
 
*****************************************************************************


*****************************************************************************
*                                                                           *
*                    JOB EFFICIENCY REPORT (seff 10781198)                   *
*                                                                           *
*****************************************************************************

Job ID: 10781198
Cluster: finisterrae3
User/Group: curso341/ulc
State: COMPLETED (exit code 0)
Nodes: 5
Cores per node: 40
CPU Utilized: 00:05:32
CPU Efficiency: 1.63% of 05:40:00 core-walltime
Job Wall-clock time: 00:01:42
Memory Utilized: 1.23 GB
Memory Efficiency: 0.15% of 800.00 GB

 +++++++++++++++++++++++++++++++++++++++++++++++++++++++++++++++++++++++++++
 ++   Memory Efficiency is too small. Please review the requested memory. ++
 ++ It seems that you do not need that much memory so we recommend        ++
 ++ requesting less memory in other similar jobs.                         ++
 +++++++++++++++++++++++++++++++++++++++++++++++++++++++++++++++++++++++++++
 
*****************************************************************************


*****************************************************************************
*                                                                           *
*                    JOB EFFICIENCY REPORT (seff 10781198)                   *
*                                                                           *
*****************************************************************************

Job ID: 10781198
Cluster: finisterrae3
User/Group: curso341/ulc
State: COMPLETED (exit code 0)
Nodes: 5
Cores per node: 40
CPU Utilized: 00:09:57
CPU Efficiency: 2.93% of 05:40:00 core-walltime
Job Wall-clock time: 00:01:42
Memory Utilized: 2.70 GB
Memory Efficiency: 0.34% of 800.00 GB

 +++++++++++++++++++++++++++++++++++++++++++++++++++++++++++++++++++++++++++
 ++   Memory Efficiency is too small. Please review the requested memory. ++
 ++ It seems that you do not need that much memory so we recommend        ++
 ++ requesting less memory in other similar jobs.                         ++
 +++++++++++++++++++++++++++++++++++++++++++++++++++++++++++++++++++++++++++
 
*****************************************************************************


*****************************************************************************
*                                                                           *
*                    JOB EFFICIENCY REPORT (seff 10781198)                   *
*                                                                           *
*****************************************************************************

Job ID: 10781198
Cluster: finisterrae3
User/Group: curso341/ulc
State: COMPLETED (exit code 0)
Nodes: 5
Cores per node: 40
CPU Utilized: 00:09:57
CPU Efficiency: 2.93% of 05:40:00 core-walltime
Job Wall-clock time: 00:01:42
Memory Utilized: 2.70 GB
Memory Efficiency: 0.34% of 800.00 GB

 +++++++++++++++++++++++++++++++++++++++++++++++++++++++++++++++++++++++++++
 ++   Memory Efficiency is too small. Please review the requested memory. ++
 ++ It seems that you do not need that much memory so we recommend        ++
 ++ requesting less memory in other similar jobs.                         ++
 +++++++++++++++++++++++++++++++++++++++++++++++++++++++++++++++++++++++++++
 
*****************************************************************************


*****************************************************************************
*                                                                           *
*                    JOB EFFICIENCY REPORT (seff 10781198)                   *
*                                                                           *
*****************************************************************************

Job ID: 10781198
Cluster: finisterrae3
User/Group: curso341/ulc
State: COMPLETED (exit code 0)
Nodes: 5
Cores per node: 40
CPU Utilized: 00:09:57
CPU Efficiency: 2.93% of 05:40:00 core-walltime
Job Wall-clock time: 00:01:42
Memory Utilized: 2.70 GB
Memory Efficiency: 0.34% of 800.00 GB

 +++++++++++++++++++++++++++++++++++++++++++++++++++++++++++++++++++++++++++
 ++   Memory Efficiency is too small. Please review the requested memory. ++
 ++ It seems that you do not need that much memory so we recommend        ++
 ++ requesting less memory in other similar jobs.                         ++
 +++++++++++++++++++++++++++++++++++++++++++++++++++++++++++++++++++++++++++
 
*****************************************************************************

