slurmstepd: info: Setting TMPDIR to /scratch/10925237. Previous errors about TMPDIR can be discarded
Slurm job started at 09/03/2025_07:57:49 PM

In transit.
Initing Ray (1 head node + 2 worker nodes + 4 simulation nodes) on nodes: 
	ilk-172 ilk-244 ilk-245 ilk-246 ilk-247 ilk-248 ilk-253
Head node: 172.30.204.28:6379


RAY_DEPLOY_TIME:     24.96229
2025-03-09 19:58:16,884	INFO packaging.py:520 -- Creating a file package for local directory '/mnt/lustre/scratch/nlsas/home/ulc/cursos/curso341/dask_on_reisa_tests/E4/REISA/reduction/P128-SN4-LS1-GS134-I20-AN2-D2025-03-09_18-43-01'.
2025-03-09 19:58:16,909	INFO packaging.py:347 -- Pushing file package 'gcs://_ray_pkg_29a47197726ee8fc.zip' (0.48MiB) to Ray cluster...
2025-03-09 19:58:16,915	INFO packaging.py:360 -- Successfully pushed file package 'gcs://_ray_pkg_29a47197726ee8fc.zip'.
RAY_INIT_TIME:       4.02703
Iter [0]
Iter [2]
Iter [4]
Iter [6]
Iter [8]
Iter [10]
Iter [12]
Iter [14]
Iter [16]
Iter [18]
GLOBAL_PUT_TIME:     0.06687211990356445 (avg:0.00334)
ACTOR_CONCURRENCY:   8
EST_ANALYTICS_TIME:  10.60789 (avg:0.53039)
SIMULATION_TIME:     10.365468633999999 (avg: 0.518273431700000)
SIM_WTHOUT_PDI:      3.607221245000003 (avg: 0.180361062250000)
PDI_DELAY:           6.758247388999996 (avg: 0.337912369450000)

GLOBAL_SIZE_(GiB):   131072
LOCAL_SIZE_(MiB):    1
ITERATIONS:          20

MPI_PER_NODE:        32
MPI_PARALLELISM:     128

WORKER_NODES:        2
CPUS_PER_WORKER:     64
WORKER_PARALLELISM:  128


SLURM_JOB_ID:        10925237

Slurm job finished at 09/03/2025_07:58:32 PM

*****************************************************************************
*                                                                           *
*                    JOB EFFICIENCY REPORT (seff 10925237)                   *
*                                                                           *
*****************************************************************************

Job ID: 10925237
Cluster: finisterrae3
User/Group: curso341/ulc
State: COMPLETED (exit code 0)
Nodes: 7
Cores per node: 64
CPU Utilized: 00:17:25
CPU Efficiency: 5.30% of 05:28:32 core-walltime
Job Wall-clock time: 00:00:44
Memory Utilized: 24.53 GB (estimated maximum)
Memory Efficiency: 1.61% of 1.48 TB (3.39 GB/core)

 +++++++++++++++++++++++++++++++++++++++++++++++++++++++++++++++++++++++++++
 ++   Memory Efficiency is too small. Please review the requested memory. ++
 ++ It seems that you do not need that much memory so we recommend        ++
 ++ requesting less memory in other similar jobs.                         ++
 +++++++++++++++++++++++++++++++++++++++++++++++++++++++++++++++++++++++++++
 
*****************************************************************************


*****************************************************************************
*                                                                           *
*                    JOB EFFICIENCY REPORT (seff 10925237)                   *
*                                                                           *
*****************************************************************************

Job ID: 10925237
Cluster: finisterrae3
User/Group: curso341/ulc
State: COMPLETED (exit code 0)
Nodes: 7
Cores per node: 64
CPU Utilized: 00:17:25
CPU Efficiency: 5.30% of 05:28:32 core-walltime
Job Wall-clock time: 00:00:44
Memory Utilized: 24.53 GB (estimated maximum)
Memory Efficiency: 1.61% of 1.48 TB (3.39 GB/core)

 +++++++++++++++++++++++++++++++++++++++++++++++++++++++++++++++++++++++++++
 ++   Memory Efficiency is too small. Please review the requested memory. ++
 ++ It seems that you do not need that much memory so we recommend        ++
 ++ requesting less memory in other similar jobs.                         ++
 +++++++++++++++++++++++++++++++++++++++++++++++++++++++++++++++++++++++++++
 
*****************************************************************************


*****************************************************************************
*                                                                           *
*                    JOB EFFICIENCY REPORT (seff 10925237)                   *
*                                                                           *
*****************************************************************************

Job ID: 10925237
Cluster: finisterrae3
User/Group: curso341/ulc
State: COMPLETED (exit code 0)
Nodes: 7
Cores per node: 64
CPU Utilized: 00:17:25
CPU Efficiency: 5.30% of 05:28:32 core-walltime
Job Wall-clock time: 00:00:44
Memory Utilized: 24.53 GB (estimated maximum)
Memory Efficiency: 1.61% of 1.48 TB (3.39 GB/core)

 +++++++++++++++++++++++++++++++++++++++++++++++++++++++++++++++++++++++++++
 ++   Memory Efficiency is too small. Please review the requested memory. ++
 ++ It seems that you do not need that much memory so we recommend        ++
 ++ requesting less memory in other similar jobs.                         ++
 +++++++++++++++++++++++++++++++++++++++++++++++++++++++++++++++++++++++++++
 
*****************************************************************************


*****************************************************************************
*                                                                           *
*                    JOB EFFICIENCY REPORT (seff 10925237)                   *
*                                                                           *
*****************************************************************************

Job ID: 10925237
Cluster: finisterrae3
User/Group: curso341/ulc
State: COMPLETED (exit code 0)
Nodes: 7
Cores per node: 64
CPU Utilized: 00:17:25
CPU Efficiency: 5.30% of 05:28:32 core-walltime
Job Wall-clock time: 00:00:44
Memory Utilized: 24.53 GB (estimated maximum)
Memory Efficiency: 1.61% of 1.48 TB (3.39 GB/core)

 +++++++++++++++++++++++++++++++++++++++++++++++++++++++++++++++++++++++++++
 ++   Memory Efficiency is too small. Please review the requested memory. ++
 ++ It seems that you do not need that much memory so we recommend        ++
 ++ requesting less memory in other similar jobs.                         ++
 +++++++++++++++++++++++++++++++++++++++++++++++++++++++++++++++++++++++++++
 
*****************************************************************************


*****************************************************************************
*                                                                           *
*                    JOB EFFICIENCY REPORT (seff 10925237)                   *
*                                                                           *
*****************************************************************************

Job ID: 10925237
Cluster: finisterrae3
User/Group: curso341/ulc
State: COMPLETED (exit code 0)
Nodes: 7
Cores per node: 64
CPU Utilized: 00:21:11
CPU Efficiency: 6.45% of 05:28:32 core-walltime
Job Wall-clock time: 00:00:44
Memory Utilized: 8.09 GB
Memory Efficiency: 0.53% of 1.48 TB

 +++++++++++++++++++++++++++++++++++++++++++++++++++++++++++++++++++++++++++
 ++   Memory Efficiency is too small. Please review the requested memory. ++
 ++ It seems that you do not need that much memory so we recommend        ++
 ++ requesting less memory in other similar jobs.                         ++
 +++++++++++++++++++++++++++++++++++++++++++++++++++++++++++++++++++++++++++
 
*****************************************************************************


*****************************************************************************
*                                                                           *
*                    JOB EFFICIENCY REPORT (seff 10925237)                   *
*                                                                           *
*****************************************************************************

Job ID: 10925237
Cluster: finisterrae3
User/Group: curso341/ulc
State: COMPLETED (exit code 0)
Nodes: 7
Cores per node: 64
CPU Utilized: 00:25:34
CPU Efficiency: 7.78% of 05:28:32 core-walltime
Job Wall-clock time: 00:00:44
Memory Utilized: 8.09 GB
Memory Efficiency: 0.53% of 1.48 TB

 +++++++++++++++++++++++++++++++++++++++++++++++++++++++++++++++++++++++++++
 ++   Memory Efficiency is too small. Please review the requested memory. ++
 ++ It seems that you do not need that much memory so we recommend        ++
 ++ requesting less memory in other similar jobs.                         ++
 +++++++++++++++++++++++++++++++++++++++++++++++++++++++++++++++++++++++++++
 
*****************************************************************************


*****************************************************************************
*                                                                           *
*                    JOB EFFICIENCY REPORT (seff 10925237)                   *
*                                                                           *
*****************************************************************************

Job ID: 10925237
Cluster: finisterrae3
User/Group: curso341/ulc
State: COMPLETED (exit code 0)
Nodes: 7
Cores per node: 64
CPU Utilized: 00:25:56
CPU Efficiency: 7.89% of 05:28:32 core-walltime
Job Wall-clock time: 00:00:44
Memory Utilized: 8.09 GB
Memory Efficiency: 0.53% of 1.48 TB

 +++++++++++++++++++++++++++++++++++++++++++++++++++++++++++++++++++++++++++
 ++   Memory Efficiency is too small. Please review the requested memory. ++
 ++ It seems that you do not need that much memory so we recommend        ++
 ++ requesting less memory in other similar jobs.                         ++
 +++++++++++++++++++++++++++++++++++++++++++++++++++++++++++++++++++++++++++
 
*****************************************************************************

