slurmstepd: info: Setting TMPDIR to /scratch/10925265. Previous errors about TMPDIR can be discarded
Slurm job started at 09/03/2025_08:57:41 PM

In transit.
Initing Ray (1 head node + 2 worker nodes + 4 simulation nodes) on nodes: 
	ilk-146 ilk-147 ilk-211 ilk-213 ilk-214 ilk-215 ilk-240
Head node: 172.30.204.2:6379


RAY_DEPLOY_TIME:     24.35251
2025-03-09 20:58:08,624	INFO packaging.py:520 -- Creating a file package for local directory '/mnt/lustre/scratch/nlsas/home/ulc/cursos/curso341/dask_on_reisa_tests/E4/REISA_ONE_ACTOR/reduction/P128-SN4-LS1-GS134-I20-AN2-D2025-03-09_18-44-11'.
2025-03-09 20:58:08,650	INFO packaging.py:347 -- Pushing file package 'gcs://_ray_pkg_adcfe7b2a754ef75.zip' (0.48MiB) to Ray cluster...
2025-03-09 20:58:08,657	INFO packaging.py:360 -- Successfully pushed file package 'gcs://_ray_pkg_adcfe7b2a754ef75.zip'.
RAY_INIT_TIME:       4.05317
Iter [0]
Iter [2]
Iter [4]
Iter [6]
Iter [8]
Iter [10]
Iter [12]
Iter [14]
Iter [16]
Iter [18]
GLOBAL_PUT_TIME:     0.11974096298217773 (avg:0.00599)
ACTOR_CONCURRENCY:   8
EST_ANALYTICS_TIME:  58.45981 (avg:2.92299)
SIMULATION_TIME:     57.256599258000001 (avg: 2.862829962900000)
SIM_WTHOUT_PDI:      16.934533251999984 (avg: 0.846726662599999)
PDI_DELAY:           40.322066006000014 (avg: 2.016103300300001)

GLOBAL_SIZE_(GiB):   131072
LOCAL_SIZE_(MiB):    1
ITERATIONS:          20

MPI_PER_NODE:        32
MPI_PARALLELISM:     128

WORKER_NODES:        2
CPUS_PER_WORKER:     64
WORKER_PARALLELISM:  128


SLURM_JOB_ID:        10925265

Slurm job finished at 09/03/2025_08:59:11 PM

*****************************************************************************
*                                                                           *
*                    JOB EFFICIENCY REPORT (seff 10925265)                   *
*                                                                           *
*****************************************************************************

Job ID: 10925265
Cluster: finisterrae3
User/Group: curso341/ulc
State: COMPLETED (exit code 0)
Nodes: 7
Cores per node: 64
CPU Utilized: 01:11:30
CPU Efficiency: 10.52% of 11:19:28 core-walltime
Job Wall-clock time: 00:01:31
Memory Utilized: 4.32 GB
Memory Efficiency: 0.28% of 1.48 TB

 +++++++++++++++++++++++++++++++++++++++++++++++++++++++++++++++++++++++++++
 ++   Memory Efficiency is too small. Please review the requested memory. ++
 ++ It seems that you do not need that much memory so we recommend        ++
 ++ requesting less memory in other similar jobs.                         ++
 +++++++++++++++++++++++++++++++++++++++++++++++++++++++++++++++++++++++++++
 
*****************************************************************************


*****************************************************************************
*                                                                           *
*                    JOB EFFICIENCY REPORT (seff 10925265)                   *
*                                                                           *
*****************************************************************************

Job ID: 10925265
Cluster: finisterrae3
User/Group: curso341/ulc
State: COMPLETED (exit code 0)
Nodes: 7
Cores per node: 64
CPU Utilized: 01:11:30
CPU Efficiency: 10.52% of 11:19:28 core-walltime
Job Wall-clock time: 00:01:31
Memory Utilized: 4.32 GB
Memory Efficiency: 0.28% of 1.48 TB

 +++++++++++++++++++++++++++++++++++++++++++++++++++++++++++++++++++++++++++
 ++   Memory Efficiency is too small. Please review the requested memory. ++
 ++ It seems that you do not need that much memory so we recommend        ++
 ++ requesting less memory in other similar jobs.                         ++
 +++++++++++++++++++++++++++++++++++++++++++++++++++++++++++++++++++++++++++
 
*****************************************************************************


*****************************************************************************
*                                                                           *
*                    JOB EFFICIENCY REPORT (seff 10925265)                   *
*                                                                           *
*****************************************************************************

Job ID: 10925265
Cluster: finisterrae3
User/Group: curso341/ulc
State: COMPLETED (exit code 0)
Nodes: 7
Cores per node: 64
CPU Utilized: 01:11:30
CPU Efficiency: 10.52% of 11:19:28 core-walltime
Job Wall-clock time: 00:01:31
Memory Utilized: 4.32 GB
Memory Efficiency: 0.28% of 1.48 TB

 +++++++++++++++++++++++++++++++++++++++++++++++++++++++++++++++++++++++++++
 ++   Memory Efficiency is too small. Please review the requested memory. ++
 ++ It seems that you do not need that much memory so we recommend        ++
 ++ requesting less memory in other similar jobs.                         ++
 +++++++++++++++++++++++++++++++++++++++++++++++++++++++++++++++++++++++++++
 
*****************************************************************************



*****************************************************************************
*****************************************************************************
*                                                                           *
*                                                                           *
*                    JOB EFFICIENCY REPORT (seff 10925265)                   *
*                    JOB EFFICIENCY REPORT (seff 10925265)                   *
*                                                                           *
*                                                                           *
*****************************************************************************
*****************************************************************************


Job ID: 10925265
Job ID: 10925265
Cluster: finisterrae3
Cluster: finisterrae3
User/Group: curso341/ulc
User/Group: curso341/ulc
State: COMPLETED (exit code 0)
State: COMPLETED (exit code 0)
Nodes: 7
Nodes: 7
Cores per node: 64
Cores per node: 64
CPU Utilized: 01:11:30
CPU Utilized: 01:11:30
CPU Efficiency: 10.52% of 11:19:28 core-walltime
CPU Efficiency: 10.52% of 11:19:28 core-walltime
Job Wall-clock time: 00:01:31
Job Wall-clock time: 00:01:31
Memory Utilized: 4.32 GB
Memory Utilized: 4.32 GB
Memory Efficiency: 0.28% of 1.48 TB
Memory Efficiency: 0.28% of 1.48 TB


 +++++++++++++++++++++++++++++++++++++++++++++++++++++++++++++++++++++++++++
 +++++++++++++++++++++++++++++++++++++++++++++++++++++++++++++++++++++++++++
 ++   Memory Efficiency is too small. Please review the requested memory. ++
 ++   Memory Efficiency is too small. Please review the requested memory. ++
 ++ It seems that you do not need that much memory so we recommend        ++
 ++ It seems that you do not need that much memory so we recommend        ++
 ++ requesting less memory in other similar jobs.                         ++
 ++ requesting less memory in other similar jobs.                         ++
 +++++++++++++++++++++++++++++++++++++++++++++++++++++++++++++++++++++++++++
 +++++++++++++++++++++++++++++++++++++++++++++++++++++++++++++++++++++++++++
 
 
*****************************************************************************
*****************************************************************************



*****************************************************************************
*                                                                           *
*                    JOB EFFICIENCY REPORT (seff 10925265)                   *
*                                                                           *
*****************************************************************************

Job ID: 10925265
Cluster: finisterrae3
User/Group: curso341/ulc
State: COMPLETED (exit code 0)
Nodes: 7
Cores per node: 64
CPU Utilized: 01:11:30
CPU Efficiency: 10.52% of 11:19:28 core-walltime
Job Wall-clock time: 00:01:31
Memory Utilized: 4.32 GB
Memory Efficiency: 0.28% of 1.48 TB

 +++++++++++++++++++++++++++++++++++++++++++++++++++++++++++++++++++++++++++
 ++   Memory Efficiency is too small. Please review the requested memory. ++
 ++ It seems that you do not need that much memory so we recommend        ++
 ++ requesting less memory in other similar jobs.                         ++
 +++++++++++++++++++++++++++++++++++++++++++++++++++++++++++++++++++++++++++
 
*****************************************************************************


*****************************************************************************
*                                                                           *
*                    JOB EFFICIENCY REPORT (seff 10925265)                   *
*                                                                           *
*****************************************************************************

Job ID: 10925265
Cluster: finisterrae3
User/Group: curso341/ulc
State: COMPLETED (exit code 0)
Nodes: 7
Cores per node: 64
CPU Utilized: 01:11:57
CPU Efficiency: 10.59% of 11:19:28 core-walltime
Job Wall-clock time: 00:01:31
Memory Utilized: 4.32 GB
Memory Efficiency: 0.28% of 1.48 TB

 +++++++++++++++++++++++++++++++++++++++++++++++++++++++++++++++++++++++++++
 ++   Memory Efficiency is too small. Please review the requested memory. ++
 ++ It seems that you do not need that much memory so we recommend        ++
 ++ requesting less memory in other similar jobs.                         ++
 +++++++++++++++++++++++++++++++++++++++++++++++++++++++++++++++++++++++++++
 
*****************************************************************************

