slurmstepd: info: Setting TMPDIR to /scratch/10895225. Previous errors about TMPDIR can be discarded
Slurm job started at 07/03/2025_01:45:52 AM

In transit.
Initing Ray (1 head node + 8 worker nodes + 8 simulation nodes) on nodes: 
	ilk-4 ilk-5 ilk-6 ilk-11 ilk-13 ilk-14 ilk-16 ilk-23 ilk-30 ilk-56 ilk-160 ilk-164 ilk-169 ilk-170 ilk-171 ilk-173 ilk-185
Head node: 172.30.201.4:6379


RAY_DEPLOY_TIME:     24.86112
2025-03-07 01:46:19,869	INFO packaging.py:520 -- Creating a file package for local directory '/mnt/lustre/scratch/nlsas/home/ulc/cursos/curso341/dask_on_reisa_tests/E1/REISA_ONE_ACTOR/derivative/P16-SN8-LS536-GS8589-I10-AN8-D2025-03-06_23-16-12'.
2025-03-07 01:46:19,899	INFO packaging.py:347 -- Pushing file package 'gcs://_ray_pkg_f91572e007e55e53.zip' (0.48MiB) to Ray cluster...
2025-03-07 01:46:19,906	INFO packaging.py:360 -- Successfully pushed file package 'gcs://_ray_pkg_f91572e007e55e53.zip'.
RAY_INIT_TIME:       2.50853
Iter [0]
Iter [1]
Iter [2]
Iter [3]
Iter [4]
Iter [5]
Iter [6]
Iter [7]
Iter [8]
Iter [9]
GLOBAL_PUT_TIME:     8.500775575637817 (avg:0.85008)
ACTOR_CONCURRENCY:   8
SIMULATION_TIME:     60.765376277000001 (avg: 6.076537627700000)
SIM_WTHOUT_PDI:      49.121093920000007 (avg: 4.912109392000001)
PDI_DELAY:           11.644282356999994 (avg: 1.164428235700000)

GLOBAL_SIZE_(GiB):   8388608
LOCAL_SIZE_(MiB):    512
ITERATIONS:          10

MPI_PER_NODE:        2
MPI_PARALLELISM:     16

WORKER_NODES:        8
CPUS_PER_WORKER:     64
WORKER_PARALLELISM:  512


SLURM_JOB_ID:        10895225
EST_ANALYTICS_TIME:  70.13351 (avg:7.01335)

Slurm job finished at 07/03/2025_01:47:33 AM

*****************************************************************************
*                                                                           *
*                    JOB EFFICIENCY REPORT (seff 10895225)                   *
*                                                                           *
*****************************************************************************

Job ID: 10895225
Cluster: finisterrae3
User/Group: curso341/ulc
State: COMPLETED (exit code 0)
Nodes: 17
Cores per node: 64
CPU Utilized: 00:16:01
CPU Efficiency: 0.87% of 1-06:49:36 core-walltime
Job Wall-clock time: 00:01:42
Memory Utilized: 19.87 GB (estimated maximum)
Memory Efficiency: 0.54% of 3.60 TB (3.39 GB/core)

 +++++++++++++++++++++++++++++++++++++++++++++++++++++++++++++++++++++++++++
 ++   Memory Efficiency is too small. Please review the requested memory. ++
 ++ It seems that you do not need that much memory so we recommend        ++
 ++ requesting less memory in other similar jobs.                         ++
 +++++++++++++++++++++++++++++++++++++++++++++++++++++++++++++++++++++++++++
 
*****************************************************************************


*****************************************************************************
*                                                                           *
*                    JOB EFFICIENCY REPORT (seff 10895225)                   *
*                                                                           *
*****************************************************************************

Job ID: 10895225
Cluster: finisterrae3
User/Group: curso341/ulc
State: COMPLETED (exit code 0)
Nodes: 17
Cores per node: 64
CPU Utilized: 00:16:01
CPU Efficiency: 0.87% of 1-06:49:36 core-walltime
Job Wall-clock time: 00:01:42
Memory Utilized: 19.87 GB (estimated maximum)
Memory Efficiency: 0.54% of 3.60 TB (3.39 GB/core)

 +++++++++++++++++++++++++++++++++++++++++++++++++++++++++++++++++++++++++++
 ++   Memory Efficiency is too small. Please review the requested memory. ++
 ++ It seems that you do not need that much memory so we recommend        ++
 ++ requesting less memory in other similar jobs.                         ++
 +++++++++++++++++++++++++++++++++++++++++++++++++++++++++++++++++++++++++++
 
*****************************************************************************


*****************************************************************************
*                                                                           *
*                    JOB EFFICIENCY REPORT (seff 10895225)                   *
*                                                                           *
*****************************************************************************

Job ID: 10895225
Cluster: finisterrae3
User/Group: curso341/ulc
State: COMPLETED (exit code 0)
Nodes: 17
Cores per node: 64
CPU Utilized: 00:16:01
CPU Efficiency: 0.87% of 1-06:49:36 core-walltime
Job Wall-clock time: 00:01:42
Memory Utilized: 19.87 GB (estimated maximum)
Memory Efficiency: 0.54% of 3.60 TB (3.39 GB/core)

 +++++++++++++++++++++++++++++++++++++++++++++++++++++++++++++++++++++++++++
 ++   Memory Efficiency is too small. Please review the requested memory. ++
 ++ It seems that you do not need that much memory so we recommend        ++
 ++ requesting less memory in other similar jobs.                         ++
 +++++++++++++++++++++++++++++++++++++++++++++++++++++++++++++++++++++++++++
 
*****************************************************************************


*****************************************************************************
*                                                                           *
*                    JOB EFFICIENCY REPORT (seff 10895225)                   *
*                                                                           *
*****************************************************************************

Job ID: 10895225
Cluster: finisterrae3
User/Group: curso341/ulc
State: COMPLETED (exit code 0)
Nodes: 17
Cores per node: 64
CPU Utilized: 00:16:01
CPU Efficiency: 0.87% of 1-06:49:36 core-walltime
Job Wall-clock time: 00:01:42
Memory Utilized: 19.87 GB (estimated maximum)
Memory Efficiency: 0.54% of 3.60 TB (3.39 GB/core)

 +++++++++++++++++++++++++++++++++++++++++++++++++++++++++++++++++++++++++++
 ++   Memory Efficiency is too small. Please review the requested memory. ++
 ++ It seems that you do not need that much memory so we recommend        ++
 ++ requesting less memory in other similar jobs.                         ++
 +++++++++++++++++++++++++++++++++++++++++++++++++++++++++++++++++++++++++++
 
*****************************************************************************


*****************************************************************************
*                                                                           *
*                    JOB EFFICIENCY REPORT (seff 10895225)                   *
*                                                                           *
*****************************************************************************

Job ID: 10895225
Cluster: finisterrae3
User/Group: curso341/ulc
State: COMPLETED (exit code 0)
Nodes: 17
Cores per node: 64
CPU Utilized: 00:16:01
CPU Efficiency: 0.87% of 1-06:49:36 core-walltime
Job Wall-clock time: 00:01:42
Memory Utilized: 19.87 GB (estimated maximum)
Memory Efficiency: 0.54% of 3.60 TB (3.39 GB/core)

 +++++++++++++++++++++++++++++++++++++++++++++++++++++++++++++++++++++++++++
 ++   Memory Efficiency is too small. Please review the requested memory. ++
 ++ It seems that you do not need that much memory so we recommend        ++
 ++ requesting less memory in other similar jobs.                         ++
 +++++++++++++++++++++++++++++++++++++++++++++++++++++++++++++++++++++++++++
 
*****************************************************************************


*****************************************************************************
*                                                                           *
*                    JOB EFFICIENCY REPORT (seff 10895225)                   *
*                                                                           *
*****************************************************************************

Job ID: 10895225
Cluster: finisterrae3
User/Group: curso341/ulc
State: COMPLETED (exit code 0)
Nodes: 17
Cores per node: 64
CPU Utilized: 00:19:01
CPU Efficiency: 1.03% of 1-06:49:36 core-walltime
Job Wall-clock time: 00:01:42
Memory Utilized: 19.87 GB (estimated maximum)
Memory Efficiency: 0.54% of 3.60 TB (3.39 GB/core)

 +++++++++++++++++++++++++++++++++++++++++++++++++++++++++++++++++++++++++++
 ++   Memory Efficiency is too small. Please review the requested memory. ++
 ++ It seems that you do not need that much memory so we recommend        ++
 ++ requesting less memory in other similar jobs.                         ++
 +++++++++++++++++++++++++++++++++++++++++++++++++++++++++++++++++++++++++++
 
*****************************************************************************


*****************************************************************************
*                                                                           *
*                    JOB EFFICIENCY REPORT (seff 10895225)                   *
*                                                                           *
*****************************************************************************

Job ID: 10895225
Cluster: finisterrae3
User/Group: curso341/ulc
State: COMPLETED (exit code 0)
Nodes: 17
Cores per node: 64
CPU Utilized: 00:19:01
CPU Efficiency: 1.03% of 1-06:49:36 core-walltime
Job Wall-clock time: 00:01:42
Memory Utilized: 19.87 GB (estimated maximum)
Memory Efficiency: 0.54% of 3.60 TB (3.39 GB/core)

 +++++++++++++++++++++++++++++++++++++++++++++++++++++++++++++++++++++++++++
 ++   Memory Efficiency is too small. Please review the requested memory. ++
 ++ It seems that you do not need that much memory so we recommend        ++
 ++ requesting less memory in other similar jobs.                         ++
 +++++++++++++++++++++++++++++++++++++++++++++++++++++++++++++++++++++++++++
 
*****************************************************************************


*****************************************************************************
*                                                                           *
*                    JOB EFFICIENCY REPORT (seff 10895225)                   *
*                                                                           *
*****************************************************************************

Job ID: 10895225
Cluster: finisterrae3
User/Group: curso341/ulc
State: COMPLETED (exit code 0)
Nodes: 17
Cores per node: 64
CPU Utilized: 00:19:01
CPU Efficiency: 1.03% of 1-06:49:36 core-walltime
Job Wall-clock time: 00:01:42
Memory Utilized: 19.87 GB (estimated maximum)
Memory Efficiency: 0.54% of 3.60 TB (3.39 GB/core)

 +++++++++++++++++++++++++++++++++++++++++++++++++++++++++++++++++++++++++++
 ++   Memory Efficiency is too small. Please review the requested memory. ++
 ++ It seems that you do not need that much memory so we recommend        ++
 ++ requesting less memory in other similar jobs.                         ++
 +++++++++++++++++++++++++++++++++++++++++++++++++++++++++++++++++++++++++++
 
*****************************************************************************


*****************************************************************************
*                                                                           *
*                    JOB EFFICIENCY REPORT (seff 10895225)                   *
*                                                                           *
*****************************************************************************

Job ID: 10895225
Cluster: finisterrae3
User/Group: curso341/ulc
State: COMPLETED (exit code 0)
Nodes: 17
Cores per node: 64
CPU Utilized: 00:19:01
CPU Efficiency: 1.03% of 1-06:49:36 core-walltime
Job Wall-clock time: 00:01:42
Memory Utilized: 19.87 GB (estimated maximum)
Memory Efficiency: 0.54% of 3.60 TB (3.39 GB/core)

 +++++++++++++++++++++++++++++++++++++++++++++++++++++++++++++++++++++++++++
 ++   Memory Efficiency is too small. Please review the requested memory. ++
 ++ It seems that you do not need that much memory so we recommend        ++
 ++ requesting less memory in other similar jobs.                         ++
 +++++++++++++++++++++++++++++++++++++++++++++++++++++++++++++++++++++++++++
 
*****************************************************************************



*****************************************************************************
*****************************************************************************
*                                                                           *
*                                                                           *
*                    JOB EFFICIENCY REPORT (seff 10895225)                   *
*                    JOB EFFICIENCY REPORT (seff 10895225)                   *
*                                                                           *

*                                                                           *
*****************************************************************************
*****************************************************************************
*****************************************************************************

*                                                                           *

Job ID: 10895225
*                    JOB EFFICIENCY REPORT (seff 10895225)                   *
Job ID: 10895225
Cluster: finisterrae3
*                                                                           *
Cluster: finisterrae3
User/Group: curso341/ulc
*****************************************************************************
User/Group: curso341/ulc
State: COMPLETED (exit code 0)

State: COMPLETED (exit code 0)
Nodes: 17
Job ID: 10895225
Nodes: 17
Cores per node: 64
Cluster: finisterrae3
Cores per node: 64
CPU Utilized: 00:19:01
User/Group: curso341/ulc
CPU Utilized: 00:19:01
CPU Efficiency: 1.03% of 1-06:49:36 core-walltime
State: COMPLETED (exit code 0)
CPU Efficiency: 1.03% of 1-06:49:36 core-walltime
Job Wall-clock time: 00:01:42
Nodes: 17
Job Wall-clock time: 00:01:42
Memory Utilized: 19.87 GB (estimated maximum)
Cores per node: 64
Memory Utilized: 19.87 GB (estimated maximum)
Memory Efficiency: 0.54% of 3.60 TB (3.39 GB/core)
CPU Utilized: 00:19:01
Memory Efficiency: 0.54% of 3.60 TB (3.39 GB/core)

CPU Efficiency: 1.03% of 1-06:49:36 core-walltime

 +++++++++++++++++++++++++++++++++++++++++++++++++++++++++++++++++++++++++++
Job Wall-clock time: 00:01:42
 +++++++++++++++++++++++++++++++++++++++++++++++++++++++++++++++++++++++++++
 ++   Memory Efficiency is too small. Please review the requested memory. ++
Memory Utilized: 19.87 GB (estimated maximum)
 ++   Memory Efficiency is too small. Please review the requested memory. ++
 ++ It seems that you do not need that much memory so we recommend        ++
Memory Efficiency: 0.54% of 3.60 TB (3.39 GB/core)
 ++ It seems that you do not need that much memory so we recommend        ++
 ++ requesting less memory in other similar jobs.                         ++

 ++ requesting less memory in other similar jobs.                         ++
 +++++++++++++++++++++++++++++++++++++++++++++++++++++++++++++++++++++++++++
 +++++++++++++++++++++++++++++++++++++++++++++++++++++++++++++++++++++++++++
 +++++++++++++++++++++++++++++++++++++++++++++++++++++++++++++++++++++++++++
 
 ++   Memory Efficiency is too small. Please review the requested memory. ++
 
*****************************************************************************
 ++ It seems that you do not need that much memory so we recommend        ++
*****************************************************************************

 ++ requesting less memory in other similar jobs.                         ++

 +++++++++++++++++++++++++++++++++++++++++++++++++++++++++++++++++++++++++++
 
*****************************************************************************


*****************************************************************************
*                                                                           *
*                    JOB EFFICIENCY REPORT (seff 10895225)                   *
*                                                                           *
*****************************************************************************

Job ID: 10895225
Cluster: finisterrae3
User/Group: curso341/ulc
State: COMPLETED (exit code 0)
Nodes: 17
Cores per node: 64
CPU Utilized: 00:19:01
CPU Efficiency: 1.03% of 1-06:49:36 core-walltime
Job Wall-clock time: 00:01:42
Memory Utilized: 19.87 GB (estimated maximum)
Memory Efficiency: 0.54% of 3.60 TB (3.39 GB/core)

 +++++++++++++++++++++++++++++++++++++++++++++++++++++++++++++++++++++++++++
 ++   Memory Efficiency is too small. Please review the requested memory. ++
 ++ It seems that you do not need that much memory so we recommend        ++
 ++ requesting less memory in other similar jobs.                         ++
 +++++++++++++++++++++++++++++++++++++++++++++++++++++++++++++++++++++++++++
 
*****************************************************************************


*****************************************************************************
*                                                                           *
*                    JOB EFFICIENCY REPORT (seff 10895225)                   *
*                                                                           *
*****************************************************************************

Job ID: 10895225
Cluster: finisterrae3
User/Group: curso341/ulc
State: COMPLETED (exit code 0)
Nodes: 17
Cores per node: 64
CPU Utilized: 00:19:23
CPU Efficiency: 1.05% of 1-06:49:36 core-walltime
Job Wall-clock time: 00:01:42
Memory Utilized: 19.87 GB (estimated maximum)
Memory Efficiency: 0.54% of 3.60 TB (3.39 GB/core)

 +++++++++++++++++++++++++++++++++++++++++++++++++++++++++++++++++++++++++++
 ++   Memory Efficiency is too small. Please review the requested memory. ++
 ++ It seems that you do not need that much memory so we recommend        ++
 ++ requesting less memory in other similar jobs.                         ++
 +++++++++++++++++++++++++++++++++++++++++++++++++++++++++++++++++++++++++++
 
*****************************************************************************


*****************************************************************************
*                                                                           *
*                    JOB EFFICIENCY REPORT (seff 10895225)                   *
*                                                                           *
*****************************************************************************

Job ID: 10895225
Cluster: finisterrae3
User/Group: curso341/ulc
State: COMPLETED (exit code 0)
Nodes: 17
Cores per node: 64
CPU Utilized: 00:32:55
CPU Efficiency: 1.78% of 1-06:49:36 core-walltime
Job Wall-clock time: 00:01:42
Memory Utilized: 14.53 GB
Memory Efficiency: 0.39% of 3.60 TB

 +++++++++++++++++++++++++++++++++++++++++++++++++++++++++++++++++++++++++++
 ++   Memory Efficiency is too small. Please review the requested memory. ++
 ++ It seems that you do not need that much memory so we recommend        ++
 ++ requesting less memory in other similar jobs.                         ++
 +++++++++++++++++++++++++++++++++++++++++++++++++++++++++++++++++++++++++++
 
*****************************************************************************


*****************************************************************************
*                                                                           *
*                    JOB EFFICIENCY REPORT (seff 10895225)                   *
*                                                                           *
*****************************************************************************

Job ID: 10895225
Cluster: finisterrae3
User/Group: curso341/ulc
State: COMPLETED (exit code 0)
Nodes: 17
Cores per node: 64
CPU Utilized: 00:32:55
CPU Efficiency: 1.78% of 1-06:49:36 core-walltime
Job Wall-clock time: 00:01:42
Memory Utilized: 14.53 GB
Memory Efficiency: 0.39% of 3.60 TB

 +++++++++++++++++++++++++++++++++++++++++++++++++++++++++++++++++++++++++++
 ++   Memory Efficiency is too small. Please review the requested memory. ++
 ++ It seems that you do not need that much memory so we recommend        ++
 ++ requesting less memory in other similar jobs.                         ++
 +++++++++++++++++++++++++++++++++++++++++++++++++++++++++++++++++++++++++++
 
*****************************************************************************


*****************************************************************************
*                                                                           *
*                    JOB EFFICIENCY REPORT (seff 10895225)                   *
*                                                                           *
*****************************************************************************

Job ID: 10895225
Cluster: finisterrae3
User/Group: curso341/ulc
State: COMPLETED (exit code 0)
Nodes: 17
Cores per node: 64
CPU Utilized: 00:32:55
CPU Efficiency: 1.78% of 1-06:49:36 core-walltime
Job Wall-clock time: 00:01:42
Memory Utilized: 14.53 GB
Memory Efficiency: 0.39% of 3.60 TB

 +++++++++++++++++++++++++++++++++++++++++++++++++++++++++++++++++++++++++++
 ++   Memory Efficiency is too small. Please review the requested memory. ++
 ++ It seems that you do not need that much memory so we recommend        ++
 ++ requesting less memory in other similar jobs.                         ++
 +++++++++++++++++++++++++++++++++++++++++++++++++++++++++++++++++++++++++++
 
*****************************************************************************

