slurmstepd: info: Setting TMPDIR to /scratch/10908878. Previous errors about TMPDIR can be discarded
Slurm job started at 07/03/2025_10:07:54 PM

In transit.
Initing Ray (1 head node + 4 worker nodes + 4 simulation nodes) on nodes: 
	ilk-241 ilk-243 ilk-244 ilk-245 ilk-246 ilk-247 ilk-248 ilk-249 ilk-250
Head node: 172.30.211.14:6379


RAY_DEPLOY_TIME:     23.36054
2025-03-07 22:08:19,776	INFO packaging.py:520 -- Creating a file package for local directory '/mnt/lustre/scratch/nlsas/home/ulc/cursos/curso341/dask_on_reisa_tests/E2/REISA_ONE_ACTOR/derivative/P8-SN4-LS536-GS4294-I10-AN4-D2025-03-07_21-32-10'.
2025-03-07 22:08:19,802	INFO packaging.py:347 -- Pushing file package 'gcs://_ray_pkg_aa017a8317471bb6.zip' (0.48MiB) to Ray cluster...
2025-03-07 22:08:19,809	INFO packaging.py:360 -- Successfully pushed file package 'gcs://_ray_pkg_aa017a8317471bb6.zip'.
RAY_INIT_TIME:       2.44709
Iter [0]
Iter [1]
Iter [2]
Iter [3]
Iter [4]
Iter [5]
Iter [6]
Iter [7]
Iter [8]
Iter [9]
GLOBAL_PUT_TIME:     8.446532726287842 (avg:0.84465)
ACTOR_CONCURRENCY:   8
SIMULATION_TIME:     57.450928920999999 (avg: 5.745092892100000)
SIM_WTHOUT_PDI:      46.924496686999994 (avg: 4.692449668699999)
PDI_DELAY:           10.526432234000005 (avg: 1.052643223400000)

GLOBAL_SIZE_(GiB):   4194304
LOCAL_SIZE_(MiB):    512
ITERATIONS:          10

MPI_PER_NODE:        2
MPI_PARALLELISM:     8

WORKER_NODES:        4
CPUS_PER_WORKER:     64
WORKER_PARALLELISM:  256


SLURM_JOB_ID:        10908878
EST_ANALYTICS_TIME:  58.25734 (avg:5.82573)

Slurm job finished at 07/03/2025_10:09:21 PM

*****************************************************************************
*                                                                           *
*                    JOB EFFICIENCY REPORT (seff 10908878)                   *
*                                                                           *
*****************************************************************************

Job ID: 10908878
Cluster: finisterrae3
User/Group: curso341/ulc
State: COMPLETED (exit code 0)
Nodes: 9
Cores per node: 64
CPU Utilized: 00:07:46
CPU Efficiency: 0.91% of 14:14:24 core-walltime
Job Wall-clock time: 00:01:29
Memory Utilized: 9.90 GB (estimated maximum)
Memory Efficiency: 0.51% of 1.91 TB (3.39 GB/core)

 +++++++++++++++++++++++++++++++++++++++++++++++++++++++++++++++++++++++++++
 ++   Memory Efficiency is too small. Please review the requested memory. ++
 ++ It seems that you do not need that much memory so we recommend        ++
 ++ requesting less memory in other similar jobs.                         ++
 +++++++++++++++++++++++++++++++++++++++++++++++++++++++++++++++++++++++++++
 
*****************************************************************************



*****************************************************************************
*****************************************************************************
*                                                                           *
*                                                                           *
*                    JOB EFFICIENCY REPORT (seff 10908878)                   *
*                    JOB EFFICIENCY REPORT (seff 10908878)                   *
*                                                                           *
*                                                                           *
*****************************************************************************
*****************************************************************************


Job ID: 10908878
Job ID: 10908878
Cluster: finisterrae3
Cluster: finisterrae3
User/Group: curso341/ulc
User/Group: curso341/ulc
State: COMPLETED (exit code 0)
State: COMPLETED (exit code 0)
Nodes: 9
Nodes: 9
Cores per node: 64
Cores per node: 64
CPU Utilized: 00:07:46
CPU Utilized: 00:07:46
CPU Efficiency: 0.91% of 14:14:24 core-walltime
CPU Efficiency: 0.91% of 14:14:24 core-walltime
Job Wall-clock time: 00:01:29
Job Wall-clock time: 00:01:29
Memory Utilized: 9.90 GB (estimated maximum)
Memory Utilized: 9.90 GB (estimated maximum)
Memory Efficiency: 0.51% of 1.91 TB (3.39 GB/core)
Memory Efficiency: 0.51% of 1.91 TB (3.39 GB/core)


 +++++++++++++++++++++++++++++++++++++++++++++++++++++++++++++++++++++++++++
 +++++++++++++++++++++++++++++++++++++++++++++++++++++++++++++++++++++++++++
 ++   Memory Efficiency is too small. Please review the requested memory. ++
 ++   Memory Efficiency is too small. Please review the requested memory. ++
 ++ It seems that you do not need that much memory so we recommend        ++
 ++ It seems that you do not need that much memory so we recommend        ++
 ++ requesting less memory in other similar jobs.                         ++
 ++ requesting less memory in other similar jobs.                         ++
 +++++++++++++++++++++++++++++++++++++++++++++++++++++++++++++++++++++++++++
 +++++++++++++++++++++++++++++++++++++++++++++++++++++++++++++++++++++++++++
 
 
*****************************************************************************
*****************************************************************************



*****************************************************************************
*                                                                           *
*                    JOB EFFICIENCY REPORT (seff 10908878)                   *
*                                                                           *
*****************************************************************************

Job ID: 10908878
Cluster: finisterrae3
User/Group: curso341/ulc
State: COMPLETED (exit code 0)
Nodes: 9
Cores per node: 64
CPU Utilized: 00:09:23
CPU Efficiency: 1.10% of 14:14:24 core-walltime
Job Wall-clock time: 00:01:29
Memory Utilized: 9.90 GB (estimated maximum)
Memory Efficiency: 0.51% of 1.91 TB (3.39 GB/core)

 +++++++++++++++++++++++++++++++++++++++++++++++++++++++++++++++++++++++++++
 ++   Memory Efficiency is too small. Please review the requested memory. ++
 ++ It seems that you do not need that much memory so we recommend        ++
 ++ requesting less memory in other similar jobs.                         ++
 +++++++++++++++++++++++++++++++++++++++++++++++++++++++++++++++++++++++++++
 
*****************************************************************************


*****************************************************************************
*                                                                           *
*                    JOB EFFICIENCY REPORT (seff 10908878)                   *
*                                                                           *
*****************************************************************************

Job ID: 10908878
Cluster: finisterrae3
User/Group: curso341/ulc
State: COMPLETED (exit code 0)
Nodes: 9
Cores per node: 64
CPU Utilized: 00:09:23
CPU Efficiency: 1.10% of 14:14:24 core-walltime
Job Wall-clock time: 00:01:29
Memory Utilized: 9.90 GB (estimated maximum)
Memory Efficiency: 0.51% of 1.91 TB (3.39 GB/core)

 +++++++++++++++++++++++++++++++++++++++++++++++++++++++++++++++++++++++++++
 ++   Memory Efficiency is too small. Please review the requested memory. ++
 ++ It seems that you do not need that much memory so we recommend        ++
 ++ requesting less memory in other similar jobs.                         ++
 +++++++++++++++++++++++++++++++++++++++++++++++++++++++++++++++++++++++++++
 
*****************************************************************************


*****************************************************************************
*                                                                           *
*                    JOB EFFICIENCY REPORT (seff 10908878)                   *
*                                                                           *
*****************************************************************************

Job ID: 10908878
Cluster: finisterrae3
User/Group: curso341/ulc
State: COMPLETED (exit code 0)
Nodes: 9
Cores per node: 64
CPU Utilized: 00:09:23
CPU Efficiency: 1.10% of 14:14:24 core-walltime
Job Wall-clock time: 00:01:29
Memory Utilized: 9.90 GB (estimated maximum)
Memory Efficiency: 0.51% of 1.91 TB (3.39 GB/core)

 +++++++++++++++++++++++++++++++++++++++++++++++++++++++++++++++++++++++++++
 ++   Memory Efficiency is too small. Please review the requested memory. ++
 ++ It seems that you do not need that much memory so we recommend        ++
 ++ requesting less memory in other similar jobs.                         ++
 +++++++++++++++++++++++++++++++++++++++++++++++++++++++++++++++++++++++++++
 
*****************************************************************************


*****************************************************************************
*                                                                           *
*                    JOB EFFICIENCY REPORT (seff 10908878)                   *
*                                                                           *
*****************************************************************************

Job ID: 10908878
Cluster: finisterrae3
User/Group: curso341/ulc
State: COMPLETED (exit code 0)
Nodes: 9
Cores per node: 64
CPU Utilized: 00:09:23
CPU Efficiency: 1.10% of 14:14:24 core-walltime
Job Wall-clock time: 00:01:29
Memory Utilized: 9.90 GB (estimated maximum)
Memory Efficiency: 0.51% of 1.91 TB (3.39 GB/core)

 +++++++++++++++++++++++++++++++++++++++++++++++++++++++++++++++++++++++++++
 ++   Memory Efficiency is too small. Please review the requested memory. ++
 ++ It seems that you do not need that much memory so we recommend        ++
 ++ requesting less memory in other similar jobs.                         ++
 +++++++++++++++++++++++++++++++++++++++++++++++++++++++++++++++++++++++++++
 
*****************************************************************************


*****************************************************************************
*                                                                           *
*                    JOB EFFICIENCY REPORT (seff 10908878)                   *
*                                                                           *
*****************************************************************************

Job ID: 10908878
Cluster: finisterrae3
User/Group: curso341/ulc
State: COMPLETED (exit code 0)
Nodes: 9
Cores per node: 64
CPU Utilized: 00:09:44
CPU Efficiency: 1.14% of 14:14:24 core-walltime
Job Wall-clock time: 00:01:29
Memory Utilized: 9.90 GB (estimated maximum)
Memory Efficiency: 0.51% of 1.91 TB (3.39 GB/core)

 +++++++++++++++++++++++++++++++++++++++++++++++++++++++++++++++++++++++++++
 ++   Memory Efficiency is too small. Please review the requested memory. ++
 ++ It seems that you do not need that much memory so we recommend        ++
 ++ requesting less memory in other similar jobs.                         ++
 +++++++++++++++++++++++++++++++++++++++++++++++++++++++++++++++++++++++++++
 
*****************************************************************************


*****************************************************************************
*                                                                           *
*                    JOB EFFICIENCY REPORT (seff 10908878)                   *
*                                                                           *
*****************************************************************************

Job ID: 10908878
Cluster: finisterrae3
User/Group: curso341/ulc
State: COMPLETED (exit code 0)
Nodes: 9
Cores per node: 64
CPU Utilized: 00:15:50
CPU Efficiency: 1.85% of 14:14:24 core-walltime
Job Wall-clock time: 00:01:29
Memory Utilized: 35.24 GB
Memory Efficiency: 1.80% of 1.91 TB

 +++++++++++++++++++++++++++++++++++++++++++++++++++++++++++++++++++++++++++
 ++   Memory Efficiency is too small. Please review the requested memory. ++
 ++ It seems that you do not need that much memory so we recommend        ++
 ++ requesting less memory in other similar jobs.                         ++
 +++++++++++++++++++++++++++++++++++++++++++++++++++++++++++++++++++++++++++
 
*****************************************************************************

