slurmstepd: info: Setting TMPDIR to /scratch/10781236. Previous errors about TMPDIR can be discarded
Slurm job started at 26/02/2025_12:51:50 PM

In transit.
Initing Ray (1 head node + 2 worker nodes + 4 simulation nodes) on nodes: 
	ilk-118 ilk-120 ilk-122 ilk-123 ilk-126 ilk-127 ilk-128
Head node: 172.30.203.22:6379


RAY_DEPLOY_TIME:     23.21830
2025-02-26 12:52:16,348	INFO packaging.py:520 -- Creating a file package for local directory '/mnt/lustre/scratch/nlsas/home/ulc/cursos/curso341/dask_on_reisa_tests/E2/REISA_ONE_ACTOR/reduction/P128-SN4-LS134-GS17179-I25-AN2-D2025-02-26_11-03-58'.
2025-02-26 12:52:16,375	INFO packaging.py:347 -- Pushing file package 'gcs://_ray_pkg_dafd223f9d4bcc09.zip' (0.48MiB) to Ray cluster...
2025-02-26 12:52:16,382	INFO packaging.py:360 -- Successfully pushed file package 'gcs://_ray_pkg_dafd223f9d4bcc09.zip'.
RAY_INIT_TIME:       3.42442
Iter [0]
Iter [2]
Iter [4]
Iter [6]
Iter [8]
Iter [10]
Iter [12]
slurmstepd: error: *** STEP 10781236.8 ON ilk-120 CANCELLED AT 2025-02-26T13:11:59 DUE TO TIME LIMIT ***
slurmstepd: error: *** JOB 10781236 ON ilk-118 CANCELLED AT 2025-02-26T13:11:59 DUE TO TIME LIMIT ***
slurmstepd: error: *** STEP 10781236.9 ON ilk-123 CANCELLED AT 2025-02-26T13:11:59 DUE TO TIME LIMIT ***
srun: Job step aborted: Waiting up to 32 seconds for job step to finish.
srun: Job step aborted: Waiting up to 32 seconds for job step to finish.
*** SIGTERM received at time=1740571919 on cpu 3 ***
*** SIGTERM received at time=1740571919 on cpu 15 ***
*** SIGTERM received at time=1740571919 on cpu 23 ***
*** SIGTERM received at time=1740571919 on cpu 14 ***
*** SIGTERM received at time=1740571919 on cpu 19 ***
*** SIGTERM received at time=1740571919 on cpu 43 ***
*** SIGTERM received at time=1740571919 on cpu 10 ***
*** SIGTERM received at time=1740571919 on cpu 13 ***
*** SIGTERM received at time=1740571919 on cpu 5 ***
*** SIGTERM received at time=1740571919 on cpu 12 ***
*** SIGTERM received at time=1740571919 on cpu 20 ***
*** SIGTERM received at time=1740571919 on cpu 17 ***
*** SIGTERM received at time=1740571919 on cpu 25 ***
*** SIGTERM received at time=1740571919 on cpu 31 ***
*** SIGTERM received at time=1740571919 on cpu 0 ***
*** SIGTERM received at time=1740571919 on cpu 1 ***
*** SIGTERM received at time=1740571919 on cpu 29 ***
*** SIGTERM received at time=1740571919 on cpu 9 ***
*** SIGTERM received at time=1740571919 on cpu 61 ***
*** SIGTERM received at time=1740571919 on cpu 30 ***
*** SIGTERM received at time=1740571919 on cpu 2 ***
*** SIGTERM received at time=1740571919 on cpu 28 ***
*** SIGTERM received at time=1740571919 on cpu 0 ***
*** SIGTERM received at time=1740571919 on cpu 21 ***
*** SIGTERM received at time=1740571919 on cpu 4 ***
*** SIGTERM received at time=1740571919 on cpu 6 ***
*** SIGTERM received at time=1740571919 on cpu 40 ***
*** SIGTERM received at time=1740571919 on cpu 41 ***
*** SIGTERM received at time=1740571919 on cpu 52 ***
*** SIGTERM received at time=1740571919 on cpu 21 ***
*** SIGTERM received at time=1740571919 on cpu 20 ***
*** SIGTERM received at time=1740571919 on cpu 39 ***
*** SIGTERM received at time=1740571919 on cpu 28 ***
*** SIGTERM received at time=1740571919 on cpu 35 ***
*** SIGTERM received at time=1740571919 on cpu 35 ***
*** SIGTERM received at time=1740571919 on cpu 15 ***
*** SIGTERM received at time=1740571919 on cpu 62 ***
*** SIGTERM received at time=1740571919 on cpu 44 ***
*** SIGTERM received at time=1740571919 on cpu 11 ***
*** SIGTERM received at time=1740571919 on cpu 8 ***
*** SIGTERM received at time=1740571919 on cpu 53 ***
*** SIGTERM received at time=1740571919 on cpu 13 ***
*** SIGTERM received at time=1740571919 on cpu 31 ***
*** SIGTERM received at time=1740571919 on cpu 39 ***
*** SIGTERM received at time=1740571919 on cpu 32 ***
*** SIGTERM received at time=1740571919 on cpu 46 ***
*** SIGTERM received at time=1740571919 on cpu 11 ***
*** SIGTERM received at time=1740571919 on cpu 30 ***
*** SIGTERM received at time=1740571919 on cpu 14 ***
*** SIGTERM received at time=1740571919 on cpu 7 ***
*** SIGTERM received at time=1740571919 on cpu 51 ***
*** SIGTERM received at time=1740571919 on cpu 4 ***
*** SIGTERM received at time=1740571919 on cpu 46 ***
*** SIGTERM received at time=1740571919 on cpu 12 ***
*** SIGTERM received at time=1740571919 on cpu 24 ***
*** SIGTERM received at time=1740571919 on cpu 0 ***
*** SIGTERM received at time=1740571919 on cpu 3 ***
*** SIGTERM received at time=1740571919 on cpu 45 ***
*** SIGTERM received at time=1740571919 on cpu 7 ***
*** SIGTERM received at time=1740571919 on cpu 27 ***
*** SIGTERM received at time=1740571919 on cpu 5 ***
*** SIGTERM received at time=1740571919 on cpu 25 ***
*** SIGTERM received at time=1740571919 on cpu 6 ***
*** SIGTERM received at time=1740571919 on cpu 16 ***
*** SIGTERM received at time=1740571919 on cpu 38 ***
*** SIGTERM received at time=1740571919 on cpu 2 ***
*** SIGTERM received at time=1740571919 on cpu 26 ***
*** SIGTERM received at time=1740571919 on cpu 8 ***
*** SIGTERM received at time=1740571919 on cpu 49 ***
*** SIGTERM received at time=1740571919 on cpu 33 ***
*** SIGTERM received at time=1740571919 on cpu 22 ***
*** SIGTERM received at time=1740571919 on cpu 38 ***
*** SIGTERM received at time=1740571919 on cpu 42 ***
*** SIGTERM received at time=1740571919 on cpu 42 ***
*** SIGTERM received at time=1740571919 on cpu 34 ***
*** SIGTERM received at time=1740571919 on cpu 9 ***
*** SIGTERM received at time=1740571919 on cpu 40 ***
*** SIGTERM received at time=1740571919 on cpu 16 ***
*** SIGTERM received at time=1740571919 on cpu 45 ***
*** SIGTERM received at time=1740571919 on cpu 3 ***
*** SIGTERM received at time=1740571919 on cpu 13 ***
*** SIGTERM received at time=1740571919 on cpu 51 ***
*** SIGTERM received at time=1740571919 on cpu 44 ***
*** SIGTERM received at time=1740571919 on cpu 50 ***
*** SIGTERM received at time=1740571919 on cpu 7 ***
*** SIGTERM received at time=1740571919 on cpu 14 ***
*** SIGTERM received at time=1740571919 on cpu 33 ***
*** SIGTERM received at time=1740571919 on cpu 3 ***
*** SIGTERM received at time=1740571919 on cpu 15 ***
*** SIGTERM received at time=1740571919 on cpu 34 ***
*** SIGTERM received at time=1740571919 on cpu 40 ***
*** SIGTERM received at time=1740571919 on cpu 9 ***
*** SIGTERM received at time=1740571919 on cpu 45 ***
*** SIGTERM received at time=1740571919 on cpu 1 ***
*** SIGTERM received at time=1740571919 on cpu 10 ***
*** SIGTERM received at time=1740571919 on cpu 36 ***
*** SIGTERM received at time=1740571919 on cpu 39 ***
*** SIGTERM received at time=1740571919 on cpu 19 ***
*** SIGTERM received at time=1740571919 on cpu 47 ***
*** SIGTERM received at time=1740571919 on cpu 12 ***
*** SIGTERM received at time=1740571919 on cpu 37 ***
*** SIGTERM received at time=1740571919 on cpu 2 ***
*** SIGTERM received at time=1740571919 on cpu 46 ***
*** SIGTERM received at time=1740571919 on cpu 9 ***
*** SIGTERM received at time=1740571919 on cpu 2 ***
