slurmstepd: info: Setting TMPDIR to /scratch/10935933. Previous errors about TMPDIR can be discarded
Slurm job started at 11/03/2025_11:37:25 AM

In transit.
Initing Ray (1 head node + 2 worker nodes + 4 simulation nodes) on nodes: 
	ilk-158 ilk-160 ilk-161 ilk-162 ilk-163 ilk-166 ilk-167
Head node: 172.30.204.14:6379


RAY_DEPLOY_TIME:     23.61142
2025-03-11 11:37:53,075	INFO packaging.py:520 -- Creating a file package for local directory '/mnt/lustre/scratch/nlsas/home/ulc/cursos/curso341/dask_on_reisa_tests/E6/REISA/derivative/P128-SN4-LS134-GS17179-I10-AN2-D2025-03-11_08-51-16'.
2025-03-11 11:37:53,103	INFO packaging.py:347 -- Pushing file package 'gcs://_ray_pkg_cb06ae6ac2607611.zip' (0.48MiB) to Ray cluster...
2025-03-11 11:37:53,110	INFO packaging.py:360 -- Successfully pushed file package 'gcs://_ray_pkg_cb06ae6ac2607611.zip'.
RAY_INIT_TIME:       3.90834
Iter [0]
Iter [1]
Iter [2]
Iter [3]
Iter [4]
Iter [5]
Iter [6]
Iter [7]
Iter [8]
Iter [9]
GLOBAL_PUT_TIME:     8.14212417602539 (avg:0.81421)
ACTOR_CONCURRENCY:   8
SIMULATION_TIME:     29.786168566000001 (avg: 2.978616856600000)
SIM_WTHOUT_PDI:      17.970074584999995 (avg: 1.797007458500000)
PDI_DELAY:           11.816093981000005 (avg: 1.181609398100000)

GLOBAL_SIZE_(GiB):   16777216
LOCAL_SIZE_(MiB):    128
ITERATIONS:          10

MPI_PER_NODE:        32
MPI_PARALLELISM:     128

WORKER_NODES:        2
CPUS_PER_WORKER:     64
WORKER_PARALLELISM:  128


SLURM_JOB_ID:        10935933
EST_ANALYTICS_TIME:  102.70391 (avg:10.27039)

Slurm job finished at 11/03/2025_11:39:39 AM

*****************************************************************************
*                                                                           *
*                    JOB EFFICIENCY REPORT (seff 10935933)                   *
*                                                                           *
*****************************************************************************

Job ID: 10935933
Cluster: finisterrae3
User/Group: curso341/ulc
State: COMPLETED (exit code 0)
Nodes: 7
Cores per node: 64
CPU Utilized: 01:01:42
CPU Efficiency: 6.12% of 16:48:00 core-walltime
Job Wall-clock time: 00:02:15
Memory Utilized: 657.86 MB
Memory Efficiency: 0.04% of 1.48 TB

 +++++++++++++++++++++++++++++++++++++++++++++++++++++++++++++++++++++++++++
 ++   Memory Efficiency is too small. Please review the requested memory. ++
 ++ It seems that you do not need that much memory so we recommend        ++
 ++ requesting less memory in other similar jobs.                         ++
 +++++++++++++++++++++++++++++++++++++++++++++++++++++++++++++++++++++++++++
 
*****************************************************************************


*****************************************************************************
*                                                                           *
*                    JOB EFFICIENCY REPORT (seff 10935933)                   *
*                                                                           *
*****************************************************************************

Job ID: 10935933
Cluster: finisterrae3
User/Group: curso341/ulc
State: COMPLETED (exit code 0)
Nodes: 7
Cores per node: 64
CPU Utilized: 02:05:56
CPU Efficiency: 12.49% of 16:48:00 core-walltime
Job Wall-clock time: 00:02:15
Memory Utilized: 19.39 GB
Memory Efficiency: 1.28% of 1.48 TB

 +++++++++++++++++++++++++++++++++++++++++++++++++++++++++++++++++++++++++++
 ++   Memory Efficiency is too small. Please review the requested memory. ++
 ++ It seems that you do not need that much memory so we recommend        ++
 ++ requesting less memory in other similar jobs.                         ++
 +++++++++++++++++++++++++++++++++++++++++++++++++++++++++++++++++++++++++++
 
*****************************************************************************


*****************************************************************************
*                                                                           *
*                    JOB EFFICIENCY REPORT (seff 10935933)                   *
*                                                                           *
*****************************************************************************

Job ID: 10935933
Cluster: finisterrae3
User/Group: curso341/ulc
State: COMPLETED (exit code 0)
Nodes: 7
Cores per node: 64
CPU Utilized: 02:05:56
CPU Efficiency: 12.49% of 16:48:00 core-walltime
Job Wall-clock time: 00:02:15
Memory Utilized: 19.39 GB
Memory Efficiency: 1.28% of 1.48 TB

 +++++++++++++++++++++++++++++++++++++++++++++++++++++++++++++++++++++++++++
 ++   Memory Efficiency is too small. Please review the requested memory. ++
 ++ It seems that you do not need that much memory so we recommend        ++
 ++ requesting less memory in other similar jobs.                         ++
 +++++++++++++++++++++++++++++++++++++++++++++++++++++++++++++++++++++++++++
 
*****************************************************************************



*****************************************************************************
*****************************************************************************
*                                                                           *
*                                                                           *
*                    JOB EFFICIENCY REPORT (seff 10935933)                   *
*                    JOB EFFICIENCY REPORT (seff 10935933)                   *
*                                                                           *
*                                                                           *
*****************************************************************************
*****************************************************************************



Job ID: 10935933

Job ID: 10935933
*****************************************************************************
Cluster: finisterrae3
*****************************************************************************
Cluster: finisterrae3
*                                                                           *
User/Group: curso341/ulc
*                                                                           *
User/Group: curso341/ulc
*                    JOB EFFICIENCY REPORT (seff 10935933)                   *
State: COMPLETED (exit code 0)
*                    JOB EFFICIENCY REPORT (seff 10935933)                   *
State: COMPLETED (exit code 0)
*                                                                           *
Nodes: 7
*                                                                           *
Nodes: 7
*****************************************************************************
Cores per node: 64
*****************************************************************************
Cores per node: 64

CPU Utilized: 02:05:56

CPU Utilized: 02:05:56
Job ID: 10935933
CPU Efficiency: 12.49% of 16:48:00 core-walltime
Job ID: 10935933
CPU Efficiency: 12.49% of 16:48:00 core-walltime
Cluster: finisterrae3
Job Wall-clock time: 00:02:15
Cluster: finisterrae3
Job Wall-clock time: 00:02:15
User/Group: curso341/ulc
Memory Utilized: 19.39 GB
User/Group: curso341/ulc
Memory Utilized: 19.39 GB
State: COMPLETED (exit code 0)
Memory Efficiency: 1.28% of 1.48 TB
State: COMPLETED (exit code 0)
Memory Efficiency: 1.28% of 1.48 TB
Nodes: 7

Nodes: 7

Cores per node: 64
 +++++++++++++++++++++++++++++++++++++++++++++++++++++++++++++++++++++++++++
Cores per node: 64
 +++++++++++++++++++++++++++++++++++++++++++++++++++++++++++++++++++++++++++
CPU Utilized: 02:05:56
 ++   Memory Efficiency is too small. Please review the requested memory. ++
CPU Utilized: 02:05:56
 ++   Memory Efficiency is too small. Please review the requested memory. ++
CPU Efficiency: 12.49% of 16:48:00 core-walltime
 ++ It seems that you do not need that much memory so we recommend        ++
CPU Efficiency: 12.49% of 16:48:00 core-walltime
 ++ It seems that you do not need that much memory so we recommend        ++
Job Wall-clock time: 00:02:15
 ++ requesting less memory in other similar jobs.                         ++
Job Wall-clock time: 00:02:15
 ++ requesting less memory in other similar jobs.                         ++
Memory Utilized: 19.39 GB
 +++++++++++++++++++++++++++++++++++++++++++++++++++++++++++++++++++++++++++
Memory Utilized: 19.39 GB
 +++++++++++++++++++++++++++++++++++++++++++++++++++++++++++++++++++++++++++
Memory Efficiency: 1.28% of 1.48 TB
 
Memory Efficiency: 1.28% of 1.48 TB
 

*****************************************************************************

*****************************************************************************
 +++++++++++++++++++++++++++++++++++++++++++++++++++++++++++++++++++++++++++

 +++++++++++++++++++++++++++++++++++++++++++++++++++++++++++++++++++++++++++

 ++   Memory Efficiency is too small. Please review the requested memory. ++
 ++   Memory Efficiency is too small. Please review the requested memory. ++
 ++ It seems that you do not need that much memory so we recommend        ++
 ++ It seems that you do not need that much memory so we recommend        ++
 ++ requesting less memory in other similar jobs.                         ++
 ++ requesting less memory in other similar jobs.                         ++
 +++++++++++++++++++++++++++++++++++++++++++++++++++++++++++++++++++++++++++
 +++++++++++++++++++++++++++++++++++++++++++++++++++++++++++++++++++++++++++
 
 
*****************************************************************************
*****************************************************************************


