slurmstepd: info: Setting TMPDIR to /scratch/10912124. Previous errors about TMPDIR can be discarded
Slurm job started at 08/03/2025_11:40:14 AM

In transit.
Initing Ray (1 head node + 2 worker nodes + 4 simulation nodes) on nodes: 
	ilk-160 ilk-161 ilk-163 ilk-164 ilk-167 ilk-203 ilk-216
Head node: 172.30.204.16:6379


RAY_DEPLOY_TIME:     24.53343
2025-03-08 11:40:43,537	INFO packaging.py:520 -- Creating a file package for local directory '/mnt/lustre/scratch/nlsas/home/ulc/cursos/curso341/dask_on_reisa_tests/E2/DASK_ON_REISA/derivative/P128-SN4-LS134-GS17179-I10-AN2-D2025-03-08_09-07-31'.
2025-03-08 11:40:43,563	INFO packaging.py:347 -- Pushing file package 'gcs://_ray_pkg_e01513c0943e5703.zip' (0.48MiB) to Ray cluster...
2025-03-08 11:40:43,569	INFO packaging.py:360 -- Successfully pushed file package 'gcs://_ray_pkg_e01513c0943e5703.zip'.
RAY_INIT_TIME:       5.10727
Iter [0]
Iter [1]
Iter [2]
[2m[36m(iter_task pid=1397885, ip=10.120.204.19)[0m /home/ulc/cursos/curso341/.local/lib/python3.9/site-packages/dask/config.py:693: UserWarning: Configuration key "shuffle" has been deprecated. Please use "dataframe.shuffle.algorithm" instead
[2m[36m(iter_task pid=1397885, ip=10.120.204.19)[0m   warnings.warn(
[2m[36m(iter_task pid=1397884, ip=10.120.204.19)[0m /home/ulc/cursos/curso341/.local/lib/python3.9/site-packages/dask/config.py:693: UserWarning: Configuration key "shuffle" has been deprecated. Please use "dataframe.shuffle.algorithm" instead
[2m[36m(iter_task pid=1397884, ip=10.120.204.19)[0m   warnings.warn(
[2m[36m(iter_task pid=3683674, ip=10.120.204.17)[0m /home/ulc/cursos/curso341/.local/lib/python3.9/site-packages/dask/config.py:693: UserWarning: Configuration key "shuffle" has been deprecated. Please use "dataframe.shuffle.algorithm" instead
[2m[36m(iter_task pid=3683674, ip=10.120.204.17)[0m   warnings.warn(
[2m[36m(iter_task pid=3683673, ip=10.120.204.17)[0m /home/ulc/cursos/curso341/.local/lib/python3.9/site-packages/dask/config.py:693: UserWarning: Configuration key "shuffle" has been deprecated. Please use "dataframe.shuffle.algorithm" instead
[2m[36m(iter_task pid=3683673, ip=10.120.204.17)[0m   warnings.warn(
Iter [3]
Iter [4]
Iter [5]
Iter [6]
Iter [7]
Iter [8]
Iter [9]
GLOBAL_PUT_TIME:     8.019815444946289 (avg:0.80198)
ACTOR_CONCURRENCY:   8
SIMULATION_TIME:     271.604877960000010 (avg: 27.160487796000002)
SIM_WTHOUT_PDI:      22.869351893000022 (avg: 2.286935189300002)
PDI_DELAY:           248.735526066999995 (avg: 24.873552606699999)

GLOBAL_SIZE_(GiB):   16777216
LOCAL_SIZE_(MiB):    128
ITERATIONS:          10

MPI_PER_NODE:        32
MPI_PARALLELISM:     128

WORKER_NODES:        2
CPUS_PER_WORKER:     64
WORKER_PARALLELISM:  128


SLURM_JOB_ID:        10912124
[2m[36m(iter_task pid=1397884, ip=10.120.204.19)[0m /home/ulc/cursos/curso341/.local/lib/python3.9/site-packages/dask/config.py:693: UserWarning: Configuration key "shuffle" has been deprecated. Please use "dataframe.shuffle.algorithm" instead
[2m[36m(iter_task pid=1397884, ip=10.120.204.19)[0m   warnings.warn(
[2m[36m(iter_task pid=1397885, ip=10.120.204.19)[0m /home/ulc/cursos/curso341/.local/lib/python3.9/site-packages/dask/config.py:693: UserWarning: Configuration key "shuffle" has been deprecated. Please use "dataframe.shuffle.algorithm" instead
[2m[36m(iter_task pid=1397885, ip=10.120.204.19)[0m   warnings.warn(
EST_ANALYTICS_TIME:  917.85942 (avg:91.78594)

Slurm job finished at 08/03/2025_11:56:07 AM

*****************************************************************************
*                                                                           *
*                    JOB EFFICIENCY REPORT (seff 10912124)                   *
*                                                                           *
*****************************************************************************

Job ID: 10912124
Cluster: finisterrae3
User/Group: curso341/ulc
State: COMPLETED (exit code 0)
Nodes: 7
Cores per node: 64
CPU Utilized: 09:44:08
CPU Efficiency: 8.20% of 4-22:43:12 core-walltime
Job Wall-clock time: 00:15:54
Memory Utilized: 8.63 GB
Memory Efficiency: 0.57% of 1.48 TB

 +++++++++++++++++++++++++++++++++++++++++++++++++++++++++++++++++++++++++++
 ++   Memory Efficiency is too small. Please review the requested memory. ++
 ++ It seems that you do not need that much memory so we recommend        ++
 ++ requesting less memory in other similar jobs.                         ++
 +++++++++++++++++++++++++++++++++++++++++++++++++++++++++++++++++++++++++++
 
*****************************************************************************


*****************************************************************************
*                                                                           *
*                    JOB EFFICIENCY REPORT (seff 10912124)                   *
*                                                                           *
*****************************************************************************

Job ID: 10912124
Cluster: finisterrae3
User/Group: curso341/ulc
State: COMPLETED (exit code 0)
Nodes: 7
Cores per node: 64
CPU Utilized: 10:54:41
CPU Efficiency: 9.19% of 4-22:43:12 core-walltime
Job Wall-clock time: 00:15:54
Memory Utilized: 20.02 GB
Memory Efficiency: 1.32% of 1.48 TB

 +++++++++++++++++++++++++++++++++++++++++++++++++++++++++++++++++++++++++++
 ++   Memory Efficiency is too small. Please review the requested memory. ++
 ++ It seems that you do not need that much memory so we recommend        ++
 ++ requesting less memory in other similar jobs.                         ++
 +++++++++++++++++++++++++++++++++++++++++++++++++++++++++++++++++++++++++++
 
*****************************************************************************


*****************************************************************************
*                                                                           *
*                    JOB EFFICIENCY REPORT (seff 10912124)                   *
*                                                                           *
*****************************************************************************

Job ID: 10912124
Cluster: finisterrae3
User/Group: curso341/ulc
State: COMPLETED (exit code 0)
Nodes: 7
Cores per node: 64
CPU Utilized: 13:09:06
CPU Efficiency: 11.08% of 4-22:43:12 core-walltime
Job Wall-clock time: 00:15:54
Memory Utilized: 20.02 GB
Memory Efficiency: 1.32% of 1.48 TB

 +++++++++++++++++++++++++++++++++++++++++++++++++++++++++++++++++++++++++++
 ++   Memory Efficiency is too small. Please review the requested memory. ++
 ++ It seems that you do not need that much memory so we recommend        ++
 ++ requesting less memory in other similar jobs.                         ++
 +++++++++++++++++++++++++++++++++++++++++++++++++++++++++++++++++++++++++++
 
*****************************************************************************


*****************************************************************************
*                                                                           *
*                    JOB EFFICIENCY REPORT (seff 10912124)                   *
*                                                                           *
*****************************************************************************

Job ID: 10912124
Cluster: finisterrae3
User/Group: curso341/ulc
State: COMPLETED (exit code 0)
Nodes: 7
Cores per node: 64
CPU Utilized: 13:09:06
CPU Efficiency: 11.08% of 4-22:43:12 core-walltime
Job Wall-clock time: 00:15:54
Memory Utilized: 20.02 GB
Memory Efficiency: 1.32% of 1.48 TB

 +++++++++++++++++++++++++++++++++++++++++++++++++++++++++++++++++++++++++++
 ++   Memory Efficiency is too small. Please review the requested memory. ++
 ++ It seems that you do not need that much memory so we recommend        ++
 ++ requesting less memory in other similar jobs.                         ++
 +++++++++++++++++++++++++++++++++++++++++++++++++++++++++++++++++++++++++++
 
*****************************************************************************


*****************************************************************************
*                                                                           *
*                    JOB EFFICIENCY REPORT (seff 10912124)                   *
*                                                                           *
*****************************************************************************

Job ID: 10912124
Cluster: finisterrae3
User/Group: curso341/ulc
State: COMPLETED (exit code 0)
Nodes: 7
Cores per node: 64
CPU Utilized: 13:09:06
CPU Efficiency: 11.08% of 4-22:43:12 core-walltime
Job Wall-clock time: 00:15:54
Memory Utilized: 20.02 GB
Memory Efficiency: 1.32% of 1.48 TB

 +++++++++++++++++++++++++++++++++++++++++++++++++++++++++++++++++++++++++++
 ++   Memory Efficiency is too small. Please review the requested memory. ++
 ++ It seems that you do not need that much memory so we recommend        ++
 ++ requesting less memory in other similar jobs.                         ++
 +++++++++++++++++++++++++++++++++++++++++++++++++++++++++++++++++++++++++++
 
*****************************************************************************


*****************************************************************************
*                                                                           *
*                    JOB EFFICIENCY REPORT (seff 10912124)                   *
*                                                                           *
*****************************************************************************

Job ID: 10912124
Cluster: finisterrae3
User/Group: curso341/ulc
State: COMPLETED (exit code 0)
Nodes: 7
Cores per node: 64
CPU Utilized: 13:09:06
CPU Efficiency: 11.08% of 4-22:43:12 core-walltime
Job Wall-clock time: 00:15:54
Memory Utilized: 20.02 GB
Memory Efficiency: 1.32% of 1.48 TB

 +++++++++++++++++++++++++++++++++++++++++++++++++++++++++++++++++++++++++++
 ++   Memory Efficiency is too small. Please review the requested memory. ++
 ++ It seems that you do not need that much memory so we recommend        ++
 ++ requesting less memory in other similar jobs.                         ++
 +++++++++++++++++++++++++++++++++++++++++++++++++++++++++++++++++++++++++++
 
*****************************************************************************


*****************************************************************************
*                                                                           *
*                    JOB EFFICIENCY REPORT (seff 10912124)                   *
*                                                                           *
*****************************************************************************

Job ID: 10912124
Cluster: finisterrae3
User/Group: curso341/ulc
State: COMPLETED (exit code 0)
Nodes: 7
Cores per node: 64
CPU Utilized: 13:09:06
CPU Efficiency: 11.08% of 4-22:43:12 core-walltime
Job Wall-clock time: 00:15:54
Memory Utilized: 20.02 GB
Memory Efficiency: 1.32% of 1.48 TB

 +++++++++++++++++++++++++++++++++++++++++++++++++++++++++++++++++++++++++++
 ++   Memory Efficiency is too small. Please review the requested memory. ++
 ++ It seems that you do not need that much memory so we recommend        ++
 ++ requesting less memory in other similar jobs.                         ++
 +++++++++++++++++++++++++++++++++++++++++++++++++++++++++++++++++++++++++++
 
*****************************************************************************

