slurmstepd: info: Setting TMPDIR to /scratch/10925249. Previous errors about TMPDIR can be discarded
Slurm job started at 09/03/2025_08:31:48 PM

In transit.
Initing Ray (1 head node + 2 worker nodes + 4 simulation nodes) on nodes: 
	ilk-146 ilk-147 ilk-172 ilk-211 ilk-213 ilk-214 ilk-215
Head node: 172.30.204.2:6379


RAY_DEPLOY_TIME:     24.37508
2025-03-09 20:32:14,949	INFO packaging.py:520 -- Creating a file package for local directory '/mnt/lustre/scratch/nlsas/home/ulc/cursos/curso341/dask_on_reisa_tests/E4/REISA_ONE_ACTOR/derivative/P128-SN4-LS134-GS17179-I10-AN2-D2025-03-09_18-43-30'.
2025-03-09 20:32:14,975	INFO packaging.py:347 -- Pushing file package 'gcs://_ray_pkg_e714174fc7d7b498.zip' (0.48MiB) to Ray cluster...
2025-03-09 20:32:14,982	INFO packaging.py:360 -- Successfully pushed file package 'gcs://_ray_pkg_e714174fc7d7b498.zip'.
RAY_INIT_TIME:       3.86640
Iter [0]
Iter [1]
Iter [2]
Iter [3]
Iter [4]
Iter [5]
Iter [6]
Iter [7]
Iter [8]
Iter [9]
GLOBAL_PUT_TIME:     8.306476354598999 (avg:0.83065)
ACTOR_CONCURRENCY:   8
SIMULATION_TIME:     49.497910423000000 (avg: 4.949791042300000)
SIM_WTHOUT_PDI:      22.410087432000005 (avg: 2.241008743200001)
PDI_DELAY:           27.087822990999996 (avg: 2.708782299100000)

GLOBAL_SIZE_(GiB):   16777216
LOCAL_SIZE_(MiB):    128
ITERATIONS:          10

MPI_PER_NODE:        32
MPI_PARALLELISM:     128

WORKER_NODES:        2
CPUS_PER_WORKER:     64
WORKER_PARALLELISM:  128


SLURM_JOB_ID:        10925249
EST_ANALYTICS_TIME:  693.75543 (avg:69.37554)
Traceback (most recent call last):
  File "/mnt/lustre/scratch/nlsas/home/ulc/cursos/curso341/dask_on_reisa_tests/E4/REISA_ONE_ACTOR/derivative/P128-SN4-LS134-GS17179-I10-AN2-D2025-03-09_18-43-30/derivative.py", line 64, in <module>
    result = handler.get_result(process_func, iter_func, global_func=global_func, selected_iters=iterations, kept_iters=5, timeline=False)
  File "/mnt/lustre/scratch/nlsas/home/ulc/cursos/curso341/dask_on_reisa_tests/E4/REISA_ONE_ACTOR/derivative/P128-SN4-LS134-GS17179-I10-AN2-D2025-03-09_18-43-30/reisa.py", line 154, in get_result
    return global_func(RayList(results))
  File "/mnt/lustre/scratch/nlsas/home/ulc/cursos/curso341/dask_on_reisa_tests/E4/REISA_ONE_ACTOR/derivative/P128-SN4-LS134-GS17179-I10-AN2-D2025-03-09_18-43-30/derivative.py", line 57, in global_func
    return np.average(final_results[:])
  File "/mnt/lustre/scratch/nlsas/home/ulc/cursos/curso341/dask_on_reisa_tests/E4/REISA_ONE_ACTOR/derivative/P128-SN4-LS134-GS17179-I10-AN2-D2025-03-09_18-43-30/reisa.py", line 51, in __getitem__
    return ray.get(RayList(item))
  File "/home/ulc/cursos/curso341/.local/lib/python3.9/site-packages/ray/_private/client_mode_hook.py", line 104, in wrapper
    return getattr(ray, func.__name__)(*args, **kwargs)
  File "/home/ulc/cursos/curso341/.local/lib/python3.9/site-packages/ray/util/client/api.py", line 42, in get
    return self.worker.get(vals, timeout=timeout)
  File "/home/ulc/cursos/curso341/.local/lib/python3.9/site-packages/ray/util/client/worker.py", line 434, in get
    res = self._get(to_get, op_timeout)
  File "/home/ulc/cursos/curso341/.local/lib/python3.9/site-packages/ray/util/client/worker.py", line 462, in _get
    raise err
ray.exceptions.RayTaskError: [36mray::iter_task()[39m (pid=2288389, ip=172.30.204.3)
  File "/mnt/lustre/scratch/nlsas/home/ulc/cursos/curso341/dask_on_reisa_tests/E4/REISA_ONE_ACTOR/derivative/P128-SN4-LS134-GS17179-I10-AN2-D2025-03-09_18-43-30/reisa.py", line 144, in iter_task
    return iter_func(i, RayList(current_result))
  File "/mnt/lustre/scratch/nlsas/home/ulc/cursos/curso341/dask_on_reisa_tests/E4/REISA_ONE_ACTOR/derivative/P128-SN4-LS134-GS17179-I10-AN2-D2025-03-09_18-43-30/derivative.py", line 47, in iter_func
    return np.average(current_results[:])
  File "/scratch/10925249/ray/session_2025-03-09_20-31-50_454632_2413676/runtime_resources/working_dir_files/_ray_pkg_e714174fc7d7b498/reisa.py", line 51, in __getitem__
    return ray.get(RayList(item))
ray.exceptions.RayTaskError: [36mray::process_task()[39m (pid=2289006, ip=172.30.204.3)
  File "/mnt/lustre/scratch/nlsas/home/ulc/cursos/curso341/dask_on_reisa_tests/E4/REISA_ONE_ACTOR/derivative/P128-SN4-LS134-GS17179-I10-AN2-D2025-03-09_18-43-30/reisa.py", line 125, in process_task
    return process_func(rank, i, queue)
  File "/mnt/lustre/scratch/nlsas/home/ulc/cursos/curso341/dask_on_reisa_tests/E4/REISA_ONE_ACTOR/derivative/P128-SN4-LS134-GS17179-I10-AN2-D2025-03-09_18-43-30/derivative.py", line 34, in process_func
    gt = np.array(queue[-5:])
  File "/mnt/lustre/scratch/nlsas/home/ulc/cursos/curso341/dask_on_reisa_tests/E4/REISA_ONE_ACTOR/derivative/P128-SN4-LS134-GS17179-I10-AN2-D2025-03-09_18-43-30/reisa.py", line 51, in __getitem__
    return ray.get(RayList(item))
ray.exceptions.ObjectFetchTimedOutError: Failed to retrieve object 00ffffffffffffffffffffffffffffffffffffff7700000004000000. To see information about where this ObjectRef was created in Python, set the environment variable RAY_record_ref_creation_sites=1 during `ray start` and `ray.init()`.

Fetch for object 00ffffffffffffffffffffffffffffffffffffff7700000004000000 timed out because no locations were found for the object. This may indicate a system-level bug.
srun: error: ilk-147: task 0: Exited with exit code 1
srun: launch/slurm: _step_signal: Terminating StepId=10925249.8

Slurm job finished at 09/03/2025_08:43:52 PM

*****************************************************************************
*                                                                           *
*                    JOB EFFICIENCY REPORT (seff 10925249)                   *
*                                                                           *
*****************************************************************************

Job ID: 10925249
Cluster: finisterrae3
User/Group: curso341/ulc
State: COMPLETED (exit code 0)
Nodes: 7
Cores per node: 64
CPU Utilized: 01:21:58
CPU Efficiency: 1.51% of 3-18:13:20 core-walltime
Job Wall-clock time: 00:12:05
Memory Utilized: 669.95 MB
Memory Efficiency: 0.04% of 1.48 TB

 +++++++++++++++++++++++++++++++++++++++++++++++++++++++++++++++++++++++++++
 ++   Memory Efficiency is too small. Please review the requested memory. ++
 ++ It seems that you do not need that much memory so we recommend        ++
 ++ requesting less memory in other similar jobs.                         ++
 +++++++++++++++++++++++++++++++++++++++++++++++++++++++++++++++++++++++++++
 
*****************************************************************************


*****************************************************************************
*                                                                           *
*                    JOB EFFICIENCY REPORT (seff 10925249)                   *
*                                                                           *
*****************************************************************************

Job ID: 10925249
Cluster: finisterrae3
User/Group: curso341/ulc
State: COMPLETED (exit code 0)
Nodes: 7
Cores per node: 64
CPU Utilized: 01:56:58
CPU Efficiency: 2.16% of 3-18:13:20 core-walltime
Job Wall-clock time: 00:12:05
Memory Utilized: 14.70 GB
Memory Efficiency: 0.97% of 1.48 TB

 +++++++++++++++++++++++++++++++++++++++++++++++++++++++++++++++++++++++++++
 ++   Memory Efficiency is too small. Please review the requested memory. ++
 ++ It seems that you do not need that much memory so we recommend        ++
 ++ requesting less memory in other similar jobs.                         ++
 +++++++++++++++++++++++++++++++++++++++++++++++++++++++++++++++++++++++++++
 
*****************************************************************************


*****************************************************************************
*                                                                           *
*                    JOB EFFICIENCY REPORT (seff 10925249)                   *
*                                                                           *
*****************************************************************************

Job ID: 10925249
Cluster: finisterrae3
User/Group: curso341/ulc
State: COMPLETED (exit code 0)
Nodes: 7
Cores per node: 64
CPU Utilized: 01:56:58
CPU Efficiency: 2.16% of 3-18:13:20 core-walltime
Job Wall-clock time: 00:12:05
Memory Utilized: 14.70 GB
Memory Efficiency: 0.97% of 1.48 TB

 +++++++++++++++++++++++++++++++++++++++++++++++++++++++++++++++++++++++++++
 ++   Memory Efficiency is too small. Please review the requested memory. ++
 ++ It seems that you do not need that much memory so we recommend        ++
 ++ requesting less memory in other similar jobs.                         ++
 +++++++++++++++++++++++++++++++++++++++++++++++++++++++++++++++++++++++++++
 
*****************************************************************************


*****************************************************************************
*                                                                           *
*                    JOB EFFICIENCY REPORT (seff 10925249)                   *
*                                                                           *
*****************************************************************************

Job ID: 10925249
Cluster: finisterrae3
User/Group: curso341/ulc
State: COMPLETED (exit code 0)
Nodes: 7
Cores per node: 64
CPU Utilized: 01:56:58
CPU Efficiency: 2.16% of 3-18:13:20 core-walltime
Job Wall-clock time: 00:12:05
Memory Utilized: 14.70 GB
Memory Efficiency: 0.97% of 1.48 TB

 +++++++++++++++++++++++++++++++++++++++++++++++++++++++++++++++++++++++++++
 ++   Memory Efficiency is too small. Please review the requested memory. ++
 ++ It seems that you do not need that much memory so we recommend        ++
 ++ requesting less memory in other similar jobs.                         ++
 +++++++++++++++++++++++++++++++++++++++++++++++++++++++++++++++++++++++++++
 
*****************************************************************************


*****************************************************************************
*                                                                           *
*                    JOB EFFICIENCY REPORT (seff 10925249)                   *
*                                                                           *
*****************************************************************************

Job ID: 10925249
Cluster: finisterrae3
User/Group: curso341/ulc
State: COMPLETED (exit code 0)
Nodes: 7
Cores per node: 64
CPU Utilized: 01:56:58
CPU Efficiency: 2.16% of 3-18:13:20 core-walltime
Job Wall-clock time: 00:12:05
Memory Utilized: 14.70 GB
Memory Efficiency: 0.97% of 1.48 TB

 +++++++++++++++++++++++++++++++++++++++++++++++++++++++++++++++++++++++++++
 ++   Memory Efficiency is too small. Please review the requested memory. ++
 ++ It seems that you do not need that much memory so we recommend        ++
 ++ requesting less memory in other similar jobs.                         ++
 +++++++++++++++++++++++++++++++++++++++++++++++++++++++++++++++++++++++++++
 
*****************************************************************************


*****************************************************************************
*                                                                           *
*                    JOB EFFICIENCY REPORT (seff 10925249)                   *
*                                                                           *
*****************************************************************************

Job ID: 10925249
Cluster: finisterrae3
User/Group: curso341/ulc
State: COMPLETED (exit code 0)
Nodes: 7
Cores per node: 64
CPU Utilized: 01:56:58
CPU Efficiency: 2.16% of 3-18:13:20 core-walltime
Job Wall-clock time: 00:12:05
Memory Utilized: 14.70 GB
Memory Efficiency: 0.97% of 1.48 TB

 +++++++++++++++++++++++++++++++++++++++++++++++++++++++++++++++++++++++++++
 ++   Memory Efficiency is too small. Please review the requested memory. ++
 ++ It seems that you do not need that much memory so we recommend        ++
 ++ requesting less memory in other similar jobs.                         ++
 +++++++++++++++++++++++++++++++++++++++++++++++++++++++++++++++++++++++++++
 
*****************************************************************************


*****************************************************************************
*                                                                           *
*                    JOB EFFICIENCY REPORT (seff 10925249)                   *
*                                                                           *
*****************************************************************************

Job ID: 10925249
Cluster: finisterrae3
User/Group: curso341/ulc
State: COMPLETED (exit code 0)
Nodes: 7
Cores per node: 64
CPU Utilized: 01:56:58
CPU Efficiency: 2.16% of 3-18:13:20 core-walltime
Job Wall-clock time: 00:12:05
Memory Utilized: 14.70 GB
Memory Efficiency: 0.97% of 1.48 TB

 +++++++++++++++++++++++++++++++++++++++++++++++++++++++++++++++++++++++++++
 ++   Memory Efficiency is too small. Please review the requested memory. ++
 ++ It seems that you do not need that much memory so we recommend        ++
 ++ requesting less memory in other similar jobs.                         ++
 +++++++++++++++++++++++++++++++++++++++++++++++++++++++++++++++++++++++++++
 
*****************************************************************************

