slurmstepd: info: Setting TMPDIR to /scratch/10942664. Previous errors about TMPDIR can be discarded
Slurm job started at 12/03/2025_02:27:12 PM

In transit.
Initing Ray (1 head node + 8 worker nodes + 8 simulation nodes) on nodes: 
	ilk-61 ilk-146 ilk-151 ilk-153 ilk-154 ilk-155 ilk-156 ilk-183 ilk-241 ilk-242 ilk-243 ilk-244 ilk-245 ilk-246 ilk-247 ilk-249 ilk-253
Head node: 172.30.202.13:6379


RAY_DEPLOY_TIME:     23.48434
2025-03-12 14:27:39,454	INFO packaging.py:520 -- Creating a file package for local directory '/mnt/lustre/scratch/nlsas/home/ulc/cursos/curso341/dask_on_reisa_tests/E6/DASK_ON_REISA/reduction/P16-SN8-LS268-GS4294-I20-AN8-D2025-03-12_10-04-00'.
2025-03-12 14:27:39,483	INFO packaging.py:347 -- Pushing file package 'gcs://_ray_pkg_342c2a9324527007.zip' (0.48MiB) to Ray cluster...
2025-03-12 14:27:39,489	INFO packaging.py:360 -- Successfully pushed file package 'gcs://_ray_pkg_342c2a9324527007.zip'.
RAY_INIT_TIME:       4.64056
Iter [0]
Iter [2]
[2m[36m(iter_task pid=3161726, ip=10.120.204.2)[0m /home/ulc/cursos/curso341/.local/lib/python3.9/site-packages/dask/config.py:693: UserWarning: Configuration key "shuffle" has been deprecated. Please use "dataframe.shuffle.algorithm" instead
[2m[36m(iter_task pid=3161726, ip=10.120.204.2)[0m   warnings.warn(
[2m[36m(iter_task pid=3161725, ip=10.120.204.2)[0m /home/ulc/cursos/curso341/.local/lib/python3.9/site-packages/dask/config.py:693: UserWarning: Configuration key "shuffle" has been deprecated. Please use "dataframe.shuffle.algorithm" instead
[2m[36m(iter_task pid=3161725, ip=10.120.204.2)[0m   warnings.warn(
[2m[36m(iter_task pid=3161724, ip=10.120.204.2)[0m /home/ulc/cursos/curso341/.local/lib/python3.9/site-packages/dask/config.py:693: UserWarning: Configuration key "shuffle" has been deprecated. Please use "dataframe.shuffle.algorithm" instead
[2m[36m(iter_task pid=3161724, ip=10.120.204.2)[0m   warnings.warn(
[2m[36m(iter_task pid=3161723, ip=10.120.204.2)[0m /home/ulc/cursos/curso341/.local/lib/python3.9/site-packages/dask/config.py:693: UserWarning: Configuration key "shuffle" has been deprecated. Please use "dataframe.shuffle.algorithm" instead
[2m[36m(iter_task pid=3161723, ip=10.120.204.2)[0m   warnings.warn(
[2m[36m(iter_task pid=3161722, ip=10.120.204.2)[0m /home/ulc/cursos/curso341/.local/lib/python3.9/site-packages/dask/config.py:693: UserWarning: Configuration key "shuffle" has been deprecated. Please use "dataframe.shuffle.algorithm" instead
[2m[36m(iter_task pid=3161722, ip=10.120.204.2)[0m   warnings.warn(
[2m[36m(iter_task pid=3161721, ip=10.120.204.2)[0m /home/ulc/cursos/curso341/.local/lib/python3.9/site-packages/dask/config.py:693: UserWarning: Configuration key "shuffle" has been deprecated. Please use "dataframe.shuffle.algorithm" instead
[2m[36m(iter_task pid=3161721, ip=10.120.204.2)[0m   warnings.warn(
[2m[36m(iter_task pid=329304, ip=10.120.204.7)[0m /home/ulc/cursos/curso341/.local/lib/python3.9/site-packages/dask/config.py:693: UserWarning: Configuration key "shuffle" has been deprecated. Please use "dataframe.shuffle.algorithm" instead
[2m[36m(iter_task pid=329304, ip=10.120.204.7)[0m   warnings.warn(
[2m[36m(iter_task pid=329301, ip=10.120.204.7)[0m /home/ulc/cursos/curso341/.local/lib/python3.9/site-packages/dask/config.py:693: UserWarning: Configuration key "shuffle" has been deprecated. Please use "dataframe.shuffle.algorithm" instead
[2m[36m(iter_task pid=329301, ip=10.120.204.7)[0m   warnings.warn(
[2m[36m(iter_task pid=329303, ip=10.120.204.7)[0m /home/ulc/cursos/curso341/.local/lib/python3.9/site-packages/dask/config.py:693: UserWarning: Configuration key "shuffle" has been deprecated. Please use "dataframe.shuffle.algorithm" instead
[2m[36m(iter_task pid=329303, ip=10.120.204.7)[0m   warnings.warn(
[2m[36m(iter_task pid=329302, ip=10.120.204.7)[0m /home/ulc/cursos/curso341/.local/lib/python3.9/site-packages/dask/config.py:693: UserWarning: Configuration key "shuffle" has been deprecated. Please use "dataframe.shuffle.algorithm" instead
[2m[36m(iter_task pid=329302, ip=10.120.204.7)[0m   warnings.warn(
[2m[36m(iter_task pid=329300, ip=10.120.204.7)[0m /home/ulc/cursos/curso341/.local/lib/python3.9/site-packages/dask/config.py:693: UserWarning: Configuration key "shuffle" has been deprecated. Please use "dataframe.shuffle.algorithm" instead
[2m[36m(iter_task pid=329300, ip=10.120.204.7)[0m   warnings.warn(
[2m[36m(iter_task pid=329305, ip=10.120.204.7)[0m /home/ulc/cursos/curso341/.local/lib/python3.9/site-packages/dask/config.py:693: UserWarning: Configuration key "shuffle" has been deprecated. Please use "dataframe.shuffle.algorithm" instead
[2m[36m(iter_task pid=329305, ip=10.120.204.7)[0m   warnings.warn(
[2m[36m(iter_task pid=1134355, ip=10.120.204.11)[0m /home/ulc/cursos/curso341/.local/lib/python3.9/site-packages/dask/config.py:693: UserWarning: Configuration key "shuffle" has been deprecated. Please use "dataframe.shuffle.algorithm" instead
[2m[36m(iter_task pid=1134355, ip=10.120.204.11)[0m   warnings.warn(
[2m[36m(iter_task pid=1134357, ip=10.120.204.11)[0m /home/ulc/cursos/curso341/.local/lib/python3.9/site-packages/dask/config.py:693: UserWarning: Configuration key "shuffle" has been deprecated. Please use "dataframe.shuffle.algorithm" instead
[2m[36m(iter_task pid=1134357, ip=10.120.204.11)[0m   warnings.warn(
[2m[36m(iter_task pid=1134356, ip=10.120.204.11)[0m /home/ulc/cursos/curso341/.local/lib/python3.9/site-packages/dask/config.py:693: UserWarning: Configuration key "shuffle" has been deprecated. Please use "dataframe.shuffle.algorithm" instead
[2m[36m(iter_task pid=1134356, ip=10.120.204.11)[0m   warnings.warn(
[2m[36m(iter_task pid=1134353, ip=10.120.204.11)[0m /home/ulc/cursos/curso341/.local/lib/python3.9/site-packages/dask/config.py:693: UserWarning: Configuration key "shuffle" has been deprecated. Please use "dataframe.shuffle.algorithm" instead
[2m[36m(iter_task pid=1134353, ip=10.120.204.11)[0m   warnings.warn(
[2m[36m(iter_task pid=1134354, ip=10.120.204.11)[0m /home/ulc/cursos/curso341/.local/lib/python3.9/site-packages/dask/config.py:693: UserWarning: Configuration key "shuffle" has been deprecated. Please use "dataframe.shuffle.algorithm" instead
[2m[36m(iter_task pid=1134354, ip=10.120.204.11)[0m   warnings.warn(
[2m[36m(iter_task pid=329308, ip=10.120.204.7)[0m /home/ulc/cursos/curso341/.local/lib/python3.9/site-packages/dask/config.py:693: UserWarning: Configuration key "shuffle" has been deprecated. Please use "dataframe.shuffle.algorithm" instead
[2m[36m(iter_task pid=329308, ip=10.120.204.7)[0m   warnings.warn(
[2m[36m(iter_task pid=3161841, ip=10.120.204.2)[0m /home/ulc/cursos/curso341/.local/lib/python3.9/site-packages/dask/config.py:693: UserWarning: Configuration key "shuffle" has been deprecated. Please use "dataframe.shuffle.algorithm" instead
[2m[36m(iter_task pid=3161841, ip=10.120.204.2)[0m   warnings.warn(
[2m[36m(iter_task pid=3161844, ip=10.120.204.2)[0m /home/ulc/cursos/curso341/.local/lib/python3.9/site-packages/dask/config.py:693: UserWarning: Configuration key "shuffle" has been deprecated. Please use "dataframe.shuffle.algorithm" instead
[2m[36m(iter_task pid=3161844, ip=10.120.204.2)[0m   warnings.warn(
Iter [4]
Iter [6]
Iter [8]
Iter [10]
Iter [12]
Iter [14]
Iter [16]
Iter [18]
GLOBAL_PUT_TIME:     7.425011873245239 (avg:0.37125)
ACTOR_CONCURRENCY:   8
SIMULATION_TIME:     245.904063401999991 (avg: 12.295203170099999)
SIM_WTHOUT_PDI:      69.121774251000005 (avg: 3.456088712550000)
PDI_DELAY:           176.782289150999986 (avg: 8.839114457550000)

GLOBAL_SIZE_(GiB):   4194304
LOCAL_SIZE_(MiB):    256
ITERATIONS:          20

MPI_PER_NODE:        2
MPI_PARALLELISM:     16

WORKER_NODES:        8
CPUS_PER_WORKER:     64
WORKER_PARALLELISM:  512


SLURM_JOB_ID:        10942664
EST_ANALYTICS_TIME:  642.38342 (avg:32.11917)

Slurm job finished at 12/03/2025_02:38:26 PM

*****************************************************************************
*                                                                           *
*                    JOB EFFICIENCY REPORT (seff 10942664)                   *
*                                                                           *
*****************************************************************************

Job ID: 10942664
Cluster: finisterrae3
User/Group: curso341/ulc
State: COMPLETED (exit code 0)
Nodes: 17
Cores per node: 64
CPU Utilized: 01:00:47
CPU Efficiency: 0.50% of 8-12:18:08 core-walltime
Job Wall-clock time: 00:11:16
Memory Utilized: 12.50 GB (estimated maximum)
Memory Efficiency: 0.34% of 3.60 TB (3.39 GB/core)

 +++++++++++++++++++++++++++++++++++++++++++++++++++++++++++++++++++++++++++
 ++   Memory Efficiency is too small. Please review the requested memory. ++
 ++ It seems that you do not need that much memory so we recommend        ++
 ++ requesting less memory in other similar jobs.                         ++
 +++++++++++++++++++++++++++++++++++++++++++++++++++++++++++++++++++++++++++
 
*****************************************************************************


*****************************************************************************
*                                                                           *
*                    JOB EFFICIENCY REPORT (seff 10942664)                   *
*                                                                           *
*****************************************************************************

Job ID: 10942664
Cluster: finisterrae3
User/Group: curso341/ulc
State: COMPLETED (exit code 0)
Nodes: 17
Cores per node: 64
CPU Utilized: 01:03:37
CPU Efficiency: 0.52% of 8-12:18:08 core-walltime
Job Wall-clock time: 00:11:16
Memory Utilized: 2.17 GB
Memory Efficiency: 0.06% of 3.60 TB

 +++++++++++++++++++++++++++++++++++++++++++++++++++++++++++++++++++++++++++
 ++   Memory Efficiency is too small. Please review the requested memory. ++
 ++ It seems that you do not need that much memory so we recommend        ++
 ++ requesting less memory in other similar jobs.                         ++
 +++++++++++++++++++++++++++++++++++++++++++++++++++++++++++++++++++++++++++
 
*****************************************************************************


*****************************************************************************
*                                                                           *
*                    JOB EFFICIENCY REPORT (seff 10942664)                   *
*                                                                           *
*****************************************************************************

Job ID: 10942664
Cluster: finisterrae3
User/Group: curso341/ulc
State: COMPLETED (exit code 0)
Nodes: 17
Cores per node: 64
CPU Utilized: 01:38:14
CPU Efficiency: 0.80% of 8-12:18:08 core-walltime
Job Wall-clock time: 00:11:16
Memory Utilized: 42.52 GB
Memory Efficiency: 1.15% of 3.60 TB

 +++++++++++++++++++++++++++++++++++++++++++++++++++++++++++++++++++++++++++
 ++   Memory Efficiency is too small. Please review the requested memory. ++
 ++ It seems that you do not need that much memory so we recommend        ++
 ++ requesting less memory in other similar jobs.                         ++
 +++++++++++++++++++++++++++++++++++++++++++++++++++++++++++++++++++++++++++
 
*****************************************************************************


*****************************************************************************
*                                                                           *
*                    JOB EFFICIENCY REPORT (seff 10942664)                   *
*                                                                           *
*****************************************************************************

Job ID: 10942664
Cluster: finisterrae3
User/Group: curso341/ulc
State: COMPLETED (exit code 0)
Nodes: 17
Cores per node: 64
CPU Utilized: 01:38:14
CPU Efficiency: 0.80% of 8-12:18:08 core-walltime
Job Wall-clock time: 00:11:16
Memory Utilized: 42.52 GB
Memory Efficiency: 1.15% of 3.60 TB

 +++++++++++++++++++++++++++++++++++++++++++++++++++++++++++++++++++++++++++
 ++   Memory Efficiency is too small. Please review the requested memory. ++
 ++ It seems that you do not need that much memory so we recommend        ++
 ++ requesting less memory in other similar jobs.                         ++
 +++++++++++++++++++++++++++++++++++++++++++++++++++++++++++++++++++++++++++
 
*****************************************************************************


*****************************************************************************
*                                                                           *
*                    JOB EFFICIENCY REPORT (seff 10942664)                   *
*                                                                           *
*****************************************************************************

Job ID: 10942664
Cluster: finisterrae3
User/Group: curso341/ulc
State: COMPLETED (exit code 0)
Nodes: 17
Cores per node: 64
CPU Utilized: 01:38:14
CPU Efficiency: 0.80% of 8-12:18:08 core-walltime
Job Wall-clock time: 00:11:16
Memory Utilized: 42.52 GB
Memory Efficiency: 1.15% of 3.60 TB

 +++++++++++++++++++++++++++++++++++++++++++++++++++++++++++++++++++++++++++
 ++   Memory Efficiency is too small. Please review the requested memory. ++
 ++ It seems that you do not need that much memory so we recommend        ++
 ++ requesting less memory in other similar jobs.                         ++
 +++++++++++++++++++++++++++++++++++++++++++++++++++++++++++++++++++++++++++
 
*****************************************************************************


*****************************************************************************
*                                                                           *
*                    JOB EFFICIENCY REPORT (seff 10942664)                   *
*                                                                           *
*****************************************************************************

Job ID: 10942664
Cluster: finisterrae3
User/Group: curso341/ulc
State: COMPLETED (exit code 0)
Nodes: 17
Cores per node: 64
CPU Utilized: 05:36:20
CPU Efficiency: 2.74% of 8-12:18:08 core-walltime
Job Wall-clock time: 00:11:16
Memory Utilized: 53.47 GB
Memory Efficiency: 1.45% of 3.60 TB

 +++++++++++++++++++++++++++++++++++++++++++++++++++++++++++++++++++++++++++
 ++   Memory Efficiency is too small. Please review the requested memory. ++
 ++ It seems that you do not need that much memory so we recommend        ++
 ++ requesting less memory in other similar jobs.                         ++
 +++++++++++++++++++++++++++++++++++++++++++++++++++++++++++++++++++++++++++
 
*****************************************************************************


*****************************************************************************
*                                                                           *
*                    JOB EFFICIENCY REPORT (seff 10942664)                   *
*                                                                           *
*****************************************************************************

Job ID: 10942664
Cluster: finisterrae3
User/Group: curso341/ulc
State: COMPLETED (exit code 0)
Nodes: 17
Cores per node: 64
CPU Utilized: 05:36:20
CPU Efficiency: 2.74% of 8-12:18:08 core-walltime
Job Wall-clock time: 00:11:16
Memory Utilized: 53.47 GB
Memory Efficiency: 1.45% of 3.60 TB

 +++++++++++++++++++++++++++++++++++++++++++++++++++++++++++++++++++++++++++
 ++   Memory Efficiency is too small. Please review the requested memory. ++
 ++ It seems that you do not need that much memory so we recommend        ++
 ++ requesting less memory in other similar jobs.                         ++
 +++++++++++++++++++++++++++++++++++++++++++++++++++++++++++++++++++++++++++
 
*****************************************************************************



*****************************************************************************
*****************************************************************************
*                                                                           *
*                                                                           *
*                    JOB EFFICIENCY REPORT (seff 10942664)                   *
*                    JOB EFFICIENCY REPORT (seff 10942664)                   *
*                                                                           *
*                                                                           *
*****************************************************************************
*****************************************************************************


Job ID: 10942664
Job ID: 10942664
Cluster: finisterrae3
Cluster: finisterrae3
User/Group: curso341/ulc
User/Group: curso341/ulc

State: COMPLETED (exit code 0)
State: COMPLETED (exit code 0)
*****************************************************************************
Nodes: 17
Nodes: 17
*                                                                           *
Cores per node: 64
Cores per node: 64
*                    JOB EFFICIENCY REPORT (seff 10942664)                   *
CPU Utilized: 05:36:20
CPU Utilized: 05:36:20
*                                                                           *
CPU Efficiency: 2.74% of 8-12:18:08 core-walltime
CPU Efficiency: 2.74% of 8-12:18:08 core-walltime
*****************************************************************************
Job Wall-clock time: 00:11:16
Job Wall-clock time: 00:11:16

Memory Utilized: 53.47 GB
Memory Utilized: 53.47 GB
Job ID: 10942664
Memory Efficiency: 1.45% of 3.60 TB
Memory Efficiency: 1.45% of 3.60 TB
Cluster: finisterrae3


User/Group: curso341/ulc
 +++++++++++++++++++++++++++++++++++++++++++++++++++++++++++++++++++++++++++
 +++++++++++++++++++++++++++++++++++++++++++++++++++++++++++++++++++++++++++
State: COMPLETED (exit code 0)
 ++   Memory Efficiency is too small. Please review the requested memory. ++
 ++   Memory Efficiency is too small. Please review the requested memory. ++
Nodes: 17
 ++ It seems that you do not need that much memory so we recommend        ++
 ++ It seems that you do not need that much memory so we recommend        ++
Cores per node: 64
 ++ requesting less memory in other similar jobs.                         ++
 ++ requesting less memory in other similar jobs.                         ++
CPU Utilized: 05:36:20
 +++++++++++++++++++++++++++++++++++++++++++++++++++++++++++++++++++++++++++
 +++++++++++++++++++++++++++++++++++++++++++++++++++++++++++++++++++++++++++
CPU Efficiency: 2.74% of 8-12:18:08 core-walltime
 

 
Job Wall-clock time: 00:11:16
*****************************************************************************
*****************************************************************************
*****************************************************************************
Memory Utilized: 53.47 GB

*                                                                           *

Memory Efficiency: 1.45% of 3.60 TB
*                    JOB EFFICIENCY REPORT (seff 10942664)                   *

*                                                                           *
 +++++++++++++++++++++++++++++++++++++++++++++++++++++++++++++++++++++++++++
*****************************************************************************
 ++   Memory Efficiency is too small. Please review the requested memory. ++

 ++ It seems that you do not need that much memory so we recommend        ++
Job ID: 10942664
 ++ requesting less memory in other similar jobs.                         ++
Cluster: finisterrae3
 +++++++++++++++++++++++++++++++++++++++++++++++++++++++++++++++++++++++++++
User/Group: curso341/ulc
 
State: COMPLETED (exit code 0)
*****************************************************************************
Nodes: 17

Cores per node: 64
CPU Utilized: 05:36:20
CPU Efficiency: 2.74% of 8-12:18:08 core-walltime
Job Wall-clock time: 00:11:16
Memory Utilized: 53.47 GB
Memory Efficiency: 1.45% of 3.60 TB

 +++++++++++++++++++++++++++++++++++++++++++++++++++++++++++++++++++++++++++
 ++   Memory Efficiency is too small. Please review the requested memory. ++
 ++ It seems that you do not need that much memory so we recommend        ++
 ++ requesting less memory in other similar jobs.                         ++
 +++++++++++++++++++++++++++++++++++++++++++++++++++++++++++++++++++++++++++
 
*****************************************************************************


*****************************************************************************
*                                                                           *
*                    JOB EFFICIENCY REPORT (seff 10942664)                   *
*                                                                           *
*****************************************************************************

Job ID: 10942664
Cluster: finisterrae3
User/Group: curso341/ulc
State: COMPLETED (exit code 0)
Nodes: 17
Cores per node: 64
CPU Utilized: 05:36:20
CPU Efficiency: 2.74% of 8-12:18:08 core-walltime
Job Wall-clock time: 00:11:16
Memory Utilized: 53.47 GB
Memory Efficiency: 1.45% of 3.60 TB

 +++++++++++++++++++++++++++++++++++++++++++++++++++++++++++++++++++++++++++
 ++   Memory Efficiency is too small. Please review the requested memory. ++
 ++ It seems that you do not need that much memory so we recommend        ++
 ++ requesting less memory in other similar jobs.                         ++
 +++++++++++++++++++++++++++++++++++++++++++++++++++++++++++++++++++++++++++
 
*****************************************************************************


*****************************************************************************
*                                                                           *
*                    JOB EFFICIENCY REPORT (seff 10942664)                   *
*                                                                           *
*****************************************************************************

Job ID: 10942664
Cluster: finisterrae3
User/Group: curso341/ulc
State: COMPLETED (exit code 0)
Nodes: 17
Cores per node: 64
CPU Utilized: 05:36:20
CPU Efficiency: 2.74% of 8-12:18:08 core-walltime
Job Wall-clock time: 00:11:16
Memory Utilized: 53.47 GB
Memory Efficiency: 1.45% of 3.60 TB

 +++++++++++++++++++++++++++++++++++++++++++++++++++++++++++++++++++++++++++
 ++   Memory Efficiency is too small. Please review the requested memory. ++
 ++ It seems that you do not need that much memory so we recommend        ++
 ++ requesting less memory in other similar jobs.                         ++
 +++++++++++++++++++++++++++++++++++++++++++++++++++++++++++++++++++++++++++
 
*****************************************************************************


*****************************************************************************
*                                                                           *
*                    JOB EFFICIENCY REPORT (seff 10942664)                   *
*                                                                           *
*****************************************************************************

Job ID: 10942664
Cluster: finisterrae3
User/Group: curso341/ulc
State: COMPLETED (exit code 0)
Nodes: 17
Cores per node: 64
CPU Utilized: 05:36:20
CPU Efficiency: 2.74% of 8-12:18:08 core-walltime
Job Wall-clock time: 00:11:16
Memory Utilized: 53.47 GB
Memory Efficiency: 1.45% of 3.60 TB

 +++++++++++++++++++++++++++++++++++++++++++++++++++++++++++++++++++++++++++
 ++   Memory Efficiency is too small. Please review the requested memory. ++
 ++ It seems that you do not need that much memory so we recommend        ++
 ++ requesting less memory in other similar jobs.                         ++
 +++++++++++++++++++++++++++++++++++++++++++++++++++++++++++++++++++++++++++
 
*****************************************************************************


*****************************************************************************
*                                                                           *
*                    JOB EFFICIENCY REPORT (seff 10942664)                   *
*                                                                           *
*****************************************************************************

Job ID: 10942664
Cluster: finisterrae3
User/Group: curso341/ulc
State: COMPLETED (exit code 0)
Nodes: 17
Cores per node: 64
CPU Utilized: 05:36:20
CPU Efficiency: 2.74% of 8-12:18:08 core-walltime
Job Wall-clock time: 00:11:16
Memory Utilized: 53.47 GB
Memory Efficiency: 1.45% of 3.60 TB

 +++++++++++++++++++++++++++++++++++++++++++++++++++++++++++++++++++++++++++
 ++   Memory Efficiency is too small. Please review the requested memory. ++
 ++ It seems that you do not need that much memory so we recommend        ++
 ++ requesting less memory in other similar jobs.                         ++
 +++++++++++++++++++++++++++++++++++++++++++++++++++++++++++++++++++++++++++
 
*****************************************************************************


*****************************************************************************
*                                                                           *
*                    JOB EFFICIENCY REPORT (seff 10942664)                   *
*                                                                           *
*****************************************************************************

Job ID: 10942664
Cluster: finisterrae3
User/Group: curso341/ulc
State: COMPLETED (exit code 0)
Nodes: 17
Cores per node: 64
CPU Utilized: 05:36:20
CPU Efficiency: 2.74% of 8-12:18:08 core-walltime
Job Wall-clock time: 00:11:16
Memory Utilized: 53.47 GB
Memory Efficiency: 1.45% of 3.60 TB

 +++++++++++++++++++++++++++++++++++++++++++++++++++++++++++++++++++++++++++
 ++   Memory Efficiency is too small. Please review the requested memory. ++
 ++ It seems that you do not need that much memory so we recommend        ++
 ++ requesting less memory in other similar jobs.                         ++
 +++++++++++++++++++++++++++++++++++++++++++++++++++++++++++++++++++++++++++
 
*****************************************************************************


*****************************************************************************
*                                                                           *
*                    JOB EFFICIENCY REPORT (seff 10942664)                   *
*                                                                           *
*****************************************************************************

Job ID: 10942664
Cluster: finisterrae3
User/Group: curso341/ulc
State: COMPLETED (exit code 0)
Nodes: 17
Cores per node: 64
CPU Utilized: 05:36:20
CPU Efficiency: 2.74% of 8-12:18:08 core-walltime
Job Wall-clock time: 00:11:16
Memory Utilized: 53.47 GB
Memory Efficiency: 1.45% of 3.60 TB

 +++++++++++++++++++++++++++++++++++++++++++++++++++++++++++++++++++++++++++
 ++   Memory Efficiency is too small. Please review the requested memory. ++
 ++ It seems that you do not need that much memory so we recommend        ++
 ++ requesting less memory in other similar jobs.                         ++
 +++++++++++++++++++++++++++++++++++++++++++++++++++++++++++++++++++++++++++
 
*****************************************************************************

