slurmstepd: info: Setting TMPDIR to /scratch/10942655. Previous errors about TMPDIR can be discarded
Slurm job started at 12/03/2025_05:34:48 PM

In situ 2,
Initing Ray (1 head node + 2 worker nodes + 4 simulation nodes) on nodes: 
	ilk-146 ilk-147 ilk-149 ilk-151 ilk-153 ilk-154 ilk-155
Head node: 172.30.204.2:6379


RAY_DEPLOY_TIME:     23.24099
2025-03-12 17:35:16,212	INFO packaging.py:520 -- Creating a file package for local directory '/mnt/lustre/scratch/nlsas/home/ulc/cursos/curso341/dask_on_reisa_tests/E6/DASK_ON_REISA/derivative/P128-SN4-LS134-GS17179-I10-AN2-D2025-03-12_10-03-42'.
2025-03-12 17:35:16,241	INFO packaging.py:347 -- Pushing file package 'gcs://_ray_pkg_7ab6eac64a8d4fab.zip' (0.48MiB) to Ray cluster...
2025-03-12 17:35:16,247	INFO packaging.py:360 -- Successfully pushed file package 'gcs://_ray_pkg_7ab6eac64a8d4fab.zip'.
RAY_INIT_TIME:       6.53193
Iter [0]
Iter [1]
[2m[36m(iter_task pid=3210041, ip=10.120.204.3)[0m /home/ulc/cursos/curso341/.local/lib/python3.9/site-packages/dask/config.py:693: UserWarning: Configuration key "shuffle" has been deprecated. Please use "dataframe.shuffle.algorithm" instead
[2m[36m(iter_task pid=3210041, ip=10.120.204.3)[0m   warnings.warn(
[2m[36m(iter_task pid=3210043, ip=10.120.204.3)[0m /home/ulc/cursos/curso341/.local/lib/python3.9/site-packages/dask/config.py:693: UserWarning: Configuration key "shuffle" has been deprecated. Please use "dataframe.shuffle.algorithm" instead
[2m[36m(iter_task pid=3210043, ip=10.120.204.3)[0m   warnings.warn(
[2m[36m(iter_task pid=3210044, ip=10.120.204.3)[0m /home/ulc/cursos/curso341/.local/lib/python3.9/site-packages/dask/config.py:693: UserWarning: Configuration key "shuffle" has been deprecated. Please use "dataframe.shuffle.algorithm" instead
[2m[36m(iter_task pid=3210044, ip=10.120.204.3)[0m   warnings.warn(
[2m[36m(iter_task pid=3210042, ip=10.120.204.3)[0m /home/ulc/cursos/curso341/.local/lib/python3.9/site-packages/dask/config.py:693: UserWarning: Configuration key "shuffle" has been deprecated. Please use "dataframe.shuffle.algorithm" instead
[2m[36m(iter_task pid=3210042, ip=10.120.204.3)[0m   warnings.warn(
[2m[36m(iter_task pid=2235459, ip=10.120.204.5)[0m /home/ulc/cursos/curso341/.local/lib/python3.9/site-packages/dask/config.py:693: UserWarning: Configuration key "shuffle" has been deprecated. Please use "dataframe.shuffle.algorithm" instead
[2m[36m(iter_task pid=2235459, ip=10.120.204.5)[0m   warnings.warn(
[2m[36m(iter_task pid=2235460, ip=10.120.204.5)[0m /home/ulc/cursos/curso341/.local/lib/python3.9/site-packages/dask/config.py:693: UserWarning: Configuration key "shuffle" has been deprecated. Please use "dataframe.shuffle.algorithm" instead
[2m[36m(iter_task pid=2235460, ip=10.120.204.5)[0m   warnings.warn(
Iter [2]
Iter [3]
Iter [4]
Iter [5]
Iter [6]
Iter [7]
Iter [8]
Iter [9]
GLOBAL_PUT_TIME:     7.141561508178711 (avg:0.71416)
ACTOR_CONCURRENCY:   8
SIMULATION_TIME:     266.123322381000037 (avg: 26.612332238100002)
SIM_WTHOUT_PDI:      23.939796482000073 (avg: 2.393979648200007)
PDI_DELAY:           242.183525898999960 (avg: 24.218352589899997)

GLOBAL_SIZE_(GiB):   16777216
LOCAL_SIZE_(MiB):    128
ITERATIONS:          10

MPI_PER_NODE:        32
MPI_PARALLELISM:     128

WORKER_NODES:        2
CPUS_PER_WORKER:     64
WORKER_PARALLELISM:  128


SLURM_JOB_ID:        10942655
WARNING: 12 PYTHON worker processes have been started on node: 71144c37116ec179b2324d46224f807ca66f8a1f2a86d68bcc162efe with address: 172.30.204.10. This could be a result of using a large number of actors, or due to tasks blocked in ray.get() calls (see https://github.com/ray-project/ray/issues/3644 for some discussion of workarounds).
WARNING: 12 PYTHON worker processes have been started on node: be122cd0182894f86daa0c22e948422ed304fa5ebcd54045cfcf75d5 with address: 172.30.204.9. This could be a result of using a large number of actors, or due to tasks blocked in ray.get() calls (see https://github.com/ray-project/ray/issues/3644 for some discussion of workarounds).
WARNING: 12 PYTHON worker processes have been started on node: a28322ce7bdbe7d19ad16c866b38e0fc1c974e206644dcc9538d6daf with address: 172.30.204.7. This could be a result of using a large number of actors, or due to tasks blocked in ray.get() calls (see https://github.com/ray-project/ray/issues/3644 for some discussion of workarounds).
WARNING: 12 PYTHON worker processes have been started on node: ebc27fa302699abae26479644d0d3dc96bb4e874b8a36142a2d9e6cd with address: 172.30.204.11. This could be a result of using a large number of actors, or due to tasks blocked in ray.get() calls (see https://github.com/ray-project/ray/issues/3644 for some discussion of workarounds).
EST_ANALYTICS_TIME:  1111.26304 (avg:111.12630)

Slurm job finished at 12/03/2025_05:53:51 PM

*****************************************************************************
*                                                                           *
*                    JOB EFFICIENCY REPORT (seff 10942655)                   *
*                                                                           *
*****************************************************************************

Job ID: 10942655
Cluster: finisterrae3
User/Group: curso341/ulc
State: COMPLETED (exit code 0)
Nodes: 7
Cores per node: 64
CPU Utilized: 09:24:05
CPU Efficiency: 6.59% of 5-22:36:48 core-walltime
Job Wall-clock time: 00:19:06
Memory Utilized: 7.61 GB
Memory Efficiency: 0.50% of 1.48 TB

 +++++++++++++++++++++++++++++++++++++++++++++++++++++++++++++++++++++++++++
 ++   Memory Efficiency is too small. Please review the requested memory. ++
 ++ It seems that you do not need that much memory so we recommend        ++
 ++ requesting less memory in other similar jobs.                         ++
 +++++++++++++++++++++++++++++++++++++++++++++++++++++++++++++++++++++++++++
 
*****************************************************************************


*****************************************************************************
*                                                                           *
*                    JOB EFFICIENCY REPORT (seff 10942655)                   *
*                                                                           *
*****************************************************************************

Job ID: 10942655
Cluster: finisterrae3
User/Group: curso341/ulc
State: COMPLETED (exit code 0)
Nodes: 7
Cores per node: 64
CPU Utilized: 12:04:56
CPU Efficiency: 8.47% of 5-22:36:48 core-walltime
Job Wall-clock time: 00:19:06
Memory Utilized: 17.74 GB
Memory Efficiency: 1.17% of 1.48 TB

 +++++++++++++++++++++++++++++++++++++++++++++++++++++++++++++++++++++++++++
 ++   Memory Efficiency is too small. Please review the requested memory. ++
 ++ It seems that you do not need that much memory so we recommend        ++
 ++ requesting less memory in other similar jobs.                         ++
 +++++++++++++++++++++++++++++++++++++++++++++++++++++++++++++++++++++++++++
 
*****************************************************************************


*****************************************************************************
*                                                                           *
*                    JOB EFFICIENCY REPORT (seff 10942655)                   *
*                                                                           *
*****************************************************************************

Job ID: 10942655
Cluster: finisterrae3
User/Group: curso341/ulc
State: COMPLETED (exit code 0)
Nodes: 7
Cores per node: 64
CPU Utilized: 12:04:56
CPU Efficiency: 8.47% of 5-22:36:48 core-walltime
Job Wall-clock time: 00:19:06
Memory Utilized: 17.74 GB
Memory Efficiency: 1.17% of 1.48 TB

 +++++++++++++++++++++++++++++++++++++++++++++++++++++++++++++++++++++++++++
 ++   Memory Efficiency is too small. Please review the requested memory. ++
 ++ It seems that you do not need that much memory so we recommend        ++
 ++ requesting less memory in other similar jobs.                         ++
 +++++++++++++++++++++++++++++++++++++++++++++++++++++++++++++++++++++++++++
 
*****************************************************************************


*****************************************************************************
*                                                                           *
*                    JOB EFFICIENCY REPORT (seff 10942655)                   *
*                                                                           *
*****************************************************************************

Job ID: 10942655
Cluster: finisterrae3
User/Group: curso341/ulc
State: COMPLETED (exit code 0)
Nodes: 7
Cores per node: 64
CPU Utilized: 12:04:56
CPU Efficiency: 8.47% of 5-22:36:48 core-walltime
Job Wall-clock time: 00:19:06
Memory Utilized: 17.74 GB
Memory Efficiency: 1.17% of 1.48 TB

 +++++++++++++++++++++++++++++++++++++++++++++++++++++++++++++++++++++++++++
 ++   Memory Efficiency is too small. Please review the requested memory. ++
 ++ It seems that you do not need that much memory so we recommend        ++
 ++ requesting less memory in other similar jobs.                         ++
 +++++++++++++++++++++++++++++++++++++++++++++++++++++++++++++++++++++++++++
 
*****************************************************************************


*****************************************************************************
*                                                                           *
*                    JOB EFFICIENCY REPORT (seff 10942655)                   *
*                                                                           *
*****************************************************************************

Job ID: 10942655
Cluster: finisterrae3
User/Group: curso341/ulc
State: COMPLETED (exit code 0)
Nodes: 7
Cores per node: 64
CPU Utilized: 12:04:56
CPU Efficiency: 8.47% of 5-22:36:48 core-walltime
Job Wall-clock time: 00:19:06
Memory Utilized: 17.74 GB
Memory Efficiency: 1.17% of 1.48 TB

 +++++++++++++++++++++++++++++++++++++++++++++++++++++++++++++++++++++++++++
 ++   Memory Efficiency is too small. Please review the requested memory. ++
 ++ It seems that you do not need that much memory so we recommend        ++
 ++ requesting less memory in other similar jobs.                         ++
 +++++++++++++++++++++++++++++++++++++++++++++++++++++++++++++++++++++++++++
 
*****************************************************************************


*****************************************************************************
*                                                                           *
*                    JOB EFFICIENCY REPORT (seff 10942655)                   *
*                                                                           *
*****************************************************************************

Job ID: 10942655
Cluster: finisterrae3
User/Group: curso341/ulc
State: COMPLETED (exit code 0)
Nodes: 7
Cores per node: 64
CPU Utilized: 12:04:56
CPU Efficiency: 8.47% of 5-22:36:48 core-walltime
Job Wall-clock time: 00:19:06
Memory Utilized: 17.74 GB
Memory Efficiency: 1.17% of 1.48 TB

 +++++++++++++++++++++++++++++++++++++++++++++++++++++++++++++++++++++++++++
 ++   Memory Efficiency is too small. Please review the requested memory. ++
 ++ It seems that you do not need that much memory so we recommend        ++
 ++ requesting less memory in other similar jobs.                         ++
 +++++++++++++++++++++++++++++++++++++++++++++++++++++++++++++++++++++++++++
 
*****************************************************************************


*****************************************************************************
*                                                                           *
*                    JOB EFFICIENCY REPORT (seff 10942655)                   *
*                                                                           *
*****************************************************************************

Job ID: 10942655
Cluster: finisterrae3
User/Group: curso341/ulc
State: COMPLETED (exit code 0)
Nodes: 7
Cores per node: 64
CPU Utilized: 12:04:56
CPU Efficiency: 8.47% of 5-22:36:48 core-walltime
Job Wall-clock time: 00:19:06
Memory Utilized: 17.74 GB
Memory Efficiency: 1.17% of 1.48 TB

 +++++++++++++++++++++++++++++++++++++++++++++++++++++++++++++++++++++++++++
 ++   Memory Efficiency is too small. Please review the requested memory. ++
 ++ It seems that you do not need that much memory so we recommend        ++
 ++ requesting less memory in other similar jobs.                         ++
 +++++++++++++++++++++++++++++++++++++++++++++++++++++++++++++++++++++++++++
 
*****************************************************************************

