slurmstepd: info: Setting TMPDIR to /scratch/10908893. Previous errors about TMPDIR can be discarded
Slurm job started at 08/03/2025_12:55:13 AM

In transit.
Initing Ray (1 head node + 2 worker nodes + 4 simulation nodes) on nodes: 
	ilk-146 ilk-148 ilk-149 ilk-150 ilk-154 ilk-155 ilk-162
Head node: 172.30.204.2:6379


RAY_DEPLOY_TIME:     24.13420
2025-03-08 00:55:40,383	INFO packaging.py:520 -- Creating a file package for local directory '/mnt/lustre/scratch/nlsas/home/ulc/cursos/curso341/dask_on_reisa_tests/E2/REISA_ONE_ACTOR/reduction/P128-SN4-LS1-GS134-I20-AN2-D2025-03-07_21-32-46'.
2025-03-08 00:55:40,410	INFO packaging.py:347 -- Pushing file package 'gcs://_ray_pkg_8055c7efbeac1d0b.zip' (0.48MiB) to Ray cluster...
2025-03-08 00:55:40,416	INFO packaging.py:360 -- Successfully pushed file package 'gcs://_ray_pkg_8055c7efbeac1d0b.zip'.
RAY_INIT_TIME:       4.18274
Iter [0]
Iter [2]
Iter [4]
Iter [6]
Iter [8]
Iter [10]
Iter [12]
Iter [14]
Iter [16]
Iter [18]
GLOBAL_PUT_TIME:     0.06972575187683105 (avg:0.00349)
ACTOR_CONCURRENCY:   8
EST_ANALYTICS_TIME:  49.44526 (avg:2.47226)
SIMULATION_TIME:     49.937692953999999 (avg: 2.496884647700000)
SIM_WTHOUT_PDI:      28.034618080999998 (avg: 1.401730904050000)
PDI_DELAY:           21.903074873000001 (avg: 1.095153743650000)

GLOBAL_SIZE_(GiB):   131072
LOCAL_SIZE_(MiB):    1
ITERATIONS:          20

MPI_PER_NODE:        32
MPI_PARALLELISM:     128

WORKER_NODES:        2
CPUS_PER_WORKER:     64
WORKER_PARALLELISM:  128


SLURM_JOB_ID:        10908893

Slurm job finished at 08/03/2025_12:56:35 AM

*****************************************************************************
*                                                                           *
*                    JOB EFFICIENCY REPORT (seff 10908893)                   *
*                                                                           *
*****************************************************************************

Job ID: 10908893
Cluster: finisterrae3
User/Group: curso341/ulc
State: COMPLETED (exit code 0)
Nodes: 7
Cores per node: 64
CPU Utilized: 01:04:56
CPU Efficiency: 10.35% of 10:27:12 core-walltime
Job Wall-clock time: 00:01:24
Memory Utilized: 4.44 GB
Memory Efficiency: 0.29% of 1.48 TB

 +++++++++++++++++++++++++++++++++++++++++++++++++++++++++++++++++++++++++++
 ++   Memory Efficiency is too small. Please review the requested memory. ++
 ++ It seems that you do not need that much memory so we recommend        ++
 ++ requesting less memory in other similar jobs.                         ++
 +++++++++++++++++++++++++++++++++++++++++++++++++++++++++++++++++++++++++++
 
*****************************************************************************


*****************************************************************************
*                                                                           *
*                    JOB EFFICIENCY REPORT (seff 10908893)                   *
*                                                                           *
*****************************************************************************

Job ID: 10908893
Cluster: finisterrae3
User/Group: curso341/ulc
State: COMPLETED (exit code 0)
Nodes: 7
Cores per node: 64
CPU Utilized: 01:04:56
CPU Efficiency: 10.35% of 10:27:12 core-walltime
Job Wall-clock time: 00:01:24
Memory Utilized: 4.44 GB
Memory Efficiency: 0.29% of 1.48 TB

 +++++++++++++++++++++++++++++++++++++++++++++++++++++++++++++++++++++++++++
 ++   Memory Efficiency is too small. Please review the requested memory. ++
 ++ It seems that you do not need that much memory so we recommend        ++
 ++ requesting less memory in other similar jobs.                         ++
 +++++++++++++++++++++++++++++++++++++++++++++++++++++++++++++++++++++++++++
 
*****************************************************************************


*****************************************************************************
*                                                                           *
*                    JOB EFFICIENCY REPORT (seff 10908893)                   *
*                                                                           *
*****************************************************************************

Job ID: 10908893
Cluster: finisterrae3
User/Group: curso341/ulc
State: COMPLETED (exit code 0)
Nodes: 7
Cores per node: 64
CPU Utilized: 01:04:56
CPU Efficiency: 10.35% of 10:27:12 core-walltime
Job Wall-clock time: 00:01:24
Memory Utilized: 4.44 GB
Memory Efficiency: 0.29% of 1.48 TB

 +++++++++++++++++++++++++++++++++++++++++++++++++++++++++++++++++++++++++++
 ++   Memory Efficiency is too small. Please review the requested memory. ++
 ++ It seems that you do not need that much memory so we recommend        ++
 ++ requesting less memory in other similar jobs.                         ++
 +++++++++++++++++++++++++++++++++++++++++++++++++++++++++++++++++++++++++++
 
*****************************************************************************


*****************************************************************************
*                                                                           *
*                    JOB EFFICIENCY REPORT (seff 10908893)                   *
*                                                                           *
*****************************************************************************

Job ID: 10908893
Cluster: finisterrae3
User/Group: curso341/ulc
State: COMPLETED (exit code 0)
Nodes: 7
Cores per node: 64
CPU Utilized: 01:04:56
CPU Efficiency: 10.35% of 10:27:12 core-walltime
Job Wall-clock time: 00:01:24
Memory Utilized: 4.44 GB
Memory Efficiency: 0.29% of 1.48 TB

 +++++++++++++++++++++++++++++++++++++++++++++++++++++++++++++++++++++++++++
 ++   Memory Efficiency is too small. Please review the requested memory. ++
 ++ It seems that you do not need that much memory so we recommend        ++
 ++ requesting less memory in other similar jobs.                         ++
 +++++++++++++++++++++++++++++++++++++++++++++++++++++++++++++++++++++++++++
 
*****************************************************************************


*****************************************************************************
*                                                                           *
*                    JOB EFFICIENCY REPORT (seff 10908893)                   *
*                                                                           *
*****************************************************************************

Job ID: 10908893
Cluster: finisterrae3
User/Group: curso341/ulc
State: COMPLETED (exit code 0)
Nodes: 7
Cores per node: 64
CPU Utilized: 01:04:56
CPU Efficiency: 10.35% of 10:27:12 core-walltime
Job Wall-clock time: 00:01:24
Memory Utilized: 4.44 GB
Memory Efficiency: 0.29% of 1.48 TB

 +++++++++++++++++++++++++++++++++++++++++++++++++++++++++++++++++++++++++++
 ++   Memory Efficiency is too small. Please review the requested memory. ++
 ++ It seems that you do not need that much memory so we recommend        ++
 ++ requesting less memory in other similar jobs.                         ++
 +++++++++++++++++++++++++++++++++++++++++++++++++++++++++++++++++++++++++++
 
*****************************************************************************


*****************************************************************************
*                                                                           *
*                    JOB EFFICIENCY REPORT (seff 10908893)                   *
*                                                                           *
*****************************************************************************

Job ID: 10908893
Cluster: finisterrae3
User/Group: curso341/ulc
State: COMPLETED (exit code 0)
Nodes: 7
Cores per node: 64
CPU Utilized: 01:04:56
CPU Efficiency: 10.35% of 10:27:12 core-walltime
Job Wall-clock time: 00:01:24
Memory Utilized: 4.44 GB
Memory Efficiency: 0.29% of 1.48 TB

 +++++++++++++++++++++++++++++++++++++++++++++++++++++++++++++++++++++++++++
 ++   Memory Efficiency is too small. Please review the requested memory. ++
 ++ It seems that you do not need that much memory so we recommend        ++
 ++ requesting less memory in other similar jobs.                         ++
 +++++++++++++++++++++++++++++++++++++++++++++++++++++++++++++++++++++++++++
 
*****************************************************************************


*****************************************************************************
*                                                                           *
*                    JOB EFFICIENCY REPORT (seff 10908893)                   *
*                                                                           *
*****************************************************************************

Job ID: 10908893
Cluster: finisterrae3
User/Group: curso341/ulc
State: COMPLETED (exit code 0)
Nodes: 7
Cores per node: 64
CPU Utilized: 01:05:22
CPU Efficiency: 10.42% of 10:27:12 core-walltime
Job Wall-clock time: 00:01:24
Memory Utilized: 4.44 GB
Memory Efficiency: 0.29% of 1.48 TB

 +++++++++++++++++++++++++++++++++++++++++++++++++++++++++++++++++++++++++++
 ++   Memory Efficiency is too small. Please review the requested memory. ++
 ++ It seems that you do not need that much memory so we recommend        ++
 ++ requesting less memory in other similar jobs.                         ++
 +++++++++++++++++++++++++++++++++++++++++++++++++++++++++++++++++++++++++++
 
*****************************************************************************

