slurmstepd: info: Setting TMPDIR to /scratch/10925252. Previous errors about TMPDIR can be discarded
Slurm job started at 09/03/2025_08:45:38 PM

In transit.
Initing Ray (1 head node + 2 worker nodes + 4 simulation nodes) on nodes: 
	ilk-154 ilk-155 ilk-156 ilk-157 ilk-250 ilk-251 ilk-253
Head node: 172.30.204.10:6379


RAY_DEPLOY_TIME:     24.40331
2025-03-09 20:46:05,267	INFO packaging.py:520 -- Creating a file package for local directory '/mnt/lustre/scratch/nlsas/home/ulc/cursos/curso341/dask_on_reisa_tests/E4/REISA_ONE_ACTOR/derivative/P128-SN4-LS1-GS134-I10-AN2-D2025-03-09_18-43-39'.
2025-03-09 20:46:05,296	INFO packaging.py:347 -- Pushing file package 'gcs://_ray_pkg_2ea605a11f30f2b6.zip' (0.48MiB) to Ray cluster...
2025-03-09 20:46:05,302	INFO packaging.py:360 -- Successfully pushed file package 'gcs://_ray_pkg_2ea605a11f30f2b6.zip'.
RAY_INIT_TIME:       4.99958
Iter [0]
Iter [1]
Iter [2]
Iter [3]
Iter [4]
Iter [5]
Iter [6]
Iter [7]
Iter [8]
Iter [9]
GLOBAL_PUT_TIME:     0.043875694274902344 (avg:0.00439)
ACTOR_CONCURRENCY:   8
EST_ANALYTICS_TIME:  34.52834 (avg:3.45283)
SIMULATION_TIME:     32.576555077000002 (avg: 3.257655507700000)
SIM_WTHOUT_PDI:      14.572574951000005 (avg: 1.457257495100001)
PDI_DELAY:           18.003980125999995 (avg: 1.800398012599999)

GLOBAL_SIZE_(GiB):   131072
LOCAL_SIZE_(MiB):    1
ITERATIONS:          10

MPI_PER_NODE:        32
MPI_PARALLELISM:     128

WORKER_NODES:        2
CPUS_PER_WORKER:     64
WORKER_PARALLELISM:  128


SLURM_JOB_ID:        10925252

Slurm job finished at 09/03/2025_08:46:44 PM

*****************************************************************************
*                                                                           *
*                    JOB EFFICIENCY REPORT (seff 10925252)                   *
*                                                                           *
*****************************************************************************

Job ID: 10925252
Cluster: finisterrae3
User/Group: curso341/ulc
State: COMPLETED (exit code 0)
Nodes: 7
Cores per node: 64
CPU Utilized: 00:46:01
CPU Efficiency: 9.20% of 08:20:16 core-walltime
Job Wall-clock time: 00:01:07
Memory Utilized: 308.78 MB
Memory Efficiency: 0.02% of 1.48 TB

 +++++++++++++++++++++++++++++++++++++++++++++++++++++++++++++++++++++++++++
 ++   Memory Efficiency is too small. Please review the requested memory. ++
 ++ It seems that you do not need that much memory so we recommend        ++
 ++ requesting less memory in other similar jobs.                         ++
 +++++++++++++++++++++++++++++++++++++++++++++++++++++++++++++++++++++++++++
 
*****************************************************************************


*****************************************************************************
*                                                                           *
*                    JOB EFFICIENCY REPORT (seff 10925252)                   *
*                                                                           *
*****************************************************************************

Job ID: 10925252
Cluster: finisterrae3
User/Group: curso341/ulc
State: COMPLETED (exit code 0)
Nodes: 7
Cores per node: 64
CPU Utilized: 00:46:01
CPU Efficiency: 9.20% of 08:20:16 core-walltime
Job Wall-clock time: 00:01:07
Memory Utilized: 308.78 MB
Memory Efficiency: 0.02% of 1.48 TB

 +++++++++++++++++++++++++++++++++++++++++++++++++++++++++++++++++++++++++++
 ++   Memory Efficiency is too small. Please review the requested memory. ++
 ++ It seems that you do not need that much memory so we recommend        ++
 ++ requesting less memory in other similar jobs.                         ++
 +++++++++++++++++++++++++++++++++++++++++++++++++++++++++++++++++++++++++++
 
*****************************************************************************


*****************************************************************************
*                                                                           *
*                    JOB EFFICIENCY REPORT (seff 10925252)                   *
*                                                                           *
*****************************************************************************

Job ID: 10925252
Cluster: finisterrae3
User/Group: curso341/ulc
State: COMPLETED (exit code 0)
Nodes: 7
Cores per node: 64
CPU Utilized: 00:46:01
CPU Efficiency: 9.20% of 08:20:16 core-walltime
Job Wall-clock time: 00:01:07
Memory Utilized: 308.78 MB
Memory Efficiency: 0.02% of 1.48 TB

 +++++++++++++++++++++++++++++++++++++++++++++++++++++++++++++++++++++++++++
 ++   Memory Efficiency is too small. Please review the requested memory. ++
 ++ It seems that you do not need that much memory so we recommend        ++
 ++ requesting less memory in other similar jobs.                         ++
 +++++++++++++++++++++++++++++++++++++++++++++++++++++++++++++++++++++++++++
 
*****************************************************************************


*****************************************************************************
*                                                                           *
*                    JOB EFFICIENCY REPORT (seff 10925252)                   *
*                                                                           *
*****************************************************************************

Job ID: 10925252
Cluster: finisterrae3
User/Group: curso341/ulc
State: COMPLETED (exit code 0)
Nodes: 7
Cores per node: 64
CPU Utilized: 00:46:01
CPU Efficiency: 9.20% of 08:20:16 core-walltime
Job Wall-clock time: 00:01:07
Memory Utilized: 308.78 MB
Memory Efficiency: 0.02% of 1.48 TB

 +++++++++++++++++++++++++++++++++++++++++++++++++++++++++++++++++++++++++++
 ++   Memory Efficiency is too small. Please review the requested memory. ++
 ++ It seems that you do not need that much memory so we recommend        ++
 ++ requesting less memory in other similar jobs.                         ++
 +++++++++++++++++++++++++++++++++++++++++++++++++++++++++++++++++++++++++++
 
*****************************************************************************


*****************************************************************************
*                                                                           *
*                    JOB EFFICIENCY REPORT (seff 10925252)                   *
*                                                                           *
*****************************************************************************

Job ID: 10925252
Cluster: finisterrae3
User/Group: curso341/ulc
State: COMPLETED (exit code 0)
Nodes: 7
Cores per node: 64
CPU Utilized: 00:46:01
CPU Efficiency: 9.20% of 08:20:16 core-walltime
Job Wall-clock time: 00:01:07
Memory Utilized: 308.78 MB
Memory Efficiency: 0.02% of 1.48 TB

 +++++++++++++++++++++++++++++++++++++++++++++++++++++++++++++++++++++++++++
 ++   Memory Efficiency is too small. Please review the requested memory. ++
 ++ It seems that you do not need that much memory so we recommend        ++
 ++ requesting less memory in other similar jobs.                         ++
 +++++++++++++++++++++++++++++++++++++++++++++++++++++++++++++++++++++++++++
 
*****************************************************************************


*****************************************************************************
*                                                                           *
*                    JOB EFFICIENCY REPORT (seff 10925252)                   *
*                                                                           *
*****************************************************************************

Job ID: 10925252
Cluster: finisterrae3
User/Group: curso341/ulc
State: COMPLETED (exit code 0)
Nodes: 7
Cores per node: 64
CPU Utilized: 00:46:01
CPU Efficiency: 9.20% of 08:20:16 core-walltime
Job Wall-clock time: 00:01:07
Memory Utilized: 308.78 MB
Memory Efficiency: 0.02% of 1.48 TB

 +++++++++++++++++++++++++++++++++++++++++++++++++++++++++++++++++++++++++++
 ++   Memory Efficiency is too small. Please review the requested memory. ++
 ++ It seems that you do not need that much memory so we recommend        ++
 ++ requesting less memory in other similar jobs.                         ++
 +++++++++++++++++++++++++++++++++++++++++++++++++++++++++++++++++++++++++++
 
*****************************************************************************


*****************************************************************************
*                                                                           *
*                    JOB EFFICIENCY REPORT (seff 10925252)                   *
*                                                                           *
*****************************************************************************

Job ID: 10925252
Cluster: finisterrae3
User/Group: curso341/ulc
State: COMPLETED (exit code 0)
Nodes: 7
Cores per node: 64
CPU Utilized: 00:46:24
CPU Efficiency: 9.28% of 08:20:16 core-walltime
Job Wall-clock time: 00:01:07
Memory Utilized: 634.78 MB
Memory Efficiency: 0.04% of 1.48 TB

 +++++++++++++++++++++++++++++++++++++++++++++++++++++++++++++++++++++++++++
 ++   Memory Efficiency is too small. Please review the requested memory. ++
 ++ It seems that you do not need that much memory so we recommend        ++
 ++ requesting less memory in other similar jobs.                         ++
 +++++++++++++++++++++++++++++++++++++++++++++++++++++++++++++++++++++++++++
 
*****************************************************************************

