slurmstepd: info: Setting TMPDIR to /scratch/10908859. Previous errors about TMPDIR can be discarded
Slurm job started at 07/03/2025_09:47:35 PM

In transit.
Initing Ray (1 head node + 8 worker nodes + 8 simulation nodes) on nodes: 
	ilk-13 ilk-14 ilk-15 ilk-18 ilk-153 ilk-161 ilk-243 ilk-244 ilk-245 ilk-246 ilk-247 ilk-248 ilk-249 ilk-250 ilk-251 ilk-252 ilk-253
Head node: 172.30.201.13:6379


RAY_DEPLOY_TIME:     23.29187
2025-03-07 21:48:00,036	INFO packaging.py:520 -- Creating a file package for local directory '/mnt/lustre/scratch/nlsas/home/ulc/cursos/curso341/dask_on_reisa_tests/E2/REISA/derivative/P16-SN8-LS536-GS8589-I10-AN8-D2025-03-07_21-31-31'.
2025-03-07 21:48:00,062	INFO packaging.py:347 -- Pushing file package 'gcs://_ray_pkg_2891dbbb465b2c2d.zip' (0.48MiB) to Ray cluster...
2025-03-07 21:48:00,068	INFO packaging.py:360 -- Successfully pushed file package 'gcs://_ray_pkg_2891dbbb465b2c2d.zip'.
RAY_INIT_TIME:       3.07226
Iter [0]
Iter [1]
Iter [2]
Iter [3]
Iter [4]
Iter [5]
Iter [6]
Iter [7]
Iter [8]
Iter [9]
GLOBAL_PUT_TIME:     8.212876319885254 (avg:0.82129)
ACTOR_CONCURRENCY:   8
SIMULATION_TIME:     57.147456208999998 (avg: 5.714745620900000)
SIM_WTHOUT_PDI:      47.658158017999995 (avg: 4.765815801800000)
PDI_DELAY:           9.489298191000003 (avg: 0.948929819100000)

GLOBAL_SIZE_(GiB):   8388608
LOCAL_SIZE_(MiB):    512
ITERATIONS:          10

MPI_PER_NODE:        2
MPI_PARALLELISM:     16

WORKER_NODES:        8
CPUS_PER_WORKER:     64
WORKER_PARALLELISM:  512


SLURM_JOB_ID:        10908859
EST_ANALYTICS_TIME:  66.02219 (avg:6.60222)

Slurm job finished at 07/03/2025_09:49:09 PM

*****************************************************************************
*                                                                           *
*                    JOB EFFICIENCY REPORT (seff 10908859)                   *
*                                                                           *
*****************************************************************************

Job ID: 10908859
Cluster: finisterrae3
User/Group: curso341/ulc
State: COMPLETED (exit code 0)
Nodes: 17
Cores per node: 64
CPU Utilized: 00:15:46
CPU Efficiency: 0.90% of 1-05:18:56 core-walltime
Job Wall-clock time: 00:01:37
Memory Utilized: 19.83 GB (estimated maximum)
Memory Efficiency: 0.54% of 3.60 TB (3.39 GB/core)

 +++++++++++++++++++++++++++++++++++++++++++++++++++++++++++++++++++++++++++
 ++   Memory Efficiency is too small. Please review the requested memory. ++
 ++ It seems that you do not need that much memory so we recommend        ++
 ++ requesting less memory in other similar jobs.                         ++
 +++++++++++++++++++++++++++++++++++++++++++++++++++++++++++++++++++++++++++
 
*****************************************************************************



*****************************************************************************
*****************************************************************************
*                                                                           *
*                                                                           *
*                    JOB EFFICIENCY REPORT (seff 10908859)                   *
*                    JOB EFFICIENCY REPORT (seff 10908859)                   *
*                                                                           *
*                                                                           *
*****************************************************************************
*****************************************************************************


Job ID: 10908859
Job ID: 10908859
Cluster: finisterrae3
Cluster: finisterrae3
User/Group: curso341/ulc
User/Group: curso341/ulc
State: COMPLETED (exit code 0)
State: COMPLETED (exit code 0)
Nodes: 17
Nodes: 17
Cores per node: 64
Cores per node: 64

CPU Utilized: 00:15:46
CPU Utilized: 00:15:46
*****************************************************************************
CPU Efficiency: 0.90% of 1-05:18:56 core-walltime
CPU Efficiency: 0.90% of 1-05:18:56 core-walltime
*                                                                           *
Job Wall-clock time: 00:01:37
Job Wall-clock time: 00:01:37
*                    JOB EFFICIENCY REPORT (seff 10908859)                   *
Memory Utilized: 19.83 GB (estimated maximum)
Memory Utilized: 19.83 GB (estimated maximum)
*                                                                           *
Memory Efficiency: 0.54% of 3.60 TB (3.39 GB/core)
Memory Efficiency: 0.54% of 3.60 TB (3.39 GB/core)

*****************************************************************************


*****************************************************************************

 +++++++++++++++++++++++++++++++++++++++++++++++++++++++++++++++++++++++++++
 +++++++++++++++++++++++++++++++++++++++++++++++++++++++++++++++++++++++++++
*                                                                           *
Job ID: 10908859
 ++   Memory Efficiency is too small. Please review the requested memory. ++
 ++   Memory Efficiency is too small. Please review the requested memory. ++
*                    JOB EFFICIENCY REPORT (seff 10908859)                   *
Cluster: finisterrae3
 ++ It seems that you do not need that much memory so we recommend        ++
 ++ It seems that you do not need that much memory so we recommend        ++
*                                                                           *
User/Group: curso341/ulc
 ++ requesting less memory in other similar jobs.                         ++
 ++ requesting less memory in other similar jobs.                         ++
*****************************************************************************
State: COMPLETED (exit code 0)
 +++++++++++++++++++++++++++++++++++++++++++++++++++++++++++++++++++++++++++
 +++++++++++++++++++++++++++++++++++++++++++++++++++++++++++++++++++++++++++

Nodes: 17
 
 
Job ID: 10908859
Cores per node: 64
*****************************************************************************
*****************************************************************************
Cluster: finisterrae3
CPU Utilized: 00:15:46


User/Group: curso341/ulc
CPU Efficiency: 0.90% of 1-05:18:56 core-walltime
State: COMPLETED (exit code 0)
Job Wall-clock time: 00:01:37
Nodes: 17
Memory Utilized: 19.83 GB (estimated maximum)
Cores per node: 64
Memory Efficiency: 0.54% of 3.60 TB (3.39 GB/core)
CPU Utilized: 00:15:46

CPU Efficiency: 0.90% of 1-05:18:56 core-walltime
 +++++++++++++++++++++++++++++++++++++++++++++++++++++++++++++++++++++++++++
Job Wall-clock time: 00:01:37
 ++   Memory Efficiency is too small. Please review the requested memory. ++
Memory Utilized: 19.83 GB (estimated maximum)
 ++ It seems that you do not need that much memory so we recommend        ++
Memory Efficiency: 0.54% of 3.60 TB (3.39 GB/core)
 ++ requesting less memory in other similar jobs.                         ++

 +++++++++++++++++++++++++++++++++++++++++++++++++++++++++++++++++++++++++++
 +++++++++++++++++++++++++++++++++++++++++++++++++++++++++++++++++++++++++++
 
 ++   Memory Efficiency is too small. Please review the requested memory. ++
*****************************************************************************
 ++ It seems that you do not need that much memory so we recommend        ++

 ++ requesting less memory in other similar jobs.                         ++
 +++++++++++++++++++++++++++++++++++++++++++++++++++++++++++++++++++++++++++
 
*****************************************************************************


*****************************************************************************
*                                                                           *
*                    JOB EFFICIENCY REPORT (seff 10908859)                   *
*                                                                           *
*****************************************************************************

Job ID: 10908859
Cluster: finisterrae3
User/Group: curso341/ulc
State: COMPLETED (exit code 0)
Nodes: 17
Cores per node: 64
CPU Utilized: 00:24:30
CPU Efficiency: 1.39% of 1-05:18:56 core-walltime
Job Wall-clock time: 00:01:37
Memory Utilized: 19.83 GB (estimated maximum)
Memory Efficiency: 0.54% of 3.60 TB (3.39 GB/core)

 +++++++++++++++++++++++++++++++++++++++++++++++++++++++++++++++++++++++++++
 ++   Memory Efficiency is too small. Please review the requested memory. ++
 ++ It seems that you do not need that much memory so we recommend        ++
 ++ requesting less memory in other similar jobs.                         ++
 +++++++++++++++++++++++++++++++++++++++++++++++++++++++++++++++++++++++++++
 
*****************************************************************************


*****************************************************************************
*                                                                           *
*                    JOB EFFICIENCY REPORT (seff 10908859)                   *
*                                                                           *
*****************************************************************************

Job ID: 10908859
Cluster: finisterrae3
User/Group: curso341/ulc
State: COMPLETED (exit code 0)
Nodes: 17
Cores per node: 64
CPU Utilized: 00:24:30
CPU Efficiency: 1.39% of 1-05:18:56 core-walltime
Job Wall-clock time: 00:01:37
Memory Utilized: 19.83 GB (estimated maximum)
Memory Efficiency: 0.54% of 3.60 TB (3.39 GB/core)

 +++++++++++++++++++++++++++++++++++++++++++++++++++++++++++++++++++++++++++
 ++   Memory Efficiency is too small. Please review the requested memory. ++
 ++ It seems that you do not need that much memory so we recommend        ++
 ++ requesting less memory in other similar jobs.                         ++
 +++++++++++++++++++++++++++++++++++++++++++++++++++++++++++++++++++++++++++
 
*****************************************************************************


*****************************************************************************
*                                                                           *
*                    JOB EFFICIENCY REPORT (seff 10908859)                   *
*                                                                           *
*****************************************************************************

Job ID: 10908859
Cluster: finisterrae3
User/Group: curso341/ulc
State: COMPLETED (exit code 0)
Nodes: 17
Cores per node: 64
CPU Utilized: 00:24:30
CPU Efficiency: 1.39% of 1-05:18:56 core-walltime
Job Wall-clock time: 00:01:37
Memory Utilized: 19.83 GB (estimated maximum)
Memory Efficiency: 0.54% of 3.60 TB (3.39 GB/core)

 +++++++++++++++++++++++++++++++++++++++++++++++++++++++++++++++++++++++++++
 ++   Memory Efficiency is too small. Please review the requested memory. ++
 ++ It seems that you do not need that much memory so we recommend        ++
 ++ requesting less memory in other similar jobs.                         ++
 +++++++++++++++++++++++++++++++++++++++++++++++++++++++++++++++++++++++++++
 
*****************************************************************************


*****************************************************************************
*                                                                           *
*                    JOB EFFICIENCY REPORT (seff 10908859)                   *
*                                                                           *
*****************************************************************************

Job ID: 10908859
Cluster: finisterrae3
User/Group: curso341/ulc
State: COMPLETED (exit code 0)
Nodes: 17
Cores per node: 64
CPU Utilized: 00:24:30
CPU Efficiency: 1.39% of 1-05:18:56 core-walltime
Job Wall-clock time: 00:01:37
Memory Utilized: 19.83 GB (estimated maximum)
Memory Efficiency: 0.54% of 3.60 TB (3.39 GB/core)

 +++++++++++++++++++++++++++++++++++++++++++++++++++++++++++++++++++++++++++
 ++   Memory Efficiency is too small. Please review the requested memory. ++
 ++ It seems that you do not need that much memory so we recommend        ++
 ++ requesting less memory in other similar jobs.                         ++
 +++++++++++++++++++++++++++++++++++++++++++++++++++++++++++++++++++++++++++
 
*****************************************************************************


*****************************************************************************
*                                                                           *
*                    JOB EFFICIENCY REPORT (seff 10908859)                   *
*                                                                           *
*****************************************************************************

Job ID: 10908859
Cluster: finisterrae3
User/Group: curso341/ulc
State: COMPLETED (exit code 0)
Nodes: 17
Cores per node: 64
CPU Utilized: 00:24:30
CPU Efficiency: 1.39% of 1-05:18:56 core-walltime
Job Wall-clock time: 00:01:37
Memory Utilized: 19.83 GB (estimated maximum)
Memory Efficiency: 0.54% of 3.60 TB (3.39 GB/core)

 +++++++++++++++++++++++++++++++++++++++++++++++++++++++++++++++++++++++++++
 ++   Memory Efficiency is too small. Please review the requested memory. ++
 ++ It seems that you do not need that much memory so we recommend        ++
 ++ requesting less memory in other similar jobs.                         ++
 +++++++++++++++++++++++++++++++++++++++++++++++++++++++++++++++++++++++++++
 
*****************************************************************************


*****************************************************************************
*                                                                           *

*                    JOB EFFICIENCY REPORT (seff 10908859)                   *
*****************************************************************************
*                                                                           *

*                                                                           *
*****************************************************************************
*****************************************************************************
*                    JOB EFFICIENCY REPORT (seff 10908859)                   *

*                                                                           *
*                                                                           *
Job ID: 10908859
*                    JOB EFFICIENCY REPORT (seff 10908859)                   *
*****************************************************************************
Cluster: finisterrae3
*                                                                           *

User/Group: curso341/ulc
*****************************************************************************
Job ID: 10908859
State: COMPLETED (exit code 0)

Cluster: finisterrae3
Nodes: 17
Job ID: 10908859
User/Group: curso341/ulc
Cores per node: 64
Cluster: finisterrae3
State: COMPLETED (exit code 0)
CPU Utilized: 00:24:30
User/Group: curso341/ulc
Nodes: 17
CPU Efficiency: 1.39% of 1-05:18:56 core-walltime
State: COMPLETED (exit code 0)
Cores per node: 64
Job Wall-clock time: 00:01:37
Nodes: 17
CPU Utilized: 00:24:30
Memory Utilized: 19.83 GB (estimated maximum)
Cores per node: 64
CPU Efficiency: 1.39% of 1-05:18:56 core-walltime
Memory Efficiency: 0.54% of 3.60 TB (3.39 GB/core)
CPU Utilized: 00:24:30
Job Wall-clock time: 00:01:37

CPU Efficiency: 1.39% of 1-05:18:56 core-walltime
Memory Utilized: 19.83 GB (estimated maximum)
 +++++++++++++++++++++++++++++++++++++++++++++++++++++++++++++++++++++++++++
Job Wall-clock time: 00:01:37
Memory Efficiency: 0.54% of 3.60 TB (3.39 GB/core)
 ++   Memory Efficiency is too small. Please review the requested memory. ++
Memory Utilized: 19.83 GB (estimated maximum)

 ++ It seems that you do not need that much memory so we recommend        ++
Memory Efficiency: 0.54% of 3.60 TB (3.39 GB/core)
 +++++++++++++++++++++++++++++++++++++++++++++++++++++++++++++++++++++++++++
 ++ requesting less memory in other similar jobs.                         ++

 ++   Memory Efficiency is too small. Please review the requested memory. ++
 +++++++++++++++++++++++++++++++++++++++++++++++++++++++++++++++++++++++++++
 +++++++++++++++++++++++++++++++++++++++++++++++++++++++++++++++++++++++++++
 ++ It seems that you do not need that much memory so we recommend        ++
 
 ++   Memory Efficiency is too small. Please review the requested memory. ++
 ++ requesting less memory in other similar jobs.                         ++
*****************************************************************************
 ++ It seems that you do not need that much memory so we recommend        ++
 +++++++++++++++++++++++++++++++++++++++++++++++++++++++++++++++++++++++++++

 ++ requesting less memory in other similar jobs.                         ++
 
 +++++++++++++++++++++++++++++++++++++++++++++++++++++++++++++++++++++++++++
*****************************************************************************
 

*****************************************************************************


*****************************************************************************
*                                                                           *
*                    JOB EFFICIENCY REPORT (seff 10908859)                   *
*                                                                           *
*****************************************************************************

Job ID: 10908859
Cluster: finisterrae3
User/Group: curso341/ulc
State: COMPLETED (exit code 0)
Nodes: 17
Cores per node: 64
CPU Utilized: 00:24:53
CPU Efficiency: 1.41% of 1-05:18:56 core-walltime
Job Wall-clock time: 00:01:37
Memory Utilized: 19.83 GB (estimated maximum)
Memory Efficiency: 0.54% of 3.60 TB (3.39 GB/core)

 +++++++++++++++++++++++++++++++++++++++++++++++++++++++++++++++++++++++++++
 ++   Memory Efficiency is too small. Please review the requested memory. ++
 ++ It seems that you do not need that much memory so we recommend        ++
 ++ requesting less memory in other similar jobs.                         ++
 +++++++++++++++++++++++++++++++++++++++++++++++++++++++++++++++++++++++++++
 
*****************************************************************************


*****************************************************************************
*                                                                           *
*                    JOB EFFICIENCY REPORT (seff 10908859)                   *
*                                                                           *
*****************************************************************************

Job ID: 10908859
Cluster: finisterrae3
User/Group: curso341/ulc
State: COMPLETED (exit code 0)
Nodes: 17
Cores per node: 64
CPU Utilized: 00:40:13
CPU Efficiency: 2.29% of 1-05:18:56 core-walltime
Job Wall-clock time: 00:01:37
Memory Utilized: 25.14 GB
Memory Efficiency: 0.68% of 3.60 TB

 +++++++++++++++++++++++++++++++++++++++++++++++++++++++++++++++++++++++++++
 ++   Memory Efficiency is too small. Please review the requested memory. ++
 ++ It seems that you do not need that much memory so we recommend        ++
 ++ requesting less memory in other similar jobs.                         ++
 +++++++++++++++++++++++++++++++++++++++++++++++++++++++++++++++++++++++++++
 
*****************************************************************************


*****************************************************************************
*                                                                           *
*                    JOB EFFICIENCY REPORT (seff 10908859)                   *
*                                                                           *
*****************************************************************************

Job ID: 10908859
Cluster: finisterrae3
User/Group: curso341/ulc
State: COMPLETED (exit code 0)
Nodes: 17
Cores per node: 64
CPU Utilized: 00:40:13
CPU Efficiency: 2.29% of 1-05:18:56 core-walltime
Job Wall-clock time: 00:01:37
Memory Utilized: 25.14 GB
Memory Efficiency: 0.68% of 3.60 TB

 +++++++++++++++++++++++++++++++++++++++++++++++++++++++++++++++++++++++++++
 ++   Memory Efficiency is too small. Please review the requested memory. ++
 ++ It seems that you do not need that much memory so we recommend        ++
 ++ requesting less memory in other similar jobs.                         ++
 +++++++++++++++++++++++++++++++++++++++++++++++++++++++++++++++++++++++++++
 
*****************************************************************************


*****************************************************************************
*                                                                           *
*                    JOB EFFICIENCY REPORT (seff 10908859)                   *
*                                                                           *
*****************************************************************************

Job ID: 10908859
Cluster: finisterrae3
User/Group: curso341/ulc
State: COMPLETED (exit code 0)
Nodes: 17
Cores per node: 64
CPU Utilized: 00:40:13
CPU Efficiency: 2.29% of 1-05:18:56 core-walltime
Job Wall-clock time: 00:01:37
Memory Utilized: 25.14 GB
Memory Efficiency: 0.68% of 3.60 TB

 +++++++++++++++++++++++++++++++++++++++++++++++++++++++++++++++++++++++++++
 ++   Memory Efficiency is too small. Please review the requested memory. ++
 ++ It seems that you do not need that much memory so we recommend        ++
 ++ requesting less memory in other similar jobs.                         ++
 +++++++++++++++++++++++++++++++++++++++++++++++++++++++++++++++++++++++++++
 
*****************************************************************************

