slurmstepd: info: Setting TMPDIR to /scratch/10942681. Previous errors about TMPDIR can be discarded
Slurm job started at 12/03/2025_04:29:07 PM

In transit.
Initing Ray (1 head node + 4 worker nodes + 4 simulation nodes) on nodes: 
	ilk-146 ilk-151 ilk-153 ilk-154 ilk-155 ilk-156 ilk-158 ilk-159 ilk-160
Head node: 172.30.204.2:6379


RAY_DEPLOY_TIME:     23.42012
2025-03-12 16:29:34,287	INFO packaging.py:520 -- Creating a file package for local directory '/mnt/lustre/scratch/nlsas/home/ulc/cursos/curso341/dask_on_reisa_tests/E6/DASK_ON_REISA_ONE_ACTOR/derivative/P8-SN4-LS536-GS4294-I10-AN4-D2025-03-12_10-04-27'.
2025-03-12 16:29:34,313	INFO packaging.py:347 -- Pushing file package 'gcs://_ray_pkg_47952610bb727356.zip' (0.48MiB) to Ray cluster...
2025-03-12 16:29:34,319	INFO packaging.py:360 -- Successfully pushed file package 'gcs://_ray_pkg_47952610bb727356.zip'.
RAY_INIT_TIME:       3.30826
Iter [0]
Iter [1]
Iter [2]
Iter [3]
Iter [4]
Iter [5]
Iter [6]
Iter [7]
Iter [8]
Iter [9]
GLOBAL_PUT_TIME:     8.73383355140686 (avg:0.87338)
ACTOR_CONCURRENCY:   8
SIMULATION_TIME:     70.999915455999997 (avg: 7.099991545600000)
SIM_WTHOUT_PDI:      48.052639640999985 (avg: 4.805263964099998)
PDI_DELAY:           22.947275815000012 (avg: 2.294727581500001)

GLOBAL_SIZE_(GiB):   4194304
LOCAL_SIZE_(MiB):    512
ITERATIONS:          10

MPI_PER_NODE:        2
MPI_PARALLELISM:     8

WORKER_NODES:        4
CPUS_PER_WORKER:     64
WORKER_PARALLELISM:  256


SLURM_JOB_ID:        10942681
srun: Job step aborted: Waiting up to 32 seconds for job step to finish.
slurmstepd: error: *** JOB 10942681 ON ilk-146 CANCELLED AT 2025-03-12T16:49:08 DUE TO TIME LIMIT ***
slurmstepd: error: *** STEP 10942681.10 ON ilk-151 CANCELLED AT 2025-03-12T16:49:08 DUE TO TIME LIMIT ***
