slurmstepd: info: Setting TMPDIR to /scratch/10927322. Previous errors about TMPDIR can be discarded
Slurm job started at 10/03/2025_11:27:09 AM

In transit.
Initing Ray (1 head node + 2 worker nodes + 4 simulation nodes) on nodes: 
	ilk-241 ilk-242 ilk-243 ilk-244 ilk-245 ilk-246 ilk-247
Head node: 172.30.211.14:6379


RAY_DEPLOY_TIME:     24.17729
2025-03-10 11:27:40,030	INFO packaging.py:520 -- Creating a file package for local directory '/mnt/lustre/scratch/nlsas/home/ulc/cursos/curso341/dask_on_reisa_tests/E4/DASK_ON_REISA_ONE_ACTOR/reduction/P128-SN4-LS1-GS134-I20-AN2-D2025-03-10_08-48-12'.
2025-03-10 11:27:40,056	INFO packaging.py:347 -- Pushing file package 'gcs://_ray_pkg_d1f9c8523b9f3c27.zip' (0.48MiB) to Ray cluster...
2025-03-10 11:27:40,063	INFO packaging.py:360 -- Successfully pushed file package 'gcs://_ray_pkg_d1f9c8523b9f3c27.zip'.
RAY_INIT_TIME:       5.15814
Iter [0]
Iter [2]
Iter [4]
Iter [6]
Iter [8]
Iter [10]
Iter [12]
Iter [14]
Iter [16]
Iter [18]
GLOBAL_PUT_TIME:     10.755980253219604 (avg:0.53780)
ACTOR_CONCURRENCY:   8
SIMULATION_TIME:     68.809611198999988 (avg: 3.440480559949999)
SIM_WTHOUT_PDI:      19.250160985999990 (avg: 0.962508049300000)
PDI_DELAY:           49.559450212999998 (avg: 2.477972510650000)

GLOBAL_SIZE_(GiB):   131072
LOCAL_SIZE_(MiB):    1
ITERATIONS:          20

MPI_PER_NODE:        32
MPI_PARALLELISM:     128

WORKER_NODES:        2
CPUS_PER_WORKER:     64
WORKER_PARALLELISM:  128


SLURM_JOB_ID:        10927322
EST_ANALYTICS_TIME:  751.11655 (avg:37.55583)

Slurm job finished at 10/03/2025_11:40:15 AM

*****************************************************************************
*                                                                           *
*                    JOB EFFICIENCY REPORT (seff 10927322)                   *
*                                                                           *
*****************************************************************************

Job ID: 10927322
Cluster: finisterrae3
User/Group: curso341/ulc
State: COMPLETED (exit code 0)
Nodes: 7
Cores per node: 64
CPU Utilized: 01:01:17
CPU Efficiency: 1.04% of 4-01:56:16 core-walltime
Job Wall-clock time: 00:13:07
Memory Utilized: 254.55 MB
Memory Efficiency: 0.02% of 1.48 TB

 +++++++++++++++++++++++++++++++++++++++++++++++++++++++++++++++++++++++++++
 ++   Memory Efficiency is too small. Please review the requested memory. ++
 ++ It seems that you do not need that much memory so we recommend        ++
 ++ requesting less memory in other similar jobs.                         ++
 +++++++++++++++++++++++++++++++++++++++++++++++++++++++++++++++++++++++++++
 
*****************************************************************************


*****************************************************************************
*                                                                           *
*                    JOB EFFICIENCY REPORT (seff 10927322)                   *
*                                                                           *
*****************************************************************************

Job ID: 10927322
Cluster: finisterrae3
User/Group: curso341/ulc
State: COMPLETED (exit code 0)
Nodes: 7
Cores per node: 64
CPU Utilized: 01:01:17
CPU Efficiency: 1.04% of 4-01:56:16 core-walltime
Job Wall-clock time: 00:13:07
Memory Utilized: 254.55 MB
Memory Efficiency: 0.02% of 1.48 TB

 +++++++++++++++++++++++++++++++++++++++++++++++++++++++++++++++++++++++++++
 ++   Memory Efficiency is too small. Please review the requested memory. ++
 ++ It seems that you do not need that much memory so we recommend        ++
 ++ requesting less memory in other similar jobs.                         ++
 +++++++++++++++++++++++++++++++++++++++++++++++++++++++++++++++++++++++++++
 
*****************************************************************************


*****************************************************************************
*                                                                           *
*                    JOB EFFICIENCY REPORT (seff 10927322)                   *
*                                                                           *
*****************************************************************************

Job ID: 10927322
Cluster: finisterrae3
User/Group: curso341/ulc
State: COMPLETED (exit code 0)
Nodes: 7
Cores per node: 64
CPU Utilized: 01:01:17
CPU Efficiency: 1.04% of 4-01:56:16 core-walltime
Job Wall-clock time: 00:13:07
Memory Utilized: 254.55 MB
Memory Efficiency: 0.02% of 1.48 TB

 +++++++++++++++++++++++++++++++++++++++++++++++++++++++++++++++++++++++++++
 ++   Memory Efficiency is too small. Please review the requested memory. ++
 ++ It seems that you do not need that much memory so we recommend        ++
 ++ requesting less memory in other similar jobs.                         ++
 +++++++++++++++++++++++++++++++++++++++++++++++++++++++++++++++++++++++++++
 
*****************************************************************************


*****************************************************************************
*                                                                           *
*                    JOB EFFICIENCY REPORT (seff 10927322)                   *
*                                                                           *
*****************************************************************************

Job ID: 10927322
Cluster: finisterrae3
User/Group: curso341/ulc
State: COMPLETED (exit code 0)
Nodes: 7
Cores per node: 64
CPU Utilized: 01:16:52
CPU Efficiency: 1.31% of 4-01:56:16 core-walltime
Job Wall-clock time: 00:13:07
Memory Utilized: 3.56 GB
Memory Efficiency: 0.23% of 1.48 TB

 +++++++++++++++++++++++++++++++++++++++++++++++++++++++++++++++++++++++++++
 ++   Memory Efficiency is too small. Please review the requested memory. ++
 ++ It seems that you do not need that much memory so we recommend        ++
 ++ requesting less memory in other similar jobs.                         ++
 +++++++++++++++++++++++++++++++++++++++++++++++++++++++++++++++++++++++++++
 
*****************************************************************************


*****************************************************************************
*                                                                           *
*                    JOB EFFICIENCY REPORT (seff 10927322)                   *
*                                                                           *
*****************************************************************************

Job ID: 10927322
Cluster: finisterrae3
User/Group: curso341/ulc
State: COMPLETED (exit code 0)
Nodes: 7
Cores per node: 64
CPU Utilized: 01:18:51
CPU Efficiency: 1.34% of 4-01:56:16 core-walltime
Job Wall-clock time: 00:13:07
Memory Utilized: 3.56 GB
Memory Efficiency: 0.23% of 1.48 TB

 +++++++++++++++++++++++++++++++++++++++++++++++++++++++++++++++++++++++++++
 ++   Memory Efficiency is too small. Please review the requested memory. ++
 ++ It seems that you do not need that much memory so we recommend        ++
 ++ requesting less memory in other similar jobs.                         ++
 +++++++++++++++++++++++++++++++++++++++++++++++++++++++++++++++++++++++++++
 
*****************************************************************************


*****************************************************************************
*                                                                           *
*                    JOB EFFICIENCY REPORT (seff 10927322)                   *
*                                                                           *
*****************************************************************************

Job ID: 10927322
Cluster: finisterrae3
User/Group: curso341/ulc
State: COMPLETED (exit code 0)
Nodes: 7
Cores per node: 64
CPU Utilized: 02:50:20
CPU Efficiency: 2.90% of 4-01:56:16 core-walltime
Job Wall-clock time: 00:13:07
Memory Utilized: 5.74 GB
Memory Efficiency: 0.38% of 1.48 TB

 +++++++++++++++++++++++++++++++++++++++++++++++++++++++++++++++++++++++++++
 ++   Memory Efficiency is too small. Please review the requested memory. ++
 ++ It seems that you do not need that much memory so we recommend        ++
 ++ requesting less memory in other similar jobs.                         ++
 +++++++++++++++++++++++++++++++++++++++++++++++++++++++++++++++++++++++++++
 
*****************************************************************************


*****************************************************************************
*                                                                           *
*                    JOB EFFICIENCY REPORT (seff 10927322)                   *
*                                                                           *
*****************************************************************************

Job ID: 10927322
Cluster: finisterrae3
User/Group: curso341/ulc
State: COMPLETED (exit code 0)
Nodes: 7
Cores per node: 64
CPU Utilized: 02:50:20
CPU Efficiency: 2.90% of 4-01:56:16 core-walltime
Job Wall-clock time: 00:13:07
Memory Utilized: 5.74 GB
Memory Efficiency: 0.38% of 1.48 TB

 +++++++++++++++++++++++++++++++++++++++++++++++++++++++++++++++++++++++++++
 ++   Memory Efficiency is too small. Please review the requested memory. ++
 ++ It seems that you do not need that much memory so we recommend        ++
 ++ requesting less memory in other similar jobs.                         ++
 +++++++++++++++++++++++++++++++++++++++++++++++++++++++++++++++++++++++++++
 
*****************************************************************************

