slurmstepd: info: Setting TMPDIR to /scratch/10932592. Previous errors about TMPDIR can be discarded
Slurm job started at 10/03/2025_07:26:56 PM

In transit.
Initing Ray (1 head node + 2 worker nodes + 4 simulation nodes) on nodes: 
	ilk-153 ilk-154 ilk-155 ilk-156 ilk-159 ilk-160 ilk-161
Head node: 172.30.204.9:6379


RAY_DEPLOY_TIME:     24.08836
RAY_INIT_TIME:       3.60837
Iter [0]
2025-03-10 19:27:28,142	INFO packaging.py:520 -- Creating a file package for local directory '/mnt/lustre/scratch/nlsas/home/ulc/cursos/curso341/dask_on_reisa_tests/E5/REISA_ONE_ACTOR/reduction/P128-SN4-LS1-GS134-I20-AN2-D2025-03-10_18-39-03'.
2025-03-10 19:27:28,171	INFO packaging.py:347 -- Pushing file package 'gcs://_ray_pkg_428151363211fbbc.zip' (0.48MiB) to Ray cluster...
2025-03-10 19:27:28,177	INFO packaging.py:360 -- Successfully pushed file package 'gcs://_ray_pkg_428151363211fbbc.zip'.
Iter [2]
Iter [4]
Iter [6]
Iter [8]
Iter [10]
Iter [12]
Iter [14]
Iter [16]
Iter [18]
GLOBAL_PUT_TIME:     0.07658243179321289 (avg:0.00383)
ACTOR_CONCURRENCY:   8
EST_ANALYTICS_TIME:  42.21292 (avg:2.11065)
SIMULATION_TIME:     45.612913917000000 (avg: 2.280645695850000)
SIM_WTHOUT_PDI:      24.825113147000007 (avg: 1.241255657350000)
PDI_DELAY:           20.787800769999993 (avg: 1.039390038500000)

GLOBAL_SIZE_(GiB):   131072
LOCAL_SIZE_(MiB):    1
ITERATIONS:          20

MPI_PER_NODE:        32
MPI_PARALLELISM:     128

WORKER_NODES:        2
CPUS_PER_WORKER:     64
WORKER_PARALLELISM:  128


SLURM_JOB_ID:        10932592

Slurm job finished at 10/03/2025_07:28:14 PM

*****************************************************************************
*                                                                           *
*                    JOB EFFICIENCY REPORT (seff 10932592)                   *
*                                                                           *
*****************************************************************************

Job ID: 10932592
Cluster: finisterrae3
User/Group: curso341/ulc
State: COMPLETED (exit code 0)
Nodes: 7
Cores per node: 64
CPU Utilized: 00:59:08
CPU Efficiency: 10.02% of 09:49:52 core-walltime
Job Wall-clock time: 00:01:19
Memory Utilized: 4.38 GB
Memory Efficiency: 0.29% of 1.48 TB

 +++++++++++++++++++++++++++++++++++++++++++++++++++++++++++++++++++++++++++
 ++   Memory Efficiency is too small. Please review the requested memory. ++
 ++ It seems that you do not need that much memory so we recommend        ++
 ++ requesting less memory in other similar jobs.                         ++
 +++++++++++++++++++++++++++++++++++++++++++++++++++++++++++++++++++++++++++
 
*****************************************************************************


*****************************************************************************
*                                                                           *
*                    JOB EFFICIENCY REPORT (seff 10932592)                   *
*                                                                           *
*****************************************************************************

Job ID: 10932592
Cluster: finisterrae3
User/Group: curso341/ulc
State: COMPLETED (exit code 0)
Nodes: 7
Cores per node: 64
CPU Utilized: 00:59:08
CPU Efficiency: 10.02% of 09:49:52 core-walltime
Job Wall-clock time: 00:01:19
Memory Utilized: 4.38 GB
Memory Efficiency: 0.29% of 1.48 TB

 +++++++++++++++++++++++++++++++++++++++++++++++++++++++++++++++++++++++++++
 ++   Memory Efficiency is too small. Please review the requested memory. ++
 ++ It seems that you do not need that much memory so we recommend        ++
 ++ requesting less memory in other similar jobs.                         ++
 +++++++++++++++++++++++++++++++++++++++++++++++++++++++++++++++++++++++++++
 
*****************************************************************************


*****************************************************************************
*                                                                           *
*                    JOB EFFICIENCY REPORT (seff 10932592)                   *
*                                                                           *
*****************************************************************************

Job ID: 10932592
Cluster: finisterrae3
User/Group: curso341/ulc
State: COMPLETED (exit code 0)
Nodes: 7
Cores per node: 64
CPU Utilized: 00:59:08
CPU Efficiency: 10.02% of 09:49:52 core-walltime
Job Wall-clock time: 00:01:19
Memory Utilized: 4.38 GB
Memory Efficiency: 0.29% of 1.48 TB

 +++++++++++++++++++++++++++++++++++++++++++++++++++++++++++++++++++++++++++
 ++   Memory Efficiency is too small. Please review the requested memory. ++
 ++ It seems that you do not need that much memory so we recommend        ++
 ++ requesting less memory in other similar jobs.                         ++
 +++++++++++++++++++++++++++++++++++++++++++++++++++++++++++++++++++++++++++
 
*****************************************************************************


*****************************************************************************
*                                                                           *
*                    JOB EFFICIENCY REPORT (seff 10932592)                   *
*                                                                           *
*****************************************************************************

Job ID: 10932592
Cluster: finisterrae3
User/Group: curso341/ulc
State: COMPLETED (exit code 0)
Nodes: 7
Cores per node: 64
CPU Utilized: 00:59:08
CPU Efficiency: 10.02% of 09:49:52 core-walltime
Job Wall-clock time: 00:01:19
Memory Utilized: 4.38 GB
Memory Efficiency: 0.29% of 1.48 TB

 +++++++++++++++++++++++++++++++++++++++++++++++++++++++++++++++++++++++++++
 ++   Memory Efficiency is too small. Please review the requested memory. ++
 ++ It seems that you do not need that much memory so we recommend        ++
 ++ requesting less memory in other similar jobs.                         ++
 +++++++++++++++++++++++++++++++++++++++++++++++++++++++++++++++++++++++++++
 
*****************************************************************************


*****************************************************************************
*                                                                           *
*                    JOB EFFICIENCY REPORT (seff 10932592)                   *
*                                                                           *
*****************************************************************************

Job ID: 10932592
Cluster: finisterrae3
User/Group: curso341/ulc
State: COMPLETED (exit code 0)
Nodes: 7
Cores per node: 64
CPU Utilized: 00:59:08
CPU Efficiency: 10.02% of 09:49:52 core-walltime
Job Wall-clock time: 00:01:19
Memory Utilized: 4.38 GB
Memory Efficiency: 0.29% of 1.48 TB

 +++++++++++++++++++++++++++++++++++++++++++++++++++++++++++++++++++++++++++
 ++   Memory Efficiency is too small. Please review the requested memory. ++
 ++ It seems that you do not need that much memory so we recommend        ++
 ++ requesting less memory in other similar jobs.                         ++
 +++++++++++++++++++++++++++++++++++++++++++++++++++++++++++++++++++++++++++
 
*****************************************************************************


*****************************************************************************
*                                                                           *
*                    JOB EFFICIENCY REPORT (seff 10932592)                   *
*                                                                           *
*****************************************************************************

Job ID: 10932592
Cluster: finisterrae3
User/Group: curso341/ulc
State: COMPLETED (exit code 0)
Nodes: 7
Cores per node: 64
CPU Utilized: 00:59:08
CPU Efficiency: 10.02% of 09:49:52 core-walltime
Job Wall-clock time: 00:01:19
Memory Utilized: 4.38 GB
Memory Efficiency: 0.29% of 1.48 TB

 +++++++++++++++++++++++++++++++++++++++++++++++++++++++++++++++++++++++++++
 ++   Memory Efficiency is too small. Please review the requested memory. ++
 ++ It seems that you do not need that much memory so we recommend        ++
 ++ requesting less memory in other similar jobs.                         ++
 +++++++++++++++++++++++++++++++++++++++++++++++++++++++++++++++++++++++++++
 
*****************************************************************************


*****************************************************************************
*                                                                           *
*                    JOB EFFICIENCY REPORT (seff 10932592)                   *
*                                                                           *
*****************************************************************************

Job ID: 10932592
Cluster: finisterrae3
User/Group: curso341/ulc
State: COMPLETED (exit code 0)
Nodes: 7
Cores per node: 64
CPU Utilized: 00:59:30
CPU Efficiency: 10.09% of 09:49:52 core-walltime
Job Wall-clock time: 00:01:19
Memory Utilized: 4.38 GB
Memory Efficiency: 0.29% of 1.48 TB

 +++++++++++++++++++++++++++++++++++++++++++++++++++++++++++++++++++++++++++
 ++   Memory Efficiency is too small. Please review the requested memory. ++
 ++ It seems that you do not need that much memory so we recommend        ++
 ++ requesting less memory in other similar jobs.                         ++
 +++++++++++++++++++++++++++++++++++++++++++++++++++++++++++++++++++++++++++
 
*****************************************************************************

