slurmstepd: info: Setting TMPDIR to /scratch/10770608. Previous errors about TMPDIR can be discarded
Slurm job started at 25/02/2025_07:36:04 PM

In transit.
Initing Ray (1 head node + 2 worker nodes + 2 simulation nodes) on nodes: 
	ilk-241 ilk-243 ilk-246 ilk-247 ilk-248
Head node: 172.30.211.14:6379


RAY_DEPLOY_TIME:     22.52910
2025-02-25 19:36:30,838	INFO packaging.py:520 -- Creating a file package for local directory '/mnt/lustre/scratch/nlsas/home/ulc/cursos/curso341/dask_on_reisa_tests/E1/REISA/reduction/P4-SN2-LS536-GS2147-I25-AN2-D2025-02-25_18-09-09'.
2025-02-25 19:36:30,864	INFO packaging.py:347 -- Pushing file package 'gcs://_ray_pkg_a17639f137e621a7.zip' (0.48MiB) to Ray cluster...
2025-02-25 19:36:30,870	INFO packaging.py:360 -- Successfully pushed file package 'gcs://_ray_pkg_a17639f137e621a7.zip'.
RAY_INIT_TIME:       2.59573
Iter [0]
Iter [2]
Iter [4]
Iter [6]
Iter [8]
Iter [10]
Iter [12]
Iter [14]
Iter [16]
Iter [18]
Iter [20]
Iter [22]
Iter [24]
EST_ANALYTICS_TIME:  133.09754 (avg:5.32390)
GLOBAL_PUT_TIME:     19.259318828582764 (avg:0.77037)
ACTOR_CONCURRENCY:   8
SIMULATION_TIME:     138.104912471999995 (avg: 5.524196498879999)
SIM_WTHOUT_PDI:      115.331097531999959 (avg: 4.613243901279998)
PDI_DELAY:           22.773814940000037 (avg: 0.910952597600001)

GLOBAL_SIZE_(GiB):   2097152
LOCAL_SIZE_(MiB):    512
ITERATIONS:          25

MPI_PER_NODE:        2
MPI_PARALLELISM:     4

WORKER_NODES:        2
CPUS_PER_WORKER:     30
WORKER_PARALLELISM:  60


SLURM_JOB_ID:        10770608

Slurm job finished at 25/02/2025_07:38:50 PM

*****************************************************************************
*                                                                           *
*                    JOB EFFICIENCY REPORT (seff 10770608)                   *
*                                                                           *
*****************************************************************************

Job ID: 10770608
Cluster: finisterrae3
User/Group: curso341/ulc
State: COMPLETED (exit code 0)
Nodes: 5
Cores per node: 40
CPU Utilized: 00:09:25
CPU Efficiency: 1.69% of 09:16:40 core-walltime
Job Wall-clock time: 00:02:47
Memory Utilized: 8.30 GB (estimated maximum)
Memory Efficiency: 1.04% of 800.00 GB (4.00 GB/core)

 +++++++++++++++++++++++++++++++++++++++++++++++++++++++++++++++++++++++++++
 ++   Memory Efficiency is too small. Please review the requested memory. ++
 ++ It seems that you do not need that much memory so we recommend        ++
 ++ requesting less memory in other similar jobs.                         ++
 +++++++++++++++++++++++++++++++++++++++++++++++++++++++++++++++++++++++++++
 
*****************************************************************************


*****************************************************************************
*                                                                           *
*                    JOB EFFICIENCY REPORT (seff 10770608)                   *
*                                                                           *
*****************************************************************************

Job ID: 10770608
Cluster: finisterrae3
User/Group: curso341/ulc
State: COMPLETED (exit code 0)
Nodes: 5
Cores per node: 40
CPU Utilized: 00:09:37
CPU Efficiency: 1.73% of 09:16:40 core-walltime
Job Wall-clock time: 00:02:47
Memory Utilized: 8.30 GB (estimated maximum)
Memory Efficiency: 1.04% of 800.00 GB (4.00 GB/core)

 +++++++++++++++++++++++++++++++++++++++++++++++++++++++++++++++++++++++++++
 ++   Memory Efficiency is too small. Please review the requested memory. ++
 ++ It seems that you do not need that much memory so we recommend        ++
 ++ requesting less memory in other similar jobs.                         ++
 +++++++++++++++++++++++++++++++++++++++++++++++++++++++++++++++++++++++++++
 
*****************************************************************************



*****************************************************************************
*****************************************************************************
*                                                                           *
*                                                                           *
*                    JOB EFFICIENCY REPORT (seff 10770608)                   *
*                    JOB EFFICIENCY REPORT (seff 10770608)                   *
*                                                                           *
*                                                                           *
*****************************************************************************
*****************************************************************************


Job ID: 10770608
Job ID: 10770608
Cluster: finisterrae3
Cluster: finisterrae3
User/Group: curso341/ulc
User/Group: curso341/ulc
State: COMPLETED (exit code 0)
State: COMPLETED (exit code 0)
Nodes: 5
Nodes: 5
Cores per node: 40
Cores per node: 40
CPU Utilized: 00:14:33
CPU Utilized: 00:14:33
CPU Efficiency: 2.61% of 09:16:40 core-walltime
CPU Efficiency: 2.61% of 09:16:40 core-walltime
Job Wall-clock time: 00:02:47
Job Wall-clock time: 00:02:47
Memory Utilized: 8.30 GB (estimated maximum)
Memory Utilized: 8.30 GB (estimated maximum)
Memory Efficiency: 1.04% of 800.00 GB (4.00 GB/core)
Memory Efficiency: 1.04% of 800.00 GB (4.00 GB/core)


 +++++++++++++++++++++++++++++++++++++++++++++++++++++++++++++++++++++++++++
 +++++++++++++++++++++++++++++++++++++++++++++++++++++++++++++++++++++++++++
 ++   Memory Efficiency is too small. Please review the requested memory. ++
 ++   Memory Efficiency is too small. Please review the requested memory. ++
 ++ It seems that you do not need that much memory so we recommend        ++
 ++ It seems that you do not need that much memory so we recommend        ++
 ++ requesting less memory in other similar jobs.                         ++
 ++ requesting less memory in other similar jobs.                         ++
 +++++++++++++++++++++++++++++++++++++++++++++++++++++++++++++++++++++++++++
 +++++++++++++++++++++++++++++++++++++++++++++++++++++++++++++++++++++++++++
 
 
*****************************************************************************
*****************************************************************************



*****************************************************************************
*                                                                           *
*                    JOB EFFICIENCY REPORT (seff 10770608)                   *
*                                                                           *
*****************************************************************************

Job ID: 10770608
Cluster: finisterrae3
User/Group: curso341/ulc
State: COMPLETED (exit code 0)
Nodes: 5
Cores per node: 40
CPU Utilized: 00:17:32
CPU Efficiency: 3.15% of 09:16:40 core-walltime
Job Wall-clock time: 00:02:47
Memory Utilized: 4.89 GB
Memory Efficiency: 0.61% of 800.00 GB

 +++++++++++++++++++++++++++++++++++++++++++++++++++++++++++++++++++++++++++
 ++   Memory Efficiency is too small. Please review the requested memory. ++
 ++ It seems that you do not need that much memory so we recommend        ++
 ++ requesting less memory in other similar jobs.                         ++
 +++++++++++++++++++++++++++++++++++++++++++++++++++++++++++++++++++++++++++
 
*****************************************************************************

