slurmstepd: info: Setting TMPDIR to /scratch/10781216. Previous errors about TMPDIR can be discarded
Slurm job started at 26/02/2025_12:48:58 PM

In transit.
Initing Ray (1 head node + 2 worker nodes + 4 simulation nodes) on nodes: 
	ilk-118 ilk-120 ilk-122 ilk-123 ilk-126 ilk-127 ilk-128
Head node: 172.30.203.22:6379


RAY_DEPLOY_TIME:     23.12425
2025-02-26 12:49:26,076	INFO packaging.py:520 -- Creating a file package for local directory '/mnt/lustre/scratch/nlsas/home/ulc/cursos/curso341/dask_on_reisa_tests/E2/REISA_ONE_ACTOR/derivative/P128-SN4-LS1-GS134-I12-AN2-D2025-02-26_11-03-15'.
2025-02-26 12:49:26,104	INFO packaging.py:347 -- Pushing file package 'gcs://_ray_pkg_5f7be8d176b42dae.zip' (0.48MiB) to Ray cluster...
2025-02-26 12:49:26,110	INFO packaging.py:360 -- Successfully pushed file package 'gcs://_ray_pkg_5f7be8d176b42dae.zip'.
RAY_INIT_TIME:       3.55029
Iter [0]
Iter [1]
Iter [2]
Iter [3]
Iter [4]
Iter [5]
Iter [6]
Iter [7]
Iter [8]
Iter [9]
Iter [10]
Iter [11]
GLOBAL_PUT_TIME:     0.08516716957092285 (avg:0.00710)
ACTOR_CONCURRENCY:   8
EST_ANALYTICS_TIME:  37.12067 (avg:3.09339)
SIMULATION_TIME:     37.152320303000003 (avg: 3.096026691916667)
SIM_WTHOUT_PDI:      16.987466987999991 (avg: 1.415622248999999)
PDI_DELAY:           20.164853315000013 (avg: 1.680404442916668)

GLOBAL_SIZE_(GiB):   131072
LOCAL_SIZE_(MiB):    1
ITERATIONS:          12

MPI_PER_NODE:        32
MPI_PARALLELISM:     128

WORKER_NODES:        2
CPUS_PER_WORKER:     30
WORKER_PARALLELISM:  60


SLURM_JOB_ID:        10781216

Slurm job finished at 26/02/2025_12:50:06 PM

*****************************************************************************
*                                                                           *
*                    JOB EFFICIENCY REPORT (seff 10781216)                   *
*                                                                           *
*****************************************************************************

Job ID: 10781216
Cluster: finisterrae3
User/Group: curso341/ulc
State: COMPLETED (exit code 0)
Nodes: 7
Cores per node: 40
CPU Utilized: 00:47:56
CPU Efficiency: 14.47% of 05:31:20 core-walltime
Job Wall-clock time: 00:01:11
Memory Utilized: 618.49 MB
Memory Efficiency: 0.05% of 1.09 TB

 +++++++++++++++++++++++++++++++++++++++++++++++++++++++++++++++++++++++++++
 ++   Memory Efficiency is too small. Please review the requested memory. ++
 ++ It seems that you do not need that much memory so we recommend        ++
 ++ requesting less memory in other similar jobs.                         ++
 +++++++++++++++++++++++++++++++++++++++++++++++++++++++++++++++++++++++++++
 
*****************************************************************************


*****************************************************************************
*                                                                           *
*                    JOB EFFICIENCY REPORT (seff 10781216)                   *
*                                                                           *
*****************************************************************************

Job ID: 10781216
Cluster: finisterrae3
User/Group: curso341/ulc
State: COMPLETED (exit code 0)
Nodes: 7
Cores per node: 40
CPU Utilized: 00:47:56
CPU Efficiency: 14.47% of 05:31:20 core-walltime
Job Wall-clock time: 00:01:11
Memory Utilized: 618.49 MB
Memory Efficiency: 0.05% of 1.09 TB

 +++++++++++++++++++++++++++++++++++++++++++++++++++++++++++++++++++++++++++
 ++   Memory Efficiency is too small. Please review the requested memory. ++
 ++ It seems that you do not need that much memory so we recommend        ++
 ++ requesting less memory in other similar jobs.                         ++
 +++++++++++++++++++++++++++++++++++++++++++++++++++++++++++++++++++++++++++
 
*****************************************************************************


*****************************************************************************
*                                                                           *
*                    JOB EFFICIENCY REPORT (seff 10781216)                   *
*                                                                           *
*****************************************************************************

Job ID: 10781216
Cluster: finisterrae3
User/Group: curso341/ulc
State: COMPLETED (exit code 0)
Nodes: 7
Cores per node: 40
CPU Utilized: 00:47:56
CPU Efficiency: 14.47% of 05:31:20 core-walltime
Job Wall-clock time: 00:01:11
Memory Utilized: 618.49 MB
Memory Efficiency: 0.05% of 1.09 TB

 +++++++++++++++++++++++++++++++++++++++++++++++++++++++++++++++++++++++++++
 ++   Memory Efficiency is too small. Please review the requested memory. ++
 ++ It seems that you do not need that much memory so we recommend        ++
 ++ requesting less memory in other similar jobs.                         ++
 +++++++++++++++++++++++++++++++++++++++++++++++++++++++++++++++++++++++++++
 
*****************************************************************************


*****************************************************************************
*                                                                           *
*                    JOB EFFICIENCY REPORT (seff 10781216)                   *
*                                                                           *
*****************************************************************************

Job ID: 10781216
Cluster: finisterrae3
User/Group: curso341/ulc
State: COMPLETED (exit code 0)
Nodes: 7
Cores per node: 40
CPU Utilized: 00:47:56
CPU Efficiency: 14.47% of 05:31:20 core-walltime
Job Wall-clock time: 00:01:11
Memory Utilized: 618.49 MB
Memory Efficiency: 0.05% of 1.09 TB

 +++++++++++++++++++++++++++++++++++++++++++++++++++++++++++++++++++++++++++
 ++   Memory Efficiency is too small. Please review the requested memory. ++
 ++ It seems that you do not need that much memory so we recommend        ++
 ++ requesting less memory in other similar jobs.                         ++
 +++++++++++++++++++++++++++++++++++++++++++++++++++++++++++++++++++++++++++
 
*****************************************************************************


*****************************************************************************
*                                                                           *
*                    JOB EFFICIENCY REPORT (seff 10781216)                   *
*                                                                           *
*****************************************************************************

Job ID: 10781216
Cluster: finisterrae3
User/Group: curso341/ulc
State: COMPLETED (exit code 0)
Nodes: 7
Cores per node: 40
CPU Utilized: 00:47:56
CPU Efficiency: 14.47% of 05:31:20 core-walltime
Job Wall-clock time: 00:01:11
Memory Utilized: 618.49 MB
Memory Efficiency: 0.05% of 1.09 TB

 +++++++++++++++++++++++++++++++++++++++++++++++++++++++++++++++++++++++++++
 ++   Memory Efficiency is too small. Please review the requested memory. ++
 ++ It seems that you do not need that much memory so we recommend        ++
 ++ requesting less memory in other similar jobs.                         ++
 +++++++++++++++++++++++++++++++++++++++++++++++++++++++++++++++++++++++++++
 
*****************************************************************************


*****************************************************************************
*                                                                           *
*                    JOB EFFICIENCY REPORT (seff 10781216)                   *
*                                                                           *
*****************************************************************************

Job ID: 10781216
Cluster: finisterrae3
User/Group: curso341/ulc
State: COMPLETED (exit code 0)
Nodes: 7
Cores per node: 40
CPU Utilized: 00:47:56
CPU Efficiency: 14.47% of 05:31:20 core-walltime
Job Wall-clock time: 00:01:11
Memory Utilized: 618.49 MB
Memory Efficiency: 0.05% of 1.09 TB

 +++++++++++++++++++++++++++++++++++++++++++++++++++++++++++++++++++++++++++
 ++   Memory Efficiency is too small. Please review the requested memory. ++
 ++ It seems that you do not need that much memory so we recommend        ++
 ++ requesting less memory in other similar jobs.                         ++
 +++++++++++++++++++++++++++++++++++++++++++++++++++++++++++++++++++++++++++
 
*****************************************************************************


*****************************************************************************
*                                                                           *
*                    JOB EFFICIENCY REPORT (seff 10781216)                   *
*                                                                           *
*****************************************************************************

Job ID: 10781216
Cluster: finisterrae3
User/Group: curso341/ulc
State: COMPLETED (exit code 0)
Nodes: 7
Cores per node: 40
CPU Utilized: 00:47:56
CPU Efficiency: 14.47% of 05:31:20 core-walltime
Job Wall-clock time: 00:01:11
Memory Utilized: 618.49 MB
Memory Efficiency: 0.05% of 1.09 TB

 +++++++++++++++++++++++++++++++++++++++++++++++++++++++++++++++++++++++++++
 ++   Memory Efficiency is too small. Please review the requested memory. ++
 ++ It seems that you do not need that much memory so we recommend        ++
 ++ requesting less memory in other similar jobs.                         ++
 +++++++++++++++++++++++++++++++++++++++++++++++++++++++++++++++++++++++++++
 
*****************************************************************************

