slurmstepd: info: Setting TMPDIR to /scratch/10935976. Previous errors about TMPDIR can be discarded
Slurm job started at 11/03/2025_01:41:05 PM

In transit.
Initing Ray (1 head node + 2 worker nodes + 4 simulation nodes) on nodes: 
	ilk-147 ilk-148 ilk-149 ilk-150 ilk-151 ilk-152 ilk-154
Head node: 172.30.204.3:6379


RAY_DEPLOY_TIME:     24.78975
2025-03-11 13:41:40,218	INFO packaging.py:520 -- Creating a file package for local directory '/mnt/lustre/scratch/nlsas/home/ulc/cursos/curso341/dask_on_reisa_tests/E6/REISA_ONE_ACTOR/reduction/P128-SN4-LS134-GS17179-I20-AN2-D2025-03-11_08-52-44'.
2025-03-11 13:41:40,244	INFO packaging.py:347 -- Pushing file package 'gcs://_ray_pkg_9606af114bf9662b.zip' (0.48MiB) to Ray cluster...
2025-03-11 13:41:40,250	INFO packaging.py:360 -- Successfully pushed file package 'gcs://_ray_pkg_9606af114bf9662b.zip'.
RAY_INIT_TIME:       6.96953
Iter [0]
Iter [2]
Iter [4]
Iter [6]
Iter [8]
Iter [10]
Iter [12]
srun: Job step aborted: Waiting up to 32 seconds for job step to finish.
srun: Job step aborted: Waiting up to 32 seconds for job step to finish.
slurmstepd: error: *** STEP 10935976.8 ON ilk-148 CANCELLED AT 2025-03-11T14:01:05 DUE TO TIME LIMIT ***
slurmstepd: error: *** JOB 10935976 ON ilk-147 CANCELLED AT 2025-03-11T14:01:05 DUE TO TIME LIMIT ***
slurmstepd: error: *** STEP 10935976.9 ON ilk-150 CANCELLED AT 2025-03-11T14:01:05 DUE TO TIME LIMIT ***
*** SIGTERM received at time=1741698065 on cpu 60 ***
*** SIGTERM received at time=1741698065 on cpu 26 ***
*** SIGTERM received at time=1741698065 on cpu 1 ***
*** SIGTERM received at time=1741698065 on cpu 37 ***
*** SIGTERM received at time=1741698065 on cpu 5 ***
*** SIGTERM received at time=1741698065 on cpu 42 ***
*** SIGTERM received at time=1741698065 on cpu 25 ***
*** SIGTERM received at time=1741698065 on cpu 51 ***
*** SIGTERM received at time=1741698065 on cpu 45 ***
*** SIGTERM received at time=1741698065 on cpu 63 ***
*** SIGTERM received at time=1741698065 on cpu 12 ***
*** SIGTERM received at time=1741698065 on cpu 53 ***
*** SIGTERM received at time=1741698065 on cpu 9 ***
*** SIGTERM received at time=1741698065 on cpu 56 ***
*** SIGTERM received at time=1741698065 on cpu 62 ***
*** SIGTERM received at time=1741698065 on cpu 4 ***
*** SIGTERM received at time=1741698065 on cpu 1 ***
*** SIGTERM received at time=1741698065 on cpu 54 ***
*** SIGTERM received at time=1741698065 on cpu 26 ***
*** SIGTERM received at time=1741698065 on cpu 19 ***
*** SIGTERM received at time=1741698065 on cpu 11 ***
*** SIGTERM received at time=1741698065 on cpu 31 ***
*** SIGTERM received at time=1741698065 on cpu 15 ***
*** SIGTERM received at time=1741698065 on cpu 17 ***
*** SIGTERM received at time=1741698065 on cpu 32 ***
*** SIGTERM received at time=1741698065 on cpu 62 ***
*** SIGTERM received at time=1741698065 on cpu 3 ***
*** SIGTERM received at time=1741698065 on cpu 8 ***
*** SIGTERM received at time=1741698065 on cpu 13 ***
*** SIGTERM received at time=1741698065 on cpu 6 ***
*** SIGTERM received at time=1741698065 on cpu 51 ***
*** SIGTERM received at time=1741698065 on cpu 44 ***
*** SIGTERM received at time=1741698065 on cpu 3 ***
*** SIGTERM received at time=1741698065 on cpu 61 ***
*** SIGTERM received at time=1741698065 on cpu 62 ***
*** SIGTERM received at time=1741698065 on cpu 43 ***
*** SIGTERM received at time=1741698065 on cpu 7 ***
*** SIGTERM received at time=1741698065 on cpu 48 ***
*** SIGTERM received at time=1741698065 on cpu 16 ***
*** SIGTERM received at time=1741698065 on cpu 13 ***
*** SIGTERM received at time=1741698065 on cpu 58 ***
*** SIGTERM received at time=1741698065 on cpu 56 ***
*** SIGTERM received at time=1741698065 on cpu 24 ***
*** SIGTERM received at time=1741698065 on cpu 59 ***
*** SIGTERM received at time=1741698065 on cpu 33 ***
*** SIGTERM received at time=1741698065 on cpu 5 ***
*** SIGTERM received at time=1741698065 on cpu 9 ***
*** SIGTERM received at time=1741698065 on cpu 46 ***
*** SIGTERM received at time=1741698065 on cpu 9 ***
*** SIGTERM received at time=1741698065 on cpu 21 ***
*** SIGTERM received at time=1741698065 on cpu 1 ***
*** SIGTERM received at time=1741698065 on cpu 61 ***
*** SIGTERM received at time=1741698065 on cpu 62 ***
*** SIGTERM received at time=1741698065 on cpu 50 ***
*** SIGTERM received at time=1741698065 on cpu 25 ***
*** SIGTERM received at time=1741698065 on cpu 28 ***
*** SIGTERM received at time=1741698065 on cpu 54 ***
*** SIGTERM received at time=1741698065 on cpu 2 ***
*** SIGTERM received at time=1741698065 on cpu 36 ***
*** SIGTERM received at time=1741698065 on cpu 23 ***
*** SIGTERM received at time=1741698065 on cpu 32 ***
*** SIGTERM received at time=1741698065 on cpu 19 ***
*** SIGTERM received at time=1741698065 on cpu 18 ***
*** SIGTERM received at time=1741698065 on cpu 10 ***
*** SIGTERM received at time=1741698065 on cpu 14 ***
*** SIGTERM received at time=1741698065 on cpu 49 ***
*** SIGTERM received at time=1741698065 on cpu 15 ***
*** SIGTERM received at time=1741698065 on cpu 46 ***
*** SIGTERM received at time=1741698065 on cpu 16 ***
*** SIGTERM received at time=1741698065 on cpu 7 ***
*** SIGTERM received at time=1741698065 on cpu 41 ***
*** SIGTERM received at time=1741698065 on cpu 45 ***
*** SIGTERM received at time=1741698065 on cpu 16 ***
*** SIGTERM received at time=1741698065 on cpu 43 ***
*** SIGTERM received at time=1741698065 on cpu 49 ***
*** SIGTERM received at time=1741698065 on cpu 8 ***
*** SIGTERM received at time=1741698065 on cpu 12 ***
*** SIGTERM received at time=1741698065 on cpu 31 ***
*** SIGTERM received at time=1741698065 on cpu 0 ***
*** SIGTERM received at time=1741698065 on cpu 26 ***
*** SIGTERM received at time=1741698065 on cpu 12 ***
*** SIGTERM received at time=1741698065 on cpu 63 ***
*** SIGTERM received at time=1741698065 on cpu 25 ***
*** SIGTERM received at time=1741698065 on cpu 44 ***
*** SIGTERM received at time=1741698065 on cpu 56 ***
*** SIGTERM received at time=1741698065 on cpu 0 ***
*** SIGTERM received at time=1741698065 on cpu 15 ***
*** SIGTERM received at time=1741698065 on cpu 35 ***
*** SIGTERM received at time=1741698065 on cpu 3 ***
*** SIGTERM received at time=1741698065 on cpu 32 ***
*** SIGTERM received at time=1741698065 on cpu 13 ***
*** SIGTERM received at time=1741698065 on cpu 59 ***
*** SIGTERM received at time=1741698065 on cpu 11 ***
*** SIGTERM received at time=1741698065 on cpu 54 ***
*** SIGTERM received at time=1741698065 on cpu 46 ***
*** SIGTERM received at time=1741698065 on cpu 39 ***
*** SIGTERM received at time=1741698065 on cpu 51 ***
*** SIGTERM received at time=1741698065 on cpu 24 ***
*** SIGTERM received at time=1741698065 on cpu 45 ***
*** SIGTERM received at time=1741698065 on cpu 40 ***
*** SIGTERM received at time=1741698065 on cpu 26 ***
*** SIGTERM received at time=1741698065 on cpu 9 ***
*** SIGTERM received at time=1741698065 on cpu 42 ***
*** SIGTERM received at time=1741698065 on cpu 7 ***
*** SIGTERM received at time=1741698065 on cpu 61 ***
*** SIGTERM received at time=1741698065 on cpu 57 ***
*** SIGTERM received at time=1741698065 on cpu 2 ***
*** SIGTERM received at time=1741698065 on cpu 50 ***
PC: @     0x1522ae4998f9  (unknown)  syscall
*** SIGTERM received at time=1741698065 on cpu 22 ***
*** SIGTERM received at time=1741698065 on cpu 4 ***
*** SIGTERM received at time=1741698065 on cpu 7 ***
    @     0x1522ae3d49c0  (unknown)  (unknown)
*** SIGTERM received at time=1741698065 on cpu 41 ***
*** SIGTERM received at time=1741698065 on cpu 37 ***
PC: @     0x154c865808f9  (unknown)  syscall
    @     0x154c864bb9c0  2018153936  (unknown)
PC: @     0x152ab577b6d4  (unknown)  (unknown)
PC: @     0x1508c8f4ae4c  (unknown)  (unknown)
PC: @     0x151b04c58394  (unknown)  (unknown)
PC: @     0x14e8d4a12a9b  (unknown)  (unknown)
PC: @     0x154aed89d394  (unknown)  (unknown)
PC: @     0x14ae3c203a9b  (unknown)  (unknown)
[failure_signal_handler.cc : 329] RAW: Signal 15 raised at PC=0x1479ff8ac2f4 while already in AbslFailureSignalHandler()
*** SIGTERM received at time=1741698065 on cpu 19 ***
[failure_signal_handler.cc : 329] RAW: Signal 15 raised at PC=0x14e125b082f4 while already in AbslFailureSignalHandler()
*** SIGTERM received at time=1741698065 on cpu 26 ***
[failure_signal_handler.cc : 329] RAW: Signal 15 raised at PC=0x14f55623b2f4 while already in AbslFailureSignalHandler()
*** SIGTERM received at time=1741698065 on cpu 42 ***
[failure_signal_handler.cc : 329] RAW: Signal 15 raised at PC=0x146f3f6882f4 while already in AbslFailureSignalHandler()
*** SIGTERM received at time=1741698065 on cpu 25 ***
[failure_signal_handler.cc : 329] RAW: Signal 15 raised at PC=0x146b187222f4 while already in AbslFailureSignalHandler()
*** SIGTERM received at time=1741698065 on cpu 20 ***
[failure_signal_handler.cc : 329] RAW: Signal 15 raised at PC=0x1461531b72f4 while already in AbslFailureSignalHandler()
*** SIGTERM received at time=1741698065 on cpu 22 ***
[failure_signal_handler.cc : 329] RAW: Signal 15 raised at PC=0x1481ede342f4 while already in AbslFailureSignalHandler()
*** SIGTERM received at time=1741698065 on cpu 27 ***
[failure_signal_handler.cc : 329] RAW: Signal 15 raised at PC=0x14ea00f0a2f4 while already in AbslFailureSignalHandler()
*** SIGTERM received at time=1741698065 on cpu 21 ***
[failure_signal_handler.cc : 329] RAW: Signal 15 raised at PC=0x154bb37742f4 while already in AbslFailureSignalHandler()
*** SIGTERM received at time=1741698065 on cpu 31 ***
[failure_signal_handler.cc : 329] RAW: Signal 15 raised at PC=0x14ce6301f2f4 while already in AbslFailureSignalHandler()
*** SIGTERM received at time=1741698065 on cpu 17 ***
[failure_signal_handler.cc : 329] RAW: Signal 15 raised at PC=0x150472e722f4 while already in AbslFailureSignalHandler()
*** SIGTERM received at time=1741698065 on cpu 43 ***
PC: @     0x15047cb8469c  (unknown)  (unknown)
PC: @     0x1496a5654a9b  (unknown)  (unknown)
PC: @     0x15468ddce394  (unknown)  (unknown)
[failure_signal_handler.cc : 329] RAW: Signal 15 raised at PC=0x15228e22b54c while already in AbslFailureSignalHandler()
*** SIGTERM received at time=1741698065 on cpu 24 ***
[failure_signal_handler.cc : 329] RAW: Signal 15 raised at PC=0x14918f97254c while already in AbslFailureSignalHandler()
*** SIGTERM received at time=1741698065 on cpu 5 ***
[failure_signal_handler.cc : 329] RAW: Signal 15 raised at PC=0x1508ddb802f4 while already in AbslFailureSignalHandler()
*** SIGTERM received at time=1741698065 on cpu 44 ***
[failure_signal_handler.cc : 329] RAW: Signal 15 raised at PC=0x15460798c647 while already in AbslFailureSignalHandler()
*** SIGTERM received at time=1741698065 on cpu 23 ***
PC: @     0x14ea85809a9b  (unknown)  (unknown)
PC: @     0x153140a4aa9b  (unknown)  (unknown)
PC: @     0x15291cda0659  (unknown)  (unknown)
[failure_signal_handler.cc : 329] RAW: Signal 15 raised at PC=0x152abfcd42f4 while already in AbslFailureSignalHandler()
*** SIGTERM received at time=1741698065 on cpu 38 ***
[failure_signal_handler.cc : 329] RAW: Signal 15 raised at PC=0x150c629f72f4 while already in AbslFailureSignalHandler()
*** SIGTERM received at time=1741698065 on cpu 58 ***
[failure_signal_handler.cc : 329] RAW: Signal 15 raised at PC=0x14a389e9727d while already in AbslFailureSignalHandler()
*** SIGTERM received at time=1741698065 on cpu 29 ***
[failure_signal_handler.cc : 329] RAW: Signal 15 raised at PC=0x14cbe297e2f4 while already in AbslFailureSignalHandler()
*** SIGTERM received at time=1741698065 on cpu 29 ***
[failure_signal_handler.cc : 329] RAW: Signal 15 raised at PC=0x151b1988e647 while already in AbslFailureSignalHandler()
*** SIGTERM received at time=1741698065 on cpu 59 ***
[failure_signal_handler.cc : 329] RAW: Signal 15 raised at PC=0x14618feeb54c while already in AbslFailureSignalHandler()
*** SIGTERM received at time=1741698065 on cpu 25 ***
[failure_signal_handler.cc : 329] RAW: Signal 15 raised at PC=0x1504918c02f4 while already in AbslFailureSignalHandler()
*** SIGTERM received at time=1741698065 on cpu 1 ***
[failure_signal_handler.cc : 329] RAW: Signal 15 raised at PC=0x14e9eee77647 while already in AbslFailureSignalHandler()
*** SIGTERM received at time=1741698065 on cpu 48 ***
PC: @     0x14c3e8f5b703  (unknown)  (unknown)
[failure_signal_handler.cc : 329] RAW: Signal 15 raised at PC=0x1529272d22f4 while already in AbslFailureSignalHandler()
*** SIGTERM received at time=1741698065 on cpu 18 ***
