slurmstepd: info: Setting TMPDIR to /scratch/10932532. Previous errors about TMPDIR can be discarded
Slurm job started at 10/03/2025_06:49:12 PM

In transit.
Initing Ray (1 head node + 2 worker nodes + 4 simulation nodes) on nodes: 
	ilk-165 ilk-166 ilk-167 ilk-170 ilk-171 ilk-172 ilk-173
Head node: 172.30.204.21:6379


RAY_DEPLOY_TIME:     24.19945
RAY_INIT_TIME:       4.31815
Iter [0]
Iter [1]
2025-03-10 18:49:46,390	INFO packaging.py:520 -- Creating a file package for local directory '/mnt/lustre/scratch/nlsas/home/ulc/cursos/curso341/dask_on_reisa_tests/E5/REISA/derivative/P128-SN4-LS134-GS17179-I10-AN2-D2025-03-10_18-35-03'.
2025-03-10 18:49:46,419	INFO packaging.py:347 -- Pushing file package 'gcs://_ray_pkg_9200c62128002ba4.zip' (0.48MiB) to Ray cluster...
2025-03-10 18:49:46,425	INFO packaging.py:360 -- Successfully pushed file package 'gcs://_ray_pkg_9200c62128002ba4.zip'.
Iter [2]
Iter [3]
Iter [4]
Iter [5]
Iter [6]
Iter [7]
Iter [8]
Iter [9]
GLOBAL_PUT_TIME:     7.715411186218262 (avg:0.77154)
ACTOR_CONCURRENCY:   8
SIMULATION_TIME:     28.448420615000000 (avg: 2.844842061500000)
SIM_WTHOUT_PDI:      17.808125754000002 (avg: 1.780812575400000)
PDI_DELAY:           10.640294860999997 (avg: 1.064029486100000)

GLOBAL_SIZE_(GiB):   16777216
LOCAL_SIZE_(MiB):    128
ITERATIONS:          10

MPI_PER_NODE:        32
MPI_PARALLELISM:     128

WORKER_NODES:        2
CPUS_PER_WORKER:     64
WORKER_PARALLELISM:  128


SLURM_JOB_ID:        10932532
EST_ANALYTICS_TIME:  103.53414 (avg:10.35341)

Slurm job finished at 10/03/2025_06:51:33 PM

*****************************************************************************
*                                                                           *
*                    JOB EFFICIENCY REPORT (seff 10932532)                   *
*                                                                           *
*****************************************************************************

Job ID: 10932532
Cluster: finisterrae3
User/Group: curso341/ulc
State: COMPLETED (exit code 0)
Nodes: 7
Cores per node: 64
CPU Utilized: 01:00:20
CPU Efficiency: 5.65% of 17:47:44 core-walltime
Job Wall-clock time: 00:02:23
Memory Utilized: 663.18 MB
Memory Efficiency: 0.04% of 1.48 TB

 +++++++++++++++++++++++++++++++++++++++++++++++++++++++++++++++++++++++++++
 ++   Memory Efficiency is too small. Please review the requested memory. ++
 ++ It seems that you do not need that much memory so we recommend        ++
 ++ requesting less memory in other similar jobs.                         ++
 +++++++++++++++++++++++++++++++++++++++++++++++++++++++++++++++++++++++++++
 
*****************************************************************************


*****************************************************************************
*                                                                           *
*                    JOB EFFICIENCY REPORT (seff 10932532)                   *
*                                                                           *
*****************************************************************************

Job ID: 10932532
Cluster: finisterrae3
User/Group: curso341/ulc
State: COMPLETED (exit code 0)
Nodes: 7
Cores per node: 64
CPU Utilized: 02:02:26
CPU Efficiency: 11.47% of 17:47:44 core-walltime
Job Wall-clock time: 00:02:23
Memory Utilized: 30.94 GB
Memory Efficiency: 2.04% of 1.48 TB

 +++++++++++++++++++++++++++++++++++++++++++++++++++++++++++++++++++++++++++
 ++   Memory Efficiency is too small. Please review the requested memory. ++
 ++ It seems that you do not need that much memory so we recommend        ++
 ++ requesting less memory in other similar jobs.                         ++
 +++++++++++++++++++++++++++++++++++++++++++++++++++++++++++++++++++++++++++
 
*****************************************************************************


*****************************************************************************
*                                                                           *
*                    JOB EFFICIENCY REPORT (seff 10932532)                   *
*                                                                           *
*****************************************************************************

Job ID: 10932532
Cluster: finisterrae3
User/Group: curso341/ulc
State: COMPLETED (exit code 0)
Nodes: 7
Cores per node: 64
CPU Utilized: 02:02:26
CPU Efficiency: 11.47% of 17:47:44 core-walltime
Job Wall-clock time: 00:02:23
Memory Utilized: 30.94 GB
Memory Efficiency: 2.04% of 1.48 TB

 +++++++++++++++++++++++++++++++++++++++++++++++++++++++++++++++++++++++++++
 ++   Memory Efficiency is too small. Please review the requested memory. ++
 ++ It seems that you do not need that much memory so we recommend        ++
 ++ requesting less memory in other similar jobs.                         ++
 +++++++++++++++++++++++++++++++++++++++++++++++++++++++++++++++++++++++++++
 
*****************************************************************************



*****************************************************************************
*****************************************************************************
*                                                                           *
*                                                                           *
*                    JOB EFFICIENCY REPORT (seff 10932532)                   *
*                    JOB EFFICIENCY REPORT (seff 10932532)                   *
*                                                                           *
*                                                                           *
*****************************************************************************
*****************************************************************************


Job ID: 10932532
Job ID: 10932532
Cluster: finisterrae3
Cluster: finisterrae3
User/Group: curso341/ulc
User/Group: curso341/ulc
State: COMPLETED (exit code 0)
State: COMPLETED (exit code 0)
Nodes: 7
Nodes: 7
Cores per node: 64
Cores per node: 64
CPU Utilized: 02:02:26
CPU Utilized: 02:02:26
CPU Efficiency: 11.47% of 17:47:44 core-walltime
CPU Efficiency: 11.47% of 17:47:44 core-walltime
Job Wall-clock time: 00:02:23
Job Wall-clock time: 00:02:23
Memory Utilized: 30.94 GB
Memory Utilized: 30.94 GB
Memory Efficiency: 2.04% of 1.48 TB
Memory Efficiency: 2.04% of 1.48 TB


 +++++++++++++++++++++++++++++++++++++++++++++++++++++++++++++++++++++++++++
 +++++++++++++++++++++++++++++++++++++++++++++++++++++++++++++++++++++++++++
 ++   Memory Efficiency is too small. Please review the requested memory. ++
 ++   Memory Efficiency is too small. Please review the requested memory. ++
 ++ It seems that you do not need that much memory so we recommend        ++
 ++ It seems that you do not need that much memory so we recommend        ++
 ++ requesting less memory in other similar jobs.                         ++
 ++ requesting less memory in other similar jobs.                         ++
 +++++++++++++++++++++++++++++++++++++++++++++++++++++++++++++++++++++++++++
 +++++++++++++++++++++++++++++++++++++++++++++++++++++++++++++++++++++++++++
 
 
*****************************************************************************
*****************************************************************************



*****************************************************************************
*                                                                           *
*                    JOB EFFICIENCY REPORT (seff 10932532)                   *
*                                                                           *
*****************************************************************************

Job ID: 10932532
Cluster: finisterrae3
User/Group: curso341/ulc
State: COMPLETED (exit code 0)
Nodes: 7
Cores per node: 64
CPU Utilized: 02:02:26
CPU Efficiency: 11.47% of 17:47:44 core-walltime
Job Wall-clock time: 00:02:23
Memory Utilized: 30.94 GB
Memory Efficiency: 2.04% of 1.48 TB

 +++++++++++++++++++++++++++++++++++++++++++++++++++++++++++++++++++++++++++
 ++   Memory Efficiency is too small. Please review the requested memory. ++
 ++ It seems that you do not need that much memory so we recommend        ++
 ++ requesting less memory in other similar jobs.                         ++
 +++++++++++++++++++++++++++++++++++++++++++++++++++++++++++++++++++++++++++
 
*****************************************************************************


*****************************************************************************
*                                                                           *
*                    JOB EFFICIENCY REPORT (seff 10932532)                   *
*                                                                           *
*****************************************************************************

Job ID: 10932532
Cluster: finisterrae3
User/Group: curso341/ulc
State: COMPLETED (exit code 0)
Nodes: 7
Cores per node: 64
CPU Utilized: 02:02:26
CPU Efficiency: 11.47% of 17:47:44 core-walltime
Job Wall-clock time: 00:02:23
Memory Utilized: 30.94 GB
Memory Efficiency: 2.04% of 1.48 TB

 +++++++++++++++++++++++++++++++++++++++++++++++++++++++++++++++++++++++++++
 ++   Memory Efficiency is too small. Please review the requested memory. ++
 ++ It seems that you do not need that much memory so we recommend        ++
 ++ requesting less memory in other similar jobs.                         ++
 +++++++++++++++++++++++++++++++++++++++++++++++++++++++++++++++++++++++++++
 
*****************************************************************************

