slurmstepd: info: Setting TMPDIR to /scratch/10933988. Previous errors about TMPDIR can be discarded
Slurm job started at 10/03/2025_11:02:16 PM

In transit.
Initing Ray (1 head node + 4 worker nodes + 4 simulation nodes) on nodes: 
	ilk-120 ilk-121 ilk-122 ilk-123 ilk-127 ilk-133 ilk-134 ilk-135 ilk-138
Head node: 172.30.203.24:6379


RAY_DEPLOY_TIME:     25.46103
2025-03-10 23:02:46,547	INFO packaging.py:520 -- Creating a file package for local directory '/mnt/lustre/scratch/nlsas/home/ulc/cursos/curso341/dask_on_reisa_tests/E5/DASK_ON_REISA/reduction/P8-SN4-LS268-GS2147-I20-AN4-D2025-03-10_22-49-52'.
2025-03-10 23:02:46,575	INFO packaging.py:347 -- Pushing file package 'gcs://_ray_pkg_8f625b63cd752c3c.zip' (0.48MiB) to Ray cluster...
2025-03-10 23:02:46,581	INFO packaging.py:360 -- Successfully pushed file package 'gcs://_ray_pkg_8f625b63cd752c3c.zip'.
RAY_INIT_TIME:       5.35443
Iter [0]
Iter [2]
[2m[36m(iter_task pid=3627410, ip=10.120.203.26)[0m /home/ulc/cursos/curso341/.local/lib/python3.9/site-packages/dask/config.py:693: UserWarning: Configuration key "shuffle" has been deprecated. Please use "dataframe.shuffle.algorithm" instead
[2m[36m(iter_task pid=3627410, ip=10.120.203.26)[0m   warnings.warn(
[2m[36m(iter_task pid=3627402, ip=10.120.203.26)[0m /home/ulc/cursos/curso341/.local/lib/python3.9/site-packages/dask/config.py:693: UserWarning: Configuration key "shuffle" has been deprecated. Please use "dataframe.shuffle.algorithm" instead
[2m[36m(iter_task pid=3627402, ip=10.120.203.26)[0m   warnings.warn(
[2m[36m(iter_task pid=3627406, ip=10.120.203.26)[0m /home/ulc/cursos/curso341/.local/lib/python3.9/site-packages/dask/config.py:693: UserWarning: Configuration key "shuffle" has been deprecated. Please use "dataframe.shuffle.algorithm" instead
[2m[36m(iter_task pid=3627406, ip=10.120.203.26)[0m   warnings.warn(
[2m[36m(iter_task pid=3627409, ip=10.120.203.26)[0m /home/ulc/cursos/curso341/.local/lib/python3.9/site-packages/dask/config.py:693: UserWarning: Configuration key "shuffle" has been deprecated. Please use "dataframe.shuffle.algorithm" instead
[2m[36m(iter_task pid=3627409, ip=10.120.203.26)[0m   warnings.warn(
[2m[36m(iter_task pid=3627404, ip=10.120.203.26)[0m /home/ulc/cursos/curso341/.local/lib/python3.9/site-packages/dask/config.py:693: UserWarning: Configuration key "shuffle" has been deprecated. Please use "dataframe.shuffle.algorithm" instead
[2m[36m(iter_task pid=3627404, ip=10.120.203.26)[0m   warnings.warn(
[2m[36m(iter_task pid=3627405, ip=10.120.203.26)[0m /home/ulc/cursos/curso341/.local/lib/python3.9/site-packages/dask/config.py:693: UserWarning: Configuration key "shuffle" has been deprecated. Please use "dataframe.shuffle.algorithm" instead
[2m[36m(iter_task pid=3627405, ip=10.120.203.26)[0m   warnings.warn(
[2m[36m(iter_task pid=3627407, ip=10.120.203.26)[0m /home/ulc/cursos/curso341/.local/lib/python3.9/site-packages/dask/config.py:693: UserWarning: Configuration key "shuffle" has been deprecated. Please use "dataframe.shuffle.algorithm" instead
[2m[36m(iter_task pid=3627407, ip=10.120.203.26)[0m   warnings.warn(
[2m[36m(iter_task pid=3627408, ip=10.120.203.26)[0m /home/ulc/cursos/curso341/.local/lib/python3.9/site-packages/dask/config.py:693: UserWarning: Configuration key "shuffle" has been deprecated. Please use "dataframe.shuffle.algorithm" instead
[2m[36m(iter_task pid=3627408, ip=10.120.203.26)[0m   warnings.warn(
[2m[36m(iter_task pid=3627403, ip=10.120.203.26)[0m /home/ulc/cursos/curso341/.local/lib/python3.9/site-packages/dask/config.py:693: UserWarning: Configuration key "shuffle" has been deprecated. Please use "dataframe.shuffle.algorithm" instead
[2m[36m(iter_task pid=3627403, ip=10.120.203.26)[0m   warnings.warn(
[2m[36m(iter_task pid=3627411, ip=10.120.203.26)[0m /home/ulc/cursos/curso341/.local/lib/python3.9/site-packages/dask/config.py:693: UserWarning: Configuration key "shuffle" has been deprecated. Please use "dataframe.shuffle.algorithm" instead
[2m[36m(iter_task pid=3627411, ip=10.120.203.26)[0m   warnings.warn(
[2m[36m(iter_task pid=3627662, ip=10.120.203.26)[0m /home/ulc/cursos/curso341/.local/lib/python3.9/site-packages/dask/config.py:693: UserWarning: Configuration key "shuffle" has been deprecated. Please use "dataframe.shuffle.algorithm" instead
[2m[36m(iter_task pid=3627662, ip=10.120.203.26)[0m   warnings.warn(
[2m[36m(iter_task pid=3627472, ip=10.120.203.26)[0m /home/ulc/cursos/curso341/.local/lib/python3.9/site-packages/dask/config.py:693: UserWarning: Configuration key "shuffle" has been deprecated. Please use "dataframe.shuffle.algorithm" instead
[2m[36m(iter_task pid=3627472, ip=10.120.203.26)[0m   warnings.warn(
[2m[36m(iter_task pid=3627637, ip=10.120.203.26)[0m /home/ulc/cursos/curso341/.local/lib/python3.9/site-packages/dask/config.py:693: UserWarning: Configuration key "shuffle" has been deprecated. Please use "dataframe.shuffle.algorithm" instead
[2m[36m(iter_task pid=3627637, ip=10.120.203.26)[0m   warnings.warn(
[2m[36m(iter_task pid=3627972, ip=10.120.203.26)[0m /home/ulc/cursos/curso341/.local/lib/python3.9/site-packages/dask/config.py:693: UserWarning: Configuration key "shuffle" has been deprecated. Please use "dataframe.shuffle.algorithm" instead
[2m[36m(iter_task pid=3627972, ip=10.120.203.26)[0m   warnings.warn(
[2m[36m(iter_task pid=3627980, ip=10.120.203.26)[0m /home/ulc/cursos/curso341/.local/lib/python3.9/site-packages/dask/config.py:693: UserWarning: Configuration key "shuffle" has been deprecated. Please use "dataframe.shuffle.algorithm" instead
[2m[36m(iter_task pid=3627980, ip=10.120.203.26)[0m   warnings.warn(
[2m[36m(iter_task pid=3627939, ip=10.120.203.26)[0m /home/ulc/cursos/curso341/.local/lib/python3.9/site-packages/dask/config.py:693: UserWarning: Configuration key "shuffle" has been deprecated. Please use "dataframe.shuffle.algorithm" instead
[2m[36m(iter_task pid=3627939, ip=10.120.203.26)[0m   warnings.warn(
[2m[36m(iter_task pid=3627979, ip=10.120.203.26)[0m /home/ulc/cursos/curso341/.local/lib/python3.9/site-packages/dask/config.py:693: UserWarning: Configuration key "shuffle" has been deprecated. Please use "dataframe.shuffle.algorithm" instead
[2m[36m(iter_task pid=3627979, ip=10.120.203.26)[0m   warnings.warn(
[2m[36m(iter_task pid=3627967, ip=10.120.203.26)[0m /home/ulc/cursos/curso341/.local/lib/python3.9/site-packages/dask/config.py:693: UserWarning: Configuration key "shuffle" has been deprecated. Please use "dataframe.shuffle.algorithm" instead
[2m[36m(iter_task pid=3627967, ip=10.120.203.26)[0m   warnings.warn(
[2m[36m(iter_task pid=3627964, ip=10.120.203.26)[0m /home/ulc/cursos/curso341/.local/lib/python3.9/site-packages/dask/config.py:693: UserWarning: Configuration key "shuffle" has been deprecated. Please use "dataframe.shuffle.algorithm" instead
[2m[36m(iter_task pid=3627964, ip=10.120.203.26)[0m   warnings.warn(
[2m[36m(iter_task pid=3628003, ip=10.120.203.26)[0m /home/ulc/cursos/curso341/.local/lib/python3.9/site-packages/dask/config.py:693: UserWarning: Configuration key "shuffle" has been deprecated. Please use "dataframe.shuffle.algorithm" instead
[2m[36m(iter_task pid=3628003, ip=10.120.203.26)[0m   warnings.warn(
Iter [4]
Iter [6]
Iter [8]
Iter [10]
Iter [12]
Iter [14]
Iter [16]
Iter [18]
GLOBAL_PUT_TIME:     6.728128910064697 (avg:0.33641)
ACTOR_CONCURRENCY:   8
SIMULATION_TIME:     254.421026303000019 (avg: 12.721051315150001)
SIM_WTHOUT_PDI:      59.991357484000027 (avg: 2.999567874200001)
PDI_DELAY:           194.429668819000000 (avg: 9.721483440949999)

GLOBAL_SIZE_(GiB):   2097152
LOCAL_SIZE_(MiB):    256
ITERATIONS:          20

MPI_PER_NODE:        2
MPI_PARALLELISM:     8

WORKER_NODES:        4
CPUS_PER_WORKER:     64
WORKER_PARALLELISM:  256


SLURM_JOB_ID:        10933988
EST_ANALYTICS_TIME:  580.34396 (avg:29.01720)

Slurm job finished at 10/03/2025_11:12:31 PM

*****************************************************************************
*                                                                           *
*                    JOB EFFICIENCY REPORT (seff 10933988)                   *
*                                                                           *
*****************************************************************************

Job ID: 10933988
Cluster: finisterrae3
User/Group: curso341/ulc
State: COMPLETED (exit code 0)
Nodes: 9
Cores per node: 64
CPU Utilized: 00:32:15
CPU Efficiency: 0.55% of 4-02:33:36 core-walltime
Job Wall-clock time: 00:10:16
Memory Utilized: 6.20 GB (estimated maximum)
Memory Efficiency: 0.32% of 1.91 TB (3.39 GB/core)

 +++++++++++++++++++++++++++++++++++++++++++++++++++++++++++++++++++++++++++
 ++   Memory Efficiency is too small. Please review the requested memory. ++
 ++ It seems that you do not need that much memory so we recommend        ++
 ++ requesting less memory in other similar jobs.                         ++
 +++++++++++++++++++++++++++++++++++++++++++++++++++++++++++++++++++++++++++
 
*****************************************************************************


*****************************************************************************
*                                                                           *
*                    JOB EFFICIENCY REPORT (seff 10933988)                   *
*                                                                           *
*****************************************************************************

Job ID: 10933988
Cluster: finisterrae3
User/Group: curso341/ulc
State: COMPLETED (exit code 0)
Nodes: 9
Cores per node: 64
CPU Utilized: 00:33:20
CPU Efficiency: 0.56% of 4-02:33:36 core-walltime
Job Wall-clock time: 00:10:16
Memory Utilized: 6.20 GB (estimated maximum)
Memory Efficiency: 0.32% of 1.91 TB (3.39 GB/core)

 +++++++++++++++++++++++++++++++++++++++++++++++++++++++++++++++++++++++++++
 ++   Memory Efficiency is too small. Please review the requested memory. ++
 ++ It seems that you do not need that much memory so we recommend        ++
 ++ requesting less memory in other similar jobs.                         ++
 +++++++++++++++++++++++++++++++++++++++++++++++++++++++++++++++++++++++++++
 
*****************************************************************************


*****************************************************************************
*                                                                           *
*                    JOB EFFICIENCY REPORT (seff 10933988)                   *
*                                                                           *
*****************************************************************************

Job ID: 10933988
Cluster: finisterrae3
User/Group: curso341/ulc
State: COMPLETED (exit code 0)
Nodes: 9
Cores per node: 64
CPU Utilized: 01:09:29
CPU Efficiency: 1.17% of 4-02:33:36 core-walltime
Job Wall-clock time: 00:10:16
Memory Utilized: 48.58 GB
Memory Efficiency: 2.49% of 1.91 TB

 +++++++++++++++++++++++++++++++++++++++++++++++++++++++++++++++++++++++++++
 ++   Memory Efficiency is too small. Please review the requested memory. ++
 ++ It seems that you do not need that much memory so we recommend        ++
 ++ requesting less memory in other similar jobs.                         ++
 +++++++++++++++++++++++++++++++++++++++++++++++++++++++++++++++++++++++++++
 
*****************************************************************************


*****************************************************************************
*                                                                           *
*                    JOB EFFICIENCY REPORT (seff 10933988)                   *
*                                                                           *
*****************************************************************************

Job ID: 10933988
Cluster: finisterrae3
User/Group: curso341/ulc
State: COMPLETED (exit code 0)
Nodes: 9
Cores per node: 64
CPU Utilized: 01:09:29
CPU Efficiency: 1.17% of 4-02:33:36 core-walltime
Job Wall-clock time: 00:10:16
Memory Utilized: 48.58 GB
Memory Efficiency: 2.49% of 1.91 TB

 +++++++++++++++++++++++++++++++++++++++++++++++++++++++++++++++++++++++++++
 ++   Memory Efficiency is too small. Please review the requested memory. ++
 ++ It seems that you do not need that much memory so we recommend        ++
 ++ requesting less memory in other similar jobs.                         ++
 +++++++++++++++++++++++++++++++++++++++++++++++++++++++++++++++++++++++++++
 
*****************************************************************************


*****************************************************************************
*                                                                           *
*                    JOB EFFICIENCY REPORT (seff 10933988)                   *
*                                                                           *
*****************************************************************************

Job ID: 10933988
Cluster: finisterrae3
User/Group: curso341/ulc
State: COMPLETED (exit code 0)
Nodes: 9
Cores per node: 64
CPU Utilized: 01:53:05
CPU Efficiency: 1.91% of 4-02:33:36 core-walltime
Job Wall-clock time: 00:10:16
Memory Utilized: 48.58 GB
Memory Efficiency: 2.49% of 1.91 TB

 +++++++++++++++++++++++++++++++++++++++++++++++++++++++++++++++++++++++++++
 ++   Memory Efficiency is too small. Please review the requested memory. ++
 ++ It seems that you do not need that much memory so we recommend        ++
 ++ requesting less memory in other similar jobs.                         ++
 +++++++++++++++++++++++++++++++++++++++++++++++++++++++++++++++++++++++++++
 
*****************************************************************************


*****************************************************************************
*                                                                           *
*                    JOB EFFICIENCY REPORT (seff 10933988)                   *
*                                                                           *
*****************************************************************************

Job ID: 10933988
Cluster: finisterrae3
User/Group: curso341/ulc
State: COMPLETED (exit code 0)
Nodes: 9
Cores per node: 64
CPU Utilized: 01:53:05
CPU Efficiency: 1.91% of 4-02:33:36 core-walltime
Job Wall-clock time: 00:10:16
Memory Utilized: 48.58 GB
Memory Efficiency: 2.49% of 1.91 TB

 +++++++++++++++++++++++++++++++++++++++++++++++++++++++++++++++++++++++++++
 ++   Memory Efficiency is too small. Please review the requested memory. ++
 ++ It seems that you do not need that much memory so we recommend        ++
 ++ requesting less memory in other similar jobs.                         ++
 +++++++++++++++++++++++++++++++++++++++++++++++++++++++++++++++++++++++++++
 
*****************************************************************************


*****************************************************************************
*                                                                           *
*                    JOB EFFICIENCY REPORT (seff 10933988)                   *
*                                                                           *
*****************************************************************************

Job ID: 10933988
Cluster: finisterrae3
User/Group: curso341/ulc
State: COMPLETED (exit code 0)
Nodes: 9
Cores per node: 64
CPU Utilized: 01:53:05
CPU Efficiency: 1.91% of 4-02:33:36 core-walltime
Job Wall-clock time: 00:10:16
Memory Utilized: 48.58 GB
Memory Efficiency: 2.49% of 1.91 TB

 +++++++++++++++++++++++++++++++++++++++++++++++++++++++++++++++++++++++++++
 ++   Memory Efficiency is too small. Please review the requested memory. ++
 ++ It seems that you do not need that much memory so we recommend        ++
 ++ requesting less memory in other similar jobs.                         ++
 +++++++++++++++++++++++++++++++++++++++++++++++++++++++++++++++++++++++++++
 
*****************************************************************************


*****************************************************************************
*                                                                           *
*                    JOB EFFICIENCY REPORT (seff 10933988)                   *
*                                                                           *
*****************************************************************************

Job ID: 10933988
Cluster: finisterrae3
User/Group: curso341/ulc
State: COMPLETED (exit code 0)
Nodes: 9
Cores per node: 64
CPU Utilized: 01:53:05
CPU Efficiency: 1.91% of 4-02:33:36 core-walltime
Job Wall-clock time: 00:10:16
Memory Utilized: 48.58 GB
Memory Efficiency: 2.49% of 1.91 TB

 +++++++++++++++++++++++++++++++++++++++++++++++++++++++++++++++++++++++++++
 ++   Memory Efficiency is too small. Please review the requested memory. ++
 ++ It seems that you do not need that much memory so we recommend        ++
 ++ requesting less memory in other similar jobs.                         ++
 +++++++++++++++++++++++++++++++++++++++++++++++++++++++++++++++++++++++++++
 
*****************************************************************************


*****************************************************************************
*                                                                           *
*                    JOB EFFICIENCY REPORT (seff 10933988)                   *
*                                                                           *
*****************************************************************************

Job ID: 10933988
Cluster: finisterrae3
User/Group: curso341/ulc
State: COMPLETED (exit code 0)
Nodes: 9
Cores per node: 64
CPU Utilized: 02:33:46
CPU Efficiency: 2.60% of 4-02:33:36 core-walltime
Job Wall-clock time: 00:10:16
Memory Utilized: 48.58 GB
Memory Efficiency: 2.49% of 1.91 TB

 +++++++++++++++++++++++++++++++++++++++++++++++++++++++++++++++++++++++++++
 ++   Memory Efficiency is too small. Please review the requested memory. ++
 ++ It seems that you do not need that much memory so we recommend        ++
 ++ requesting less memory in other similar jobs.                         ++
 +++++++++++++++++++++++++++++++++++++++++++++++++++++++++++++++++++++++++++
 
*****************************************************************************

