slurmstepd: info: Setting TMPDIR to /scratch/10942699. Previous errors about TMPDIR can be discarded
Slurm job started at 12/03/2025_03:28:35 PM

In transit.
Initing Ray (1 head node + 8 worker nodes + 8 simulation nodes) on nodes: 
	ilk-146 ilk-151 ilk-153 ilk-154 ilk-155 ilk-156 ilk-158 ilk-159 ilk-160 ilk-161 ilk-170 ilk-183 ilk-241 ilk-242 ilk-243 ilk-244 ilk-245
Head node: 172.30.204.2:6379


RAY_DEPLOY_TIME:     23.74631
2025-03-12 15:29:03,532	INFO packaging.py:520 -- Creating a file package for local directory '/mnt/lustre/scratch/nlsas/home/ulc/cursos/curso341/dask_on_reisa_tests/E6/DASK_ON_REISA_ONE_ACTOR/reduction/P16-SN8-LS268-GS4294-I20-AN8-D2025-03-12_10-04-59'.
2025-03-12 15:29:03,560	INFO packaging.py:347 -- Pushing file package 'gcs://_ray_pkg_1d6c822cc8c58f3f.zip' (0.48MiB) to Ray cluster...
2025-03-12 15:29:03,567	INFO packaging.py:360 -- Successfully pushed file package 'gcs://_ray_pkg_1d6c822cc8c58f3f.zip'.
RAY_INIT_TIME:       3.45195
Iter [0]
Iter [2]
Iter [4]
Iter [6]
Iter [8]
Iter [10]
Iter [12]
Iter [14]
Iter [16]
Iter [18]
GLOBAL_PUT_TIME:     15.195825815200806 (avg:0.75979)
ACTOR_CONCURRENCY:   8
SIMULATION_TIME:     223.188560083999988 (avg: 11.159428004199999)
SIM_WTHOUT_PDI:      86.195651485000042 (avg: 4.309782574250002)
PDI_DELAY:           136.992908598999946 (avg: 6.849645429949997)

GLOBAL_SIZE_(GiB):   4194304
LOCAL_SIZE_(MiB):    256
ITERATIONS:          20

MPI_PER_NODE:        2
MPI_PARALLELISM:     16

WORKER_NODES:        8
CPUS_PER_WORKER:     64
WORKER_PARALLELISM:  512


SLURM_JOB_ID:        10942699
WARNING: 8 PYTHON worker processes have been started on node: ce1531e9068d32f4b932ba3d624a03389a042669eb1510e087198c3c with address: 172.30.204.17. This could be a result of using a large number of actors, or due to tasks blocked in ray.get() calls (see https://github.com/ray-project/ray/issues/3644 for some discussion of workarounds).
slurmstepd: error: *** JOB 10942699 ON ilk-146 CANCELLED AT 2025-03-12T15:48:54 DUE TO TIME LIMIT ***
srun: Job step aborted: Waiting up to 32 seconds for job step to finish.
slurmstepd: error: *** STEP 10942699.18 ON ilk-151 CANCELLED AT 2025-03-12T15:48:54 DUE TO TIME LIMIT ***
