slurmstepd: info: Setting TMPDIR to /scratch/10925253. Previous errors about TMPDIR can be discarded
Slurm job started at 09/03/2025_08:47:45 PM

In transit.
Initing Ray (1 head node + 2 worker nodes + 4 simulation nodes) on nodes: 
	ilk-154 ilk-155 ilk-156 ilk-157 ilk-250 ilk-251 ilk-253
Head node: 172.30.204.10:6379


RAY_DEPLOY_TIME:     24.50990
2025-03-09 20:48:12,241	INFO packaging.py:520 -- Creating a file package for local directory '/mnt/lustre/scratch/nlsas/home/ulc/cursos/curso341/dask_on_reisa_tests/E4/REISA_ONE_ACTOR/derivative/P128-SN4-LS134-GS17179-I10-AN2-D2025-03-09_18-43-41'.
2025-03-09 20:48:12,268	INFO packaging.py:347 -- Pushing file package 'gcs://_ray_pkg_157105d9e540a5f0.zip' (0.48MiB) to Ray cluster...
2025-03-09 20:48:12,274	INFO packaging.py:360 -- Successfully pushed file package 'gcs://_ray_pkg_157105d9e540a5f0.zip'.
RAY_INIT_TIME:       3.90408
Iter [0]
Iter [1]
Iter [2]
Iter [3]
Iter [4]
Iter [5]
Iter [6]
Iter [7]
Iter [8]
Iter [9]
GLOBAL_PUT_TIME:     8.273878574371338 (avg:0.82739)
ACTOR_CONCURRENCY:   8
SIMULATION_TIME:     48.575398815999996 (avg: 4.857539881599999)
SIM_WTHOUT_PDI:      23.033770857999993 (avg: 2.303377085799999)
PDI_DELAY:           25.541627958000003 (avg: 2.554162795800000)

GLOBAL_SIZE_(GiB):   16777216
LOCAL_SIZE_(MiB):    128
ITERATIONS:          10

MPI_PER_NODE:        32
MPI_PARALLELISM:     128

WORKER_NODES:        2
CPUS_PER_WORKER:     64
WORKER_PARALLELISM:  128


SLURM_JOB_ID:        10925253
EST_ANALYTICS_TIME:  101.38162 (avg:10.13816)

Slurm job finished at 09/03/2025_08:49:58 PM

*****************************************************************************
*                                                                           *
*                    JOB EFFICIENCY REPORT (seff 10925253)                   *
*                                                                           *
*****************************************************************************

Job ID: 10925253
Cluster: finisterrae3
User/Group: curso341/ulc
State: COMPLETED (exit code 0)
Nodes: 7
Cores per node: 64
CPU Utilized: 01:21:09
CPU Efficiency: 8.11% of 16:40:32 core-walltime
Job Wall-clock time: 00:02:14
Memory Utilized: 646.91 MB
Memory Efficiency: 0.04% of 1.48 TB

 +++++++++++++++++++++++++++++++++++++++++++++++++++++++++++++++++++++++++++
 ++   Memory Efficiency is too small. Please review the requested memory. ++
 ++ It seems that you do not need that much memory so we recommend        ++
 ++ requesting less memory in other similar jobs.                         ++
 +++++++++++++++++++++++++++++++++++++++++++++++++++++++++++++++++++++++++++
 
*****************************************************************************


*****************************************************************************
*                                                                           *
*                    JOB EFFICIENCY REPORT (seff 10925253)                   *
*                                                                           *
*****************************************************************************

Job ID: 10925253
Cluster: finisterrae3
User/Group: curso341/ulc
State: COMPLETED (exit code 0)
Nodes: 7
Cores per node: 64
CPU Utilized: 01:54:39
CPU Efficiency: 11.46% of 16:40:32 core-walltime
Job Wall-clock time: 00:02:14
Memory Utilized: 16.92 GB
Memory Efficiency: 1.11% of 1.48 TB

 +++++++++++++++++++++++++++++++++++++++++++++++++++++++++++++++++++++++++++
 ++   Memory Efficiency is too small. Please review the requested memory. ++
 ++ It seems that you do not need that much memory so we recommend        ++
 ++ requesting less memory in other similar jobs.                         ++
 +++++++++++++++++++++++++++++++++++++++++++++++++++++++++++++++++++++++++++
 
*****************************************************************************


*****************************************************************************
*                                                                           *
*                    JOB EFFICIENCY REPORT (seff 10925253)                   *
*                                                                           *
*****************************************************************************

Job ID: 10925253
Cluster: finisterrae3
User/Group: curso341/ulc
State: COMPLETED (exit code 0)
Nodes: 7
Cores per node: 64
CPU Utilized: 01:54:39
CPU Efficiency: 11.46% of 16:40:32 core-walltime
Job Wall-clock time: 00:02:14
Memory Utilized: 16.92 GB
Memory Efficiency: 1.11% of 1.48 TB

 +++++++++++++++++++++++++++++++++++++++++++++++++++++++++++++++++++++++++++
 ++   Memory Efficiency is too small. Please review the requested memory. ++
 ++ It seems that you do not need that much memory so we recommend        ++
 ++ requesting less memory in other similar jobs.                         ++
 +++++++++++++++++++++++++++++++++++++++++++++++++++++++++++++++++++++++++++
 
*****************************************************************************


*****************************************************************************
*                                                                           *
*                    JOB EFFICIENCY REPORT (seff 10925253)                   *
*                                                                           *
*****************************************************************************

Job ID: 10925253
Cluster: finisterrae3
User/Group: curso341/ulc
State: COMPLETED (exit code 0)
Nodes: 7
Cores per node: 64
CPU Utilized: 01:54:39
CPU Efficiency: 11.46% of 16:40:32 core-walltime
Job Wall-clock time: 00:02:14
Memory Utilized: 16.92 GB
Memory Efficiency: 1.11% of 1.48 TB

 +++++++++++++++++++++++++++++++++++++++++++++++++++++++++++++++++++++++++++
 ++   Memory Efficiency is too small. Please review the requested memory. ++
 ++ It seems that you do not need that much memory so we recommend        ++
 ++ requesting less memory in other similar jobs.                         ++
 +++++++++++++++++++++++++++++++++++++++++++++++++++++++++++++++++++++++++++
 
*****************************************************************************


*****************************************************************************
*                                                                           *
*                    JOB EFFICIENCY REPORT (seff 10925253)                   *
*                                                                           *
*****************************************************************************

Job ID: 10925253
Cluster: finisterrae3
User/Group: curso341/ulc
State: COMPLETED (exit code 0)
Nodes: 7
Cores per node: 64
CPU Utilized: 01:54:39
CPU Efficiency: 11.46% of 16:40:32 core-walltime
Job Wall-clock time: 00:02:14
Memory Utilized: 16.92 GB
Memory Efficiency: 1.11% of 1.48 TB

 +++++++++++++++++++++++++++++++++++++++++++++++++++++++++++++++++++++++++++
 ++   Memory Efficiency is too small. Please review the requested memory. ++
 ++ It seems that you do not need that much memory so we recommend        ++
 ++ requesting less memory in other similar jobs.                         ++
 +++++++++++++++++++++++++++++++++++++++++++++++++++++++++++++++++++++++++++
 
*****************************************************************************


*****************************************************************************
*                                                                           *
*                    JOB EFFICIENCY REPORT (seff 10925253)                   *
*                                                                           *
*****************************************************************************

Job ID: 10925253
Cluster: finisterrae3
User/Group: curso341/ulc
State: COMPLETED (exit code 0)
Nodes: 7
Cores per node: 64
CPU Utilized: 01:54:39
CPU Efficiency: 11.46% of 16:40:32 core-walltime
Job Wall-clock time: 00:02:14
Memory Utilized: 16.92 GB
Memory Efficiency: 1.11% of 1.48 TB

 +++++++++++++++++++++++++++++++++++++++++++++++++++++++++++++++++++++++++++
 ++   Memory Efficiency is too small. Please review the requested memory. ++
 ++ It seems that you do not need that much memory so we recommend        ++
 ++ requesting less memory in other similar jobs.                         ++
 +++++++++++++++++++++++++++++++++++++++++++++++++++++++++++++++++++++++++++
 
*****************************************************************************


*****************************************************************************
*                                                                           *
*                    JOB EFFICIENCY REPORT (seff 10925253)                   *
*                                                                           *
*****************************************************************************

Job ID: 10925253
Cluster: finisterrae3
User/Group: curso341/ulc
State: COMPLETED (exit code 0)
Nodes: 7
Cores per node: 64
CPU Utilized: 01:54:39
CPU Efficiency: 11.46% of 16:40:32 core-walltime
Job Wall-clock time: 00:02:14
Memory Utilized: 16.92 GB
Memory Efficiency: 1.11% of 1.48 TB

 +++++++++++++++++++++++++++++++++++++++++++++++++++++++++++++++++++++++++++
 ++   Memory Efficiency is too small. Please review the requested memory. ++
 ++ It seems that you do not need that much memory so we recommend        ++
 ++ requesting less memory in other similar jobs.                         ++
 +++++++++++++++++++++++++++++++++++++++++++++++++++++++++++++++++++++++++++
 
*****************************************************************************

