slurmstepd: info: Setting TMPDIR to /scratch/10912121. Previous errors about TMPDIR can be discarded
Slurm job started at 08/03/2025_11:13:18 AM

In transit.
Initing Ray (1 head node + 2 worker nodes + 4 simulation nodes) on nodes: 
	ilk-40 ilk-160 ilk-161 ilk-163 ilk-164 ilk-255 ilk-256
Head node: 172.30.201.40:6379


RAY_DEPLOY_TIME:     24.83057
2025-03-08 11:13:46,814	INFO packaging.py:520 -- Creating a file package for local directory '/mnt/lustre/scratch/nlsas/home/ulc/cursos/curso341/dask_on_reisa_tests/E2/DASK_ON_REISA/derivative/P128-SN4-LS1-GS134-I10-AN2-D2025-03-08_09-07-23'.
2025-03-08 11:13:46,841	INFO packaging.py:347 -- Pushing file package 'gcs://_ray_pkg_7c2f09ea334d10d4.zip' (0.48MiB) to Ray cluster...
2025-03-08 11:13:46,847	INFO packaging.py:360 -- Successfully pushed file package 'gcs://_ray_pkg_7c2f09ea334d10d4.zip'.
RAY_INIT_TIME:       7.19996
Iter [0]
Iter [1]
Iter [2]
Iter [3]
Iter [4]
Iter [5]
Iter [6]
Iter [7]
[2m[36m(iter_task pid=3670447, ip=10.120.204.16)[0m /home/ulc/cursos/curso341/.local/lib/python3.9/site-packages/dask/config.py:693: UserWarning: Configuration key "shuffle" has been deprecated. Please use "dataframe.shuffle.algorithm" instead
[2m[36m(iter_task pid=3670447, ip=10.120.204.16)[0m   warnings.warn(
[2m[36m(iter_task pid=3670446, ip=10.120.204.16)[0m /home/ulc/cursos/curso341/.local/lib/python3.9/site-packages/dask/config.py:693: UserWarning: Configuration key "shuffle" has been deprecated. Please use "dataframe.shuffle.algorithm" instead
[2m[36m(iter_task pid=3670446, ip=10.120.204.16)[0m   warnings.warn(
Iter [8]
Iter [9]
GLOBAL_PUT_TIME:     0.028466224670410156 (avg:0.00285)
ACTOR_CONCURRENCY:   8
[2m[36m(iter_task pid=3569964, ip=10.120.204.17)[0m /home/ulc/cursos/curso341/.local/lib/python3.9/site-packages/dask/config.py:693: UserWarning: Configuration key "shuffle" has been deprecated. Please use "dataframe.shuffle.algorithm" instead
[2m[36m(iter_task pid=3569964, ip=10.120.204.17)[0m   warnings.warn(
[2m[36m(iter_task pid=3569965, ip=10.120.204.17)[0m /home/ulc/cursos/curso341/.local/lib/python3.9/site-packages/dask/config.py:693: UserWarning: Configuration key "shuffle" has been deprecated. Please use "dataframe.shuffle.algorithm" instead
[2m[36m(iter_task pid=3569965, ip=10.120.204.17)[0m   warnings.warn(
SIMULATION_TIME:     7.024008438000000 (avg: 0.702400843800000)
SIM_WTHOUT_PDI:      2.706563774000001 (avg: 0.270656377400000)
PDI_DELAY:           4.317444663999999 (avg: 0.431744466400000)

GLOBAL_SIZE_(GiB):   131072
LOCAL_SIZE_(MiB):    1
ITERATIONS:          10

MPI_PER_NODE:        32
MPI_PARALLELISM:     128

WORKER_NODES:        2
CPUS_PER_WORKER:     64
WORKER_PARALLELISM:  128


SLURM_JOB_ID:        10912121
[2m[36m(iter_task pid=3569964, ip=10.120.204.17)[0m /home/ulc/cursos/curso341/.local/lib/python3.9/site-packages/dask/config.py:693: UserWarning: Configuration key "shuffle" has been deprecated. Please use "dataframe.shuffle.algorithm" instead
[2m[36m(iter_task pid=3569964, ip=10.120.204.17)[0m   warnings.warn(
[2m[36m(iter_task pid=3569965, ip=10.120.204.17)[0m /home/ulc/cursos/curso341/.local/lib/python3.9/site-packages/dask/config.py:693: UserWarning: Configuration key "shuffle" has been deprecated. Please use "dataframe.shuffle.algorithm" instead
[2m[36m(iter_task pid=3569965, ip=10.120.204.17)[0m   warnings.warn(
EST_ANALYTICS_TIME:  34.35993 (avg:3.43599)

Slurm job finished at 08/03/2025_11:14:28 AM

*****************************************************************************
*                                                                           *
*                    JOB EFFICIENCY REPORT (seff 10912121)                   *
*                                                                           *
*****************************************************************************

Job ID: 10912121
Cluster: finisterrae3
User/Group: curso341/ulc
State: COMPLETED (exit code 0)
Nodes: 7
Cores per node: 64
CPU Utilized: 00:31:39
CPU Efficiency: 5.97% of 08:50:08 core-walltime
Job Wall-clock time: 00:01:11
Memory Utilized: 4.51 GB
Memory Efficiency: 0.30% of 1.48 TB

 +++++++++++++++++++++++++++++++++++++++++++++++++++++++++++++++++++++++++++
 ++   Memory Efficiency is too small. Please review the requested memory. ++
 ++ It seems that you do not need that much memory so we recommend        ++
 ++ requesting less memory in other similar jobs.                         ++
 +++++++++++++++++++++++++++++++++++++++++++++++++++++++++++++++++++++++++++
 
*****************************************************************************


*****************************************************************************
*                                                                           *
*                    JOB EFFICIENCY REPORT (seff 10912121)                   *
*                                                                           *
*****************************************************************************

Job ID: 10912121
Cluster: finisterrae3
User/Group: curso341/ulc
State: COMPLETED (exit code 0)
Nodes: 7
Cores per node: 64
CPU Utilized: 00:31:39
CPU Efficiency: 5.97% of 08:50:08 core-walltime
Job Wall-clock time: 00:01:11
Memory Utilized: 4.51 GB
Memory Efficiency: 0.30% of 1.48 TB

 +++++++++++++++++++++++++++++++++++++++++++++++++++++++++++++++++++++++++++
 ++   Memory Efficiency is too small. Please review the requested memory. ++
 ++ It seems that you do not need that much memory so we recommend        ++
 ++ requesting less memory in other similar jobs.                         ++
 +++++++++++++++++++++++++++++++++++++++++++++++++++++++++++++++++++++++++++
 
*****************************************************************************


*****************************************************************************
*                                                                           *
*                    JOB EFFICIENCY REPORT (seff 10912121)                   *
*                                                                           *
*****************************************************************************

Job ID: 10912121
Cluster: finisterrae3
User/Group: curso341/ulc
State: COMPLETED (exit code 0)
Nodes: 7
Cores per node: 64
CPU Utilized: 00:31:39
CPU Efficiency: 5.97% of 08:50:08 core-walltime
Job Wall-clock time: 00:01:11
Memory Utilized: 4.51 GB
Memory Efficiency: 0.30% of 1.48 TB

 +++++++++++++++++++++++++++++++++++++++++++++++++++++++++++++++++++++++++++
 ++   Memory Efficiency is too small. Please review the requested memory. ++
 ++ It seems that you do not need that much memory so we recommend        ++
 ++ requesting less memory in other similar jobs.                         ++
 +++++++++++++++++++++++++++++++++++++++++++++++++++++++++++++++++++++++++++
 
*****************************************************************************


*****************************************************************************
*                                                                           *
*                    JOB EFFICIENCY REPORT (seff 10912121)                   *
*                                                                           *
*****************************************************************************

Job ID: 10912121
Cluster: finisterrae3
User/Group: curso341/ulc
State: COMPLETED (exit code 0)
Nodes: 7
Cores per node: 64
CPU Utilized: 00:31:39
CPU Efficiency: 5.97% of 08:50:08 core-walltime
Job Wall-clock time: 00:01:11
Memory Utilized: 4.51 GB
Memory Efficiency: 0.30% of 1.48 TB

 +++++++++++++++++++++++++++++++++++++++++++++++++++++++++++++++++++++++++++
 ++   Memory Efficiency is too small. Please review the requested memory. ++
 ++ It seems that you do not need that much memory so we recommend        ++
 ++ requesting less memory in other similar jobs.                         ++
 +++++++++++++++++++++++++++++++++++++++++++++++++++++++++++++++++++++++++++
 
*****************************************************************************


*****************************************************************************
*                                                                           *
*                    JOB EFFICIENCY REPORT (seff 10912121)                   *
*                                                                           *
*****************************************************************************

Job ID: 10912121
Cluster: finisterrae3
User/Group: curso341/ulc
State: COMPLETED (exit code 0)
Nodes: 7
Cores per node: 64
CPU Utilized: 00:31:39
CPU Efficiency: 5.97% of 08:50:08 core-walltime
Job Wall-clock time: 00:01:11
Memory Utilized: 4.51 GB
Memory Efficiency: 0.30% of 1.48 TB

 +++++++++++++++++++++++++++++++++++++++++++++++++++++++++++++++++++++++++++
 ++   Memory Efficiency is too small. Please review the requested memory. ++
 ++ It seems that you do not need that much memory so we recommend        ++
 ++ requesting less memory in other similar jobs.                         ++
 +++++++++++++++++++++++++++++++++++++++++++++++++++++++++++++++++++++++++++
 
*****************************************************************************


*****************************************************************************
*                                                                           *
*                    JOB EFFICIENCY REPORT (seff 10912121)                   *
*                                                                           *
*****************************************************************************

Job ID: 10912121
Cluster: finisterrae3
User/Group: curso341/ulc
State: COMPLETED (exit code 0)
Nodes: 7
Cores per node: 64
CPU Utilized: 00:48:22
CPU Efficiency: 9.12% of 08:50:08 core-walltime
Job Wall-clock time: 00:01:11
Memory Utilized: 4.51 GB
Memory Efficiency: 0.30% of 1.48 TB

 +++++++++++++++++++++++++++++++++++++++++++++++++++++++++++++++++++++++++++
 ++   Memory Efficiency is too small. Please review the requested memory. ++
 ++ It seems that you do not need that much memory so we recommend        ++
 ++ requesting less memory in other similar jobs.                         ++
 +++++++++++++++++++++++++++++++++++++++++++++++++++++++++++++++++++++++++++
 
*****************************************************************************


*****************************************************************************
*                                                                           *
*                    JOB EFFICIENCY REPORT (seff 10912121)                   *
*                                                                           *
*****************************************************************************

Job ID: 10912121
Cluster: finisterrae3
User/Group: curso341/ulc
State: COMPLETED (exit code 0)
Nodes: 7
Cores per node: 64
CPU Utilized: 00:48:55
CPU Efficiency: 9.23% of 08:50:08 core-walltime
Job Wall-clock time: 00:01:11
Memory Utilized: 4.51 GB
Memory Efficiency: 0.30% of 1.48 TB

 +++++++++++++++++++++++++++++++++++++++++++++++++++++++++++++++++++++++++++
 ++   Memory Efficiency is too small. Please review the requested memory. ++
 ++ It seems that you do not need that much memory so we recommend        ++
 ++ requesting less memory in other similar jobs.                         ++
 +++++++++++++++++++++++++++++++++++++++++++++++++++++++++++++++++++++++++++
 
*****************************************************************************

