slurmstepd: info: Setting TMPDIR to /scratch/10912116. Previous errors about TMPDIR can be discarded
Slurm job started at 08/03/2025_09:07:40 AM

In transit.
Initing Ray (1 head node + 4 worker nodes + 4 simulation nodes) on nodes: 
	ilk-145 ilk-146 ilk-147 ilk-148 ilk-149 ilk-150 ilk-151 ilk-152 ilk-153
Head node: 172.30.204.1:6379


RAY_DEPLOY_TIME:     25.75147
2025-03-08 09:08:10,911	INFO packaging.py:520 -- Creating a file package for local directory '/mnt/lustre/scratch/nlsas/home/ulc/cursos/curso341/dask_on_reisa_tests/E2/DASK_ON_REISA/derivative/P8-SN4-LS268-GS2147-I10-AN4-D2025-03-08_09-07-12'.
2025-03-08 09:08:10,938	INFO packaging.py:347 -- Pushing file package 'gcs://_ray_pkg_eebb4648bd8dcfea.zip' (0.48MiB) to Ray cluster...
2025-03-08 09:08:10,945	INFO packaging.py:360 -- Successfully pushed file package 'gcs://_ray_pkg_eebb4648bd8dcfea.zip'.
RAY_INIT_TIME:       3.92762
Iter [0]
Iter [1]
Iter [2]
Iter [3]
Iter [4]
[2m[36m(iter_task pid=1051932, ip=10.120.204.3)[0m /home/ulc/cursos/curso341/.local/lib/python3.9/site-packages/dask/config.py:693: UserWarning: Configuration key "shuffle" has been deprecated. Please use "dataframe.shuffle.algorithm" instead
[2m[36m(iter_task pid=1051932, ip=10.120.204.3)[0m   warnings.warn(
[2m[36m(iter_task pid=1051933, ip=10.120.204.3)[0m /home/ulc/cursos/curso341/.local/lib/python3.9/site-packages/dask/config.py:693: UserWarning: Configuration key "shuffle" has been deprecated. Please use "dataframe.shuffle.algorithm" instead
[2m[36m(iter_task pid=1051933, ip=10.120.204.3)[0m   warnings.warn(
[2m[36m(iter_task pid=1051935, ip=10.120.204.3)[0m /home/ulc/cursos/curso341/.local/lib/python3.9/site-packages/dask/config.py:693: UserWarning: Configuration key "shuffle" has been deprecated. Please use "dataframe.shuffle.algorithm" instead
[2m[36m(iter_task pid=1051935, ip=10.120.204.3)[0m   warnings.warn(
[2m[36m(iter_task pid=1051931, ip=10.120.204.3)[0m /home/ulc/cursos/curso341/.local/lib/python3.9/site-packages/dask/config.py:693: UserWarning: Configuration key "shuffle" has been deprecated. Please use "dataframe.shuffle.algorithm" instead
[2m[36m(iter_task pid=1051931, ip=10.120.204.3)[0m   warnings.warn(
[2m[36m(iter_task pid=1051934, ip=10.120.204.3)[0m /home/ulc/cursos/curso341/.local/lib/python3.9/site-packages/dask/config.py:693: UserWarning: Configuration key "shuffle" has been deprecated. Please use "dataframe.shuffle.algorithm" instead
[2m[36m(iter_task pid=1051934, ip=10.120.204.3)[0m   warnings.warn(
[2m[36m(iter_task pid=1051936, ip=10.120.204.3)[0m /home/ulc/cursos/curso341/.local/lib/python3.9/site-packages/dask/config.py:693: UserWarning: Configuration key "shuffle" has been deprecated. Please use "dataframe.shuffle.algorithm" instead
[2m[36m(iter_task pid=1051936, ip=10.120.204.3)[0m   warnings.warn(
Iter [5]
Iter [6]
Iter [7]
Iter [8]
Iter [9]
GLOBAL_PUT_TIME:     4.331697225570679 (avg:0.43317)
ACTOR_CONCURRENCY:   8
SIMULATION_TIME:     34.726975509000006 (avg: 3.472697550900000)
SIM_WTHOUT_PDI:      26.125808460999995 (avg: 2.612580846099999)
PDI_DELAY:           8.601167048000011 (avg: 0.860116704800001)

GLOBAL_SIZE_(GiB):   2097152
LOCAL_SIZE_(MiB):    256
ITERATIONS:          10

MPI_PER_NODE:        2
MPI_PARALLELISM:     8

WORKER_NODES:        4
CPUS_PER_WORKER:     64
WORKER_PARALLELISM:  256


SLURM_JOB_ID:        10912116
EST_ANALYTICS_TIME:  118.37133 (avg:11.83713)

Slurm job finished at 08/03/2025_09:10:15 AM

*****************************************************************************
*                                                                           *
*                    JOB EFFICIENCY REPORT (seff 10912116)                   *
*                                                                           *
*****************************************************************************

Job ID: 10912116
Cluster: finisterrae3
User/Group: curso341/ulc
State: COMPLETED (exit code 0)
Nodes: 9
Cores per node: 64
CPU Utilized: 00:04:59
CPU Efficiency: 0.33% of 1-01:07:12 core-walltime
Job Wall-clock time: 00:02:37
Memory Utilized: 6.02 GB (estimated maximum)
Memory Efficiency: 0.31% of 1.91 TB (3.39 GB/core)

 +++++++++++++++++++++++++++++++++++++++++++++++++++++++++++++++++++++++++++
 ++   Memory Efficiency is too small. Please review the requested memory. ++
 ++ It seems that you do not need that much memory so we recommend        ++
 ++ requesting less memory in other similar jobs.                         ++
 +++++++++++++++++++++++++++++++++++++++++++++++++++++++++++++++++++++++++++
 
*****************************************************************************


*****************************************************************************
*                                                                           *
*                    JOB EFFICIENCY REPORT (seff 10912116)                   *
*                                                                           *
*****************************************************************************

Job ID: 10912116
Cluster: finisterrae3
User/Group: curso341/ulc
State: COMPLETED (exit code 0)
Nodes: 9
Cores per node: 64
CPU Utilized: 00:04:59
CPU Efficiency: 0.33% of 1-01:07:12 core-walltime
Job Wall-clock time: 00:02:37
Memory Utilized: 6.02 GB (estimated maximum)
Memory Efficiency: 0.31% of 1.91 TB (3.39 GB/core)

 +++++++++++++++++++++++++++++++++++++++++++++++++++++++++++++++++++++++++++
 ++   Memory Efficiency is too small. Please review the requested memory. ++
 ++ It seems that you do not need that much memory so we recommend        ++
 ++ requesting less memory in other similar jobs.                         ++
 +++++++++++++++++++++++++++++++++++++++++++++++++++++++++++++++++++++++++++
 
*****************************************************************************


*****************************************************************************
*                                                                           *
*                    JOB EFFICIENCY REPORT (seff 10912116)                   *
*                                                                           *
*****************************************************************************

Job ID: 10912116
Cluster: finisterrae3
User/Group: curso341/ulc
State: COMPLETED (exit code 0)
Nodes: 9
Cores per node: 64
CPU Utilized: 00:14:57
CPU Efficiency: 0.99% of 1-01:07:12 core-walltime
Job Wall-clock time: 00:02:37
Memory Utilized: 8.50 GB
Memory Efficiency: 0.44% of 1.91 TB

 +++++++++++++++++++++++++++++++++++++++++++++++++++++++++++++++++++++++++++
 ++   Memory Efficiency is too small. Please review the requested memory. ++
 ++ It seems that you do not need that much memory so we recommend        ++
 ++ requesting less memory in other similar jobs.                         ++
 +++++++++++++++++++++++++++++++++++++++++++++++++++++++++++++++++++++++++++
 
*****************************************************************************


*****************************************************************************
*                                                                           *
*                    JOB EFFICIENCY REPORT (seff 10912116)                   *
*                                                                           *
*****************************************************************************

Job ID: 10912116
Cluster: finisterrae3
User/Group: curso341/ulc
State: COMPLETED (exit code 0)
Nodes: 9
Cores per node: 64
CPU Utilized: 00:21:44
CPU Efficiency: 1.44% of 1-01:07:12 core-walltime
Job Wall-clock time: 00:02:37
Memory Utilized: 8.55 GB
Memory Efficiency: 0.44% of 1.91 TB

 +++++++++++++++++++++++++++++++++++++++++++++++++++++++++++++++++++++++++++
 ++   Memory Efficiency is too small. Please review the requested memory. ++
 ++ It seems that you do not need that much memory so we recommend        ++
 ++ requesting less memory in other similar jobs.                         ++
 +++++++++++++++++++++++++++++++++++++++++++++++++++++++++++++++++++++++++++
 
*****************************************************************************


*****************************************************************************
*                                                                           *
*                    JOB EFFICIENCY REPORT (seff 10912116)                   *
*                                                                           *
*****************************************************************************

Job ID: 10912116
Cluster: finisterrae3
User/Group: curso341/ulc
State: COMPLETED (exit code 0)
Nodes: 9
Cores per node: 64
CPU Utilized: 00:21:44
CPU Efficiency: 1.44% of 1-01:07:12 core-walltime
Job Wall-clock time: 00:02:37
Memory Utilized: 8.55 GB
Memory Efficiency: 0.44% of 1.91 TB

 +++++++++++++++++++++++++++++++++++++++++++++++++++++++++++++++++++++++++++
 ++   Memory Efficiency is too small. Please review the requested memory. ++
 ++ It seems that you do not need that much memory so we recommend        ++
 ++ requesting less memory in other similar jobs.                         ++
 +++++++++++++++++++++++++++++++++++++++++++++++++++++++++++++++++++++++++++
 
*****************************************************************************


*****************************************************************************
*                                                                           *
*                    JOB EFFICIENCY REPORT (seff 10912116)                   *
*                                                                           *
*****************************************************************************

Job ID: 10912116
Cluster: finisterrae3
User/Group: curso341/ulc
State: COMPLETED (exit code 0)
Nodes: 9
Cores per node: 64
CPU Utilized: 00:21:44
CPU Efficiency: 1.44% of 1-01:07:12 core-walltime
Job Wall-clock time: 00:02:37
Memory Utilized: 8.55 GB
Memory Efficiency: 0.44% of 1.91 TB

 +++++++++++++++++++++++++++++++++++++++++++++++++++++++++++++++++++++++++++
 ++   Memory Efficiency is too small. Please review the requested memory. ++
 ++ It seems that you do not need that much memory so we recommend        ++
 ++ requesting less memory in other similar jobs.                         ++
 +++++++++++++++++++++++++++++++++++++++++++++++++++++++++++++++++++++++++++
 
*****************************************************************************


*****************************************************************************
*                                                                           *
*                    JOB EFFICIENCY REPORT (seff 10912116)                   *
*                                                                           *
*****************************************************************************

Job ID: 10912116
Cluster: finisterrae3
User/Group: curso341/ulc
State: COMPLETED (exit code 0)
Nodes: 9
Cores per node: 64
CPU Utilized: 00:21:44
CPU Efficiency: 1.44% of 1-01:07:12 core-walltime
Job Wall-clock time: 00:02:37
Memory Utilized: 8.55 GB
Memory Efficiency: 0.44% of 1.91 TB

 +++++++++++++++++++++++++++++++++++++++++++++++++++++++++++++++++++++++++++
 ++   Memory Efficiency is too small. Please review the requested memory. ++
 ++ It seems that you do not need that much memory so we recommend        ++
 ++ requesting less memory in other similar jobs.                         ++
 +++++++++++++++++++++++++++++++++++++++++++++++++++++++++++++++++++++++++++
 
*****************************************************************************


*****************************************************************************
*                                                                           *
*                    JOB EFFICIENCY REPORT (seff 10912116)                   *
*                                                                           *
*****************************************************************************

Job ID: 10912116
Cluster: finisterrae3
User/Group: curso341/ulc
State: COMPLETED (exit code 0)
Nodes: 9
Cores per node: 64
CPU Utilized: 00:30:37
CPU Efficiency: 2.03% of 1-01:07:12 core-walltime
Job Wall-clock time: 00:02:37
Memory Utilized: 13.11 GB
Memory Efficiency: 0.67% of 1.91 TB

 +++++++++++++++++++++++++++++++++++++++++++++++++++++++++++++++++++++++++++
 ++   Memory Efficiency is too small. Please review the requested memory. ++
 ++ It seems that you do not need that much memory so we recommend        ++
 ++ requesting less memory in other similar jobs.                         ++
 +++++++++++++++++++++++++++++++++++++++++++++++++++++++++++++++++++++++++++
 
*****************************************************************************


*****************************************************************************
*                                                                           *
*                    JOB EFFICIENCY REPORT (seff 10912116)                   *
*                                                                           *
*****************************************************************************

Job ID: 10912116
Cluster: finisterrae3
User/Group: curso341/ulc
State: COMPLETED (exit code 0)
Nodes: 9
Cores per node: 64
CPU Utilized: 00:53:42
CPU Efficiency: 3.56% of 1-01:07:12 core-walltime
Job Wall-clock time: 00:02:37
Memory Utilized: 25.05 GB
Memory Efficiency: 1.28% of 1.91 TB

 +++++++++++++++++++++++++++++++++++++++++++++++++++++++++++++++++++++++++++
 ++   Memory Efficiency is too small. Please review the requested memory. ++
 ++ It seems that you do not need that much memory so we recommend        ++
 ++ requesting less memory in other similar jobs.                         ++
 +++++++++++++++++++++++++++++++++++++++++++++++++++++++++++++++++++++++++++
 
*****************************************************************************

