slurmstepd: info: Setting TMPDIR to /scratch/10935977. Previous errors about TMPDIR can be discarded
Slurm job started at 11/03/2025_12:15:16 PM

In transit.
Initing Ray (1 head node + 8 worker nodes + 16 simulation nodes) on nodes: 
	ilk-63 ilk-87 ilk-88 ilk-195 ilk-196 ilk-206 ilk-211 ilk-214 ilk-216 ilk-217 ilk-220 ilk-221 ilk-222 ilk-223 ilk-225 ilk-228 ilk-229 ilk-230 ilk-233 ilk-235 ilk-236 ilk-237 ilk-238 ilk-239 ilk-240
Head node: 172.30.202.15:6379


RAY_DEPLOY_TIME:     23.82803
2025-03-11 12:15:43,628	INFO packaging.py:520 -- Creating a file package for local directory '/mnt/lustre/scratch/nlsas/home/ulc/cursos/curso341/dask_on_reisa_tests/E6/REISA_ONE_ACTOR/reduction/P512-SN16-LS1-GS536-I20-AN8-D2025-03-11_08-52-46'.
2025-03-11 12:15:43,655	INFO packaging.py:347 -- Pushing file package 'gcs://_ray_pkg_e5fc651aa7eb9cee.zip' (0.48MiB) to Ray cluster...
2025-03-11 12:15:43,661	INFO packaging.py:360 -- Successfully pushed file package 'gcs://_ray_pkg_e5fc651aa7eb9cee.zip'.
RAY_INIT_TIME:       5.88883
Iter [0]
Iter [2]
Iter [4]
Iter [6]
Iter [8]
Iter [10]
Iter [12]
Iter [14]
Iter [16]
Iter [18]
GLOBAL_PUT_TIME:     0.3340609073638916 (avg:0.01670)
ACTOR_CONCURRENCY:   8
EST_ANALYTICS_TIME:  293.60477 (avg:14.68024)
SIMULATION_TIME:     293.560531096000034 (avg: 14.678026554800002)
SIM_WTHOUT_PDI:      139.386566120000026 (avg: 6.969328306000001)
PDI_DELAY:           154.173964976000008 (avg: 7.708698248800000)

GLOBAL_SIZE_(GiB):   524288
LOCAL_SIZE_(MiB):    1
ITERATIONS:          20

MPI_PER_NODE:        32
MPI_PARALLELISM:     512

WORKER_NODES:        8
CPUS_PER_WORKER:     64
WORKER_PARALLELISM:  512


SLURM_JOB_ID:        10935977

Slurm job finished at 11/03/2025_12:20:44 PM

*****************************************************************************
*                                                                           *
*                    JOB EFFICIENCY REPORT (seff 10935977)                   *
*                                                                           *
*****************************************************************************

Job ID: 10935977
Cluster: finisterrae3
User/Group: curso341/ulc
State: COMPLETED (exit code 0)
Nodes: 25
Cores per node: 64
CPU Utilized: 21:50:45
CPU Efficiency: 14.89% of 6-02:40:00 core-walltime
Job Wall-clock time: 00:05:30
Memory Utilized: 3.93 GB
Memory Efficiency: 0.07% of 5.30 TB

 +++++++++++++++++++++++++++++++++++++++++++++++++++++++++++++++++++++++++++
 ++   Memory Efficiency is too small. Please review the requested memory. ++
 ++ It seems that you do not need that much memory so we recommend        ++
 ++ requesting less memory in other similar jobs.                         ++
 +++++++++++++++++++++++++++++++++++++++++++++++++++++++++++++++++++++++++++
 
*****************************************************************************


*****************************************************************************
*                                                                           *
*                    JOB EFFICIENCY REPORT (seff 10935977)                   *
*                                                                           *
*****************************************************************************

Job ID: 10935977
Cluster: finisterrae3
User/Group: curso341/ulc
State: COMPLETED (exit code 0)
Nodes: 25
Cores per node: 64
CPU Utilized: 21:50:45
CPU Efficiency: 14.89% of 6-02:40:00 core-walltime
Job Wall-clock time: 00:05:30
Memory Utilized: 3.93 GB
Memory Efficiency: 0.07% of 5.30 TB

 +++++++++++++++++++++++++++++++++++++++++++++++++++++++++++++++++++++++++++
 ++   Memory Efficiency is too small. Please review the requested memory. ++
 ++ It seems that you do not need that much memory so we recommend        ++
 ++ requesting less memory in other similar jobs.                         ++
 +++++++++++++++++++++++++++++++++++++++++++++++++++++++++++++++++++++++++++
 
*****************************************************************************


*****************************************************************************
*                                                                           *
*                    JOB EFFICIENCY REPORT (seff 10935977)                   *
*                                                                           *
*****************************************************************************

Job ID: 10935977
Cluster: finisterrae3
User/Group: curso341/ulc
State: COMPLETED (exit code 0)
Nodes: 25
Cores per node: 64
CPU Utilized: 21:50:45
CPU Efficiency: 14.89% of 6-02:40:00 core-walltime
Job Wall-clock time: 00:05:30
Memory Utilized: 3.93 GB
Memory Efficiency: 0.07% of 5.30 TB

 +++++++++++++++++++++++++++++++++++++++++++++++++++++++++++++++++++++++++++
 ++   Memory Efficiency is too small. Please review the requested memory. ++
 ++ It seems that you do not need that much memory so we recommend        ++
 ++ requesting less memory in other similar jobs.                         ++
 +++++++++++++++++++++++++++++++++++++++++++++++++++++++++++++++++++++++++++
 
*****************************************************************************


*****************************************************************************
*                                                                           *
*                    JOB EFFICIENCY REPORT (seff 10935977)                   *
*                                                                           *
*****************************************************************************

Job ID: 10935977

Cluster: finisterrae3

*****************************************************************************
User/Group: curso341/ulc
*****************************************************************************
*                                                                           *
State: COMPLETED (exit code 0)
*                                                                           *
*                    JOB EFFICIENCY REPORT (seff 10935977)                   *
Nodes: 25
*                    JOB EFFICIENCY REPORT (seff 10935977)                   *
*                                                                           *
Cores per node: 64
*                                                                           *

*****************************************************************************
CPU Utilized: 21:50:45
*****************************************************************************
*****************************************************************************

CPU Efficiency: 14.89% of 6-02:40:00 core-walltime



*                                                                           *
Job ID: 10935977
Job Wall-clock time: 00:05:30
*****************************************************************************
*****************************************************************************
Job ID: 10935977
*                    JOB EFFICIENCY REPORT (seff 10935977)                   *
Cluster: finisterrae3
Memory Utilized: 3.93 GB
*                                                                           *
*                                                                           *
Cluster: finisterrae3
*                                                                           *
User/Group: curso341/ulc
Memory Efficiency: 0.07% of 5.30 TB
*                    JOB EFFICIENCY REPORT (seff 10935977)                   *
*                    JOB EFFICIENCY REPORT (seff 10935977)                   *
User/Group: curso341/ulc
*****************************************************************************
State: COMPLETED (exit code 0)

*                                                                           *

*                                                                           *
State: COMPLETED (exit code 0)


Nodes: 25
 +++++++++++++++++++++++++++++++++++++++++++++++++++++++++++++++++++++++++++
*****************************************************************************
*****************************************************************************
*****************************************************************************
Nodes: 25
Job ID: 10935977
*****************************************************************************
Cores per node: 64
 ++   Memory Efficiency is too small. Please review the requested memory. ++

*                                                                           *

Cores per node: 64
Cluster: finisterrae3
*                                                                           *
CPU Utilized: 21:50:45
 ++ It seems that you do not need that much memory so we recommend        ++
Job ID: 10935977
*                    JOB EFFICIENCY REPORT (seff 10935977)                   *
Job ID: 10935977
CPU Utilized: 21:50:45
User/Group: curso341/ulc
*                    JOB EFFICIENCY REPORT (seff 10935977)                   *
CPU Efficiency: 14.89% of 6-02:40:00 core-walltime
 ++ requesting less memory in other similar jobs.                         ++
Cluster: finisterrae3
*                                                                           *
Cluster: finisterrae3
CPU Efficiency: 14.89% of 6-02:40:00 core-walltime
State: COMPLETED (exit code 0)
*                                                                           *
Job Wall-clock time: 00:05:30
 +++++++++++++++++++++++++++++++++++++++++++++++++++++++++++++++++++++++++++
User/Group: curso341/ulc

*****************************************************************************
User/Group: curso341/ulc
Job Wall-clock time: 00:05:30
Nodes: 25
*****************************************************************************
Memory Utilized: 3.93 GB
 
State: COMPLETED (exit code 0)
*****************************************************************************


State: COMPLETED (exit code 0)
Memory Utilized: 3.93 GB
Cores per node: 64

Memory Efficiency: 0.07% of 5.30 TB
*****************************************************************************
Nodes: 25
*                                                                           *
*****************************************************************************
Job ID: 10935977
Nodes: 25
Memory Efficiency: 0.07% of 5.30 TB
CPU Utilized: 21:50:45
Job ID: 10935977


Cores per node: 64
*                    JOB EFFICIENCY REPORT (seff 10935977)                   *
*                                                                           *
Cluster: finisterrae3
Cores per node: 64

CPU Efficiency: 14.89% of 6-02:40:00 core-walltime
Cluster: finisterrae3
 +++++++++++++++++++++++++++++++++++++++++++++++++++++++++++++++++++++++++++
CPU Utilized: 21:50:45
*                                                                           *
*                    JOB EFFICIENCY REPORT (seff 10935977)                   *

User/Group: curso341/ulc
CPU Utilized: 21:50:45
 +++++++++++++++++++++++++++++++++++++++++++++++++++++++++++++++++++++++++++
Job Wall-clock time: 00:05:30
User/Group: curso341/ulc
 ++   Memory Efficiency is too small. Please review the requested memory. ++
CPU Efficiency: 14.89% of 6-02:40:00 core-walltime
*****************************************************************************
*                                                                           *
*****************************************************************************
State: COMPLETED (exit code 0)
CPU Efficiency: 14.89% of 6-02:40:00 core-walltime
 ++   Memory Efficiency is too small. Please review the requested memory. ++
Memory Utilized: 3.93 GB
State: COMPLETED (exit code 0)
 ++ It seems that you do not need that much memory so we recommend        ++
Job Wall-clock time: 00:05:30

*****************************************************************************
*                                                                           *

Nodes: 25
Job Wall-clock time: 00:05:30

 ++ It seems that you do not need that much memory so we recommend        ++
Memory Efficiency: 0.07% of 5.30 TB
Nodes: 25
 ++ requesting less memory in other similar jobs.                         ++
Memory Utilized: 3.93 GB
Job ID: 10935977

*                    JOB EFFICIENCY REPORT (seff 10935977)                   *
*****************************************************************************
Cores per node: 64
Memory Utilized: 3.93 GB
*****************************************************************************
 ++ requesting less memory in other similar jobs.                         ++

Cores per node: 64
 +++++++++++++++++++++++++++++++++++++++++++++++++++++++++++++++++++++++++++
Memory Efficiency: 0.07% of 5.30 TB
Cluster: finisterrae3
Job ID: 10935977
*                                                                           *
*                                                                           *
CPU Utilized: 21:50:45
Memory Efficiency: 0.07% of 5.30 TB
*                                                                           *
 +++++++++++++++++++++++++++++++++++++++++++++++++++++++++++++++++++++++++++
 +++++++++++++++++++++++++++++++++++++++++++++++++++++++++++++++++++++++++++
CPU Utilized: 21:50:45
 

User/Group: curso341/ulc
Cluster: finisterrae3
*****************************************************************************
*                    JOB EFFICIENCY REPORT (seff 10935977)                   *
CPU Efficiency: 14.89% of 6-02:40:00 core-walltime

*                    JOB EFFICIENCY REPORT (seff 10935977)                   *
 
 ++   Memory Efficiency is too small. Please review the requested memory. ++
CPU Efficiency: 14.89% of 6-02:40:00 core-walltime
*****************************************************************************
 +++++++++++++++++++++++++++++++++++++++++++++++++++++++++++++++++++++++++++
State: COMPLETED (exit code 0)
User/Group: curso341/ulc

*                                                                           *
Job Wall-clock time: 00:05:30
 +++++++++++++++++++++++++++++++++++++++++++++++++++++++++++++++++++++++++++
*                                                                           *
*****************************************************************************
 ++ It seems that you do not need that much memory so we recommend        ++
Job Wall-clock time: 00:05:30

 ++   Memory Efficiency is too small. Please review the requested memory. ++
Nodes: 25
State: COMPLETED (exit code 0)
Job ID: 10935977
*****************************************************************************
Memory Utilized: 3.93 GB
 ++   Memory Efficiency is too small. Please review the requested memory. ++
*****************************************************************************

 ++ requesting less memory in other similar jobs.                         ++
Memory Utilized: 3.93 GB

 ++ It seems that you do not need that much memory so we recommend        ++
Cores per node: 64
Nodes: 25
Cluster: finisterrae3

Memory Efficiency: 0.07% of 5.30 TB
 ++ It seems that you do not need that much memory so we recommend        ++

 +++++++++++++++++++++++++++++++++++++++++++++++++++++++++++++++++++++++++++
Memory Efficiency: 0.07% of 5.30 TB
*****************************************************************************
 ++ requesting less memory in other similar jobs.                         ++
CPU Utilized: 21:50:45
Cores per node: 64
User/Group: curso341/ulc
Job ID: 10935977

 ++ requesting less memory in other similar jobs.                         ++
Job ID: 10935977
 

*                                                                           *
 +++++++++++++++++++++++++++++++++++++++++++++++++++++++++++++++++++++++++++
CPU Efficiency: 14.89% of 6-02:40:00 core-walltime
CPU Utilized: 21:50:45
State: COMPLETED (exit code 0)
Cluster: finisterrae3
 +++++++++++++++++++++++++++++++++++++++++++++++++++++++++++++++++++++++++++
 +++++++++++++++++++++++++++++++++++++++++++++++++++++++++++++++++++++++++++

Cluster: finisterrae3
*****************************************************************************
 +++++++++++++++++++++++++++++++++++++++++++++++++++++++++++++++++++++++++++

*                    JOB EFFICIENCY REPORT (seff 10935977)                   *
 
Job Wall-clock time: 00:05:30
CPU Efficiency: 14.89% of 6-02:40:00 core-walltime
Nodes: 25
User/Group: curso341/ulc
 ++   Memory Efficiency is too small. Please review the requested memory. ++
 
*****************************************************************************
User/Group: curso341/ulc

 ++   Memory Efficiency is too small. Please review the requested memory. ++
*****************************************************************************
*                                                                           *
*****************************************************************************
Memory Utilized: 3.93 GB
Job Wall-clock time: 00:05:30
Cores per node: 64
State: COMPLETED (exit code 0)
 ++ It seems that you do not need that much memory so we recommend        ++
*****************************************************************************
*                                                                           *
State: COMPLETED (exit code 0)
 ++ It seems that you do not need that much memory so we recommend        ++
*                                                                           *
*****************************************************************************

Memory Efficiency: 0.07% of 5.30 TB
Memory Utilized: 3.93 GB
CPU Utilized: 21:50:45
Nodes: 25
 ++ requesting less memory in other similar jobs.                         ++

*                    JOB EFFICIENCY REPORT (seff 10935977)                   *
Nodes: 25
 ++ requesting less memory in other similar jobs.                         ++
*                    JOB EFFICIENCY REPORT (seff 10935977)                   *


Memory Efficiency: 0.07% of 5.30 TB
CPU Efficiency: 14.89% of 6-02:40:00 core-walltime
Cores per node: 64
 +++++++++++++++++++++++++++++++++++++++++++++++++++++++++++++++++++++++++++
*                                                                           *
Cores per node: 64
 +++++++++++++++++++++++++++++++++++++++++++++++++++++++++++++++++++++++++++
*                                                                           *
Job ID: 10935977
 +++++++++++++++++++++++++++++++++++++++++++++++++++++++++++++++++++++++++++

Job Wall-clock time: 00:05:30
CPU Utilized: 21:50:45
 
*****************************************************************************
CPU Utilized: 21:50:45
 
*****************************************************************************
Cluster: finisterrae3
 ++   Memory Efficiency is too small. Please review the requested memory. ++
 +++++++++++++++++++++++++++++++++++++++++++++++++++++++++++++++++++++++++++
Memory Utilized: 3.93 GB
CPU Efficiency: 14.89% of 6-02:40:00 core-walltime
*****************************************************************************

CPU Efficiency: 14.89% of 6-02:40:00 core-walltime
*****************************************************************************

User/Group: curso341/ulc
 ++ It seems that you do not need that much memory so we recommend        ++
 ++   Memory Efficiency is too small. Please review the requested memory. ++
Memory Efficiency: 0.07% of 5.30 TB
Job Wall-clock time: 00:05:30

Job ID: 10935977
Job Wall-clock time: 00:05:30

Job ID: 10935977
State: COMPLETED (exit code 0)
 ++ requesting less memory in other similar jobs.                         ++
 ++ It seems that you do not need that much memory so we recommend        ++

Memory Utilized: 3.93 GB
Cluster: finisterrae3
Memory Utilized: 3.93 GB
Cluster: finisterrae3
Nodes: 25
 +++++++++++++++++++++++++++++++++++++++++++++++++++++++++++++++++++++++++++
 ++ requesting less memory in other similar jobs.                         ++
 +++++++++++++++++++++++++++++++++++++++++++++++++++++++++++++++++++++++++++
Memory Efficiency: 0.07% of 5.30 TB
User/Group: curso341/ulc
Memory Efficiency: 0.07% of 5.30 TB
User/Group: curso341/ulc
Cores per node: 64
 
 +++++++++++++++++++++++++++++++++++++++++++++++++++++++++++++++++++++++++++
 ++   Memory Efficiency is too small. Please review the requested memory. ++

State: COMPLETED (exit code 0)

State: COMPLETED (exit code 0)
CPU Utilized: 21:50:45
*****************************************************************************
 
 ++ It seems that you do not need that much memory so we recommend        ++
 +++++++++++++++++++++++++++++++++++++++++++++++++++++++++++++++++++++++++++
Nodes: 25
 +++++++++++++++++++++++++++++++++++++++++++++++++++++++++++++++++++++++++++
Nodes: 25
CPU Efficiency: 14.89% of 6-02:40:00 core-walltime

*****************************************************************************
 ++ requesting less memory in other similar jobs.                         ++
 ++   Memory Efficiency is too small. Please review the requested memory. ++
Cores per node: 64
 ++   Memory Efficiency is too small. Please review the requested memory. ++
Cores per node: 64
Job Wall-clock time: 00:05:30

 +++++++++++++++++++++++++++++++++++++++++++++++++++++++++++++++++++++++++++
 ++ It seems that you do not need that much memory so we recommend        ++
CPU Utilized: 21:50:45
 ++ It seems that you do not need that much memory so we recommend        ++
CPU Utilized: 21:50:45
Memory Utilized: 3.93 GB
 
 ++ requesting less memory in other similar jobs.                         ++
CPU Efficiency: 14.89% of 6-02:40:00 core-walltime
 ++ requesting less memory in other similar jobs.                         ++
CPU Efficiency: 14.89% of 6-02:40:00 core-walltime
Memory Efficiency: 0.07% of 5.30 TB
*****************************************************************************
 +++++++++++++++++++++++++++++++++++++++++++++++++++++++++++++++++++++++++++
Job Wall-clock time: 00:05:30
 +++++++++++++++++++++++++++++++++++++++++++++++++++++++++++++++++++++++++++
Job Wall-clock time: 00:05:30


 
Memory Utilized: 3.93 GB
 
Memory Utilized: 3.93 GB
 +++++++++++++++++++++++++++++++++++++++++++++++++++++++++++++++++++++++++++
*****************************************************************************
Memory Efficiency: 0.07% of 5.30 TB
*****************************************************************************
Memory Efficiency: 0.07% of 5.30 TB
 ++   Memory Efficiency is too small. Please review the requested memory. ++




 ++ It seems that you do not need that much memory so we recommend        ++
 +++++++++++++++++++++++++++++++++++++++++++++++++++++++++++++++++++++++++++
 +++++++++++++++++++++++++++++++++++++++++++++++++++++++++++++++++++++++++++
 ++ requesting less memory in other similar jobs.                         ++
 ++   Memory Efficiency is too small. Please review the requested memory. ++
 ++   Memory Efficiency is too small. Please review the requested memory. ++
 +++++++++++++++++++++++++++++++++++++++++++++++++++++++++++++++++++++++++++
 ++ It seems that you do not need that much memory so we recommend        ++
 ++ It seems that you do not need that much memory so we recommend        ++
 
 ++ requesting less memory in other similar jobs.                         ++
 ++ requesting less memory in other similar jobs.                         ++
*****************************************************************************
 +++++++++++++++++++++++++++++++++++++++++++++++++++++++++++++++++++++++++++
 +++++++++++++++++++++++++++++++++++++++++++++++++++++++++++++++++++++++++++

 
 
*****************************************************************************
*****************************************************************************



*****************************************************************************
*                                                                           *
*                    JOB EFFICIENCY REPORT (seff 10935977)                   *
*                                                                           *
*****************************************************************************

Job ID: 10935977
Cluster: finisterrae3
User/Group: curso341/ulc
State: COMPLETED (exit code 0)
Nodes: 25
Cores per node: 64
CPU Utilized: 22:04:06
CPU Efficiency: 15.05% of 6-02:40:00 core-walltime
Job Wall-clock time: 00:05:30
Memory Utilized: 3.94 GB
Memory Efficiency: 0.07% of 5.30 TB

 +++++++++++++++++++++++++++++++++++++++++++++++++++++++++++++++++++++++++++
 ++   Memory Efficiency is too small. Please review the requested memory. ++
 ++ It seems that you do not need that much memory so we recommend        ++
 ++ requesting less memory in other similar jobs.                         ++
 +++++++++++++++++++++++++++++++++++++++++++++++++++++++++++++++++++++++++++
 
*****************************************************************************


*****************************************************************************
*                                                                           *
*                    JOB EFFICIENCY REPORT (seff 10935977)                   *
*                                                                           *
*****************************************************************************

Job ID: 10935977
Cluster: finisterrae3
User/Group: curso341/ulc
State: COMPLETED (exit code 0)
Nodes: 25
Cores per node: 64
CPU Utilized: 22:04:06
CPU Efficiency: 15.05% of 6-02:40:00 core-walltime
Job Wall-clock time: 00:05:30
Memory Utilized: 3.94 GB
Memory Efficiency: 0.07% of 5.30 TB

 +++++++++++++++++++++++++++++++++++++++++++++++++++++++++++++++++++++++++++
 ++   Memory Efficiency is too small. Please review the requested memory. ++
 ++ It seems that you do not need that much memory so we recommend        ++
 ++ requesting less memory in other similar jobs.                         ++
 +++++++++++++++++++++++++++++++++++++++++++++++++++++++++++++++++++++++++++
 
*****************************************************************************


*****************************************************************************
*                                                                           *
*                    JOB EFFICIENCY REPORT (seff 10935977)                   *
*                                                                           *
*****************************************************************************

Job ID: 10935977
Cluster: finisterrae3
User/Group: curso341/ulc
State: COMPLETED (exit code 0)
Nodes: 25
Cores per node: 64
CPU Utilized: 22:04:06
CPU Efficiency: 15.05% of 6-02:40:00 core-walltime
Job Wall-clock time: 00:05:30
Memory Utilized: 3.94 GB
Memory Efficiency: 0.07% of 5.30 TB

 +++++++++++++++++++++++++++++++++++++++++++++++++++++++++++++++++++++++++++
 ++   Memory Efficiency is too small. Please review the requested memory. ++
 ++ It seems that you do not need that much memory so we recommend        ++
 ++ requesting less memory in other similar jobs.                         ++
 +++++++++++++++++++++++++++++++++++++++++++++++++++++++++++++++++++++++++++
 
*****************************************************************************


*****************************************************************************
*                                                                           *
*                    JOB EFFICIENCY REPORT (seff 10935977)                   *
*                                                                           *
*****************************************************************************

Job ID: 10935977
Cluster: finisterrae3
User/Group: curso341/ulc
State: COMPLETED (exit code 0)
Nodes: 25
Cores per node: 64
CPU Utilized: 22:04:06
CPU Efficiency: 15.05% of 6-02:40:00 core-walltime
Job Wall-clock time: 00:05:30
Memory Utilized: 3.94 GB
Memory Efficiency: 0.07% of 5.30 TB

 +++++++++++++++++++++++++++++++++++++++++++++++++++++++++++++++++++++++++++
 ++   Memory Efficiency is too small. Please review the requested memory. ++
 ++ It seems that you do not need that much memory so we recommend        ++
 ++ requesting less memory in other similar jobs.                         ++
 +++++++++++++++++++++++++++++++++++++++++++++++++++++++++++++++++++++++++++
 
*****************************************************************************


*****************************************************************************
*                                                                           *
*                    JOB EFFICIENCY REPORT (seff 10935977)                   *
*                                                                           *
*****************************************************************************

Job ID: 10935977
Cluster: finisterrae3
User/Group: curso341/ulc
State: COMPLETED (exit code 0)
Nodes: 25
Cores per node: 64
CPU Utilized: 22:04:06
CPU Efficiency: 15.05% of 6-02:40:00 core-walltime
Job Wall-clock time: 00:05:30
Memory Utilized: 3.94 GB
Memory Efficiency: 0.07% of 5.30 TB

 +++++++++++++++++++++++++++++++++++++++++++++++++++++++++++++++++++++++++++
 ++   Memory Efficiency is too small. Please review the requested memory. ++
 ++ It seems that you do not need that much memory so we recommend        ++
 ++ requesting less memory in other similar jobs.                         ++
 +++++++++++++++++++++++++++++++++++++++++++++++++++++++++++++++++++++++++++
 
*****************************************************************************


*****************************************************************************
*                                                                           *
*                    JOB EFFICIENCY REPORT (seff 10935977)                   *
*                                                                           *
*****************************************************************************

Job ID: 10935977
Cluster: finisterrae3
User/Group: curso341/ulc
State: COMPLETED (exit code 0)
Nodes: 25
Cores per node: 64
CPU Utilized: 22:04:06
CPU Efficiency: 15.05% of 6-02:40:00 core-walltime
Job Wall-clock time: 00:05:30
Memory Utilized: 3.94 GB
Memory Efficiency: 0.07% of 5.30 TB

 +++++++++++++++++++++++++++++++++++++++++++++++++++++++++++++++++++++++++++
 ++   Memory Efficiency is too small. Please review the requested memory. ++
 ++ It seems that you do not need that much memory so we recommend        ++
 ++ requesting less memory in other similar jobs.                         ++
 +++++++++++++++++++++++++++++++++++++++++++++++++++++++++++++++++++++++++++
 
*****************************************************************************

