slurmstepd: info: Setting TMPDIR to /scratch/10912155. Previous errors about TMPDIR can be discarded
Slurm job started at 08/03/2025_12:59:29 PM

In transit.
Initing Ray (1 head node + 2 worker nodes + 2 simulation nodes) on nodes: 
	ilk-160 ilk-161 ilk-163 ilk-164 ilk-167
Head node: 172.30.204.16:6379


RAY_DEPLOY_TIME:     23.70719
RAY_INIT_TIME:       3.26194
Iter [0]
2025-03-08 12:59:57,573	INFO packaging.py:520 -- Creating a file package for local directory '/mnt/lustre/scratch/nlsas/home/ulc/cursos/curso341/dask_on_reisa_tests/E2/DASK_ON_REISA_ONE_ACTOR/derivative/P4-SN2-LS268-GS1073-I10-AN2-D2025-03-08_09-08-00'.
2025-03-08 12:59:57,600	INFO packaging.py:347 -- Pushing file package 'gcs://_ray_pkg_cb3142be4b8b9b45.zip' (0.48MiB) to Ray cluster...
2025-03-08 12:59:57,607	INFO packaging.py:360 -- Successfully pushed file package 'gcs://_ray_pkg_cb3142be4b8b9b45.zip'.
Iter [1]
Iter [2]
Iter [3]
Iter [4]
Iter [5]
Iter [6]
Iter [7]
Iter [8]
Iter [9]
GLOBAL_PUT_TIME:     4.352898597717285 (avg:0.43529)
ACTOR_CONCURRENCY:   8
SIMULATION_TIME:     34.071849258000000 (avg: 3.407184925800000)
SIM_WTHOUT_PDI:      23.593664932999999 (avg: 2.359366493300000)
PDI_DELAY:           10.478184325000001 (avg: 1.047818432500000)

GLOBAL_SIZE_(GiB):   1048576
LOCAL_SIZE_(MiB):    256
ITERATIONS:          10

MPI_PER_NODE:        2
MPI_PARALLELISM:     4

WORKER_NODES:        2
CPUS_PER_WORKER:     64
WORKER_PARALLELISM:  128


SLURM_JOB_ID:        10912155
EST_ANALYTICS_TIME:  84.68233 (avg:8.46823)

Slurm job finished at 08/03/2025_01:01:28 PM

*****************************************************************************
*                                                                           *
*                    JOB EFFICIENCY REPORT (seff 10912155)                   *
*                                                                           *
*****************************************************************************

Job ID: 10912155
Cluster: finisterrae3
User/Group: curso341/ulc
State: COMPLETED (exit code 0)
Nodes: 5
Cores per node: 64
CPU Utilized: 00:02:16
CPU Efficiency: 0.35% of 10:45:20 core-walltime
Job Wall-clock time: 00:02:01
Memory Utilized: 2.99 GB (estimated maximum)
Memory Efficiency: 0.28% of 1.06 TB (3.39 GB/core)

 +++++++++++++++++++++++++++++++++++++++++++++++++++++++++++++++++++++++++++
 ++   Memory Efficiency is too small. Please review the requested memory. ++
 ++ It seems that you do not need that much memory so we recommend        ++
 ++ requesting less memory in other similar jobs.                         ++
 +++++++++++++++++++++++++++++++++++++++++++++++++++++++++++++++++++++++++++
 
*****************************************************************************


*****************************************************************************
*                                                                           *
*                    JOB EFFICIENCY REPORT (seff 10912155)                   *
*                                                                           *
*****************************************************************************

Job ID: 10912155
Cluster: finisterrae3
User/Group: curso341/ulc
State: COMPLETED (exit code 0)
Nodes: 5
Cores per node: 64
CPU Utilized: 00:08:30
CPU Efficiency: 1.32% of 10:45:20 core-walltime
Job Wall-clock time: 00:02:01
Memory Utilized: 5.73 GB
Memory Efficiency: 0.53% of 1.06 TB

 +++++++++++++++++++++++++++++++++++++++++++++++++++++++++++++++++++++++++++
 ++   Memory Efficiency is too small. Please review the requested memory. ++
 ++ It seems that you do not need that much memory so we recommend        ++
 ++ requesting less memory in other similar jobs.                         ++
 +++++++++++++++++++++++++++++++++++++++++++++++++++++++++++++++++++++++++++
 
*****************************************************************************


*****************************************************************************
*                                                                           *
*                    JOB EFFICIENCY REPORT (seff 10912155)                   *
*                                                                           *
*****************************************************************************

Job ID: 10912155
Cluster: finisterrae3
User/Group: curso341/ulc
State: COMPLETED (exit code 0)
Nodes: 5
Cores per node: 64
CPU Utilized: 00:15:45
CPU Efficiency: 2.44% of 10:45:20 core-walltime
Job Wall-clock time: 00:02:01
Memory Utilized: 7.83 GB
Memory Efficiency: 0.72% of 1.06 TB

 +++++++++++++++++++++++++++++++++++++++++++++++++++++++++++++++++++++++++++
 ++   Memory Efficiency is too small. Please review the requested memory. ++
 ++ It seems that you do not need that much memory so we recommend        ++
 ++ requesting less memory in other similar jobs.                         ++
 +++++++++++++++++++++++++++++++++++++++++++++++++++++++++++++++++++++++++++
 
*****************************************************************************


*****************************************************************************
*                                                                           *
*                    JOB EFFICIENCY REPORT (seff 10912155)                   *
*                                                                           *
*****************************************************************************

Job ID: 10912155
Cluster: finisterrae3
User/Group: curso341/ulc
State: COMPLETED (exit code 0)
Nodes: 5
Cores per node: 64
CPU Utilized: 00:32:28
CPU Efficiency: 5.03% of 10:45:20 core-walltime
Job Wall-clock time: 00:02:01
Memory Utilized: 19.84 GB
Memory Efficiency: 1.83% of 1.06 TB

 +++++++++++++++++++++++++++++++++++++++++++++++++++++++++++++++++++++++++++
 ++   Memory Efficiency is too small. Please review the requested memory. ++
 ++ It seems that you do not need that much memory so we recommend        ++
 ++ requesting less memory in other similar jobs.                         ++
 +++++++++++++++++++++++++++++++++++++++++++++++++++++++++++++++++++++++++++
 
*****************************************************************************


*****************************************************************************
*                                                                           *
*                    JOB EFFICIENCY REPORT (seff 10912155)                   *
*                                                                           *
*****************************************************************************

Job ID: 10912155
Cluster: finisterrae3
User/Group: curso341/ulc
State: COMPLETED (exit code 0)
Nodes: 5
Cores per node: 64
CPU Utilized: 00:32:28
CPU Efficiency: 5.03% of 10:45:20 core-walltime
Job Wall-clock time: 00:02:01
Memory Utilized: 19.84 GB
Memory Efficiency: 1.83% of 1.06 TB

 +++++++++++++++++++++++++++++++++++++++++++++++++++++++++++++++++++++++++++
 ++   Memory Efficiency is too small. Please review the requested memory. ++
 ++ It seems that you do not need that much memory so we recommend        ++
 ++ requesting less memory in other similar jobs.                         ++
 +++++++++++++++++++++++++++++++++++++++++++++++++++++++++++++++++++++++++++
 
*****************************************************************************

