slurmstepd: info: Setting TMPDIR to /scratch/10899148. Previous errors about TMPDIR can be discarded
Slurm job started at 07/03/2025_12:20:39 PM

In transit.
Initing Ray (1 head node + 2 worker nodes + 4 simulation nodes) on nodes: 
	ilk-197 ilk-198 ilk-218 ilk-222 ilk-229 ilk-234 ilk-237
Head node: 172.30.205.5:6379


RAY_DEPLOY_TIME:     23.55572
2025-03-07 12:21:06,597	INFO packaging.py:520 -- Creating a file package for local directory '/mnt/lustre/scratch/nlsas/home/ulc/cursos/curso341/dask_on_reisa_tests/E1/DASK_ON_REISA_ONE_ACTOR/derivative/P128-SN4-LS134-GS17179-I10-AN2-D2025-03-07_09-36-03'.
2025-03-07 12:21:06,623	INFO packaging.py:347 -- Pushing file package 'gcs://_ray_pkg_022d8a18cbabda23.zip' (0.48MiB) to Ray cluster...
2025-03-07 12:21:06,629	INFO packaging.py:360 -- Successfully pushed file package 'gcs://_ray_pkg_022d8a18cbabda23.zip'.
RAY_INIT_TIME:       4.87475
Iter [0]
Iter [1]
Iter [2]
Iter [3]
Iter [4]
Iter [5]
Iter [6]
Iter [7]
Iter [8]
Iter [9]
GLOBAL_PUT_TIME:     6.668925046920776 (avg:0.66689)
ACTOR_CONCURRENCY:   8
SIMULATION_TIME:     231.302659376999998 (avg: 23.130265937699999)
SIM_WTHOUT_PDI:      56.014560801999998 (avg: 5.601456080200000)
PDI_DELAY:           175.288098574999992 (avg: 17.528809857500001)

GLOBAL_SIZE_(GiB):   16777216
LOCAL_SIZE_(MiB):    128
ITERATIONS:          10

MPI_PER_NODE:        32
MPI_PARALLELISM:     128

WORKER_NODES:        2
CPUS_PER_WORKER:     64
WORKER_PARALLELISM:  128


SLURM_JOB_ID:        10899148
srun: Job step aborted: Waiting up to 32 seconds for job step to finish.
slurmstepd: error: *** STEP 10899148.8 ON ilk-198 CANCELLED AT 2025-03-07T12:40:50 DUE TO TIME LIMIT ***
slurmstepd: error: *** JOB 10899148 ON ilk-197 CANCELLED AT 2025-03-07T12:40:50 DUE TO TIME LIMIT ***
