slurmstepd: info: Setting TMPDIR to /scratch/10932542. Previous errors about TMPDIR can be discarded
Slurm job started at 10/03/2025_06:39:32 PM

In transit.
Initing Ray (1 head node + 4 worker nodes + 4 simulation nodes) on nodes: 
	ilk-145 ilk-146 ilk-147 ilk-148 ilk-150 ilk-151 ilk-152 ilk-153 ilk-154
Head node: 172.30.204.1:6379


RAY_DEPLOY_TIME:     24.42992
2025-03-10 18:39:58,353	INFO packaging.py:520 -- Creating a file package for local directory '/mnt/lustre/scratch/nlsas/home/ulc/cursos/curso341/dask_on_reisa_tests/E5/REISA/reduction/P8-SN4-LS268-GS2147-I20-AN4-D2025-03-10_18-35-51'.
2025-03-10 18:39:58,380	INFO packaging.py:347 -- Pushing file package 'gcs://_ray_pkg_3b920ddd953ac35c.zip' (0.48MiB) to Ray cluster...
2025-03-10 18:39:58,387	INFO packaging.py:360 -- Successfully pushed file package 'gcs://_ray_pkg_3b920ddd953ac35c.zip'.
RAY_INIT_TIME:       3.14613
Iter [0]
Iter [2]
Iter [4]
Iter [6]
Iter [8]
Iter [10]
Iter [12]
Iter [14]
Iter [16]
Iter [18]
EST_ANALYTICS_TIME:  58.64873 (avg:2.93244)
GLOBAL_PUT_TIME:     8.543127298355103 (avg:0.42716)
ACTOR_CONCURRENCY:   8
SIMULATION_TIME:     59.610622106000001 (avg: 2.980531105300000)
SIM_WTHOUT_PDI:      48.192314766000003 (avg: 2.409615738300000)
PDI_DELAY:           11.418307339999998 (avg: 0.570915367000000)

GLOBAL_SIZE_(GiB):   2097152
LOCAL_SIZE_(MiB):    256
ITERATIONS:          20

MPI_PER_NODE:        2
MPI_PARALLELISM:     8

WORKER_NODES:        4
CPUS_PER_WORKER:     64
WORKER_PARALLELISM:  256


SLURM_JOB_ID:        10932542

Slurm job finished at 10/03/2025_06:41:03 PM

*****************************************************************************
*                                                                           *
*                    JOB EFFICIENCY REPORT (seff 10932542)                   *
*                                                                           *
*****************************************************************************

Job ID: 10932542
Cluster: finisterrae3
User/Group: curso341/ulc
State: COMPLETED (exit code 0)
Nodes: 9
Cores per node: 64
CPU Utilized: 00:08:03
CPU Efficiency: 0.91% of 14:43:12 core-walltime
Job Wall-clock time: 00:01:32
Memory Utilized: 7.52 GB (estimated maximum)
Memory Efficiency: 0.38% of 1.91 TB (3.39 GB/core)

 +++++++++++++++++++++++++++++++++++++++++++++++++++++++++++++++++++++++++++
 ++   Memory Efficiency is too small. Please review the requested memory. ++
 ++ It seems that you do not need that much memory so we recommend        ++
 ++ requesting less memory in other similar jobs.                         ++
 +++++++++++++++++++++++++++++++++++++++++++++++++++++++++++++++++++++++++++
 
*****************************************************************************


*****************************************************************************
*                                                                           *
*                    JOB EFFICIENCY REPORT (seff 10932542)                   *
*                                                                           *
*****************************************************************************

Job ID: 10932542
Cluster: finisterrae3
User/Group: curso341/ulc
State: COMPLETED (exit code 0)
Nodes: 9
Cores per node: 64
CPU Utilized: 00:08:03
CPU Efficiency: 0.91% of 14:43:12 core-walltime
Job Wall-clock time: 00:01:32
Memory Utilized: 7.52 GB (estimated maximum)
Memory Efficiency: 0.38% of 1.91 TB (3.39 GB/core)

 +++++++++++++++++++++++++++++++++++++++++++++++++++++++++++++++++++++++++++
 ++   Memory Efficiency is too small. Please review the requested memory. ++
 ++ It seems that you do not need that much memory so we recommend        ++
 ++ requesting less memory in other similar jobs.                         ++
 +++++++++++++++++++++++++++++++++++++++++++++++++++++++++++++++++++++++++++
 
*****************************************************************************


*****************************************************************************
*                                                                           *
*                    JOB EFFICIENCY REPORT (seff 10932542)                   *
*                                                                           *
*****************************************************************************

Job ID: 10932542
Cluster: finisterrae3
User/Group: curso341/ulc
State: COMPLETED (exit code 0)
Nodes: 9
Cores per node: 64
CPU Utilized: 00:08:03
CPU Efficiency: 0.91% of 14:43:12 core-walltime
Job Wall-clock time: 00:01:32
Memory Utilized: 7.52 GB (estimated maximum)
Memory Efficiency: 0.38% of 1.91 TB (3.39 GB/core)

 +++++++++++++++++++++++++++++++++++++++++++++++++++++++++++++++++++++++++++
 ++   Memory Efficiency is too small. Please review the requested memory. ++
 ++ It seems that you do not need that much memory so we recommend        ++
 ++ requesting less memory in other similar jobs.                         ++
 +++++++++++++++++++++++++++++++++++++++++++++++++++++++++++++++++++++++++++
 
*****************************************************************************


*****************************************************************************
*                                                                           *
*                    JOB EFFICIENCY REPORT (seff 10932542)                   *
*                                                                           *
*****************************************************************************

Job ID: 10932542
Cluster: finisterrae3
User/Group: curso341/ulc
State: COMPLETED (exit code 0)
Nodes: 9
Cores per node: 64
CPU Utilized: 00:12:19
CPU Efficiency: 1.39% of 14:43:12 core-walltime
Job Wall-clock time: 00:01:32
Memory Utilized: 7.52 GB (estimated maximum)
Memory Efficiency: 0.38% of 1.91 TB (3.39 GB/core)

 +++++++++++++++++++++++++++++++++++++++++++++++++++++++++++++++++++++++++++
 ++   Memory Efficiency is too small. Please review the requested memory. ++
 ++ It seems that you do not need that much memory so we recommend        ++
 ++ requesting less memory in other similar jobs.                         ++
 +++++++++++++++++++++++++++++++++++++++++++++++++++++++++++++++++++++++++++
 
*****************************************************************************


*****************************************************************************
*                                                                           *
*                    JOB EFFICIENCY REPORT (seff 10932542)                   *
*                                                                           *
*****************************************************************************

Job ID: 10932542
Cluster: finisterrae3
User/Group: curso341/ulc
State: COMPLETED (exit code 0)
Nodes: 9
Cores per node: 64
CPU Utilized: 00:12:19
CPU Efficiency: 1.39% of 14:43:12 core-walltime
Job Wall-clock time: 00:01:32
Memory Utilized: 7.52 GB (estimated maximum)
Memory Efficiency: 0.38% of 1.91 TB (3.39 GB/core)

 +++++++++++++++++++++++++++++++++++++++++++++++++++++++++++++++++++++++++++
 ++   Memory Efficiency is too small. Please review the requested memory. ++
 ++ It seems that you do not need that much memory so we recommend        ++
 ++ requesting less memory in other similar jobs.                         ++
 +++++++++++++++++++++++++++++++++++++++++++++++++++++++++++++++++++++++++++
 
*****************************************************************************


*****************************************************************************
*                                                                           *
*                    JOB EFFICIENCY REPORT (seff 10932542)                   *
*                                                                           *
*****************************************************************************

Job ID: 10932542
Cluster: finisterrae3
User/Group: curso341/ulc
State: COMPLETED (exit code 0)
Nodes: 9
Cores per node: 64
CPU Utilized: 00:12:19
CPU Efficiency: 1.39% of 14:43:12 core-walltime
Job Wall-clock time: 00:01:32
Memory Utilized: 7.52 GB (estimated maximum)
Memory Efficiency: 0.38% of 1.91 TB (3.39 GB/core)

 +++++++++++++++++++++++++++++++++++++++++++++++++++++++++++++++++++++++++++
 ++   Memory Efficiency is too small. Please review the requested memory. ++
 ++ It seems that you do not need that much memory so we recommend        ++
 ++ requesting less memory in other similar jobs.                         ++
 +++++++++++++++++++++++++++++++++++++++++++++++++++++++++++++++++++++++++++
 
*****************************************************************************


*****************************************************************************
*                                                                           *
*                    JOB EFFICIENCY REPORT (seff 10932542)                   *
*                                                                           *
*****************************************************************************

Job ID: 10932542
Cluster: finisterrae3
User/Group: curso341/ulc
State: COMPLETED (exit code 0)
Nodes: 9
Cores per node: 64
CPU Utilized: 00:12:19
CPU Efficiency: 1.39% of 14:43:12 core-walltime
Job Wall-clock time: 00:01:32
Memory Utilized: 7.52 GB (estimated maximum)
Memory Efficiency: 0.38% of 1.91 TB (3.39 GB/core)

 +++++++++++++++++++++++++++++++++++++++++++++++++++++++++++++++++++++++++++
 ++   Memory Efficiency is too small. Please review the requested memory. ++
 ++ It seems that you do not need that much memory so we recommend        ++
 ++ requesting less memory in other similar jobs.                         ++
 +++++++++++++++++++++++++++++++++++++++++++++++++++++++++++++++++++++++++++
 
*****************************************************************************


*****************************************************************************
*                                                                           *
*                    JOB EFFICIENCY REPORT (seff 10932542)                   *
*                                                                           *
*****************************************************************************

Job ID: 10932542
Cluster: finisterrae3
User/Group: curso341/ulc
State: COMPLETED (exit code 0)
Nodes: 9
Cores per node: 64
CPU Utilized: 00:12:39
CPU Efficiency: 1.43% of 14:43:12 core-walltime
Job Wall-clock time: 00:01:32
Memory Utilized: 7.52 GB (estimated maximum)
Memory Efficiency: 0.38% of 1.91 TB (3.39 GB/core)

 +++++++++++++++++++++++++++++++++++++++++++++++++++++++++++++++++++++++++++
 ++   Memory Efficiency is too small. Please review the requested memory. ++
 ++ It seems that you do not need that much memory so we recommend        ++
 ++ requesting less memory in other similar jobs.                         ++
 +++++++++++++++++++++++++++++++++++++++++++++++++++++++++++++++++++++++++++
 
*****************************************************************************


*****************************************************************************
*                                                                           *
*                    JOB EFFICIENCY REPORT (seff 10932542)                   *
*                                                                           *
*****************************************************************************

Job ID: 10932542
Cluster: finisterrae3
User/Group: curso341/ulc
State: COMPLETED (exit code 0)
Nodes: 9
Cores per node: 64
CPU Utilized: 00:16:42
CPU Efficiency: 1.89% of 14:43:12 core-walltime
Job Wall-clock time: 00:01:32
Memory Utilized: 6.57 GB
Memory Efficiency: 0.34% of 1.91 TB

 +++++++++++++++++++++++++++++++++++++++++++++++++++++++++++++++++++++++++++
 ++   Memory Efficiency is too small. Please review the requested memory. ++
 ++ It seems that you do not need that much memory so we recommend        ++
 ++ requesting less memory in other similar jobs.                         ++
 +++++++++++++++++++++++++++++++++++++++++++++++++++++++++++++++++++++++++++
 
*****************************************************************************

