slurmstepd: info: Setting TMPDIR to /scratch/10912192. Previous errors about TMPDIR can be discarded
Slurm job started at 08/03/2025_10:34:14 AM

In transit.
Initing Ray (1 head node + 4 worker nodes + 4 simulation nodes) on nodes: 
	ilk-146 ilk-147 ilk-148 ilk-149 ilk-150 ilk-151 ilk-152 ilk-153 ilk-155
Head node: 172.30.204.2:6379


RAY_DEPLOY_TIME:     24.45241
2025-03-08 10:34:42,039	INFO packaging.py:520 -- Creating a file package for local directory '/mnt/lustre/scratch/nlsas/home/ulc/cursos/curso341/dask_on_reisa_tests/E2/DASK_ON_REISA_ONE_ACTOR/reduction/P8-SN4-LS536-GS4294-I20-AN4-D2025-03-08_09-08-40'.
2025-03-08 10:34:42,068	INFO packaging.py:347 -- Pushing file package 'gcs://_ray_pkg_5bd4817abc7c7e68.zip' (0.48MiB) to Ray cluster...
2025-03-08 10:34:42,074	INFO packaging.py:360 -- Successfully pushed file package 'gcs://_ray_pkg_5bd4817abc7c7e68.zip'.
RAY_INIT_TIME:       3.28729
Iter [0]
Iter [2]
Iter [4]
Iter [6]
Iter [8]
Iter [10]
Iter [12]
Iter [14]
Iter [16]
The node with node id: 408539a0bb1d7ce7c9d65b31cf6ec418c09c0cadf14063468ac08cc5 and address: 172.30.204.7 and node name: 172.30.204.7 has been marked dead because the detector has missed too many heartbeats from it. This can happen when a 	(1) raylet crashes unexpectedly (OOM, preempted node, etc.) 
	(2) raylet has lagging heartbeats due to slow network or busy workload.
[10:39:03][MPI 000001][PyCall] *** error: while calling python, caught exception: RaySystemError: System error: Broken pipe

At:
  python/ray/_raylet.pyx(211): ray._raylet.check_status
  /home/ulc/cursos/curso341/.local/lib/python3.9/site-packages/ray/_private/worker.py(742): get_objects
  /home/ulc/cursos/curso341/.local/lib/python3.9/site-packages/ray/_private/worker.py(2542): get
  /home/ulc/cursos/curso341/.local/lib/python3.9/site-packages/ray/_private/client_mode_hook.py(105): wrapper
  <string>(38): <module>

srun: Job step aborted: Waiting up to 32 seconds for job step to finish.
srun: Job step aborted: Waiting up to 32 seconds for job step to finish.
slurmstepd: error: *** JOB 10912192 ON ilk-146 CANCELLED AT 2025-03-08T10:54:37 DUE TO TIME LIMIT ***
slurmstepd: error: *** STEP 10912192.11 ON ilk-151 CANCELLED AT 2025-03-08T10:54:37 DUE TO TIME LIMIT ***
slurmstepd: error: *** STEP 10912192.10 ON ilk-147 CANCELLED AT 2025-03-08T10:54:37 DUE TO TIME LIMIT ***
*** SIGTERM received at time=1741427677 on cpu 16 ***
*** SIGTERM received at time=1741427677 on cpu 17 ***
*** SIGTERM received at time=1741427677 on cpu 58 ***
*** SIGTERM received at time=1741427677 on cpu 15 ***
*** SIGTERM received at time=1741427677 on cpu 0 ***
[failure_signal_handler.cc : 329] RAW: Signal 15 raised at PC=0x1473847111b7 while already in AbslFailureSignalHandler()
*** SIGTERM received at time=1741427677 on cpu 17 ***
[failure_signal_handler.cc : 329] RAW: Signal 15 raised at PC=0x152e3ff8154c while already in AbslFailureSignalHandler()
*** SIGTERM received at time=1741427677 on cpu 58 ***
PC: @     0x1473847111b7  (unknown)  pthread_sigmask
PC: @     0x152e3ff8154c  (unknown)  __read
    @     0x152e3fec59c0       3456  (unknown)
    @     0x1473846c09c0       3952  (unknown)
