slurmstepd: info: Setting TMPDIR to /scratch/10908889. Previous errors about TMPDIR can be discarded
Slurm job started at 07/03/2025_10:07:54 PM

In transit.
Initing Ray (1 head node + 4 worker nodes + 4 simulation nodes) on nodes: 
	ilk-11 ilk-13 ilk-14 ilk-15 ilk-18 ilk-153 ilk-161 ilk-166 ilk-167
Head node: 172.30.201.11:6379


RAY_DEPLOY_TIME:     23.45963
2025-03-07 22:08:19,910	INFO packaging.py:520 -- Creating a file package for local directory '/mnt/lustre/scratch/nlsas/home/ulc/cursos/curso341/dask_on_reisa_tests/E2/REISA_ONE_ACTOR/reduction/P8-SN4-LS268-GS2147-I20-AN4-D2025-03-07_21-32-37'.
2025-03-07 22:08:19,936	INFO packaging.py:347 -- Pushing file package 'gcs://_ray_pkg_6604c7ee1f8ed82b.zip' (0.48MiB) to Ray cluster...
2025-03-07 22:08:19,943	INFO packaging.py:360 -- Successfully pushed file package 'gcs://_ray_pkg_6604c7ee1f8ed82b.zip'.
RAY_INIT_TIME:       2.41716
Iter [0]
Iter [2]
Iter [4]
Iter [6]
Iter [8]
Iter [10]
Iter [12]
Iter [14]
Iter [16]
Iter [18]
EST_ANALYTICS_TIME:  61.50502 (avg:3.07525)
GLOBAL_PUT_TIME:     8.514746189117432 (avg:0.42574)
ACTOR_CONCURRENCY:   8
SIMULATION_TIME:     63.578046324999995 (avg: 3.178902316250000)
SIM_WTHOUT_PDI:      50.549332266000015 (avg: 2.527466613300001)
PDI_DELAY:           13.028714058999981 (avg: 0.651435702949999)

GLOBAL_SIZE_(GiB):   2097152
LOCAL_SIZE_(MiB):    256
ITERATIONS:          20

MPI_PER_NODE:        2
MPI_PARALLELISM:     8

WORKER_NODES:        4
CPUS_PER_WORKER:     64
WORKER_PARALLELISM:  256


SLURM_JOB_ID:        10908889

Slurm job finished at 07/03/2025_10:09:25 PM

*****************************************************************************
*                                                                           *
*                    JOB EFFICIENCY REPORT (seff 10908889)                   *
*                                                                           *
*****************************************************************************

Job ID: 10908889
Cluster: finisterrae3
User/Group: curso341/ulc
State: COMPLETED (exit code 0)
Nodes: 9
Cores per node: 64
CPU Utilized: 00:08:16
CPU Efficiency: 0.93% of 14:52:48 core-walltime
Job Wall-clock time: 00:01:33
Memory Utilized: 5.90 GB (estimated maximum)
Memory Efficiency: 0.30% of 1.91 TB (3.39 GB/core)

 +++++++++++++++++++++++++++++++++++++++++++++++++++++++++++++++++++++++++++
 ++   Memory Efficiency is too small. Please review the requested memory. ++
 ++ It seems that you do not need that much memory so we recommend        ++
 ++ requesting less memory in other similar jobs.                         ++
 +++++++++++++++++++++++++++++++++++++++++++++++++++++++++++++++++++++++++++
 
*****************************************************************************


*****************************************************************************
*                                                                           *
*                    JOB EFFICIENCY REPORT (seff 10908889)                   *
*                                                                           *
*****************************************************************************

Job ID: 10908889
Cluster: finisterrae3
User/Group: curso341/ulc
State: COMPLETED (exit code 0)
Nodes: 9
Cores per node: 64
CPU Utilized: 00:08:16
CPU Efficiency: 0.93% of 14:52:48 core-walltime
Job Wall-clock time: 00:01:33
Memory Utilized: 5.90 GB (estimated maximum)
Memory Efficiency: 0.30% of 1.91 TB (3.39 GB/core)

 +++++++++++++++++++++++++++++++++++++++++++++++++++++++++++++++++++++++++++
 ++   Memory Efficiency is too small. Please review the requested memory. ++
 ++ It seems that you do not need that much memory so we recommend        ++
 ++ requesting less memory in other similar jobs.                         ++
 +++++++++++++++++++++++++++++++++++++++++++++++++++++++++++++++++++++++++++
 
*****************************************************************************


*****************************************************************************
*                                                                           *
*                    JOB EFFICIENCY REPORT (seff 10908889)                   *
*                                                                           *
*****************************************************************************

Job ID: 10908889
Cluster: finisterrae3
User/Group: curso341/ulc
State: COMPLETED (exit code 0)
Nodes: 9
Cores per node: 64
CPU Utilized: 00:08:16
CPU Efficiency: 0.93% of 14:52:48 core-walltime
Job Wall-clock time: 00:01:33
Memory Utilized: 5.90 GB (estimated maximum)
Memory Efficiency: 0.30% of 1.91 TB (3.39 GB/core)

 +++++++++++++++++++++++++++++++++++++++++++++++++++++++++++++++++++++++++++
 ++   Memory Efficiency is too small. Please review the requested memory. ++
 ++ It seems that you do not need that much memory so we recommend        ++
 ++ requesting less memory in other similar jobs.                         ++
 +++++++++++++++++++++++++++++++++++++++++++++++++++++++++++++++++++++++++++
 
*****************************************************************************


*****************************************************************************
*                                                                           *
*                    JOB EFFICIENCY REPORT (seff 10908889)                   *
*                                                                           *
*****************************************************************************

Job ID: 10908889
Cluster: finisterrae3
User/Group: curso341/ulc
State: COMPLETED (exit code 0)
Nodes: 9
Cores per node: 64
CPU Utilized: 00:09:48
CPU Efficiency: 1.10% of 14:52:48 core-walltime
Job Wall-clock time: 00:01:33
Memory Utilized: 5.90 GB (estimated maximum)
Memory Efficiency: 0.30% of 1.91 TB (3.39 GB/core)

 +++++++++++++++++++++++++++++++++++++++++++++++++++++++++++++++++++++++++++
 ++   Memory Efficiency is too small. Please review the requested memory. ++
 ++ It seems that you do not need that much memory so we recommend        ++
 ++ requesting less memory in other similar jobs.                         ++
 +++++++++++++++++++++++++++++++++++++++++++++++++++++++++++++++++++++++++++
 
*****************************************************************************


*****************************************************************************
*                                                                           *
*                    JOB EFFICIENCY REPORT (seff 10908889)                   *
*                                                                           *
*****************************************************************************

Job ID: 10908889
Cluster: finisterrae3
User/Group: curso341/ulc
State: COMPLETED (exit code 0)
Nodes: 9
Cores per node: 64
CPU Utilized: 00:09:48
CPU Efficiency: 1.10% of 14:52:48 core-walltime
Job Wall-clock time: 00:01:33
Memory Utilized: 5.90 GB (estimated maximum)
Memory Efficiency: 0.30% of 1.91 TB (3.39 GB/core)

 +++++++++++++++++++++++++++++++++++++++++++++++++++++++++++++++++++++++++++
 ++   Memory Efficiency is too small. Please review the requested memory. ++
 ++ It seems that you do not need that much memory so we recommend        ++
 ++ requesting less memory in other similar jobs.                         ++
 +++++++++++++++++++++++++++++++++++++++++++++++++++++++++++++++++++++++++++
 
*****************************************************************************


*****************************************************************************
*                                                                           *
*                    JOB EFFICIENCY REPORT (seff 10908889)                   *
*                                                                           *
*****************************************************************************

Job ID: 10908889
Cluster: finisterrae3
User/Group: curso341/ulc
State: COMPLETED (exit code 0)
Nodes: 9
Cores per node: 64
CPU Utilized: 00:09:48
CPU Efficiency: 1.10% of 14:52:48 core-walltime
Job Wall-clock time: 00:01:33
Memory Utilized: 5.90 GB (estimated maximum)
Memory Efficiency: 0.30% of 1.91 TB (3.39 GB/core)

 +++++++++++++++++++++++++++++++++++++++++++++++++++++++++++++++++++++++++++
 ++   Memory Efficiency is too small. Please review the requested memory. ++
 ++ It seems that you do not need that much memory so we recommend        ++
 ++ requesting less memory in other similar jobs.                         ++
 +++++++++++++++++++++++++++++++++++++++++++++++++++++++++++++++++++++++++++
 
*****************************************************************************


*****************************************************************************
*                                                                           *
*                    JOB EFFICIENCY REPORT (seff 10908889)                   *
*                                                                           *
*****************************************************************************

Job ID: 10908889
Cluster: finisterrae3
User/Group: curso341/ulc
State: COMPLETED (exit code 0)
Nodes: 9
Cores per node: 64
CPU Utilized: 00:09:48
CPU Efficiency: 1.10% of 14:52:48 core-walltime
Job Wall-clock time: 00:01:33
Memory Utilized: 5.90 GB (estimated maximum)
Memory Efficiency: 0.30% of 1.91 TB (3.39 GB/core)

 +++++++++++++++++++++++++++++++++++++++++++++++++++++++++++++++++++++++++++
 ++   Memory Efficiency is too small. Please review the requested memory. ++
 ++ It seems that you do not need that much memory so we recommend        ++
 ++ requesting less memory in other similar jobs.                         ++
 +++++++++++++++++++++++++++++++++++++++++++++++++++++++++++++++++++++++++++
 
*****************************************************************************


*****************************************************************************
*                                                                           *
*                    JOB EFFICIENCY REPORT (seff 10908889)                   *
*                                                                           *
*****************************************************************************

Job ID: 10908889
Cluster: finisterrae3
User/Group: curso341/ulc
State: COMPLETED (exit code 0)
Nodes: 9
Cores per node: 64
CPU Utilized: 00:10:07
CPU Efficiency: 1.13% of 14:52:48 core-walltime
Job Wall-clock time: 00:01:33
Memory Utilized: 5.90 GB (estimated maximum)
Memory Efficiency: 0.30% of 1.91 TB (3.39 GB/core)

 +++++++++++++++++++++++++++++++++++++++++++++++++++++++++++++++++++++++++++
 ++   Memory Efficiency is too small. Please review the requested memory. ++
 ++ It seems that you do not need that much memory so we recommend        ++
 ++ requesting less memory in other similar jobs.                         ++
 +++++++++++++++++++++++++++++++++++++++++++++++++++++++++++++++++++++++++++
 
*****************************************************************************


*****************************************************************************
*                                                                           *
*                    JOB EFFICIENCY REPORT (seff 10908889)                   *
*                                                                           *
*****************************************************************************

Job ID: 10908889
Cluster: finisterrae3
User/Group: curso341/ulc
State: COMPLETED (exit code 0)
Nodes: 9
Cores per node: 64
CPU Utilized: 00:14:16
CPU Efficiency: 1.60% of 14:52:48 core-walltime
Job Wall-clock time: 00:01:33
Memory Utilized: 5.02 GB
Memory Efficiency: 0.26% of 1.91 TB

 +++++++++++++++++++++++++++++++++++++++++++++++++++++++++++++++++++++++++++
 ++   Memory Efficiency is too small. Please review the requested memory. ++
 ++ It seems that you do not need that much memory so we recommend        ++
 ++ requesting less memory in other similar jobs.                         ++
 +++++++++++++++++++++++++++++++++++++++++++++++++++++++++++++++++++++++++++
 
*****************************************************************************

