slurmstepd: info: Setting TMPDIR to /scratch/10770668. Previous errors about TMPDIR can be discarded
Slurm job started at 25/02/2025_07:46:00 PM

In transit.
Initing Ray (1 head node + 2 worker nodes + 2 simulation nodes) on nodes: 
	ilk-97 ilk-98 ilk-99 ilk-100 ilk-101
Head node: 172.30.203.1:6379


RAY_DEPLOY_TIME:     22.54141
RAY_INIT_TIME:       2.29805
Iter [0]
2025-02-25 19:46:28,658	INFO packaging.py:520 -- Creating a file package for local directory '/mnt/lustre/scratch/nlsas/home/ulc/cursos/curso341/dask_on_reisa_tests/E1/REISA_ONE_ACTOR/reduction/P4-SN2-LS268-GS1073-I25-AN2-D2025-02-25_18-10-11'.
2025-02-25 19:46:28,684	INFO packaging.py:347 -- Pushing file package 'gcs://_ray_pkg_399f6a54eda764de.zip' (0.48MiB) to Ray cluster...
2025-02-25 19:46:28,691	INFO packaging.py:360 -- Successfully pushed file package 'gcs://_ray_pkg_399f6a54eda764de.zip'.
Iter [2]
Iter [4]
Iter [6]
Iter [8]
Iter [10]
Iter [12]
Iter [14]
Iter [16]
Iter [18]
Iter [20]
Iter [22]
Iter [24]
EST_ANALYTICS_TIME:  67.32057 (avg:2.69282)
GLOBAL_PUT_TIME:     10.146712303161621 (avg:0.40587)
ACTOR_CONCURRENCY:   8
SIMULATION_TIME:     73.182908639000004 (avg: 2.927316345560000)
SIM_WTHOUT_PDI:      58.527120624999995 (avg: 2.341084825000000)
PDI_DELAY:           14.655788014000009 (avg: 0.586231520560000)

GLOBAL_SIZE_(GiB):   1048576
LOCAL_SIZE_(MiB):    256
ITERATIONS:          25

MPI_PER_NODE:        2
MPI_PARALLELISM:     4

WORKER_NODES:        2
CPUS_PER_WORKER:     30
WORKER_PARALLELISM:  60


SLURM_JOB_ID:        10770668

Slurm job finished at 25/02/2025_07:47:41 PM

*****************************************************************************
*                                                                           *
*                    JOB EFFICIENCY REPORT (seff 10770668)                   *
*                                                                           *
*****************************************************************************

Job ID: 10770668
Cluster: finisterrae3
User/Group: curso341/ulc
State: COMPLETED (exit code 0)
Nodes: 5
Cores per node: 40
CPU Utilized: 00:07:04
CPU Efficiency: 2.04% of 05:46:40 core-walltime
Job Wall-clock time: 00:01:44
Memory Utilized: 1.85 GB
Memory Efficiency: 0.23% of 800.00 GB

 +++++++++++++++++++++++++++++++++++++++++++++++++++++++++++++++++++++++++++
 ++   Memory Efficiency is too small. Please review the requested memory. ++
 ++ It seems that you do not need that much memory so we recommend        ++
 ++ requesting less memory in other similar jobs.                         ++
 +++++++++++++++++++++++++++++++++++++++++++++++++++++++++++++++++++++++++++
 
*****************************************************************************


*****************************************************************************
*                                                                           *
*                    JOB EFFICIENCY REPORT (seff 10770668)                   *
*                                                                           *
*****************************************************************************

Job ID: 10770668
Cluster: finisterrae3
User/Group: curso341/ulc
State: COMPLETED (exit code 0)
Nodes: 5
Cores per node: 40
CPU Utilized: 00:07:04
CPU Efficiency: 2.04% of 05:46:40 core-walltime
Job Wall-clock time: 00:01:44
Memory Utilized: 1.85 GB
Memory Efficiency: 0.23% of 800.00 GB

 +++++++++++++++++++++++++++++++++++++++++++++++++++++++++++++++++++++++++++
 ++   Memory Efficiency is too small. Please review the requested memory. ++
 ++ It seems that you do not need that much memory so we recommend        ++
 ++ requesting less memory in other similar jobs.                         ++
 +++++++++++++++++++++++++++++++++++++++++++++++++++++++++++++++++++++++++++
 
*****************************************************************************


*****************************************************************************
*                                                                           *
*                    JOB EFFICIENCY REPORT (seff 10770668)                   *
*                                                                           *
*****************************************************************************

Job ID: 10770668
Cluster: finisterrae3
User/Group: curso341/ulc
State: COMPLETED (exit code 0)
Nodes: 5
Cores per node: 40
CPU Utilized: 00:09:09
CPU Efficiency: 2.64% of 05:46:40 core-walltime
Job Wall-clock time: 00:01:44
Memory Utilized: 2.70 GB
Memory Efficiency: 0.34% of 800.00 GB

 +++++++++++++++++++++++++++++++++++++++++++++++++++++++++++++++++++++++++++
 ++   Memory Efficiency is too small. Please review the requested memory. ++
 ++ It seems that you do not need that much memory so we recommend        ++
 ++ requesting less memory in other similar jobs.                         ++
 +++++++++++++++++++++++++++++++++++++++++++++++++++++++++++++++++++++++++++
 
*****************************************************************************


*****************************************************************************
*                                                                           *
*                    JOB EFFICIENCY REPORT (seff 10770668)                   *
*                                                                           *
*****************************************************************************

Job ID: 10770668
Cluster: finisterrae3
User/Group: curso341/ulc
State: COMPLETED (exit code 0)
Nodes: 5
Cores per node: 40
CPU Utilized: 00:07:04
CPU Efficiency: 2.04% of 05:46:40 core-walltime
Job Wall-clock time: 00:01:44
Memory Utilized: 1.85 GB
Memory Efficiency: 0.23% of 800.00 GB

 +++++++++++++++++++++++++++++++++++++++++++++++++++++++++++++++++++++++++++
 ++   Memory Efficiency is too small. Please review the requested memory. ++
 ++ It seems that you do not need that much memory so we recommend        ++
 ++ requesting less memory in other similar jobs.                         ++
 +++++++++++++++++++++++++++++++++++++++++++++++++++++++++++++++++++++++++++
 
*****************************************************************************


*****************************************************************************
*                                                                           *
*                    JOB EFFICIENCY REPORT (seff 10770668)                   *
*                                                                           *
*****************************************************************************

Job ID: 10770668
Cluster: finisterrae3
User/Group: curso341/ulc
State: COMPLETED (exit code 0)
Nodes: 5
Cores per node: 40
CPU Utilized: 00:07:04
CPU Efficiency: 2.04% of 05:46:40 core-walltime
Job Wall-clock time: 00:01:44
Memory Utilized: 1.85 GB
Memory Efficiency: 0.23% of 800.00 GB

 +++++++++++++++++++++++++++++++++++++++++++++++++++++++++++++++++++++++++++
 ++   Memory Efficiency is too small. Please review the requested memory. ++
 ++ It seems that you do not need that much memory so we recommend        ++
 ++ requesting less memory in other similar jobs.                         ++
 +++++++++++++++++++++++++++++++++++++++++++++++++++++++++++++++++++++++++++
 
*****************************************************************************

