slurmstepd: info: Setting TMPDIR to /scratch/10899135. Previous errors about TMPDIR can be discarded
Slurm job started at 07/03/2025_10:17:17 AM

In transit.
Initing Ray (1 head node + 8 worker nodes + 8 simulation nodes) on nodes: 
	ilk-7 ilk-145 ilk-146 ilk-147 ilk-148 ilk-149 ilk-150 ilk-151 ilk-152 ilk-153 ilk-154 ilk-155 ilk-156 ilk-199 ilk-222 ilk-229 ilk-230
Head node: 172.30.201.7:6379


RAY_DEPLOY_TIME:     23.45577
2025-03-07 10:17:44,320	INFO packaging.py:520 -- Creating a file package for local directory '/mnt/lustre/scratch/nlsas/home/ulc/cursos/curso341/dask_on_reisa_tests/E1/DASK_ON_REISA/reduction/P16-SN8-LS268-GS4294-I20-AN8-D2025-03-07_09-35-38'.
2025-03-07 10:17:44,348	INFO packaging.py:347 -- Pushing file package 'gcs://_ray_pkg_32664a476ae38186.zip' (0.48MiB) to Ray cluster...
2025-03-07 10:17:44,354	INFO packaging.py:360 -- Successfully pushed file package 'gcs://_ray_pkg_32664a476ae38186.zip'.
RAY_INIT_TIME:       3.84198
Iter [0]
Iter [2]
[2m[36m(iter_task pid=2849478, ip=10.120.204.1)[0m /home/ulc/cursos/curso341/.local/lib/python3.9/site-packages/dask/config.py:693: UserWarning: Configuration key "shuffle" has been deprecated. Please use "dataframe.shuffle.algorithm" instead
[2m[36m(iter_task pid=2849478, ip=10.120.204.1)[0m   warnings.warn(
[2m[36m(iter_task pid=2849481, ip=10.120.204.1)[0m /home/ulc/cursos/curso341/.local/lib/python3.9/site-packages/dask/config.py:693: UserWarning: Configuration key "shuffle" has been deprecated. Please use "dataframe.shuffle.algorithm" instead
[2m[36m(iter_task pid=2849481, ip=10.120.204.1)[0m   warnings.warn(
[2m[36m(iter_task pid=2849483, ip=10.120.204.1)[0m /home/ulc/cursos/curso341/.local/lib/python3.9/site-packages/dask/config.py:693: UserWarning: Configuration key "shuffle" has been deprecated. Please use "dataframe.shuffle.algorithm" instead
[2m[36m(iter_task pid=2849483, ip=10.120.204.1)[0m   warnings.warn(
[2m[36m(iter_task pid=2849479, ip=10.120.204.1)[0m /home/ulc/cursos/curso341/.local/lib/python3.9/site-packages/dask/config.py:693: UserWarning: Configuration key "shuffle" has been deprecated. Please use "dataframe.shuffle.algorithm" instead
[2m[36m(iter_task pid=2849479, ip=10.120.204.1)[0m   warnings.warn(
[2m[36m(iter_task pid=2849484, ip=10.120.204.1)[0m /home/ulc/cursos/curso341/.local/lib/python3.9/site-packages/dask/config.py:693: UserWarning: Configuration key "shuffle" has been deprecated. Please use "dataframe.shuffle.algorithm" instead
[2m[36m(iter_task pid=2849484, ip=10.120.204.1)[0m   warnings.warn(
[2m[36m(iter_task pid=2849480, ip=10.120.204.1)[0m /home/ulc/cursos/curso341/.local/lib/python3.9/site-packages/dask/config.py:693: UserWarning: Configuration key "shuffle" has been deprecated. Please use "dataframe.shuffle.algorithm" instead
[2m[36m(iter_task pid=2849480, ip=10.120.204.1)[0m   warnings.warn(
[2m[36m(iter_task pid=2849482, ip=10.120.204.1)[0m /home/ulc/cursos/curso341/.local/lib/python3.9/site-packages/dask/config.py:693: UserWarning: Configuration key "shuffle" has been deprecated. Please use "dataframe.shuffle.algorithm" instead
[2m[36m(iter_task pid=2849482, ip=10.120.204.1)[0m   warnings.warn(
[2m[36m(iter_task pid=2825570, ip=10.120.204.7)[0m /home/ulc/cursos/curso341/.local/lib/python3.9/site-packages/dask/config.py:693: UserWarning: Configuration key "shuffle" has been deprecated. Please use "dataframe.shuffle.algorithm" instead
[2m[36m(iter_task pid=2825570, ip=10.120.204.7)[0m   warnings.warn(
[2m[36m(iter_task pid=2825571, ip=10.120.204.7)[0m /home/ulc/cursos/curso341/.local/lib/python3.9/site-packages/dask/config.py:693: UserWarning: Configuration key "shuffle" has been deprecated. Please use "dataframe.shuffle.algorithm" instead
[2m[36m(iter_task pid=2825571, ip=10.120.204.7)[0m   warnings.warn(
[2m[36m(iter_task pid=2825572, ip=10.120.204.7)[0m /home/ulc/cursos/curso341/.local/lib/python3.9/site-packages/dask/config.py:693: UserWarning: Configuration key "shuffle" has been deprecated. Please use "dataframe.shuffle.algorithm" instead
[2m[36m(iter_task pid=2825572, ip=10.120.204.7)[0m   warnings.warn(
[2m[36m(iter_task pid=2825573, ip=10.120.204.7)[0m /home/ulc/cursos/curso341/.local/lib/python3.9/site-packages/dask/config.py:693: UserWarning: Configuration key "shuffle" has been deprecated. Please use "dataframe.shuffle.algorithm" instead
[2m[36m(iter_task pid=2825573, ip=10.120.204.7)[0m   warnings.warn(
[2m[36m(iter_task pid=1221415, ip=10.120.204.2)[0m /home/ulc/cursos/curso341/.local/lib/python3.9/site-packages/dask/config.py:693: UserWarning: Configuration key "shuffle" has been deprecated. Please use "dataframe.shuffle.algorithm" instead
[2m[36m(iter_task pid=1221415, ip=10.120.204.2)[0m   warnings.warn(
[2m[36m(iter_task pid=1221412, ip=10.120.204.2)[0m /home/ulc/cursos/curso341/.local/lib/python3.9/site-packages/dask/config.py:693: UserWarning: Configuration key "shuffle" has been deprecated. Please use "dataframe.shuffle.algorithm" instead
[2m[36m(iter_task pid=1221412, ip=10.120.204.2)[0m   warnings.warn(
[2m[36m(iter_task pid=1221416, ip=10.120.204.2)[0m /home/ulc/cursos/curso341/.local/lib/python3.9/site-packages/dask/config.py:693: UserWarning: Configuration key "shuffle" has been deprecated. Please use "dataframe.shuffle.algorithm" instead
[2m[36m(iter_task pid=1221416, ip=10.120.204.2)[0m   warnings.warn(
[2m[36m(iter_task pid=1221417, ip=10.120.204.2)[0m /home/ulc/cursos/curso341/.local/lib/python3.9/site-packages/dask/config.py:693: UserWarning: Configuration key "shuffle" has been deprecated. Please use "dataframe.shuffle.algorithm" instead
[2m[36m(iter_task pid=1221417, ip=10.120.204.2)[0m   warnings.warn(
[2m[36m(iter_task pid=1221414, ip=10.120.204.2)[0m /home/ulc/cursos/curso341/.local/lib/python3.9/site-packages/dask/config.py:693: UserWarning: Configuration key "shuffle" has been deprecated. Please use "dataframe.shuffle.algorithm" instead
[2m[36m(iter_task pid=1221414, ip=10.120.204.2)[0m   warnings.warn(
[2m[36m(iter_task pid=1221413, ip=10.120.204.2)[0m /home/ulc/cursos/curso341/.local/lib/python3.9/site-packages/dask/config.py:693: UserWarning: Configuration key "shuffle" has been deprecated. Please use "dataframe.shuffle.algorithm" instead
[2m[36m(iter_task pid=1221413, ip=10.120.204.2)[0m   warnings.warn(
[2m[36m(iter_task pid=2849485, ip=10.120.204.1)[0m /home/ulc/cursos/curso341/.local/lib/python3.9/site-packages/dask/config.py:693: UserWarning: Configuration key "shuffle" has been deprecated. Please use "dataframe.shuffle.algorithm" instead
[2m[36m(iter_task pid=2849485, ip=10.120.204.1)[0m   warnings.warn(
[2m[36m(iter_task pid=1221420, ip=10.120.204.2)[0m /home/ulc/cursos/curso341/.local/lib/python3.9/site-packages/dask/config.py:693: UserWarning: Configuration key "shuffle" has been deprecated. Please use "dataframe.shuffle.algorithm" instead
[2m[36m(iter_task pid=1221420, ip=10.120.204.2)[0m   warnings.warn(
[2m[36m(iter_task pid=1221419, ip=10.120.204.2)[0m /home/ulc/cursos/curso341/.local/lib/python3.9/site-packages/dask/config.py:693: UserWarning: Configuration key "shuffle" has been deprecated. Please use "dataframe.shuffle.algorithm" instead
[2m[36m(iter_task pid=1221419, ip=10.120.204.2)[0m   warnings.warn(
Iter [4]
Iter [6]
Iter [8]
Iter [10]
Iter [12]
Iter [14]
Iter [16]
Iter [18]
GLOBAL_PUT_TIME:     7.561932802200317 (avg:0.37810)
ACTOR_CONCURRENCY:   8
SIMULATION_TIME:     236.387566206999992 (avg: 11.819378310350000)
SIM_WTHOUT_PDI:      64.254102413999973 (avg: 3.212705120699999)
PDI_DELAY:           172.133463793000033 (avg: 8.606673189650001)

GLOBAL_SIZE_(GiB):   4194304
LOCAL_SIZE_(MiB):    256
ITERATIONS:          20

MPI_PER_NODE:        2
MPI_PARALLELISM:     16

WORKER_NODES:        8
CPUS_PER_WORKER:     64
WORKER_PARALLELISM:  512


SLURM_JOB_ID:        10899135
EST_ANALYTICS_TIME:  878.84381 (avg:43.94219)

Slurm job finished at 07/03/2025_10:32:27 AM


*****************************************************************************
*****************************************************************************
*                                                                           *
*                                                                           *
*                    JOB EFFICIENCY REPORT (seff 10899135)                   *
*                    JOB EFFICIENCY REPORT (seff 10899135)                   *
*                                                                           *
*                                                                           *
*****************************************************************************
*****************************************************************************


Job ID: 10899135
Job ID: 10899135
Cluster: finisterrae3
Cluster: finisterrae3
User/Group: curso341/ulc
User/Group: curso341/ulc
State: COMPLETED (exit code 0)
State: COMPLETED (exit code 0)
Nodes: 17
Nodes: 17
Cores per node: 64
Cores per node: 64
CPU Utilized: 01:00:17
CPU Utilized: 01:00:17
CPU Efficiency: 0.36% of 11-11:37:36 core-walltime
CPU Efficiency: 0.36% of 11-11:37:36 core-walltime
Job Wall-clock time: 00:15:12
Job Wall-clock time: 00:15:12
Memory Utilized: 12.53 GB (estimated maximum)
Memory Utilized: 12.53 GB (estimated maximum)
Memory Efficiency: 0.34% of 3.60 TB (3.39 GB/core)
Memory Efficiency: 0.34% of 3.60 TB (3.39 GB/core)


 +++++++++++++++++++++++++++++++++++++++++++++++++++++++++++++++++++++++++++
 +++++++++++++++++++++++++++++++++++++++++++++++++++++++++++++++++++++++++++
 ++   Memory Efficiency is too small. Please review the requested memory. ++
 ++   Memory Efficiency is too small. Please review the requested memory. ++
 ++ It seems that you do not need that much memory so we recommend        ++
 ++ It seems that you do not need that much memory so we recommend        ++
 ++ requesting less memory in other similar jobs.                         ++
 ++ requesting less memory in other similar jobs.                         ++
 +++++++++++++++++++++++++++++++++++++++++++++++++++++++++++++++++++++++++++
 +++++++++++++++++++++++++++++++++++++++++++++++++++++++++++++++++++++++++++
 
 
*****************************************************************************
*****************************************************************************



*****************************************************************************
*                                                                           *
*                    JOB EFFICIENCY REPORT (seff 10899135)                   *
*                                                                           *
*****************************************************************************

Job ID: 10899135
Cluster: finisterrae3
User/Group: curso341/ulc
State: COMPLETED (exit code 0)
Nodes: 17
Cores per node: 64
CPU Utilized: 01:02:08
CPU Efficiency: 0.38% of 11-11:37:36 core-walltime
Job Wall-clock time: 00:15:12
Memory Utilized: 12.53 GB (estimated maximum)
Memory Efficiency: 0.34% of 3.60 TB (3.39 GB/core)

 +++++++++++++++++++++++++++++++++++++++++++++++++++++++++++++++++++++++++++
 ++   Memory Efficiency is too small. Please review the requested memory. ++
 ++ It seems that you do not need that much memory so we recommend        ++
 ++ requesting less memory in other similar jobs.                         ++
 +++++++++++++++++++++++++++++++++++++++++++++++++++++++++++++++++++++++++++
 
*****************************************************************************


*****************************************************************************
*                                                                           *
*                    JOB EFFICIENCY REPORT (seff 10899135)                   *
*                                                                           *
*****************************************************************************

Job ID: 10899135
Cluster: finisterrae3
User/Group: curso341/ulc
State: COMPLETED (exit code 0)
Nodes: 17
Cores per node: 64
CPU Utilized: 01:03:56
CPU Efficiency: 0.39% of 11-11:37:36 core-walltime
Job Wall-clock time: 00:15:12
Memory Utilized: 4.33 GB
Memory Efficiency: 0.12% of 3.60 TB

 +++++++++++++++++++++++++++++++++++++++++++++++++++++++++++++++++++++++++++
 ++   Memory Efficiency is too small. Please review the requested memory. ++
 ++ It seems that you do not need that much memory so we recommend        ++
 ++ requesting less memory in other similar jobs.                         ++
 +++++++++++++++++++++++++++++++++++++++++++++++++++++++++++++++++++++++++++
 
*****************************************************************************


*****************************************************************************
*                                                                           *
*                    JOB EFFICIENCY REPORT (seff 10899135)                   *
*                                                                           *
*****************************************************************************

Job ID: 10899135
Cluster: finisterrae3
User/Group: curso341/ulc
State: COMPLETED (exit code 0)
Nodes: 17
Cores per node: 64
CPU Utilized: 01:32:39
CPU Efficiency: 0.56% of 11-11:37:36 core-walltime
Job Wall-clock time: 00:15:12
Memory Utilized: 31.51 GB
Memory Efficiency: 0.85% of 3.60 TB

 +++++++++++++++++++++++++++++++++++++++++++++++++++++++++++++++++++++++++++
 ++   Memory Efficiency is too small. Please review the requested memory. ++
 ++ It seems that you do not need that much memory so we recommend        ++
 ++ requesting less memory in other similar jobs.                         ++
 +++++++++++++++++++++++++++++++++++++++++++++++++++++++++++++++++++++++++++
 
*****************************************************************************


*****************************************************************************
*                                                                           *
*                    JOB EFFICIENCY REPORT (seff 10899135)                   *
*                                                                           *
*****************************************************************************

Job ID: 10899135
Cluster: finisterrae3
User/Group: curso341/ulc
State: COMPLETED (exit code 0)
Nodes: 17
Cores per node: 64
CPU Utilized: 01:32:39
CPU Efficiency: 0.56% of 11-11:37:36 core-walltime
Job Wall-clock time: 00:15:12
Memory Utilized: 31.51 GB
Memory Efficiency: 0.85% of 3.60 TB

 +++++++++++++++++++++++++++++++++++++++++++++++++++++++++++++++++++++++++++
 ++   Memory Efficiency is too small. Please review the requested memory. ++
 ++ It seems that you do not need that much memory so we recommend        ++
 ++ requesting less memory in other similar jobs.                         ++
 +++++++++++++++++++++++++++++++++++++++++++++++++++++++++++++++++++++++++++
 
*****************************************************************************


*****************************************************************************
*                                                                           *
*                    JOB EFFICIENCY REPORT (seff 10899135)                   *
*                                                                           *
*****************************************************************************

Job ID: 10899135
Cluster: finisterrae3
User/Group: curso341/ulc
State: COMPLETED (exit code 0)
Nodes: 17
Cores per node: 64
CPU Utilized: 05:32:17
CPU Efficiency: 2.01% of 11-11:37:36 core-walltime
Job Wall-clock time: 00:15:12
Memory Utilized: 46.06 GB
Memory Efficiency: 1.25% of 3.60 TB

 +++++++++++++++++++++++++++++++++++++++++++++++++++++++++++++++++++++++++++
 ++   Memory Efficiency is too small. Please review the requested memory. ++
 ++ It seems that you do not need that much memory so we recommend        ++
 ++ requesting less memory in other similar jobs.                         ++
 +++++++++++++++++++++++++++++++++++++++++++++++++++++++++++++++++++++++++++
 
*****************************************************************************


*****************************************************************************
*                                                                           *
*                    JOB EFFICIENCY REPORT (seff 10899135)                   *
*                                                                           *
*****************************************************************************

Job ID: 10899135
Cluster: finisterrae3
User/Group: curso341/ulc
State: COMPLETED (exit code 0)
Nodes: 17
Cores per node: 64
CPU Utilized: 05:32:17
CPU Efficiency: 2.01% of 11-11:37:36 core-walltime
Job Wall-clock time: 00:15:12
Memory Utilized: 46.06 GB
Memory Efficiency: 1.25% of 3.60 TB

 +++++++++++++++++++++++++++++++++++++++++++++++++++++++++++++++++++++++++++
 ++   Memory Efficiency is too small. Please review the requested memory. ++
 ++ It seems that you do not need that much memory so we recommend        ++
 ++ requesting less memory in other similar jobs.                         ++
 +++++++++++++++++++++++++++++++++++++++++++++++++++++++++++++++++++++++++++
 
*****************************************************************************


*****************************************************************************
*                                                                           *
*                    JOB EFFICIENCY REPORT (seff 10899135)                   *
*                                                                           *
*****************************************************************************

Job ID: 10899135
Cluster: finisterrae3
User/Group: curso341/ulc
State: COMPLETED (exit code 0)
Nodes: 17
Cores per node: 64
CPU Utilized: 05:32:17
CPU Efficiency: 2.01% of 11-11:37:36 core-walltime
Job Wall-clock time: 00:15:12
Memory Utilized: 46.06 GB
Memory Efficiency: 1.25% of 3.60 TB

 +++++++++++++++++++++++++++++++++++++++++++++++++++++++++++++++++++++++++++
 ++   Memory Efficiency is too small. Please review the requested memory. ++
 ++ It seems that you do not need that much memory so we recommend        ++
 ++ requesting less memory in other similar jobs.                         ++
 +++++++++++++++++++++++++++++++++++++++++++++++++++++++++++++++++++++++++++
 
*****************************************************************************


*****************************************************************************
*                                                                           *
*                    JOB EFFICIENCY REPORT (seff 10899135)                   *
*                                                                           *
*****************************************************************************

Job ID: 10899135
Cluster: finisterrae3
User/Group: curso341/ulc
State: COMPLETED (exit code 0)
Nodes: 17
Cores per node: 64
CPU Utilized: 05:32:17
CPU Efficiency: 2.01% of 11-11:37:36 core-walltime
Job Wall-clock time: 00:15:12
Memory Utilized: 46.06 GB
Memory Efficiency: 1.25% of 3.60 TB

 +++++++++++++++++++++++++++++++++++++++++++++++++++++++++++++++++++++++++++
 ++   Memory Efficiency is too small. Please review the requested memory. ++
 ++ It seems that you do not need that much memory so we recommend        ++
 ++ requesting less memory in other similar jobs.                         ++
 +++++++++++++++++++++++++++++++++++++++++++++++++++++++++++++++++++++++++++
 
*****************************************************************************


*****************************************************************************
*                                                                           *
*                    JOB EFFICIENCY REPORT (seff 10899135)                   *
*                                                                           *
*****************************************************************************

Job ID: 10899135
Cluster: finisterrae3
User/Group: curso341/ulc
State: COMPLETED (exit code 0)
Nodes: 17
Cores per node: 64
CPU Utilized: 05:32:17
CPU Efficiency: 2.01% of 11-11:37:36 core-walltime
Job Wall-clock time: 00:15:12
Memory Utilized: 46.06 GB
Memory Efficiency: 1.25% of 3.60 TB

 +++++++++++++++++++++++++++++++++++++++++++++++++++++++++++++++++++++++++++
 ++   Memory Efficiency is too small. Please review the requested memory. ++
 ++ It seems that you do not need that much memory so we recommend        ++
 ++ requesting less memory in other similar jobs.                         ++
 +++++++++++++++++++++++++++++++++++++++++++++++++++++++++++++++++++++++++++
 
*****************************************************************************


*****************************************************************************
*                                                                           *
*                    JOB EFFICIENCY REPORT (seff 10899135)                   *
*                                                                           *
*****************************************************************************

Job ID: 10899135
Cluster: finisterrae3
User/Group: curso341/ulc
State: COMPLETED (exit code 0)
Nodes: 17
Cores per node: 64
CPU Utilized: 05:32:17
CPU Efficiency: 2.01% of 11-11:37:36 core-walltime
Job Wall-clock time: 00:15:12
Memory Utilized: 46.06 GB
Memory Efficiency: 1.25% of 3.60 TB

 +++++++++++++++++++++++++++++++++++++++++++++++++++++++++++++++++++++++++++
 ++   Memory Efficiency is too small. Please review the requested memory. ++
 ++ It seems that you do not need that much memory so we recommend        ++
 ++ requesting less memory in other similar jobs.                         ++
 +++++++++++++++++++++++++++++++++++++++++++++++++++++++++++++++++++++++++++
 
*****************************************************************************


*****************************************************************************
*                                                                           *
*                    JOB EFFICIENCY REPORT (seff 10899135)                   *
*                                                                           *
*****************************************************************************

Job ID: 10899135
Cluster: finisterrae3
User/Group: curso341/ulc
State: COMPLETED (exit code 0)
Nodes: 17
Cores per node: 64
CPU Utilized: 05:32:17
CPU Efficiency: 2.01% of 11-11:37:36 core-walltime
Job Wall-clock time: 00:15:12
Memory Utilized: 46.06 GB
Memory Efficiency: 1.25% of 3.60 TB

 +++++++++++++++++++++++++++++++++++++++++++++++++++++++++++++++++++++++++++
 ++   Memory Efficiency is too small. Please review the requested memory. ++
 ++ It seems that you do not need that much memory so we recommend        ++
 ++ requesting less memory in other similar jobs.                         ++
 +++++++++++++++++++++++++++++++++++++++++++++++++++++++++++++++++++++++++++
 
*****************************************************************************


*****************************************************************************
*                                                                           *
*                    JOB EFFICIENCY REPORT (seff 10899135)                   *
*                                                                           *
*****************************************************************************

Job ID: 10899135
Cluster: finisterrae3
User/Group: curso341/ulc
State: COMPLETED (exit code 0)
Nodes: 17
Cores per node: 64
CPU Utilized: 05:32:17
CPU Efficiency: 2.01% of 11-11:37:36 core-walltime
Job Wall-clock time: 00:15:12
Memory Utilized: 46.06 GB
Memory Efficiency: 1.25% of 3.60 TB

 +++++++++++++++++++++++++++++++++++++++++++++++++++++++++++++++++++++++++++
 ++   Memory Efficiency is too small. Please review the requested memory. ++
 ++ It seems that you do not need that much memory so we recommend        ++
 ++ requesting less memory in other similar jobs.                         ++
 +++++++++++++++++++++++++++++++++++++++++++++++++++++++++++++++++++++++++++
 
*****************************************************************************


*****************************************************************************
*                                                                           *
*                    JOB EFFICIENCY REPORT (seff 10899135)                   *
*                                                                           *
*****************************************************************************

Job ID: 10899135
Cluster: finisterrae3
User/Group: curso341/ulc
State: COMPLETED (exit code 0)
Nodes: 17
Cores per node: 64
CPU Utilized: 05:32:17
CPU Efficiency: 2.01% of 11-11:37:36 core-walltime
Job Wall-clock time: 00:15:12
Memory Utilized: 46.06 GB
Memory Efficiency: 1.25% of 3.60 TB

 +++++++++++++++++++++++++++++++++++++++++++++++++++++++++++++++++++++++++++
 ++   Memory Efficiency is too small. Please review the requested memory. ++
 ++ It seems that you do not need that much memory so we recommend        ++
 ++ requesting less memory in other similar jobs.                         ++
 +++++++++++++++++++++++++++++++++++++++++++++++++++++++++++++++++++++++++++
 
*****************************************************************************


*****************************************************************************
*                                                                           *
*                    JOB EFFICIENCY REPORT (seff 10899135)                   *
*                                                                           *
*****************************************************************************

Job ID: 10899135
Cluster: finisterrae3
User/Group: curso341/ulc
State: COMPLETED (exit code 0)
Nodes: 17
Cores per node: 64
CPU Utilized: 05:32:17
CPU Efficiency: 2.01% of 11-11:37:36 core-walltime
Job Wall-clock time: 00:15:12
Memory Utilized: 46.06 GB
Memory Efficiency: 1.25% of 3.60 TB

 +++++++++++++++++++++++++++++++++++++++++++++++++++++++++++++++++++++++++++
 ++   Memory Efficiency is too small. Please review the requested memory. ++
 ++ It seems that you do not need that much memory so we recommend        ++
 ++ requesting less memory in other similar jobs.                         ++
 +++++++++++++++++++++++++++++++++++++++++++++++++++++++++++++++++++++++++++
 
*****************************************************************************


*****************************************************************************
*                                                                           *
*                    JOB EFFICIENCY REPORT (seff 10899135)                   *
*                                                                           *
*****************************************************************************

Job ID: 10899135
Cluster: finisterrae3
User/Group: curso341/ulc
State: COMPLETED (exit code 0)
Nodes: 17
Cores per node: 64
CPU Utilized: 05:32:17
CPU Efficiency: 2.01% of 11-11:37:36 core-walltime
Job Wall-clock time: 00:15:12
Memory Utilized: 46.06 GB
Memory Efficiency: 1.25% of 3.60 TB

 +++++++++++++++++++++++++++++++++++++++++++++++++++++++++++++++++++++++++++
 ++   Memory Efficiency is too small. Please review the requested memory. ++
 ++ It seems that you do not need that much memory so we recommend        ++
 ++ requesting less memory in other similar jobs.                         ++
 +++++++++++++++++++++++++++++++++++++++++++++++++++++++++++++++++++++++++++
 
*****************************************************************************

