slurmstepd: info: Setting TMPDIR to /scratch/10942709. Previous errors about TMPDIR can be discarded
Slurm job started at 12/03/2025_07:44:12 PM

In situ 4,
Initing Ray (1 head node + 2 worker nodes + 4 simulation nodes) on nodes: 
	ilk-145 ilk-146 ilk-147 ilk-149 ilk-151 ilk-153 ilk-156
Head node: 172.30.204.1:6379


RAY_DEPLOY_TIME:     24.26785
2025-03-12 19:44:40,459	INFO packaging.py:520 -- Creating a file package for local directory '/mnt/lustre/scratch/nlsas/home/ulc/cursos/curso341/dask_on_reisa_tests/E6/DASK_ON_REISA_ONE_ACTOR/reduction/P128-SN4-LS134-GS17179-I20-AN2-D2025-03-12_10-05-14'.
2025-03-12 19:44:40,487	INFO packaging.py:347 -- Pushing file package 'gcs://_ray_pkg_a757e9b7e6f9a772.zip' (0.48MiB) to Ray cluster...
2025-03-12 19:44:40,493	INFO packaging.py:360 -- Successfully pushed file package 'gcs://_ray_pkg_a757e9b7e6f9a772.zip'.
RAY_INIT_TIME:       4.16840
Iter [0]
Iter [2]
Iter [4]
Iter [6]
Iter [8]
Iter [10]
Iter [12]
slurmstepd: error: *** JOB 10942709 ON ilk-145 CANCELLED AT 2025-03-12T20:04:12 DUE TO TIME LIMIT ***
slurmstepd: error: *** STEP 10942709.8 ON ilk-146 CANCELLED AT 2025-03-12T20:04:12 DUE TO TIME LIMIT ***
srun: Job step aborted: Waiting up to 32 seconds for job step to finish.
srun: Job step aborted: Waiting up to 32 seconds for job step to finish.
*** SIGTERM received at time=1741806252 on cpu 8 ***
*** SIGTERM received at time=1741806252 on cpu 5 ***
*** SIGTERM received at time=1741806252 on cpu 27 ***
*** SIGTERM received at time=1741806252 on cpu 11 ***
*** SIGTERM received at time=1741806252 on cpu 28 ***
*** SIGTERM received at time=1741806252 on cpu 46 ***
*** SIGTERM received at time=1741806252 on cpu 47 ***
*** SIGTERM received at time=1741806252 on cpu 9 ***
*** SIGTERM received at time=1741806252 on cpu 10 ***
*** SIGTERM received at time=1741806252 on cpu 60 ***
*** SIGTERM received at time=1741806252 on cpu 22 ***
*** SIGTERM received at time=1741806252 on cpu 45 ***
*** SIGTERM received at time=1741806252 on cpu 21 ***
*** SIGTERM received at time=1741806252 on cpu 61 ***
*** SIGTERM received at time=1741806252 on cpu 4 ***
*** SIGTERM received at time=1741806252 on cpu 62 ***
*** SIGTERM received at time=1741806252 on cpu 52 ***
*** SIGTERM received at time=1741806252 on cpu 19 ***
*** SIGTERM received at time=1741806252 on cpu 51 ***
*** SIGTERM received at time=1741806252 on cpu 56 ***
*** SIGTERM received at time=1741806252 on cpu 43 ***
*** SIGTERM received at time=1741806252 on cpu 16 ***
*** SIGTERM received at time=1741806252 on cpu 54 ***
*** SIGTERM received at time=1741806252 on cpu 12 ***
*** SIGTERM received at time=1741806252 on cpu 59 ***
*** SIGTERM received at time=1741806252 on cpu 1 ***
*** SIGTERM received at time=1741806252 on cpu 7 ***
*** SIGTERM received at time=1741806252 on cpu 14 ***
*** SIGTERM received at time=1741806252 on cpu 54 ***
*** SIGTERM received at time=1741806252 on cpu 63 ***
*** SIGTERM received at time=1741806252 on cpu 58 ***
*** SIGTERM received at time=1741806252 on cpu 44 ***
*** SIGTERM received at time=1741806252 on cpu 0 ***
*** SIGTERM received at time=1741806252 on cpu 46 ***
*** SIGTERM received at time=1741806252 on cpu 11 ***
*** SIGTERM received at time=1741806252 on cpu 62 ***
*** SIGTERM received at time=1741806252 on cpu 10 ***
*** SIGTERM received at time=1741806252 on cpu 18 ***
*** SIGTERM received at time=1741806252 on cpu 33 ***
*** SIGTERM received at time=1741806252 on cpu 37 ***
*** SIGTERM received at time=1741806252 on cpu 21 ***
*** SIGTERM received at time=1741806252 on cpu 25 ***
*** SIGTERM received at time=1741806252 on cpu 28 ***
*** SIGTERM received at time=1741806252 on cpu 43 ***
*** SIGTERM received at time=1741806252 on cpu 15 ***
*** SIGTERM received at time=1741806252 on cpu 57 ***
*** SIGTERM received at time=1741806252 on cpu 19 ***
*** SIGTERM received at time=1741806252 on cpu 50 ***
*** SIGTERM received at time=1741806252 on cpu 29 ***
*** SIGTERM received at time=1741806252 on cpu 36 ***
*** SIGTERM received at time=1741806252 on cpu 3 ***
*** SIGTERM received at time=1741806252 on cpu 16 ***
*** SIGTERM received at time=1741806252 on cpu 17 ***
*** SIGTERM received at time=1741806252 on cpu 20 ***
*** SIGTERM received at time=1741806252 on cpu 57 ***
*** SIGTERM received at time=1741806252 on cpu 33 ***
*** SIGTERM received at time=1741806252 on cpu 62 ***
*** SIGTERM received at time=1741806252 on cpu 40 ***
*** SIGTERM received at time=1741806252 on cpu 47 ***
*** SIGTERM received at time=1741806252 on cpu 26 ***
*** SIGTERM received at time=1741806252 on cpu 14 ***
*** SIGTERM received at time=1741806252 on cpu 7 ***
*** SIGTERM received at time=1741806252 on cpu 15 ***
*** SIGTERM received at time=1741806252 on cpu 13 ***
*** SIGTERM received at time=1741806252 on cpu 35 ***
*** SIGTERM received at time=1741806252 on cpu 63 ***
*** SIGTERM received at time=1741806252 on cpu 42 ***
*** SIGTERM received at time=1741806252 on cpu 5 ***
*** SIGTERM received at time=1741806252 on cpu 2 ***
*** SIGTERM received at time=1741806252 on cpu 8 ***
*** SIGTERM received at time=1741806252 on cpu 12 ***
*** SIGTERM received at time=1741806252 on cpu 9 ***
*** SIGTERM received at time=1741806252 on cpu 49 ***
