slurmstepd: info: Setting TMPDIR to /scratch/10932535. Previous errors about TMPDIR can be discarded
Slurm job started at 10/03/2025_06:56:52 PM

In transit.
Initing Ray (1 head node + 2 worker nodes + 4 simulation nodes) on nodes: 
	ilk-165 ilk-166 ilk-167 ilk-170 ilk-171 ilk-172 ilk-173
Head node: 172.30.204.21:6379


RAY_DEPLOY_TIME:     24.13799
RAY_INIT_TIME:       4.29741
Iter [0]
2025-03-10 18:57:23,524	INFO packaging.py:520 -- Creating a file package for local directory '/mnt/lustre/scratch/nlsas/home/ulc/cursos/curso341/dask_on_reisa_tests/E5/REISA/derivative/P128-SN4-LS1-GS134-I10-AN2-D2025-03-10_18-35-27'.
2025-03-10 18:57:23,550	INFO packaging.py:347 -- Pushing file package 'gcs://_ray_pkg_bdcfe8676a770979.zip' (0.48MiB) to Ray cluster...
2025-03-10 18:57:23,556	INFO packaging.py:360 -- Successfully pushed file package 'gcs://_ray_pkg_bdcfe8676a770979.zip'.
Iter [1]
Iter [2]
Iter [3]
Iter [4]
Iter [5]
Iter [6]
Iter [7]
Iter [8]
Iter [9]
GLOBAL_PUT_TIME:     0.02824878692626953 (avg:0.00282)
ACTOR_CONCURRENCY:   8
SIMULATION_TIME:     5.195682629000000 (avg: 0.519568262900000)
SIM_WTHOUT_PDI:      2.298507633000001 (avg: 0.229850763300000)
PDI_DELAY:           2.897174996000000 (avg: 0.289717499600000)

GLOBAL_SIZE_(GiB):   131072
LOCAL_SIZE_(MiB):    1
ITERATIONS:          10

MPI_PER_NODE:        32
MPI_PARALLELISM:     128

WORKER_NODES:        2
CPUS_PER_WORKER:     64
WORKER_PARALLELISM:  128


SLURM_JOB_ID:        10932535
EST_ANALYTICS_TIME:  611.84252 (avg:61.18425)
Traceback (most recent call last):
  File "/mnt/lustre/scratch/nlsas/home/ulc/cursos/curso341/dask_on_reisa_tests/E5/REISA/derivative/P128-SN4-LS1-GS134-I10-AN2-D2025-03-10_18-35-27/derivative.py", line 65, in <module>
    result = handler.get_result(process_func, iter_func, global_func=global_func, selected_iters=iterations, kept_iters=5, timeline=False)
  File "/mnt/lustre/scratch/nlsas/home/ulc/cursos/curso341/dask_on_reisa_tests/E5/REISA/derivative/P128-SN4-LS1-GS134-I10-AN2-D2025-03-10_18-35-27/reisa.py", line 156, in get_result
    return global_func(RayList(results))
  File "/mnt/lustre/scratch/nlsas/home/ulc/cursos/curso341/dask_on_reisa_tests/E5/REISA/derivative/P128-SN4-LS1-GS134-I10-AN2-D2025-03-10_18-35-27/derivative.py", line 58, in global_func
    return np.average(final_results[:])
  File "/mnt/lustre/scratch/nlsas/home/ulc/cursos/curso341/dask_on_reisa_tests/E5/REISA/derivative/P128-SN4-LS1-GS134-I10-AN2-D2025-03-10_18-35-27/reisa.py", line 50, in __getitem__
    return ray.get(RayList(item))
  File "/home/ulc/cursos/curso341/.local/lib/python3.9/site-packages/ray/_private/client_mode_hook.py", line 104, in wrapper
    return getattr(ray, func.__name__)(*args, **kwargs)
  File "/home/ulc/cursos/curso341/.local/lib/python3.9/site-packages/ray/util/client/api.py", line 42, in get
    return self.worker.get(vals, timeout=timeout)
  File "/home/ulc/cursos/curso341/.local/lib/python3.9/site-packages/ray/util/client/worker.py", line 434, in get
    res = self._get(to_get, op_timeout)
  File "/home/ulc/cursos/curso341/.local/lib/python3.9/site-packages/ray/util/client/worker.py", line 462, in _get
    raise err
ray.exceptions.RayTaskError: [36mray::iter_task()[39m (pid=780719, ip=172.30.204.23)
  File "/mnt/lustre/scratch/nlsas/home/ulc/cursos/curso341/dask_on_reisa_tests/E5/REISA/derivative/P128-SN4-LS1-GS134-I10-AN2-D2025-03-10_18-35-27/reisa.py", line 146, in iter_task
    return iter_func(i, RayList(itertools.chain.from_iterable(current_results)))
  File "/mnt/lustre/scratch/nlsas/home/ulc/cursos/curso341/dask_on_reisa_tests/E5/REISA/derivative/P128-SN4-LS1-GS134-I10-AN2-D2025-03-10_18-35-27/derivative.py", line 48, in iter_func
    return np.average(current_results[:])
  File "/scratch/10932535/ray/session_2025-03-10_18-56-54_628204_2923120/runtime_resources/working_dir_files/_ray_pkg_bdcfe8676a770979/reisa.py", line 50, in __getitem__
    return ray.get(RayList(item))
ray.exceptions.RayTaskError: [36mray::process_task()[39m (pid=783119, ip=172.30.204.23)
  File "/mnt/lustre/scratch/nlsas/home/ulc/cursos/curso341/dask_on_reisa_tests/E5/REISA/derivative/P128-SN4-LS1-GS134-I10-AN2-D2025-03-10_18-35-27/reisa.py", line 127, in process_task
    return process_func(rank, i, queue)
  File "/mnt/lustre/scratch/nlsas/home/ulc/cursos/curso341/dask_on_reisa_tests/E5/REISA/derivative/P128-SN4-LS1-GS134-I10-AN2-D2025-03-10_18-35-27/derivative.py", line 35, in process_func
    gt = np.array(queue[-5:])
  File "/mnt/lustre/scratch/nlsas/home/ulc/cursos/curso341/dask_on_reisa_tests/E5/REISA/derivative/P128-SN4-LS1-GS134-I10-AN2-D2025-03-10_18-35-27/reisa.py", line 50, in __getitem__
    return ray.get(RayList(item))
ray.exceptions.ObjectFetchTimedOutError: Failed to retrieve object 00ffffffffffffffffffffffffffffffffffffff7800000002000000. To see information about where this ObjectRef was created in Python, set the environment variable RAY_record_ref_creation_sites=1 during `ray start` and `ray.init()`.

Fetch for object 00ffffffffffffffffffffffffffffffffffffff7800000002000000 timed out because no locations were found for the object. This may indicate a system-level bug.
srun: error: ilk-166: task 0: Exited with exit code 1
srun: launch/slurm: _step_signal: Terminating StepId=10932535.8

Slurm job finished at 10/03/2025_07:07:39 PM

*****************************************************************************
*                                                                           *
*                    JOB EFFICIENCY REPORT (seff 10932535)                   *
*                                                                           *
*****************************************************************************

Job ID: 10932535
Cluster: finisterrae3
User/Group: curso341/ulc
State: COMPLETED (exit code 0)
Nodes: 7
Cores per node: 64
CPU Utilized: 00:23:04
CPU Efficiency: 0.48% of 3-08:38:24 core-walltime
Job Wall-clock time: 00:10:48
Memory Utilized: 4.31 GB
Memory Efficiency: 0.28% of 1.48 TB

 +++++++++++++++++++++++++++++++++++++++++++++++++++++++++++++++++++++++++++
 ++   Memory Efficiency is too small. Please review the requested memory. ++
 ++ It seems that you do not need that much memory so we recommend        ++
 ++ requesting less memory in other similar jobs.                         ++
 +++++++++++++++++++++++++++++++++++++++++++++++++++++++++++++++++++++++++++
 
*****************************************************************************


*****************************************************************************
*                                                                           *
*                    JOB EFFICIENCY REPORT (seff 10932535)                   *
*                                                                           *
*****************************************************************************

Job ID: 10932535
Cluster: finisterrae3
User/Group: curso341/ulc
State: COMPLETED (exit code 0)
Nodes: 7
Cores per node: 64
CPU Utilized: 00:23:04
CPU Efficiency: 0.48% of 3-08:38:24 core-walltime
Job Wall-clock time: 00:10:48
Memory Utilized: 4.31 GB
Memory Efficiency: 0.28% of 1.48 TB

 +++++++++++++++++++++++++++++++++++++++++++++++++++++++++++++++++++++++++++
 ++   Memory Efficiency is too small. Please review the requested memory. ++
 ++ It seems that you do not need that much memory so we recommend        ++
 ++ requesting less memory in other similar jobs.                         ++
 +++++++++++++++++++++++++++++++++++++++++++++++++++++++++++++++++++++++++++
 
*****************************************************************************


*****************************************************************************
*                                                                           *
*                    JOB EFFICIENCY REPORT (seff 10932535)                   *
*                                                                           *
*****************************************************************************

Job ID: 10932535
Cluster: finisterrae3
User/Group: curso341/ulc
State: COMPLETED (exit code 0)
Nodes: 7
Cores per node: 64
CPU Utilized: 00:23:04
CPU Efficiency: 0.48% of 3-08:38:24 core-walltime
Job Wall-clock time: 00:10:48
Memory Utilized: 4.31 GB
Memory Efficiency: 0.28% of 1.48 TB

 +++++++++++++++++++++++++++++++++++++++++++++++++++++++++++++++++++++++++++
 ++   Memory Efficiency is too small. Please review the requested memory. ++
 ++ It seems that you do not need that much memory so we recommend        ++
 ++ requesting less memory in other similar jobs.                         ++
 +++++++++++++++++++++++++++++++++++++++++++++++++++++++++++++++++++++++++++
 
*****************************************************************************


*****************************************************************************
*                                                                           *
*                    JOB EFFICIENCY REPORT (seff 10932535)                   *
*                                                                           *
*****************************************************************************

Job ID: 10932535
Cluster: finisterrae3
User/Group: curso341/ulc
State: COMPLETED (exit code 0)
Nodes: 7
Cores per node: 64
CPU Utilized: 00:23:04
CPU Efficiency: 0.48% of 3-08:38:24 core-walltime
Job Wall-clock time: 00:10:48
Memory Utilized: 4.31 GB
Memory Efficiency: 0.28% of 1.48 TB

 +++++++++++++++++++++++++++++++++++++++++++++++++++++++++++++++++++++++++++
 ++   Memory Efficiency is too small. Please review the requested memory. ++
 ++ It seems that you do not need that much memory so we recommend        ++
 ++ requesting less memory in other similar jobs.                         ++
 +++++++++++++++++++++++++++++++++++++++++++++++++++++++++++++++++++++++++++
 
*****************************************************************************


*****************************************************************************
*                                                                           *
*                    JOB EFFICIENCY REPORT (seff 10932535)                   *
*                                                                           *
*****************************************************************************

Job ID: 10932535
Cluster: finisterrae3
User/Group: curso341/ulc
State: COMPLETED (exit code 0)
Nodes: 7
Cores per node: 64
CPU Utilized: 00:23:04
CPU Efficiency: 0.48% of 3-08:38:24 core-walltime
Job Wall-clock time: 00:10:48
Memory Utilized: 4.31 GB
Memory Efficiency: 0.28% of 1.48 TB

 +++++++++++++++++++++++++++++++++++++++++++++++++++++++++++++++++++++++++++
 ++   Memory Efficiency is too small. Please review the requested memory. ++
 ++ It seems that you do not need that much memory so we recommend        ++
 ++ requesting less memory in other similar jobs.                         ++
 +++++++++++++++++++++++++++++++++++++++++++++++++++++++++++++++++++++++++++
 
*****************************************************************************


*****************************************************************************
*                                                                           *
*                    JOB EFFICIENCY REPORT (seff 10932535)                   *
*                                                                           *
*****************************************************************************

Job ID: 10932535
Cluster: finisterrae3
User/Group: curso341/ulc
State: COMPLETED (exit code 0)
Nodes: 7
Cores per node: 64
CPU Utilized: 00:23:04
CPU Efficiency: 0.48% of 3-08:38:24 core-walltime
Job Wall-clock time: 00:10:48
Memory Utilized: 4.31 GB
Memory Efficiency: 0.28% of 1.48 TB

 +++++++++++++++++++++++++++++++++++++++++++++++++++++++++++++++++++++++++++
 ++   Memory Efficiency is too small. Please review the requested memory. ++
 ++ It seems that you do not need that much memory so we recommend        ++
 ++ requesting less memory in other similar jobs.                         ++
 +++++++++++++++++++++++++++++++++++++++++++++++++++++++++++++++++++++++++++
 
*****************************************************************************


*****************************************************************************
*                                                                           *
*                    JOB EFFICIENCY REPORT (seff 10932535)                   *
*                                                                           *
*****************************************************************************

Job ID: 10932535
Cluster: finisterrae3
User/Group: curso341/ulc
State: COMPLETED (exit code 0)
Nodes: 7
Cores per node: 64
CPU Utilized: 00:23:38
CPU Efficiency: 0.49% of 3-08:38:24 core-walltime
Job Wall-clock time: 00:10:48
Memory Utilized: 4.31 GB
Memory Efficiency: 0.28% of 1.48 TB

 +++++++++++++++++++++++++++++++++++++++++++++++++++++++++++++++++++++++++++
 ++   Memory Efficiency is too small. Please review the requested memory. ++
 ++ It seems that you do not need that much memory so we recommend        ++
 ++ requesting less memory in other similar jobs.                         ++
 +++++++++++++++++++++++++++++++++++++++++++++++++++++++++++++++++++++++++++
 
*****************************************************************************

