slurmstepd: info: Setting TMPDIR to /scratch/10899145. Previous errors about TMPDIR can be discarded
Slurm job started at 07/03/2025_11:40:00 AM

In transit.
Initing Ray (1 head node + 8 worker nodes + 8 simulation nodes) on nodes: 
	ilk-5 ilk-6 ilk-7 ilk-8 ilk-10 ilk-11 ilk-17 ilk-19 ilk-22 ilk-30 ilk-35 ilk-48 ilk-242 ilk-243 ilk-245 ilk-246 ilk-247
Head node: 172.30.201.5:6379


RAY_DEPLOY_TIME:     123.49197
2025-03-07 11:42:07,455	INFO packaging.py:520 -- Creating a file package for local directory '/mnt/lustre/scratch/nlsas/home/ulc/cursos/curso341/dask_on_reisa_tests/E1/DASK_ON_REISA_ONE_ACTOR/derivative/P16-SN8-LS536-GS8589-I10-AN8-D2025-03-07_09-35-58'.
2025-03-07 11:42:07,484	INFO packaging.py:347 -- Pushing file package 'gcs://_ray_pkg_2351f2bc11783142.zip' (0.48MiB) to Ray cluster...
2025-03-07 11:42:07,491	INFO packaging.py:360 -- Successfully pushed file package 'gcs://_ray_pkg_2351f2bc11783142.zip'.
[2025-03-07 11:42:08,414 I 3826504 3826504] global_state_accessor.cc:356: This node has an IP address of 172.30.201.35, but we cannot find a local Raylet with the same address. This can happen when you connect to the Ray cluster with a different IP address or when connecting to a container.
[2025-03-07 11:42:08,414 I 3826505 3826505] global_state_accessor.cc:356: This node has an IP address of 172.30.201.35, but we cannot find a local Raylet with the same address. This can happen when you connect to the Ray cluster with a different IP address or when connecting to a container.
[2025-03-07 11:42:17,420 E 3826505 3826640] core_worker_process.cc:217: Failed to get the system config from raylet because it is dead. Worker will terminate. Status: GrpcUnavailable: RPC Error message: failed to connect to all addresses; RPC Error details:  .Please see `raylet.out` for more details.
[2025-03-07 11:42:17,469 E 3826504 3826647] core_worker_process.cc:217: Failed to get the system config from raylet because it is dead. Worker will terminate. Status: GrpcUnavailable: RPC Error message: failed to connect to all addresses; RPC Error details:  .Please see `raylet.out` for more details.
srun: error: ilk-35: tasks 2-3: Exited with exit code 1
srun: launch/slurm: _step_signal: Terminating StepId=10899145.19
*** SIGTERM received at time=1741344137 on cpu 25 ***
*** SIGTERM received at time=1741344137 on cpu 13 ***
*** SIGTERM received at time=1741344137 on cpu 16 ***
*** SIGTERM received at time=1741344137 on cpu 16 ***
*** SIGTERM received at time=1741344137 on cpu 13 ***
slurmstepd: error: *** STEP 10899145.19 ON ilk-30 CANCELLED AT 2025-03-07T11:42:17 ***
*** SIGTERM received at time=1741344137 on cpu 14 ***
*** SIGTERM received at time=1741344137 on cpu 53 ***
PC: @     0x14bf3b0904a8  (unknown)  uct_rc_mlx5_iface_progress_cyclic
PC: @     0x14feefbc5300  (unknown)  uct_rc_mlx5_iface_progress_cyclic
    @     0x14bf3e1069c0  (unknown)  (unknown)
    @     0x14bf3b088490  (unknown)  (unknown)
    @     0x14fef6f7b9c0  567147424  (unknown)
    @                0x1  (unknown)  (unknown)
    @ 0x4853d58955544155  (unknown)  (unknown)
[2025-03-07 11:42:17,567 E 801613 801613] logging.cc:361: *** SIGTERM received at time=1741344137 on cpu 13 ***
[2025-03-07 11:42:17,567 E 801614 801614] logging.cc:361: *** SIGTERM received at time=1741344137 on cpu 53 ***
[2025-03-07 11:42:17,567 E 801614 801614] logging.cc:361: PC: @     0x14feefbc5300  (unknown)  uct_rc_mlx5_iface_progress_cyclic
[2025-03-07 11:42:17,567 E 801613 801613] logging.cc:361: PC: @     0x14bf3b0904a8  (unknown)  uct_rc_mlx5_iface_progress_cyclic
[2025-03-07 11:42:17,569 E 801614 801614] logging.cc:361:     @     0x14fef6f7b9c0  567147424  (unknown)
[2025-03-07 11:42:17,569 E 801613 801613] logging.cc:361:     @     0x14bf3e1069c0  (unknown)  (unknown)
[2025-03-07 11:42:17,570 E 801613 801613] logging.cc:361:     @     0x14bf3b088490  (unknown)  (unknown)
[2025-03-07 11:42:17,570 E 801614 801614] logging.cc:361:     @                0x1  (unknown)  (unknown)
*** SIGTERM received at time=1741344137 on cpu 16 ***
*** SIGTERM received at time=1741344137 on cpu 32 ***
PC: @     0x146f6cde08ea  (unknown)  uct_mm_iface_progress
PC: @     0x14a3f1b65f88  (unknown)  ompi_request_default_wait
    @     0x146f6fd179c0    3767760  (unknown)
    @     0x14a3f175e9c0  2118316184  (unknown)
    @       0x8000000040  (unknown)  (unknown)
    @ 0xfffffff000000001  (unknown)  (unknown)
    @         0x801f0fff  (unknown)  (unknown)
[2025-03-07 11:42:17,569 E 3145259 3145259] logging.cc:361: *** SIGTERM received at time=1741344137 on cpu 32 ***
[2025-03-07 11:42:17,569 E 3145259 3145259] logging.cc:361: PC: @     0x146f6cde08ea  (unknown)  uct_mm_iface_progress
    @                0x1  (unknown)  (unknown)
[2025-03-07 11:42:17,571 E 3145259 3145259] logging.cc:361:     @     0x146f6fd179c0    3767760  (unknown)
    @     0x14a3f165c320  (unknown)  (unknown)
[2025-03-07 11:42:17,572 E 3145258 3145258] logging.cc:361: *** SIGTERM received at time=1741344137 on cpu 16 ***
[2025-03-07 11:42:17,572 E 3145258 3145258] logging.cc:361: PC: @     0x14a3f1b65f88  (unknown)  ompi_request_default_wait
[2025-03-07 11:42:17,572 E 3145259 3145259] logging.cc:361:     @       0x8000000040  (unknown)  (unknown)
[2025-03-07 11:42:17,574 E 3145258 3145258] logging.cc:361:     @     0x14a3f175e9c0  2118316184  (unknown)
*** SIGTERM received at time=1741344137 on cpu 52 ***
*** SIGTERM received at time=1741344137 on cpu 53 ***
*** SIGTERM received at time=1741344137 on cpu 51 ***
*** SIGTERM received at time=1741344137 on cpu 51 ***
*** SIGTERM received at time=1741344137 on cpu 48 ***
PC: @     0x14e82b195e95  (unknown)  ucp_worker_progress
PC: @     0x14f954a39f21  (unknown)  ucp_worker_progress
PC: @     0x15509f4d15ee  (unknown)  uct_rc_mlx5_iface_progress_cyclic
PC: @     0x14e2ea6d19c5  (unknown)  opal_timer_linux_get_cycles_sys_timer
PC: @     0x14bcc9d98fd1  (unknown)  ompi_coll_libnbc_progress
PC: @     0x153c4ee3ce88  (unknown)  ucp_worker_progress
    @     0x14f9579529c0  (unknown)  (unknown)
PC: @     0x14c0eb031ecf  (unknown)  ucp_worker_progress
PC: @     0x14ba0a8f0e88  (unknown)  ucp_worker_progress
PC: @     0x1516c50c79c5  (unknown)  opal_timer_linux_get_cycles_sys_timer
    @     0x14e82e0ae9c0  1480917840  (unknown)
[2025-03-07 11:42:17,565 E 685722 685722] logging.cc:361: *** SIGTERM received at time=1741344137 on cpu 53 ***
    @     0x1550a26859c0  906570656  (unknown)
    @     0x14e2ea7f99c0  (unknown)  (unknown)
    @     0x14bccd4989c0  (unknown)  (unknown)
    @     0x153c51d559c0  (unknown)  (unknown)
[2025-03-07 11:42:17,565 E 685722 685722] logging.cc:361: PC: @     0x14f954a39f21  (unknown)  ucp_worker_progress
    @     0x14c0edf4a9c0  (unknown)  (unknown)
[2025-03-07 11:42:17,565 E 1255616 1255616] logging.cc:361: *** SIGTERM received at time=1741344137 on cpu 51 ***
[2025-03-07 11:42:17,565 E 740728 740728] logging.cc:361: *** SIGTERM received at time=1741344137 on cpu 13 ***
[2025-03-07 11:42:17,565 E 2067132 2067132] logging.cc:361: *** SIGTERM received at time=1741344137 on cpu 52 ***
[2025-03-07 11:42:17,565 E 685722 685722] logging.cc:361:     @     0x14f9579529c0  (unknown)  (unknown)
    @                0x1  (unknown)  (unknown)
[2025-03-07 11:42:17,565 E 1255616 1255616] logging.cc:361: PC: @     0x14e2ea6d19c5  (unknown)  opal_timer_linux_get_cycles_sys_timer
[2025-03-07 11:42:17,565 E 740728 740728] logging.cc:361: PC: @     0x14bcc9d98fd1  (unknown)  ompi_coll_libnbc_progress
[2025-03-07 11:42:17,565 E 2067132 2067132] logging.cc:361: PC: @     0x153c4ee3ce88  (unknown)  ucp_worker_progress
PC: @     0x14e0ced918fd  (unknown)  uct_mm_iface_progress
[2025-03-07 11:42:17,567 E 2602548 2602548] logging.cc:361: *** SIGTERM received at time=1741344137 on cpu 51 ***
    @     0x14ba0d8099c0  (unknown)  (unknown)
    @     0x1516c51ef9c0  (unknown)  (unknown)
[2025-03-07 11:42:17,566 E 2067132 2067132] logging.cc:361:     @     0x153c51d559c0  (unknown)  (unknown)
    @     0x14e0d16979c0  (unknown)  (unknown)
[2025-03-07 11:42:17,567 E 2602548 2602548] logging.cc:361: PC: @     0x15509f4d15ee  (unknown)  uct_rc_mlx5_iface_progress_cyclic
[2025-03-07 11:42:17,565 E 1255616 1255616] logging.cc:361:     @     0x14e2ea7f99c0  (unknown)  (unknown)
[2025-03-07 11:42:17,565 E 740729 740729] logging.cc:361: *** SIGTERM received at time=1741344137 on cpu 48 ***
    @                0x1  (unknown)  (unknown)
    @       0x8000000040  (unknown)  (unknown)
    @                0x1  (unknown)  (unknown)
[2025-03-07 11:42:17,565 E 1255615 1255615] logging.cc:361: *** SIGTERM received at time=1741344137 on cpu 16 ***
[2025-03-07 11:42:17,565 E 740728 740728] logging.cc:361:     @     0x14bccd4989c0  (unknown)  (unknown)
[2025-03-07 11:42:17,567 E 2067131 2067131] logging.cc:361: *** SIGTERM received at time=1741344137 on cpu 16 ***
    @         0x801f0fff  (unknown)  (unknown)
[2025-03-07 11:42:17,567 E 2602547 2602547] logging.cc:361: *** SIGTERM received at time=1741344137 on cpu 14 ***
[2025-03-07 11:42:17,565 E 1255615 1255615] logging.cc:361: PC: @     0x14ba0a8f0e88  (unknown)  ucp_worker_progress
[2025-03-07 11:42:17,565 E 740729 740729] logging.cc:361: PC: @     0x1516c50c79c5  (unknown)  opal_timer_linux_get_cycles_sys_timer
[2025-03-07 11:42:17,567 E 2067131 2067131] logging.cc:361: PC: @     0x14e82b195e95  (unknown)  ucp_worker_progress
[2025-03-07 11:42:17,573 E 685721 685721] logging.cc:361: *** SIGTERM received at time=1741344137 on cpu 25 ***
[2025-03-07 11:42:17,567 E 2602547 2602547] logging.cc:361: PC: @     0x14c0eb031ecf  (unknown)  ucp_worker_progress
[2025-03-07 11:42:17,565 E 1255615 1255615] logging.cc:361:     @     0x14ba0d8099c0  (unknown)  (unknown)
[2025-03-07 11:42:17,566 E 740729 740729] logging.cc:361:     @     0x1516c51ef9c0  (unknown)  (unknown)
[2025-03-07 11:42:17,569 E 2067131 2067131] logging.cc:361:     @     0x14e82e0ae9c0  1480917840  (unknown)
[2025-03-07 11:42:17,573 E 685721 685721] logging.cc:361: PC: @     0x14e0ced918fd  (unknown)  uct_mm_iface_progress
[2025-03-07 11:42:17,569 E 2602548 2602548] logging.cc:361:     @     0x1550a26859c0  906570656  (unknown)
[2025-03-07 11:42:17,570 E 2067131 2067131] logging.cc:361:     @                0x1  (unknown)  (unknown)
[2025-03-07 11:42:17,575 E 685721 685721] logging.cc:361:     @     0x14e0d16979c0  (unknown)  (unknown)
[2025-03-07 11:42:17,569 E 2602547 2602547] logging.cc:361:     @     0x14c0edf4a9c0  (unknown)  (unknown)
[2025-03-07 11:42:17,576 E 685721 685721] logging.cc:361:     @       0x8000000040  (unknown)  (unknown)
[2025-03-07 11:42:17,570 E 2602548 2602548] logging.cc:361:     @                0x1  (unknown)  (unknown)
[2025-03-07 11:42:17,578 E 685721 685721] logging.cc:361:     @         0x801f0fff  (unknown)  (unknown)
[2025-03-07 11:42:17,570 E 2602547 2602547] logging.cc:361:     @                0x1  (unknown)  (unknown)
[2025-03-07 11:42:17,571 E 801613 801613] logging.cc:361:     @ 0x4853d58955544155  (unknown)  (unknown)
[2025-03-07 11:42:17,574 E 3145259 3145259] logging.cc:361:     @         0x801f0fff  (unknown)  (unknown)
[2025-03-07 11:42:17,575 E 3145258 3145258] logging.cc:361:     @ 0xfffffff000000001  (unknown)  (unknown)
[2025-03-07 11:42:17,578 E 3145258 3145258] logging.cc:361:     @                0x1  (unknown)  (unknown)
[2025-03-07 11:42:17,580 E 3145258 3145258] logging.cc:361:     @     0x14a3f165c320  (unknown)  (unknown)
srun: error: ilk-245: tasks 10-11: Aborted (core dumped)
srun: error: ilk-243: tasks 8-9: Aborted (core dumped)
srun: error: ilk-247: tasks 14-15: Aborted (core dumped)
srun: error: ilk-242: tasks 6-7: Aborted (core dumped)
srun: error: ilk-48: tasks 4-5: Aborted (core dumped)
srun: error: ilk-246: tasks 12-13: Aborted (core dumped)
srun: error: ilk-30: tasks 0-1: Aborted (core dumped)
slurmstepd: error: *** STEP 10899145.18 ON ilk-6 CANCELLED AT 2025-03-07T12:00:13 DUE TO TIME LIMIT ***
slurmstepd: error: *** JOB 10899145 ON ilk-5 CANCELLED AT 2025-03-07T12:00:13 DUE TO TIME LIMIT ***
srun: Job step aborted: Waiting up to 32 seconds for job step to finish.
