slurmstepd: info: Setting TMPDIR to /scratch/10908865. Previous errors about TMPDIR can be discarded
Slurm job started at 07/03/2025_10:12:07 PM

In transit.
Initing Ray (1 head node + 2 worker nodes + 4 simulation nodes) on nodes: 
	ilk-68 ilk-196 ilk-203 ilk-234 ilk-251 ilk-252 ilk-253
Head node: 172.30.202.20:6379


RAY_DEPLOY_TIME:     23.27606
2025-03-07 22:12:32,960	INFO packaging.py:520 -- Creating a file package for local directory '/mnt/lustre/scratch/nlsas/home/ulc/cursos/curso341/dask_on_reisa_tests/E2/REISA/derivative/P128-SN4-LS134-GS17179-I10-AN2-D2025-03-07_21-31-44'.
2025-03-07 22:12:32,988	INFO packaging.py:347 -- Pushing file package 'gcs://_ray_pkg_489e353764cce808.zip' (0.48MiB) to Ray cluster...
2025-03-07 22:12:32,994	INFO packaging.py:360 -- Successfully pushed file package 'gcs://_ray_pkg_489e353764cce808.zip'.
RAY_INIT_TIME:       3.20744
Iter [0]
Iter [1]
Iter [2]
Iter [3]
Iter [4]
Iter [5]
Iter [6]
Iter [7]
Iter [8]
Iter [9]
GLOBAL_PUT_TIME:     8.184890031814575 (avg:0.81849)
ACTOR_CONCURRENCY:   8
SIMULATION_TIME:     29.446690122000000 (avg: 2.944669012200000)
SIM_WTHOUT_PDI:      16.333854465999998 (avg: 1.633385446600000)
PDI_DELAY:           13.112835656000001 (avg: 1.311283565600000)

GLOBAL_SIZE_(GiB):   16777216
LOCAL_SIZE_(MiB):    128
ITERATIONS:          10

MPI_PER_NODE:        32
MPI_PARALLELISM:     128

WORKER_NODES:        2
CPUS_PER_WORKER:     64
WORKER_PARALLELISM:  128


SLURM_JOB_ID:        10908865
EST_ANALYTICS_TIME:  112.16876 (avg:11.21688)

Slurm job finished at 07/03/2025_10:14:28 PM

*****************************************************************************
*                                                                           *
*                    JOB EFFICIENCY REPORT (seff 10908865)                   *
*                                                                           *
*****************************************************************************

Job ID: 10908865
Cluster: finisterrae3
User/Group: curso341/ulc
State: COMPLETED (exit code 0)
Nodes: 7
Cores per node: 64
CPU Utilized: 01:00:01
CPU Efficiency: 5.62% of 17:47:44 core-walltime
Job Wall-clock time: 00:02:23
Memory Utilized: 673.66 MB
Memory Efficiency: 0.04% of 1.48 TB

 +++++++++++++++++++++++++++++++++++++++++++++++++++++++++++++++++++++++++++
 ++   Memory Efficiency is too small. Please review the requested memory. ++
 ++ It seems that you do not need that much memory so we recommend        ++
 ++ requesting less memory in other similar jobs.                         ++
 +++++++++++++++++++++++++++++++++++++++++++++++++++++++++++++++++++++++++++
 
*****************************************************************************



*****************************************************************************
*****************************************************************************
*                                                                           *
*                                                                           *
*                    JOB EFFICIENCY REPORT (seff 10908865)                   *
*                    JOB EFFICIENCY REPORT (seff 10908865)                   *
*                                                                           *

*                                                                           *
*****************************************************************************
*****************************************************************************
*****************************************************************************

*                                                                           *

Job ID: 10908865
*                    JOB EFFICIENCY REPORT (seff 10908865)                   *
Job ID: 10908865
Cluster: finisterrae3
*                                                                           *
Cluster: finisterrae3
User/Group: curso341/ulc
*****************************************************************************
User/Group: curso341/ulc
State: COMPLETED (exit code 0)

State: COMPLETED (exit code 0)
Nodes: 7
Job ID: 10908865
Nodes: 7
Cores per node: 64
Cluster: finisterrae3
Cores per node: 64

CPU Utilized: 02:01:55
User/Group: curso341/ulc
CPU Utilized: 02:01:55

*****************************************************************************
CPU Efficiency: 11.42% of 17:47:44 core-walltime
State: COMPLETED (exit code 0)
CPU Efficiency: 11.42% of 17:47:44 core-walltime
*****************************************************************************
*                                                                           *
Job Wall-clock time: 00:02:23
Nodes: 7
Job Wall-clock time: 00:02:23
*                                                                           *
*                    JOB EFFICIENCY REPORT (seff 10908865)                   *
Memory Utilized: 24.22 GB
Cores per node: 64
Memory Utilized: 24.22 GB
*                    JOB EFFICIENCY REPORT (seff 10908865)                   *
*                                                                           *
Memory Efficiency: 1.59% of 1.48 TB
CPU Utilized: 02:01:55
Memory Efficiency: 1.59% of 1.48 TB
*                                                                           *
*****************************************************************************

CPU Efficiency: 11.42% of 17:47:44 core-walltime

*****************************************************************************

 +++++++++++++++++++++++++++++++++++++++++++++++++++++++++++++++++++++++++++
Job Wall-clock time: 00:02:23
 +++++++++++++++++++++++++++++++++++++++++++++++++++++++++++++++++++++++++++

Job ID: 10908865
 ++   Memory Efficiency is too small. Please review the requested memory. ++
Memory Utilized: 24.22 GB
 ++   Memory Efficiency is too small. Please review the requested memory. ++
Job ID: 10908865
Cluster: finisterrae3
 ++ It seems that you do not need that much memory so we recommend        ++
Memory Efficiency: 1.59% of 1.48 TB
 ++ It seems that you do not need that much memory so we recommend        ++
Cluster: finisterrae3
User/Group: curso341/ulc
 ++ requesting less memory in other similar jobs.                         ++

 ++ requesting less memory in other similar jobs.                         ++
User/Group: curso341/ulc
State: COMPLETED (exit code 0)
 +++++++++++++++++++++++++++++++++++++++++++++++++++++++++++++++++++++++++++
 +++++++++++++++++++++++++++++++++++++++++++++++++++++++++++++++++++++++++++
 +++++++++++++++++++++++++++++++++++++++++++++++++++++++++++++++++++++++++++
State: COMPLETED (exit code 0)
Nodes: 7
 
 ++   Memory Efficiency is too small. Please review the requested memory. ++
 
Nodes: 7
Cores per node: 64
*****************************************************************************
 ++ It seems that you do not need that much memory so we recommend        ++
*****************************************************************************
Cores per node: 64
CPU Utilized: 02:01:55

 ++ requesting less memory in other similar jobs.                         ++

CPU Utilized: 02:01:55
CPU Efficiency: 11.42% of 17:47:44 core-walltime
 +++++++++++++++++++++++++++++++++++++++++++++++++++++++++++++++++++++++++++
CPU Efficiency: 11.42% of 17:47:44 core-walltime
Job Wall-clock time: 00:02:23
 
Job Wall-clock time: 00:02:23
Memory Utilized: 24.22 GB
*****************************************************************************
Memory Utilized: 24.22 GB
Memory Efficiency: 1.59% of 1.48 TB

Memory Efficiency: 1.59% of 1.48 TB


 +++++++++++++++++++++++++++++++++++++++++++++++++++++++++++++++++++++++++++
 +++++++++++++++++++++++++++++++++++++++++++++++++++++++++++++++++++++++++++
 ++   Memory Efficiency is too small. Please review the requested memory. ++
 ++   Memory Efficiency is too small. Please review the requested memory. ++
 ++ It seems that you do not need that much memory so we recommend        ++
 ++ It seems that you do not need that much memory so we recommend        ++
 ++ requesting less memory in other similar jobs.                         ++
 ++ requesting less memory in other similar jobs.                         ++
 +++++++++++++++++++++++++++++++++++++++++++++++++++++++++++++++++++++++++++
 +++++++++++++++++++++++++++++++++++++++++++++++++++++++++++++++++++++++++++
 
 
*****************************************************************************
*****************************************************************************



*****************************************************************************
*                                                                           *
*                    JOB EFFICIENCY REPORT (seff 10908865)                   *
*                                                                           *
*****************************************************************************

Job ID: 10908865
Cluster: finisterrae3
User/Group: curso341/ulc
State: COMPLETED (exit code 0)
Nodes: 7
Cores per node: 64
CPU Utilized: 02:01:55
CPU Efficiency: 11.42% of 17:47:44 core-walltime
Job Wall-clock time: 00:02:23
Memory Utilized: 24.22 GB
Memory Efficiency: 1.59% of 1.48 TB

 +++++++++++++++++++++++++++++++++++++++++++++++++++++++++++++++++++++++++++
 ++   Memory Efficiency is too small. Please review the requested memory. ++
 ++ It seems that you do not need that much memory so we recommend        ++
 ++ requesting less memory in other similar jobs.                         ++
 +++++++++++++++++++++++++++++++++++++++++++++++++++++++++++++++++++++++++++
 
*****************************************************************************

