slurmstepd: info: Setting TMPDIR to /scratch/10781237. Previous errors about TMPDIR can be discarded
Slurm job started at 26/02/2025_12:00:47 PM

In transit.
Initing Ray (1 head node + 8 worker nodes + 16 simulation nodes) on nodes: 
	ilk-111 ilk-112 ilk-113 ilk-114 ilk-115 ilk-117 ilk-118 ilk-120 ilk-122 ilk-123 ilk-127 ilk-129 ilk-131 ilk-132 ilk-133 ilk-241 ilk-242 ilk-244 ilk-245 ilk-246 ilk-247 ilk-248 ilk-249 ilk-250 ilk-251
Head node: 172.30.203.15:6379


RAY_DEPLOY_TIME:     22.54984
2025-02-26 12:01:13,519	INFO packaging.py:520 -- Creating a file package for local directory '/mnt/lustre/scratch/nlsas/home/ulc/cursos/curso341/dask_on_reisa_tests/E2/REISA_ONE_ACTOR/reduction/P512-SN16-LS1-GS536-I25-AN8-D2025-02-26_11-04-02'.
2025-02-26 12:01:13,546	INFO packaging.py:347 -- Pushing file package 'gcs://_ray_pkg_87f54c2d8b38aa46.zip' (0.48MiB) to Ray cluster...
2025-02-26 12:01:13,553	INFO packaging.py:360 -- Successfully pushed file package 'gcs://_ray_pkg_87f54c2d8b38aa46.zip'.
RAY_INIT_TIME:       6.05095
Iter [0]
Iter [2]
Iter [4]
Iter [6]
Iter [8]
Iter [10]
Iter [12]
Iter [14]
Iter [16]
Iter [18]
Iter [20]
Iter [22]
Iter [24]
GLOBAL_PUT_TIME:     0.3207833766937256 (avg:0.01283)
ACTOR_CONCURRENCY:   8
EST_ANALYTICS_TIME:  378.42854 (avg:15.13714)
SIMULATION_TIME:     376.584578523999994 (avg: 15.063383140959999)
SIM_WTHOUT_PDI:      225.667241504000032 (avg: 9.026689660160001)
PDI_DELAY:           150.917337019999962 (avg: 6.036693480799999)

GLOBAL_SIZE_(GiB):   524288
LOCAL_SIZE_(MiB):    1
ITERATIONS:          25

MPI_PER_NODE:        32
MPI_PARALLELISM:     512

WORKER_NODES:        8
CPUS_PER_WORKER:     30
WORKER_PARALLELISM:  240


SLURM_JOB_ID:        10781237

Slurm job finished at 26/02/2025_12:07:38 PM

*****************************************************************************
*                                                                           *
*                    JOB EFFICIENCY REPORT (seff 10781237)                   *
*                                                                           *
*****************************************************************************

Job ID: 10781237
Cluster: finisterrae3
User/Group: curso341/ulc
State: COMPLETED (exit code 0)
Nodes: 25
Cores per node: 40
CPU Utilized: 1-03:37:59
CPU Efficiency: 24.03% of 4-19:00:00 core-walltime
Job Wall-clock time: 00:06:54
Memory Utilized: 2.17 GB
Memory Efficiency: 0.05% of 3.91 TB

 +++++++++++++++++++++++++++++++++++++++++++++++++++++++++++++++++++++++++++
 ++   Memory Efficiency is too small. Please review the requested memory. ++
 ++ It seems that you do not need that much memory so we recommend        ++
 ++ requesting less memory in other similar jobs.                         ++
 +++++++++++++++++++++++++++++++++++++++++++++++++++++++++++++++++++++++++++
 
*****************************************************************************


*****************************************************************************
*                                                                           *
*                    JOB EFFICIENCY REPORT (seff 10781237)                   *
*                                                                           *
*****************************************************************************

Job ID: 10781237
Cluster: finisterrae3
User/Group: curso341/ulc
State: COMPLETED (exit code 0)
Nodes: 25
Cores per node: 40
CPU Utilized: 1-03:37:59
CPU Efficiency: 24.03% of 4-19:00:00 core-walltime
Job Wall-clock time: 00:06:54
Memory Utilized: 2.17 GB
Memory Efficiency: 0.05% of 3.91 TB

 +++++++++++++++++++++++++++++++++++++++++++++++++++++++++++++++++++++++++++
 ++   Memory Efficiency is too small. Please review the requested memory. ++
 ++ It seems that you do not need that much memory so we recommend        ++
 ++ requesting less memory in other similar jobs.                         ++
 +++++++++++++++++++++++++++++++++++++++++++++++++++++++++++++++++++++++++++
 
*****************************************************************************


*****************************************************************************
*                                                                           *
*                    JOB EFFICIENCY REPORT (seff 10781237)                   *
*                                                                           *
*****************************************************************************

Job ID: 10781237
Cluster: finisterrae3
User/Group: curso341/ulc
State: COMPLETED (exit code 0)
Nodes: 25
Cores per node: 40
CPU Utilized: 1-03:37:59
CPU Efficiency: 24.03% of 4-19:00:00 core-walltime
Job Wall-clock time: 00:06:54
Memory Utilized: 2.17 GB
Memory Efficiency: 0.05% of 3.91 TB

 +++++++++++++++++++++++++++++++++++++++++++++++++++++++++++++++++++++++++++
 ++   Memory Efficiency is too small. Please review the requested memory. ++
 ++ It seems that you do not need that much memory so we recommend        ++
 ++ requesting less memory in other similar jobs.                         ++
 +++++++++++++++++++++++++++++++++++++++++++++++++++++++++++++++++++++++++++
 
*****************************************************************************


*****************************************************************************
*                                                                           *
*                    JOB EFFICIENCY REPORT (seff 10781237)                   *
*                                                                           *
*****************************************************************************

Job ID: 10781237
Cluster: finisterrae3
User/Group: curso341/ulc
State: COMPLETED (exit code 0)
Nodes: 25
Cores per node: 40
CPU Utilized: 1-03:37:59
CPU Efficiency: 24.03% of 4-19:00:00 core-walltime
Job Wall-clock time: 00:06:54
Memory Utilized: 2.17 GB
Memory Efficiency: 0.05% of 3.91 TB

 +++++++++++++++++++++++++++++++++++++++++++++++++++++++++++++++++++++++++++
 ++   Memory Efficiency is too small. Please review the requested memory. ++
 ++ It seems that you do not need that much memory so we recommend        ++
 ++ requesting less memory in other similar jobs.                         ++
 +++++++++++++++++++++++++++++++++++++++++++++++++++++++++++++++++++++++++++
 
*****************************************************************************


*****************************************************************************
*                                                                           *
*                    JOB EFFICIENCY REPORT (seff 10781237)                   *
*                                                                           *
*****************************************************************************

Job ID: 10781237
Cluster: finisterrae3
User/Group: curso341/ulc
State: COMPLETED (exit code 0)
Nodes: 25
Cores per node: 40
CPU Utilized: 1-03:37:59
CPU Efficiency: 24.03% of 4-19:00:00 core-walltime
Job Wall-clock time: 00:06:54
Memory Utilized: 2.17 GB
Memory Efficiency: 0.05% of 3.91 TB

 +++++++++++++++++++++++++++++++++++++++++++++++++++++++++++++++++++++++++++
 ++   Memory Efficiency is too small. Please review the requested memory. ++
 ++ It seems that you do not need that much memory so we recommend        ++
 ++ requesting less memory in other similar jobs.                         ++
 +++++++++++++++++++++++++++++++++++++++++++++++++++++++++++++++++++++++++++
 
*****************************************************************************


*****************************************************************************
*                                                                           *
*                    JOB EFFICIENCY REPORT (seff 10781237)                   *
*                                                                           *
*****************************************************************************

Job ID: 10781237
Cluster: finisterrae3
User/Group: curso341/ulc
State: COMPLETED (exit code 0)
Nodes: 25
Cores per node: 40
CPU Utilized: 1-03:37:59
CPU Efficiency: 24.03% of 4-19:00:00 core-walltime
Job Wall-clock time: 00:06:54
Memory Utilized: 2.17 GB
Memory Efficiency: 0.05% of 3.91 TB

 +++++++++++++++++++++++++++++++++++++++++++++++++++++++++++++++++++++++++++
 ++   Memory Efficiency is too small. Please review the requested memory. ++
 ++ It seems that you do not need that much memory so we recommend        ++
 ++ requesting less memory in other similar jobs.                         ++
 +++++++++++++++++++++++++++++++++++++++++++++++++++++++++++++++++++++++++++
 
*****************************************************************************


*****************************************************************************
*                                                                           *
*                    JOB EFFICIENCY REPORT (seff 10781237)                   *
*                                                                           *
*****************************************************************************

Job ID: 10781237
Cluster: finisterrae3
User/Group: curso341/ulc
State: COMPLETED (exit code 0)
Nodes: 25
Cores per node: 40
CPU Utilized: 1-03:40:41
CPU Efficiency: 24.07% of 4-19:00:00 core-walltime
Job Wall-clock time: 00:06:54
Memory Utilized: 2.17 GB
Memory Efficiency: 0.05% of 3.91 TB

 +++++++++++++++++++++++++++++++++++++++++++++++++++++++++++++++++++++++++++
 ++   Memory Efficiency is too small. Please review the requested memory. ++
 ++ It seems that you do not need that much memory so we recommend        ++
 ++ requesting less memory in other similar jobs.                         ++
 +++++++++++++++++++++++++++++++++++++++++++++++++++++++++++++++++++++++++++
 
*****************************************************************************


*****************************************************************************
*                                                                           *
*                    JOB EFFICIENCY REPORT (seff 10781237)                   *
*                                                                           *
*****************************************************************************

Job ID: 10781237
Cluster: finisterrae3
User/Group: curso341/ulc
State: COMPLETED (exit code 0)
Nodes: 25
Cores per node: 40
CPU Utilized: 1-03:37:59
CPU Efficiency: 24.03% of 4-19:00:00 core-walltime
Job Wall-clock time: 00:06:54
Memory Utilized: 2.17 GB
Memory Efficiency: 0.05% of 3.91 TB

 +++++++++++++++++++++++++++++++++++++++++++++++++++++++++++++++++++++++++++
 ++   Memory Efficiency is too small. Please review the requested memory. ++
 ++ It seems that you do not need that much memory so we recommend        ++
 ++ requesting less memory in other similar jobs.                         ++
 +++++++++++++++++++++++++++++++++++++++++++++++++++++++++++++++++++++++++++
 
*****************************************************************************


*****************************************************************************
*                                                                           *
*                    JOB EFFICIENCY REPORT (seff 10781237)                   *
*                                                                           *
*****************************************************************************

Job ID: 10781237
Cluster: finisterrae3
User/Group: curso341/ulc
State: COMPLETED (exit code 0)
Nodes: 25
Cores per node: 40
CPU Utilized: 1-03:37:59
CPU Efficiency: 24.03% of 4-19:00:00 core-walltime
Job Wall-clock time: 00:06:54
Memory Utilized: 2.17 GB
Memory Efficiency: 0.05% of 3.91 TB

 +++++++++++++++++++++++++++++++++++++++++++++++++++++++++++++++++++++++++++
 ++   Memory Efficiency is too small. Please review the requested memory. ++
 ++ It seems that you do not need that much memory so we recommend        ++
 ++ requesting less memory in other similar jobs.                         ++
 +++++++++++++++++++++++++++++++++++++++++++++++++++++++++++++++++++++++++++
 
*****************************************************************************


*****************************************************************************
*                                                                           *
*                    JOB EFFICIENCY REPORT (seff 10781237)                   *
*                                                                           *
*****************************************************************************

Job ID: 10781237
Cluster: finisterrae3
User/Group: curso341/ulc
State: COMPLETED (exit code 0)
Nodes: 25
Cores per node: 40
CPU Utilized: 1-03:40:41
CPU Efficiency: 24.07% of 4-19:00:00 core-walltime
Job Wall-clock time: 00:06:54
Memory Utilized: 2.17 GB
Memory Efficiency: 0.05% of 3.91 TB

 +++++++++++++++++++++++++++++++++++++++++++++++++++++++++++++++++++++++++++
 ++   Memory Efficiency is too small. Please review the requested memory. ++
 ++ It seems that you do not need that much memory so we recommend        ++
 ++ requesting less memory in other similar jobs.                         ++
 +++++++++++++++++++++++++++++++++++++++++++++++++++++++++++++++++++++++++++
 
*****************************************************************************


*****************************************************************************
*                                                                           *
*                    JOB EFFICIENCY REPORT (seff 10781237)                   *
*                                                                           *
*****************************************************************************

Job ID: 10781237
Cluster: finisterrae3
User/Group: curso341/ulc
State: COMPLETED (exit code 0)
Nodes: 25
Cores per node: 40
CPU Utilized: 1-03:37:59
CPU Efficiency: 24.03% of 4-19:00:00 core-walltime
Job Wall-clock time: 00:06:54
Memory Utilized: 2.17 GB
Memory Efficiency: 0.05% of 3.91 TB

 +++++++++++++++++++++++++++++++++++++++++++++++++++++++++++++++++++++++++++
 ++   Memory Efficiency is too small. Please review the requested memory. ++
 ++ It seems that you do not need that much memory so we recommend        ++
 ++ requesting less memory in other similar jobs.                         ++
 +++++++++++++++++++++++++++++++++++++++++++++++++++++++++++++++++++++++++++
 
*****************************************************************************


*****************************************************************************
*                                                                           *
*                    JOB EFFICIENCY REPORT (seff 10781237)                   *
*                                                                           *
*****************************************************************************

Job ID: 10781237
Cluster: finisterrae3
User/Group: curso341/ulc
State: COMPLETED (exit code 0)
Nodes: 25
Cores per node: 40
CPU Utilized: 1-03:40:41
CPU Efficiency: 24.07% of 4-19:00:00 core-walltime
Job Wall-clock time: 00:06:54
Memory Utilized: 2.17 GB
Memory Efficiency: 0.05% of 3.91 TB

 +++++++++++++++++++++++++++++++++++++++++++++++++++++++++++++++++++++++++++
 ++   Memory Efficiency is too small. Please review the requested memory. ++
 ++ It seems that you do not need that much memory so we recommend        ++
 ++ requesting less memory in other similar jobs.                         ++
 +++++++++++++++++++++++++++++++++++++++++++++++++++++++++++++++++++++++++++
 
*****************************************************************************


*****************************************************************************
*                                                                           *
*                    JOB EFFICIENCY REPORT (seff 10781237)                   *
*                                                                           *
*****************************************************************************

Job ID: 10781237
Cluster: finisterrae3
User/Group: curso341/ulc
State: COMPLETED (exit code 0)
Nodes: 25
Cores per node: 40
CPU Utilized: 1-03:37:59
CPU Efficiency: 24.03% of 4-19:00:00 core-walltime
Job Wall-clock time: 00:06:54
Memory Utilized: 2.17 GB
Memory Efficiency: 0.05% of 3.91 TB

 +++++++++++++++++++++++++++++++++++++++++++++++++++++++++++++++++++++++++++
 ++   Memory Efficiency is too small. Please review the requested memory. ++
 ++ It seems that you do not need that much memory so we recommend        ++
 ++ requesting less memory in other similar jobs.                         ++
 +++++++++++++++++++++++++++++++++++++++++++++++++++++++++++++++++++++++++++
 
*****************************************************************************


*****************************************************************************
*                                                                           *
*                    JOB EFFICIENCY REPORT (seff 10781237)                   *
*                                                                           *
*****************************************************************************

Job ID: 10781237
Cluster: finisterrae3
User/Group: curso341/ulc
State: COMPLETED (exit code 0)
Nodes: 25
Cores per node: 40
CPU Utilized: 1-03:40:41
CPU Efficiency: 24.07% of 4-19:00:00 core-walltime
Job Wall-clock time: 00:06:54
Memory Utilized: 2.17 GB
Memory Efficiency: 0.05% of 3.91 TB

 +++++++++++++++++++++++++++++++++++++++++++++++++++++++++++++++++++++++++++
 ++   Memory Efficiency is too small. Please review the requested memory. ++
 ++ It seems that you do not need that much memory so we recommend        ++
 ++ requesting less memory in other similar jobs.                         ++
 +++++++++++++++++++++++++++++++++++++++++++++++++++++++++++++++++++++++++++
 
*****************************************************************************


*****************************************************************************
*                                                                           *
*                    JOB EFFICIENCY REPORT (seff 10781237)                   *
*                                                                           *
*****************************************************************************

Job ID: 10781237
Cluster: finisterrae3
User/Group: curso341/ulc
State: COMPLETED (exit code 0)
Nodes: 25
Cores per node: 40
CPU Utilized: 1-03:37:59
CPU Efficiency: 24.03% of 4-19:00:00 core-walltime
Job Wall-clock time: 00:06:54
Memory Utilized: 2.17 GB
Memory Efficiency: 0.05% of 3.91 TB

 +++++++++++++++++++++++++++++++++++++++++++++++++++++++++++++++++++++++++++
 ++   Memory Efficiency is too small. Please review the requested memory. ++
 ++ It seems that you do not need that much memory so we recommend        ++
 ++ requesting less memory in other similar jobs.                         ++
 +++++++++++++++++++++++++++++++++++++++++++++++++++++++++++++++++++++++++++
 
*****************************************************************************


*****************************************************************************
*                                                                           *
*                    JOB EFFICIENCY REPORT (seff 10781237)                   *
*                                                                           *
*****************************************************************************

Job ID: 10781237
Cluster: finisterrae3
User/Group: curso341/ulc
State: COMPLETED (exit code 0)
Nodes: 25
Cores per node: 40
CPU Utilized: 1-03:40:41
CPU Efficiency: 24.07% of 4-19:00:00 core-walltime
Job Wall-clock time: 00:06:54
Memory Utilized: 2.17 GB
Memory Efficiency: 0.05% of 3.91 TB

 +++++++++++++++++++++++++++++++++++++++++++++++++++++++++++++++++++++++++++
 ++   Memory Efficiency is too small. Please review the requested memory. ++
 ++ It seems that you do not need that much memory so we recommend        ++
 ++ requesting less memory in other similar jobs.                         ++
 +++++++++++++++++++++++++++++++++++++++++++++++++++++++++++++++++++++++++++
 
*****************************************************************************


*****************************************************************************
*                                                                           *
*                    JOB EFFICIENCY REPORT (seff 10781237)                   *
*                                                                           *
*****************************************************************************

Job ID: 10781237
Cluster: finisterrae3
User/Group: curso341/ulc
State: COMPLETED (exit code 0)
Nodes: 25
Cores per node: 40
CPU Utilized: 1-03:40:41
CPU Efficiency: 24.07% of 4-19:00:00 core-walltime
Job Wall-clock time: 00:06:54
Memory Utilized: 2.17 GB
Memory Efficiency: 0.05% of 3.91 TB

 +++++++++++++++++++++++++++++++++++++++++++++++++++++++++++++++++++++++++++
 ++   Memory Efficiency is too small. Please review the requested memory. ++
 ++ It seems that you do not need that much memory so we recommend        ++
 ++ requesting less memory in other similar jobs.                         ++
 +++++++++++++++++++++++++++++++++++++++++++++++++++++++++++++++++++++++++++
 
*****************************************************************************


*****************************************************************************
*                                                                           *
*                    JOB EFFICIENCY REPORT (seff 10781237)                   *
*                                                                           *
*****************************************************************************

Job ID: 10781237
Cluster: finisterrae3
User/Group: curso341/ulc
State: COMPLETED (exit code 0)
Nodes: 25
Cores per node: 40
CPU Utilized: 1-03:37:59
CPU Efficiency: 24.03% of 4-19:00:00 core-walltime
Job Wall-clock time: 00:06:54
Memory Utilized: 2.17 GB
Memory Efficiency: 0.05% of 3.91 TB

 +++++++++++++++++++++++++++++++++++++++++++++++++++++++++++++++++++++++++++
 ++   Memory Efficiency is too small. Please review the requested memory. ++
 ++ It seems that you do not need that much memory so we recommend        ++
 ++ requesting less memory in other similar jobs.                         ++
 +++++++++++++++++++++++++++++++++++++++++++++++++++++++++++++++++++++++++++
 
*****************************************************************************


*****************************************************************************
*                                                                           *
*                    JOB EFFICIENCY REPORT (seff 10781237)                   *
*                                                                           *
*****************************************************************************

Job ID: 10781237
Cluster: finisterrae3
User/Group: curso341/ulc
State: COMPLETED (exit code 0)
Nodes: 25
Cores per node: 40
CPU Utilized: 1-03:37:59
CPU Efficiency: 24.03% of 4-19:00:00 core-walltime
Job Wall-clock time: 00:06:54
Memory Utilized: 2.17 GB
Memory Efficiency: 0.05% of 3.91 TB

 +++++++++++++++++++++++++++++++++++++++++++++++++++++++++++++++++++++++++++
 ++   Memory Efficiency is too small. Please review the requested memory. ++
 ++ It seems that you do not need that much memory so we recommend        ++
 ++ requesting less memory in other similar jobs.                         ++
 +++++++++++++++++++++++++++++++++++++++++++++++++++++++++++++++++++++++++++
 
*****************************************************************************


*****************************************************************************
*                                                                           *
*                    JOB EFFICIENCY REPORT (seff 10781237)                   *
*                                                                           *
*****************************************************************************

Job ID: 10781237
Cluster: finisterrae3
User/Group: curso341/ulc
State: COMPLETED (exit code 0)
Nodes: 25
Cores per node: 40
CPU Utilized: 1-03:49:04
CPU Efficiency: 24.19% of 4-19:00:00 core-walltime
Job Wall-clock time: 00:06:54
Memory Utilized: 2.17 GB
Memory Efficiency: 0.05% of 3.91 TB

 +++++++++++++++++++++++++++++++++++++++++++++++++++++++++++++++++++++++++++
 ++   Memory Efficiency is too small. Please review the requested memory. ++
 ++ It seems that you do not need that much memory so we recommend        ++
 ++ requesting less memory in other similar jobs.                         ++
 +++++++++++++++++++++++++++++++++++++++++++++++++++++++++++++++++++++++++++
 
*****************************************************************************


*****************************************************************************
*                                                                           *
*                    JOB EFFICIENCY REPORT (seff 10781237)                   *
*                                                                           *
*****************************************************************************

Job ID: 10781237
Cluster: finisterrae3
User/Group: curso341/ulc
State: COMPLETED (exit code 0)
Nodes: 25
Cores per node: 40
CPU Utilized: 1-03:49:04
CPU Efficiency: 24.19% of 4-19:00:00 core-walltime
Job Wall-clock time: 00:06:54
Memory Utilized: 2.17 GB
Memory Efficiency: 0.05% of 3.91 TB

 +++++++++++++++++++++++++++++++++++++++++++++++++++++++++++++++++++++++++++
 ++   Memory Efficiency is too small. Please review the requested memory. ++
 ++ It seems that you do not need that much memory so we recommend        ++
 ++ requesting less memory in other similar jobs.                         ++
 +++++++++++++++++++++++++++++++++++++++++++++++++++++++++++++++++++++++++++
 
*****************************************************************************


*****************************************************************************
*                                                                           *
*                    JOB EFFICIENCY REPORT (seff 10781237)                   *
*                                                                           *
*****************************************************************************

Job ID: 10781237
Cluster: finisterrae3
User/Group: curso341/ulc
State: COMPLETED (exit code 0)
Nodes: 25
Cores per node: 40
CPU Utilized: 1-03:49:04
CPU Efficiency: 24.19% of 4-19:00:00 core-walltime
Job Wall-clock time: 00:06:54
Memory Utilized: 2.17 GB
Memory Efficiency: 0.05% of 3.91 TB

 +++++++++++++++++++++++++++++++++++++++++++++++++++++++++++++++++++++++++++
 ++   Memory Efficiency is too small. Please review the requested memory. ++
 ++ It seems that you do not need that much memory so we recommend        ++
 ++ requesting less memory in other similar jobs.                         ++
 +++++++++++++++++++++++++++++++++++++++++++++++++++++++++++++++++++++++++++
 
*****************************************************************************


*****************************************************************************
*                                                                           *
*                    JOB EFFICIENCY REPORT (seff 10781237)                   *
*                                                                           *
*****************************************************************************

Job ID: 10781237
Cluster: finisterrae3
User/Group: curso341/ulc
State: COMPLETED (exit code 0)
Nodes: 25
Cores per node: 40
CPU Utilized: 1-03:49:04
CPU Efficiency: 24.19% of 4-19:00:00 core-walltime
Job Wall-clock time: 00:06:54
Memory Utilized: 2.17 GB
Memory Efficiency: 0.05% of 3.91 TB

 +++++++++++++++++++++++++++++++++++++++++++++++++++++++++++++++++++++++++++
 ++   Memory Efficiency is too small. Please review the requested memory. ++
 ++ It seems that you do not need that much memory so we recommend        ++
 ++ requesting less memory in other similar jobs.                         ++
 +++++++++++++++++++++++++++++++++++++++++++++++++++++++++++++++++++++++++++
 
*****************************************************************************


*****************************************************************************
*                                                                           *
*                    JOB EFFICIENCY REPORT (seff 10781237)                   *
*                                                                           *
*****************************************************************************

Job ID: 10781237
Cluster: finisterrae3
User/Group: curso341/ulc
State: COMPLETED (exit code 0)
Nodes: 25
Cores per node: 40
CPU Utilized: 1-03:37:59
CPU Efficiency: 24.03% of 4-19:00:00 core-walltime
Job Wall-clock time: 00:06:54
Memory Utilized: 2.17 GB
Memory Efficiency: 0.05% of 3.91 TB

 +++++++++++++++++++++++++++++++++++++++++++++++++++++++++++++++++++++++++++
 ++   Memory Efficiency is too small. Please review the requested memory. ++
 ++ It seems that you do not need that much memory so we recommend        ++
 ++ requesting less memory in other similar jobs.                         ++
 +++++++++++++++++++++++++++++++++++++++++++++++++++++++++++++++++++++++++++
 
*****************************************************************************


*****************************************************************************
*                                                                           *
*                    JOB EFFICIENCY REPORT (seff 10781237)                   *
*                                                                           *
*****************************************************************************

Job ID: 10781237
Cluster: finisterrae3
User/Group: curso341/ulc
State: COMPLETED (exit code 0)
Nodes: 25
Cores per node: 40
CPU Utilized: 1-03:50:05
CPU Efficiency: 24.20% of 4-19:00:00 core-walltime
Job Wall-clock time: 00:06:54
Memory Utilized: 2.17 GB
Memory Efficiency: 0.05% of 3.91 TB

 +++++++++++++++++++++++++++++++++++++++++++++++++++++++++++++++++++++++++++
 ++   Memory Efficiency is too small. Please review the requested memory. ++
 ++ It seems that you do not need that much memory so we recommend        ++
 ++ requesting less memory in other similar jobs.                         ++
 +++++++++++++++++++++++++++++++++++++++++++++++++++++++++++++++++++++++++++
 
*****************************************************************************

