slurmstepd: info: Setting TMPDIR to /scratch/10942651. Previous errors about TMPDIR can be discarded
Slurm job started at 12/03/2025_05:32:35 PM

In transit.
Initing Ray (1 head node + 2 worker nodes + 4 simulation nodes) on nodes: 
	ilk-146 ilk-149 ilk-151 ilk-153 ilk-154 ilk-155 ilk-156
Head node: 172.30.204.2:6379


RAY_DEPLOY_TIME:     24.14299
2025-03-12 17:33:03,380	INFO packaging.py:520 -- Creating a file package for local directory '/mnt/lustre/scratch/nlsas/home/ulc/cursos/curso341/dask_on_reisa_tests/E6/DASK_ON_REISA/derivative/P128-SN4-LS1-GS134-I10-AN2-D2025-03-12_10-03-34'.
2025-03-12 17:33:03,409	INFO packaging.py:347 -- Pushing file package 'gcs://_ray_pkg_a184e1a9d4b23469.zip' (0.48MiB) to Ray cluster...
2025-03-12 17:33:03,415	INFO packaging.py:360 -- Successfully pushed file package 'gcs://_ray_pkg_a184e1a9d4b23469.zip'.
RAY_INIT_TIME:       5.42158
Iter [0]
Iter [1]
Iter [2]
Iter [3]
Iter [4]
Iter [5]
[2m[36m(iter_task pid=2187842, ip=10.120.204.5)[0m /home/ulc/cursos/curso341/.local/lib/python3.9/site-packages/dask/config.py:693: UserWarning: Configuration key "shuffle" has been deprecated. Please use "dataframe.shuffle.algorithm" instead
[2m[36m(iter_task pid=2187842, ip=10.120.204.5)[0m   warnings.warn(
[2m[36m(iter_task pid=2187841, ip=10.120.204.5)[0m /home/ulc/cursos/curso341/.local/lib/python3.9/site-packages/dask/config.py:693: UserWarning: Configuration key "shuffle" has been deprecated. Please use "dataframe.shuffle.algorithm" instead
[2m[36m(iter_task pid=2187841, ip=10.120.204.5)[0m   warnings.warn(
[2m[36m(iter_task pid=442763, ip=10.120.204.7)[0m /home/ulc/cursos/curso341/.local/lib/python3.9/site-packages/dask/config.py:693: UserWarning: Configuration key "shuffle" has been deprecated. Please use "dataframe.shuffle.algorithm" instead
[2m[36m(iter_task pid=442763, ip=10.120.204.7)[0m   warnings.warn(
[2m[36m(iter_task pid=442764, ip=10.120.204.7)[0m /home/ulc/cursos/curso341/.local/lib/python3.9/site-packages/dask/config.py:693: UserWarning: Configuration key "shuffle" has been deprecated. Please use "dataframe.shuffle.algorithm" instead
[2m[36m(iter_task pid=442764, ip=10.120.204.7)[0m   warnings.warn(
Iter [6]
Iter [7]
Iter [8]
Iter [9]
GLOBAL_PUT_TIME:     0.046652793884277344 (avg:0.00467)
ACTOR_CONCURRENCY:   8
SIMULATION_TIME:     7.697811066000000 (avg: 0.769781106600000)
SIM_WTHOUT_PDI:      4.297066691999998 (avg: 0.429706669200000)
PDI_DELAY:           3.400744374000002 (avg: 0.340074437400000)

GLOBAL_SIZE_(GiB):   131072
LOCAL_SIZE_(MiB):    1
ITERATIONS:          10

MPI_PER_NODE:        32
MPI_PARALLELISM:     128

WORKER_NODES:        2
CPUS_PER_WORKER:     64
WORKER_PARALLELISM:  128


SLURM_JOB_ID:        10942651
[2m[36m(iter_task pid=442763, ip=10.120.204.7)[0m /home/ulc/cursos/curso341/.local/lib/python3.9/site-packages/dask/config.py:693: UserWarning: Configuration key "shuffle" has been deprecated. Please use "dataframe.shuffle.algorithm" instead
[2m[36m(iter_task pid=442763, ip=10.120.204.7)[0m   warnings.warn(
[2m[36m(iter_task pid=2187842, ip=10.120.204.5)[0m /home/ulc/cursos/curso341/.local/lib/python3.9/site-packages/dask/config.py:693: UserWarning: Configuration key "shuffle" has been deprecated. Please use "dataframe.shuffle.algorithm" instead
[2m[36m(iter_task pid=2187842, ip=10.120.204.5)[0m   warnings.warn(
EST_ANALYTICS_TIME:  33.11343 (avg:3.31134)

Slurm job finished at 12/03/2025_05:33:40 PM

*****************************************************************************
*                                                                           *
*                    JOB EFFICIENCY REPORT (seff 10942651)                   *
*                                                                           *
*****************************************************************************

Job ID: 10942651
Cluster: finisterrae3
User/Group: curso341/ulc
State: COMPLETED (exit code 0)
Nodes: 7
Cores per node: 64
CPU Utilized: 00:50:56
CPU Efficiency: 10.03% of 08:27:44 core-walltime
Job Wall-clock time: 00:01:08
Memory Utilized: 6.89 GB
Memory Efficiency: 0.45% of 1.48 TB

 +++++++++++++++++++++++++++++++++++++++++++++++++++++++++++++++++++++++++++
 ++   Memory Efficiency is too small. Please review the requested memory. ++
 ++ It seems that you do not need that much memory so we recommend        ++
 ++ requesting less memory in other similar jobs.                         ++
 +++++++++++++++++++++++++++++++++++++++++++++++++++++++++++++++++++++++++++
 
*****************************************************************************


*****************************************************************************
*                                                                           *
*                    JOB EFFICIENCY REPORT (seff 10942651)                   *
*                                                                           *
*****************************************************************************

Job ID: 10942651
Cluster: finisterrae3
User/Group: curso341/ulc
State: COMPLETED (exit code 0)
Nodes: 7
Cores per node: 64
CPU Utilized: 00:50:56
CPU Efficiency: 10.03% of 08:27:44 core-walltime
Job Wall-clock time: 00:01:08
Memory Utilized: 6.89 GB
Memory Efficiency: 0.45% of 1.48 TB

 +++++++++++++++++++++++++++++++++++++++++++++++++++++++++++++++++++++++++++
 ++   Memory Efficiency is too small. Please review the requested memory. ++
 ++ It seems that you do not need that much memory so we recommend        ++
 ++ requesting less memory in other similar jobs.                         ++
 +++++++++++++++++++++++++++++++++++++++++++++++++++++++++++++++++++++++++++
 
*****************************************************************************





*****************************************************************************

*****************************************************************************
*****************************************************************************
*****************************************************************************
*                                                                           *
*****************************************************************************
*                                                                           *
*                                                                           *
*                                                                           *
*                    JOB EFFICIENCY REPORT (seff 10942651)                   *
*                                                                           *
*                    JOB EFFICIENCY REPORT (seff 10942651)                   *
*                    JOB EFFICIENCY REPORT (seff 10942651)                   *
*                    JOB EFFICIENCY REPORT (seff 10942651)                   *
*                                                                           *
*                    JOB EFFICIENCY REPORT (seff 10942651)                   *
*                                                                           *
*                                                                           *
*                                                                           *
*****************************************************************************
*                                                                           *
*****************************************************************************
*****************************************************************************
*****************************************************************************

*****************************************************************************



Job ID: 10942651

Job ID: 10942651
Job ID: 10942651
Job ID: 10942651
Cluster: finisterrae3
Job ID: 10942651
Cluster: finisterrae3
Cluster: finisterrae3
Cluster: finisterrae3
User/Group: curso341/ulc
Cluster: finisterrae3
User/Group: curso341/ulc
User/Group: curso341/ulc
User/Group: curso341/ulc
State: COMPLETED (exit code 0)
User/Group: curso341/ulc
State: COMPLETED (exit code 0)
State: COMPLETED (exit code 0)
State: COMPLETED (exit code 0)
Nodes: 7
State: COMPLETED (exit code 0)
Nodes: 7
Nodes: 7
Nodes: 7
Cores per node: 64
Nodes: 7
Cores per node: 64
Cores per node: 64
Cores per node: 64
CPU Utilized: 00:15:15
Cores per node: 64
CPU Utilized: 00:15:15
CPU Utilized: 00:15:15
CPU Utilized: 00:15:15
CPU Efficiency: 3.00% of 08:27:44 core-walltime
CPU Utilized: 00:51:48
CPU Efficiency: 3.00% of 08:27:44 core-walltime
CPU Efficiency: 3.00% of 08:27:44 core-walltime
CPU Efficiency: 3.00% of 08:27:44 core-walltime
Job Wall-clock time: 00:01:08
CPU Efficiency: 10.20% of 08:27:44 core-walltime
Job Wall-clock time: 00:01:08
Job Wall-clock time: 00:01:08
Job Wall-clock time: 00:01:08
Memory Utilized: 467.30 MB
Job Wall-clock time: 00:01:08
Memory Utilized: 467.30 MB
Memory Utilized: 467.30 MB
Memory Utilized: 467.30 MB
Memory Efficiency: 0.03% of 1.48 TB
Memory Utilized: 6.89 GB
Memory Efficiency: 0.03% of 1.48 TB
Memory Efficiency: 0.03% of 1.48 TB
Memory Efficiency: 0.03% of 1.48 TB

Memory Efficiency: 0.45% of 1.48 TB



 +++++++++++++++++++++++++++++++++++++++++++++++++++++++++++++++++++++++++++

 +++++++++++++++++++++++++++++++++++++++++++++++++++++++++++++++++++++++++++
 +++++++++++++++++++++++++++++++++++++++++++++++++++++++++++++++++++++++++++
 +++++++++++++++++++++++++++++++++++++++++++++++++++++++++++++++++++++++++++
 ++   Memory Efficiency is too small. Please review the requested memory. ++
 +++++++++++++++++++++++++++++++++++++++++++++++++++++++++++++++++++++++++++
 ++   Memory Efficiency is too small. Please review the requested memory. ++
 ++   Memory Efficiency is too small. Please review the requested memory. ++
 ++   Memory Efficiency is too small. Please review the requested memory. ++
 ++ It seems that you do not need that much memory so we recommend        ++
 ++   Memory Efficiency is too small. Please review the requested memory. ++
 ++ It seems that you do not need that much memory so we recommend        ++
 ++ It seems that you do not need that much memory so we recommend        ++
 ++ It seems that you do not need that much memory so we recommend        ++
 ++ requesting less memory in other similar jobs.                         ++
 ++ It seems that you do not need that much memory so we recommend        ++
 ++ requesting less memory in other similar jobs.                         ++
 ++ requesting less memory in other similar jobs.                         ++
 ++ requesting less memory in other similar jobs.                         ++
 +++++++++++++++++++++++++++++++++++++++++++++++++++++++++++++++++++++++++++
 ++ requesting less memory in other similar jobs.                         ++
 +++++++++++++++++++++++++++++++++++++++++++++++++++++++++++++++++++++++++++
 +++++++++++++++++++++++++++++++++++++++++++++++++++++++++++++++++++++++++++
 +++++++++++++++++++++++++++++++++++++++++++++++++++++++++++++++++++++++++++
 
 +++++++++++++++++++++++++++++++++++++++++++++++++++++++++++++++++++++++++++
 
 
 
*****************************************************************************
 
*****************************************************************************
*****************************************************************************
*****************************************************************************

*****************************************************************************




