slurmstepd: info: Setting TMPDIR to /scratch/10895226. Previous errors about TMPDIR can be discarded
Slurm job started at 07/03/2025_01:53:33 AM

In transit.
Initing Ray (1 head node + 2 worker nodes + 4 simulation nodes) on nodes: 
	ilk-160 ilk-164 ilk-169 ilk-170 ilk-171 ilk-173 ilk-185
Head node: 172.30.204.16:6379


RAY_DEPLOY_TIME:     23.92497
2025-03-07 01:53:59,130	INFO packaging.py:520 -- Creating a file package for local directory '/mnt/lustre/scratch/nlsas/home/ulc/cursos/curso341/dask_on_reisa_tests/E1/REISA_ONE_ACTOR/derivative/P128-SN4-LS1-GS134-I10-AN2-D2025-03-06_23-16-14'.
2025-03-07 01:53:59,156	INFO packaging.py:347 -- Pushing file package 'gcs://_ray_pkg_0cf11d339cf7440b.zip' (0.48MiB) to Ray cluster...
2025-03-07 01:53:59,162	INFO packaging.py:360 -- Successfully pushed file package 'gcs://_ray_pkg_0cf11d339cf7440b.zip'.
RAY_INIT_TIME:       3.81828
Iter [0]
Iter [1]
Iter [2]
Iter [3]
Iter [4]
Iter [5]
Iter [6]
Iter [7]
Iter [8]
Iter [9]
GLOBAL_PUT_TIME:     0.05845832824707031 (avg:0.00585)
ACTOR_CONCURRENCY:   8
EST_ANALYTICS_TIME:  32.81480 (avg:3.28148)
SIMULATION_TIME:     31.481013004000001 (avg: 3.148101300400000)
SIM_WTHOUT_PDI:      16.038756420999999 (avg: 1.603875642100000)
PDI_DELAY:           15.442256583000002 (avg: 1.544225658300000)

GLOBAL_SIZE_(GiB):   131072
LOCAL_SIZE_(MiB):    1
ITERATIONS:          10

MPI_PER_NODE:        32
MPI_PARALLELISM:     128

WORKER_NODES:        2
CPUS_PER_WORKER:     64
WORKER_PARALLELISM:  128


SLURM_JOB_ID:        10895226

Slurm job finished at 07/03/2025_01:54:35 AM

*****************************************************************************
*                                                                           *
*                    JOB EFFICIENCY REPORT (seff 10895226)                   *
*                                                                           *
*****************************************************************************

Job ID: 10895226
Cluster: finisterrae3
User/Group: curso341/ulc
State: COMPLETED (exit code 0)
Nodes: 7
Cores per node: 64
CPU Utilized: 00:42:17
CPU Efficiency: 8.45% of 08:20:16 core-walltime
Job Wall-clock time: 00:01:07
Memory Utilized: 293.14 MB
Memory Efficiency: 0.02% of 1.48 TB

 +++++++++++++++++++++++++++++++++++++++++++++++++++++++++++++++++++++++++++
 ++   Memory Efficiency is too small. Please review the requested memory. ++
 ++ It seems that you do not need that much memory so we recommend        ++
 ++ requesting less memory in other similar jobs.                         ++
 +++++++++++++++++++++++++++++++++++++++++++++++++++++++++++++++++++++++++++
 
*****************************************************************************



*****************************************************************************
*****************************************************************************
*                                                                           *
*                                                                           *
*                    JOB EFFICIENCY REPORT (seff 10895226)                   *
*                    JOB EFFICIENCY REPORT (seff 10895226)                   *
*                                                                           *
*                                                                           *
*****************************************************************************
*****************************************************************************


Job ID: 10895226
Job ID: 10895226
Cluster: finisterrae3
Cluster: finisterrae3
User/Group: curso341/ulc
User/Group: curso341/ulc

State: COMPLETED (exit code 0)
State: COMPLETED (exit code 0)
*****************************************************************************

Nodes: 7
Nodes: 7
*                                                                           *
*****************************************************************************
Cores per node: 64
Cores per node: 64
*                    JOB EFFICIENCY REPORT (seff 10895226)                   *
*                                                                           *
CPU Utilized: 00:42:17
CPU Utilized: 00:42:17
*                                                                           *
*                    JOB EFFICIENCY REPORT (seff 10895226)                   *
CPU Efficiency: 8.45% of 08:20:16 core-walltime
CPU Efficiency: 8.45% of 08:20:16 core-walltime
*****************************************************************************
*                                                                           *
Job Wall-clock time: 00:01:07
Job Wall-clock time: 00:01:07

*****************************************************************************
Memory Utilized: 293.14 MB
Memory Utilized: 293.14 MB
Job ID: 10895226

Memory Efficiency: 0.02% of 1.48 TB
Memory Efficiency: 0.02% of 1.48 TB
Cluster: finisterrae3
Job ID: 10895226


User/Group: curso341/ulc
Cluster: finisterrae3
 +++++++++++++++++++++++++++++++++++++++++++++++++++++++++++++++++++++++++++
 +++++++++++++++++++++++++++++++++++++++++++++++++++++++++++++++++++++++++++
State: COMPLETED (exit code 0)
User/Group: curso341/ulc
 ++   Memory Efficiency is too small. Please review the requested memory. ++
 ++   Memory Efficiency is too small. Please review the requested memory. ++
Nodes: 7
State: COMPLETED (exit code 0)
 ++ It seems that you do not need that much memory so we recommend        ++
 ++ It seems that you do not need that much memory so we recommend        ++
Cores per node: 64
Nodes: 7
 ++ requesting less memory in other similar jobs.                         ++
 ++ requesting less memory in other similar jobs.                         ++
CPU Utilized: 00:42:17
Cores per node: 64
 +++++++++++++++++++++++++++++++++++++++++++++++++++++++++++++++++++++++++++
 +++++++++++++++++++++++++++++++++++++++++++++++++++++++++++++++++++++++++++
CPU Efficiency: 8.45% of 08:20:16 core-walltime
CPU Utilized: 00:42:17
 
 
Job Wall-clock time: 00:01:07

CPU Efficiency: 8.45% of 08:20:16 core-walltime
*****************************************************************************
*****************************************************************************
Memory Utilized: 293.14 MB
*****************************************************************************
Job Wall-clock time: 00:01:07


Memory Efficiency: 0.02% of 1.48 TB
*                                                                           *
Memory Utilized: 293.14 MB

*                    JOB EFFICIENCY REPORT (seff 10895226)                   *
Memory Efficiency: 0.02% of 1.48 TB
 +++++++++++++++++++++++++++++++++++++++++++++++++++++++++++++++++++++++++++
*                                                                           *

 ++   Memory Efficiency is too small. Please review the requested memory. ++
*****************************************************************************
 +++++++++++++++++++++++++++++++++++++++++++++++++++++++++++++++++++++++++++
 ++ It seems that you do not need that much memory so we recommend        ++

 ++   Memory Efficiency is too small. Please review the requested memory. ++
 ++ requesting less memory in other similar jobs.                         ++
Job ID: 10895226
 ++ It seems that you do not need that much memory so we recommend        ++
 +++++++++++++++++++++++++++++++++++++++++++++++++++++++++++++++++++++++++++
Cluster: finisterrae3
 ++ requesting less memory in other similar jobs.                         ++
 
User/Group: curso341/ulc
 +++++++++++++++++++++++++++++++++++++++++++++++++++++++++++++++++++++++++++
*****************************************************************************
State: COMPLETED (exit code 0)
 

Nodes: 7
*****************************************************************************
Cores per node: 64

CPU Utilized: 00:42:17
CPU Efficiency: 8.45% of 08:20:16 core-walltime
Job Wall-clock time: 00:01:07
Memory Utilized: 293.14 MB
Memory Efficiency: 0.02% of 1.48 TB

 +++++++++++++++++++++++++++++++++++++++++++++++++++++++++++++++++++++++++++
 ++   Memory Efficiency is too small. Please review the requested memory. ++
 ++ It seems that you do not need that much memory so we recommend        ++
 ++ requesting less memory in other similar jobs.                         ++
 +++++++++++++++++++++++++++++++++++++++++++++++++++++++++++++++++++++++++++
 
*****************************************************************************


*****************************************************************************
*                                                                           *
*                    JOB EFFICIENCY REPORT (seff 10895226)                   *
*                                                                           *
*****************************************************************************

Job ID: 10895226
Cluster: finisterrae3
User/Group: curso341/ulc
State: COMPLETED (exit code 0)
Nodes: 7
Cores per node: 64
CPU Utilized: 00:42:37
CPU Efficiency: 8.52% of 08:20:16 core-walltime
Job Wall-clock time: 00:01:07
Memory Utilized: 639.14 MB
Memory Efficiency: 0.04% of 1.48 TB

 +++++++++++++++++++++++++++++++++++++++++++++++++++++++++++++++++++++++++++
 ++   Memory Efficiency is too small. Please review the requested memory. ++
 ++ It seems that you do not need that much memory so we recommend        ++
 ++ requesting less memory in other similar jobs.                         ++
 +++++++++++++++++++++++++++++++++++++++++++++++++++++++++++++++++++++++++++
 
*****************************************************************************

