slurmstepd: info: Setting TMPDIR to /scratch/10895256. Previous errors about TMPDIR can be discarded
Slurm job started at 07/03/2025_01:19:06 AM

In transit.
Initing Ray (1 head node + 4 worker nodes + 4 simulation nodes) on nodes: 
	ilk-5 ilk-6 ilk-14 ilk-106 ilk-241 ilk-243 ilk-248 ilk-249 ilk-250
Head node: 172.30.201.5:6379


RAY_DEPLOY_TIME:     23.35961
2025-03-07 01:19:31,848	INFO packaging.py:520 -- Creating a file package for local directory '/mnt/lustre/scratch/nlsas/home/ulc/cursos/curso341/dask_on_reisa_tests/E1/REISA_ONE_ACTOR/reduction/P8-SN4-LS536-GS4294-I20-AN4-D2025-03-06_23-16-34'.
2025-03-07 01:19:31,874	INFO packaging.py:347 -- Pushing file package 'gcs://_ray_pkg_58dbc4b7fb1f56c3.zip' (0.48MiB) to Ray cluster...
2025-03-07 01:19:31,881	INFO packaging.py:360 -- Successfully pushed file package 'gcs://_ray_pkg_58dbc4b7fb1f56c3.zip'.
RAY_INIT_TIME:       2.44469
Iter [0]
Iter [2]
Iter [4]
Iter [6]
Iter [8]
Iter [10]
Iter [12]
Iter [14]
Iter [16]
Iter [18]
EST_ANALYTICS_TIME:  108.86731 (avg:5.44337)
GLOBAL_PUT_TIME:     17.091633319854736 (avg:0.85458)
ACTOR_CONCURRENCY:   8
SIMULATION_TIME:     115.444465913999991 (avg: 5.772223295700000)
SIM_WTHOUT_PDI:      92.270731030999983 (avg: 4.613536551549999)
PDI_DELAY:           23.173734883000009 (avg: 1.158686744150000)

GLOBAL_SIZE_(GiB):   4194304
LOCAL_SIZE_(MiB):    512
ITERATIONS:          20

MPI_PER_NODE:        2
MPI_PARALLELISM:     8

WORKER_NODES:        4
CPUS_PER_WORKER:     64
WORKER_PARALLELISM:  256


SLURM_JOB_ID:        10895256

Slurm job finished at 07/03/2025_01:21:29 AM

*****************************************************************************
*                                                                           *
*                    JOB EFFICIENCY REPORT (seff 10895256)                   *
*                                                                           *
*****************************************************************************

Job ID: 10895256
Cluster: finisterrae3
User/Group: curso341/ulc
State: COMPLETED (exit code 0)
Nodes: 9
Cores per node: 64
CPU Utilized: 00:15:12
CPU Efficiency: 1.08% of 23:21:36 core-walltime
Job Wall-clock time: 00:02:26
Memory Utilized: 9.91 GB (estimated maximum)
Memory Efficiency: 0.51% of 1.91 TB (3.39 GB/core)

 +++++++++++++++++++++++++++++++++++++++++++++++++++++++++++++++++++++++++++
 ++   Memory Efficiency is too small. Please review the requested memory. ++
 ++ It seems that you do not need that much memory so we recommend        ++
 ++ requesting less memory in other similar jobs.                         ++
 +++++++++++++++++++++++++++++++++++++++++++++++++++++++++++++++++++++++++++
 
*****************************************************************************


*****************************************************************************
*                                                                           *
*                    JOB EFFICIENCY REPORT (seff 10895256)                   *
*                                                                           *
*****************************************************************************

Job ID: 10895256
Cluster: finisterrae3
User/Group: curso341/ulc
State: COMPLETED (exit code 0)
Nodes: 9
Cores per node: 64
CPU Utilized: 00:15:12
CPU Efficiency: 1.08% of 23:21:36 core-walltime
Job Wall-clock time: 00:02:26
Memory Utilized: 9.91 GB (estimated maximum)
Memory Efficiency: 0.51% of 1.91 TB (3.39 GB/core)

 +++++++++++++++++++++++++++++++++++++++++++++++++++++++++++++++++++++++++++
 ++   Memory Efficiency is too small. Please review the requested memory. ++
 ++ It seems that you do not need that much memory so we recommend        ++
 ++ requesting less memory in other similar jobs.                         ++
 +++++++++++++++++++++++++++++++++++++++++++++++++++++++++++++++++++++++++++
 
*****************************************************************************


*****************************************************************************
*                                                                           *
*                    JOB EFFICIENCY REPORT (seff 10895256)                   *
*                                                                           *
*****************************************************************************

Job ID: 10895256
Cluster: finisterrae3
User/Group: curso341/ulc
State: COMPLETED (exit code 0)
Nodes: 9
Cores per node: 64
CPU Utilized: 00:15:12
CPU Efficiency: 1.08% of 23:21:36 core-walltime
Job Wall-clock time: 00:02:26
Memory Utilized: 9.91 GB (estimated maximum)
Memory Efficiency: 0.51% of 1.91 TB (3.39 GB/core)

 +++++++++++++++++++++++++++++++++++++++++++++++++++++++++++++++++++++++++++
 ++   Memory Efficiency is too small. Please review the requested memory. ++
 ++ It seems that you do not need that much memory so we recommend        ++
 ++ requesting less memory in other similar jobs.                         ++
 +++++++++++++++++++++++++++++++++++++++++++++++++++++++++++++++++++++++++++
 
*****************************************************************************


*****************************************************************************
*                                                                           *
*                    JOB EFFICIENCY REPORT (seff 10895256)                   *
*                                                                           *
*****************************************************************************

Job ID: 10895256
Cluster: finisterrae3
User/Group: curso341/ulc
State: COMPLETED (exit code 0)
Nodes: 9
Cores per node: 64
CPU Utilized: 00:15:33
CPU Efficiency: 1.11% of 23:21:36 core-walltime
Job Wall-clock time: 00:02:26
Memory Utilized: 9.91 GB (estimated maximum)
Memory Efficiency: 0.51% of 1.91 TB (3.39 GB/core)

 +++++++++++++++++++++++++++++++++++++++++++++++++++++++++++++++++++++++++++
 ++   Memory Efficiency is too small. Please review the requested memory. ++
 ++ It seems that you do not need that much memory so we recommend        ++
 ++ requesting less memory in other similar jobs.                         ++
 +++++++++++++++++++++++++++++++++++++++++++++++++++++++++++++++++++++++++++
 
*****************************************************************************



*****************************************************************************
*****************************************************************************
*                                                                           *
*                                                                           *
*                    JOB EFFICIENCY REPORT (seff 10895256)                   *
*                    JOB EFFICIENCY REPORT (seff 10895256)                   *
*                                                                           *
*                                                                           *
*****************************************************************************
*****************************************************************************


Job ID: 10895256
Job ID: 10895256
Cluster: finisterrae3
Cluster: finisterrae3
User/Group: curso341/ulc
User/Group: curso341/ulc
State: COMPLETED (exit code 0)
State: COMPLETED (exit code 0)
Nodes: 9
Nodes: 9
Cores per node: 64
Cores per node: 64
CPU Utilized: 00:18:26
CPU Utilized: 00:18:26
CPU Efficiency: 1.32% of 23:21:36 core-walltime
CPU Efficiency: 1.32% of 23:21:36 core-walltime
Job Wall-clock time: 00:02:26
Job Wall-clock time: 00:02:26
Memory Utilized: 9.91 GB (estimated maximum)
Memory Utilized: 9.91 GB (estimated maximum)
Memory Efficiency: 0.51% of 1.91 TB (3.39 GB/core)
Memory Efficiency: 0.51% of 1.91 TB (3.39 GB/core)


 +++++++++++++++++++++++++++++++++++++++++++++++++++++++++++++++++++++++++++
 +++++++++++++++++++++++++++++++++++++++++++++++++++++++++++++++++++++++++++
 ++   Memory Efficiency is too small. Please review the requested memory. ++
 ++   Memory Efficiency is too small. Please review the requested memory. ++
 ++ It seems that you do not need that much memory so we recommend        ++
 ++ It seems that you do not need that much memory so we recommend        ++
 ++ requesting less memory in other similar jobs.                         ++

 ++ requesting less memory in other similar jobs.                         ++
 +++++++++++++++++++++++++++++++++++++++++++++++++++++++++++++++++++++++++++
*****************************************************************************
 +++++++++++++++++++++++++++++++++++++++++++++++++++++++++++++++++++++++++++
 
*                                                                           *
 
*****************************************************************************
*                    JOB EFFICIENCY REPORT (seff 10895256)                   *
*****************************************************************************

*                                                                           *

*****************************************************************************

Job ID: 10895256
Cluster: finisterrae3
User/Group: curso341/ulc
State: COMPLETED (exit code 0)
Nodes: 9
Cores per node: 64
CPU Utilized: 00:18:26
CPU Efficiency: 1.32% of 23:21:36 core-walltime
Job Wall-clock time: 00:02:26
Memory Utilized: 9.91 GB (estimated maximum)
Memory Efficiency: 0.51% of 1.91 TB (3.39 GB/core)

 +++++++++++++++++++++++++++++++++++++++++++++++++++++++++++++++++++++++++++
 ++   Memory Efficiency is too small. Please review the requested memory. ++
 ++ It seems that you do not need that much memory so we recommend        ++
 ++ requesting less memory in other similar jobs.                         ++
 +++++++++++++++++++++++++++++++++++++++++++++++++++++++++++++++++++++++++++
 
*****************************************************************************


*****************************************************************************
*                                                                           *
*                    JOB EFFICIENCY REPORT (seff 10895256)                   *
*                                                                           *
*****************************************************************************

Job ID: 10895256
Cluster: finisterrae3
User/Group: curso341/ulc
State: COMPLETED (exit code 0)
Nodes: 9
Cores per node: 64
CPU Utilized: 00:18:26
CPU Efficiency: 1.32% of 23:21:36 core-walltime
Job Wall-clock time: 00:02:26
Memory Utilized: 9.91 GB (estimated maximum)
Memory Efficiency: 0.51% of 1.91 TB (3.39 GB/core)

 +++++++++++++++++++++++++++++++++++++++++++++++++++++++++++++++++++++++++++
 ++   Memory Efficiency is too small. Please review the requested memory. ++
 ++ It seems that you do not need that much memory so we recommend        ++
 ++ requesting less memory in other similar jobs.                         ++
 +++++++++++++++++++++++++++++++++++++++++++++++++++++++++++++++++++++++++++
 
*****************************************************************************


*****************************************************************************
*                                                                           *
*                    JOB EFFICIENCY REPORT (seff 10895256)                   *
*                                                                           *
*****************************************************************************

Job ID: 10895256
Cluster: finisterrae3
User/Group: curso341/ulc
State: COMPLETED (exit code 0)
Nodes: 9
Cores per node: 64
CPU Utilized: 00:24:10
CPU Efficiency: 1.72% of 23:21:36 core-walltime
Job Wall-clock time: 00:02:26
Memory Utilized: 7.13 GB
Memory Efficiency: 0.37% of 1.91 TB

 +++++++++++++++++++++++++++++++++++++++++++++++++++++++++++++++++++++++++++
 ++   Memory Efficiency is too small. Please review the requested memory. ++
 ++ It seems that you do not need that much memory so we recommend        ++
 ++ requesting less memory in other similar jobs.                         ++
 +++++++++++++++++++++++++++++++++++++++++++++++++++++++++++++++++++++++++++
 
*****************************************************************************

