slurmstepd: info: Setting TMPDIR to /scratch/10927298. Previous errors about TMPDIR can be discarded
Slurm job started at 10/03/2025_10:49:54 AM

In transit.
Initing Ray (1 head node + 2 worker nodes + 4 simulation nodes) on nodes: 
	ilk-163 ilk-164 ilk-165 ilk-166 ilk-167 ilk-170 ilk-171
Head node: 172.30.204.19:6379


RAY_DEPLOY_TIME:     24.52622
RAY_INIT_TIME:       5.16238
Iter [0]
2025-03-10 10:50:26,812	INFO packaging.py:520 -- Creating a file package for local directory '/mnt/lustre/scratch/nlsas/home/ulc/cursos/curso341/dask_on_reisa_tests/E4/DASK_ON_REISA/reduction/P128-SN4-LS1-GS134-I20-AN2-D2025-03-10_08-47-03'.
2025-03-10 10:50:27,257	INFO packaging.py:347 -- Pushing file package 'gcs://_ray_pkg_405c900b2a616113.zip' (0.48MiB) to Ray cluster...
2025-03-10 10:50:27,264	INFO packaging.py:360 -- Successfully pushed file package 'gcs://_ray_pkg_405c900b2a616113.zip'.
Iter [2]
Iter [4]
Iter [6]
Iter [8]
Iter [10]
Iter [12]
[2m[36m(iter_task pid=2564282, ip=10.120.204.21)[0m /home/ulc/cursos/curso341/.local/lib/python3.9/site-packages/dask/config.py:693: UserWarning: Configuration key "shuffle" has been deprecated. Please use "dataframe.shuffle.algorithm" instead
[2m[36m(iter_task pid=2564282, ip=10.120.204.21)[0m   warnings.warn(
[2m[36m(iter_task pid=2564281, ip=10.120.204.21)[0m /home/ulc/cursos/curso341/.local/lib/python3.9/site-packages/dask/config.py:693: UserWarning: Configuration key "shuffle" has been deprecated. Please use "dataframe.shuffle.algorithm" instead
[2m[36m(iter_task pid=2564281, ip=10.120.204.21)[0m   warnings.warn(
Iter [14]
[2m[36m(iter_task pid=2774440, ip=10.120.204.20)[0m /home/ulc/cursos/curso341/.local/lib/python3.9/site-packages/dask/config.py:693: UserWarning: Configuration key "shuffle" has been deprecated. Please use "dataframe.shuffle.algorithm" instead
[2m[36m(iter_task pid=2774440, ip=10.120.204.20)[0m   warnings.warn(
[2m[36m(iter_task pid=2774441, ip=10.120.204.20)[0m /home/ulc/cursos/curso341/.local/lib/python3.9/site-packages/dask/config.py:693: UserWarning: Configuration key "shuffle" has been deprecated. Please use "dataframe.shuffle.algorithm" instead
[2m[36m(iter_task pid=2774441, ip=10.120.204.20)[0m   warnings.warn(
Iter [16]
Iter [18]
GLOBAL_PUT_TIME:     0.06932878494262695 (avg:0.00347)
ACTOR_CONCURRENCY:   8
SIMULATION_TIME:     13.713047057000001 (avg: 0.685652352850000)
SIM_WTHOUT_PDI:      5.004591293999997 (avg: 0.250229564700000)
PDI_DELAY:           8.708455763000003 (avg: 0.435422788150000)

GLOBAL_SIZE_(GiB):   131072
LOCAL_SIZE_(MiB):    1
ITERATIONS:          20

MPI_PER_NODE:        32
MPI_PARALLELISM:     128

WORKER_NODES:        2
CPUS_PER_WORKER:     64
WORKER_PARALLELISM:  128


SLURM_JOB_ID:        10927298
[2m[36m(iter_task pid=2774440, ip=10.120.204.20)[0m /home/ulc/cursos/curso341/.local/lib/python3.9/site-packages/dask/config.py:693: UserWarning: Configuration key "shuffle" has been deprecated. Please use "dataframe.shuffle.algorithm" instead
[2m[36m(iter_task pid=2774440, ip=10.120.204.20)[0m   warnings.warn(
[2m[36m(iter_task pid=2797871, ip=10.120.204.20)[0m /home/ulc/cursos/curso341/.local/lib/python3.9/site-packages/dask/config.py:693: UserWarning: Configuration key "shuffle" has been deprecated. Please use "dataframe.shuffle.algorithm" instead
[2m[36m(iter_task pid=2797871, ip=10.120.204.20)[0m   warnings.warn(
[2m[36m(iter_task pid=2564281, ip=10.120.204.21)[0m /home/ulc/cursos/curso341/.local/lib/python3.9/site-packages/dask/config.py:693: UserWarning: Configuration key "shuffle" has been deprecated. Please use "dataframe.shuffle.algorithm" instead
[2m[36m(iter_task pid=2564281, ip=10.120.204.21)[0m   warnings.warn(
[2m[36m(iter_task pid=2564282, ip=10.120.204.21)[0m /home/ulc/cursos/curso341/.local/lib/python3.9/site-packages/dask/config.py:693: UserWarning: Configuration key "shuffle" has been deprecated. Please use "dataframe.shuffle.algorithm" instead
[2m[36m(iter_task pid=2564282, ip=10.120.204.21)[0m   warnings.warn(
[2m[36m(iter_task pid=2774440, ip=10.120.204.20)[0m /home/ulc/cursos/curso341/.local/lib/python3.9/site-packages/dask/config.py:693: UserWarning: Configuration key "shuffle" has been deprecated. Please use "dataframe.shuffle.algorithm" instead
[2m[36m(iter_task pid=2774440, ip=10.120.204.20)[0m   warnings.warn(
[2m[36m(iter_task pid=2564281, ip=10.120.204.21)[0m /home/ulc/cursos/curso341/.local/lib/python3.9/site-packages/dask/config.py:693: UserWarning: Configuration key "shuffle" has been deprecated. Please use "dataframe.shuffle.algorithm" instead
[2m[36m(iter_task pid=2564281, ip=10.120.204.21)[0m   warnings.warn(
[2m[36m(iter_task pid=2564282, ip=10.120.204.21)[0m /home/ulc/cursos/curso341/.local/lib/python3.9/site-packages/dask/config.py:693: UserWarning: Configuration key "shuffle" has been deprecated. Please use "dataframe.shuffle.algorithm" instead
[2m[36m(iter_task pid=2564282, ip=10.120.204.21)[0m   warnings.warn(
[2m[36m(iter_task pid=2797871, ip=10.120.204.20)[0m /home/ulc/cursos/curso341/.local/lib/python3.9/site-packages/dask/config.py:693: UserWarning: Configuration key "shuffle" has been deprecated. Please use "dataframe.shuffle.algorithm" instead
[2m[36m(iter_task pid=2797871, ip=10.120.204.20)[0m   warnings.warn(
[2m[36m(iter_task pid=2774440, ip=10.120.204.20)[0m /home/ulc/cursos/curso341/.local/lib/python3.9/site-packages/dask/config.py:693: UserWarning: Configuration key "shuffle" has been deprecated. Please use "dataframe.shuffle.algorithm" instead
[2m[36m(iter_task pid=2774440, ip=10.120.204.20)[0m   warnings.warn(
[2m[36m(iter_task pid=2797871, ip=10.120.204.20)[0m /home/ulc/cursos/curso341/.local/lib/python3.9/site-packages/dask/config.py:693: UserWarning: Configuration key "shuffle" has been deprecated. Please use "dataframe.shuffle.algorithm" instead
[2m[36m(iter_task pid=2797871, ip=10.120.204.20)[0m   warnings.warn(
[2m[36m(iter_task pid=2564282, ip=10.120.204.21)[0m /home/ulc/cursos/curso341/.local/lib/python3.9/site-packages/dask/config.py:693: UserWarning: Configuration key "shuffle" has been deprecated. Please use "dataframe.shuffle.algorithm" instead
[2m[36m(iter_task pid=2564282, ip=10.120.204.21)[0m   warnings.warn(
[2m[36m(iter_task pid=2652971, ip=10.120.204.21)[0m /home/ulc/cursos/curso341/.local/lib/python3.9/site-packages/dask/config.py:693: UserWarning: Configuration key "shuffle" has been deprecated. Please use "dataframe.shuffle.algorithm" instead
[2m[36m(iter_task pid=2652971, ip=10.120.204.21)[0m   warnings.warn(
[2m[36m(iter_task pid=2564282, ip=10.120.204.21)[0m /home/ulc/cursos/curso341/.local/lib/python3.9/site-packages/dask/config.py:693: UserWarning: Configuration key "shuffle" has been deprecated. Please use "dataframe.shuffle.algorithm" instead
[2m[36m(iter_task pid=2564282, ip=10.120.204.21)[0m   warnings.warn(
[2m[36m(iter_task pid=2774440, ip=10.120.204.20)[0m /home/ulc/cursos/curso341/.local/lib/python3.9/site-packages/dask/config.py:693: UserWarning: Configuration key "shuffle" has been deprecated. Please use "dataframe.shuffle.algorithm" instead
[2m[36m(iter_task pid=2774440, ip=10.120.204.20)[0m   warnings.warn(
[2m[36m(iter_task pid=2652971, ip=10.120.204.21)[0m /home/ulc/cursos/curso341/.local/lib/python3.9/site-packages/dask/config.py:693: UserWarning: Configuration key "shuffle" has been deprecated. Please use "dataframe.shuffle.algorithm" instead
[2m[36m(iter_task pid=2652971, ip=10.120.204.21)[0m   warnings.warn(
[2m[36m(iter_task pid=2797871, ip=10.120.204.20)[0m /home/ulc/cursos/curso341/.local/lib/python3.9/site-packages/dask/config.py:693: UserWarning: Configuration key "shuffle" has been deprecated. Please use "dataframe.shuffle.algorithm" instead
[2m[36m(iter_task pid=2797871, ip=10.120.204.20)[0m   warnings.warn(
EST_ANALYTICS_TIME:  99.56515 (avg:4.97826)

Slurm job finished at 10/03/2025_10:52:11 AM

*****************************************************************************
*                                                                           *
*                    JOB EFFICIENCY REPORT (seff 10927298)                   *
*                                                                           *
*****************************************************************************

Job ID: 10927298
Cluster: finisterrae3
User/Group: curso341/ulc
State: COMPLETED (exit code 0)
Nodes: 7
Cores per node: 64
CPU Utilized: 00:22:44
CPU Efficiency: 2.19% of 17:17:52 core-walltime
Job Wall-clock time: 00:02:19
Memory Utilized: 800.14 MB
Memory Efficiency: 0.05% of 1.48 TB

 +++++++++++++++++++++++++++++++++++++++++++++++++++++++++++++++++++++++++++
 ++   Memory Efficiency is too small. Please review the requested memory. ++
 ++ It seems that you do not need that much memory so we recommend        ++
 ++ requesting less memory in other similar jobs.                         ++
 +++++++++++++++++++++++++++++++++++++++++++++++++++++++++++++++++++++++++++
 
*****************************************************************************


*****************************************************************************
*                                                                           *
*                    JOB EFFICIENCY REPORT (seff 10927298)                   *
*                                                                           *
*****************************************************************************

Job ID: 10927298
Cluster: finisterrae3
User/Group: curso341/ulc
State: COMPLETED (exit code 0)
Nodes: 7
Cores per node: 64
CPU Utilized: 00:22:44
CPU Efficiency: 2.19% of 17:17:52 core-walltime
Job Wall-clock time: 00:02:19
Memory Utilized: 800.14 MB
Memory Efficiency: 0.05% of 1.48 TB

 +++++++++++++++++++++++++++++++++++++++++++++++++++++++++++++++++++++++++++
 ++   Memory Efficiency is too small. Please review the requested memory. ++
 ++ It seems that you do not need that much memory so we recommend        ++
 ++ requesting less memory in other similar jobs.                         ++
 +++++++++++++++++++++++++++++++++++++++++++++++++++++++++++++++++++++++++++
 
*****************************************************************************


*****************************************************************************
*                                                                           *
*                    JOB EFFICIENCY REPORT (seff 10927298)                   *
*                                                                           *
*****************************************************************************

Job ID: 10927298
Cluster: finisterrae3
User/Group: curso341/ulc
State: COMPLETED (exit code 0)
Nodes: 7
Cores per node: 64
CPU Utilized: 00:22:44
CPU Efficiency: 2.19% of 17:17:52 core-walltime
Job Wall-clock time: 00:02:19
Memory Utilized: 800.14 MB
Memory Efficiency: 0.05% of 1.48 TB

 +++++++++++++++++++++++++++++++++++++++++++++++++++++++++++++++++++++++++++
 ++   Memory Efficiency is too small. Please review the requested memory. ++
 ++ It seems that you do not need that much memory so we recommend        ++
 ++ requesting less memory in other similar jobs.                         ++
 +++++++++++++++++++++++++++++++++++++++++++++++++++++++++++++++++++++++++++
 
*****************************************************************************


*****************************************************************************
*                                                                           *
*                    JOB EFFICIENCY REPORT (seff 10927298)                   *
*                                                                           *
*****************************************************************************

Job ID: 10927298
Cluster: finisterrae3
User/Group: curso341/ulc
State: COMPLETED (exit code 0)
Nodes: 7
Cores per node: 64
CPU Utilized: 00:23:22
CPU Efficiency: 2.25% of 17:17:52 core-walltime
Job Wall-clock time: 00:02:19
Memory Utilized: 800.14 MB
Memory Efficiency: 0.05% of 1.48 TB

 +++++++++++++++++++++++++++++++++++++++++++++++++++++++++++++++++++++++++++
 ++   Memory Efficiency is too small. Please review the requested memory. ++
 ++ It seems that you do not need that much memory so we recommend        ++
 ++ requesting less memory in other similar jobs.                         ++
 +++++++++++++++++++++++++++++++++++++++++++++++++++++++++++++++++++++++++++
 
*****************************************************************************


*****************************************************************************
*                                                                           *
*                    JOB EFFICIENCY REPORT (seff 10927298)                   *
*                                                                           *
*****************************************************************************

Job ID: 10927298
Cluster: finisterrae3
User/Group: curso341/ulc
State: COMPLETED (exit code 0)
Nodes: 7
Cores per node: 64
CPU Utilized: 00:27:36
CPU Efficiency: 2.66% of 17:17:52 core-walltime
Job Wall-clock time: 00:02:19
Memory Utilized: 3.55 GB
Memory Efficiency: 0.23% of 1.48 TB

 +++++++++++++++++++++++++++++++++++++++++++++++++++++++++++++++++++++++++++
 ++   Memory Efficiency is too small. Please review the requested memory. ++
 ++ It seems that you do not need that much memory so we recommend        ++
 ++ requesting less memory in other similar jobs.                         ++
 +++++++++++++++++++++++++++++++++++++++++++++++++++++++++++++++++++++++++++
 
*****************************************************************************


*****************************************************************************
*                                                                           *
*                    JOB EFFICIENCY REPORT (seff 10927298)                   *
*                                                                           *
*****************************************************************************

Job ID: 10927298
Cluster: finisterrae3
User/Group: curso341/ulc
State: COMPLETED (exit code 0)
Nodes: 7
Cores per node: 64
CPU Utilized: 02:07:52
CPU Efficiency: 12.32% of 17:17:52 core-walltime
Job Wall-clock time: 00:02:19
Memory Utilized: 6.86 GB
Memory Efficiency: 0.45% of 1.48 TB

 +++++++++++++++++++++++++++++++++++++++++++++++++++++++++++++++++++++++++++
 ++   Memory Efficiency is too small. Please review the requested memory. ++
 ++ It seems that you do not need that much memory so we recommend        ++
 ++ requesting less memory in other similar jobs.                         ++
 +++++++++++++++++++++++++++++++++++++++++++++++++++++++++++++++++++++++++++
 
*****************************************************************************


*****************************************************************************
*                                                                           *
*                    JOB EFFICIENCY REPORT (seff 10927298)                   *
*                                                                           *
*****************************************************************************

Job ID: 10927298
Cluster: finisterrae3
User/Group: curso341/ulc
State: COMPLETED (exit code 0)
Nodes: 7
Cores per node: 64
CPU Utilized: 02:07:52
CPU Efficiency: 12.32% of 17:17:52 core-walltime
Job Wall-clock time: 00:02:19
Memory Utilized: 6.86 GB
Memory Efficiency: 0.45% of 1.48 TB

 +++++++++++++++++++++++++++++++++++++++++++++++++++++++++++++++++++++++++++
 ++   Memory Efficiency is too small. Please review the requested memory. ++
 ++ It seems that you do not need that much memory so we recommend        ++
 ++ requesting less memory in other similar jobs.                         ++
 +++++++++++++++++++++++++++++++++++++++++++++++++++++++++++++++++++++++++++
 
*****************************************************************************

