slurmstepd: info: Setting TMPDIR to /scratch/10772532. Previous errors about TMPDIR can be discarded
Slurm job started at 25/02/2025_11:37:35 PM

In transit.
Initing Ray (1 head node + 8 worker nodes + 8 simulation nodes) on nodes: 
	ilk-89 ilk-91 ilk-138 ilk-152 ilk-159 ilk-161 ilk-162 ilk-166 ilk-167 ilk-170 ilk-172 ilk-173 ilk-177 ilk-178 ilk-179 ilk-185 ilk-188
Head node: 172.30.202.41:6379


RAY_DEPLOY_TIME:     22.70974
RAY_INIT_TIME:       3.47805
Iter [0]
2025-02-25 23:38:04,885	INFO packaging.py:520 -- Creating a file package for local directory '/mnt/lustre/scratch/nlsas/home/ulc/cursos/curso341/dask_on_reisa_tests/E1/DASK_ON_REISA_ONE_ACTOR/derivative/P16-SN8-LS536-GS8589-I12-AN8-D2025-02-25_20-32-14'.
2025-02-25 23:38:04,915	INFO packaging.py:347 -- Pushing file package 'gcs://_ray_pkg_a1d499ccb6d4dd92.zip' (0.48MiB) to Ray cluster...
2025-02-25 23:38:04,921	INFO packaging.py:360 -- Successfully pushed file package 'gcs://_ray_pkg_a1d499ccb6d4dd92.zip'.
Iter [1]
Iter [2]
Iter [3]
Iter [4]
Iter [5]
Iter [6]
Iter [7]
Iter [8]
Iter [9]
Iter [10]
Iter [11]
GLOBAL_PUT_TIME:     9.57662320137024 (avg:0.79805)
ACTOR_CONCURRENCY:   8
SIMULATION_TIME:     110.325545793000003 (avg: 9.193795482750000)
SIM_WTHOUT_PDI:      69.098853427999998 (avg: 5.758237785666666)
PDI_DELAY:           41.226692365000005 (avg: 3.435557697083334)

GLOBAL_SIZE_(GiB):   8388608
LOCAL_SIZE_(MiB):    512
ITERATIONS:          12

MPI_PER_NODE:        2
MPI_PARALLELISM:     16

WORKER_NODES:        8
CPUS_PER_WORKER:     30
WORKER_PARALLELISM:  240


SLURM_JOB_ID:        10772532
srun: Job step aborted: Waiting up to 32 seconds for job step to finish.
slurmstepd: error: *** JOB 10772532 ON ilk-89 CANCELLED AT 2025-02-26T00:09:09 DUE TO TIME LIMIT ***
slurmstepd: error: *** STEP 10772532.18 ON ilk-91 CANCELLED AT 2025-02-26T00:09:09 DUE TO TIME LIMIT ***
