slurmstepd: info: Setting TMPDIR to /scratch/10925234. Previous errors about TMPDIR can be discarded
Slurm job started at 09/03/2025_07:32:47 PM

In transit.
Initing Ray (1 head node + 8 worker nodes + 8 simulation nodes) on nodes: 
	ilk-104 ilk-105 ilk-211 ilk-213 ilk-214 ilk-215 ilk-241 ilk-243 ilk-244 ilk-245 ilk-246 ilk-247 ilk-248 ilk-249 ilk-250 ilk-251 ilk-253
Head node: 172.30.203.8:6379


RAY_DEPLOY_TIME:     23.82111
2025-03-09 19:33:13,781	INFO packaging.py:520 -- Creating a file package for local directory '/mnt/lustre/scratch/nlsas/home/ulc/cursos/curso341/dask_on_reisa_tests/E4/REISA/reduction/P16-SN8-LS536-GS8589-I20-AN8-D2025-03-09_18-42-53'.
2025-03-09 19:33:13,809	INFO packaging.py:347 -- Pushing file package 'gcs://_ray_pkg_a0cdee05797c6f9e.zip' (0.48MiB) to Ray cluster...
2025-03-09 19:33:13,816	INFO packaging.py:360 -- Successfully pushed file package 'gcs://_ray_pkg_a0cdee05797c6f9e.zip'.
RAY_INIT_TIME:       2.73830
Iter [0]
Iter [2]
Iter [4]
Iter [6]
Iter [8]
Iter [10]
Iter [12]
Iter [14]
Iter [16]
Iter [18]
EST_ANALYTICS_TIME:  110.17473 (avg:5.50874)
GLOBAL_PUT_TIME:     16.898711681365967 (avg:0.84494)
ACTOR_CONCURRENCY:   8
SIMULATION_TIME:     113.890509217000002 (avg: 5.694525460850000)
SIM_WTHOUT_PDI:      93.860126675000004 (avg: 4.693006333750001)
PDI_DELAY:           20.030382541999998 (avg: 1.001519127100000)

GLOBAL_SIZE_(GiB):   8388608
LOCAL_SIZE_(MiB):    512
ITERATIONS:          20

MPI_PER_NODE:        2
MPI_PARALLELISM:     16

WORKER_NODES:        8
CPUS_PER_WORKER:     64
WORKER_PARALLELISM:  512


SLURM_JOB_ID:        10925234

Slurm job finished at 09/03/2025_07:35:10 PM

*****************************************************************************
*                                                                           *
*                    JOB EFFICIENCY REPORT (seff 10925234)                   *
*                                                                           *
*****************************************************************************

Job ID: 10925234
Cluster: finisterrae3
User/Group: curso341/ulc
State: COMPLETED (exit code 0)
Nodes: 17
Cores per node: 64
CPU Utilized: 00:30:31
CPU Efficiency: 1.16% of 1-19:49:20 core-walltime
Job Wall-clock time: 00:02:25
Memory Utilized: 27.83 GB (estimated maximum)
Memory Efficiency: 0.75% of 3.60 TB (3.39 GB/core)

 +++++++++++++++++++++++++++++++++++++++++++++++++++++++++++++++++++++++++++
 ++   Memory Efficiency is too small. Please review the requested memory. ++
 ++ It seems that you do not need that much memory so we recommend        ++
 ++ requesting less memory in other similar jobs.                         ++
 +++++++++++++++++++++++++++++++++++++++++++++++++++++++++++++++++++++++++++
 
*****************************************************************************


*****************************************************************************
*                                                                           *
*                    JOB EFFICIENCY REPORT (seff 10925234)                   *
*                                                                           *
*****************************************************************************

Job ID: 10925234
Cluster: finisterrae3
User/Group: curso341/ulc
State: COMPLETED (exit code 0)
Nodes: 17
Cores per node: 64
CPU Utilized: 00:30:31
CPU Efficiency: 1.16% of 1-19:49:20 core-walltime
Job Wall-clock time: 00:02:25
Memory Utilized: 27.83 GB (estimated maximum)
Memory Efficiency: 0.75% of 3.60 TB (3.39 GB/core)

 +++++++++++++++++++++++++++++++++++++++++++++++++++++++++++++++++++++++++++
 ++   Memory Efficiency is too small. Please review the requested memory. ++
 ++ It seems that you do not need that much memory so we recommend        ++
 ++ requesting less memory in other similar jobs.                         ++
 +++++++++++++++++++++++++++++++++++++++++++++++++++++++++++++++++++++++++++
 
*****************************************************************************


*****************************************************************************
*                                                                           *
*                    JOB EFFICIENCY REPORT (seff 10925234)                   *
*                                                                           *
*****************************************************************************

Job ID: 10925234
Cluster: finisterrae3
User/Group: curso341/ulc
State: COMPLETED (exit code 0)
Nodes: 17
Cores per node: 64
CPU Utilized: 00:30:31
CPU Efficiency: 1.16% of 1-19:49:20 core-walltime
Job Wall-clock time: 00:02:25
Memory Utilized: 27.83 GB (estimated maximum)
Memory Efficiency: 0.75% of 3.60 TB (3.39 GB/core)

 +++++++++++++++++++++++++++++++++++++++++++++++++++++++++++++++++++++++++++
 ++   Memory Efficiency is too small. Please review the requested memory. ++
 ++ It seems that you do not need that much memory so we recommend        ++
 ++ requesting less memory in other similar jobs.                         ++
 +++++++++++++++++++++++++++++++++++++++++++++++++++++++++++++++++++++++++++
 
*****************************************************************************


*****************************************************************************
*                                                                           *
*                    JOB EFFICIENCY REPORT (seff 10925234)                   *
*                                                                           *
*****************************************************************************

Job ID: 10925234
Cluster: finisterrae3
User/Group: curso341/ulc
State: COMPLETED (exit code 0)
Nodes: 17
Cores per node: 64
CPU Utilized: 00:30:31
CPU Efficiency: 1.16% of 1-19:49:20 core-walltime
Job Wall-clock time: 00:02:25
Memory Utilized: 27.83 GB (estimated maximum)
Memory Efficiency: 0.75% of 3.60 TB (3.39 GB/core)

 +++++++++++++++++++++++++++++++++++++++++++++++++++++++++++++++++++++++++++
 ++   Memory Efficiency is too small. Please review the requested memory. ++
 ++ It seems that you do not need that much memory so we recommend        ++
 ++ requesting less memory in other similar jobs.                         ++
 +++++++++++++++++++++++++++++++++++++++++++++++++++++++++++++++++++++++++++
 
*****************************************************************************


*****************************************************************************
*                                                                           *
*                    JOB EFFICIENCY REPORT (seff 10925234)                   *
*                                                                           *
*****************************************************************************

Job ID: 10925234
Cluster: finisterrae3
User/Group: curso341/ulc
State: COMPLETED (exit code 0)
Nodes: 17
Cores per node: 64
CPU Utilized: 00:30:31
CPU Efficiency: 1.16% of 1-19:49:20 core-walltime
Job Wall-clock time: 00:02:25
Memory Utilized: 27.83 GB (estimated maximum)
Memory Efficiency: 0.75% of 3.60 TB (3.39 GB/core)

 +++++++++++++++++++++++++++++++++++++++++++++++++++++++++++++++++++++++++++
 ++   Memory Efficiency is too small. Please review the requested memory. ++
 ++ It seems that you do not need that much memory so we recommend        ++
 ++ requesting less memory in other similar jobs.                         ++
 +++++++++++++++++++++++++++++++++++++++++++++++++++++++++++++++++++++++++++
 
*****************************************************************************


*****************************************************************************
*                                                                           *
*                    JOB EFFICIENCY REPORT (seff 10925234)                   *
*                                                                           *
*****************************************************************************

Job ID: 10925234
Cluster: finisterrae3
User/Group: curso341/ulc
State: COMPLETED (exit code 0)
Nodes: 17
Cores per node: 64
CPU Utilized: 00:30:55
CPU Efficiency: 1.18% of 1-19:49:20 core-walltime
Job Wall-clock time: 00:02:25
Memory Utilized: 27.83 GB (estimated maximum)
Memory Efficiency: 0.75% of 3.60 TB (3.39 GB/core)

 +++++++++++++++++++++++++++++++++++++++++++++++++++++++++++++++++++++++++++
 ++   Memory Efficiency is too small. Please review the requested memory. ++
 ++ It seems that you do not need that much memory so we recommend        ++
 ++ requesting less memory in other similar jobs.                         ++
 +++++++++++++++++++++++++++++++++++++++++++++++++++++++++++++++++++++++++++
 
*****************************************************************************


*****************************************************************************
*                                                                           *
*                    JOB EFFICIENCY REPORT (seff 10925234)                   *
*                                                                           *
*****************************************************************************

Job ID: 10925234
Cluster: finisterrae3
User/Group: curso341/ulc
State: COMPLETED (exit code 0)
Nodes: 17
Cores per node: 64
CPU Utilized: 00:47:13
CPU Efficiency: 1.80% of 1-19:49:20 core-walltime
Job Wall-clock time: 00:02:25
Memory Utilized: 27.83 GB (estimated maximum)
Memory Efficiency: 0.75% of 3.60 TB (3.39 GB/core)

 +++++++++++++++++++++++++++++++++++++++++++++++++++++++++++++++++++++++++++
 ++   Memory Efficiency is too small. Please review the requested memory. ++
 ++ It seems that you do not need that much memory so we recommend        ++
 ++ requesting less memory in other similar jobs.                         ++
 +++++++++++++++++++++++++++++++++++++++++++++++++++++++++++++++++++++++++++
 
*****************************************************************************


*****************************************************************************
*                                                                           *
*                    JOB EFFICIENCY REPORT (seff 10925234)                   *
*                                                                           *
*****************************************************************************

Job ID: 10925234
Cluster: finisterrae3
User/Group: curso341/ulc
State: COMPLETED (exit code 0)
Nodes: 17
Cores per node: 64
CPU Utilized: 00:47:13
CPU Efficiency: 1.80% of 1-19:49:20 core-walltime
Job Wall-clock time: 00:02:25
Memory Utilized: 27.83 GB (estimated maximum)
Memory Efficiency: 0.75% of 3.60 TB (3.39 GB/core)

 +++++++++++++++++++++++++++++++++++++++++++++++++++++++++++++++++++++++++++
 ++   Memory Efficiency is too small. Please review the requested memory. ++
 ++ It seems that you do not need that much memory so we recommend        ++
 ++ requesting less memory in other similar jobs.                         ++
 +++++++++++++++++++++++++++++++++++++++++++++++++++++++++++++++++++++++++++
 
*****************************************************************************


*****************************************************************************
*                                                                           *
*                    JOB EFFICIENCY REPORT (seff 10925234)                   *
*                                                                           *
*****************************************************************************

Job ID: 10925234
Cluster: finisterrae3
User/Group: curso341/ulc
State: COMPLETED (exit code 0)
Nodes: 17
Cores per node: 64
CPU Utilized: 00:47:13
CPU Efficiency: 1.80% of 1-19:49:20 core-walltime
Job Wall-clock time: 00:02:25
Memory Utilized: 27.83 GB (estimated maximum)
Memory Efficiency: 0.75% of 3.60 TB (3.39 GB/core)

 +++++++++++++++++++++++++++++++++++++++++++++++++++++++++++++++++++++++++++
 ++   Memory Efficiency is too small. Please review the requested memory. ++
 ++ It seems that you do not need that much memory so we recommend        ++
 ++ requesting less memory in other similar jobs.                         ++
 +++++++++++++++++++++++++++++++++++++++++++++++++++++++++++++++++++++++++++
 
*****************************************************************************


*****************************************************************************
*                                                                           *
*                    JOB EFFICIENCY REPORT (seff 10925234)                   *
*                                                                           *
*****************************************************************************

Job ID: 10925234
Cluster: finisterrae3
User/Group: curso341/ulc
State: COMPLETED (exit code 0)
Nodes: 17
Cores per node: 64
CPU Utilized: 00:47:13
CPU Efficiency: 1.80% of 1-19:49:20 core-walltime
Job Wall-clock time: 00:02:25
Memory Utilized: 27.83 GB (estimated maximum)
Memory Efficiency: 0.75% of 3.60 TB (3.39 GB/core)

 +++++++++++++++++++++++++++++++++++++++++++++++++++++++++++++++++++++++++++
 ++   Memory Efficiency is too small. Please review the requested memory. ++
 ++ It seems that you do not need that much memory so we recommend        ++
 ++ requesting less memory in other similar jobs.                         ++
 +++++++++++++++++++++++++++++++++++++++++++++++++++++++++++++++++++++++++++
 
*****************************************************************************


*****************************************************************************
*                                                                           *
*                    JOB EFFICIENCY REPORT (seff 10925234)                   *
*                                                                           *
*****************************************************************************

Job ID: 10925234
Cluster: finisterrae3
User/Group: curso341/ulc
State: COMPLETED (exit code 0)
Nodes: 17
Cores per node: 64
CPU Utilized: 00:47:13
CPU Efficiency: 1.80% of 1-19:49:20 core-walltime
Job Wall-clock time: 00:02:25
Memory Utilized: 27.83 GB (estimated maximum)
Memory Efficiency: 0.75% of 3.60 TB (3.39 GB/core)

 +++++++++++++++++++++++++++++++++++++++++++++++++++++++++++++++++++++++++++
 ++   Memory Efficiency is too small. Please review the requested memory. ++
 ++ It seems that you do not need that much memory so we recommend        ++
 ++ requesting less memory in other similar jobs.                         ++
 +++++++++++++++++++++++++++++++++++++++++++++++++++++++++++++++++++++++++++
 
*****************************************************************************


*****************************************************************************
*                                                                           *
*                    JOB EFFICIENCY REPORT (seff 10925234)                   *
*                                                                           *
*****************************************************************************

Job ID: 10925234
Cluster: finisterrae3
User/Group: curso341/ulc
State: COMPLETED (exit code 0)
Nodes: 17
Cores per node: 64
CPU Utilized: 00:47:13
CPU Efficiency: 1.80% of 1-19:49:20 core-walltime
Job Wall-clock time: 00:02:25
Memory Utilized: 27.83 GB (estimated maximum)
Memory Efficiency: 0.75% of 3.60 TB (3.39 GB/core)

 +++++++++++++++++++++++++++++++++++++++++++++++++++++++++++++++++++++++++++
 ++   Memory Efficiency is too small. Please review the requested memory. ++
 ++ It seems that you do not need that much memory so we recommend        ++
 ++ requesting less memory in other similar jobs.                         ++
 +++++++++++++++++++++++++++++++++++++++++++++++++++++++++++++++++++++++++++
 
*****************************************************************************


*****************************************************************************
*                                                                           *
*                    JOB EFFICIENCY REPORT (seff 10925234)                   *
*                                                                           *
*****************************************************************************

Job ID: 10925234
Cluster: finisterrae3
User/Group: curso341/ulc
State: COMPLETED (exit code 0)
Nodes: 17
Cores per node: 64
CPU Utilized: 00:47:13
CPU Efficiency: 1.80% of 1-19:49:20 core-walltime
Job Wall-clock time: 00:02:25
Memory Utilized: 27.83 GB (estimated maximum)
Memory Efficiency: 0.75% of 3.60 TB (3.39 GB/core)

 +++++++++++++++++++++++++++++++++++++++++++++++++++++++++++++++++++++++++++
 ++   Memory Efficiency is too small. Please review the requested memory. ++
 ++ It seems that you do not need that much memory so we recommend        ++
 ++ requesting less memory in other similar jobs.                         ++
 +++++++++++++++++++++++++++++++++++++++++++++++++++++++++++++++++++++++++++
 
*****************************************************************************


*****************************************************************************
*                                                                           *
*                    JOB EFFICIENCY REPORT (seff 10925234)                   *
*                                                                           *
*****************************************************************************

Job ID: 10925234
Cluster: finisterrae3
User/Group: curso341/ulc
State: COMPLETED (exit code 0)
Nodes: 17
Cores per node: 64
CPU Utilized: 00:47:13
CPU Efficiency: 1.80% of 1-19:49:20 core-walltime
Job Wall-clock time: 00:02:25
Memory Utilized: 27.83 GB (estimated maximum)
Memory Efficiency: 0.75% of 3.60 TB (3.39 GB/core)

 +++++++++++++++++++++++++++++++++++++++++++++++++++++++++++++++++++++++++++
 ++   Memory Efficiency is too small. Please review the requested memory. ++
 ++ It seems that you do not need that much memory so we recommend        ++
 ++ requesting less memory in other similar jobs.                         ++
 +++++++++++++++++++++++++++++++++++++++++++++++++++++++++++++++++++++++++++
 
*****************************************************************************


*****************************************************************************
*                                                                           *
*                    JOB EFFICIENCY REPORT (seff 10925234)                   *
*                                                                           *
*****************************************************************************

Job ID: 10925234
Cluster: finisterrae3
User/Group: curso341/ulc
State: COMPLETED (exit code 0)
Nodes: 17
Cores per node: 64
CPU Utilized: 00:58:59
CPU Efficiency: 2.24% of 1-19:49:20 core-walltime
Job Wall-clock time: 00:02:25
Memory Utilized: 6.48 GB
Memory Efficiency: 0.18% of 3.60 TB

 +++++++++++++++++++++++++++++++++++++++++++++++++++++++++++++++++++++++++++
 ++   Memory Efficiency is too small. Please review the requested memory. ++
 ++ It seems that you do not need that much memory so we recommend        ++
 ++ requesting less memory in other similar jobs.                         ++
 +++++++++++++++++++++++++++++++++++++++++++++++++++++++++++++++++++++++++++
 
*****************************************************************************


*****************************************************************************
*                                                                           *
*                    JOB EFFICIENCY REPORT (seff 10925234)                   *
*                                                                           *
*****************************************************************************

Job ID: 10925234
Cluster: finisterrae3
User/Group: curso341/ulc
State: COMPLETED (exit code 0)
Nodes: 17
Cores per node: 64
CPU Utilized: 00:58:59
CPU Efficiency: 2.24% of 1-19:49:20 core-walltime
Job Wall-clock time: 00:02:25
Memory Utilized: 6.48 GB
Memory Efficiency: 0.18% of 3.60 TB

 +++++++++++++++++++++++++++++++++++++++++++++++++++++++++++++++++++++++++++
 ++   Memory Efficiency is too small. Please review the requested memory. ++
 ++ It seems that you do not need that much memory so we recommend        ++
 ++ requesting less memory in other similar jobs.                         ++
 +++++++++++++++++++++++++++++++++++++++++++++++++++++++++++++++++++++++++++
 
*****************************************************************************


*****************************************************************************
*                                                                           *
*                    JOB EFFICIENCY REPORT (seff 10925234)                   *
*                                                                           *
*****************************************************************************

Job ID: 10925234
Cluster: finisterrae3
User/Group: curso341/ulc
State: COMPLETED (exit code 0)
Nodes: 17
Cores per node: 64
CPU Utilized: 00:58:59
CPU Efficiency: 2.24% of 1-19:49:20 core-walltime
Job Wall-clock time: 00:02:25
Memory Utilized: 6.48 GB
Memory Efficiency: 0.18% of 3.60 TB

 +++++++++++++++++++++++++++++++++++++++++++++++++++++++++++++++++++++++++++
 ++   Memory Efficiency is too small. Please review the requested memory. ++
 ++ It seems that you do not need that much memory so we recommend        ++
 ++ requesting less memory in other similar jobs.                         ++
 +++++++++++++++++++++++++++++++++++++++++++++++++++++++++++++++++++++++++++
 
*****************************************************************************

