slurmstepd: info: Setting TMPDIR to /scratch/10933975. Previous errors about TMPDIR can be discarded
Slurm job started at 10/03/2025_10:51:35 PM

In transit.
Initing Ray (1 head node + 4 worker nodes + 4 simulation nodes) on nodes: 
	ilk-164 ilk-165 ilk-166 ilk-167 ilk-170 ilk-171 ilk-172 ilk-173 ilk-180
Head node: 172.30.204.20:6379


RAY_DEPLOY_TIME:     24.18640
2025-03-10 22:52:02,415	INFO packaging.py:520 -- Creating a file package for local directory '/mnt/lustre/scratch/nlsas/home/ulc/cursos/curso341/dask_on_reisa_tests/E5/DASK_ON_REISA/derivative/P8-SN4-LS268-GS2147-I10-AN4-D2025-03-10_22-49-22'.
2025-03-10 22:52:02,444	INFO packaging.py:347 -- Pushing file package 'gcs://_ray_pkg_5e0a8f406cfe85e1.zip' (0.48MiB) to Ray cluster...
2025-03-10 22:52:02,450	INFO packaging.py:360 -- Successfully pushed file package 'gcs://_ray_pkg_5e0a8f406cfe85e1.zip'.
RAY_INIT_TIME:       4.01573
Iter [0]
Iter [1]
Iter [2]
[2m[36m(iter_task pid=1036036, ip=10.120.204.26)[0m /home/ulc/cursos/curso341/.local/lib/python3.9/site-packages/dask/config.py:693: UserWarning: Configuration key "shuffle" has been deprecated. Please use "dataframe.shuffle.algorithm" instead
[2m[36m(iter_task pid=1036036, ip=10.120.204.26)[0m   warnings.warn(
[2m[36m(iter_task pid=1036041, ip=10.120.204.26)[0m /home/ulc/cursos/curso341/.local/lib/python3.9/site-packages/dask/config.py:693: UserWarning: Configuration key "shuffle" has been deprecated. Please use "dataframe.shuffle.algorithm" instead
[2m[36m(iter_task pid=1036041, ip=10.120.204.26)[0m   warnings.warn(
[2m[36m(iter_task pid=1036037, ip=10.120.204.26)[0m /home/ulc/cursos/curso341/.local/lib/python3.9/site-packages/dask/config.py:693: UserWarning: Configuration key "shuffle" has been deprecated. Please use "dataframe.shuffle.algorithm" instead
[2m[36m(iter_task pid=1036037, ip=10.120.204.26)[0m   warnings.warn(
[2m[36m(iter_task pid=1036040, ip=10.120.204.26)[0m /home/ulc/cursos/curso341/.local/lib/python3.9/site-packages/dask/config.py:693: UserWarning: Configuration key "shuffle" has been deprecated. Please use "dataframe.shuffle.algorithm" instead
[2m[36m(iter_task pid=1036040, ip=10.120.204.26)[0m   warnings.warn(
[2m[36m(iter_task pid=1036039, ip=10.120.204.26)[0m /home/ulc/cursos/curso341/.local/lib/python3.9/site-packages/dask/config.py:693: UserWarning: Configuration key "shuffle" has been deprecated. Please use "dataframe.shuffle.algorithm" instead
[2m[36m(iter_task pid=1036039, ip=10.120.204.26)[0m   warnings.warn(
[2m[36m(iter_task pid=1036038, ip=10.120.204.26)[0m /home/ulc/cursos/curso341/.local/lib/python3.9/site-packages/dask/config.py:693: UserWarning: Configuration key "shuffle" has been deprecated. Please use "dataframe.shuffle.algorithm" instead
[2m[36m(iter_task pid=1036038, ip=10.120.204.26)[0m   warnings.warn(
Iter [3]
Iter [4]
Iter [5]
Iter [6]
Iter [7]
Iter [8]
Iter [9]
GLOBAL_PUT_TIME:     4.316483736038208 (avg:0.43165)
ACTOR_CONCURRENCY:   8
SIMULATION_TIME:     39.120359158999996 (avg: 3.912035915900000)
SIM_WTHOUT_PDI:      32.088700359000001 (avg: 3.208870035900000)
PDI_DELAY:           7.031658799999995 (avg: 0.703165880000000)

GLOBAL_SIZE_(GiB):   2097152
LOCAL_SIZE_(MiB):    256
ITERATIONS:          10

MPI_PER_NODE:        2
MPI_PARALLELISM:     8

WORKER_NODES:        4
CPUS_PER_WORKER:     64
WORKER_PARALLELISM:  256


SLURM_JOB_ID:        10933975
EST_ANALYTICS_TIME:  142.55410 (avg:14.25541)

Slurm job finished at 10/03/2025_10:54:28 PM

*****************************************************************************
*                                                                           *
*                    JOB EFFICIENCY REPORT (seff 10933975)                   *
*                                                                           *
*****************************************************************************

Job ID: 10933975
Cluster: finisterrae3
User/Group: curso341/ulc
State: COMPLETED (exit code 0)
Nodes: 9
Cores per node: 64
CPU Utilized: 00:09:19
CPU Efficiency: 0.55% of 1-04:00:00 core-walltime
Job Wall-clock time: 00:02:55
Memory Utilized: 5.06 GB
Memory Efficiency: 0.26% of 1.91 TB

 +++++++++++++++++++++++++++++++++++++++++++++++++++++++++++++++++++++++++++
 ++   Memory Efficiency is too small. Please review the requested memory. ++
 ++ It seems that you do not need that much memory so we recommend        ++
 ++ requesting less memory in other similar jobs.                         ++
 +++++++++++++++++++++++++++++++++++++++++++++++++++++++++++++++++++++++++++
 
*****************************************************************************


*****************************************************************************
*                                                                           *
*                    JOB EFFICIENCY REPORT (seff 10933975)                   *
*                                                                           *
*****************************************************************************

Job ID: 10933975
Cluster: finisterrae3
User/Group: curso341/ulc
State: COMPLETED (exit code 0)
Nodes: 9
Cores per node: 64
CPU Utilized: 00:09:19
CPU Efficiency: 0.55% of 1-04:00:00 core-walltime
Job Wall-clock time: 00:02:55
Memory Utilized: 5.06 GB
Memory Efficiency: 0.26% of 1.91 TB

 +++++++++++++++++++++++++++++++++++++++++++++++++++++++++++++++++++++++++++
 ++   Memory Efficiency is too small. Please review the requested memory. ++
 ++ It seems that you do not need that much memory so we recommend        ++
 ++ requesting less memory in other similar jobs.                         ++
 +++++++++++++++++++++++++++++++++++++++++++++++++++++++++++++++++++++++++++
 
*****************************************************************************


*****************************************************************************
*                                                                           *
*                    JOB EFFICIENCY REPORT (seff 10933975)                   *
*                                                                           *
*****************************************************************************

Job ID: 10933975
Cluster: finisterrae3
User/Group: curso341/ulc
State: COMPLETED (exit code 0)
Nodes: 9
Cores per node: 64
CPU Utilized: 00:11:10
CPU Efficiency: 0.66% of 1-04:00:00 core-walltime
Job Wall-clock time: 00:02:55
Memory Utilized: 5.06 GB
Memory Efficiency: 0.26% of 1.91 TB

 +++++++++++++++++++++++++++++++++++++++++++++++++++++++++++++++++++++++++++
 ++   Memory Efficiency is too small. Please review the requested memory. ++
 ++ It seems that you do not need that much memory so we recommend        ++
 ++ requesting less memory in other similar jobs.                         ++
 +++++++++++++++++++++++++++++++++++++++++++++++++++++++++++++++++++++++++++
 
*****************************************************************************


*****************************************************************************
*                                                                           *
*                    JOB EFFICIENCY REPORT (seff 10933975)                   *
*                                                                           *
*****************************************************************************

Job ID: 10933975
Cluster: finisterrae3
User/Group: curso341/ulc
State: COMPLETED (exit code 0)
Nodes: 9
Cores per node: 64
CPU Utilized: 00:18:21
CPU Efficiency: 1.09% of 1-04:00:00 core-walltime
Job Wall-clock time: 00:02:55
Memory Utilized: 15.62 GB
Memory Efficiency: 0.80% of 1.91 TB

 +++++++++++++++++++++++++++++++++++++++++++++++++++++++++++++++++++++++++++
 ++   Memory Efficiency is too small. Please review the requested memory. ++
 ++ It seems that you do not need that much memory so we recommend        ++
 ++ requesting less memory in other similar jobs.                         ++
 +++++++++++++++++++++++++++++++++++++++++++++++++++++++++++++++++++++++++++
 
*****************************************************************************


*****************************************************************************
*                                                                           *
*                    JOB EFFICIENCY REPORT (seff 10933975)                   *
*                                                                           *
*****************************************************************************

Job ID: 10933975
Cluster: finisterrae3
User/Group: curso341/ulc
State: COMPLETED (exit code 0)
Nodes: 9
Cores per node: 64
CPU Utilized: 00:18:21
CPU Efficiency: 1.09% of 1-04:00:00 core-walltime
Job Wall-clock time: 00:02:55
Memory Utilized: 15.62 GB
Memory Efficiency: 0.80% of 1.91 TB

 +++++++++++++++++++++++++++++++++++++++++++++++++++++++++++++++++++++++++++
 ++   Memory Efficiency is too small. Please review the requested memory. ++
 ++ It seems that you do not need that much memory so we recommend        ++
 ++ requesting less memory in other similar jobs.                         ++
 +++++++++++++++++++++++++++++++++++++++++++++++++++++++++++++++++++++++++++
 
*****************************************************************************


*****************************************************************************
*                                                                           *
*                    JOB EFFICIENCY REPORT (seff 10933975)                   *
*                                                                           *
*****************************************************************************

Job ID: 10933975
Cluster: finisterrae3
User/Group: curso341/ulc
State: COMPLETED (exit code 0)
Nodes: 9
Cores per node: 64
CPU Utilized: 00:18:21
CPU Efficiency: 1.09% of 1-04:00:00 core-walltime
Job Wall-clock time: 00:02:55
Memory Utilized: 15.62 GB
Memory Efficiency: 0.80% of 1.91 TB

 +++++++++++++++++++++++++++++++++++++++++++++++++++++++++++++++++++++++++++
 ++   Memory Efficiency is too small. Please review the requested memory. ++
 ++ It seems that you do not need that much memory so we recommend        ++
 ++ requesting less memory in other similar jobs.                         ++
 +++++++++++++++++++++++++++++++++++++++++++++++++++++++++++++++++++++++++++
 
*****************************************************************************


*****************************************************************************
*                                                                           *
*                    JOB EFFICIENCY REPORT (seff 10933975)                   *
*                                                                           *
*****************************************************************************

Job ID: 10933975
Cluster: finisterrae3
User/Group: curso341/ulc
State: COMPLETED (exit code 0)
Nodes: 9
Cores per node: 64
CPU Utilized: 00:18:21
CPU Efficiency: 1.09% of 1-04:00:00 core-walltime
Job Wall-clock time: 00:02:55
Memory Utilized: 15.62 GB
Memory Efficiency: 0.80% of 1.91 TB

 +++++++++++++++++++++++++++++++++++++++++++++++++++++++++++++++++++++++++++
 ++   Memory Efficiency is too small. Please review the requested memory. ++
 ++ It seems that you do not need that much memory so we recommend        ++
 ++ requesting less memory in other similar jobs.                         ++
 +++++++++++++++++++++++++++++++++++++++++++++++++++++++++++++++++++++++++++
 
*****************************************************************************


*****************************************************************************
*                                                                           *
*                    JOB EFFICIENCY REPORT (seff 10933975)                   *
*                                                                           *
*****************************************************************************

Job ID: 10933975
Cluster: finisterrae3
User/Group: curso341/ulc
State: COMPLETED (exit code 0)
Nodes: 9
Cores per node: 64
CPU Utilized: 00:57:42
CPU Efficiency: 3.43% of 1-04:00:00 core-walltime
Job Wall-clock time: 00:02:55
Memory Utilized: 18.10 GB
Memory Efficiency: 0.93% of 1.91 TB

 +++++++++++++++++++++++++++++++++++++++++++++++++++++++++++++++++++++++++++
 ++   Memory Efficiency is too small. Please review the requested memory. ++
 ++ It seems that you do not need that much memory so we recommend        ++
 ++ requesting less memory in other similar jobs.                         ++
 +++++++++++++++++++++++++++++++++++++++++++++++++++++++++++++++++++++++++++
 
*****************************************************************************


*****************************************************************************
*                                                                           *
*                    JOB EFFICIENCY REPORT (seff 10933975)                   *
*                                                                           *
*****************************************************************************

Job ID: 10933975
Cluster: finisterrae3
User/Group: curso341/ulc
State: COMPLETED (exit code 0)
Nodes: 9
Cores per node: 64
CPU Utilized: 00:57:42
CPU Efficiency: 3.43% of 1-04:00:00 core-walltime
Job Wall-clock time: 00:02:55
Memory Utilized: 18.10 GB
Memory Efficiency: 0.93% of 1.91 TB

 +++++++++++++++++++++++++++++++++++++++++++++++++++++++++++++++++++++++++++
 ++   Memory Efficiency is too small. Please review the requested memory. ++
 ++ It seems that you do not need that much memory so we recommend        ++
 ++ requesting less memory in other similar jobs.                         ++
 +++++++++++++++++++++++++++++++++++++++++++++++++++++++++++++++++++++++++++
 
*****************************************************************************

