slurmstepd: info: Setting TMPDIR to /scratch/10884394. Previous errors about TMPDIR can be discarded
Slurm job started at 06/03/2025_11:17:33 AM

In transit.
Initing Ray (1 head node + 4 worker nodes + 4 simulation nodes) on nodes: 
	ilk-147 ilk-148 ilk-149 ilk-150 ilk-151 ilk-153 ilk-154 ilk-155 ilk-157
Head node: 172.30.204.3:6379


RAY_DEPLOY_TIME:     23.09893
2025-03-06 11:17:57,736	INFO packaging.py:520 -- Creating a file package for local directory '/mnt/lustre/scratch/nlsas/home/ulc/cursos/curso341/dask_on_reisa_tests/E1/REISA_ONE_ACTOR/reduction/P8-SN4-LS536-GS4294-I25-AN4-D2025-03-06_11-13-54'.
2025-03-06 11:17:57,763	INFO packaging.py:347 -- Pushing file package 'gcs://_ray_pkg_8235069d6cd23518.zip' (0.48MiB) to Ray cluster...
2025-03-06 11:17:57,769	INFO packaging.py:360 -- Successfully pushed file package 'gcs://_ray_pkg_8235069d6cd23518.zip'.
RAY_INIT_TIME:       2.57545
Iter [0]
Iter [2]
Iter [4]
Iter [6]
Iter [8]
Iter [10]
Iter [12]
Iter [14]
Iter [16]
Iter [18]
Iter [20]
Iter [22]
Iter [24]
EST_ANALYTICS_TIME:  140.15282 (avg:5.60611)
GLOBAL_PUT_TIME:     21.13532257080078 (avg:0.84541)
ACTOR_CONCURRENCY:   8
SIMULATION_TIME:     144.391273777999999 (avg: 5.775650951120000)
SIM_WTHOUT_PDI:      116.776775771999993 (avg: 4.671071030879999)
PDI_DELAY:           27.614498006000005 (avg: 1.104579920240000)

GLOBAL_SIZE_(GiB):   4194304
LOCAL_SIZE_(MiB):    512
ITERATIONS:          25

MPI_PER_NODE:        2
MPI_PARALLELISM:     8

WORKER_NODES:        4
CPUS_PER_WORKER:     64
WORKER_PARALLELISM:  256


SLURM_JOB_ID:        10884394

Slurm job finished at 06/03/2025_11:20:25 AM

*****************************************************************************
*                                                                           *
*                    JOB EFFICIENCY REPORT (seff 10884394)                   *
*                                                                           *
*****************************************************************************

Job ID: 10884394
Cluster: finisterrae3
User/Group: curso341/ulc
State: COMPLETED (exit code 0)
Nodes: 9
Cores per node: 64
CPU Utilized: 00:18:57
CPU Efficiency: 1.13% of 1-03:50:24 core-walltime
Job Wall-clock time: 00:02:54
Memory Utilized: 13.90 GB (estimated maximum)
Memory Efficiency: 0.71% of 1.91 TB (3.39 GB/core)

 +++++++++++++++++++++++++++++++++++++++++++++++++++++++++++++++++++++++++++
 ++   Memory Efficiency is too small. Please review the requested memory. ++
 ++ It seems that you do not need that much memory so we recommend        ++
 ++ requesting less memory in other similar jobs.                         ++
 +++++++++++++++++++++++++++++++++++++++++++++++++++++++++++++++++++++++++++
 
*****************************************************************************


*****************************************************************************
*                                                                           *
*                    JOB EFFICIENCY REPORT (seff 10884394)                   *
*                                                                           *
*****************************************************************************

Job ID: 10884394
Cluster: finisterrae3
User/Group: curso341/ulc
State: COMPLETED (exit code 0)
Nodes: 9
Cores per node: 64
CPU Utilized: 00:18:57
CPU Efficiency: 1.13% of 1-03:50:24 core-walltime
Job Wall-clock time: 00:02:54
Memory Utilized: 13.90 GB (estimated maximum)
Memory Efficiency: 0.71% of 1.91 TB (3.39 GB/core)

 +++++++++++++++++++++++++++++++++++++++++++++++++++++++++++++++++++++++++++
 ++   Memory Efficiency is too small. Please review the requested memory. ++
 ++ It seems that you do not need that much memory so we recommend        ++
 ++ requesting less memory in other similar jobs.                         ++
 +++++++++++++++++++++++++++++++++++++++++++++++++++++++++++++++++++++++++++
 
*****************************************************************************


*****************************************************************************
*                                                                           *
*                    JOB EFFICIENCY REPORT (seff 10884394)                   *
*                                                                           *
*****************************************************************************

Job ID: 10884394
Cluster: finisterrae3
User/Group: curso341/ulc
State: COMPLETED (exit code 0)
Nodes: 9
Cores per node: 64
CPU Utilized: 00:18:57
CPU Efficiency: 1.13% of 1-03:50:24 core-walltime
Job Wall-clock time: 00:02:54
Memory Utilized: 13.90 GB (estimated maximum)
Memory Efficiency: 0.71% of 1.91 TB (3.39 GB/core)

 +++++++++++++++++++++++++++++++++++++++++++++++++++++++++++++++++++++++++++
 ++   Memory Efficiency is too small. Please review the requested memory. ++
 ++ It seems that you do not need that much memory so we recommend        ++
 ++ requesting less memory in other similar jobs.                         ++
 +++++++++++++++++++++++++++++++++++++++++++++++++++++++++++++++++++++++++++
 
*****************************************************************************


*****************************************************************************
*                                                                           *
*                    JOB EFFICIENCY REPORT (seff 10884394)                   *
*                                                                           *
*****************************************************************************

Job ID: 10884394
Cluster: finisterrae3
User/Group: curso341/ulc
State: COMPLETED (exit code 0)
Nodes: 9
Cores per node: 64
CPU Utilized: 00:19:18
CPU Efficiency: 1.16% of 1-03:50:24 core-walltime
Job Wall-clock time: 00:02:54
Memory Utilized: 13.90 GB (estimated maximum)
Memory Efficiency: 0.71% of 1.91 TB (3.39 GB/core)

 +++++++++++++++++++++++++++++++++++++++++++++++++++++++++++++++++++++++++++
 ++   Memory Efficiency is too small. Please review the requested memory. ++
 ++ It seems that you do not need that much memory so we recommend        ++
 ++ requesting less memory in other similar jobs.                         ++
 +++++++++++++++++++++++++++++++++++++++++++++++++++++++++++++++++++++++++++
 
*****************************************************************************


*****************************************************************************
*                                                                           *
*                    JOB EFFICIENCY REPORT (seff 10884394)                   *
*                                                                           *
*****************************************************************************

Job ID: 10884394
Cluster: finisterrae3
User/Group: curso341/ulc
State: COMPLETED (exit code 0)
Nodes: 9
Cores per node: 64
CPU Utilized: 00:22:50
CPU Efficiency: 1.37% of 1-03:50:24 core-walltime
Job Wall-clock time: 00:02:54
Memory Utilized: 13.90 GB (estimated maximum)
Memory Efficiency: 0.71% of 1.91 TB (3.39 GB/core)

 +++++++++++++++++++++++++++++++++++++++++++++++++++++++++++++++++++++++++++
 ++   Memory Efficiency is too small. Please review the requested memory. ++
 ++ It seems that you do not need that much memory so we recommend        ++
 ++ requesting less memory in other similar jobs.                         ++
 +++++++++++++++++++++++++++++++++++++++++++++++++++++++++++++++++++++++++++
 
*****************************************************************************


*****************************************************************************
*                                                                           *
*                    JOB EFFICIENCY REPORT (seff 10884394)                   *
*                                                                           *
*****************************************************************************

Job ID: 10884394
Cluster: finisterrae3
User/Group: curso341/ulc
State: COMPLETED (exit code 0)
Nodes: 9
Cores per node: 64
CPU Utilized: 00:22:50
CPU Efficiency: 1.37% of 1-03:50:24 core-walltime
Job Wall-clock time: 00:02:54
Memory Utilized: 13.90 GB (estimated maximum)
Memory Efficiency: 0.71% of 1.91 TB (3.39 GB/core)

 +++++++++++++++++++++++++++++++++++++++++++++++++++++++++++++++++++++++++++
 ++   Memory Efficiency is too small. Please review the requested memory. ++
 ++ It seems that you do not need that much memory so we recommend        ++
 ++ requesting less memory in other similar jobs.                         ++
 +++++++++++++++++++++++++++++++++++++++++++++++++++++++++++++++++++++++++++
 
*****************************************************************************


*****************************************************************************
*                                                                           *
*                    JOB EFFICIENCY REPORT (seff 10884394)                   *
*                                                                           *
*****************************************************************************

Job ID: 10884394
Cluster: finisterrae3
User/Group: curso341/ulc
State: COMPLETED (exit code 0)
Nodes: 9
Cores per node: 64
CPU Utilized: 00:22:50
CPU Efficiency: 1.37% of 1-03:50:24 core-walltime
Job Wall-clock time: 00:02:54
Memory Utilized: 13.90 GB (estimated maximum)
Memory Efficiency: 0.71% of 1.91 TB (3.39 GB/core)

 +++++++++++++++++++++++++++++++++++++++++++++++++++++++++++++++++++++++++++
 ++   Memory Efficiency is too small. Please review the requested memory. ++
 ++ It seems that you do not need that much memory so we recommend        ++
 ++ requesting less memory in other similar jobs.                         ++
 +++++++++++++++++++++++++++++++++++++++++++++++++++++++++++++++++++++++++++
 
*****************************************************************************


*****************************************************************************
*                                                                           *
*                    JOB EFFICIENCY REPORT (seff 10884394)                   *
*                                                                           *
*****************************************************************************

Job ID: 10884394
Cluster: finisterrae3
User/Group: curso341/ulc
State: COMPLETED (exit code 0)
Nodes: 9
Cores per node: 64
CPU Utilized: 00:22:50
CPU Efficiency: 1.37% of 1-03:50:24 core-walltime
Job Wall-clock time: 00:02:54
Memory Utilized: 13.90 GB (estimated maximum)
Memory Efficiency: 0.71% of 1.91 TB (3.39 GB/core)

 +++++++++++++++++++++++++++++++++++++++++++++++++++++++++++++++++++++++++++
 ++   Memory Efficiency is too small. Please review the requested memory. ++
 ++ It seems that you do not need that much memory so we recommend        ++
 ++ requesting less memory in other similar jobs.                         ++
 +++++++++++++++++++++++++++++++++++++++++++++++++++++++++++++++++++++++++++
 
*****************************************************************************


*****************************************************************************
*                                                                           *
*                    JOB EFFICIENCY REPORT (seff 10884394)                   *
*                                                                           *
*****************************************************************************

Job ID: 10884394
Cluster: finisterrae3
User/Group: curso341/ulc
State: COMPLETED (exit code 0)
Nodes: 9
Cores per node: 64
CPU Utilized: 00:29:52
CPU Efficiency: 1.79% of 1-03:50:24 core-walltime
Job Wall-clock time: 00:02:54
Memory Utilized: 7.51 GB
Memory Efficiency: 0.38% of 1.91 TB

 +++++++++++++++++++++++++++++++++++++++++++++++++++++++++++++++++++++++++++
 ++   Memory Efficiency is too small. Please review the requested memory. ++
 ++ It seems that you do not need that much memory so we recommend        ++
 ++ requesting less memory in other similar jobs.                         ++
 +++++++++++++++++++++++++++++++++++++++++++++++++++++++++++++++++++++++++++
 
*****************************************************************************

