slurmstepd: info: Setting TMPDIR to /scratch/10908855. Previous errors about TMPDIR can be discarded
Slurm job started at 08/03/2025_01:01:04 AM

In transit.
Initing Ray (1 head node + 2 worker nodes + 2 simulation nodes) on nodes: 
	ilk-13 ilk-52 ilk-68 ilk-86 ilk-162
Head node: 172.30.201.13:6379


RAY_DEPLOY_TIME:     24.07714
2025-03-08 01:01:31,351	INFO packaging.py:520 -- Creating a file package for local directory '/mnt/lustre/scratch/nlsas/home/ulc/cursos/curso341/dask_on_reisa_tests/E2/REISA/derivative/P4-SN2-LS536-GS2147-I10-AN2-D2025-03-07_21-31-22'.
2025-03-08 01:01:31,378	INFO packaging.py:347 -- Pushing file package 'gcs://_ray_pkg_cf5546bc0879ea8f.zip' (0.48MiB) to Ray cluster...
2025-03-08 01:01:31,384	INFO packaging.py:360 -- Successfully pushed file package 'gcs://_ray_pkg_cf5546bc0879ea8f.zip'.
RAY_INIT_TIME:       3.68593
Iter [0]
Iter [1]
Iter [2]
Iter [3]
Iter [4]
Iter [5]
Iter [6]
Iter [7]
Iter [8]
Iter [9]
EST_ANALYTICS_TIME:  51.64908 (avg:5.16491)
GLOBAL_PUT_TIME:     7.09523606300354 (avg:0.70952)
ACTOR_CONCURRENCY:   8
SIMULATION_TIME:     54.629653378000000 (avg: 5.462965337800000)
SIM_WTHOUT_PDI:      46.016931084999996 (avg: 4.601693108499999)
PDI_DELAY:           8.612722293000004 (avg: 0.861272229300000)

GLOBAL_SIZE_(GiB):   2097152
LOCAL_SIZE_(MiB):    512
ITERATIONS:          10

MPI_PER_NODE:        2
MPI_PARALLELISM:     4

WORKER_NODES:        2
CPUS_PER_WORKER:     64
WORKER_PARALLELISM:  128


SLURM_JOB_ID:        10908855

Slurm job finished at 08/03/2025_01:02:29 AM

*****************************************************************************
*                                                                           *
*                    JOB EFFICIENCY REPORT (seff 10908855)                   *
*                                                                           *
*****************************************************************************

Job ID: 10908855
Cluster: finisterrae3
User/Group: curso341/ulc
State: COMPLETED (exit code 0)
Nodes: 5
Cores per node: 64
CPU Utilized: 00:03:48
CPU Efficiency: 0.83% of 07:38:40 core-walltime
Job Wall-clock time: 00:01:26
Memory Utilized: 4.94 GB (estimated maximum)
Memory Efficiency: 0.45% of 1.06 TB (3.39 GB/core)

 +++++++++++++++++++++++++++++++++++++++++++++++++++++++++++++++++++++++++++
 ++   Memory Efficiency is too small. Please review the requested memory. ++
 ++ It seems that you do not need that much memory so we recommend        ++
 ++ requesting less memory in other similar jobs.                         ++
 +++++++++++++++++++++++++++++++++++++++++++++++++++++++++++++++++++++++++++
 
*****************************************************************************


*****************************************************************************
*                                                                           *
*                    JOB EFFICIENCY REPORT (seff 10908855)                   *
*                                                                           *
*****************************************************************************

Job ID: 10908855
Cluster: finisterrae3
User/Group: curso341/ulc
State: COMPLETED (exit code 0)
Nodes: 5
Cores per node: 64
CPU Utilized: 00:05:40
CPU Efficiency: 1.24% of 07:38:40 core-walltime
Job Wall-clock time: 00:01:26
Memory Utilized: 4.94 GB (estimated maximum)
Memory Efficiency: 0.45% of 1.06 TB (3.39 GB/core)

 +++++++++++++++++++++++++++++++++++++++++++++++++++++++++++++++++++++++++++
 ++   Memory Efficiency is too small. Please review the requested memory. ++
 ++ It seems that you do not need that much memory so we recommend        ++
 ++ requesting less memory in other similar jobs.                         ++
 +++++++++++++++++++++++++++++++++++++++++++++++++++++++++++++++++++++++++++
 
*****************************************************************************


*****************************************************************************
*                                                                           *
*                    JOB EFFICIENCY REPORT (seff 10908855)                   *
*                                                                           *
*****************************************************************************

Job ID: 10908855
Cluster: finisterrae3
User/Group: curso341/ulc
State: COMPLETED (exit code 0)
Nodes: 5
Cores per node: 64
CPU Utilized: 00:05:40
CPU Efficiency: 1.24% of 07:38:40 core-walltime
Job Wall-clock time: 00:01:26
Memory Utilized: 4.94 GB (estimated maximum)
Memory Efficiency: 0.45% of 1.06 TB (3.39 GB/core)

 +++++++++++++++++++++++++++++++++++++++++++++++++++++++++++++++++++++++++++
 ++   Memory Efficiency is too small. Please review the requested memory. ++
 ++ It seems that you do not need that much memory so we recommend        ++
 ++ requesting less memory in other similar jobs.                         ++
 +++++++++++++++++++++++++++++++++++++++++++++++++++++++++++++++++++++++++++
 
*****************************************************************************


*****************************************************************************
*                                                                           *
*                    JOB EFFICIENCY REPORT (seff 10908855)                   *
*                                                                           *
*****************************************************************************

Job ID: 10908855
Cluster: finisterrae3
User/Group: curso341/ulc
State: COMPLETED (exit code 0)
Nodes: 5
Cores per node: 64
CPU Utilized: 00:05:57
CPU Efficiency: 1.30% of 07:38:40 core-walltime
Job Wall-clock time: 00:01:26
Memory Utilized: 4.94 GB (estimated maximum)
Memory Efficiency: 0.45% of 1.06 TB (3.39 GB/core)

 +++++++++++++++++++++++++++++++++++++++++++++++++++++++++++++++++++++++++++
 ++   Memory Efficiency is too small. Please review the requested memory. ++
 ++ It seems that you do not need that much memory so we recommend        ++
 ++ requesting less memory in other similar jobs.                         ++
 +++++++++++++++++++++++++++++++++++++++++++++++++++++++++++++++++++++++++++
 
*****************************************************************************


*****************************************************************************
*                                                                           *
*                    JOB EFFICIENCY REPORT (seff 10908855)                   *
*                                                                           *
*****************************************************************************

Job ID: 10908855
Cluster: finisterrae3
User/Group: curso341/ulc
State: COMPLETED (exit code 0)
Nodes: 5
Cores per node: 64
CPU Utilized: 00:08:22
CPU Efficiency: 1.82% of 07:38:40 core-walltime
Job Wall-clock time: 00:01:26
Memory Utilized: 5.04 GB
Memory Efficiency: 0.46% of 1.06 TB

 +++++++++++++++++++++++++++++++++++++++++++++++++++++++++++++++++++++++++++
 ++   Memory Efficiency is too small. Please review the requested memory. ++
 ++ It seems that you do not need that much memory so we recommend        ++
 ++ requesting less memory in other similar jobs.                         ++
 +++++++++++++++++++++++++++++++++++++++++++++++++++++++++++++++++++++++++++
 
*****************************************************************************

