slurmstepd: info: Setting TMPDIR to /scratch/10895205. Previous errors about TMPDIR can be discarded
Slurm job started at 07/03/2025_01:34:54 AM

In transit.
Initing Ray (1 head node + 8 worker nodes + 8 simulation nodes) on nodes: 
	ilk-5 ilk-6 ilk-11 ilk-14 ilk-56 ilk-83 ilk-88 ilk-106 ilk-160 ilk-164 ilk-171 ilk-173 ilk-241 ilk-243 ilk-248 ilk-249 ilk-250
Head node: 172.30.201.5:6379


RAY_DEPLOY_TIME:     24.64741
RAY_INIT_TIME:       2.45299
Iter [0]
2025-03-07 01:35:23,489	INFO packaging.py:520 -- Creating a file package for local directory '/mnt/lustre/scratch/nlsas/home/ulc/cursos/curso341/dask_on_reisa_tests/E1/REISA/derivative/P16-SN8-LS536-GS8589-I10-AN8-D2025-03-06_23-15-30'.
2025-03-07 01:35:23,519	INFO packaging.py:347 -- Pushing file package 'gcs://_ray_pkg_2e7571ae6b9eff03.zip' (0.48MiB) to Ray cluster...
2025-03-07 01:35:23,525	INFO packaging.py:360 -- Successfully pushed file package 'gcs://_ray_pkg_2e7571ae6b9eff03.zip'.
Iter [1]
Iter [2]
Iter [3]
Iter [4]
Iter [5]
Iter [6]
Iter [7]
Iter [8]
Iter [9]
GLOBAL_PUT_TIME:     7.90382981300354 (avg:0.79038)
ACTOR_CONCURRENCY:   8
SIMULATION_TIME:     56.215567542999999 (avg: 5.621556754300000)
SIM_WTHOUT_PDI:      47.196492100999997 (avg: 4.719649210100000)
PDI_DELAY:           9.019075442000002 (avg: 0.901907544200000)

GLOBAL_SIZE_(GiB):   8388608
LOCAL_SIZE_(MiB):    512
ITERATIONS:          10

MPI_PER_NODE:        2
MPI_PARALLELISM:     16

WORKER_NODES:        8
CPUS_PER_WORKER:     64
WORKER_PARALLELISM:  512


SLURM_JOB_ID:        10895205
EST_ANALYTICS_TIME:  58.46671 (avg:5.84667)

Slurm job finished at 07/03/2025_01:36:25 AM

*****************************************************************************
*                                                                           *
*                    JOB EFFICIENCY REPORT (seff 10895205)                   *
*                                                                           *
*****************************************************************************

Job ID: 10895205
Cluster: finisterrae3
User/Group: curso341/ulc
State: COMPLETED (exit code 0)
Nodes: 17
Cores per node: 64
CPU Utilized: 00:15:27
CPU Efficiency: 0.92% of 1-04:06:24 core-walltime
Job Wall-clock time: 00:01:33
Memory Utilized: 19.81 GB (estimated maximum)
Memory Efficiency: 0.54% of 3.60 TB (3.39 GB/core)

 +++++++++++++++++++++++++++++++++++++++++++++++++++++++++++++++++++++++++++
 ++   Memory Efficiency is too small. Please review the requested memory. ++
 ++ It seems that you do not need that much memory so we recommend        ++
 ++ requesting less memory in other similar jobs.                         ++
 +++++++++++++++++++++++++++++++++++++++++++++++++++++++++++++++++++++++++++
 
*****************************************************************************


*****************************************************************************
*                                                                           *
*                    JOB EFFICIENCY REPORT (seff 10895205)                   *
*                                                                           *
*****************************************************************************

Job ID: 10895205
Cluster: finisterrae3
User/Group: curso341/ulc
State: COMPLETED (exit code 0)
Nodes: 17
Cores per node: 64
CPU Utilized: 00:15:27
CPU Efficiency: 0.92% of 1-04:06:24 core-walltime
Job Wall-clock time: 00:01:33
Memory Utilized: 19.81 GB (estimated maximum)
Memory Efficiency: 0.54% of 3.60 TB (3.39 GB/core)

 +++++++++++++++++++++++++++++++++++++++++++++++++++++++++++++++++++++++++++
 ++   Memory Efficiency is too small. Please review the requested memory. ++
 ++ It seems that you do not need that much memory so we recommend        ++
 ++ requesting less memory in other similar jobs.                         ++
 +++++++++++++++++++++++++++++++++++++++++++++++++++++++++++++++++++++++++++
 
*****************************************************************************


*****************************************************************************
*                                                                           *
*                    JOB EFFICIENCY REPORT (seff 10895205)                   *
*                                                                           *
*****************************************************************************

Job ID: 10895205
Cluster: finisterrae3
User/Group: curso341/ulc
State: COMPLETED (exit code 0)
Nodes: 17
Cores per node: 64
CPU Utilized: 00:15:27
CPU Efficiency: 0.92% of 1-04:06:24 core-walltime
Job Wall-clock time: 00:01:33
Memory Utilized: 19.81 GB (estimated maximum)
Memory Efficiency: 0.54% of 3.60 TB (3.39 GB/core)

 +++++++++++++++++++++++++++++++++++++++++++++++++++++++++++++++++++++++++++
 ++   Memory Efficiency is too small. Please review the requested memory. ++
 ++ It seems that you do not need that much memory so we recommend        ++
 ++ requesting less memory in other similar jobs.                         ++
 +++++++++++++++++++++++++++++++++++++++++++++++++++++++++++++++++++++++++++
 
*****************************************************************************


*****************************************************************************
*                                                                           *
*                    JOB EFFICIENCY REPORT (seff 10895205)                   *
*                                                                           *
*****************************************************************************

Job ID: 10895205
Cluster: finisterrae3
User/Group: curso341/ulc
State: COMPLETED (exit code 0)
Nodes: 17
Cores per node: 64
CPU Utilized: 00:15:27
CPU Efficiency: 0.92% of 1-04:06:24 core-walltime
Job Wall-clock time: 00:01:33
Memory Utilized: 19.81 GB (estimated maximum)
Memory Efficiency: 0.54% of 3.60 TB (3.39 GB/core)

 +++++++++++++++++++++++++++++++++++++++++++++++++++++++++++++++++++++++++++
 ++   Memory Efficiency is too small. Please review the requested memory. ++
 ++ It seems that you do not need that much memory so we recommend        ++
 ++ requesting less memory in other similar jobs.                         ++
 +++++++++++++++++++++++++++++++++++++++++++++++++++++++++++++++++++++++++++
 
*****************************************************************************


*****************************************************************************
*                                                                           *
*                    JOB EFFICIENCY REPORT (seff 10895205)                   *
*                                                                           *
*****************************************************************************

Job ID: 10895205
Cluster: finisterrae3
User/Group: curso341/ulc
State: COMPLETED (exit code 0)
Nodes: 17
Cores per node: 64
CPU Utilized: 00:23:35
CPU Efficiency: 1.40% of 1-04:06:24 core-walltime
Job Wall-clock time: 00:01:33
Memory Utilized: 19.81 GB (estimated maximum)
Memory Efficiency: 0.54% of 3.60 TB (3.39 GB/core)

 +++++++++++++++++++++++++++++++++++++++++++++++++++++++++++++++++++++++++++
 ++   Memory Efficiency is too small. Please review the requested memory. ++
 ++ It seems that you do not need that much memory so we recommend        ++
 ++ requesting less memory in other similar jobs.                         ++
 +++++++++++++++++++++++++++++++++++++++++++++++++++++++++++++++++++++++++++
 
*****************************************************************************


*****************************************************************************
*                                                                           *
*                    JOB EFFICIENCY REPORT (seff 10895205)                   *
*                                                                           *
*****************************************************************************

Job ID: 10895205
Cluster: finisterrae3
User/Group: curso341/ulc
State: COMPLETED (exit code 0)
Nodes: 17
Cores per node: 64
CPU Utilized: 00:23:35
CPU Efficiency: 1.40% of 1-04:06:24 core-walltime
Job Wall-clock time: 00:01:33
Memory Utilized: 19.81 GB (estimated maximum)
Memory Efficiency: 0.54% of 3.60 TB (3.39 GB/core)

 +++++++++++++++++++++++++++++++++++++++++++++++++++++++++++++++++++++++++++
 ++   Memory Efficiency is too small. Please review the requested memory. ++
 ++ It seems that you do not need that much memory so we recommend        ++
 ++ requesting less memory in other similar jobs.                         ++
 +++++++++++++++++++++++++++++++++++++++++++++++++++++++++++++++++++++++++++
 
*****************************************************************************


*****************************************************************************
*                                                                           *
*                    JOB EFFICIENCY REPORT (seff 10895205)                   *
*                                                                           *
*****************************************************************************

Job ID: 10895205
Cluster: finisterrae3
User/Group: curso341/ulc
State: COMPLETED (exit code 0)
Nodes: 17
Cores per node: 64
CPU Utilized: 00:23:35
CPU Efficiency: 1.40% of 1-04:06:24 core-walltime
Job Wall-clock time: 00:01:33
Memory Utilized: 19.81 GB (estimated maximum)
Memory Efficiency: 0.54% of 3.60 TB (3.39 GB/core)

 +++++++++++++++++++++++++++++++++++++++++++++++++++++++++++++++++++++++++++
 ++   Memory Efficiency is too small. Please review the requested memory. ++
 ++ It seems that you do not need that much memory so we recommend        ++
 ++ requesting less memory in other similar jobs.                         ++
 +++++++++++++++++++++++++++++++++++++++++++++++++++++++++++++++++++++++++++
 
*****************************************************************************


*****************************************************************************
*                                                                           *
*                    JOB EFFICIENCY REPORT (seff 10895205)                   *
*                                                                           *
*****************************************************************************

Job ID: 10895205
Cluster: finisterrae3
User/Group: curso341/ulc
State: COMPLETED (exit code 0)
Nodes: 17
Cores per node: 64
CPU Utilized: 00:23:35
CPU Efficiency: 1.40% of 1-04:06:24 core-walltime
Job Wall-clock time: 00:01:33
Memory Utilized: 19.81 GB (estimated maximum)
Memory Efficiency: 0.54% of 3.60 TB (3.39 GB/core)

 +++++++++++++++++++++++++++++++++++++++++++++++++++++++++++++++++++++++++++
 ++   Memory Efficiency is too small. Please review the requested memory. ++
 ++ It seems that you do not need that much memory so we recommend        ++
 ++ requesting less memory in other similar jobs.                         ++
 +++++++++++++++++++++++++++++++++++++++++++++++++++++++++++++++++++++++++++
 
*****************************************************************************


*****************************************************************************
*                                                                           *
*                    JOB EFFICIENCY REPORT (seff 10895205)                   *
*                                                                           *
*****************************************************************************

Job ID: 10895205
Cluster: finisterrae3
User/Group: curso341/ulc
State: COMPLETED (exit code 0)
Nodes: 17
Cores per node: 64
CPU Utilized: 00:23:35
CPU Efficiency: 1.40% of 1-04:06:24 core-walltime
Job Wall-clock time: 00:01:33
Memory Utilized: 19.81 GB (estimated maximum)
Memory Efficiency: 0.54% of 3.60 TB (3.39 GB/core)

 +++++++++++++++++++++++++++++++++++++++++++++++++++++++++++++++++++++++++++
 ++   Memory Efficiency is too small. Please review the requested memory. ++
 ++ It seems that you do not need that much memory so we recommend        ++
 ++ requesting less memory in other similar jobs.                         ++
 +++++++++++++++++++++++++++++++++++++++++++++++++++++++++++++++++++++++++++
 
*****************************************************************************


*****************************************************************************
*                                                                           *
*                    JOB EFFICIENCY REPORT (seff 10895205)                   *
*                                                                           *
*****************************************************************************

Job ID: 10895205
Cluster: finisterrae3
User/Group: curso341/ulc
State: COMPLETED (exit code 0)
Nodes: 17
Cores per node: 64
CPU Utilized: 00:23:35
CPU Efficiency: 1.40% of 1-04:06:24 core-walltime
Job Wall-clock time: 00:01:33
Memory Utilized: 19.81 GB (estimated maximum)
Memory Efficiency: 0.54% of 3.60 TB (3.39 GB/core)

 +++++++++++++++++++++++++++++++++++++++++++++++++++++++++++++++++++++++++++
 ++   Memory Efficiency is too small. Please review the requested memory. ++
 ++ It seems that you do not need that much memory so we recommend        ++
 ++ requesting less memory in other similar jobs.                         ++
 +++++++++++++++++++++++++++++++++++++++++++++++++++++++++++++++++++++++++++
 
*****************************************************************************


*****************************************************************************
*                                                                           *
*                    JOB EFFICIENCY REPORT (seff 10895205)                   *
*                                                                           *
*****************************************************************************

Job ID: 10895205
Cluster: finisterrae3
User/Group: curso341/ulc
State: COMPLETED (exit code 0)
Nodes: 17
Cores per node: 64
CPU Utilized: 00:23:35
CPU Efficiency: 1.40% of 1-04:06:24 core-walltime
Job Wall-clock time: 00:01:33
Memory Utilized: 19.81 GB (estimated maximum)
Memory Efficiency: 0.54% of 3.60 TB (3.39 GB/core)

 +++++++++++++++++++++++++++++++++++++++++++++++++++++++++++++++++++++++++++
 ++   Memory Efficiency is too small. Please review the requested memory. ++
 ++ It seems that you do not need that much memory so we recommend        ++
 ++ requesting less memory in other similar jobs.                         ++
 +++++++++++++++++++++++++++++++++++++++++++++++++++++++++++++++++++++++++++
 
*****************************************************************************


*****************************************************************************
*                                                                           *
*                    JOB EFFICIENCY REPORT (seff 10895205)                   *
*                                                                           *
*****************************************************************************

Job ID: 10895205
Cluster: finisterrae3
User/Group: curso341/ulc
State: COMPLETED (exit code 0)
Nodes: 17
Cores per node: 64
CPU Utilized: 00:15:27
CPU Efficiency: 0.92% of 1-04:06:24 core-walltime
Job Wall-clock time: 00:01:33
Memory Utilized: 19.81 GB (estimated maximum)
Memory Efficiency: 0.54% of 3.60 TB (3.39 GB/core)

 +++++++++++++++++++++++++++++++++++++++++++++++++++++++++++++++++++++++++++
 ++   Memory Efficiency is too small. Please review the requested memory. ++
 ++ It seems that you do not need that much memory so we recommend        ++
 ++ requesting less memory in other similar jobs.                         ++
 +++++++++++++++++++++++++++++++++++++++++++++++++++++++++++++++++++++++++++
 
*****************************************************************************


*****************************************************************************
*                                                                           *
*                    JOB EFFICIENCY REPORT (seff 10895205)                   *
*                                                                           *
*****************************************************************************

Job ID: 10895205
Cluster: finisterrae3
User/Group: curso341/ulc
State: COMPLETED (exit code 0)
Nodes: 17
Cores per node: 64
CPU Utilized: 00:23:35
CPU Efficiency: 1.40% of 1-04:06:24 core-walltime
Job Wall-clock time: 00:01:33
Memory Utilized: 19.81 GB (estimated maximum)
Memory Efficiency: 0.54% of 3.60 TB (3.39 GB/core)

 +++++++++++++++++++++++++++++++++++++++++++++++++++++++++++++++++++++++++++
 ++   Memory Efficiency is too small. Please review the requested memory. ++
 ++ It seems that you do not need that much memory so we recommend        ++
 ++ requesting less memory in other similar jobs.                         ++
 +++++++++++++++++++++++++++++++++++++++++++++++++++++++++++++++++++++++++++
 
*****************************************************************************


*****************************************************************************
*                                                                           *
*                    JOB EFFICIENCY REPORT (seff 10895205)                   *
*                                                                           *
*****************************************************************************

Job ID: 10895205
Cluster: finisterrae3
User/Group: curso341/ulc
State: COMPLETED (exit code 0)
Nodes: 17
Cores per node: 64
CPU Utilized: 00:23:55
CPU Efficiency: 1.42% of 1-04:06:24 core-walltime
Job Wall-clock time: 00:01:33
Memory Utilized: 19.81 GB (estimated maximum)
Memory Efficiency: 0.54% of 3.60 TB (3.39 GB/core)

 +++++++++++++++++++++++++++++++++++++++++++++++++++++++++++++++++++++++++++
 ++   Memory Efficiency is too small. Please review the requested memory. ++
 ++ It seems that you do not need that much memory so we recommend        ++
 ++ requesting less memory in other similar jobs.                         ++
 +++++++++++++++++++++++++++++++++++++++++++++++++++++++++++++++++++++++++++
 
*****************************************************************************


*****************************************************************************
*                                                                           *
*                    JOB EFFICIENCY REPORT (seff 10895205)                   *
*                                                                           *
*****************************************************************************

Job ID: 10895205
Cluster: finisterrae3
User/Group: curso341/ulc
State: COMPLETED (exit code 0)
Nodes: 17
Cores per node: 64
CPU Utilized: 00:39:22
CPU Efficiency: 2.33% of 1-04:06:24 core-walltime
Job Wall-clock time: 00:01:33
Memory Utilized: 23.26 GB
Memory Efficiency: 0.63% of 3.60 TB

 +++++++++++++++++++++++++++++++++++++++++++++++++++++++++++++++++++++++++++
 ++   Memory Efficiency is too small. Please review the requested memory. ++
 ++ It seems that you do not need that much memory so we recommend        ++
 ++ requesting less memory in other similar jobs.                         ++
 +++++++++++++++++++++++++++++++++++++++++++++++++++++++++++++++++++++++++++
 
*****************************************************************************


*****************************************************************************
*                                                                           *
*                    JOB EFFICIENCY REPORT (seff 10895205)                   *
*                                                                           *
*****************************************************************************

Job ID: 10895205
Cluster: finisterrae3
User/Group: curso341/ulc
State: COMPLETED (exit code 0)
Nodes: 17
Cores per node: 64
CPU Utilized: 00:39:22
CPU Efficiency: 2.33% of 1-04:06:24 core-walltime
Job Wall-clock time: 00:01:33
Memory Utilized: 23.26 GB
Memory Efficiency: 0.63% of 3.60 TB

 +++++++++++++++++++++++++++++++++++++++++++++++++++++++++++++++++++++++++++
 ++   Memory Efficiency is too small. Please review the requested memory. ++
 ++ It seems that you do not need that much memory so we recommend        ++
 ++ requesting less memory in other similar jobs.                         ++
 +++++++++++++++++++++++++++++++++++++++++++++++++++++++++++++++++++++++++++
 
*****************************************************************************


*****************************************************************************
*                                                                           *
*                    JOB EFFICIENCY REPORT (seff 10895205)                   *
*                                                                           *
*****************************************************************************

Job ID: 10895205
Cluster: finisterrae3
User/Group: curso341/ulc
State: COMPLETED (exit code 0)
Nodes: 17
Cores per node: 64
CPU Utilized: 00:39:22
CPU Efficiency: 2.33% of 1-04:06:24 core-walltime
Job Wall-clock time: 00:01:33
Memory Utilized: 23.26 GB
Memory Efficiency: 0.63% of 3.60 TB

 +++++++++++++++++++++++++++++++++++++++++++++++++++++++++++++++++++++++++++
 ++   Memory Efficiency is too small. Please review the requested memory. ++
 ++ It seems that you do not need that much memory so we recommend        ++
 ++ requesting less memory in other similar jobs.                         ++
 +++++++++++++++++++++++++++++++++++++++++++++++++++++++++++++++++++++++++++
 
*****************************************************************************

