slurmstepd: info: Setting TMPDIR to /scratch/10927320. Previous errors about TMPDIR can be discarded
Slurm job started at 10/03/2025_10:06:31 AM

In transit.
Initing Ray (1 head node + 8 worker nodes + 8 simulation nodes) on nodes: 
	ilk-150 ilk-151 ilk-152 ilk-153 ilk-154 ilk-155 ilk-156 ilk-163 ilk-164 ilk-165 ilk-166 ilk-167 ilk-170 ilk-171 ilk-172 ilk-173 ilk-175
Head node: 172.30.204.6:6379


RAY_DEPLOY_TIME:     24.31445
2025-03-10 10:06:59,412	INFO packaging.py:520 -- Creating a file package for local directory '/mnt/lustre/scratch/nlsas/home/ulc/cursos/curso341/dask_on_reisa_tests/E4/DASK_ON_REISA_ONE_ACTOR/reduction/P16-SN8-LS268-GS4294-I20-AN8-D2025-03-10_08-48-06'.
2025-03-10 10:06:59,447	INFO packaging.py:347 -- Pushing file package 'gcs://_ray_pkg_6d8b293118b63b0a.zip' (0.48MiB) to Ray cluster...
2025-03-10 10:06:59,453	INFO packaging.py:360 -- Successfully pushed file package 'gcs://_ray_pkg_6d8b293118b63b0a.zip'.
RAY_INIT_TIME:       4.08759
Iter [0]
Iter [2]
Iter [4]
Iter [6]
Iter [8]
Iter [10]
Iter [12]
Iter [14]
Iter [16]
Iter [18]
GLOBAL_PUT_TIME:     9.247227430343628 (avg:0.46236)
ACTOR_CONCURRENCY:   8
SIMULATION_TIME:     245.351373915000011 (avg: 12.267568695750001)
SIM_WTHOUT_PDI:      95.585446381999986 (avg: 4.779272319099999)
PDI_DELAY:           149.765927533000024 (avg: 7.488296376650001)

GLOBAL_SIZE_(GiB):   4194304
LOCAL_SIZE_(MiB):    256
ITERATIONS:          20

MPI_PER_NODE:        2
MPI_PARALLELISM:     16

WORKER_NODES:        8
CPUS_PER_WORKER:     64
WORKER_PARALLELISM:  512


SLURM_JOB_ID:        10927320
WARNING: 8 PYTHON worker processes have been started on node: dcabfcebeada5e1ee293a1887388b2f7e70c20a6b10788058d39fa72 with address: 172.30.204.21. This could be a result of using a large number of actors, or due to tasks blocked in ray.get() calls (see https://github.com/ray-project/ray/issues/3644 for some discussion of workarounds).
slurmstepd: error: *** STEP 10927320.18 ON ilk-151 CANCELLED AT 2025-03-10T10:26:43 DUE TO TIME LIMIT ***
slurmstepd: error: *** JOB 10927320 ON ilk-150 CANCELLED AT 2025-03-10T10:26:43 DUE TO TIME LIMIT ***
srun: Job step aborted: Waiting up to 32 seconds for job step to finish.
