slurmstepd: info: Setting TMPDIR to /scratch/10878087. Previous errors about TMPDIR can be discarded
Slurm job started at 06/03/2025_03:38:01 AM

In transit.
Initing Ray (1 head node + 2 worker nodes + 2 simulation nodes) on nodes: 
	ilk-248 ilk-249 ilk-250 ilk-251 ilk-252
Head node: 172.30.211.21:6379


RAY_DEPLOY_TIME:     24.86838
2025-03-06 03:38:29,028	INFO packaging.py:520 -- Creating a file package for local directory '/mnt/lustre/scratch/nlsas/home/ulc/cursos/curso341/dask_on_reisa_tests/E1/DASK_ON_REISA_ONE_ACTOR/reduction/P4-SN2-LS536-GS2147-I20-AN2-D2025-03-05_23-17-54'.
2025-03-06 03:38:29,053	INFO packaging.py:347 -- Pushing file package 'gcs://_ray_pkg_443c9c0f59a848ed.zip' (0.48MiB) to Ray cluster...
2025-03-06 03:38:29,060	INFO packaging.py:360 -- Successfully pushed file package 'gcs://_ray_pkg_443c9c0f59a848ed.zip'.
RAY_INIT_TIME:       3.30252
Iter [0]
Iter [2]
Iter [4]
Iter [6]
Iter [8]
Iter [10]
Iter [12]
Iter [14]
Iter [16]
Iter [18]
GLOBAL_PUT_TIME:     13.716294288635254 (avg:0.68581)
ACTOR_CONCURRENCY:   8
SIMULATION_TIME:     243.889978221000007 (avg: 12.194498911050001)
SIM_WTHOUT_PDI:      103.049344444000099 (avg: 5.152467222200005)
PDI_DELAY:           140.840633776999908 (avg: 7.042031688849995)

GLOBAL_SIZE_(GiB):   2097152
LOCAL_SIZE_(MiB):    512
ITERATIONS:          20

MPI_PER_NODE:        2
MPI_PARALLELISM:     4

WORKER_NODES:        2
CPUS_PER_WORKER:     64
WORKER_PARALLELISM:  128


SLURM_JOB_ID:        10878087
slurmstepd: error: *** JOB 10878087 ON ilk-248 CANCELLED AT 2025-03-06T03:58:04 DUE TO TIME LIMIT ***
slurmstepd: error: *** STEP 10878087.6 ON ilk-249 CANCELLED AT 2025-03-06T03:58:04 DUE TO TIME LIMIT ***
srun: Job step aborted: Waiting up to 32 seconds for job step to finish.
