slurmstepd: info: Setting TMPDIR to /scratch/10942649. Previous errors about TMPDIR can be discarded
Slurm job started at 12/03/2025_02:10:46 PM

In transit.
Initing Ray (1 head node + 8 worker nodes + 8 simulation nodes) on nodes: 
	ilk-32 ilk-151 ilk-153 ilk-154 ilk-155 ilk-156 ilk-167 ilk-183 ilk-241 ilk-242 ilk-243 ilk-244 ilk-245 ilk-246 ilk-247 ilk-253 ilk-254
Head node: 172.30.201.32:6379


RAY_DEPLOY_TIME:     24.05329
2025-03-12 14:11:14,778	INFO packaging.py:520 -- Creating a file package for local directory '/mnt/lustre/scratch/nlsas/home/ulc/cursos/curso341/dask_on_reisa_tests/E6/DASK_ON_REISA/derivative/P16-SN8-LS268-GS4294-I10-AN8-D2025-03-12_10-03-30'.
2025-03-12 14:11:14,806	INFO packaging.py:347 -- Pushing file package 'gcs://_ray_pkg_b77489a6b40168e3.zip' (0.48MiB) to Ray cluster...
2025-03-12 14:11:14,812	INFO packaging.py:360 -- Successfully pushed file package 'gcs://_ray_pkg_b77489a6b40168e3.zip'.
RAY_INIT_TIME:       5.31900
Iter [0]
Iter [1]
Iter [2]
[2m[36m(iter_task pid=2999674, ip=10.120.204.39)[0m /home/ulc/cursos/curso341/.local/lib/python3.9/site-packages/dask/config.py:693: UserWarning: Configuration key "shuffle" has been deprecated. Please use "dataframe.shuffle.algorithm" instead
[2m[36m(iter_task pid=2999674, ip=10.120.204.39)[0m   warnings.warn(
[2m[36m(iter_task pid=2999673, ip=10.120.204.39)[0m /home/ulc/cursos/curso341/.local/lib/python3.9/site-packages/dask/config.py:693: UserWarning: Configuration key "shuffle" has been deprecated. Please use "dataframe.shuffle.algorithm" instead
[2m[36m(iter_task pid=2999673, ip=10.120.204.39)[0m   warnings.warn(
Iter [3]
[2m[36m(iter_task pid=3906348, ip=10.120.211.14)[0m /home/ulc/cursos/curso341/.local/lib/python3.9/site-packages/dask/config.py:693: UserWarning: Configuration key "shuffle" has been deprecated. Please use "dataframe.shuffle.algorithm" instead
[2m[36m(iter_task pid=3906348, ip=10.120.211.14)[0m   warnings.warn(
[2m[36m(iter_task pid=3906349, ip=10.120.211.14)[0m /home/ulc/cursos/curso341/.local/lib/python3.9/site-packages/dask/config.py:693: UserWarning: Configuration key "shuffle" has been deprecated. Please use "dataframe.shuffle.algorithm" instead
[2m[36m(iter_task pid=3906349, ip=10.120.211.14)[0m   warnings.warn(
[2m[36m(iter_task pid=2202526, ip=10.120.204.23)[0m /home/ulc/cursos/curso341/.local/lib/python3.9/site-packages/dask/config.py:693: UserWarning: Configuration key "shuffle" has been deprecated. Please use "dataframe.shuffle.algorithm" instead
[2m[36m(iter_task pid=2202526, ip=10.120.204.23)[0m   warnings.warn(
[2m[36m(iter_task pid=2202525, ip=10.120.204.23)[0m /home/ulc/cursos/curso341/.local/lib/python3.9/site-packages/dask/config.py:693: UserWarning: Configuration key "shuffle" has been deprecated. Please use "dataframe.shuffle.algorithm" instead
[2m[36m(iter_task pid=2202525, ip=10.120.204.23)[0m   warnings.warn(
Iter [4]
Iter [5]
Iter [6]
Iter [7]
Iter [8]
Iter [9]
GLOBAL_PUT_TIME:     4.256364107131958 (avg:0.42564)
ACTOR_CONCURRENCY:   8
SIMULATION_TIME:     40.563409471999996 (avg: 4.056340947200000)
SIM_WTHOUT_PDI:      30.233153218000002 (avg: 3.023315321800000)
PDI_DELAY:           10.330256253999995 (avg: 1.033025625399999)

GLOBAL_SIZE_(GiB):   4194304
LOCAL_SIZE_(MiB):    256
ITERATIONS:          10

MPI_PER_NODE:        2
MPI_PARALLELISM:     16

WORKER_NODES:        8
CPUS_PER_WORKER:     64
WORKER_PARALLELISM:  512


SLURM_JOB_ID:        10942649
EST_ANALYTICS_TIME:  197.86136 (avg:19.78614)

Slurm job finished at 12/03/2025_02:14:37 PM

*****************************************************************************
*                                                                           *
*                    JOB EFFICIENCY REPORT (seff 10942649)                   *
*                                                                           *
*****************************************************************************

Job ID: 10942649
Cluster: finisterrae3
User/Group: curso341/ulc
State: COMPLETED (exit code 0)
Nodes: 17
Cores per node: 64
CPU Utilized: 00:10:22
CPU Efficiency: 0.25% of 2-22:06:56 core-walltime
Job Wall-clock time: 00:03:52
Memory Utilized: 12.07 GB (estimated maximum)
Memory Efficiency: 0.33% of 3.60 TB (3.39 GB/core)

 +++++++++++++++++++++++++++++++++++++++++++++++++++++++++++++++++++++++++++
 ++   Memory Efficiency is too small. Please review the requested memory. ++
 ++ It seems that you do not need that much memory so we recommend        ++
 ++ requesting less memory in other similar jobs.                         ++
 +++++++++++++++++++++++++++++++++++++++++++++++++++++++++++++++++++++++++++
 
*****************************************************************************


*****************************************************************************
*                                                                           *
*                    JOB EFFICIENCY REPORT (seff 10942649)                   *
*                                                                           *
*****************************************************************************

Job ID: 10942649
Cluster: finisterrae3
User/Group: curso341/ulc
State: COMPLETED (exit code 0)
Nodes: 17
Cores per node: 64
CPU Utilized: 00:10:22
CPU Efficiency: 0.25% of 2-22:06:56 core-walltime
Job Wall-clock time: 00:03:52
Memory Utilized: 12.07 GB (estimated maximum)
Memory Efficiency: 0.33% of 3.60 TB (3.39 GB/core)

 +++++++++++++++++++++++++++++++++++++++++++++++++++++++++++++++++++++++++++
 ++   Memory Efficiency is too small. Please review the requested memory. ++
 ++ It seems that you do not need that much memory so we recommend        ++
 ++ requesting less memory in other similar jobs.                         ++
 +++++++++++++++++++++++++++++++++++++++++++++++++++++++++++++++++++++++++++
 
*****************************************************************************


*****************************************************************************
*                                                                           *
*                    JOB EFFICIENCY REPORT (seff 10942649)                   *
*                                                                           *
*****************************************************************************

Job ID: 10942649
Cluster: finisterrae3
User/Group: curso341/ulc
State: COMPLETED (exit code 0)
Nodes: 17
Cores per node: 64
CPU Utilized: 00:10:22
CPU Efficiency: 0.25% of 2-22:06:56 core-walltime
Job Wall-clock time: 00:03:52
Memory Utilized: 12.07 GB (estimated maximum)
Memory Efficiency: 0.33% of 3.60 TB (3.39 GB/core)

 +++++++++++++++++++++++++++++++++++++++++++++++++++++++++++++++++++++++++++
 ++   Memory Efficiency is too small. Please review the requested memory. ++
 ++ It seems that you do not need that much memory so we recommend        ++
 ++ requesting less memory in other similar jobs.                         ++
 +++++++++++++++++++++++++++++++++++++++++++++++++++++++++++++++++++++++++++
 
*****************************************************************************


*****************************************************************************
*                                                                           *
*                    JOB EFFICIENCY REPORT (seff 10942649)                   *
*                                                                           *
*****************************************************************************

Job ID: 10942649
Cluster: finisterrae3
User/Group: curso341/ulc
State: COMPLETED (exit code 0)
Nodes: 17
Cores per node: 64
CPU Utilized: 00:10:22
CPU Efficiency: 0.25% of 2-22:06:56 core-walltime
Job Wall-clock time: 00:03:52
Memory Utilized: 12.07 GB (estimated maximum)
Memory Efficiency: 0.33% of 3.60 TB (3.39 GB/core)

 +++++++++++++++++++++++++++++++++++++++++++++++++++++++++++++++++++++++++++
 ++   Memory Efficiency is too small. Please review the requested memory. ++
 ++ It seems that you do not need that much memory so we recommend        ++
 ++ requesting less memory in other similar jobs.                         ++
 +++++++++++++++++++++++++++++++++++++++++++++++++++++++++++++++++++++++++++
 
*****************************************************************************


*****************************************************************************
*                                                                           *
*                    JOB EFFICIENCY REPORT (seff 10942649)                   *
*                                                                           *
*****************************************************************************

Job ID: 10942649
Cluster: finisterrae3
User/Group: curso341/ulc
State: COMPLETED (exit code 0)
Nodes: 17
Cores per node: 64
CPU Utilized: 00:11:36
CPU Efficiency: 0.28% of 2-22:06:56 core-walltime
Job Wall-clock time: 00:03:52
Memory Utilized: 3.36 GB
Memory Efficiency: 0.09% of 3.60 TB

 +++++++++++++++++++++++++++++++++++++++++++++++++++++++++++++++++++++++++++
 ++   Memory Efficiency is too small. Please review the requested memory. ++
 ++ It seems that you do not need that much memory so we recommend        ++
 ++ requesting less memory in other similar jobs.                         ++
 +++++++++++++++++++++++++++++++++++++++++++++++++++++++++++++++++++++++++++
 
*****************************************************************************


*****************************************************************************
*                                                                           *
*                    JOB EFFICIENCY REPORT (seff 10942649)                   *
*                                                                           *
*****************************************************************************

Job ID: 10942649
Cluster: finisterrae3
User/Group: curso341/ulc
State: COMPLETED (exit code 0)
Nodes: 17
Cores per node: 64
CPU Utilized: 00:14:01
CPU Efficiency: 0.33% of 2-22:06:56 core-walltime
Job Wall-clock time: 00:03:52
Memory Utilized: 3.36 GB
Memory Efficiency: 0.09% of 3.60 TB

 +++++++++++++++++++++++++++++++++++++++++++++++++++++++++++++++++++++++++++
 ++   Memory Efficiency is too small. Please review the requested memory. ++
 ++ It seems that you do not need that much memory so we recommend        ++
 ++ requesting less memory in other similar jobs.                         ++
 +++++++++++++++++++++++++++++++++++++++++++++++++++++++++++++++++++++++++++
 
*****************************************************************************



*****************************************************************************
*****************************************************************************
*                                                                           *
*                                                                           *
*                    JOB EFFICIENCY REPORT (seff 10942649)                   *
*                    JOB EFFICIENCY REPORT (seff 10942649)                   *
*                                                                           *
*                                                                           *
*****************************************************************************
*****************************************************************************


Job ID: 10942649
Job ID: 10942649
Cluster: finisterrae3
Cluster: finisterrae3

User/Group: curso341/ulc
User/Group: curso341/ulc
*****************************************************************************

State: COMPLETED (exit code 0)
State: COMPLETED (exit code 0)
*                                                                           *
*****************************************************************************
Nodes: 17
Nodes: 17
*                    JOB EFFICIENCY REPORT (seff 10942649)                   *
*                                                                           *
Cores per node: 64
Cores per node: 64
*                                                                           *
*                    JOB EFFICIENCY REPORT (seff 10942649)                   *
CPU Utilized: 00:28:25
CPU Utilized: 00:28:25
*****************************************************************************
*                                                                           *
CPU Efficiency: 0.68% of 2-22:06:56 core-walltime
CPU Efficiency: 0.68% of 2-22:06:56 core-walltime

*****************************************************************************
Job Wall-clock time: 00:03:52
Job Wall-clock time: 00:03:52
Job ID: 10942649

Memory Utilized: 13.74 GB
Memory Utilized: 13.74 GB
Cluster: finisterrae3
Job ID: 10942649
Memory Efficiency: 0.37% of 3.60 TB
Memory Efficiency: 0.37% of 3.60 TB
User/Group: curso341/ulc
Cluster: finisterrae3


State: COMPLETED (exit code 0)
User/Group: curso341/ulc
 +++++++++++++++++++++++++++++++++++++++++++++++++++++++++++++++++++++++++++
 +++++++++++++++++++++++++++++++++++++++++++++++++++++++++++++++++++++++++++
Nodes: 17
State: COMPLETED (exit code 0)
 ++   Memory Efficiency is too small. Please review the requested memory. ++
 ++   Memory Efficiency is too small. Please review the requested memory. ++
Cores per node: 64
Nodes: 17
 ++ It seems that you do not need that much memory so we recommend        ++
 ++ It seems that you do not need that much memory so we recommend        ++
CPU Utilized: 00:28:25
Cores per node: 64
 ++ requesting less memory in other similar jobs.                         ++
 ++ requesting less memory in other similar jobs.                         ++
CPU Efficiency: 0.68% of 2-22:06:56 core-walltime
CPU Utilized: 00:28:25
 +++++++++++++++++++++++++++++++++++++++++++++++++++++++++++++++++++++++++++
 +++++++++++++++++++++++++++++++++++++++++++++++++++++++++++++++++++++++++++
Job Wall-clock time: 00:03:52
CPU Efficiency: 0.68% of 2-22:06:56 core-walltime
 
 
Memory Utilized: 13.74 GB
Job Wall-clock time: 00:03:52
*****************************************************************************
*****************************************************************************
Memory Efficiency: 0.37% of 3.60 TB
Memory Utilized: 13.74 GB



Memory Efficiency: 0.37% of 3.60 TB
 +++++++++++++++++++++++++++++++++++++++++++++++++++++++++++++++++++++++++++

 ++   Memory Efficiency is too small. Please review the requested memory. ++
 +++++++++++++++++++++++++++++++++++++++++++++++++++++++++++++++++++++++++++
 ++ It seems that you do not need that much memory so we recommend        ++
 ++   Memory Efficiency is too small. Please review the requested memory. ++
 ++ requesting less memory in other similar jobs.                         ++
 ++ It seems that you do not need that much memory so we recommend        ++
 +++++++++++++++++++++++++++++++++++++++++++++++++++++++++++++++++++++++++++
 ++ requesting less memory in other similar jobs.                         ++
 
 +++++++++++++++++++++++++++++++++++++++++++++++++++++++++++++++++++++++++++
*****************************************************************************
 

*****************************************************************************


*****************************************************************************
*                                                                           *
*                    JOB EFFICIENCY REPORT (seff 10942649)                   *
*                                                                           *
*****************************************************************************

Job ID: 10942649
Cluster: finisterrae3
User/Group: curso341/ulc
State: COMPLETED (exit code 0)
Nodes: 17
Cores per node: 64
CPU Utilized: 00:28:25
CPU Efficiency: 0.68% of 2-22:06:56 core-walltime
Job Wall-clock time: 00:03:52
Memory Utilized: 13.74 GB
Memory Efficiency: 0.37% of 3.60 TB

 +++++++++++++++++++++++++++++++++++++++++++++++++++++++++++++++++++++++++++
 ++   Memory Efficiency is too small. Please review the requested memory. ++
 ++ It seems that you do not need that much memory so we recommend        ++
 ++ requesting less memory in other similar jobs.                         ++
 +++++++++++++++++++++++++++++++++++++++++++++++++++++++++++++++++++++++++++
 
*****************************************************************************


*****************************************************************************
*                                                                           *
*                    JOB EFFICIENCY REPORT (seff 10942649)                   *
*                                                                           *
*****************************************************************************

Job ID: 10942649
Cluster: finisterrae3
User/Group: curso341/ulc
State: COMPLETED (exit code 0)
Nodes: 17
Cores per node: 64
CPU Utilized: 00:28:25
CPU Efficiency: 0.68% of 2-22:06:56 core-walltime
Job Wall-clock time: 00:03:52
Memory Utilized: 13.74 GB
Memory Efficiency: 0.37% of 3.60 TB

 +++++++++++++++++++++++++++++++++++++++++++++++++++++++++++++++++++++++++++
 ++   Memory Efficiency is too small. Please review the requested memory. ++
 ++ It seems that you do not need that much memory so we recommend        ++
 ++ requesting less memory in other similar jobs.                         ++
 +++++++++++++++++++++++++++++++++++++++++++++++++++++++++++++++++++++++++++
 
*****************************************************************************


*****************************************************************************
*                                                                           *
*                    JOB EFFICIENCY REPORT (seff 10942649)                   *
*                                                                           *
*****************************************************************************

Job ID: 10942649
Cluster: finisterrae3
User/Group: curso341/ulc
State: COMPLETED (exit code 0)
Nodes: 17
Cores per node: 64
CPU Utilized: 00:28:25
CPU Efficiency: 0.68% of 2-22:06:56 core-walltime
Job Wall-clock time: 00:03:52
Memory Utilized: 13.74 GB
Memory Efficiency: 0.37% of 3.60 TB

 +++++++++++++++++++++++++++++++++++++++++++++++++++++++++++++++++++++++++++
 ++   Memory Efficiency is too small. Please review the requested memory. ++
 ++ It seems that you do not need that much memory so we recommend        ++
 ++ requesting less memory in other similar jobs.                         ++
 +++++++++++++++++++++++++++++++++++++++++++++++++++++++++++++++++++++++++++
 
*****************************************************************************


*****************************************************************************
*                                                                           *
*                    JOB EFFICIENCY REPORT (seff 10942649)                   *
*                                                                           *
*****************************************************************************

Job ID: 10942649
Cluster: finisterrae3
User/Group: curso341/ulc
State: COMPLETED (exit code 0)
Nodes: 17
Cores per node: 64
CPU Utilized: 00:28:25
CPU Efficiency: 0.68% of 2-22:06:56 core-walltime
Job Wall-clock time: 00:03:52
Memory Utilized: 13.74 GB
Memory Efficiency: 0.37% of 3.60 TB

 +++++++++++++++++++++++++++++++++++++++++++++++++++++++++++++++++++++++++++
 ++   Memory Efficiency is too small. Please review the requested memory. ++
 ++ It seems that you do not need that much memory so we recommend        ++
 ++ requesting less memory in other similar jobs.                         ++
 +++++++++++++++++++++++++++++++++++++++++++++++++++++++++++++++++++++++++++
 
*****************************************************************************


*****************************************************************************
*                                                                           *
*                    JOB EFFICIENCY REPORT (seff 10942649)                   *
*                                                                           *
*****************************************************************************

Job ID: 10942649
Cluster: finisterrae3
User/Group: curso341/ulc
State: COMPLETED (exit code 0)
Nodes: 17
Cores per node: 64
CPU Utilized: 01:31:08
CPU Efficiency: 2.17% of 2-22:06:56 core-walltime
Job Wall-clock time: 00:03:52
Memory Utilized: 23.87 GB
Memory Efficiency: 0.65% of 3.60 TB

 +++++++++++++++++++++++++++++++++++++++++++++++++++++++++++++++++++++++++++
 ++   Memory Efficiency is too small. Please review the requested memory. ++
 ++ It seems that you do not need that much memory so we recommend        ++
 ++ requesting less memory in other similar jobs.                         ++
 +++++++++++++++++++++++++++++++++++++++++++++++++++++++++++++++++++++++++++
 
*****************************************************************************


*****************************************************************************
*                                                                           *
*                    JOB EFFICIENCY REPORT (seff 10942649)                   *
*                                                                           *
*****************************************************************************

Job ID: 10942649
Cluster: finisterrae3
User/Group: curso341/ulc
State: COMPLETED (exit code 0)
Nodes: 17
Cores per node: 64
CPU Utilized: 01:31:08
CPU Efficiency: 2.17% of 2-22:06:56 core-walltime
Job Wall-clock time: 00:03:52
Memory Utilized: 23.87 GB
Memory Efficiency: 0.65% of 3.60 TB

 +++++++++++++++++++++++++++++++++++++++++++++++++++++++++++++++++++++++++++
 ++   Memory Efficiency is too small. Please review the requested memory. ++
 ++ It seems that you do not need that much memory so we recommend        ++
 ++ requesting less memory in other similar jobs.                         ++
 +++++++++++++++++++++++++++++++++++++++++++++++++++++++++++++++++++++++++++
 
*****************************************************************************


*****************************************************************************
*                                                                           *
*                    JOB EFFICIENCY REPORT (seff 10942649)                   *
*                                                                           *
*****************************************************************************

Job ID: 10942649
Cluster: finisterrae3
User/Group: curso341/ulc
State: COMPLETED (exit code 0)
Nodes: 17
Cores per node: 64
CPU Utilized: 01:31:08
CPU Efficiency: 2.17% of 2-22:06:56 core-walltime
Job Wall-clock time: 00:03:52
Memory Utilized: 23.87 GB
Memory Efficiency: 0.65% of 3.60 TB

 +++++++++++++++++++++++++++++++++++++++++++++++++++++++++++++++++++++++++++
 ++   Memory Efficiency is too small. Please review the requested memory. ++
 ++ It seems that you do not need that much memory so we recommend        ++
 ++ requesting less memory in other similar jobs.                         ++
 +++++++++++++++++++++++++++++++++++++++++++++++++++++++++++++++++++++++++++
 
*****************************************************************************

