slurmstepd: info: Setting TMPDIR to /scratch/10908869. Previous errors about TMPDIR can be discarded
Slurm job started at 07/03/2025_10:04:38 PM

In transit.
Initing Ray (1 head node + 4 worker nodes + 4 simulation nodes) on nodes: 
	ilk-241 ilk-243 ilk-244 ilk-245 ilk-246 ilk-247 ilk-248 ilk-249 ilk-250
Head node: 172.30.211.14:6379


RAY_DEPLOY_TIME:     23.45738
2025-03-07 22:05:03,936	INFO packaging.py:520 -- Creating a file package for local directory '/mnt/lustre/scratch/nlsas/home/ulc/cursos/curso341/dask_on_reisa_tests/E2/REISA/reduction/P8-SN4-LS268-GS2147-I20-AN4-D2025-03-07_21-31-50'.
2025-03-07 22:05:03,964	INFO packaging.py:347 -- Pushing file package 'gcs://_ray_pkg_1ce3661fc0a402a0.zip' (0.48MiB) to Ray cluster...
2025-03-07 22:05:03,970	INFO packaging.py:360 -- Successfully pushed file package 'gcs://_ray_pkg_1ce3661fc0a402a0.zip'.
RAY_INIT_TIME:       2.51428
Iter [0]
Iter [2]
Iter [4]
Iter [6]
Iter [8]
Iter [10]
Iter [12]
Iter [14]
Iter [16]
Iter [18]
EST_ANALYTICS_TIME:  56.38681 (avg:2.81934)
GLOBAL_PUT_TIME:     8.403353691101074 (avg:0.42017)
ACTOR_CONCURRENCY:   8
SIMULATION_TIME:     58.265776305999999 (avg: 2.913288815300000)
SIM_WTHOUT_PDI:      47.118509590000016 (avg: 2.355925479500001)
PDI_DELAY:           11.147266715999983 (avg: 0.557363335799999)

GLOBAL_SIZE_(GiB):   2097152
LOCAL_SIZE_(MiB):    256
ITERATIONS:          20

MPI_PER_NODE:        2
MPI_PARALLELISM:     8

WORKER_NODES:        4
CPUS_PER_WORKER:     64
WORKER_PARALLELISM:  256


SLURM_JOB_ID:        10908869

Slurm job finished at 07/03/2025_10:06:04 PM


*****************************************************************************
*****************************************************************************
*                                                                           *
*                                                                           *
*                    JOB EFFICIENCY REPORT (seff 10908869)                   *
*                    JOB EFFICIENCY REPORT (seff 10908869)                   *
*                                                                           *
*                                                                           *
*****************************************************************************
*****************************************************************************


Job ID: 10908869
Job ID: 10908869
Cluster: finisterrae3
Cluster: finisterrae3
User/Group: curso341/ulc
User/Group: curso341/ulc
State: COMPLETED (exit code 0)
State: COMPLETED (exit code 0)
Nodes: 9
Nodes: 9
Cores per node: 64
Cores per node: 64
CPU Utilized: 00:07:49
CPU Utilized: 00:07:49
CPU Efficiency: 0.93% of 14:04:48 core-walltime
CPU Efficiency: 0.93% of 14:04:48 core-walltime
Job Wall-clock time: 00:01:28
Job Wall-clock time: 00:01:28

Memory Utilized: 5.92 GB (estimated maximum)
Memory Utilized: 5.92 GB (estimated maximum)
*****************************************************************************
Memory Efficiency: 0.30% of 1.91 TB (3.39 GB/core)
Memory Efficiency: 0.30% of 1.91 TB (3.39 GB/core)
*                                                                           *


*                    JOB EFFICIENCY REPORT (seff 10908869)                   *
 +++++++++++++++++++++++++++++++++++++++++++++++++++++++++++++++++++++++++++
 +++++++++++++++++++++++++++++++++++++++++++++++++++++++++++++++++++++++++++
*                                                                           *
 ++   Memory Efficiency is too small. Please review the requested memory. ++
 ++   Memory Efficiency is too small. Please review the requested memory. ++
*****************************************************************************
 ++ It seems that you do not need that much memory so we recommend        ++
 ++ It seems that you do not need that much memory so we recommend        ++

 ++ requesting less memory in other similar jobs.                         ++
 ++ requesting less memory in other similar jobs.                         ++
Job ID: 10908869
 +++++++++++++++++++++++++++++++++++++++++++++++++++++++++++++++++++++++++++
 +++++++++++++++++++++++++++++++++++++++++++++++++++++++++++++++++++++++++++
Cluster: finisterrae3
 
 
User/Group: curso341/ulc
*****************************************************************************
*****************************************************************************
State: COMPLETED (exit code 0)


Nodes: 9
Cores per node: 64
CPU Utilized: 00:07:49
CPU Efficiency: 0.93% of 14:04:48 core-walltime
Job Wall-clock time: 00:01:28
Memory Utilized: 5.92 GB (estimated maximum)
Memory Efficiency: 0.30% of 1.91 TB (3.39 GB/core)

 +++++++++++++++++++++++++++++++++++++++++++++++++++++++++++++++++++++++++++
 ++   Memory Efficiency is too small. Please review the requested memory. ++
 ++ It seems that you do not need that much memory so we recommend        ++
 ++ requesting less memory in other similar jobs.                         ++
 +++++++++++++++++++++++++++++++++++++++++++++++++++++++++++++++++++++++++++
 
*****************************************************************************


*****************************************************************************
*                                                                           *
*                    JOB EFFICIENCY REPORT (seff 10908869)                   *
*                                                                           *
*****************************************************************************

Job ID: 10908869
Cluster: finisterrae3
User/Group: curso341/ulc
State: COMPLETED (exit code 0)
Nodes: 9
Cores per node: 64
CPU Utilized: 00:12:00
CPU Efficiency: 1.42% of 14:04:48 core-walltime
Job Wall-clock time: 00:01:28
Memory Utilized: 5.92 GB (estimated maximum)
Memory Efficiency: 0.30% of 1.91 TB (3.39 GB/core)

 +++++++++++++++++++++++++++++++++++++++++++++++++++++++++++++++++++++++++++
 ++   Memory Efficiency is too small. Please review the requested memory. ++
 ++ It seems that you do not need that much memory so we recommend        ++
 ++ requesting less memory in other similar jobs.                         ++
 +++++++++++++++++++++++++++++++++++++++++++++++++++++++++++++++++++++++++++
 
*****************************************************************************


*****************************************************************************
*                                                                           *
*                    JOB EFFICIENCY REPORT (seff 10908869)                   *
*                                                                           *
*****************************************************************************

Job ID: 10908869
Cluster: finisterrae3
User/Group: curso341/ulc
State: COMPLETED (exit code 0)
Nodes: 9
Cores per node: 64
CPU Utilized: 00:12:00
CPU Efficiency: 1.42% of 14:04:48 core-walltime
Job Wall-clock time: 00:01:28
Memory Utilized: 5.92 GB (estimated maximum)
Memory Efficiency: 0.30% of 1.91 TB (3.39 GB/core)

 +++++++++++++++++++++++++++++++++++++++++++++++++++++++++++++++++++++++++++
 ++   Memory Efficiency is too small. Please review the requested memory. ++
 ++ It seems that you do not need that much memory so we recommend        ++
 ++ requesting less memory in other similar jobs.                         ++
 +++++++++++++++++++++++++++++++++++++++++++++++++++++++++++++++++++++++++++
 
*****************************************************************************


*****************************************************************************
*                                                                           *
*                    JOB EFFICIENCY REPORT (seff 10908869)                   *
*                                                                           *
*****************************************************************************

Job ID: 10908869
Cluster: finisterrae3
User/Group: curso341/ulc
State: COMPLETED (exit code 0)
Nodes: 9
Cores per node: 64
CPU Utilized: 00:12:00
CPU Efficiency: 1.42% of 14:04:48 core-walltime
Job Wall-clock time: 00:01:28
Memory Utilized: 5.92 GB (estimated maximum)
Memory Efficiency: 0.30% of 1.91 TB (3.39 GB/core)

 +++++++++++++++++++++++++++++++++++++++++++++++++++++++++++++++++++++++++++
 ++   Memory Efficiency is too small. Please review the requested memory. ++
 ++ It seems that you do not need that much memory so we recommend        ++
 ++ requesting less memory in other similar jobs.                         ++
 +++++++++++++++++++++++++++++++++++++++++++++++++++++++++++++++++++++++++++
 
*****************************************************************************


*****************************************************************************
*                                                                           *
*                    JOB EFFICIENCY REPORT (seff 10908869)                   *
*                                                                           *
*****************************************************************************

Job ID: 10908869
Cluster: finisterrae3
User/Group: curso341/ulc
State: COMPLETED (exit code 0)
Nodes: 9
Cores per node: 64
CPU Utilized: 00:12:00
CPU Efficiency: 1.42% of 14:04:48 core-walltime
Job Wall-clock time: 00:01:28
Memory Utilized: 5.92 GB (estimated maximum)
Memory Efficiency: 0.30% of 1.91 TB (3.39 GB/core)

 +++++++++++++++++++++++++++++++++++++++++++++++++++++++++++++++++++++++++++
 ++   Memory Efficiency is too small. Please review the requested memory. ++
 ++ It seems that you do not need that much memory so we recommend        ++
 ++ requesting less memory in other similar jobs.                         ++
 +++++++++++++++++++++++++++++++++++++++++++++++++++++++++++++++++++++++++++
 
*****************************************************************************


*****************************************************************************
*                                                                           *
*                    JOB EFFICIENCY REPORT (seff 10908869)                   *
*                                                                           *
*****************************************************************************

Job ID: 10908869
Cluster: finisterrae3
User/Group: curso341/ulc
State: COMPLETED (exit code 0)
Nodes: 9
Cores per node: 64
CPU Utilized: 00:12:19
CPU Efficiency: 1.46% of 14:04:48 core-walltime
Job Wall-clock time: 00:01:28
Memory Utilized: 5.92 GB (estimated maximum)
Memory Efficiency: 0.30% of 1.91 TB (3.39 GB/core)

 +++++++++++++++++++++++++++++++++++++++++++++++++++++++++++++++++++++++++++
 ++   Memory Efficiency is too small. Please review the requested memory. ++
 ++ It seems that you do not need that much memory so we recommend        ++
 ++ requesting less memory in other similar jobs.                         ++
 +++++++++++++++++++++++++++++++++++++++++++++++++++++++++++++++++++++++++++
 
*****************************************************************************


*****************************************************************************
*                                                                           *
*                    JOB EFFICIENCY REPORT (seff 10908869)                   *
*                                                                           *
*****************************************************************************

Job ID: 10908869
Cluster: finisterrae3
User/Group: curso341/ulc
State: COMPLETED (exit code 0)
Nodes: 9
Cores per node: 64
CPU Utilized: 00:16:24
CPU Efficiency: 1.94% of 14:04:48 core-walltime
Job Wall-clock time: 00:01:28
Memory Utilized: 6.67 GB
Memory Efficiency: 0.34% of 1.91 TB

 +++++++++++++++++++++++++++++++++++++++++++++++++++++++++++++++++++++++++++
 ++   Memory Efficiency is too small. Please review the requested memory. ++
 ++ It seems that you do not need that much memory so we recommend        ++
 ++ requesting less memory in other similar jobs.                         ++
 +++++++++++++++++++++++++++++++++++++++++++++++++++++++++++++++++++++++++++
 
*****************************************************************************

