slurmstepd: info: Setting TMPDIR to /scratch/10933985. Previous errors about TMPDIR can be discarded
Slurm job started at 11/03/2025_02:04:33 AM

In transit.
Initing Ray (1 head node + 2 worker nodes + 4 simulation nodes) on nodes: 
	ilk-154 ilk-155 ilk-156 ilk-157 ilk-159 ilk-160 ilk-161
Head node: 172.30.204.10:6379


RAY_DEPLOY_TIME:     23.87838
2025-03-11 02:05:01,836	INFO packaging.py:520 -- Creating a file package for local directory '/mnt/lustre/scratch/nlsas/home/ulc/cursos/curso341/dask_on_reisa_tests/E5/DASK_ON_REISA/derivative/P128-SN4-LS134-GS17179-I10-AN2-D2025-03-10_22-49-45'.
2025-03-11 02:05:01,866	INFO packaging.py:347 -- Pushing file package 'gcs://_ray_pkg_6bc060e53b520556.zip' (0.48MiB) to Ray cluster...
2025-03-11 02:05:01,872	INFO packaging.py:360 -- Successfully pushed file package 'gcs://_ray_pkg_6bc060e53b520556.zip'.
RAY_INIT_TIME:       4.64327
Iter [0]
Iter [1]
[2m[36m(iter_task pid=774445, ip=10.120.204.11)[0m /home/ulc/cursos/curso341/.local/lib/python3.9/site-packages/dask/config.py:693: UserWarning: Configuration key "shuffle" has been deprecated. Please use "dataframe.shuffle.algorithm" instead
[2m[36m(iter_task pid=774445, ip=10.120.204.11)[0m   warnings.warn(
[2m[36m(iter_task pid=774446, ip=10.120.204.11)[0m /home/ulc/cursos/curso341/.local/lib/python3.9/site-packages/dask/config.py:693: UserWarning: Configuration key "shuffle" has been deprecated. Please use "dataframe.shuffle.algorithm" instead
[2m[36m(iter_task pid=774446, ip=10.120.204.11)[0m   warnings.warn(
[2m[36m(iter_task pid=245699, ip=10.120.204.12)[0m /home/ulc/cursos/curso341/.local/lib/python3.9/site-packages/dask/config.py:693: UserWarning: Configuration key "shuffle" has been deprecated. Please use "dataframe.shuffle.algorithm" instead
[2m[36m(iter_task pid=245699, ip=10.120.204.12)[0m   warnings.warn(
[2m[36m(iter_task pid=245698, ip=10.120.204.12)[0m /home/ulc/cursos/curso341/.local/lib/python3.9/site-packages/dask/config.py:693: UserWarning: Configuration key "shuffle" has been deprecated. Please use "dataframe.shuffle.algorithm" instead
[2m[36m(iter_task pid=245698, ip=10.120.204.12)[0m   warnings.warn(
Iter [2]
Iter [3]
Iter [4]
Iter [5]
Iter [6]
Iter [7]
Iter [8]
Iter [9]
GLOBAL_PUT_TIME:     7.392561674118042 (avg:0.73926)
ACTOR_CONCURRENCY:   8
SIMULATION_TIME:     184.745715191999977 (avg: 18.474571519199998)
SIM_WTHOUT_PDI:      23.188097869000018 (avg: 2.318809786900002)
PDI_DELAY:           161.557617322999960 (avg: 16.155761732299997)

GLOBAL_SIZE_(GiB):   16777216
LOCAL_SIZE_(MiB):    128
ITERATIONS:          10

MPI_PER_NODE:        32
MPI_PARALLELISM:     128

WORKER_NODES:        2
CPUS_PER_WORKER:     64
WORKER_PARALLELISM:  128


SLURM_JOB_ID:        10933985
[2m[36m(iter_task pid=245698, ip=10.120.204.12)[0m /home/ulc/cursos/curso341/.local/lib/python3.9/site-packages/dask/config.py:693: UserWarning: Configuration key "shuffle" has been deprecated. Please use "dataframe.shuffle.algorithm" instead
[2m[36m(iter_task pid=245698, ip=10.120.204.12)[0m   warnings.warn(
[2m[36m(iter_task pid=245699, ip=10.120.204.12)[0m /home/ulc/cursos/curso341/.local/lib/python3.9/site-packages/dask/config.py:693: UserWarning: Configuration key "shuffle" has been deprecated. Please use "dataframe.shuffle.algorithm" instead
[2m[36m(iter_task pid=245699, ip=10.120.204.12)[0m   warnings.warn(
EST_ANALYTICS_TIME:  870.12122 (avg:87.01212)

Slurm job finished at 11/03/2025_02:19:35 AM

*****************************************************************************
*                                                                           *
*                    JOB EFFICIENCY REPORT (seff 10933985)                   *
*                                                                           *
*****************************************************************************

Job ID: 10933985
Cluster: finisterrae3
User/Group: curso341/ulc
State: COMPLETED (exit code 0)
Nodes: 7
Cores per node: 64
CPU Utilized: 06:22:04
CPU Efficiency: 5.67% of 4-16:22:24 core-walltime
Job Wall-clock time: 00:15:03
Memory Utilized: 2.69 GB
Memory Efficiency: 0.18% of 1.48 TB

 +++++++++++++++++++++++++++++++++++++++++++++++++++++++++++++++++++++++++++
 ++   Memory Efficiency is too small. Please review the requested memory. ++
 ++ It seems that you do not need that much memory so we recommend        ++
 ++ requesting less memory in other similar jobs.                         ++
 +++++++++++++++++++++++++++++++++++++++++++++++++++++++++++++++++++++++++++
 
*****************************************************************************


*****************************************************************************
*                                                                           *
*                    JOB EFFICIENCY REPORT (seff 10933985)                   *
*                                                                           *
*****************************************************************************

Job ID: 10933985
Cluster: finisterrae3
User/Group: curso341/ulc
State: COMPLETED (exit code 0)
Nodes: 7
Cores per node: 64
CPU Utilized: 07:27:53
CPU Efficiency: 6.64% of 4-16:22:24 core-walltime
Job Wall-clock time: 00:15:03
Memory Utilized: 23.63 GB
Memory Efficiency: 1.56% of 1.48 TB

 +++++++++++++++++++++++++++++++++++++++++++++++++++++++++++++++++++++++++++
 ++   Memory Efficiency is too small. Please review the requested memory. ++
 ++ It seems that you do not need that much memory so we recommend        ++
 ++ requesting less memory in other similar jobs.                         ++
 +++++++++++++++++++++++++++++++++++++++++++++++++++++++++++++++++++++++++++
 
*****************************************************************************


*****************************************************************************
*                                                                           *
*                    JOB EFFICIENCY REPORT (seff 10933985)                   *
*                                                                           *
*****************************************************************************

Job ID: 10933985
Cluster: finisterrae3
User/Group: curso341/ulc
State: COMPLETED (exit code 0)
Nodes: 7
Cores per node: 64
CPU Utilized: 10:03:11
CPU Efficiency: 8.95% of 4-16:22:24 core-walltime
Job Wall-clock time: 00:15:03
Memory Utilized: 27.55 GB
Memory Efficiency: 1.81% of 1.48 TB

 +++++++++++++++++++++++++++++++++++++++++++++++++++++++++++++++++++++++++++
 ++   Memory Efficiency is too small. Please review the requested memory. ++
 ++ It seems that you do not need that much memory so we recommend        ++
 ++ requesting less memory in other similar jobs.                         ++
 +++++++++++++++++++++++++++++++++++++++++++++++++++++++++++++++++++++++++++
 
*****************************************************************************


*****************************************************************************
*                                                                           *
*                    JOB EFFICIENCY REPORT (seff 10933985)                   *
*                                                                           *
*****************************************************************************

Job ID: 10933985
Cluster: finisterrae3
User/Group: curso341/ulc
State: COMPLETED (exit code 0)
Nodes: 7
Cores per node: 64
CPU Utilized: 10:03:11
CPU Efficiency: 8.95% of 4-16:22:24 core-walltime
Job Wall-clock time: 00:15:03
Memory Utilized: 27.55 GB
Memory Efficiency: 1.81% of 1.48 TB

 +++++++++++++++++++++++++++++++++++++++++++++++++++++++++++++++++++++++++++
 ++   Memory Efficiency is too small. Please review the requested memory. ++
 ++ It seems that you do not need that much memory so we recommend        ++
 ++ requesting less memory in other similar jobs.                         ++
 +++++++++++++++++++++++++++++++++++++++++++++++++++++++++++++++++++++++++++
 
*****************************************************************************


*****************************************************************************
*                                                                           *
*                    JOB EFFICIENCY REPORT (seff 10933985)                   *
*                                                                           *
*****************************************************************************

Job ID: 10933985
Cluster: finisterrae3
User/Group: curso341/ulc
State: COMPLETED (exit code 0)
Nodes: 7
Cores per node: 64
CPU Utilized: 10:03:11
CPU Efficiency: 8.95% of 4-16:22:24 core-walltime
Job Wall-clock time: 00:15:03
Memory Utilized: 27.55 GB
Memory Efficiency: 1.81% of 1.48 TB

 +++++++++++++++++++++++++++++++++++++++++++++++++++++++++++++++++++++++++++
 ++   Memory Efficiency is too small. Please review the requested memory. ++
 ++ It seems that you do not need that much memory so we recommend        ++
 ++ requesting less memory in other similar jobs.                         ++
 +++++++++++++++++++++++++++++++++++++++++++++++++++++++++++++++++++++++++++
 
*****************************************************************************


*****************************************************************************
*                                                                           *
*                    JOB EFFICIENCY REPORT (seff 10933985)                   *
*                                                                           *
*****************************************************************************

Job ID: 10933985
Cluster: finisterrae3
User/Group: curso341/ulc
State: COMPLETED (exit code 0)
Nodes: 7
Cores per node: 64
CPU Utilized: 10:03:11
CPU Efficiency: 8.95% of 4-16:22:24 core-walltime
Job Wall-clock time: 00:15:03
Memory Utilized: 27.55 GB
Memory Efficiency: 1.81% of 1.48 TB

 +++++++++++++++++++++++++++++++++++++++++++++++++++++++++++++++++++++++++++
 ++   Memory Efficiency is too small. Please review the requested memory. ++
 ++ It seems that you do not need that much memory so we recommend        ++
 ++ requesting less memory in other similar jobs.                         ++
 +++++++++++++++++++++++++++++++++++++++++++++++++++++++++++++++++++++++++++
 
*****************************************************************************


*****************************************************************************
*                                                                           *
*                    JOB EFFICIENCY REPORT (seff 10933985)                   *
*                                                                           *
*****************************************************************************

Job ID: 10933985
Cluster: finisterrae3
User/Group: curso341/ulc
State: COMPLETED (exit code 0)
Nodes: 7
Cores per node: 64
CPU Utilized: 10:03:11
CPU Efficiency: 8.95% of 4-16:22:24 core-walltime
Job Wall-clock time: 00:15:03
Memory Utilized: 27.55 GB
Memory Efficiency: 1.81% of 1.48 TB

 +++++++++++++++++++++++++++++++++++++++++++++++++++++++++++++++++++++++++++
 ++   Memory Efficiency is too small. Please review the requested memory. ++
 ++ It seems that you do not need that much memory so we recommend        ++
 ++ requesting less memory in other similar jobs.                         ++
 +++++++++++++++++++++++++++++++++++++++++++++++++++++++++++++++++++++++++++
 
*****************************************************************************

