slurmstepd: info: Setting TMPDIR to /scratch/10912171. Previous errors about TMPDIR can be discarded
Slurm job started at 08/03/2025_10:13:33 AM

In transit.
Initing Ray (1 head node + 4 worker nodes + 4 simulation nodes) on nodes: 
	ilk-145 ilk-146 ilk-147 ilk-148 ilk-149 ilk-150 ilk-151 ilk-152 ilk-153
Head node: 172.30.204.1:6379


RAY_DEPLOY_TIME:     24.39471
2025-03-08 10:14:00,111	INFO packaging.py:520 -- Creating a file package for local directory '/mnt/lustre/scratch/nlsas/home/ulc/cursos/curso341/dask_on_reisa_tests/E2/DASK_ON_REISA_ONE_ACTOR/reduction/P8-SN4-LS268-GS2147-I20-AN4-D2025-03-08_09-08-38'.
2025-03-08 10:14:00,140	INFO packaging.py:347 -- Pushing file package 'gcs://_ray_pkg_bd28bb10d45c9245.zip' (0.48MiB) to Ray cluster...
2025-03-08 10:14:00,147	INFO packaging.py:360 -- Successfully pushed file package 'gcs://_ray_pkg_bd28bb10d45c9245.zip'.
RAY_INIT_TIME:       3.87731
Iter [0]
Iter [2]
Iter [4]
Iter [6]
Iter [8]
Iter [10]
Iter [12]
Iter [14]
Iter [16]
Iter [18]
GLOBAL_PUT_TIME:     8.82924771308899 (avg:0.44146)
ACTOR_CONCURRENCY:   8
SIMULATION_TIME:     221.012557184000002 (avg: 11.050627859200000)
SIM_WTHOUT_PDI:      81.672592148999996 (avg: 4.083629607450000)
PDI_DELAY:           139.339965035000006 (avg: 6.966998251750001)

GLOBAL_SIZE_(GiB):   2097152
LOCAL_SIZE_(MiB):    256
ITERATIONS:          20

MPI_PER_NODE:        2
MPI_PARALLELISM:     8

WORKER_NODES:        4
CPUS_PER_WORKER:     64
WORKER_PARALLELISM:  256


SLURM_JOB_ID:        10912171
slurmstepd: error: *** JOB 10912171 ON ilk-145 CANCELLED AT 2025-03-08T10:33:32 DUE TO TIME LIMIT ***
slurmstepd: error: *** STEP 10912171.10 ON ilk-146 CANCELLED AT 2025-03-08T10:33:32 DUE TO TIME LIMIT ***
srun: Job step aborted: Waiting up to 32 seconds for job step to finish.
