slurmstepd: info: Setting TMPDIR to /scratch/10899155. Previous errors about TMPDIR can be discarded
Slurm job started at 07/03/2025_10:49:44 AM

In transit.
Initing Ray (1 head node + 4 worker nodes + 4 simulation nodes) on nodes: 
	ilk-5 ilk-6 ilk-7 ilk-8 ilk-10 ilk-11 ilk-19 ilk-22 ilk-30
Head node: 172.30.201.5:6379


RAY_DEPLOY_TIME:     23.24784
2025-03-07 10:50:11,086	INFO packaging.py:520 -- Creating a file package for local directory '/mnt/lustre/scratch/nlsas/home/ulc/cursos/curso341/dask_on_reisa_tests/E1/DASK_ON_REISA_ONE_ACTOR/reduction/P8-SN4-LS268-GS2147-I20-AN4-D2025-03-07_09-36-19'.
2025-03-07 10:50:11,112	INFO packaging.py:347 -- Pushing file package 'gcs://_ray_pkg_67720df88ea241a8.zip' (0.48MiB) to Ray cluster...
2025-03-07 10:50:11,119	INFO packaging.py:360 -- Successfully pushed file package 'gcs://_ray_pkg_67720df88ea241a8.zip'.
RAY_INIT_TIME:       3.57452
Iter [0]
Iter [2]
Iter [4]
Iter [6]
Iter [8]
Iter [10]
Iter [12]
Iter [14]
Iter [16]
Iter [18]
GLOBAL_PUT_TIME:     8.065003871917725 (avg:0.40325)
ACTOR_CONCURRENCY:   8
SIMULATION_TIME:     245.725649202999989 (avg: 12.286282460150000)
SIM_WTHOUT_PDI:      68.745391129000012 (avg: 3.437269556450000)
PDI_DELAY:           176.980258073999977 (avg: 8.849012903699998)

GLOBAL_SIZE_(GiB):   2097152
LOCAL_SIZE_(MiB):    256
ITERATIONS:          20

MPI_PER_NODE:        2
MPI_PARALLELISM:     8

WORKER_NODES:        4
CPUS_PER_WORKER:     64
WORKER_PARALLELISM:  256


SLURM_JOB_ID:        10899155
WARNING: 8 PYTHON worker processes have been started on node: 5001db7deb91076004deb6dc71e538b57d7e14afc6b57d1463c7b75c with address: 172.30.201.11. This could be a result of using a large number of actors, or due to tasks blocked in ray.get() calls (see https://github.com/ray-project/ray/issues/3644 for some discussion of workarounds).
srun: Job step aborted: Waiting up to 32 seconds for job step to finish.
slurmstepd: error: *** STEP 10899155.10 ON ilk-6 CANCELLED AT 2025-03-07T11:10:06 DUE TO TIME LIMIT ***
slurmstepd: error: *** JOB 10899155 ON ilk-5 CANCELLED AT 2025-03-07T11:10:06 DUE TO TIME LIMIT ***
