slurmstepd: info: Setting TMPDIR to /scratch/10912117. Previous errors about TMPDIR can be discarded
Slurm job started at 08/03/2025_09:10:53 AM

In transit.
Initing Ray (1 head node + 4 worker nodes + 4 simulation nodes) on nodes: 
	ilk-145 ilk-146 ilk-147 ilk-148 ilk-149 ilk-150 ilk-151 ilk-152 ilk-153
Head node: 172.30.204.1:6379


RAY_DEPLOY_TIME:     24.36737
2025-03-08 09:11:21,026	INFO packaging.py:520 -- Creating a file package for local directory '/mnt/lustre/scratch/nlsas/home/ulc/cursos/curso341/dask_on_reisa_tests/E2/DASK_ON_REISA/derivative/P8-SN4-LS536-GS4294-I10-AN4-D2025-03-08_09-07-15'.
2025-03-08 09:11:21,053	INFO packaging.py:347 -- Pushing file package 'gcs://_ray_pkg_56c178fb237d9630.zip' (0.48MiB) to Ray cluster...
2025-03-08 09:11:21,060	INFO packaging.py:360 -- Successfully pushed file package 'gcs://_ray_pkg_56c178fb237d9630.zip'.
RAY_INIT_TIME:       4.04154
Iter [0]
Iter [1]
[2m[36m(iter_task pid=2427576, ip=10.120.204.5)[0m /home/ulc/cursos/curso341/.local/lib/python3.9/site-packages/dask/config.py:693: UserWarning: Configuration key "shuffle" has been deprecated. Please use "dataframe.shuffle.algorithm" instead
[2m[36m(iter_task pid=2427576, ip=10.120.204.5)[0m   warnings.warn(
[2m[36m(iter_task pid=2427579, ip=10.120.204.5)[0m /home/ulc/cursos/curso341/.local/lib/python3.9/site-packages/dask/config.py:693: UserWarning: Configuration key "shuffle" has been deprecated. Please use "dataframe.shuffle.algorithm" instead
[2m[36m(iter_task pid=2427579, ip=10.120.204.5)[0m   warnings.warn(
[2m[36m(iter_task pid=2427577, ip=10.120.204.5)[0m /home/ulc/cursos/curso341/.local/lib/python3.9/site-packages/dask/config.py:693: UserWarning: Configuration key "shuffle" has been deprecated. Please use "dataframe.shuffle.algorithm" instead
[2m[36m(iter_task pid=2427577, ip=10.120.204.5)[0m   warnings.warn(
[2m[36m(iter_task pid=2427580, ip=10.120.204.5)[0m /home/ulc/cursos/curso341/.local/lib/python3.9/site-packages/dask/config.py:693: UserWarning: Configuration key "shuffle" has been deprecated. Please use "dataframe.shuffle.algorithm" instead
[2m[36m(iter_task pid=2427580, ip=10.120.204.5)[0m   warnings.warn(
[2m[36m(iter_task pid=2427581, ip=10.120.204.5)[0m /home/ulc/cursos/curso341/.local/lib/python3.9/site-packages/dask/config.py:693: UserWarning: Configuration key "shuffle" has been deprecated. Please use "dataframe.shuffle.algorithm" instead
[2m[36m(iter_task pid=2427581, ip=10.120.204.5)[0m   warnings.warn(
[2m[36m(iter_task pid=2427578, ip=10.120.204.5)[0m /home/ulc/cursos/curso341/.local/lib/python3.9/site-packages/dask/config.py:693: UserWarning: Configuration key "shuffle" has been deprecated. Please use "dataframe.shuffle.algorithm" instead
[2m[36m(iter_task pid=2427578, ip=10.120.204.5)[0m   warnings.warn(
Iter [2]
Iter [3]
Iter [4]
Iter [5]
Iter [6]
Iter [7]
Iter [8]
Iter [9]
GLOBAL_PUT_TIME:     8.610536336898804 (avg:0.86105)
ACTOR_CONCURRENCY:   8
SIMULATION_TIME:     65.053030316000005 (avg: 6.505303031600000)
SIM_WTHOUT_PDI:      51.248065734000001 (avg: 5.124806573400000)
PDI_DELAY:           13.804964582000004 (avg: 1.380496458200000)

GLOBAL_SIZE_(GiB):   4194304
LOCAL_SIZE_(MiB):    512
ITERATIONS:          10

MPI_PER_NODE:        2
MPI_PARALLELISM:     8

WORKER_NODES:        4
CPUS_PER_WORKER:     64
WORKER_PARALLELISM:  256


SLURM_JOB_ID:        10912117
EST_ANALYTICS_TIME:  419.54061 (avg:41.95406)

Slurm job finished at 08/03/2025_09:18:24 AM

*****************************************************************************
*                                                                           *
*                    JOB EFFICIENCY REPORT (seff 10912117)                   *
*                                                                           *
*****************************************************************************

Job ID: 10912117
Cluster: finisterrae3
User/Group: curso341/ulc
State: COMPLETED (exit code 0)
Nodes: 9
Cores per node: 64
CPU Utilized: 00:09:21
CPU Efficiency: 0.22% of 3-00:28:48 core-walltime
Job Wall-clock time: 00:07:33
Memory Utilized: 10.03 GB (estimated maximum)
Memory Efficiency: 0.51% of 1.91 TB (3.39 GB/core)

 +++++++++++++++++++++++++++++++++++++++++++++++++++++++++++++++++++++++++++
 ++   Memory Efficiency is too small. Please review the requested memory. ++
 ++ It seems that you do not need that much memory so we recommend        ++
 ++ requesting less memory in other similar jobs.                         ++
 +++++++++++++++++++++++++++++++++++++++++++++++++++++++++++++++++++++++++++
 
*****************************************************************************


*****************************************************************************
*                                                                           *
*                    JOB EFFICIENCY REPORT (seff 10912117)                   *
*                                                                           *
*****************************************************************************

Job ID: 10912117
Cluster: finisterrae3
User/Group: curso341/ulc
State: COMPLETED (exit code 0)
Nodes: 9
Cores per node: 64
CPU Utilized: 00:09:21
CPU Efficiency: 0.22% of 3-00:28:48 core-walltime
Job Wall-clock time: 00:07:33
Memory Utilized: 10.03 GB (estimated maximum)
Memory Efficiency: 0.51% of 1.91 TB (3.39 GB/core)

 +++++++++++++++++++++++++++++++++++++++++++++++++++++++++++++++++++++++++++
 ++   Memory Efficiency is too small. Please review the requested memory. ++
 ++ It seems that you do not need that much memory so we recommend        ++
 ++ requesting less memory in other similar jobs.                         ++
 +++++++++++++++++++++++++++++++++++++++++++++++++++++++++++++++++++++++++++
 
*****************************************************************************


*****************************************************************************
*                                                                           *
*                    JOB EFFICIENCY REPORT (seff 10912117)                   *
*                                                                           *
*****************************************************************************

Job ID: 10912117
Cluster: finisterrae3
User/Group: curso341/ulc
State: COMPLETED (exit code 0)
Nodes: 9
Cores per node: 64
CPU Utilized: 00:12:10
CPU Efficiency: 0.28% of 3-00:28:48 core-walltime
Job Wall-clock time: 00:07:33
Memory Utilized: 1.79 GB
Memory Efficiency: 0.09% of 1.91 TB

 +++++++++++++++++++++++++++++++++++++++++++++++++++++++++++++++++++++++++++
 ++   Memory Efficiency is too small. Please review the requested memory. ++
 ++ It seems that you do not need that much memory so we recommend        ++
 ++ requesting less memory in other similar jobs.                         ++
 +++++++++++++++++++++++++++++++++++++++++++++++++++++++++++++++++++++++++++
 
*****************************************************************************


*****************************************************************************
*                                                                           *
*                    JOB EFFICIENCY REPORT (seff 10912117)                   *
*                                                                           *
*****************************************************************************

Job ID: 10912117
Cluster: finisterrae3
User/Group: curso341/ulc
State: COMPLETED (exit code 0)
Nodes: 9
Cores per node: 64
CPU Utilized: 00:48:28
CPU Efficiency: 1.11% of 3-00:28:48 core-walltime
Job Wall-clock time: 00:07:33
Memory Utilized: 35.41 GB
Memory Efficiency: 1.81% of 1.91 TB

 +++++++++++++++++++++++++++++++++++++++++++++++++++++++++++++++++++++++++++
 ++   Memory Efficiency is too small. Please review the requested memory. ++
 ++ It seems that you do not need that much memory so we recommend        ++
 ++ requesting less memory in other similar jobs.                         ++
 +++++++++++++++++++++++++++++++++++++++++++++++++++++++++++++++++++++++++++
 
*****************************************************************************


*****************************************************************************
*                                                                           *
*                    JOB EFFICIENCY REPORT (seff 10912117)                   *
*                                                                           *
*****************************************************************************

Job ID: 10912117
Cluster: finisterrae3
User/Group: curso341/ulc
State: COMPLETED (exit code 0)
Nodes: 9
Cores per node: 64
CPU Utilized: 00:48:28
CPU Efficiency: 1.11% of 3-00:28:48 core-walltime
Job Wall-clock time: 00:07:33
Memory Utilized: 35.41 GB
Memory Efficiency: 1.81% of 1.91 TB

 +++++++++++++++++++++++++++++++++++++++++++++++++++++++++++++++++++++++++++
 ++   Memory Efficiency is too small. Please review the requested memory. ++
 ++ It seems that you do not need that much memory so we recommend        ++
 ++ requesting less memory in other similar jobs.                         ++
 +++++++++++++++++++++++++++++++++++++++++++++++++++++++++++++++++++++++++++
 
*****************************************************************************


*****************************************************************************
*                                                                           *
*                    JOB EFFICIENCY REPORT (seff 10912117)                   *
*                                                                           *
*****************************************************************************

Job ID: 10912117
Cluster: finisterrae3
User/Group: curso341/ulc
State: COMPLETED (exit code 0)
Nodes: 9
Cores per node: 64
CPU Utilized: 00:48:28
CPU Efficiency: 1.11% of 3-00:28:48 core-walltime
Job Wall-clock time: 00:07:33
Memory Utilized: 35.41 GB
Memory Efficiency: 1.81% of 1.91 TB

 +++++++++++++++++++++++++++++++++++++++++++++++++++++++++++++++++++++++++++
 ++   Memory Efficiency is too small. Please review the requested memory. ++
 ++ It seems that you do not need that much memory so we recommend        ++
 ++ requesting less memory in other similar jobs.                         ++
 +++++++++++++++++++++++++++++++++++++++++++++++++++++++++++++++++++++++++++
 
*****************************************************************************


*****************************************************************************
*                                                                           *
*                    JOB EFFICIENCY REPORT (seff 10912117)                   *
*                                                                           *
*****************************************************************************

Job ID: 10912117
Cluster: finisterrae3
User/Group: curso341/ulc
State: COMPLETED (exit code 0)
Nodes: 9
Cores per node: 64
CPU Utilized: 00:48:28
CPU Efficiency: 1.11% of 3-00:28:48 core-walltime
Job Wall-clock time: 00:07:33
Memory Utilized: 35.41 GB
Memory Efficiency: 1.81% of 1.91 TB

 +++++++++++++++++++++++++++++++++++++++++++++++++++++++++++++++++++++++++++
 ++   Memory Efficiency is too small. Please review the requested memory. ++
 ++ It seems that you do not need that much memory so we recommend        ++
 ++ requesting less memory in other similar jobs.                         ++
 +++++++++++++++++++++++++++++++++++++++++++++++++++++++++++++++++++++++++++
 
*****************************************************************************


*****************************************************************************
*                                                                           *
*                    JOB EFFICIENCY REPORT (seff 10912117)                   *
*                                                                           *
*****************************************************************************

Job ID: 10912117
Cluster: finisterrae3
User/Group: curso341/ulc
State: COMPLETED (exit code 0)
Nodes: 9
Cores per node: 64
CPU Utilized: 00:48:28
CPU Efficiency: 1.11% of 3-00:28:48 core-walltime
Job Wall-clock time: 00:07:33
Memory Utilized: 35.41 GB
Memory Efficiency: 1.81% of 1.91 TB

 +++++++++++++++++++++++++++++++++++++++++++++++++++++++++++++++++++++++++++
 ++   Memory Efficiency is too small. Please review the requested memory. ++
 ++ It seems that you do not need that much memory so we recommend        ++
 ++ requesting less memory in other similar jobs.                         ++
 +++++++++++++++++++++++++++++++++++++++++++++++++++++++++++++++++++++++++++
 
*****************************************************************************


*****************************************************************************
*                                                                           *
*                    JOB EFFICIENCY REPORT (seff 10912117)                   *
*                                                                           *
*****************************************************************************

Job ID: 10912117
Cluster: finisterrae3
User/Group: curso341/ulc
State: COMPLETED (exit code 0)
Nodes: 9
Cores per node: 64
CPU Utilized: 01:24:07
CPU Efficiency: 1.93% of 3-00:28:48 core-walltime
Job Wall-clock time: 00:07:33
Memory Utilized: 37.13 GB
Memory Efficiency: 1.90% of 1.91 TB

 +++++++++++++++++++++++++++++++++++++++++++++++++++++++++++++++++++++++++++
 ++   Memory Efficiency is too small. Please review the requested memory. ++
 ++ It seems that you do not need that much memory so we recommend        ++
 ++ requesting less memory in other similar jobs.                         ++
 +++++++++++++++++++++++++++++++++++++++++++++++++++++++++++++++++++++++++++
 
*****************************************************************************

