slurmstepd: info: Setting TMPDIR to /scratch/10927314. Previous errors about TMPDIR can be discarded
Slurm job started at 10/03/2025_11:22:36 AM

In transit.
Initing Ray (1 head node + 2 worker nodes + 4 simulation nodes) on nodes: 
	ilk-241 ilk-242 ilk-243 ilk-244 ilk-245 ilk-246 ilk-247
Head node: 172.30.211.14:6379


RAY_DEPLOY_TIME:     24.66796
2025-03-10 11:23:09,771	INFO packaging.py:520 -- Creating a file package for local directory '/mnt/lustre/scratch/nlsas/home/ulc/cursos/curso341/dask_on_reisa_tests/E4/DASK_ON_REISA_ONE_ACTOR/derivative/P128-SN4-LS1-GS134-I10-AN2-D2025-03-10_08-47-49'.
2025-03-10 11:23:09,798	INFO packaging.py:347 -- Pushing file package 'gcs://_ray_pkg_026300a5e3571adb.zip' (0.48MiB) to Ray cluster...
2025-03-10 11:23:09,804	INFO packaging.py:360 -- Successfully pushed file package 'gcs://_ray_pkg_026300a5e3571adb.zip'.
RAY_INIT_TIME:       5.98660
Iter [0]
Iter [1]
Iter [2]
Iter [3]
Iter [4]
Iter [5]
Iter [6]
Iter [7]
Iter [8]
Iter [9]
GLOBAL_PUT_TIME:     0.2443859577178955 (avg:0.02444)
ACTOR_CONCURRENCY:   8
SIMULATION_TIME:     29.876753693999998 (avg: 2.987675369400000)
SIM_WTHOUT_PDI:      17.687405995999995 (avg: 1.768740599600000)
PDI_DELAY:           12.189347698000002 (avg: 1.218934769800000)

GLOBAL_SIZE_(GiB):   131072
LOCAL_SIZE_(MiB):    1
ITERATIONS:          10

MPI_PER_NODE:        32
MPI_PARALLELISM:     128

WORKER_NODES:        2
CPUS_PER_WORKER:     64
WORKER_PARALLELISM:  128


SLURM_JOB_ID:        10927314
EST_ANALYTICS_TIME:  213.45027 (avg:21.34503)

Slurm job finished at 10/03/2025_11:26:47 AM

*****************************************************************************
*                                                                           *
*                    JOB EFFICIENCY REPORT (seff 10927314)                   *
*                                                                           *
*****************************************************************************

Job ID: 10927314
Cluster: finisterrae3
User/Group: curso341/ulc
State: COMPLETED (exit code 0)
Nodes: 7
Cores per node: 64
CPU Utilized: 00:43:25
CPU Efficiency: 2.31% of 1-07:21:36 core-walltime
Job Wall-clock time: 00:04:12
Memory Utilized: 470.59 MB
Memory Efficiency: 0.03% of 1.48 TB

 +++++++++++++++++++++++++++++++++++++++++++++++++++++++++++++++++++++++++++
 ++   Memory Efficiency is too small. Please review the requested memory. ++
 ++ It seems that you do not need that much memory so we recommend        ++
 ++ requesting less memory in other similar jobs.                         ++
 +++++++++++++++++++++++++++++++++++++++++++++++++++++++++++++++++++++++++++
 
*****************************************************************************


*****************************************************************************
*                                                                           *
*                    JOB EFFICIENCY REPORT (seff 10927314)                   *
*                                                                           *
*****************************************************************************

Job ID: 10927314
Cluster: finisterrae3
User/Group: curso341/ulc
State: COMPLETED (exit code 0)
Nodes: 7
Cores per node: 64
CPU Utilized: 00:43:25
CPU Efficiency: 2.31% of 1-07:21:36 core-walltime
Job Wall-clock time: 00:04:12
Memory Utilized: 470.59 MB
Memory Efficiency: 0.03% of 1.48 TB

 +++++++++++++++++++++++++++++++++++++++++++++++++++++++++++++++++++++++++++
 ++   Memory Efficiency is too small. Please review the requested memory. ++
 ++ It seems that you do not need that much memory so we recommend        ++
 ++ requesting less memory in other similar jobs.                         ++
 +++++++++++++++++++++++++++++++++++++++++++++++++++++++++++++++++++++++++++
 
*****************************************************************************


*****************************************************************************
*                                                                           *
*                    JOB EFFICIENCY REPORT (seff 10927314)                   *
*                                                                           *
*****************************************************************************

Job ID: 10927314
Cluster: finisterrae3
User/Group: curso341/ulc
State: COMPLETED (exit code 0)
Nodes: 7
Cores per node: 64
CPU Utilized: 00:43:25
CPU Efficiency: 2.31% of 1-07:21:36 core-walltime
Job Wall-clock time: 00:04:12
Memory Utilized: 470.59 MB
Memory Efficiency: 0.03% of 1.48 TB

 +++++++++++++++++++++++++++++++++++++++++++++++++++++++++++++++++++++++++++
 ++   Memory Efficiency is too small. Please review the requested memory. ++
 ++ It seems that you do not need that much memory so we recommend        ++
 ++ requesting less memory in other similar jobs.                         ++
 +++++++++++++++++++++++++++++++++++++++++++++++++++++++++++++++++++++++++++
 
*****************************************************************************


*****************************************************************************
*                                                                           *
*                    JOB EFFICIENCY REPORT (seff 10927314)                   *
*                                                                           *
*****************************************************************************

Job ID: 10927314
Cluster: finisterrae3
User/Group: curso341/ulc
State: COMPLETED (exit code 0)
Nodes: 7
Cores per node: 64
CPU Utilized: 00:43:25
CPU Efficiency: 2.31% of 1-07:21:36 core-walltime
Job Wall-clock time: 00:04:12
Memory Utilized: 470.59 MB
Memory Efficiency: 0.03% of 1.48 TB

 +++++++++++++++++++++++++++++++++++++++++++++++++++++++++++++++++++++++++++
 ++   Memory Efficiency is too small. Please review the requested memory. ++
 ++ It seems that you do not need that much memory so we recommend        ++
 ++ requesting less memory in other similar jobs.                         ++
 +++++++++++++++++++++++++++++++++++++++++++++++++++++++++++++++++++++++++++
 
*****************************************************************************


*****************************************************************************
*                                                                           *
*                    JOB EFFICIENCY REPORT (seff 10927314)                   *
*                                                                           *
*****************************************************************************

Job ID: 10927314
Cluster: finisterrae3
User/Group: curso341/ulc
State: COMPLETED (exit code 0)
Nodes: 7
Cores per node: 64
CPU Utilized: 01:11:09
CPU Efficiency: 3.78% of 1-07:21:36 core-walltime
Job Wall-clock time: 00:04:12
Memory Utilized: 1.15 GB
Memory Efficiency: 0.08% of 1.48 TB

 +++++++++++++++++++++++++++++++++++++++++++++++++++++++++++++++++++++++++++
 ++   Memory Efficiency is too small. Please review the requested memory. ++
 ++ It seems that you do not need that much memory so we recommend        ++
 ++ requesting less memory in other similar jobs.                         ++
 +++++++++++++++++++++++++++++++++++++++++++++++++++++++++++++++++++++++++++
 
*****************************************************************************


*****************************************************************************
*                                                                           *
*                    JOB EFFICIENCY REPORT (seff 10927314)                   *
*                                                                           *
*****************************************************************************

Job ID: 10927314
Cluster: finisterrae3
User/Group: curso341/ulc
State: COMPLETED (exit code 0)
Nodes: 7
Cores per node: 64
CPU Utilized: 01:11:09
CPU Efficiency: 3.78% of 1-07:21:36 core-walltime
Job Wall-clock time: 00:04:12
Memory Utilized: 1.15 GB
Memory Efficiency: 0.08% of 1.48 TB

 +++++++++++++++++++++++++++++++++++++++++++++++++++++++++++++++++++++++++++
 ++   Memory Efficiency is too small. Please review the requested memory. ++
 ++ It seems that you do not need that much memory so we recommend        ++
 ++ requesting less memory in other similar jobs.                         ++
 +++++++++++++++++++++++++++++++++++++++++++++++++++++++++++++++++++++++++++
 
*****************************************************************************


*****************************************************************************
*                                                                           *
*                    JOB EFFICIENCY REPORT (seff 10927314)                   *
*                                                                           *
*****************************************************************************

Job ID: 10927314
Cluster: finisterrae3
User/Group: curso341/ulc
State: COMPLETED (exit code 0)
Nodes: 7
Cores per node: 64
CPU Utilized: 01:11:47
CPU Efficiency: 3.82% of 1-07:21:36 core-walltime
Job Wall-clock time: 00:04:12
Memory Utilized: 1.15 GB
Memory Efficiency: 0.08% of 1.48 TB

 +++++++++++++++++++++++++++++++++++++++++++++++++++++++++++++++++++++++++++
 ++   Memory Efficiency is too small. Please review the requested memory. ++
 ++ It seems that you do not need that much memory so we recommend        ++
 ++ requesting less memory in other similar jobs.                         ++
 +++++++++++++++++++++++++++++++++++++++++++++++++++++++++++++++++++++++++++
 
*****************************************************************************

