slurmstepd: info: Setting TMPDIR to /scratch/10927321. Previous errors about TMPDIR can be discarded
Slurm job started at 10/03/2025_10:27:34 AM

In transit.
Initing Ray (1 head node + 8 worker nodes + 8 simulation nodes) on nodes: 
	ilk-150 ilk-151 ilk-152 ilk-153 ilk-154 ilk-155 ilk-156 ilk-163 ilk-164 ilk-165 ilk-166 ilk-167 ilk-170 ilk-171 ilk-172 ilk-173 ilk-175
Head node: 172.30.204.6:6379


RAY_DEPLOY_TIME:     24.84427
2025-03-10 10:28:04,844	INFO packaging.py:520 -- Creating a file package for local directory '/mnt/lustre/scratch/nlsas/home/ulc/cursos/curso341/dask_on_reisa_tests/E4/DASK_ON_REISA_ONE_ACTOR/reduction/P16-SN8-LS536-GS8589-I20-AN8-D2025-03-10_08-48-09'.
2025-03-10 10:28:04,870	INFO packaging.py:347 -- Pushing file package 'gcs://_ray_pkg_6fe6551f03df44da.zip' (0.48MiB) to Ray cluster...
2025-03-10 10:28:04,877	INFO packaging.py:360 -- Successfully pushed file package 'gcs://_ray_pkg_6fe6551f03df44da.zip'.
RAY_INIT_TIME:       5.20746
Iter [0]
Iter [2]
Iter [4]
Iter [6]
Iter [8]
Iter [10]
Iter [12]
Iter [14]
Iter [16]
Iter [18]
GLOBAL_PUT_TIME:     14.65723443031311 (avg:0.73286)
ACTOR_CONCURRENCY:   8
SIMULATION_TIME:     200.538465490000021 (avg: 10.026923274500001)
SIM_WTHOUT_PDI:      107.612855302999989 (avg: 5.380642765149999)
PDI_DELAY:           92.925610187000032 (avg: 4.646280509350001)

GLOBAL_SIZE_(GiB):   8388608
LOCAL_SIZE_(MiB):    512
ITERATIONS:          20

MPI_PER_NODE:        2
MPI_PARALLELISM:     16

WORKER_NODES:        8
CPUS_PER_WORKER:     64
WORKER_PARALLELISM:  512


SLURM_JOB_ID:        10927321
srun: Job step aborted: Waiting up to 32 seconds for job step to finish.
slurmstepd: error: *** JOB 10927321 ON ilk-150 CANCELLED AT 2025-03-10T10:47:47 DUE TO TIME LIMIT ***
slurmstepd: error: *** STEP 10927321.18 ON ilk-151 CANCELLED AT 2025-03-10T10:47:47 DUE TO TIME LIMIT ***
