slurmstepd: info: Setting TMPDIR to /scratch/10770669. Previous errors about TMPDIR can be discarded
Slurm job started at 25/02/2025_07:46:00 PM

In transit.
Initing Ray (1 head node + 2 worker nodes + 2 simulation nodes) on nodes: 
	ilk-102 ilk-103 ilk-104 ilk-105 ilk-106
Head node: 172.30.203.6:6379


RAY_DEPLOY_TIME:     22.54204
RAY_INIT_TIME:       3.23541
Iter [0]
2025-02-25 19:46:27,870	INFO packaging.py:520 -- Creating a file package for local directory '/mnt/lustre/scratch/nlsas/home/ulc/cursos/curso341/dask_on_reisa_tests/E1/REISA_ONE_ACTOR/reduction/P4-SN2-LS536-GS2147-I25-AN2-D2025-02-25_18-10-16'.
2025-02-25 19:46:27,897	INFO packaging.py:347 -- Pushing file package 'gcs://_ray_pkg_ae32725cde788e56.zip' (0.48MiB) to Ray cluster...
2025-02-25 19:46:27,904	INFO packaging.py:360 -- Successfully pushed file package 'gcs://_ray_pkg_ae32725cde788e56.zip'.
Iter [2]
Iter [4]
Iter [6]
Iter [8]
Iter [10]
Iter [12]
Iter [14]
Iter [16]
Iter [18]
Iter [20]
Iter [22]
Iter [24]
EST_ANALYTICS_TIME:  135.54226 (avg:5.42169)
GLOBAL_PUT_TIME:     20.031855821609497 (avg:0.80127)
ACTOR_CONCURRENCY:   8
SIMULATION_TIME:     140.491403294999998 (avg: 5.619656131800000)
SIM_WTHOUT_PDI:      115.799067131999990 (avg: 4.631962685280000)
PDI_DELAY:           24.692336163000007 (avg: 0.987693446520000)

GLOBAL_SIZE_(GiB):   2097152
LOCAL_SIZE_(MiB):    512
ITERATIONS:          25

MPI_PER_NODE:        2
MPI_PARALLELISM:     4

WORKER_NODES:        2
CPUS_PER_WORKER:     30
WORKER_PARALLELISM:  60


SLURM_JOB_ID:        10770669

Slurm job finished at 25/02/2025_07:48:49 PM

*****************************************************************************
*                                                                           *
*                    JOB EFFICIENCY REPORT (seff 10770669)                   *
*                                                                           *
*****************************************************************************

Job ID: 10770669
Cluster: finisterrae3
User/Group: curso341/ulc
State: COMPLETED (exit code 0)
Nodes: 5
Cores per node: 40
CPU Utilized: 00:09:51
CPU Efficiency: 1.73% of 09:30:00 core-walltime
Job Wall-clock time: 00:02:51
Memory Utilized: 1.43 GB
Memory Efficiency: 0.18% of 800.00 GB

 +++++++++++++++++++++++++++++++++++++++++++++++++++++++++++++++++++++++++++
 ++   Memory Efficiency is too small. Please review the requested memory. ++
 ++ It seems that you do not need that much memory so we recommend        ++
 ++ requesting less memory in other similar jobs.                         ++
 +++++++++++++++++++++++++++++++++++++++++++++++++++++++++++++++++++++++++++
 
*****************************************************************************


*****************************************************************************
*                                                                           *
*                    JOB EFFICIENCY REPORT (seff 10770669)                   *
*                                                                           *
*****************************************************************************

Job ID: 10770669
Cluster: finisterrae3
User/Group: curso341/ulc
State: COMPLETED (exit code 0)
Nodes: 5
Cores per node: 40
CPU Utilized: 00:10:07
CPU Efficiency: 1.77% of 09:30:00 core-walltime
Job Wall-clock time: 00:02:51
Memory Utilized: 1.43 GB
Memory Efficiency: 0.18% of 800.00 GB

 +++++++++++++++++++++++++++++++++++++++++++++++++++++++++++++++++++++++++++
 ++   Memory Efficiency is too small. Please review the requested memory. ++
 ++ It seems that you do not need that much memory so we recommend        ++
 ++ requesting less memory in other similar jobs.                         ++
 +++++++++++++++++++++++++++++++++++++++++++++++++++++++++++++++++++++++++++
 
*****************************************************************************


*****************************************************************************
*                                                                           *
*                    JOB EFFICIENCY REPORT (seff 10770669)                   *
*                                                                           *
*****************************************************************************

Job ID: 10770669
Cluster: finisterrae3
User/Group: curso341/ulc
State: COMPLETED (exit code 0)
Nodes: 5
Cores per node: 40
CPU Utilized: 00:12:58
CPU Efficiency: 2.27% of 09:30:00 core-walltime
Job Wall-clock time: 00:02:51
Memory Utilized: 1.43 GB
Memory Efficiency: 0.18% of 800.00 GB

 +++++++++++++++++++++++++++++++++++++++++++++++++++++++++++++++++++++++++++
 ++   Memory Efficiency is too small. Please review the requested memory. ++
 ++ It seems that you do not need that much memory so we recommend        ++
 ++ requesting less memory in other similar jobs.                         ++
 +++++++++++++++++++++++++++++++++++++++++++++++++++++++++++++++++++++++++++
 
*****************************************************************************


*****************************************************************************
*                                                                           *
*                    JOB EFFICIENCY REPORT (seff 10770669)                   *
*                                                                           *
*****************************************************************************

Job ID: 10770669
Cluster: finisterrae3
User/Group: curso341/ulc
State: COMPLETED (exit code 0)
Nodes: 5
Cores per node: 40
CPU Utilized: 00:12:58
CPU Efficiency: 2.27% of 09:30:00 core-walltime
Job Wall-clock time: 00:02:51
Memory Utilized: 1.43 GB
Memory Efficiency: 0.18% of 800.00 GB

 +++++++++++++++++++++++++++++++++++++++++++++++++++++++++++++++++++++++++++
 ++   Memory Efficiency is too small. Please review the requested memory. ++
 ++ It seems that you do not need that much memory so we recommend        ++
 ++ requesting less memory in other similar jobs.                         ++
 +++++++++++++++++++++++++++++++++++++++++++++++++++++++++++++++++++++++++++
 
*****************************************************************************


*****************************************************************************
*                                                                           *
*                    JOB EFFICIENCY REPORT (seff 10770669)                   *
*                                                                           *
*****************************************************************************

Job ID: 10770669
Cluster: finisterrae3
User/Group: curso341/ulc
State: COMPLETED (exit code 0)
Nodes: 5
Cores per node: 40
CPU Utilized: 00:16:01
CPU Efficiency: 2.81% of 09:30:00 core-walltime
Job Wall-clock time: 00:02:51
Memory Utilized: 3.60 GB
Memory Efficiency: 0.45% of 800.00 GB

 +++++++++++++++++++++++++++++++++++++++++++++++++++++++++++++++++++++++++++
 ++   Memory Efficiency is too small. Please review the requested memory. ++
 ++ It seems that you do not need that much memory so we recommend        ++
 ++ requesting less memory in other similar jobs.                         ++
 +++++++++++++++++++++++++++++++++++++++++++++++++++++++++++++++++++++++++++
 
*****************************************************************************

