slurmstepd: info: Setting TMPDIR to /scratch/10912123. Previous errors about TMPDIR can be discarded
Slurm job started at 08/03/2025_11:37:42 AM

In transit.
Initing Ray (1 head node + 2 worker nodes + 4 simulation nodes) on nodes: 
	ilk-22 ilk-40 ilk-160 ilk-161 ilk-163 ilk-164 ilk-167
Head node: 172.30.201.22:6379


RAY_DEPLOY_TIME:     23.91710
2025-03-08 11:38:09,968	INFO packaging.py:520 -- Creating a file package for local directory '/mnt/lustre/scratch/nlsas/home/ulc/cursos/curso341/dask_on_reisa_tests/E2/DASK_ON_REISA/derivative/P128-SN4-LS1-GS134-I10-AN2-D2025-03-08_09-07-28'.
2025-03-08 11:38:09,994	INFO packaging.py:347 -- Pushing file package 'gcs://_ray_pkg_bab848bb57b1101c.zip' (0.48MiB) to Ray cluster...
2025-03-08 11:38:10,001	INFO packaging.py:360 -- Successfully pushed file package 'gcs://_ray_pkg_bab848bb57b1101c.zip'.
RAY_INIT_TIME:       6.86829
Iter [0]
Iter [1]
Iter [2]
Iter [3]
Iter [4]
[2m[36m(iter_task pid=252138, ip=10.120.201.40)[0m /home/ulc/cursos/curso341/.local/lib/python3.9/site-packages/dask/config.py:693: UserWarning: Configuration key "shuffle" has been deprecated. Please use "dataframe.shuffle.algorithm" instead
[2m[36m(iter_task pid=252138, ip=10.120.201.40)[0m   warnings.warn(
[2m[36m(iter_task pid=252139, ip=10.120.201.40)[0m /home/ulc/cursos/curso341/.local/lib/python3.9/site-packages/dask/config.py:693: UserWarning: Configuration key "shuffle" has been deprecated. Please use "dataframe.shuffle.algorithm" instead
[2m[36m(iter_task pid=252139, ip=10.120.201.40)[0m   warnings.warn(
[2m[36m(iter_task pid=3786140, ip=10.120.204.16)[0m /home/ulc/cursos/curso341/.local/lib/python3.9/site-packages/dask/config.py:693: UserWarning: Configuration key "shuffle" has been deprecated. Please use "dataframe.shuffle.algorithm" instead
[2m[36m(iter_task pid=3786140, ip=10.120.204.16)[0m   warnings.warn(
[2m[36m(iter_task pid=3786139, ip=10.120.204.16)[0m /home/ulc/cursos/curso341/.local/lib/python3.9/site-packages/dask/config.py:693: UserWarning: Configuration key "shuffle" has been deprecated. Please use "dataframe.shuffle.algorithm" instead
[2m[36m(iter_task pid=3786139, ip=10.120.204.16)[0m   warnings.warn(
Iter [5]
Iter [6]
Iter [7]
Iter [8]
Iter [9]
GLOBAL_PUT_TIME:     0.0277559757232666 (avg:0.00278)
ACTOR_CONCURRENCY:   8
SIMULATION_TIME:     8.334395743000000 (avg: 0.833439574300000)
SIM_WTHOUT_PDI:      2.640874881999999 (avg: 0.264087488200000)
PDI_DELAY:           5.693520861000001 (avg: 0.569352086100000)

GLOBAL_SIZE_(GiB):   131072
LOCAL_SIZE_(MiB):    1
ITERATIONS:          10

MPI_PER_NODE:        32
MPI_PARALLELISM:     128

WORKER_NODES:        2
CPUS_PER_WORKER:     64
WORKER_PARALLELISM:  128


SLURM_JOB_ID:        10912123
[2m[36m(iter_task pid=252139, ip=10.120.201.40)[0m /home/ulc/cursos/curso341/.local/lib/python3.9/site-packages/dask/config.py:693: UserWarning: Configuration key "shuffle" has been deprecated. Please use "dataframe.shuffle.algorithm" instead
[2m[36m(iter_task pid=252139, ip=10.120.201.40)[0m   warnings.warn(
[2m[36m(iter_task pid=271205, ip=10.120.201.40)[0m /home/ulc/cursos/curso341/.local/lib/python3.9/site-packages/dask/config.py:693: UserWarning: Configuration key "shuffle" has been deprecated. Please use "dataframe.shuffle.algorithm" instead
[2m[36m(iter_task pid=271205, ip=10.120.201.40)[0m   warnings.warn(
EST_ANALYTICS_TIME:  34.65717 (avg:3.46572)

Slurm job finished at 08/03/2025_11:38:50 AM

*****************************************************************************
*                                                                           *
*                    JOB EFFICIENCY REPORT (seff 10912123)                   *
*                                                                           *
*****************************************************************************

Job ID: 10912123
Cluster: finisterrae3
User/Group: curso341/ulc
State: COMPLETED (exit code 0)
Nodes: 7
Cores per node: 64
CPU Utilized: 00:17:16
CPU Efficiency: 3.35% of 08:35:12 core-walltime
Job Wall-clock time: 00:01:09
Memory Utilized: 484.21 MB
Memory Efficiency: 0.03% of 1.48 TB

 +++++++++++++++++++++++++++++++++++++++++++++++++++++++++++++++++++++++++++
 ++   Memory Efficiency is too small. Please review the requested memory. ++
 ++ It seems that you do not need that much memory so we recommend        ++
 ++ requesting less memory in other similar jobs.                         ++
 +++++++++++++++++++++++++++++++++++++++++++++++++++++++++++++++++++++++++++
 
*****************************************************************************


*****************************************************************************
*                                                                           *
*                    JOB EFFICIENCY REPORT (seff 10912123)                   *
*                                                                           *
*****************************************************************************

Job ID: 10912123
Cluster: finisterrae3
User/Group: curso341/ulc
State: COMPLETED (exit code 0)
Nodes: 7
Cores per node: 64
CPU Utilized: 00:17:16
CPU Efficiency: 3.35% of 08:35:12 core-walltime
Job Wall-clock time: 00:01:09
Memory Utilized: 484.21 MB
Memory Efficiency: 0.03% of 1.48 TB

 +++++++++++++++++++++++++++++++++++++++++++++++++++++++++++++++++++++++++++
 ++   Memory Efficiency is too small. Please review the requested memory. ++
 ++ It seems that you do not need that much memory so we recommend        ++
 ++ requesting less memory in other similar jobs.                         ++
 +++++++++++++++++++++++++++++++++++++++++++++++++++++++++++++++++++++++++++
 
*****************************************************************************


*****************************************************************************
*                                                                           *
*                    JOB EFFICIENCY REPORT (seff 10912123)                   *
*                                                                           *
*****************************************************************************

Job ID: 10912123
Cluster: finisterrae3
User/Group: curso341/ulc
State: COMPLETED (exit code 0)
Nodes: 7
Cores per node: 64
CPU Utilized: 00:17:16
CPU Efficiency: 3.35% of 08:35:12 core-walltime
Job Wall-clock time: 00:01:09
Memory Utilized: 484.21 MB
Memory Efficiency: 0.03% of 1.48 TB

 +++++++++++++++++++++++++++++++++++++++++++++++++++++++++++++++++++++++++++
 ++   Memory Efficiency is too small. Please review the requested memory. ++
 ++ It seems that you do not need that much memory so we recommend        ++
 ++ requesting less memory in other similar jobs.                         ++
 +++++++++++++++++++++++++++++++++++++++++++++++++++++++++++++++++++++++++++
 
*****************************************************************************


*****************************************************************************
*                                                                           *
*                    JOB EFFICIENCY REPORT (seff 10912123)                   *
*                                                                           *
*****************************************************************************

Job ID: 10912123
Cluster: finisterrae3
User/Group: curso341/ulc
State: COMPLETED (exit code 0)
Nodes: 7
Cores per node: 64
CPU Utilized: 00:17:16
CPU Efficiency: 3.35% of 08:35:12 core-walltime
Job Wall-clock time: 00:01:09
Memory Utilized: 484.21 MB
Memory Efficiency: 0.03% of 1.48 TB

 +++++++++++++++++++++++++++++++++++++++++++++++++++++++++++++++++++++++++++
 ++   Memory Efficiency is too small. Please review the requested memory. ++
 ++ It seems that you do not need that much memory so we recommend        ++
 ++ requesting less memory in other similar jobs.                         ++
 +++++++++++++++++++++++++++++++++++++++++++++++++++++++++++++++++++++++++++
 
*****************************************************************************


*****************************************************************************
*                                                                           *
*                    JOB EFFICIENCY REPORT (seff 10912123)                   *
*                                                                           *
*****************************************************************************

Job ID: 10912123
Cluster: finisterrae3
User/Group: curso341/ulc
State: COMPLETED (exit code 0)
Nodes: 7
Cores per node: 64
CPU Utilized: 00:50:20
CPU Efficiency: 9.77% of 08:35:12 core-walltime
Job Wall-clock time: 00:01:09
Memory Utilized: 5.54 GB
Memory Efficiency: 0.36% of 1.48 TB

 +++++++++++++++++++++++++++++++++++++++++++++++++++++++++++++++++++++++++++
 ++   Memory Efficiency is too small. Please review the requested memory. ++
 ++ It seems that you do not need that much memory so we recommend        ++
 ++ requesting less memory in other similar jobs.                         ++
 +++++++++++++++++++++++++++++++++++++++++++++++++++++++++++++++++++++++++++
 
*****************************************************************************


*****************************************************************************
*                                                                           *
*                    JOB EFFICIENCY REPORT (seff 10912123)                   *
*                                                                           *
*****************************************************************************

Job ID: 10912123
Cluster: finisterrae3
User/Group: curso341/ulc
State: COMPLETED (exit code 0)
Nodes: 7
Cores per node: 64
CPU Utilized: 00:50:20
CPU Efficiency: 9.77% of 08:35:12 core-walltime
Job Wall-clock time: 00:01:09
Memory Utilized: 5.54 GB
Memory Efficiency: 0.36% of 1.48 TB

 +++++++++++++++++++++++++++++++++++++++++++++++++++++++++++++++++++++++++++
 ++   Memory Efficiency is too small. Please review the requested memory. ++
 ++ It seems that you do not need that much memory so we recommend        ++
 ++ requesting less memory in other similar jobs.                         ++
 +++++++++++++++++++++++++++++++++++++++++++++++++++++++++++++++++++++++++++
 
*****************************************************************************


*****************************************************************************
*                                                                           *
*                    JOB EFFICIENCY REPORT (seff 10912123)                   *
*                                                                           *
*****************************************************************************

Job ID: 10912123
Cluster: finisterrae3
User/Group: curso341/ulc
State: COMPLETED (exit code 0)
Nodes: 7
Cores per node: 64
CPU Utilized: 00:54:30
CPU Efficiency: 10.58% of 08:35:12 core-walltime
Job Wall-clock time: 00:01:09
Memory Utilized: 5.54 GB
Memory Efficiency: 0.36% of 1.48 TB

 +++++++++++++++++++++++++++++++++++++++++++++++++++++++++++++++++++++++++++
 ++   Memory Efficiency is too small. Please review the requested memory. ++
 ++ It seems that you do not need that much memory so we recommend        ++
 ++ requesting less memory in other similar jobs.                         ++
 +++++++++++++++++++++++++++++++++++++++++++++++++++++++++++++++++++++++++++
 
*****************************************************************************

