slurmstepd: info: Setting TMPDIR to /scratch/10942711. Previous errors about TMPDIR can be discarded
Slurm job started at 13/03/2025_07:35:40 AM

In situ 4,
Initing Ray (1 head node + 8 worker nodes + 16 simulation nodes) on nodes: 
	ilk-107 ilk-145 ilk-146 ilk-150 ilk-151 ilk-152 ilk-156 ilk-161 ilk-162 ilk-163 ilk-167 ilk-169 ilk-170 ilk-171 ilk-173 ilk-175 ilk-177 ilk-195 ilk-196 ilk-205 ilk-220 ilk-223 ilk-233 ilk-237 ilk-238
Head node: 172.30.203.11:6379


RAY_DEPLOY_TIME:     23.43940
2025-03-13 07:36:07,110	INFO packaging.py:520 -- Creating a file package for local directory '/mnt/lustre/scratch/nlsas/home/ulc/cursos/curso341/dask_on_reisa_tests/E6/DASK_ON_REISA_ONE_ACTOR/reduction/P512-SN16-LS134-GS68719-I20-AN8-D2025-03-12_10-05-18'.
2025-03-13 07:36:07,136	INFO packaging.py:347 -- Pushing file package 'gcs://_ray_pkg_7767f88c014e150e.zip' (0.48MiB) to Ray cluster...
2025-03-13 07:36:07,142	INFO packaging.py:360 -- Successfully pushed file package 'gcs://_ray_pkg_7767f88c014e150e.zip'.
RAY_INIT_TIME:       6.55389
Iter [0]
Iter [2]
Iter [4]
Iter [6]
Iter [8]
Iter [10]
Iter [12]
slurmstepd: error: *** JOB 10942711 ON ilk-107 CANCELLED AT 2025-03-13T07:55:39 DUE TO TIME LIMIT ***
slurmstepd: error: *** STEP 10942711.26 ON ilk-145 CANCELLED AT 2025-03-13T07:55:39 DUE TO TIME LIMIT ***
srun: Job step aborted: Waiting up to 32 seconds for job step to finish.
srun: Job step aborted: Waiting up to 32 seconds for job step to finish.
*** SIGTERM received at time=1741848939 on cpu 1 ***
*** SIGTERM received at time=1741848939 on cpu 32 ***
*** SIGTERM received at time=1741848939 on cpu 15 ***
*** SIGTERM received at time=1741848939 on cpu 0 ***
*** SIGTERM received at time=1741848939 on cpu 15 ***
*** SIGTERM received at time=1741848939 on cpu 25 ***
*** SIGTERM received at time=1741848939 on cpu 63 ***
*** SIGTERM received at time=1741848939 on cpu 13 ***
*** SIGTERM received at time=1741848939 on cpu 26 ***
*** SIGTERM received at time=1741848939 on cpu 14 ***
*** SIGTERM received at time=1741848939 on cpu 26 ***
*** SIGTERM received at time=1741848939 on cpu 56 ***
*** SIGTERM received at time=1741848939 on cpu 21 ***
*** SIGTERM received at time=1741848939 on cpu 6 ***
*** SIGTERM received at time=1741848939 on cpu 5 ***
*** SIGTERM received at time=1741848939 on cpu 35 ***
*** SIGTERM received at time=1741848939 on cpu 42 ***
*** SIGTERM received at time=1741848939 on cpu 31 ***
*** SIGTERM received at time=1741848939 on cpu 17 ***
*** SIGTERM received at time=1741848939 on cpu 37 ***
*** SIGTERM received at time=1741848939 on cpu 25 ***
*** SIGTERM received at time=1741848939 on cpu 16 ***
*** SIGTERM received at time=1741848939 on cpu 3 ***
*** SIGTERM received at time=1741848939 on cpu 57 ***
*** SIGTERM received at time=1741848939 on cpu 30 ***
*** SIGTERM received at time=1741848939 on cpu 52 ***
*** SIGTERM received at time=1741848939 on cpu 22 ***
*** SIGTERM received at time=1741848939 on cpu 45 ***
*** SIGTERM received at time=1741848939 on cpu 43 ***
*** SIGTERM received at time=1741848939 on cpu 23 ***
*** SIGTERM received at time=1741848939 on cpu 37 ***
*** SIGTERM received at time=1741848939 on cpu 7 ***
*** SIGTERM received at time=1741848939 on cpu 12 ***
*** SIGTERM received at time=1741848939 on cpu 4 ***
*** SIGTERM received at time=1741848939 on cpu 46 ***
*** SIGTERM received at time=1741848939 on cpu 39 ***
*** SIGTERM received at time=1741848939 on cpu 9 ***
*** SIGTERM received at time=1741848939 on cpu 52 ***
*** SIGTERM received at time=1741848939 on cpu 2 ***
*** SIGTERM received at time=1741848939 on cpu 22 ***
*** SIGTERM received at time=1741848939 on cpu 55 ***
*** SIGTERM received at time=1741848939 on cpu 9 ***
*** SIGTERM received at time=1741848939 on cpu 56 ***
*** SIGTERM received at time=1741848939 on cpu 58 ***
*** SIGTERM received at time=1741848939 on cpu 15 ***
*** SIGTERM received at time=1741848939 on cpu 3 ***
*** SIGTERM received at time=1741848939 on cpu 42 ***
*** SIGTERM received at time=1741848939 on cpu 36 ***
*** SIGTERM received at time=1741848939 on cpu 54 ***
*** SIGTERM received at time=1741848939 on cpu 12 ***
*** SIGTERM received at time=1741848939 on cpu 3 ***
*** SIGTERM received at time=1741848939 on cpu 8 ***
*** SIGTERM received at time=1741848939 on cpu 25 ***
*** SIGTERM received at time=1741848939 on cpu 10 ***
*** SIGTERM received at time=1741848939 on cpu 14 ***
*** SIGTERM received at time=1741848939 on cpu 13 ***
*** SIGTERM received at time=1741848939 on cpu 8 ***
*** SIGTERM received at time=1741848939 on cpu 21 ***
*** SIGTERM received at time=1741848939 on cpu 39 ***
*** SIGTERM received at time=1741848939 on cpu 29 ***
*** SIGTERM received at time=1741848939 on cpu 35 ***
*** SIGTERM received at time=1741848939 on cpu 24 ***
*** SIGTERM received at time=1741848939 on cpu 28 ***
*** SIGTERM received at time=1741848939 on cpu 42 ***
*** SIGTERM received at time=1741848939 on cpu 32 ***
*** SIGTERM received at time=1741848939 on cpu 7 ***
*** SIGTERM received at time=1741848939 on cpu 1 ***
*** SIGTERM received at time=1741848939 on cpu 55 ***
*** SIGTERM received at time=1741848939 on cpu 22 ***
*** SIGTERM received at time=1741848939 on cpu 5 ***
*** SIGTERM received at time=1741848939 on cpu 3 ***
*** SIGTERM received at time=1741848939 on cpu 40 ***
*** SIGTERM received at time=1741848939 on cpu 57 ***
*** SIGTERM received at time=1741848939 on cpu 61 ***
*** SIGTERM received at time=1741848939 on cpu 4 ***
*** SIGTERM received at time=1741848939 on cpu 31 ***
*** SIGTERM received at time=1741848939 on cpu 53 ***
*** SIGTERM received at time=1741848939 on cpu 23 ***
*** SIGTERM received at time=1741848939 on cpu 18 ***
*** SIGTERM received at time=1741848939 on cpu 42 ***
*** SIGTERM received at time=1741848939 on cpu 22 ***
*** SIGTERM received at time=1741848939 on cpu 10 ***
*** SIGTERM received at time=1741848939 on cpu 30 ***
*** SIGTERM received at time=1741848939 on cpu 47 ***
*** SIGTERM received at time=1741848939 on cpu 47 ***
*** SIGTERM received at time=1741848939 on cpu 18 ***
*** SIGTERM received at time=1741848939 on cpu 11 ***
*** SIGTERM received at time=1741848939 on cpu 11 ***
*** SIGTERM received at time=1741848939 on cpu 8 ***
*** SIGTERM received at time=1741848939 on cpu 52 ***
*** SIGTERM received at time=1741848939 on cpu 44 ***
*** SIGTERM received at time=1741848939 on cpu 54 ***
*** SIGTERM received at time=1741848939 on cpu 9 ***
*** SIGTERM received at time=1741848939 on cpu 44 ***
*** SIGTERM received at time=1741848939 on cpu 20 ***
*** SIGTERM received at time=1741848939 on cpu 54 ***
*** SIGTERM received at time=1741848939 on cpu 8 ***
*** SIGTERM received at time=1741848939 on cpu 21 ***
*** SIGTERM received at time=1741848939 on cpu 11 ***
*** SIGTERM received at time=1741848939 on cpu 24 ***
*** SIGTERM received at time=1741848939 on cpu 26 ***
*** SIGTERM received at time=1741848939 on cpu 27 ***
*** SIGTERM received at time=1741848939 on cpu 56 ***
*** SIGTERM received at time=1741848939 on cpu 39 ***
*** SIGTERM received at time=1741848939 on cpu 38 ***
*** SIGTERM received at time=1741848939 on cpu 20 ***
*** SIGTERM received at time=1741848939 on cpu 31 ***
*** SIGTERM received at time=1741848939 on cpu 60 ***
*** SIGTERM received at time=1741848939 on cpu 37 ***
*** SIGTERM received at time=1741848939 on cpu 3 ***
*** SIGTERM received at time=1741848939 on cpu 52 ***
*** SIGTERM received at time=1741848939 on cpu 12 ***
*** SIGTERM received at time=1741848939 on cpu 34 ***
*** SIGTERM received at time=1741848939 on cpu 3 ***
*** SIGTERM received at time=1741848939 on cpu 40 ***
*** SIGTERM received at time=1741848939 on cpu 61 ***
*** SIGTERM received at time=1741848939 on cpu 61 ***
*** SIGTERM received at time=1741848939 on cpu 7 ***
*** SIGTERM received at time=1741848939 on cpu 58 ***
*** SIGTERM received at time=1741848939 on cpu 12 ***
*** SIGTERM received at time=1741848939 on cpu 49 ***
*** SIGTERM received at time=1741848939 on cpu 18 ***
*** SIGTERM received at time=1741848939 on cpu 19 ***
*** SIGTERM received at time=1741848939 on cpu 4 ***
*** SIGTERM received at time=1741848939 on cpu 24 ***
*** SIGTERM received at time=1741848939 on cpu 45 ***
*** SIGTERM received at time=1741848939 on cpu 22 ***
*** SIGTERM received at time=1741848939 on cpu 2 ***
*** SIGTERM received at time=1741848939 on cpu 43 ***
*** SIGTERM received at time=1741848939 on cpu 63 ***
*** SIGTERM received at time=1741848939 on cpu 32 ***
*** SIGTERM received at time=1741848939 on cpu 53 ***
*** SIGTERM received at time=1741848939 on cpu 51 ***
*** SIGTERM received at time=1741848939 on cpu 13 ***
*** SIGTERM received at time=1741848939 on cpu 54 ***
*** SIGTERM received at time=1741848939 on cpu 13 ***
*** SIGTERM received at time=1741848939 on cpu 10 ***
*** SIGTERM received at time=1741848939 on cpu 38 ***
*** SIGTERM received at time=1741848939 on cpu 61 ***
*** SIGTERM received at time=1741848939 on cpu 2 ***
*** SIGTERM received at time=1741848939 on cpu 8 ***
*** SIGTERM received at time=1741848939 on cpu 6 ***
*** SIGTERM received at time=1741848939 on cpu 22 ***
*** SIGTERM received at time=1741848939 on cpu 7 ***
*** SIGTERM received at time=1741848939 on cpu 15 ***
*** SIGTERM received at time=1741848939 on cpu 38 ***
*** SIGTERM received at time=1741848939 on cpu 15 ***
*** SIGTERM received at time=1741848939 on cpu 1 ***
*** SIGTERM received at time=1741848939 on cpu 62 ***
*** SIGTERM received at time=1741848939 on cpu 0 ***
*** SIGTERM received at time=1741848939 on cpu 24 ***
*** SIGTERM received at time=1741848939 on cpu 25 ***
*** SIGTERM received at time=1741848939 on cpu 3 ***
*** SIGTERM received at time=1741848939 on cpu 9 ***
*** SIGTERM received at time=1741848939 on cpu 47 ***
*** SIGTERM received at time=1741848939 on cpu 59 ***
*** SIGTERM received at time=1741848939 on cpu 11 ***
*** SIGTERM received at time=1741848939 on cpu 45 ***
*** SIGTERM received at time=1741848939 on cpu 33 ***
*** SIGTERM received at time=1741848939 on cpu 35 ***
*** SIGTERM received at time=1741848939 on cpu 45 ***
*** SIGTERM received at time=1741848939 on cpu 53 ***
*** SIGTERM received at time=1741848939 on cpu 26 ***
*** SIGTERM received at time=1741848939 on cpu 19 ***
*** SIGTERM received at time=1741848939 on cpu 59 ***
*** SIGTERM received at time=1741848939 on cpu 42 ***
*** SIGTERM received at time=1741848939 on cpu 9 ***
*** SIGTERM received at time=1741848939 on cpu 54 ***
*** SIGTERM received at time=1741848939 on cpu 14 ***
*** SIGTERM received at time=1741848939 on cpu 35 ***
*** SIGTERM received at time=1741848939 on cpu 57 ***
*** SIGTERM received at time=1741848939 on cpu 23 ***
*** SIGTERM received at time=1741848939 on cpu 48 ***
*** SIGTERM received at time=1741848939 on cpu 9 ***
*** SIGTERM received at time=1741848939 on cpu 49 ***
*** SIGTERM received at time=1741848939 on cpu 53 ***
*** SIGTERM received at time=1741848939 on cpu 5 ***
*** SIGTERM received at time=1741848939 on cpu 20 ***
*** SIGTERM received at time=1741848939 on cpu 59 ***
*** SIGTERM received at time=1741848939 on cpu 4 ***
*** SIGTERM received at time=1741848939 on cpu 33 ***
*** SIGTERM received at time=1741848939 on cpu 46 ***
*** SIGTERM received at time=1741848939 on cpu 2 ***
*** SIGTERM received at time=1741848939 on cpu 15 ***
*** SIGTERM received at time=1741848939 on cpu 13 ***
*** SIGTERM received at time=1741848939 on cpu 46 ***
*** SIGTERM received at time=1741848939 on cpu 3 ***
*** SIGTERM received at time=1741848939 on cpu 38 ***
*** SIGTERM received at time=1741848939 on cpu 31 ***
*** SIGTERM received at time=1741848939 on cpu 9 ***
*** SIGTERM received at time=1741848939 on cpu 62 ***
*** SIGTERM received at time=1741848939 on cpu 10 ***
*** SIGTERM received at time=1741848939 on cpu 57 ***
*** SIGTERM received at time=1741848939 on cpu 13 ***
*** SIGTERM received at time=1741848939 on cpu 42 ***
*** SIGTERM received at time=1741848939 on cpu 42 ***
*** SIGTERM received at time=1741848939 on cpu 26 ***
*** SIGTERM received at time=1741848939 on cpu 55 ***
*** SIGTERM received at time=1741848939 on cpu 49 ***
*** SIGTERM received at time=1741848939 on cpu 24 ***
*** SIGTERM received at time=1741848939 on cpu 2 ***
*** SIGTERM received at time=1741848939 on cpu 31 ***
*** SIGTERM received at time=1741848939 on cpu 56 ***
*** SIGTERM received at time=1741848939 on cpu 6 ***
*** SIGTERM received at time=1741848939 on cpu 15 ***
*** SIGTERM received at time=1741848939 on cpu 9 ***
*** SIGTERM received at time=1741848939 on cpu 45 ***
*** SIGTERM received at time=1741848939 on cpu 25 ***
*** SIGTERM received at time=1741848939 on cpu 4 ***
*** SIGTERM received at time=1741848939 on cpu 16 ***
*** SIGTERM received at time=1741848939 on cpu 45 ***
*** SIGTERM received at time=1741848939 on cpu 14 ***
*** SIGTERM received at time=1741848939 on cpu 17 ***
*** SIGTERM received at time=1741848939 on cpu 6 ***
*** SIGTERM received at time=1741848939 on cpu 14 ***
*** SIGTERM received at time=1741848939 on cpu 17 ***
*** SIGTERM received at time=1741848939 on cpu 30 ***
*** SIGTERM received at time=1741848939 on cpu 32 ***
*** SIGTERM received at time=1741848939 on cpu 37 ***
*** SIGTERM received at time=1741848939 on cpu 32 ***
*** SIGTERM received at time=1741848939 on cpu 10 ***
*** SIGTERM received at time=1741848939 on cpu 63 ***
*** SIGTERM received at time=1741848939 on cpu 5 ***
*** SIGTERM received at time=1741848939 on cpu 11 ***
*** SIGTERM received at time=1741848939 on cpu 41 ***
*** SIGTERM received at time=1741848939 on cpu 32 ***
*** SIGTERM received at time=1741848939 on cpu 42 ***
*** SIGTERM received at time=1741848939 on cpu 12 ***
*** SIGTERM received at time=1741848939 on cpu 59 ***
*** SIGTERM received at time=1741848939 on cpu 1 ***
*** SIGTERM received at time=1741848939 on cpu 51 ***
*** SIGTERM received at time=1741848939 on cpu 0 ***
*** SIGTERM received at time=1741848939 on cpu 29 ***
*** SIGTERM received at time=1741848939 on cpu 36 ***
*** SIGTERM received at time=1741848939 on cpu 36 ***
*** SIGTERM received at time=1741848939 on cpu 22 ***
*** SIGTERM received at time=1741848939 on cpu 45 ***
*** SIGTERM received at time=1741848939 on cpu 22 ***
*** SIGTERM received at time=1741848939 on cpu 22 ***
*** SIGTERM received at time=1741848939 on cpu 38 ***
*** SIGTERM received at time=1741848939 on cpu 22 ***
*** SIGTERM received at time=1741848939 on cpu 21 ***
*** SIGTERM received at time=1741848939 on cpu 40 ***
*** SIGTERM received at time=1741848939 on cpu 34 ***
*** SIGTERM received at time=1741848939 on cpu 23 ***
*** SIGTERM received at time=1741848939 on cpu 28 ***
*** SIGTERM received at time=1741848939 on cpu 12 ***
*** SIGTERM received at time=1741848939 on cpu 14 ***
*** SIGTERM received at time=1741848939 on cpu 30 ***
*** SIGTERM received at time=1741848939 on cpu 28 ***
*** SIGTERM received at time=1741848939 on cpu 58 ***
*** SIGTERM received at time=1741848939 on cpu 58 ***
*** SIGTERM received at time=1741848939 on cpu 2 ***
*** SIGTERM received at time=1741848939 on cpu 46 ***
*** SIGTERM received at time=1741848939 on cpu 37 ***
*** SIGTERM received at time=1741848939 on cpu 15 ***
*** SIGTERM received at time=1741848939 on cpu 41 ***
*** SIGTERM received at time=1741848939 on cpu 2 ***
*** SIGTERM received at time=1741848939 on cpu 26 ***
*** SIGTERM received at time=1741848939 on cpu 5 ***
*** SIGTERM received at time=1741848939 on cpu 40 ***
*** SIGTERM received at time=1741848939 on cpu 9 ***
*** SIGTERM received at time=1741848939 on cpu 33 ***
*** SIGTERM received at time=1741848939 on cpu 10 ***
*** SIGTERM received at time=1741848939 on cpu 61 ***
*** SIGTERM received at time=1741848939 on cpu 61 ***
*** SIGTERM received at time=1741848939 on cpu 55 ***
*** SIGTERM received at time=1741848939 on cpu 55 ***
*** SIGTERM received at time=1741848939 on cpu 29 ***
*** SIGTERM received at time=1741848939 on cpu 13 ***
*** SIGTERM received at time=1741848939 on cpu 35 ***
*** SIGTERM received at time=1741848939 on cpu 31 ***
*** SIGTERM received at time=1741848939 on cpu 36 ***
*** SIGTERM received at time=1741848939 on cpu 41 ***
*** SIGTERM received at time=1741848939 on cpu 42 ***
*** SIGTERM received at time=1741848939 on cpu 36 ***
*** SIGTERM received at time=1741848939 on cpu 52 ***
*** SIGTERM received at time=1741848939 on cpu 43 ***
*** SIGTERM received at time=1741848939 on cpu 58 ***
*** SIGTERM received at time=1741848939 on cpu 54 ***
*** SIGTERM received at time=1741848939 on cpu 31 ***
*** SIGTERM received at time=1741848939 on cpu 11 ***
*** SIGTERM received at time=1741848939 on cpu 19 ***
*** SIGTERM received at time=1741848939 on cpu 17 ***
*** SIGTERM received at time=1741848939 on cpu 11 ***
*** SIGTERM received at time=1741848939 on cpu 4 ***
*** SIGTERM received at time=1741848939 on cpu 47 ***
*** SIGTERM received at time=1741848939 on cpu 27 ***
*** SIGTERM received at time=1741848939 on cpu 47 ***
*** SIGTERM received at time=1741848939 on cpu 35 ***
*** SIGTERM received at time=1741848939 on cpu 16 ***
*** SIGTERM received at time=1741848939 on cpu 34 ***
*** SIGTERM received at time=1741848939 on cpu 53 ***
*** SIGTERM received at time=1741848939 on cpu 11 ***
*** SIGTERM received at time=1741848939 on cpu 20 ***
*** SIGTERM received at time=1741848939 on cpu 25 ***
*** SIGTERM received at time=1741848939 on cpu 12 ***
*** SIGTERM received at time=1741848939 on cpu 8 ***
*** SIGTERM received at time=1741848939 on cpu 59 ***
*** SIGTERM received at time=1741848939 on cpu 61 ***
*** SIGTERM received at time=1741848939 on cpu 27 ***
*** SIGTERM received at time=1741848939 on cpu 5 ***
*** SIGTERM received at time=1741848939 on cpu 62 ***
*** SIGTERM received at time=1741848939 on cpu 12 ***
*** SIGTERM received at time=1741848939 on cpu 63 ***
*** SIGTERM received at time=1741848939 on cpu 32 ***
*** SIGTERM received at time=1741848939 on cpu 16 ***
*** SIGTERM received at time=1741848939 on cpu 38 ***
*** SIGTERM received at time=1741848939 on cpu 61 ***
*** SIGTERM received at time=1741848939 on cpu 59 ***
*** SIGTERM received at time=1741848939 on cpu 30 ***
*** SIGTERM received at time=1741848939 on cpu 54 ***
*** SIGTERM received at time=1741848939 on cpu 15 ***
*** SIGTERM received at time=1741848939 on cpu 27 ***
*** SIGTERM received at time=1741848939 on cpu 7 ***
*** SIGTERM received at time=1741848939 on cpu 42 ***
*** SIGTERM received at time=1741848939 on cpu 32 ***
*** SIGTERM received at time=1741848939 on cpu 46 ***
*** SIGTERM received at time=1741848939 on cpu 56 ***
*** SIGTERM received at time=1741848939 on cpu 3 ***
*** SIGTERM received at time=1741848939 on cpu 48 ***
*** SIGTERM received at time=1741848939 on cpu 18 ***
*** SIGTERM received at time=1741848939 on cpu 23 ***
*** SIGTERM received at time=1741848939 on cpu 5 ***
*** SIGTERM received at time=1741848939 on cpu 62 ***
*** SIGTERM received at time=1741848939 on cpu 14 ***
*** SIGTERM received at time=1741848939 on cpu 19 ***
*** SIGTERM received at time=1741848939 on cpu 31 ***
*** SIGTERM received at time=1741848939 on cpu 9 ***
*** SIGTERM received at time=1741848939 on cpu 47 ***
*** SIGTERM received at time=1741848939 on cpu 44 ***
*** SIGTERM received at time=1741848939 on cpu 20 ***
*** SIGTERM received at time=1741848939 on cpu 33 ***
*** SIGTERM received at time=1741848939 on cpu 23 ***
*** SIGTERM received at time=1741848939 on cpu 16 ***
*** SIGTERM received at time=1741848939 on cpu 60 ***
*** SIGTERM received at time=1741848939 on cpu 24 ***
*** SIGTERM received at time=1741848939 on cpu 3 ***
*** SIGTERM received at time=1741848939 on cpu 52 ***
*** SIGTERM received at time=1741848939 on cpu 4 ***
*** SIGTERM received at time=1741848939 on cpu 9 ***
*** SIGTERM received at time=1741848939 on cpu 24 ***
*** SIGTERM received at time=1741848939 on cpu 10 ***
*** SIGTERM received at time=1741848939 on cpu 58 ***
*** SIGTERM received at time=1741848939 on cpu 37 ***
*** SIGTERM received at time=1741848939 on cpu 16 ***
*** SIGTERM received at time=1741848939 on cpu 15 ***
*** SIGTERM received at time=1741848939 on cpu 8 ***
*** SIGTERM received at time=1741848939 on cpu 38 ***
*** SIGTERM received at time=1741848939 on cpu 22 ***
*** SIGTERM received at time=1741848939 on cpu 49 ***
*** SIGTERM received at time=1741848939 on cpu 35 ***
*** SIGTERM received at time=1741848939 on cpu 22 ***
*** SIGTERM received at time=1741848939 on cpu 30 ***
*** SIGTERM received at time=1741848939 on cpu 12 ***
*** SIGTERM received at time=1741848939 on cpu 50 ***
*** SIGTERM received at time=1741848939 on cpu 6 ***
*** SIGTERM received at time=1741848939 on cpu 59 ***
*** SIGTERM received at time=1741848939 on cpu 46 ***
*** SIGTERM received at time=1741848939 on cpu 2 ***
*** SIGTERM received at time=1741848939 on cpu 33 ***
*** SIGTERM received at time=1741848939 on cpu 52 ***
*** SIGTERM received at time=1741848939 on cpu 21 ***
*** SIGTERM received at time=1741848939 on cpu 55 ***
*** SIGTERM received at time=1741848939 on cpu 13 ***
*** SIGTERM received at time=1741848939 on cpu 6 ***
*** SIGTERM received at time=1741848939 on cpu 32 ***
*** SIGTERM received at time=1741848939 on cpu 1 ***
