slurmstepd: info: Setting TMPDIR to /scratch/10933979. Previous errors about TMPDIR can be discarded
Slurm job started at 11/03/2025_12:32:15 AM

In transit.
Initing Ray (1 head node + 2 worker nodes + 4 simulation nodes) on nodes: 
	ilk-95 ilk-135 ilk-138 ilk-144 ilk-180 ilk-211 ilk-237
Head node: 172.30.202.47:6379


RAY_DEPLOY_TIME:     23.67512
2025-03-11 00:32:42,409	INFO packaging.py:520 -- Creating a file package for local directory '/mnt/lustre/scratch/nlsas/home/ulc/cursos/curso341/dask_on_reisa_tests/E5/DASK_ON_REISA/derivative/P128-SN4-LS1-GS134-I10-AN2-D2025-03-10_22-49-33'.
2025-03-11 00:32:42,436	INFO packaging.py:347 -- Pushing file package 'gcs://_ray_pkg_f494aeb895d9974e.zip' (0.48MiB) to Ray cluster...
2025-03-11 00:32:42,442	INFO packaging.py:360 -- Successfully pushed file package 'gcs://_ray_pkg_f494aeb895d9974e.zip'.
RAY_INIT_TIME:       5.69643
Iter [0]
Iter [1]
Iter [2]
Iter [3]
Iter [4]
Iter [5]
Iter [6]
[2m[36m(iter_task pid=3434750, ip=10.120.203.39)[0m /home/ulc/cursos/curso341/.local/lib/python3.9/site-packages/dask/config.py:693: UserWarning: Configuration key "shuffle" has been deprecated. Please use "dataframe.shuffle.algorithm" instead
[2m[36m(iter_task pid=3434750, ip=10.120.203.39)[0m   warnings.warn(
[2m[36m(iter_task pid=3434751, ip=10.120.203.39)[0m /home/ulc/cursos/curso341/.local/lib/python3.9/site-packages/dask/config.py:693: UserWarning: Configuration key "shuffle" has been deprecated. Please use "dataframe.shuffle.algorithm" instead
[2m[36m(iter_task pid=3434751, ip=10.120.203.39)[0m   warnings.warn(
Iter [7]
Iter [8]
[2m[36m(iter_task pid=3936301, ip=10.120.203.42)[0m /home/ulc/cursos/curso341/.local/lib/python3.9/site-packages/dask/config.py:693: UserWarning: Configuration key "shuffle" has been deprecated. Please use "dataframe.shuffle.algorithm" instead
[2m[36m(iter_task pid=3936301, ip=10.120.203.42)[0m   warnings.warn(
[2m[36m(iter_task pid=3936300, ip=10.120.203.42)[0m /home/ulc/cursos/curso341/.local/lib/python3.9/site-packages/dask/config.py:693: UserWarning: Configuration key "shuffle" has been deprecated. Please use "dataframe.shuffle.algorithm" instead
[2m[36m(iter_task pid=3936300, ip=10.120.203.42)[0m   warnings.warn(
Iter [9]
GLOBAL_PUT_TIME:     0.029535531997680664 (avg:0.00295)
ACTOR_CONCURRENCY:   8
SIMULATION_TIME:     6.720253739000000 (avg: 0.672025373900000)
SIM_WTHOUT_PDI:      1.264815948000003 (avg: 0.126481594800000)
PDI_DELAY:           5.455437790999998 (avg: 0.545543779100000)

GLOBAL_SIZE_(GiB):   131072
LOCAL_SIZE_(MiB):    1
ITERATIONS:          10

MPI_PER_NODE:        32
MPI_PARALLELISM:     128

WORKER_NODES:        2
CPUS_PER_WORKER:     64
WORKER_PARALLELISM:  128


SLURM_JOB_ID:        10933979
[2m[36m(iter_task pid=3936301, ip=10.120.203.42)[0m /home/ulc/cursos/curso341/.local/lib/python3.9/site-packages/dask/config.py:693: UserWarning: Configuration key "shuffle" has been deprecated. Please use "dataframe.shuffle.algorithm" instead
[2m[36m(iter_task pid=3936301, ip=10.120.203.42)[0m   warnings.warn(
[2m[36m(iter_task pid=3936300, ip=10.120.203.42)[0m /home/ulc/cursos/curso341/.local/lib/python3.9/site-packages/dask/config.py:693: UserWarning: Configuration key "shuffle" has been deprecated. Please use "dataframe.shuffle.algorithm" instead
[2m[36m(iter_task pid=3936300, ip=10.120.203.42)[0m   warnings.warn(
EST_ANALYTICS_TIME:  33.61572 (avg:3.36157)

Slurm job finished at 11/03/2025_12:33:21 AM

*****************************************************************************
*                                                                           *
*                    JOB EFFICIENCY REPORT (seff 10933979)                   *
*                                                                           *
*****************************************************************************

Job ID: 10933979
Cluster: finisterrae3
User/Group: curso341/ulc
State: COMPLETED (exit code 0)
Nodes: 7
Cores per node: 64
CPU Utilized: 00:15:08
CPU Efficiency: 2.98% of 08:27:44 core-walltime
Job Wall-clock time: 00:01:08
Memory Utilized: 508.87 MB
Memory Efficiency: 0.03% of 1.48 TB

 +++++++++++++++++++++++++++++++++++++++++++++++++++++++++++++++++++++++++++
 ++   Memory Efficiency is too small. Please review the requested memory. ++
 ++ It seems that you do not need that much memory so we recommend        ++
 ++ requesting less memory in other similar jobs.                         ++
 +++++++++++++++++++++++++++++++++++++++++++++++++++++++++++++++++++++++++++
 
*****************************************************************************


*****************************************************************************
*                                                                           *
*                    JOB EFFICIENCY REPORT (seff 10933979)                   *
*                                                                           *
*****************************************************************************

Job ID: 10933979
Cluster: finisterrae3
User/Group: curso341/ulc
State: COMPLETED (exit code 0)
Nodes: 7
Cores per node: 64
CPU Utilized: 00:15:08
CPU Efficiency: 2.98% of 08:27:44 core-walltime
Job Wall-clock time: 00:01:08
Memory Utilized: 508.87 MB
Memory Efficiency: 0.03% of 1.48 TB

 +++++++++++++++++++++++++++++++++++++++++++++++++++++++++++++++++++++++++++
 ++   Memory Efficiency is too small. Please review the requested memory. ++
 ++ It seems that you do not need that much memory so we recommend        ++
 ++ requesting less memory in other similar jobs.                         ++
 +++++++++++++++++++++++++++++++++++++++++++++++++++++++++++++++++++++++++++
 
*****************************************************************************


*****************************************************************************
*                                                                           *
*                    JOB EFFICIENCY REPORT (seff 10933979)                   *
*                                                                           *
*****************************************************************************

Job ID: 10933979
Cluster: finisterrae3
User/Group: curso341/ulc
State: COMPLETED (exit code 0)
Nodes: 7
Cores per node: 64
CPU Utilized: 00:15:08
CPU Efficiency: 2.98% of 08:27:44 core-walltime
Job Wall-clock time: 00:01:08
Memory Utilized: 508.87 MB
Memory Efficiency: 0.03% of 1.48 TB

 +++++++++++++++++++++++++++++++++++++++++++++++++++++++++++++++++++++++++++
 ++   Memory Efficiency is too small. Please review the requested memory. ++
 ++ It seems that you do not need that much memory so we recommend        ++
 ++ requesting less memory in other similar jobs.                         ++
 +++++++++++++++++++++++++++++++++++++++++++++++++++++++++++++++++++++++++++
 
*****************************************************************************


*****************************************************************************
*                                                                           *
*                    JOB EFFICIENCY REPORT (seff 10933979)                   *
*                                                                           *
*****************************************************************************

Job ID: 10933979
Cluster: finisterrae3
User/Group: curso341/ulc
State: COMPLETED (exit code 0)
Nodes: 7
Cores per node: 64
CPU Utilized: 00:15:08
CPU Efficiency: 2.98% of 08:27:44 core-walltime
Job Wall-clock time: 00:01:08
Memory Utilized: 508.87 MB
Memory Efficiency: 0.03% of 1.48 TB

 +++++++++++++++++++++++++++++++++++++++++++++++++++++++++++++++++++++++++++
 ++   Memory Efficiency is too small. Please review the requested memory. ++
 ++ It seems that you do not need that much memory so we recommend        ++
 ++ requesting less memory in other similar jobs.                         ++
 +++++++++++++++++++++++++++++++++++++++++++++++++++++++++++++++++++++++++++
 
*****************************************************************************


*****************************************************************************
*                                                                           *
*                    JOB EFFICIENCY REPORT (seff 10933979)                   *
*                                                                           *
*****************************************************************************

Job ID: 10933979
Cluster: finisterrae3
User/Group: curso341/ulc
State: COMPLETED (exit code 0)
Nodes: 7
Cores per node: 64
CPU Utilized: 00:49:14
CPU Efficiency: 9.70% of 08:27:44 core-walltime
Job Wall-clock time: 00:01:08
Memory Utilized: 7.00 GB
Memory Efficiency: 0.46% of 1.48 TB

 +++++++++++++++++++++++++++++++++++++++++++++++++++++++++++++++++++++++++++
 ++   Memory Efficiency is too small. Please review the requested memory. ++
 ++ It seems that you do not need that much memory so we recommend        ++
 ++ requesting less memory in other similar jobs.                         ++
 +++++++++++++++++++++++++++++++++++++++++++++++++++++++++++++++++++++++++++
 
*****************************************************************************


*****************************************************************************
*                                                                           *
*                    JOB EFFICIENCY REPORT (seff 10933979)                   *
*                                                                           *
*****************************************************************************

Job ID: 10933979
Cluster: finisterrae3
User/Group: curso341/ulc
State: COMPLETED (exit code 0)
Nodes: 7
Cores per node: 64
CPU Utilized: 00:49:14
CPU Efficiency: 9.70% of 08:27:44 core-walltime
Job Wall-clock time: 00:01:08
Memory Utilized: 7.00 GB
Memory Efficiency: 0.46% of 1.48 TB

 +++++++++++++++++++++++++++++++++++++++++++++++++++++++++++++++++++++++++++
 ++   Memory Efficiency is too small. Please review the requested memory. ++
 ++ It seems that you do not need that much memory so we recommend        ++
 ++ requesting less memory in other similar jobs.                         ++
 +++++++++++++++++++++++++++++++++++++++++++++++++++++++++++++++++++++++++++
 
*****************************************************************************


*****************************************************************************
*                                                                           *
*                    JOB EFFICIENCY REPORT (seff 10933979)                   *
*                                                                           *
*****************************************************************************

Job ID: 10933979
Cluster: finisterrae3
User/Group: curso341/ulc
State: COMPLETED (exit code 0)
Nodes: 7
Cores per node: 64
CPU Utilized: 00:52:21
CPU Efficiency: 10.31% of 08:27:44 core-walltime
Job Wall-clock time: 00:01:08
Memory Utilized: 7.00 GB
Memory Efficiency: 0.46% of 1.48 TB

 +++++++++++++++++++++++++++++++++++++++++++++++++++++++++++++++++++++++++++
 ++   Memory Efficiency is too small. Please review the requested memory. ++
 ++ It seems that you do not need that much memory so we recommend        ++
 ++ requesting less memory in other similar jobs.                         ++
 +++++++++++++++++++++++++++++++++++++++++++++++++++++++++++++++++++++++++++
 
*****************************************************************************

